
*** Running vivado
    with args -log design_1_processing_system7_0_1.vds -m64 -product Vivado -mode batch -messageDb vivado.pb -notrace -source design_1_processing_system7_0_1.tcl


****** Vivado v2016.3 (64-bit)
  **** SW Build 1682563 on Mon Oct 10 19:07:27 MDT 2016
  **** IP Build 1681267 on Mon Oct 10 21:28:31 MDT 2016
    ** Copyright 1986-2016 Xilinx, Inc. All Rights Reserved.

source design_1_processing_system7_0_1.tcl -notrace
Starting RTL Elaboration : Time (s): cpu = 00:00:15 ; elapsed = 00:00:20 . Memory (MB): peak = 349.316 ; gain = 139.465
INFO: [Synth 8-638] synthesizing module 'design_1_processing_system7_0_1' [a:/COMP_ARCH/PYNQ_Projects/Vivado_prj/skipprefetch_Dynamic_N/skipprefetch_Dynamic_N.srcs/sources_1/bd/design_1/ip/design_1_processing_system7_0_1_1/synth/design_1_processing_system7_0_1.v:60]
INFO: [Synth 8-638] synthesizing module 'processing_system7_v5_5_processing_system7' [a:/COMP_ARCH/PYNQ_Projects/Vivado_prj/skipprefetch_Dynamic_N/skipprefetch_Dynamic_N.srcs/sources_1/bd/design_1/ip/design_1_processing_system7_0_1_1/hdl/verilog/processing_system7_v5_5_processing_system7.v:161]
INFO: [Synth 8-638] synthesizing module 'BUFG' [C:/Xilinx/Vivado/2016.3/scripts/rt/data/unisim_comp.v:607]
INFO: [Synth 8-256] done synthesizing module 'BUFG' (1#1) [C:/Xilinx/Vivado/2016.3/scripts/rt/data/unisim_comp.v:607]
INFO: [Synth 8-638] synthesizing module 'BIBUF' [C:/Xilinx/Vivado/2016.3/scripts/rt/data/unisim_comp.v:268]
INFO: [Synth 8-256] done synthesizing module 'BIBUF' (2#1) [C:/Xilinx/Vivado/2016.3/scripts/rt/data/unisim_comp.v:268]
INFO: [Synth 8-638] synthesizing module 'PS7' [C:/Xilinx/Vivado/2016.3/scripts/rt/data/unisim_comp.v:33182]
INFO: [Synth 8-256] done synthesizing module 'PS7' (3#1) [C:/Xilinx/Vivado/2016.3/scripts/rt/data/unisim_comp.v:33182]
INFO: [Synth 8-256] done synthesizing module 'processing_system7_v5_5_processing_system7' (4#1) [a:/COMP_ARCH/PYNQ_Projects/Vivado_prj/skipprefetch_Dynamic_N/skipprefetch_Dynamic_N.srcs/sources_1/bd/design_1/ip/design_1_processing_system7_0_1_1/hdl/verilog/processing_system7_v5_5_processing_system7.v:161]
INFO: [Synth 8-256] done synthesizing module 'design_1_processing_system7_0_1' (5#1) [a:/COMP_ARCH/PYNQ_Projects/Vivado_prj/skipprefetch_Dynamic_N/skipprefetch_Dynamic_N.srcs/sources_1/bd/design_1/ip/design_1_processing_system7_0_1_1/synth/design_1_processing_system7_0_1.v:60]
Finished RTL Elaboration : Time (s): cpu = 00:00:17 ; elapsed = 00:00:22 . Memory (MB): peak = 387.551 ; gain = 177.699
Finished RTL Optimization Phase 1 : Time (s): cpu = 00:00:17 ; elapsed = 00:00:22 . Memory (MB): peak = 387.551 ; gain = 177.699
INFO: [Device 21-403] Loading part xc7z020clg400-1
Constraint Validation Runtime : Time (s): cpu = 00:00:00 ; elapsed = 00:00:00.273 . Memory (MB): peak = 629.098 ; gain = 0.000
Finished Constraint Validation : Time (s): cpu = 00:00:33 ; elapsed = 00:00:41 . Memory (MB): peak = 629.098 ; gain = 419.246
Finished Loading Part and Timing Information : Time (s): cpu = 00:00:33 ; elapsed = 00:00:41 . Memory (MB): peak = 629.098 ; gain = 419.246
Finished applying 'set_property' XDC Constraints : Time (s): cpu = 00:00:34 ; elapsed = 00:00:42 . Memory (MB): peak = 629.098 ; gain = 419.246
Finished RTL Optimization Phase 2 : Time (s): cpu = 00:00:35 ; elapsed = 00:00:43 . Memory (MB): peak = 629.098 ; gain = 419.246
Finished Cross Boundary and Area Optimization : Time (s): cpu = 00:00:36 ; elapsed = 00:00:43 . Memory (MB): peak = 629.098 ; gain = 419.246
Finished Applying XDC Timing Constraints : Time (s): cpu = 00:00:54 ; elapsed = 00:01:02 . Memory (MB): peak = 830.441 ; gain = 620.590
Finished Timing Optimization : Time (s): cpu = 00:00:54 ; elapsed = 00:01:02 . Memory (MB): peak = 846.500 ; gain = 636.648
Finished Technology Mapping : Time (s): cpu = 00:00:56 ; elapsed = 00:01:04 . Memory (MB): peak = 851.891 ; gain = 642.039
Finished IO Insertion : Time (s): cpu = 00:00:59 ; elapsed = 00:01:07 . Memory (MB): peak = 851.891 ; gain = 642.039
Finished Renaming Generated Instances : Time (s): cpu = 00:00:59 ; elapsed = 00:01:07 . Memory (MB): peak = 851.891 ; gain = 642.039
Finished Rebuilding User Hierarchy : Time (s): cpu = 00:00:59 ; elapsed = 00:01:07 . Memory (MB): peak = 851.891 ; gain = 642.039
Finished Renaming Generated Ports : Time (s): cpu = 00:00:59 ; elapsed = 00:01:07 . Memory (MB): peak = 851.891 ; gain = 642.039
Finished Handling Custom Attributes : Time (s): cpu = 00:00:59 ; elapsed = 00:01:07 . Memory (MB): peak = 851.891 ; gain = 642.039
Finished Renaming Generated Nets : Time (s): cpu = 00:00:59 ; elapsed = 00:01:07 . Memory (MB): peak = 851.891 ; gain = 642.039

Report Cell Usage: 
+------+------+------+
|      |Cell  |Count |
+------+------+------+
|1     |BIBUF |   130|
|2     |BUFG  |     1|
|3     |LUT1  |   112|
|4     |PS7   |     1|
+------+------+------+
Finished Writing Synthesis Report : Time (s): cpu = 00:00:59 ; elapsed = 00:01:07 . Memory (MB): peak = 851.891 ; gain = 642.039
synth_design: Time (s): cpu = 00:00:55 ; elapsed = 00:00:59 . Memory (MB): peak = 874.172 ; gain = 604.309
