
*** Running vivado
    with args -log design_1_processing_system7_0_1.vds -m64 -product Vivado -mode batch -messageDb vivado.pb -notrace -source design_1_processing_system7_0_1.tcl


****** Vivado v2016.3 (64-bit)
  **** SW Build 1682563 on Mon Oct 10 19:07:27 MDT 2016
  **** IP Build 1681267 on Mon Oct 10 21:28:31 MDT 2016
    ** Copyright 1986-2016 Xilinx, Inc. All Rights Reserved.

source design_1_processing_system7_0_1.tcl -notrace
Starting RTL Elaboration : Time (s): cpu = 00:00:15 ; elapsed = 00:00:19 . Memory (MB): peak = 348.699 ; gain = 138.734
INFO: [Synth 8-638] synthesizing module 'design_1_processing_system7_0_1' [a:/COMP_ARCH/PYNQ_Projects/Vivado_prj/simple_ACP_agrs64k_stp16/simple_ACP_agrs64k_stp16.srcs/sources_1/bd/design_1/ip/design_1_processing_system7_0_1/synth/design_1_processing_system7_0_1.v:60]
INFO: [Synth 8-638] synthesizing module 'processing_system7_v5_5_processing_system7' [a:/COMP_ARCH/PYNQ_Projects/Vivado_prj/simple_ACP_agrs64k_stp16/simple_ACP_agrs64k_stp16.srcs/sources_1/bd/design_1/ip/design_1_processing_system7_0_1/hdl/verilog/processing_system7_v5_5_processing_system7.v:161]
INFO: [Synth 8-638] synthesizing module 'BUFG' [C:/Xilinx/Vivado/2016.3/scripts/rt/data/unisim_comp.v:607]
INFO: [Synth 8-256] done synthesizing module 'BUFG' (1#1) [C:/Xilinx/Vivado/2016.3/scripts/rt/data/unisim_comp.v:607]
INFO: [Synth 8-638] synthesizing module 'BIBUF' [C:/Xilinx/Vivado/2016.3/scripts/rt/data/unisim_comp.v:268]
INFO: [Synth 8-256] done synthesizing module 'BIBUF' (2#1) [C:/Xilinx/Vivado/2016.3/scripts/rt/data/unisim_comp.v:268]
INFO: [Synth 8-638] synthesizing module 'PS7' [C:/Xilinx/Vivado/2016.3/scripts/rt/data/unisim_comp.v:33182]
INFO: [Synth 8-256] done synthesizing module 'PS7' (3#1) [C:/Xilinx/Vivado/2016.3/scripts/rt/data/unisim_comp.v:33182]
INFO: [Synth 8-256] done synthesizing module 'processing_system7_v5_5_processing_system7' (4#1) [a:/COMP_ARCH/PYNQ_Projects/Vivado_prj/simple_ACP_agrs64k_stp16/simple_ACP_agrs64k_stp16.srcs/sources_1/bd/design_1/ip/design_1_processing_system7_0_1/hdl/verilog/processing_system7_v5_5_processing_system7.v:161]
INFO: [Synth 8-256] done synthesizing module 'design_1_processing_system7_0_1' (5#1) [a:/COMP_ARCH/PYNQ_Projects/Vivado_prj/simple_ACP_agrs64k_stp16/simple_ACP_agrs64k_stp16.srcs/sources_1/bd/design_1/ip/design_1_processing_system7_0_1/synth/design_1_processing_system7_0_1.v:60]
Finished RTL Elaboration : Time (s): cpu = 00:00:17 ; elapsed = 00:00:21 . Memory (MB): peak = 386.891 ; gain = 176.926
Finished RTL Optimization Phase 1 : Time (s): cpu = 00:00:17 ; elapsed = 00:00:21 . Memory (MB): peak = 386.891 ; gain = 176.926
INFO: [Device 21-403] Loading part xc7z020clg400-1
Constraint Validation Runtime : Time (s): cpu = 00:00:00 ; elapsed = 00:00:00.092 . Memory (MB): peak = 628.195 ; gain = 0.000
Finished Constraint Validation : Time (s): cpu = 00:00:35 ; elapsed = 00:00:41 . Memory (MB): peak = 628.195 ; gain = 418.230
Finished Loading Part and Timing Information : Time (s): cpu = 00:00:35 ; elapsed = 00:00:41 . Memory (MB): peak = 628.195 ; gain = 418.230
Finished applying 'set_property' XDC Constraints : Time (s): cpu = 00:00:36 ; elapsed = 00:00:42 . Memory (MB): peak = 628.195 ; gain = 418.230
Finished RTL Optimization Phase 2 : Time (s): cpu = 00:00:37 ; elapsed = 00:00:43 . Memory (MB): peak = 628.195 ; gain = 418.230
Finished Cross Boundary and Area Optimization : Time (s): cpu = 00:00:37 ; elapsed = 00:00:44 . Memory (MB): peak = 628.195 ; gain = 418.230
Finished Applying XDC Timing Constraints : Time (s): cpu = 00:00:57 ; elapsed = 00:01:05 . Memory (MB): peak = 828.527 ; gain = 618.563
Finished Timing Optimization : Time (s): cpu = 00:00:57 ; elapsed = 00:01:05 . Memory (MB): peak = 845.563 ; gain = 635.598
Finished Technology Mapping : Time (s): cpu = 00:00:59 ; elapsed = 00:01:07 . Memory (MB): peak = 850.199 ; gain = 640.234
Finished IO Insertion : Time (s): cpu = 00:01:01 ; elapsed = 00:01:09 . Memory (MB): peak = 850.199 ; gain = 640.234
Finished Renaming Generated Instances : Time (s): cpu = 00:01:01 ; elapsed = 00:01:09 . Memory (MB): peak = 850.199 ; gain = 640.234
Finished Rebuilding User Hierarchy : Time (s): cpu = 00:01:01 ; elapsed = 00:01:10 . Memory (MB): peak = 850.199 ; gain = 640.234
Finished Renaming Generated Ports : Time (s): cpu = 00:01:01 ; elapsed = 00:01:10 . Memory (MB): peak = 850.199 ; gain = 640.234
Finished Handling Custom Attributes : Time (s): cpu = 00:01:01 ; elapsed = 00:01:10 . Memory (MB): peak = 850.199 ; gain = 640.234
Finished Renaming Generated Nets : Time (s): cpu = 00:01:01 ; elapsed = 00:01:10 . Memory (MB): peak = 850.199 ; gain = 640.234

Report Cell Usage: 
+------+------+------+
|      |Cell  |Count |
+------+------+------+
|1     |BIBUF |   130|
|2     |BUFG  |     1|
|3     |LUT1  |   112|
|4     |PS7   |     1|
+------+------+------+
Finished Writing Synthesis Report : Time (s): cpu = 00:01:01 ; elapsed = 00:01:10 . Memory (MB): peak = 850.199 ; gain = 640.234
synth_design: Time (s): cpu = 00:00:59 ; elapsed = 00:01:04 . Memory (MB): peak = 873.340 ; gain = 604.438
