16:21:00 INFO  : Registering command handlers for SDK TCF services
16:21:01 INFO  : Launching XSCT server: xsct.bat -interactive A:\COMP_ARCH\PYNQ_Projects\Vivado_prj\skipList_prefetch_N_elem\skipList_prefetch_N_elem.sdk\temp_xsdb_launch_script.tcl
16:21:05 INFO  : XSCT server has started successfully.
16:21:05 INFO  : Successfully done setting XSCT server connection channel  
16:21:05 INFO  : Processing command line option -hwspec A:/COMP_ARCH/PYNQ_Projects/Vivado_prj/skipList_prefetch_N_elem/skipList_prefetch_N_elem.sdk/design_1_wrapper.hdf.
16:21:06 INFO  : Successfully done setting SDK workspace  
16:22:33 INFO  : Inferring section assignments and sizes from elf file: A:\COMP_ARCH\PYNQ_Projects\Vivado_prj\skipList_prefetch_N_elem\skipList_prefetch_N_elem.sdk\skiplist_prefetch\Debug\skiplist_prefetch.elf
16:22:43 INFO  : Successfully generated A:\COMP_ARCH\PYNQ_Projects\Vivado_prj\skipList_prefetch_N_elem\skipList_prefetch_N_elem.sdk\skiplist_prefetch\src\lscript.ld.
16:22:43 INFO  : Applying linker script to all configurations of project skiplist_prefetch.
16:22:43 INFO  : Setting rebuild state to true for all configurations of project skiplist_prefetch.
16:22:57 INFO  : Connected to target on host '127.0.0.1' and port '3121'.
16:22:58 INFO  : 'targets -set -filter {jtag_cable_name =~ "Xilinx PYNQ-Z1 003017A6E019A" && level==0} -index 1' command is executed.
16:23:01 INFO  : FPGA configured successfully with bitstream "A:/COMP_ARCH/PYNQ_Projects/Vivado_prj/skipList_prefetch_N_elem/skipList_prefetch_N_elem.sdk/design_1_wrapper_hw_platform_0/design_1_wrapper.bit"
16:24:07 INFO  : ps7_init is completed.
16:24:07 INFO  : ps7_post_config is completed.
16:24:07 INFO  : Processor reset is completed for ps7_cortexa9_0
16:24:19 INFO  : Processor reset is completed for ps7_cortexa9_0
16:24:33 INFO  : Processor reset is completed for ps7_cortexa9_0
16:24:38 INFO  : Processor reset is completed for ps7_cortexa9_0
16:25:02 INFO  : Processor reset is completed for ps7_cortexa9_0
16:25:08 INFO  : Processor reset is completed for ps7_cortexa9_0
16:25:23 INFO  : Connected to target on host '127.0.0.1' and port '3121'.
16:25:34 INFO  : Connected to target on host '127.0.0.1' and port '3121'.
16:25:34 INFO  : 'targets -set -filter {jtag_cable_name =~ "Xilinx PYNQ-Z1 003017A6E019A" && level==0} -index 1' command is executed.
16:25:36 INFO  : FPGA configured successfully with bitstream "A:/COMP_ARCH/PYNQ_Projects/Vivado_prj/skipList_prefetch_N_elem/skipList_prefetch_N_elem.sdk/design_1_wrapper_hw_platform_0/design_1_wrapper.bit"
16:25:44 INFO  : ps7_init is completed.
16:25:44 INFO  : ps7_post_config is completed.
16:25:45 INFO  : Processor reset is completed for ps7_cortexa9_0
16:26:10 INFO  : Processor reset is completed for ps7_cortexa9_0
16:26:23 INFO  : Processor reset is completed for ps7_cortexa9_0
16:26:32 INFO  : Processor reset is completed for ps7_cortexa9_0
16:26:41 INFO  : Processor reset is completed for ps7_cortexa9_0
16:26:51 INFO  : Processor reset is completed for ps7_cortexa9_0
16:27:04 INFO  : Processor reset is completed for ps7_cortexa9_0
16:27:11 INFO  : Processor reset is completed for ps7_cortexa9_0
16:27:20 INFO  : Processor reset is completed for ps7_cortexa9_0
16:28:23 ERROR : Unexpected error while parsing XMD response ?: com.google.gson.JsonSyntaxException: com.google.gson.stream.MalformedJsonException: invalid number or unquoted string near 
15:53:27 INFO  : Registering command handlers for SDK TCF services
15:53:28 INFO  : Launching XSCT server: xsct.bat -interactive A:\COMP_ARCH\PYNQ_Projects\Vivado_prj\skipList_prefetch_N_elem\prefetch_window_2000\10_skipList_prefetch_N_elem.sdk\temp_xsdb_launch_script.tcl
15:53:34 INFO  : XSCT server has started successfully.
15:53:41 INFO  : Successfully done setting XSCT server connection channel  
15:53:41 INFO  : Successfully done setting SDK workspace  
15:59:45 INFO  : Connected to target on host '127.0.0.1' and port '3121'.
15:59:47 INFO  : 'targets -set -filter {jtag_cable_name =~ "Xilinx PYNQ-Z1 003017A6E019A" && level==0} -index 1' command is executed.
15:59:49 INFO  : FPGA configured successfully with bitstream "A:/COMP_ARCH/PYNQ_Projects/Vivado_prj/skipList_prefetch_N_elem/prefetch_window_2000/10_skipList_prefetch_N_elem.sdk/design_1_wrapper_hw_platform_0/design_1_wrapper.bit"
15:59:59 INFO  : Inferring section assignments and sizes from elf file: A:\COMP_ARCH\PYNQ_Projects\Vivado_prj\skipList_prefetch_N_elem\prefetch_window_2000\10_skipList_prefetch_N_elem.sdk\skiplist_prefetch\Debug\skiplist_prefetch.elf
16:00:40 INFO  : ps7_init is completed.
16:00:40 INFO  : ps7_post_config is completed.
16:00:40 INFO  : Processor reset is completed for ps7_cortexa9_0
16:01:15 INFO  : Connected to target on host '127.0.0.1' and port '3121'.
16:01:15 INFO  : 'targets -set -filter {jtag_cable_name =~ "Xilinx PYNQ-Z1 003017A6E019A" && level==0} -index 1' command is executed.
16:01:18 INFO  : FPGA configured successfully with bitstream "A:/COMP_ARCH/PYNQ_Projects/Vivado_prj/skipList_prefetch_N_elem/prefetch_window_2000/10_skipList_prefetch_N_elem.sdk/design_1_wrapper_hw_platform_0/design_1_wrapper.bit"
16:01:22 INFO  : ps7_init is completed.
16:01:22 INFO  : ps7_post_config is completed.
16:01:22 INFO  : Processor reset is completed for ps7_cortexa9_0
16:02:01 INFO  : Processor reset is completed for ps7_cortexa9_0
16:02:19 INFO  : Inferring section assignments and sizes from elf file: A:\COMP_ARCH\PYNQ_Projects\Vivado_prj\skipList_prefetch_N_elem\prefetch_window_2000\10_skipList_prefetch_N_elem.sdk\skiplist_prefetch\Debug\skiplist_prefetch.elf
18:17:38 INFO  : Successfully generated A:\COMP_ARCH\PYNQ_Projects\Vivado_prj\skipList_prefetch_N_elem\prefetch_window_2000\10_skipList_prefetch_N_elem.sdk\skiplist_prefetch\src\lscript.ld.
18:17:38 INFO  : Applying linker script to all configurations of project skiplist_prefetch.
18:17:38 INFO  : Setting rebuild state to true for all configurations of project skiplist_prefetch.
18:39:12 INFO  : Connected to target on host '127.0.0.1' and port '3121'.
18:39:20 INFO  : Connected to target on host '127.0.0.1' and port '3121'.
18:39:43 INFO  : Connected to target on host '127.0.0.1' and port '3121'.
18:39:44 INFO  : 'targets -set -filter {jtag_cable_name =~ "Xilinx PYNQ-Z1 003017A6E019A" && level==0} -index 1' command is executed.
18:39:46 INFO  : FPGA configured successfully with bitstream "A:/COMP_ARCH/PYNQ_Projects/Vivado_prj/skipList_prefetch_N_elem/prefetch_window_2000/10_skipList_prefetch_N_elem.sdk/design_1_wrapper_hw_platform_0/design_1_wrapper.bit"
18:39:51 INFO  : ps7_init is completed.
18:39:51 INFO  : ps7_post_config is completed.
18:39:52 INFO  : Processor reset is completed for ps7_cortexa9_0
18:40:08 INFO  : Processor reset is completed for ps7_cortexa9_0
18:40:27 INFO  : Processor reset is completed for ps7_cortexa9_0
18:40:46 INFO  : Processor reset is completed for ps7_cortexa9_0
18:41:28 INFO  : Processor reset is completed for ps7_cortexa9_0
18:41:53 INFO  : Connected to target on host '127.0.0.1' and port '3121'.
18:41:54 INFO  : 'targets -set -filter {jtag_cable_name =~ "Xilinx PYNQ-Z1 003017A6E019A" && level==0} -index 1' command is executed.
18:41:56 INFO  : FPGA configured successfully with bitstream "A:/COMP_ARCH/PYNQ_Projects/Vivado_prj/skipList_prefetch_N_elem/prefetch_window_2000/10_skipList_prefetch_N_elem.sdk/design_1_wrapper_hw_platform_0/design_1_wrapper.bit"
18:42:56 INFO  : ps7_init is completed.
18:42:56 INFO  : ps7_post_config is completed.
18:42:56 INFO  : Processor reset is completed for ps7_cortexa9_0
18:49:29 INFO  : Connected to target on host '127.0.0.1' and port '3121'.
18:49:32 INFO  : 'targets -set -filter {jtag_cable_name =~ "Xilinx PYNQ-Z1 003017A6E019A" && level==0} -index 1' command is executed.
18:49:35 INFO  : FPGA configured successfully with bitstream "A:/COMP_ARCH/PYNQ_Projects/Vivado_prj/skipList_prefetch_N_elem/prefetch_window_2000/10_skipList_prefetch_N_elem.sdk/design_1_wrapper_hw_platform_0/design_1_wrapper.bit"
18:50:09 INFO  : ps7_init is completed.
18:50:09 INFO  : ps7_post_config is completed.
18:50:09 INFO  : Processor reset is completed for ps7_cortexa9_0
18:50:33 INFO  : Connected to target on host '127.0.0.1' and port '3121'.
18:50:33 INFO  : 'targets -set -filter {jtag_cable_name =~ "Xilinx PYNQ-Z1 003017A6E019A" && level==0} -index 1' command is executed.
18:50:36 INFO  : FPGA configured successfully with bitstream "A:/COMP_ARCH/PYNQ_Projects/Vivado_prj/skipList_prefetch_N_elem/prefetch_window_2000/10_skipList_prefetch_N_elem.sdk/design_1_wrapper_hw_platform_0/design_1_wrapper.bit"
18:50:41 INFO  : ps7_init is completed.
18:50:41 INFO  : ps7_post_config is completed.
18:50:41 INFO  : Processor reset is completed for ps7_cortexa9_0
18:59:50 INFO  : Connected to target on host '127.0.0.1' and port '3121'.
18:59:53 INFO  : 'targets -set -filter {jtag_cable_name =~ "Xilinx PYNQ-Z1 003017A6E019A" && level==0} -index 1' command is executed.
18:59:56 INFO  : FPGA configured successfully with bitstream "A:/COMP_ARCH/PYNQ_Projects/Vivado_prj/skipList_prefetch_N_elem/prefetch_window_2000/10_skipList_prefetch_N_elem.sdk/design_1_wrapper_hw_platform_0/design_1_wrapper.bit"
19:00:14 INFO  : ps7_init is completed.
19:00:14 INFO  : ps7_post_config is completed.
19:00:15 INFO  : Processor reset is completed for ps7_cortexa9_0
19:00:47 INFO  : Connected to target on host '127.0.0.1' and port '3121'.
19:00:51 INFO  : 'targets -set -filter {jtag_cable_name =~ "Xilinx PYNQ-Z1 003017A6E019A" && level==0} -index 1' command is executed.
19:00:54 INFO  : FPGA configured successfully with bitstream "A:/COMP_ARCH/PYNQ_Projects/Vivado_prj/skipList_prefetch_N_elem/prefetch_window_2000/10_skipList_prefetch_N_elem.sdk/design_1_wrapper_hw_platform_0/design_1_wrapper.bit"
19:00:58 INFO  : ps7_init is completed.
19:00:58 INFO  : ps7_post_config is completed.
19:00:58 INFO  : Processor reset is completed for ps7_cortexa9_0
19:02:46 INFO  : Processor reset is completed for ps7_cortexa9_0
19:03:17 INFO  : Processor reset is completed for ps7_cortexa9_0
19:03:48 INFO  : Processor reset is completed for ps7_cortexa9_0
19:04:14 INFO  : Processor reset is completed for ps7_cortexa9_0
19:04:58 INFO  : Processor reset is completed for ps7_cortexa9_0
19:05:22 INFO  : Processor reset is completed for ps7_cortexa9_0
19:05:40 INFO  : Processor reset is completed for ps7_cortexa9_0
19:06:32 INFO  : Processor reset is completed for ps7_cortexa9_0
19:06:53 INFO  : Processor reset is completed for ps7_cortexa9_0
19:07:04 INFO  : Processor reset is completed for ps7_cortexa9_0
19:08:27 ERROR : Unexpected error while parsing XMD response ?: com.google.gson.JsonSyntaxException: com.google.gson.stream.MalformedJsonException: invalid number or unquoted string near 
17:08:13 INFO  : Registering command handlers for SDK TCF services
17:08:14 INFO  : Launching XSCT server: xsct.bat -interactive A:\COMP_ARCH\PYNQ_Projects\Vivado_prj\skipList_prefetch_N_elem\prefetch_window_2000\10_skipList_prefetch_N_elem.sdk\temp_xsdb_launch_script.tcl
17:08:17 INFO  : XSCT server has started successfully.
17:08:18 INFO  : Successfully done setting XSCT server connection channel  
17:08:18 INFO  : Successfully done setting SDK workspace  
17:09:24 INFO  : Connected to target on host '127.0.0.1' and port '3121'.
17:09:25 INFO  : 'targets -set -filter {jtag_cable_name =~ "Xilinx PYNQ-Z1 003017A6E019A" && level==0} -index 1' command is executed.
17:09:28 INFO  : FPGA configured successfully with bitstream "A:/COMP_ARCH/PYNQ_Projects/Vivado_prj/skipList_prefetch_N_elem/prefetch_window_2000/10_skipList_prefetch_N_elem.sdk/design_1_wrapper_hw_platform_0/design_1_wrapper.bit"
17:10:13 INFO  : ps7_init is completed.
17:10:13 INFO  : ps7_post_config is completed.
17:10:14 INFO  : Processor reset is completed for ps7_cortexa9_0
17:10:22 INFO  : Processor reset is completed for ps7_cortexa9_0
17:10:33 INFO  : Processor reset is completed for ps7_cortexa9_0
17:10:58 INFO  : Processor reset is completed for ps7_cortexa9_0
17:11:08 INFO  : Processor reset is completed for ps7_cortexa9_0
17:11:59 INFO  : Processor reset is completed for ps7_cortexa9_0
17:12:20 INFO  : Processor reset is completed for ps7_cortexa9_0
17:13:33 ERROR : Unexpected error while parsing XMD response ?: com.google.gson.JsonSyntaxException: com.google.gson.stream.MalformedJsonException: invalid number or unquoted string near 
