
*** Running vivado
    with args -log design_1_link_list_0_1.vds -m64 -product Vivado -mode batch -messageDb vivado.pb -notrace -source design_1_link_list_0_1.tcl


****** Vivado v2016.3 (64-bit)
  **** SW Build 1682563 on Mon Oct 10 19:07:27 MDT 2016
  **** IP Build 1681267 on Mon Oct 10 21:28:31 MDT 2016
    ** Copyright 1986-2016 Xilinx, Inc. All Rights Reserved.

source design_1_link_list_0_1.tcl -notrace
Command: synth_design -top design_1_link_list_0_1 -part xc7z020clg400-1 -mode out_of_context
Starting synth_design
Attempting to get a license for feature 'Synthesis' and/or device 'xc7z020'
INFO: [Common 17-349] Got license for feature 'Synthesis' and/or device 'xc7z020'
INFO: Launching helper process for spawning children vivado processes
INFO: Helper process launched with PID 21448 
---------------------------------------------------------------------------------
Starting RTL Elaboration : Time (s): cpu = 00:00:21 ; elapsed = 00:00:28 . Memory (MB): peak = 336.609 ; gain = 126.859
---------------------------------------------------------------------------------
INFO: [Synth 8-638] synthesizing module 'design_1_link_list_0_1' [a:/COMP_ARCH/PYNQ_Projects/LL_trials/vivado_proj/simple_link_list/simple_link_list.srcs/sources_1/bd/design_1/ip/design_1_link_list_0_1/synth/design_1_link_list_0_1.v:58]
INFO: [Synth 8-638] synthesizing module 'link_list' [a:/COMP_ARCH/PYNQ_Projects/LL_trials/vivado_proj/simple_link_list/simple_link_list.srcs/sources_1/bd/design_1/ipshared/59a7/hdl/verilog/link_list.v:12]
	Parameter ap_ST_fsm_state1 bound to: 17'b00000000000000001 
	Parameter ap_ST_fsm_state2 bound to: 17'b00000000000000010 
	Parameter ap_ST_fsm_state3 bound to: 17'b00000000000000100 
	Parameter ap_ST_fsm_state4 bound to: 17'b00000000000001000 
	Parameter ap_ST_fsm_state5 bound to: 17'b00000000000010000 
	Parameter ap_ST_fsm_state6 bound to: 17'b00000000000100000 
	Parameter ap_ST_fsm_state7 bound to: 17'b00000000001000000 
	Parameter ap_ST_fsm_state8 bound to: 17'b00000000010000000 
	Parameter ap_ST_fsm_state9 bound to: 17'b00000000100000000 
	Parameter ap_ST_fsm_state10 bound to: 17'b00000001000000000 
	Parameter ap_ST_fsm_state11 bound to: 17'b00000010000000000 
	Parameter ap_ST_fsm_state12 bound to: 17'b00000100000000000 
	Parameter ap_ST_fsm_state13 bound to: 17'b00001000000000000 
	Parameter ap_ST_fsm_state14 bound to: 17'b00010000000000000 
	Parameter ap_ST_fsm_state15 bound to: 17'b00100000000000000 
	Parameter ap_ST_fsm_state16 bound to: 17'b01000000000000000 
	Parameter ap_ST_fsm_state17 bound to: 17'b10000000000000000 
	Parameter ap_const_lv32_0 bound to: 0 - type: integer 
	Parameter ap_const_lv32_2 bound to: 2 - type: integer 
	Parameter ap_const_lv32_9 bound to: 9 - type: integer 
	Parameter ap_const_lv32_A bound to: 10 - type: integer 
	Parameter ap_const_lv32_B bound to: 11 - type: integer 
	Parameter ap_const_lv32_10 bound to: 16 - type: integer 
	Parameter C_S_AXI_CFG_DATA_WIDTH bound to: 32 - type: integer 
	Parameter ap_const_int64_8 bound to: 8 - type: integer 
	Parameter C_S_AXI_CFG_ADDR_WIDTH bound to: 5 - type: integer 
	Parameter C_S_AXI_DATA_WIDTH bound to: 32 - type: integer 
	Parameter C_M_AXI_A_BUS_ID_WIDTH bound to: 1 - type: integer 
	Parameter C_M_AXI_A_BUS_ADDR_WIDTH bound to: 32 - type: integer 
	Parameter C_M_AXI_A_BUS_DATA_WIDTH bound to: 64 - type: integer 
	Parameter C_M_AXI_A_BUS_AWUSER_WIDTH bound to: 1 - type: integer 
	Parameter C_M_AXI_A_BUS_ARUSER_WIDTH bound to: 1 - type: integer 
	Parameter C_M_AXI_A_BUS_WUSER_WIDTH bound to: 1 - type: integer 
	Parameter C_M_AXI_A_BUS_RUSER_WIDTH bound to: 1 - type: integer 
	Parameter C_M_AXI_A_BUS_BUSER_WIDTH bound to: 1 - type: integer 
	Parameter C_M_AXI_DATA_WIDTH bound to: 32 - type: integer 
	Parameter C_M_AXI_A_BUS_USER_VALUE bound to: 0 - type: integer 
	Parameter C_M_AXI_A_BUS_PROT_VALUE bound to: 0 - type: integer 
	Parameter C_M_AXI_A_BUS_CACHE_VALUE bound to: 3 - type: integer 
	Parameter ap_const_lv32_1 bound to: 1 - type: integer 
	Parameter ap_const_lv3_0 bound to: 3'b000 
	Parameter ap_const_lv2_0 bound to: 2'b00 
	Parameter ap_const_lv4_0 bound to: 4'b0000 
	Parameter ap_const_lv8_F bound to: 8'b00001111 
	Parameter ap_const_lv32_3 bound to: 3 - type: integer 
	Parameter ap_const_lv32_1F bound to: 31 - type: integer 
	Parameter ap_const_lv32_20 bound to: 32 - type: integer 
	Parameter ap_const_lv32_3F bound to: 63 - type: integer 
	Parameter C_S_AXI_CFG_WSTRB_WIDTH bound to: 4 - type: integer 
	Parameter C_S_AXI_WSTRB_WIDTH bound to: 4 - type: integer 
	Parameter C_M_AXI_A_BUS_WSTRB_WIDTH bound to: 8 - type: integer 
	Parameter C_M_AXI_WSTRB_WIDTH bound to: 4 - type: integer 
INFO: [Synth 8-5534] Detected attribute (* fsm_encoding = "none" *) [a:/COMP_ARCH/PYNQ_Projects/LL_trials/vivado_proj/simple_link_list/simple_link_list.srcs/sources_1/bd/design_1/ipshared/59a7/hdl/verilog/link_list.v:204]
INFO: [Synth 8-638] synthesizing module 'link_list_CFG_s_axi' [a:/COMP_ARCH/PYNQ_Projects/LL_trials/vivado_proj/simple_link_list/simple_link_list.srcs/sources_1/bd/design_1/ipshared/59a7/hdl/verilog/link_list_CFG_s_axi.v:9]
	Parameter C_S_AXI_ADDR_WIDTH bound to: 5 - type: integer 
	Parameter C_S_AXI_DATA_WIDTH bound to: 32 - type: integer 
	Parameter ADDR_AP_CTRL bound to: 5'b00000 
	Parameter ADDR_GIE bound to: 5'b00100 
	Parameter ADDR_IER bound to: 5'b01000 
	Parameter ADDR_ISR bound to: 5'b01100 
	Parameter ADDR_A_DATA_0 bound to: 5'b10000 
	Parameter ADDR_A_CTRL bound to: 5'b10100 
	Parameter WRIDLE bound to: 2'b00 
	Parameter WRDATA bound to: 2'b01 
	Parameter WRRESP bound to: 2'b10 
	Parameter RDIDLE bound to: 2'b00 
	Parameter RDDATA bound to: 2'b01 
	Parameter ADDR_BITS bound to: 5 - type: integer 
INFO: [Synth 8-155] case statement is not full and has no default [a:/COMP_ARCH/PYNQ_Projects/LL_trials/vivado_proj/simple_link_list/simple_link_list.srcs/sources_1/bd/design_1/ipshared/59a7/hdl/verilog/link_list_CFG_s_axi.v:194]
INFO: [Synth 8-256] done synthesizing module 'link_list_CFG_s_axi' (1#1) [a:/COMP_ARCH/PYNQ_Projects/LL_trials/vivado_proj/simple_link_list/simple_link_list.srcs/sources_1/bd/design_1/ipshared/59a7/hdl/verilog/link_list_CFG_s_axi.v:9]
INFO: [Synth 8-638] synthesizing module 'link_list_A_BUS_m_axi' [a:/COMP_ARCH/PYNQ_Projects/LL_trials/vivado_proj/simple_link_list/simple_link_list.srcs/sources_1/bd/design_1/ipshared/59a7/hdl/verilog/link_list_A_BUS_m_axi.v:10]
	Parameter NUM_READ_OUTSTANDING bound to: 16 - type: integer 
	Parameter NUM_WRITE_OUTSTANDING bound to: 16 - type: integer 
	Parameter MAX_READ_BURST_LENGTH bound to: 16 - type: integer 
	Parameter MAX_WRITE_BURST_LENGTH bound to: 16 - type: integer 
	Parameter C_M_AXI_ID_WIDTH bound to: 1 - type: integer 
	Parameter C_M_AXI_ADDR_WIDTH bound to: 32 - type: integer 
	Parameter C_TARGET_ADDR bound to: 0 - type: integer 
	Parameter C_M_AXI_DATA_WIDTH bound to: 64 - type: integer 
	Parameter C_M_AXI_AWUSER_WIDTH bound to: 1 - type: integer 
	Parameter C_M_AXI_ARUSER_WIDTH bound to: 1 - type: integer 
	Parameter C_M_AXI_WUSER_WIDTH bound to: 1 - type: integer 
	Parameter C_M_AXI_RUSER_WIDTH bound to: 1 - type: integer 
	Parameter C_M_AXI_BUSER_WIDTH bound to: 1 - type: integer 
	Parameter C_USER_VALUE bound to: 0 - type: integer 
	Parameter C_PROT_VALUE bound to: 0 - type: integer 
	Parameter C_CACHE_VALUE bound to: 3 - type: integer 
	Parameter USER_DW bound to: 64 - type: integer 
	Parameter USER_AW bound to: 32 - type: integer 
	Parameter USER_MAXREQS bound to: 5 - type: integer 
INFO: [Synth 8-638] synthesizing module 'link_list_A_BUS_m_axi_throttl' [a:/COMP_ARCH/PYNQ_Projects/LL_trials/vivado_proj/simple_link_list/simple_link_list.srcs/sources_1/bd/design_1/ipshared/59a7/hdl/verilog/link_list_A_BUS_m_axi.v:687]
	Parameter USED_FIX bound to: 0 - type: integer 
	Parameter FIX_VALUE bound to: 4 - type: integer 
	Parameter threshold bound to: 0 - type: integer 
INFO: [Synth 8-256] done synthesizing module 'link_list_A_BUS_m_axi_throttl' (2#1) [a:/COMP_ARCH/PYNQ_Projects/LL_trials/vivado_proj/simple_link_list/simple_link_list.srcs/sources_1/bd/design_1/ipshared/59a7/hdl/verilog/link_list_A_BUS_m_axi.v:687]
INFO: [Synth 8-638] synthesizing module 'link_list_A_BUS_m_axi_write' [a:/COMP_ARCH/PYNQ_Projects/LL_trials/vivado_proj/simple_link_list/simple_link_list.srcs/sources_1/bd/design_1/ipshared/59a7/hdl/verilog/link_list_A_BUS_m_axi.v:1491]
	Parameter NUM_WRITE_OUTSTANDING bound to: 16 - type: integer 
	Parameter MAX_WRITE_BURST_LENGTH bound to: 16 - type: integer 
	Parameter C_M_AXI_ID_WIDTH bound to: 1 - type: integer 
	Parameter C_M_AXI_ADDR_WIDTH bound to: 32 - type: integer 
	Parameter C_TARGET_ADDR bound to: 0 - type: integer 
	Parameter C_M_AXI_DATA_WIDTH bound to: 64 - type: integer 
	Parameter C_M_AXI_AWUSER_WIDTH bound to: 1 - type: integer 
	Parameter C_M_AXI_WUSER_WIDTH bound to: 1 - type: integer 
	Parameter C_M_AXI_BUSER_WIDTH bound to: 1 - type: integer 
	Parameter C_USER_VALUE bound to: 0 - type: integer 
	Parameter C_PROT_VALUE bound to: 0 - type: integer 
	Parameter C_CACHE_VALUE bound to: 3 - type: integer 
	Parameter USER_DW bound to: 64 - type: integer 
	Parameter USER_AW bound to: 32 - type: integer 
	Parameter USER_MAXREQS bound to: 5 - type: integer 
	Parameter USER_DATA_WIDTH bound to: 64 - type: integer 
	Parameter USER_DATA_BYTES bound to: 8 - type: integer 
	Parameter USER_ADDR_ALIGN bound to: 3 - type: integer 
	Parameter BUS_DATA_WIDTH bound to: 64 - type: integer 
	Parameter BUS_DATA_BYTES bound to: 8 - type: integer 
	Parameter BUS_ADDR_ALIGN bound to: 3 - type: integer 
	Parameter NUM_WRITE_WIDTH bound to: 4 - type: integer 
	Parameter TARGET_ADDR bound to: 0 - type: integer 
	Parameter BOUNDARY_BEATS bound to: 9'b111111111 
INFO: [Synth 8-638] synthesizing module 'link_list_A_BUS_m_axi_fifo' [a:/COMP_ARCH/PYNQ_Projects/LL_trials/vivado_proj/simple_link_list/simple_link_list.srcs/sources_1/bd/design_1/ipshared/59a7/hdl/verilog/link_list_A_BUS_m_axi.v:397]
	Parameter DATA_BITS bound to: 8 - type: integer 
	Parameter DEPTH bound to: 5 - type: integer 
	Parameter DEPTH_BITS bound to: 3 - type: integer 
INFO: [Synth 8-256] done synthesizing module 'link_list_A_BUS_m_axi_fifo' (3#1) [a:/COMP_ARCH/PYNQ_Projects/LL_trials/vivado_proj/simple_link_list/simple_link_list.srcs/sources_1/bd/design_1/ipshared/59a7/hdl/verilog/link_list_A_BUS_m_axi.v:397]
INFO: [Synth 8-638] synthesizing module 'link_list_A_BUS_m_axi_fifo__parameterized0' [a:/COMP_ARCH/PYNQ_Projects/LL_trials/vivado_proj/simple_link_list/simple_link_list.srcs/sources_1/bd/design_1/ipshared/59a7/hdl/verilog/link_list_A_BUS_m_axi.v:397]
	Parameter DATA_BITS bound to: 64 - type: integer 
	Parameter DEPTH bound to: 5 - type: integer 
	Parameter DEPTH_BITS bound to: 3 - type: integer 
INFO: [Synth 8-256] done synthesizing module 'link_list_A_BUS_m_axi_fifo__parameterized0' (3#1) [a:/COMP_ARCH/PYNQ_Projects/LL_trials/vivado_proj/simple_link_list/simple_link_list.srcs/sources_1/bd/design_1/ipshared/59a7/hdl/verilog/link_list_A_BUS_m_axi.v:397]
INFO: [Synth 8-638] synthesizing module 'link_list_A_BUS_m_axi_buffer' [a:/COMP_ARCH/PYNQ_Projects/LL_trials/vivado_proj/simple_link_list/simple_link_list.srcs/sources_1/bd/design_1/ipshared/59a7/hdl/verilog/link_list_A_BUS_m_axi.v:506]
	Parameter MEM_STYLE bound to: block - type: string 
	Parameter DATA_WIDTH bound to: 72 - type: integer 
	Parameter ADDR_WIDTH bound to: 8 - type: integer 
	Parameter DEPTH bound to: 256 - type: integer 
INFO: [Synth 8-256] done synthesizing module 'link_list_A_BUS_m_axi_buffer' (4#1) [a:/COMP_ARCH/PYNQ_Projects/LL_trials/vivado_proj/simple_link_list/simple_link_list.srcs/sources_1/bd/design_1/ipshared/59a7/hdl/verilog/link_list_A_BUS_m_axi.v:506]
INFO: [Synth 8-638] synthesizing module 'link_list_A_BUS_m_axi_fifo__parameterized1' [a:/COMP_ARCH/PYNQ_Projects/LL_trials/vivado_proj/simple_link_list/simple_link_list.srcs/sources_1/bd/design_1/ipshared/59a7/hdl/verilog/link_list_A_BUS_m_axi.v:397]
	Parameter DATA_BITS bound to: 2 - type: integer 
	Parameter DEPTH bound to: 15 - type: integer 
	Parameter DEPTH_BITS bound to: 4 - type: integer 
INFO: [Synth 8-256] done synthesizing module 'link_list_A_BUS_m_axi_fifo__parameterized1' (4#1) [a:/COMP_ARCH/PYNQ_Projects/LL_trials/vivado_proj/simple_link_list/simple_link_list.srcs/sources_1/bd/design_1/ipshared/59a7/hdl/verilog/link_list_A_BUS_m_axi.v:397]
INFO: [Synth 8-638] synthesizing module 'link_list_A_BUS_m_axi_fifo__parameterized2' [a:/COMP_ARCH/PYNQ_Projects/LL_trials/vivado_proj/simple_link_list/simple_link_list.srcs/sources_1/bd/design_1/ipshared/59a7/hdl/verilog/link_list_A_BUS_m_axi.v:397]
	Parameter DATA_BITS bound to: 2 - type: integer 
	Parameter DEPTH bound to: 5 - type: integer 
	Parameter DEPTH_BITS bound to: 3 - type: integer 
INFO: [Synth 8-256] done synthesizing module 'link_list_A_BUS_m_axi_fifo__parameterized2' (4#1) [a:/COMP_ARCH/PYNQ_Projects/LL_trials/vivado_proj/simple_link_list/simple_link_list.srcs/sources_1/bd/design_1/ipshared/59a7/hdl/verilog/link_list_A_BUS_m_axi.v:397]
WARNING: [Synth 8-3848] Net AWREGION in module/entity link_list_A_BUS_m_axi_write does not have driver. [a:/COMP_ARCH/PYNQ_Projects/LL_trials/vivado_proj/simple_link_list/simple_link_list.srcs/sources_1/bd/design_1/ipshared/59a7/hdl/verilog/link_list_A_BUS_m_axi.v:1523]
WARNING: [Synth 8-3848] Net WID in module/entity link_list_A_BUS_m_axi_write does not have driver. [a:/COMP_ARCH/PYNQ_Projects/LL_trials/vivado_proj/simple_link_list/simple_link_list.srcs/sources_1/bd/design_1/ipshared/59a7/hdl/verilog/link_list_A_BUS_m_axi.v:1528]
WARNING: [Synth 8-3848] Net WUSER in module/entity link_list_A_BUS_m_axi_write does not have driver. [a:/COMP_ARCH/PYNQ_Projects/LL_trials/vivado_proj/simple_link_list/simple_link_list.srcs/sources_1/bd/design_1/ipshared/59a7/hdl/verilog/link_list_A_BUS_m_axi.v:1532]
INFO: [Synth 8-256] done synthesizing module 'link_list_A_BUS_m_axi_write' (5#1) [a:/COMP_ARCH/PYNQ_Projects/LL_trials/vivado_proj/simple_link_list/simple_link_list.srcs/sources_1/bd/design_1/ipshared/59a7/hdl/verilog/link_list_A_BUS_m_axi.v:1491]
INFO: [Synth 8-638] synthesizing module 'link_list_A_BUS_m_axi_read' [a:/COMP_ARCH/PYNQ_Projects/LL_trials/vivado_proj/simple_link_list/simple_link_list.srcs/sources_1/bd/design_1/ipshared/59a7/hdl/verilog/link_list_A_BUS_m_axi.v:739]
	Parameter NUM_READ_OUTSTANDING bound to: 16 - type: integer 
	Parameter MAX_READ_BURST_LENGTH bound to: 16 - type: integer 
	Parameter C_M_AXI_ID_WIDTH bound to: 1 - type: integer 
	Parameter C_M_AXI_ADDR_WIDTH bound to: 32 - type: integer 
	Parameter C_TARGET_ADDR bound to: 0 - type: integer 
	Parameter C_M_AXI_DATA_WIDTH bound to: 64 - type: integer 
	Parameter C_M_AXI_ARUSER_WIDTH bound to: 1 - type: integer 
	Parameter C_M_AXI_RUSER_WIDTH bound to: 1 - type: integer 
	Parameter C_USER_VALUE bound to: 0 - type: integer 
	Parameter C_PROT_VALUE bound to: 0 - type: integer 
	Parameter C_CACHE_VALUE bound to: 3 - type: integer 
	Parameter USER_DW bound to: 64 - type: integer 
	Parameter USER_AW bound to: 32 - type: integer 
	Parameter USER_MAXREQS bound to: 5 - type: integer 
	Parameter USER_DATA_WIDTH bound to: 64 - type: integer 
	Parameter USER_DATA_BYTES bound to: 8 - type: integer 
	Parameter USER_ADDR_ALIGN bound to: 3 - type: integer 
	Parameter BUS_DATA_WIDTH bound to: 64 - type: integer 
	Parameter BUS_DATA_BYTES bound to: 8 - type: integer 
	Parameter BUS_ADDR_ALIGN bound to: 3 - type: integer 
	Parameter NUM_READ_WIDTH bound to: 4 - type: integer 
	Parameter TARGET_ADDR bound to: 0 - type: integer 
	Parameter BOUNDARY_BEATS bound to: 9'b111111111 
INFO: [Synth 8-638] synthesizing module 'link_list_A_BUS_m_axi_fifo__parameterized3' [a:/COMP_ARCH/PYNQ_Projects/LL_trials/vivado_proj/simple_link_list/simple_link_list.srcs/sources_1/bd/design_1/ipshared/59a7/hdl/verilog/link_list_A_BUS_m_axi.v:397]
	Parameter DATA_BITS bound to: 64 - type: integer 
	Parameter DEPTH bound to: 5 - type: integer 
	Parameter DEPTH_BITS bound to: 3 - type: integer 
INFO: [Synth 8-256] done synthesizing module 'link_list_A_BUS_m_axi_fifo__parameterized3' (5#1) [a:/COMP_ARCH/PYNQ_Projects/LL_trials/vivado_proj/simple_link_list/simple_link_list.srcs/sources_1/bd/design_1/ipshared/59a7/hdl/verilog/link_list_A_BUS_m_axi.v:397]
INFO: [Synth 8-638] synthesizing module 'link_list_A_BUS_m_axi_buffer__parameterized0' [a:/COMP_ARCH/PYNQ_Projects/LL_trials/vivado_proj/simple_link_list/simple_link_list.srcs/sources_1/bd/design_1/ipshared/59a7/hdl/verilog/link_list_A_BUS_m_axi.v:506]
	Parameter MEM_STYLE bound to: block - type: string 
	Parameter DATA_WIDTH bound to: 67 - type: integer 
	Parameter ADDR_WIDTH bound to: 8 - type: integer 
	Parameter DEPTH bound to: 256 - type: integer 
INFO: [Synth 8-256] done synthesizing module 'link_list_A_BUS_m_axi_buffer__parameterized0' (5#1) [a:/COMP_ARCH/PYNQ_Projects/LL_trials/vivado_proj/simple_link_list/simple_link_list.srcs/sources_1/bd/design_1/ipshared/59a7/hdl/verilog/link_list_A_BUS_m_axi.v:506]
INFO: [Synth 8-638] synthesizing module 'link_list_A_BUS_m_axi_reg_slice' [a:/COMP_ARCH/PYNQ_Projects/LL_trials/vivado_proj/simple_link_list/simple_link_list.srcs/sources_1/bd/design_1/ipshared/59a7/hdl/verilog/link_list_A_BUS_m_axi.v:293]
	Parameter N bound to: 66 - type: integer 
	Parameter ZERO bound to: 2'b10 
	Parameter ONE bound to: 2'b11 
	Parameter TWO bound to: 2'b01 
INFO: [Synth 8-256] done synthesizing module 'link_list_A_BUS_m_axi_reg_slice' (6#1) [a:/COMP_ARCH/PYNQ_Projects/LL_trials/vivado_proj/simple_link_list/simple_link_list.srcs/sources_1/bd/design_1/ipshared/59a7/hdl/verilog/link_list_A_BUS_m_axi.v:293]
INFO: [Synth 8-638] synthesizing module 'link_list_A_BUS_m_axi_fifo__parameterized4' [a:/COMP_ARCH/PYNQ_Projects/LL_trials/vivado_proj/simple_link_list/simple_link_list.srcs/sources_1/bd/design_1/ipshared/59a7/hdl/verilog/link_list_A_BUS_m_axi.v:397]
	Parameter DATA_BITS bound to: 2 - type: integer 
	Parameter DEPTH bound to: 15 - type: integer 
	Parameter DEPTH_BITS bound to: 4 - type: integer 
INFO: [Synth 8-256] done synthesizing module 'link_list_A_BUS_m_axi_fifo__parameterized4' (6#1) [a:/COMP_ARCH/PYNQ_Projects/LL_trials/vivado_proj/simple_link_list/simple_link_list.srcs/sources_1/bd/design_1/ipshared/59a7/hdl/verilog/link_list_A_BUS_m_axi.v:397]
WARNING: [Synth 8-3848] Net ARREGION in module/entity link_list_A_BUS_m_axi_read does not have driver. [a:/COMP_ARCH/PYNQ_Projects/LL_trials/vivado_proj/simple_link_list/simple_link_list.srcs/sources_1/bd/design_1/ipshared/59a7/hdl/verilog/link_list_A_BUS_m_axi.v:770]
INFO: [Synth 8-256] done synthesizing module 'link_list_A_BUS_m_axi_read' (7#1) [a:/COMP_ARCH/PYNQ_Projects/LL_trials/vivado_proj/simple_link_list/simple_link_list.srcs/sources_1/bd/design_1/ipshared/59a7/hdl/verilog/link_list_A_BUS_m_axi.v:739]
INFO: [Synth 8-256] done synthesizing module 'link_list_A_BUS_m_axi' (8#1) [a:/COMP_ARCH/PYNQ_Projects/LL_trials/vivado_proj/simple_link_list/simple_link_list.srcs/sources_1/bd/design_1/ipshared/59a7/hdl/verilog/link_list_A_BUS_m_axi.v:10]
INFO: [Synth 8-256] done synthesizing module 'link_list' (9#1) [a:/COMP_ARCH/PYNQ_Projects/LL_trials/vivado_proj/simple_link_list/simple_link_list.srcs/sources_1/bd/design_1/ipshared/59a7/hdl/verilog/link_list.v:12]
INFO: [Synth 8-256] done synthesizing module 'design_1_link_list_0_1' (10#1) [a:/COMP_ARCH/PYNQ_Projects/LL_trials/vivado_proj/simple_link_list/simple_link_list.srcs/sources_1/bd/design_1/ip/design_1_link_list_0_1/synth/design_1_link_list_0_1.v:58]
WARNING: [Synth 8-3331] design link_list_A_BUS_m_axi_read has unconnected port ARREGION[3]
WARNING: [Synth 8-3331] design link_list_A_BUS_m_axi_read has unconnected port ARREGION[2]
WARNING: [Synth 8-3331] design link_list_A_BUS_m_axi_read has unconnected port ARREGION[1]
WARNING: [Synth 8-3331] design link_list_A_BUS_m_axi_read has unconnected port ARREGION[0]
WARNING: [Synth 8-3331] design link_list_A_BUS_m_axi_read has unconnected port RID[0]
WARNING: [Synth 8-3331] design link_list_A_BUS_m_axi_read has unconnected port RUSER[0]
WARNING: [Synth 8-3331] design link_list_A_BUS_m_axi_read has unconnected port rreq_cache[3]
WARNING: [Synth 8-3331] design link_list_A_BUS_m_axi_read has unconnected port rreq_cache[2]
WARNING: [Synth 8-3331] design link_list_A_BUS_m_axi_read has unconnected port rreq_cache[1]
WARNING: [Synth 8-3331] design link_list_A_BUS_m_axi_read has unconnected port rreq_cache[0]
WARNING: [Synth 8-3331] design link_list_A_BUS_m_axi_read has unconnected port rreq_prot[2]
WARNING: [Synth 8-3331] design link_list_A_BUS_m_axi_read has unconnected port rreq_prot[1]
WARNING: [Synth 8-3331] design link_list_A_BUS_m_axi_read has unconnected port rreq_prot[0]
WARNING: [Synth 8-3331] design link_list_A_BUS_m_axi_read has unconnected port rreq_user[0]
WARNING: [Synth 8-3331] design link_list_A_BUS_m_axi_write has unconnected port AWREGION[3]
WARNING: [Synth 8-3331] design link_list_A_BUS_m_axi_write has unconnected port AWREGION[2]
WARNING: [Synth 8-3331] design link_list_A_BUS_m_axi_write has unconnected port AWREGION[1]
WARNING: [Synth 8-3331] design link_list_A_BUS_m_axi_write has unconnected port AWREGION[0]
WARNING: [Synth 8-3331] design link_list_A_BUS_m_axi_write has unconnected port WID[0]
WARNING: [Synth 8-3331] design link_list_A_BUS_m_axi_write has unconnected port WUSER[0]
WARNING: [Synth 8-3331] design link_list_A_BUS_m_axi_write has unconnected port BID[0]
WARNING: [Synth 8-3331] design link_list_A_BUS_m_axi_write has unconnected port BUSER[0]
WARNING: [Synth 8-3331] design link_list_A_BUS_m_axi_write has unconnected port wreq_cache[3]
WARNING: [Synth 8-3331] design link_list_A_BUS_m_axi_write has unconnected port wreq_cache[2]
WARNING: [Synth 8-3331] design link_list_A_BUS_m_axi_write has unconnected port wreq_cache[1]
WARNING: [Synth 8-3331] design link_list_A_BUS_m_axi_write has unconnected port wreq_cache[0]
WARNING: [Synth 8-3331] design link_list_A_BUS_m_axi_write has unconnected port wreq_prot[2]
WARNING: [Synth 8-3331] design link_list_A_BUS_m_axi_write has unconnected port wreq_prot[1]
WARNING: [Synth 8-3331] design link_list_A_BUS_m_axi_write has unconnected port wreq_prot[0]
WARNING: [Synth 8-3331] design link_list_A_BUS_m_axi_write has unconnected port wreq_user[0]
WARNING: [Synth 8-3331] design link_list_A_BUS_m_axi_write has unconnected port wdata_user[0]
WARNING: [Synth 8-3331] design link_list_A_BUS_m_axi has unconnected port I_AWID[0]
WARNING: [Synth 8-3331] design link_list_A_BUS_m_axi has unconnected port I_AWSIZE[2]
WARNING: [Synth 8-3331] design link_list_A_BUS_m_axi has unconnected port I_AWSIZE[1]
WARNING: [Synth 8-3331] design link_list_A_BUS_m_axi has unconnected port I_AWSIZE[0]
WARNING: [Synth 8-3331] design link_list_A_BUS_m_axi has unconnected port I_AWBURST[1]
WARNING: [Synth 8-3331] design link_list_A_BUS_m_axi has unconnected port I_AWBURST[0]
WARNING: [Synth 8-3331] design link_list_A_BUS_m_axi has unconnected port I_AWLOCK[1]
WARNING: [Synth 8-3331] design link_list_A_BUS_m_axi has unconnected port I_AWLOCK[0]
WARNING: [Synth 8-3331] design link_list_A_BUS_m_axi has unconnected port I_AWREGION[3]
WARNING: [Synth 8-3331] design link_list_A_BUS_m_axi has unconnected port I_AWREGION[2]
WARNING: [Synth 8-3331] design link_list_A_BUS_m_axi has unconnected port I_AWREGION[1]
WARNING: [Synth 8-3331] design link_list_A_BUS_m_axi has unconnected port I_AWREGION[0]
WARNING: [Synth 8-3331] design link_list_A_BUS_m_axi has unconnected port I_WID[0]
WARNING: [Synth 8-3331] design link_list_A_BUS_m_axi has unconnected port I_WLAST
WARNING: [Synth 8-3331] design link_list_A_BUS_m_axi has unconnected port I_ARID[0]
WARNING: [Synth 8-3331] design link_list_A_BUS_m_axi has unconnected port I_ARSIZE[2]
WARNING: [Synth 8-3331] design link_list_A_BUS_m_axi has unconnected port I_ARSIZE[1]
WARNING: [Synth 8-3331] design link_list_A_BUS_m_axi has unconnected port I_ARSIZE[0]
WARNING: [Synth 8-3331] design link_list_A_BUS_m_axi has unconnected port I_ARBURST[1]
WARNING: [Synth 8-3331] design link_list_A_BUS_m_axi has unconnected port I_ARBURST[0]
WARNING: [Synth 8-3331] design link_list_A_BUS_m_axi has unconnected port I_ARLOCK[1]
WARNING: [Synth 8-3331] design link_list_A_BUS_m_axi has unconnected port I_ARLOCK[0]
WARNING: [Synth 8-3331] design link_list_A_BUS_m_axi has unconnected port I_ARREGION[3]
WARNING: [Synth 8-3331] design link_list_A_BUS_m_axi has unconnected port I_ARREGION[2]
WARNING: [Synth 8-3331] design link_list_A_BUS_m_axi has unconnected port I_ARREGION[1]
WARNING: [Synth 8-3331] design link_list_A_BUS_m_axi has unconnected port I_ARREGION[0]
---------------------------------------------------------------------------------
Finished RTL Elaboration : Time (s): cpu = 00:00:24 ; elapsed = 00:00:32 . Memory (MB): peak = 378.574 ; gain = 168.824
---------------------------------------------------------------------------------

Report Check Netlist: 
+------+------------------+-------+---------+-------+------------------+
|      |Item              |Errors |Warnings |Status |Description       |
+------+------------------+-------+---------+-------+------------------+
|1     |multi_driven_nets |      0|        0|Passed |Multi driven nets |
+------+------------------+-------+---------+-------+------------------+
---------------------------------------------------------------------------------
Finished RTL Optimization Phase 1 : Time (s): cpu = 00:00:25 ; elapsed = 00:00:33 . Memory (MB): peak = 378.574 ; gain = 168.824
---------------------------------------------------------------------------------
INFO: [Device 21-403] Loading part xc7z020clg400-1
INFO: [Project 1-570] Preparing netlist for logic optimization

Processing XDC Constraints
Initializing timing engine
Parsing XDC File [a:/COMP_ARCH/PYNQ_Projects/LL_trials/vivado_proj/simple_link_list/simple_link_list.srcs/sources_1/bd/design_1/ip/design_1_link_list_0_1/constraints/link_list_ooc.xdc] for cell 'inst'
Finished Parsing XDC File [a:/COMP_ARCH/PYNQ_Projects/LL_trials/vivado_proj/simple_link_list/simple_link_list.srcs/sources_1/bd/design_1/ip/design_1_link_list_0_1/constraints/link_list_ooc.xdc] for cell 'inst'
Parsing XDC File [A:/COMP_ARCH/PYNQ_Projects/LL_trials/vivado_proj/simple_link_list/simple_link_list.runs/design_1_link_list_0_1_synth_1/dont_touch.xdc]
Finished Parsing XDC File [A:/COMP_ARCH/PYNQ_Projects/LL_trials/vivado_proj/simple_link_list/simple_link_list.runs/design_1_link_list_0_1_synth_1/dont_touch.xdc]
Completed Processing XDC Constraints

INFO: [Project 1-111] Unisim Transformation Summary:
No Unisim elements were transformed.

Constraint Validation Runtime : Time (s): cpu = 00:00:00 ; elapsed = 00:00:00.992 . Memory (MB): peak = 708.645 ; gain = 0.172
---------------------------------------------------------------------------------
Finished Constraint Validation : Time (s): cpu = 00:00:48 ; elapsed = 00:01:01 . Memory (MB): peak = 708.645 ; gain = 498.895
---------------------------------------------------------------------------------
---------------------------------------------------------------------------------
Start Loading Part and Timing Information
---------------------------------------------------------------------------------
Loading part: xc7z020clg400-1
---------------------------------------------------------------------------------
Finished Loading Part and Timing Information : Time (s): cpu = 00:00:48 ; elapsed = 00:01:01 . Memory (MB): peak = 708.645 ; gain = 498.895
---------------------------------------------------------------------------------
---------------------------------------------------------------------------------
Start Applying 'set_property' XDC Constraints
---------------------------------------------------------------------------------
Applied set_property DONT_TOUCH = true for inst. (constraint file  auto generated constraint, line ).
---------------------------------------------------------------------------------
Finished applying 'set_property' XDC Constraints : Time (s): cpu = 00:00:48 ; elapsed = 00:01:01 . Memory (MB): peak = 708.645 ; gain = 498.895
---------------------------------------------------------------------------------
INFO: [Synth 8-5818] HDL ADVISOR - The operator resource <adder> is shared. To prevent sharing consider applying a KEEP on the output of the operator [a:/COMP_ARCH/PYNQ_Projects/LL_trials/vivado_proj/simple_link_list/simple_link_list.srcs/sources_1/bd/design_1/ipshared/59a7/hdl/verilog/link_list_A_BUS_m_axi.v:589]
INFO: [Synth 8-5818] HDL ADVISOR - The operator resource <adder> is shared. To prevent sharing consider applying a KEEP on the output of the operator [a:/COMP_ARCH/PYNQ_Projects/LL_trials/vivado_proj/simple_link_list/simple_link_list.srcs/sources_1/bd/design_1/ipshared/59a7/hdl/verilog/link_list_A_BUS_m_axi.v:485]
INFO: [Synth 8-5818] HDL ADVISOR - The operator resource <adder> is shared. To prevent sharing consider applying a KEEP on the output of the operator [a:/COMP_ARCH/PYNQ_Projects/LL_trials/vivado_proj/simple_link_list/simple_link_list.srcs/sources_1/bd/design_1/ipshared/59a7/hdl/verilog/link_list_A_BUS_m_axi.v:589]
INFO: [Synth 8-5818] HDL ADVISOR - The operator resource <adder> is shared. To prevent sharing consider applying a KEEP on the output of the operator [a:/COMP_ARCH/PYNQ_Projects/LL_trials/vivado_proj/simple_link_list/simple_link_list.srcs/sources_1/bd/design_1/ipshared/59a7/hdl/verilog/link_list_A_BUS_m_axi.v:485]
INFO: [Synth 8-4490] FSM extraction disabled for register 'ap_CS_fsm_reg' through user attribute
---------------------------------------------------------------------------------
Finished RTL Optimization Phase 2 : Time (s): cpu = 00:00:51 ; elapsed = 00:01:03 . Memory (MB): peak = 708.645 ; gain = 498.895
---------------------------------------------------------------------------------

Report RTL Partitions: 
+-+--------------+------------+----------+
| |RTL Partition |Replication |Instances |
+-+--------------+------------+----------+
+-+--------------+------------+----------+
---------------------------------------------------------------------------------
Start RTL Component Statistics 
---------------------------------------------------------------------------------
Detailed RTL Component Info : 
+---Adders : 
	   2 Input     32 Bit       Adders := 9     
	   2 Input     12 Bit       Adders := 2     
	   2 Input      9 Bit       Adders := 2     
	   2 Input      8 Bit       Adders := 8     
	   2 Input      5 Bit       Adders := 2     
	   2 Input      4 Bit       Adders := 2     
	   2 Input      3 Bit       Adders := 4     
+---XORs : 
	   2 Input      1 Bit         XORs := 2     
+---Registers : 
	               72 Bit    Registers := 3     
	               67 Bit    Registers := 3     
	               66 Bit    Registers := 2     
	               64 Bit    Registers := 4     
	               32 Bit    Registers := 22    
	               29 Bit    Registers := 1     
	               17 Bit    Registers := 1     
	                9 Bit    Registers := 4     
	                8 Bit    Registers := 10    
	                5 Bit    Registers := 3     
	                4 Bit    Registers := 2     
	                3 Bit    Registers := 5     
	                2 Bit    Registers := 8     
	                1 Bit    Registers := 54    
+---RAMs : 
	              18K Bit         RAMs := 1     
	              16K Bit         RAMs := 1     
+---Muxes : 
	   2 Input     72 Bit        Muxes := 1     
	   2 Input     67 Bit        Muxes := 1     
	   2 Input     66 Bit        Muxes := 1     
	   2 Input     32 Bit        Muxes := 7     
	   6 Input     32 Bit        Muxes := 1     
	   2 Input     17 Bit        Muxes := 1     
	  18 Input     17 Bit        Muxes := 1     
	   2 Input     13 Bit        Muxes := 1     
	   4 Input     12 Bit        Muxes := 2     
	   2 Input     12 Bit        Muxes := 1     
	   2 Input     11 Bit        Muxes := 1     
	   2 Input      9 Bit        Muxes := 4     
	   2 Input      8 Bit        Muxes := 11    
	   4 Input      8 Bit        Muxes := 2     
	   2 Input      5 Bit        Muxes := 1     
	   2 Input      4 Bit        Muxes := 2     
	   6 Input      3 Bit        Muxes := 1     
	   2 Input      3 Bit        Muxes := 5     
	   6 Input      2 Bit        Muxes := 1     
	   2 Input      2 Bit        Muxes := 15    
	   5 Input      2 Bit        Muxes := 3     
	   2 Input      1 Bit        Muxes := 55    
	   5 Input      1 Bit        Muxes := 1     
---------------------------------------------------------------------------------
Finished RTL Component Statistics 
---------------------------------------------------------------------------------
---------------------------------------------------------------------------------
Start RTL Hierarchical Component Statistics 
---------------------------------------------------------------------------------
Hierarchical RTL Component report 
Module link_list_CFG_s_axi 
Detailed RTL Component Info : 
+---XORs : 
	   2 Input      1 Bit         XORs := 2     
+---Registers : 
	               32 Bit    Registers := 2     
	                5 Bit    Registers := 1     
	                2 Bit    Registers := 2     
	                1 Bit    Registers := 7     
+---Muxes : 
	   2 Input     32 Bit        Muxes := 1     
	   6 Input     32 Bit        Muxes := 1     
	   6 Input      3 Bit        Muxes := 1     
	   6 Input      2 Bit        Muxes := 1     
	   2 Input      1 Bit        Muxes := 2     
	   5 Input      1 Bit        Muxes := 1     
Module link_list_A_BUS_m_axi_throttl 
Detailed RTL Component Info : 
+---Adders : 
	   2 Input      8 Bit       Adders := 1     
+---Registers : 
	                8 Bit    Registers := 1     
+---Muxes : 
	   2 Input      8 Bit        Muxes := 1     
	   2 Input      1 Bit        Muxes := 1     
Module link_list_A_BUS_m_axi_fifo 
Detailed RTL Component Info : 
+---Adders : 
	   2 Input      3 Bit       Adders := 1     
+---Registers : 
	                8 Bit    Registers := 1     
	                3 Bit    Registers := 1     
	                1 Bit    Registers := 3     
+---Muxes : 
	   2 Input      2 Bit        Muxes := 1     
	   2 Input      1 Bit        Muxes := 3     
Module link_list_A_BUS_m_axi_fifo__parameterized0 
Detailed RTL Component Info : 
+---Adders : 
	   2 Input      3 Bit       Adders := 1     
+---Registers : 
	               64 Bit    Registers := 1     
	                3 Bit    Registers := 1     
	                1 Bit    Registers := 3     
+---Muxes : 
	   2 Input      2 Bit        Muxes := 1     
	   2 Input      1 Bit        Muxes := 3     
Module link_list_A_BUS_m_axi_buffer 
Detailed RTL Component Info : 
+---Adders : 
	   2 Input      8 Bit       Adders := 3     
+---Registers : 
	               72 Bit    Registers := 3     
	                8 Bit    Registers := 2     
	                1 Bit    Registers := 4     
+---RAMs : 
	              18K Bit         RAMs := 1     
+---Muxes : 
	   2 Input     72 Bit        Muxes := 1     
	   2 Input      8 Bit        Muxes := 4     
	   2 Input      2 Bit        Muxes := 1     
	   2 Input      1 Bit        Muxes := 3     
Module link_list_A_BUS_m_axi_fifo__parameterized1 
Detailed RTL Component Info : 
+---Adders : 
	   2 Input      4 Bit       Adders := 1     
+---Registers : 
	                4 Bit    Registers := 1     
	                2 Bit    Registers := 1     
	                1 Bit    Registers := 3     
+---Muxes : 
	   2 Input      2 Bit        Muxes := 1     
	   2 Input      1 Bit        Muxes := 3     
Module link_list_A_BUS_m_axi_fifo__parameterized2 
Detailed RTL Component Info : 
+---Adders : 
	   2 Input      3 Bit       Adders := 1     
+---Registers : 
	                3 Bit    Registers := 1     
	                2 Bit    Registers := 1     
	                1 Bit    Registers := 3     
+---Muxes : 
	   2 Input      2 Bit        Muxes := 1     
	   2 Input      1 Bit        Muxes := 3     
Module link_list_A_BUS_m_axi_write 
Detailed RTL Component Info : 
+---Adders : 
	   2 Input     32 Bit       Adders := 3     
	   2 Input     12 Bit       Adders := 1     
	   2 Input      9 Bit       Adders := 1     
	   2 Input      8 Bit       Adders := 1     
	   2 Input      5 Bit       Adders := 1     
+---Registers : 
	               64 Bit    Registers := 1     
	               32 Bit    Registers := 6     
	                9 Bit    Registers := 2     
	                8 Bit    Registers := 3     
	                5 Bit    Registers := 1     
	                2 Bit    Registers := 1     
	                1 Bit    Registers := 11    
+---Muxes : 
	   2 Input     32 Bit        Muxes := 3     
	   4 Input     12 Bit        Muxes := 1     
	   2 Input      9 Bit        Muxes := 2     
	   4 Input      8 Bit        Muxes := 1     
	   2 Input      4 Bit        Muxes := 1     
	   2 Input      3 Bit        Muxes := 2     
	   2 Input      1 Bit        Muxes := 13    
Module link_list_A_BUS_m_axi_fifo__parameterized3 
Detailed RTL Component Info : 
+---Adders : 
	   2 Input      3 Bit       Adders := 1     
+---Registers : 
	               64 Bit    Registers := 1     
	                3 Bit    Registers := 1     
	                1 Bit    Registers := 3     
+---Muxes : 
	   2 Input      2 Bit        Muxes := 1     
	   2 Input      1 Bit        Muxes := 3     
Module link_list_A_BUS_m_axi_buffer__parameterized0 
Detailed RTL Component Info : 
+---Adders : 
	   2 Input      8 Bit       Adders := 3     
+---Registers : 
	               67 Bit    Registers := 3     
	                8 Bit    Registers := 2     
	                1 Bit    Registers := 4     
+---RAMs : 
	              16K Bit         RAMs := 1     
+---Muxes : 
	   2 Input     67 Bit        Muxes := 1     
	   2 Input      8 Bit        Muxes := 4     
	   2 Input      2 Bit        Muxes := 1     
	   2 Input      1 Bit        Muxes := 3     
Module link_list_A_BUS_m_axi_reg_slice 
Detailed RTL Component Info : 
+---Registers : 
	               66 Bit    Registers := 2     
	                2 Bit    Registers := 1     
	                1 Bit    Registers := 1     
+---Muxes : 
	   2 Input     66 Bit        Muxes := 1     
	   2 Input      2 Bit        Muxes := 6     
	   5 Input      2 Bit        Muxes := 3     
	   2 Input      1 Bit        Muxes := 3     
Module link_list_A_BUS_m_axi_fifo__parameterized4 
Detailed RTL Component Info : 
+---Adders : 
	   2 Input      4 Bit       Adders := 1     
+---Registers : 
	                4 Bit    Registers := 1     
	                2 Bit    Registers := 1     
	                1 Bit    Registers := 3     
+---Muxes : 
	   2 Input      2 Bit        Muxes := 1     
	   2 Input      1 Bit        Muxes := 3     
Module link_list_A_BUS_m_axi_read 
Detailed RTL Component Info : 
+---Adders : 
	   2 Input     32 Bit       Adders := 3     
	   2 Input     12 Bit       Adders := 1     
	   2 Input      9 Bit       Adders := 1     
	   2 Input      5 Bit       Adders := 1     
+---Registers : 
	               64 Bit    Registers := 1     
	               32 Bit    Registers := 6     
	                9 Bit    Registers := 2     
	                8 Bit    Registers := 1     
	                5 Bit    Registers := 1     
	                2 Bit    Registers := 1     
	                1 Bit    Registers := 6     
+---Muxes : 
	   2 Input     32 Bit        Muxes := 3     
	   4 Input     12 Bit        Muxes := 1     
	   2 Input      9 Bit        Muxes := 2     
	   2 Input      8 Bit        Muxes := 2     
	   4 Input      8 Bit        Muxes := 1     
	   2 Input      5 Bit        Muxes := 1     
	   2 Input      3 Bit        Muxes := 2     
	   2 Input      1 Bit        Muxes := 6     
Module link_list 
Detailed RTL Component Info : 
+---Adders : 
	   2 Input     32 Bit       Adders := 3     
+---Registers : 
	               32 Bit    Registers := 8     
	               29 Bit    Registers := 1     
	               17 Bit    Registers := 1     
	                3 Bit    Registers := 1     
	                1 Bit    Registers := 3     
+---Muxes : 
	   2 Input     17 Bit        Muxes := 1     
	  18 Input     17 Bit        Muxes := 1     
	   2 Input     13 Bit        Muxes := 1     
	   2 Input     12 Bit        Muxes := 1     
	   2 Input     11 Bit        Muxes := 1     
	   2 Input      4 Bit        Muxes := 1     
	   2 Input      3 Bit        Muxes := 1     
	   2 Input      2 Bit        Muxes := 1     
	   2 Input      1 Bit        Muxes := 6     
---------------------------------------------------------------------------------
Finished RTL Hierarchical Component Statistics
---------------------------------------------------------------------------------
---------------------------------------------------------------------------------
Start Part Resource Summary
---------------------------------------------------------------------------------
Part Resources:
DSPs: 220 (col length:60)
BRAMs: 280 (col length: RAMB18 60 RAMB36 30)
---------------------------------------------------------------------------------
Finished Part Resource Summary
---------------------------------------------------------------------------------
---------------------------------------------------------------------------------
Start Cross Boundary and Area Optimization
---------------------------------------------------------------------------------
WARNING: [Synth 8-3331] design link_list_A_BUS_m_axi has unconnected port AWREGION[3]
WARNING: [Synth 8-3331] design link_list_A_BUS_m_axi has unconnected port AWREGION[2]
WARNING: [Synth 8-3331] design link_list_A_BUS_m_axi has unconnected port AWREGION[1]
WARNING: [Synth 8-3331] design link_list_A_BUS_m_axi has unconnected port AWREGION[0]
WARNING: [Synth 8-3331] design link_list_A_BUS_m_axi has unconnected port WID[0]
WARNING: [Synth 8-3331] design link_list_A_BUS_m_axi has unconnected port WUSER[0]
WARNING: [Synth 8-3331] design link_list_A_BUS_m_axi has unconnected port ARREGION[3]
WARNING: [Synth 8-3331] design link_list_A_BUS_m_axi has unconnected port ARREGION[2]
WARNING: [Synth 8-3331] design link_list_A_BUS_m_axi has unconnected port ARREGION[1]
WARNING: [Synth 8-3331] design link_list_A_BUS_m_axi has unconnected port ARREGION[0]
WARNING: [Synth 8-3331] design link_list_A_BUS_m_axi has unconnected port BID[0]
WARNING: [Synth 8-3331] design link_list_A_BUS_m_axi has unconnected port BUSER[0]
WARNING: [Synth 8-3331] design link_list_A_BUS_m_axi has unconnected port RID[0]
WARNING: [Synth 8-3331] design link_list_A_BUS_m_axi has unconnected port RUSER[0]
WARNING: [Synth 8-3331] design link_list_A_BUS_m_axi has unconnected port I_AWID[0]
WARNING: [Synth 8-3331] design link_list_A_BUS_m_axi has unconnected port I_AWSIZE[2]
WARNING: [Synth 8-3331] design link_list_A_BUS_m_axi has unconnected port I_AWSIZE[1]
WARNING: [Synth 8-3331] design link_list_A_BUS_m_axi has unconnected port I_AWSIZE[0]
WARNING: [Synth 8-3331] design link_list_A_BUS_m_axi has unconnected port I_AWBURST[1]
WARNING: [Synth 8-3331] design link_list_A_BUS_m_axi has unconnected port I_AWBURST[0]
WARNING: [Synth 8-3331] design link_list_A_BUS_m_axi has unconnected port I_AWLOCK[1]
WARNING: [Synth 8-3331] design link_list_A_BUS_m_axi has unconnected port I_AWLOCK[0]
WARNING: [Synth 8-3331] design link_list_A_BUS_m_axi has unconnected port I_AWCACHE[3]
WARNING: [Synth 8-3331] design link_list_A_BUS_m_axi has unconnected port I_AWCACHE[2]
WARNING: [Synth 8-3331] design link_list_A_BUS_m_axi has unconnected port I_AWCACHE[1]
WARNING: [Synth 8-3331] design link_list_A_BUS_m_axi has unconnected port I_AWCACHE[0]
WARNING: [Synth 8-3331] design link_list_A_BUS_m_axi has unconnected port I_AWPROT[2]
WARNING: [Synth 8-3331] design link_list_A_BUS_m_axi has unconnected port I_AWPROT[1]
WARNING: [Synth 8-3331] design link_list_A_BUS_m_axi has unconnected port I_AWPROT[0]
WARNING: [Synth 8-3331] design link_list_A_BUS_m_axi has unconnected port I_AWREGION[3]
WARNING: [Synth 8-3331] design link_list_A_BUS_m_axi has unconnected port I_AWREGION[2]
WARNING: [Synth 8-3331] design link_list_A_BUS_m_axi has unconnected port I_AWREGION[1]
WARNING: [Synth 8-3331] design link_list_A_BUS_m_axi has unconnected port I_AWREGION[0]
WARNING: [Synth 8-3331] design link_list_A_BUS_m_axi has unconnected port I_AWUSER[0]
WARNING: [Synth 8-3331] design link_list_A_BUS_m_axi has unconnected port I_WID[0]
WARNING: [Synth 8-3331] design link_list_A_BUS_m_axi has unconnected port I_WLAST
WARNING: [Synth 8-3331] design link_list_A_BUS_m_axi has unconnected port I_WUSER[0]
WARNING: [Synth 8-3331] design link_list_A_BUS_m_axi has unconnected port I_ARID[0]
WARNING: [Synth 8-3331] design link_list_A_BUS_m_axi has unconnected port I_ARSIZE[2]
WARNING: [Synth 8-3331] design link_list_A_BUS_m_axi has unconnected port I_ARSIZE[1]
WARNING: [Synth 8-3331] design link_list_A_BUS_m_axi has unconnected port I_ARSIZE[0]
WARNING: [Synth 8-3331] design link_list_A_BUS_m_axi has unconnected port I_ARBURST[1]
WARNING: [Synth 8-3331] design link_list_A_BUS_m_axi has unconnected port I_ARBURST[0]
INFO: [Common 17-14] Message 'Synth 8-3331' appears 100 times and further instances of the messages will be disabled. Use the Tcl command set_msg_config to change the current settings.
INFO: [Synth 8-3886] merging instance 'inst/link_list_A_BUS_m_axi_U/bus_read/start_addr_reg[0]' (FDRE) to 'inst/link_list_A_BUS_m_axi_U/bus_read/start_addr_reg[1]'
INFO: [Synth 8-3886] merging instance 'inst/link_list_A_BUS_m_axi_U/bus_read/align_len_reg[0]' (FDRE) to 'inst/link_list_A_BUS_m_axi_U/bus_read/align_len_reg[1]'
INFO: [Synth 8-3886] merging instance 'inst/link_list_A_BUS_m_axi_U/bus_read/start_addr_reg[1]' (FDRE) to 'inst/link_list_A_BUS_m_axi_U/bus_read/start_addr_reg[2]'
INFO: [Synth 8-3333] propagating constant 0 across sequential element (inst/\link_list_A_BUS_m_axi_U/bus_read/start_addr_reg[2] )
INFO: [Synth 8-3886] merging instance 'inst/link_list_A_BUS_m_axi_U/bus_write/start_addr_reg[0]' (FDRE) to 'inst/link_list_A_BUS_m_axi_U/bus_write/start_addr_reg[2]'
INFO: [Synth 8-3886] merging instance 'inst/link_list_A_BUS_m_axi_U/bus_write/align_len_reg[0]' (FDRE) to 'inst/link_list_A_BUS_m_axi_U/bus_write/align_len_reg[1]'
INFO: [Synth 8-3886] merging instance 'inst/link_list_A_BUS_m_axi_U/bus_write/start_addr_reg[1]' (FDRE) to 'inst/link_list_A_BUS_m_axi_U/bus_write/start_addr_reg[2]'
INFO: [Synth 8-3333] propagating constant 0 across sequential element (inst/\link_list_A_BUS_m_axi_U/bus_write/start_addr_reg[2] )
INFO: [Synth 8-3886] merging instance 'inst/link_list_A_BUS_m_axi_U/bus_write/buff_wdata/q_tmp_reg[64]' (FDRE) to 'inst/link_list_A_BUS_m_axi_U/bus_write/buff_wdata/q_tmp_reg[65]'
INFO: [Synth 8-3886] merging instance 'inst/link_list_A_BUS_m_axi_U/bus_write/buff_wdata/q_tmp_reg[65]' (FDRE) to 'inst/link_list_A_BUS_m_axi_U/bus_write/buff_wdata/q_tmp_reg[66]'
INFO: [Synth 8-3886] merging instance 'inst/link_list_A_BUS_m_axi_U/bus_write/buff_wdata/q_tmp_reg[66]' (FDRE) to 'inst/link_list_A_BUS_m_axi_U/bus_write/buff_wdata/q_tmp_reg[67]'
INFO: [Synth 8-3886] merging instance 'inst/link_list_A_BUS_m_axi_U/bus_write/buff_wdata/q_tmp_reg[68]' (FDRE) to 'inst/link_list_A_BUS_m_axi_U/bus_write/buff_wdata/q_tmp_reg[32]'
INFO: [Synth 8-3886] merging instance 'inst/link_list_A_BUS_m_axi_U/bus_write/buff_wdata/q_tmp_reg[69]' (FDRE) to 'inst/link_list_A_BUS_m_axi_U/bus_write/buff_wdata/q_tmp_reg[32]'
INFO: [Synth 8-3886] merging instance 'inst/link_list_A_BUS_m_axi_U/bus_write/buff_wdata/q_tmp_reg[70]' (FDRE) to 'inst/link_list_A_BUS_m_axi_U/bus_write/buff_wdata/q_tmp_reg[32]'
INFO: [Synth 8-3886] merging instance 'inst/link_list_A_BUS_m_axi_U/bus_write/buff_wdata/q_tmp_reg[71]' (FDRE) to 'inst/link_list_A_BUS_m_axi_U/bus_write/buff_wdata/q_tmp_reg[32]'
INFO: [Synth 8-3886] merging instance 'inst/link_list_A_BUS_m_axi_U/bus_write/buff_wdata/q_tmp_reg[32]' (FDRE) to 'inst/link_list_A_BUS_m_axi_U/bus_write/buff_wdata/q_tmp_reg[33]'
INFO: [Synth 8-3886] merging instance 'inst/link_list_A_BUS_m_axi_U/bus_write/buff_wdata/q_tmp_reg[33]' (FDRE) to 'inst/link_list_A_BUS_m_axi_U/bus_write/buff_wdata/q_tmp_reg[34]'
INFO: [Synth 8-3886] merging instance 'inst/link_list_A_BUS_m_axi_U/bus_write/buff_wdata/q_tmp_reg[34]' (FDRE) to 'inst/link_list_A_BUS_m_axi_U/bus_write/buff_wdata/q_tmp_reg[35]'
INFO: [Synth 8-3886] merging instance 'inst/link_list_A_BUS_m_axi_U/bus_write/buff_wdata/q_tmp_reg[35]' (FDRE) to 'inst/link_list_A_BUS_m_axi_U/bus_write/buff_wdata/q_tmp_reg[36]'
INFO: [Synth 8-3886] merging instance 'inst/link_list_A_BUS_m_axi_U/bus_write/buff_wdata/q_tmp_reg[36]' (FDRE) to 'inst/link_list_A_BUS_m_axi_U/bus_write/buff_wdata/q_tmp_reg[37]'
INFO: [Synth 8-3886] merging instance 'inst/link_list_A_BUS_m_axi_U/bus_write/buff_wdata/q_tmp_reg[37]' (FDRE) to 'inst/link_list_A_BUS_m_axi_U/bus_write/buff_wdata/q_tmp_reg[38]'
INFO: [Synth 8-3886] merging instance 'inst/link_list_A_BUS_m_axi_U/bus_write/buff_wdata/q_tmp_reg[38]' (FDRE) to 'inst/link_list_A_BUS_m_axi_U/bus_write/buff_wdata/q_tmp_reg[39]'
INFO: [Synth 8-3886] merging instance 'inst/link_list_A_BUS_m_axi_U/bus_write/buff_wdata/q_tmp_reg[39]' (FDRE) to 'inst/link_list_A_BUS_m_axi_U/bus_write/buff_wdata/q_tmp_reg[40]'
INFO: [Synth 8-3886] merging instance 'inst/link_list_A_BUS_m_axi_U/bus_write/buff_wdata/q_tmp_reg[40]' (FDRE) to 'inst/link_list_A_BUS_m_axi_U/bus_write/buff_wdata/q_tmp_reg[41]'
INFO: [Synth 8-3886] merging instance 'inst/link_list_A_BUS_m_axi_U/bus_write/buff_wdata/q_tmp_reg[41]' (FDRE) to 'inst/link_list_A_BUS_m_axi_U/bus_write/buff_wdata/q_tmp_reg[42]'
INFO: [Synth 8-3886] merging instance 'inst/link_list_A_BUS_m_axi_U/bus_write/buff_wdata/q_tmp_reg[42]' (FDRE) to 'inst/link_list_A_BUS_m_axi_U/bus_write/buff_wdata/q_tmp_reg[43]'
INFO: [Synth 8-3886] merging instance 'inst/link_list_A_BUS_m_axi_U/bus_write/buff_wdata/q_tmp_reg[43]' (FDRE) to 'inst/link_list_A_BUS_m_axi_U/bus_write/buff_wdata/q_tmp_reg[44]'
INFO: [Synth 8-3886] merging instance 'inst/link_list_A_BUS_m_axi_U/bus_write/buff_wdata/q_tmp_reg[44]' (FDRE) to 'inst/link_list_A_BUS_m_axi_U/bus_write/buff_wdata/q_tmp_reg[45]'
INFO: [Synth 8-3886] merging instance 'inst/link_list_A_BUS_m_axi_U/bus_write/buff_wdata/q_tmp_reg[45]' (FDRE) to 'inst/link_list_A_BUS_m_axi_U/bus_write/buff_wdata/q_tmp_reg[46]'
INFO: [Synth 8-3886] merging instance 'inst/link_list_A_BUS_m_axi_U/bus_write/buff_wdata/q_tmp_reg[46]' (FDRE) to 'inst/link_list_A_BUS_m_axi_U/bus_write/buff_wdata/q_tmp_reg[47]'
INFO: [Synth 8-3886] merging instance 'inst/link_list_A_BUS_m_axi_U/bus_write/buff_wdata/q_tmp_reg[47]' (FDRE) to 'inst/link_list_A_BUS_m_axi_U/bus_write/buff_wdata/q_tmp_reg[48]'
INFO: [Synth 8-3886] merging instance 'inst/link_list_A_BUS_m_axi_U/bus_write/buff_wdata/q_tmp_reg[48]' (FDRE) to 'inst/link_list_A_BUS_m_axi_U/bus_write/buff_wdata/q_tmp_reg[49]'
INFO: [Synth 8-3886] merging instance 'inst/link_list_A_BUS_m_axi_U/bus_write/buff_wdata/q_tmp_reg[49]' (FDRE) to 'inst/link_list_A_BUS_m_axi_U/bus_write/buff_wdata/q_tmp_reg[50]'
INFO: [Synth 8-3886] merging instance 'inst/link_list_A_BUS_m_axi_U/bus_write/buff_wdata/q_tmp_reg[50]' (FDRE) to 'inst/link_list_A_BUS_m_axi_U/bus_write/buff_wdata/q_tmp_reg[51]'
INFO: [Synth 8-3886] merging instance 'inst/link_list_A_BUS_m_axi_U/bus_write/buff_wdata/q_tmp_reg[51]' (FDRE) to 'inst/link_list_A_BUS_m_axi_U/bus_write/buff_wdata/q_tmp_reg[52]'
INFO: [Synth 8-3886] merging instance 'inst/link_list_A_BUS_m_axi_U/bus_write/buff_wdata/q_tmp_reg[52]' (FDRE) to 'inst/link_list_A_BUS_m_axi_U/bus_write/buff_wdata/q_tmp_reg[53]'
INFO: [Synth 8-3886] merging instance 'inst/link_list_A_BUS_m_axi_U/bus_write/buff_wdata/q_tmp_reg[53]' (FDRE) to 'inst/link_list_A_BUS_m_axi_U/bus_write/buff_wdata/q_tmp_reg[54]'
INFO: [Synth 8-3886] merging instance 'inst/link_list_A_BUS_m_axi_U/bus_write/buff_wdata/q_tmp_reg[54]' (FDRE) to 'inst/link_list_A_BUS_m_axi_U/bus_write/buff_wdata/q_tmp_reg[55]'
INFO: [Synth 8-3886] merging instance 'inst/link_list_A_BUS_m_axi_U/bus_write/buff_wdata/q_tmp_reg[55]' (FDRE) to 'inst/link_list_A_BUS_m_axi_U/bus_write/buff_wdata/q_tmp_reg[56]'
INFO: [Synth 8-3886] merging instance 'inst/link_list_A_BUS_m_axi_U/bus_write/buff_wdata/q_tmp_reg[56]' (FDRE) to 'inst/link_list_A_BUS_m_axi_U/bus_write/buff_wdata/q_tmp_reg[57]'
INFO: [Synth 8-3886] merging instance 'inst/link_list_A_BUS_m_axi_U/bus_write/buff_wdata/q_tmp_reg[57]' (FDRE) to 'inst/link_list_A_BUS_m_axi_U/bus_write/buff_wdata/q_tmp_reg[58]'
INFO: [Synth 8-3886] merging instance 'inst/link_list_A_BUS_m_axi_U/bus_write/buff_wdata/q_tmp_reg[58]' (FDRE) to 'inst/link_list_A_BUS_m_axi_U/bus_write/buff_wdata/q_tmp_reg[59]'
INFO: [Synth 8-3886] merging instance 'inst/link_list_A_BUS_m_axi_U/bus_write/buff_wdata/q_tmp_reg[59]' (FDRE) to 'inst/link_list_A_BUS_m_axi_U/bus_write/buff_wdata/q_tmp_reg[60]'
INFO: [Synth 8-3886] merging instance 'inst/link_list_A_BUS_m_axi_U/bus_write/buff_wdata/q_tmp_reg[60]' (FDRE) to 'inst/link_list_A_BUS_m_axi_U/bus_write/buff_wdata/q_tmp_reg[61]'
INFO: [Synth 8-3886] merging instance 'inst/link_list_A_BUS_m_axi_U/bus_write/buff_wdata/q_tmp_reg[61]' (FDRE) to 'inst/link_list_A_BUS_m_axi_U/bus_write/buff_wdata/q_tmp_reg[62]'
INFO: [Synth 8-3886] merging instance 'inst/link_list_A_BUS_m_axi_U/bus_write/buff_wdata/q_tmp_reg[62]' (FDRE) to 'inst/link_list_A_BUS_m_axi_U/bus_write/buff_wdata/q_tmp_reg[63]'
INFO: [Synth 8-3333] propagating constant 0 across sequential element (inst/\link_list_A_BUS_m_axi_U/bus_write/buff_wdata/q_tmp_reg[63] )
INFO: [Synth 8-3886] merging instance 'inst/link_list_A_BUS_m_axi_U/bus_read/could_multi_bursts.arlen_buf_reg[4]' (FDRE) to 'inst/link_list_A_BUS_m_axi_U/bus_read/could_multi_bursts.arlen_buf_reg[5]'
INFO: [Synth 8-3886] merging instance 'inst/link_list_A_BUS_m_axi_U/bus_read/could_multi_bursts.arlen_buf_reg[5]' (FDRE) to 'inst/link_list_A_BUS_m_axi_U/bus_read/could_multi_bursts.arlen_buf_reg[6]'
INFO: [Synth 8-3886] merging instance 'inst/link_list_A_BUS_m_axi_U/bus_read/could_multi_bursts.arlen_buf_reg[6]' (FDRE) to 'inst/link_list_A_BUS_m_axi_U/bus_read/could_multi_bursts.arlen_buf_reg[7]'
INFO: [Synth 8-3333] propagating constant 0 across sequential element (inst/\link_list_A_BUS_m_axi_U/bus_read/could_multi_bursts.arlen_buf_reg[7] )
INFO: [Synth 8-3333] propagating constant 0 across sequential element (inst/\link_list_A_BUS_m_axi_U/bus_write/could_multi_bursts.awlen_buf_reg[4] )
INFO: [Synth 8-3886] merging instance 'inst/link_list_A_BUS_m_axi_U/bus_write/could_multi_bursts.awlen_buf_reg[5]' (FDRE) to 'inst/link_list_A_BUS_m_axi_U/bus_write/could_multi_bursts.awlen_buf_reg[6]'
INFO: [Synth 8-3886] merging instance 'inst/link_list_A_BUS_m_axi_U/bus_write/could_multi_bursts.awlen_buf_reg[6]' (FDRE) to 'inst/link_list_A_BUS_m_axi_U/bus_write/could_multi_bursts.awlen_buf_reg[7]'
INFO: [Synth 8-3333] propagating constant 0 across sequential element (inst/\link_list_A_BUS_m_axi_U/bus_write/could_multi_bursts.awlen_buf_reg[7] )
WARNING: [Synth 8-3332] Sequential element (link_list_A_BUS_m_axi_U/bus_write/could_multi_bursts.awlen_buf_reg[7]) is unused and will be removed from module link_list.
WARNING: [Synth 8-3332] Sequential element (link_list_A_BUS_m_axi_U/bus_write/could_multi_bursts.awlen_buf_reg[4]) is unused and will be removed from module link_list.
WARNING: [Synth 8-3332] Sequential element (link_list_A_BUS_m_axi_U/bus_write/fifo_wreq/q_reg[31]) is unused and will be removed from module link_list.
WARNING: [Synth 8-3332] Sequential element (link_list_A_BUS_m_axi_U/bus_write/fifo_wreq/q_reg[30]) is unused and will be removed from module link_list.
WARNING: [Synth 8-3332] Sequential element (link_list_A_BUS_m_axi_U/bus_write/fifo_wreq/q_reg[29]) is unused and will be removed from module link_list.
WARNING: [Synth 8-3332] Sequential element (link_list_A_BUS_m_axi_U/bus_write/fifo_resp_to_user/q_reg[1]) is unused and will be removed from module link_list.
WARNING: [Synth 8-3332] Sequential element (link_list_A_BUS_m_axi_U/bus_write/fifo_resp_to_user/q_reg[0]) is unused and will be removed from module link_list.
WARNING: [Synth 8-3332] Sequential element (link_list_A_BUS_m_axi_U/bus_write/start_addr_reg[2]) is unused and will be removed from module link_list.
WARNING: [Synth 8-3332] Sequential element (link_list_A_BUS_m_axi_U/bus_write/start_addr_buf_reg[2]) is unused and will be removed from module link_list.
WARNING: [Synth 8-3332] Sequential element (link_list_A_BUS_m_axi_U/bus_write/start_addr_buf_reg[1]) is unused and will be removed from module link_list.
WARNING: [Synth 8-3332] Sequential element (link_list_A_BUS_m_axi_U/bus_write/start_addr_buf_reg[0]) is unused and will be removed from module link_list.
WARNING: [Synth 8-3332] Sequential element (link_list_A_BUS_m_axi_U/bus_write/align_len_reg[2]) is unused and will be removed from module link_list.
WARNING: [Synth 8-3332] Sequential element (link_list_A_BUS_m_axi_U/bus_write/align_len_reg[1]) is unused and will be removed from module link_list.
WARNING: [Synth 8-3332] Sequential element (link_list_A_BUS_m_axi_U/bus_write/end_addr_buf_reg[2]) is unused and will be removed from module link_list.
WARNING: [Synth 8-3332] Sequential element (link_list_A_BUS_m_axi_U/bus_write/end_addr_buf_reg[1]) is unused and will be removed from module link_list.
WARNING: [Synth 8-3332] Sequential element (link_list_A_BUS_m_axi_U/bus_write/end_addr_buf_reg[0]) is unused and will be removed from module link_list.
WARNING: [Synth 8-3332] Sequential element (link_list_A_BUS_m_axi_U/bus_write/sect_addr_buf_reg[2]) is unused and will be removed from module link_list.
WARNING: [Synth 8-3332] Sequential element (link_list_A_BUS_m_axi_U/bus_write/sect_addr_buf_reg[1]) is unused and will be removed from module link_list.
WARNING: [Synth 8-3332] Sequential element (link_list_A_BUS_m_axi_U/bus_write/sect_addr_buf_reg[0]) is unused and will be removed from module link_list.
WARNING: [Synth 8-3332] Sequential element (link_list_A_BUS_m_axi_U/bus_write/buff_wdata/q_tmp_reg[63]) is unused and will be removed from module link_list.
WARNING: [Synth 8-3332] Sequential element (link_list_A_BUS_m_axi_U/bus_write/bresp_tmp_reg[1]) is unused and will be removed from module link_list.
WARNING: [Synth 8-3332] Sequential element (link_list_A_BUS_m_axi_U/bus_write/bresp_tmp_reg[0]) is unused and will be removed from module link_list.
WARNING: [Synth 8-3332] Sequential element (link_list_A_BUS_m_axi_U/bus_read/fifo_rreq/q_reg[31]) is unused and will be removed from module link_list.
WARNING: [Synth 8-3332] Sequential element (link_list_A_BUS_m_axi_U/bus_read/fifo_rreq/q_reg[30]) is unused and will be removed from module link_list.
WARNING: [Synth 8-3332] Sequential element (link_list_A_BUS_m_axi_U/bus_read/fifo_rreq/q_reg[29]) is unused and will be removed from module link_list.
WARNING: [Synth 8-3332] Sequential element (link_list_A_BUS_m_axi_U/bus_read/buff_rdata/q_tmp_reg[65]) is unused and will be removed from module link_list.
WARNING: [Synth 8-3332] Sequential element (link_list_A_BUS_m_axi_U/bus_read/buff_rdata/q_tmp_reg[64]) is unused and will be removed from module link_list.
WARNING: [Synth 8-3332] Sequential element (link_list_A_BUS_m_axi_U/bus_read/buff_rdata/dout_buf_reg[65]) is unused and will be removed from module link_list.
WARNING: [Synth 8-3332] Sequential element (link_list_A_BUS_m_axi_U/bus_read/buff_rdata/dout_buf_reg[64]) is unused and will be removed from module link_list.
WARNING: [Synth 8-3332] Sequential element (link_list_A_BUS_m_axi_U/bus_read/bus_equal_gen.resp_buf_reg[1]) is unused and will be removed from module link_list.
WARNING: [Synth 8-3332] Sequential element (link_list_A_BUS_m_axi_U/bus_read/bus_equal_gen.resp_buf_reg[0]) is unused and will be removed from module link_list.
WARNING: [Synth 8-3332] Sequential element (link_list_A_BUS_m_axi_U/bus_read/rs_rdata/data_p2_reg[65]) is unused and will be removed from module link_list.
WARNING: [Synth 8-3332] Sequential element (link_list_A_BUS_m_axi_U/bus_read/rs_rdata/data_p2_reg[64]) is unused and will be removed from module link_list.
WARNING: [Synth 8-3332] Sequential element (link_list_A_BUS_m_axi_U/bus_read/rs_rdata/data_p1_reg[65]) is unused and will be removed from module link_list.
WARNING: [Synth 8-3332] Sequential element (link_list_A_BUS_m_axi_U/bus_read/rs_rdata/data_p1_reg[64]) is unused and will be removed from module link_list.
WARNING: [Synth 8-3332] Sequential element (link_list_A_BUS_m_axi_U/bus_read/start_addr_reg[2]) is unused and will be removed from module link_list.
WARNING: [Synth 8-3332] Sequential element (link_list_A_BUS_m_axi_U/bus_read/start_addr_buf_reg[2]) is unused and will be removed from module link_list.
WARNING: [Synth 8-3332] Sequential element (link_list_A_BUS_m_axi_U/bus_read/start_addr_buf_reg[1]) is unused and will be removed from module link_list.
WARNING: [Synth 8-3332] Sequential element (link_list_A_BUS_m_axi_U/bus_read/start_addr_buf_reg[0]) is unused and will be removed from module link_list.
WARNING: [Synth 8-3332] Sequential element (link_list_A_BUS_m_axi_U/bus_read/align_len_reg[2]) is unused and will be removed from module link_list.
WARNING: [Synth 8-3332] Sequential element (link_list_A_BUS_m_axi_U/bus_read/align_len_reg[1]) is unused and will be removed from module link_list.
WARNING: [Synth 8-3332] Sequential element (link_list_A_BUS_m_axi_U/bus_read/end_addr_buf_reg[2]) is unused and will be removed from module link_list.
WARNING: [Synth 8-3332] Sequential element (link_list_A_BUS_m_axi_U/bus_read/end_addr_buf_reg[1]) is unused and will be removed from module link_list.
WARNING: [Synth 8-3332] Sequential element (link_list_A_BUS_m_axi_U/bus_read/end_addr_buf_reg[0]) is unused and will be removed from module link_list.
WARNING: [Synth 8-3332] Sequential element (link_list_A_BUS_m_axi_U/bus_read/could_multi_bursts.arlen_buf_reg[7]) is unused and will be removed from module link_list.
WARNING: [Synth 8-3332] Sequential element (link_list_A_BUS_m_axi_U/bus_read/sect_addr_buf_reg[2]) is unused and will be removed from module link_list.
WARNING: [Synth 8-3332] Sequential element (link_list_A_BUS_m_axi_U/bus_read/sect_addr_buf_reg[1]) is unused and will be removed from module link_list.
WARNING: [Synth 8-3332] Sequential element (link_list_A_BUS_m_axi_U/bus_read/sect_addr_buf_reg[0]) is unused and will be removed from module link_list.
WARNING: [Synth 8-3332] Sequential element (tmp_1_reg_170_reg[31]) is unused and will be removed from module link_list.
WARNING: [Synth 8-3332] Sequential element (tmp_1_reg_170_reg[30]) is unused and will be removed from module link_list.
WARNING: [Synth 8-3332] Sequential element (tmp_1_reg_170_reg[29]) is unused and will be removed from module link_list.
WARNING: [Synth 8-3332] Sequential element (a2_sum_reg_178_reg[31]) is unused and will be removed from module link_list.
WARNING: [Synth 8-3332] Sequential element (a2_sum_reg_178_reg[30]) is unused and will be removed from module link_list.
WARNING: [Synth 8-3332] Sequential element (a2_sum_reg_178_reg[29]) is unused and will be removed from module link_list.
WARNING: [Synth 8-3332] Sequential element (A_BUS_addr_reg_183_reg[31]) is unused and will be removed from module link_list.
WARNING: [Synth 8-3332] Sequential element (A_BUS_addr_reg_183_reg[30]) is unused and will be removed from module link_list.
WARNING: [Synth 8-3332] Sequential element (A_BUS_addr_reg_183_reg[29]) is unused and will be removed from module link_list.
---------------------------------------------------------------------------------
Finished Cross Boundary and Area Optimization : Time (s): cpu = 00:01:05 ; elapsed = 00:01:20 . Memory (MB): peak = 708.645 ; gain = 498.895
---------------------------------------------------------------------------------
---------------------------------------------------------------------------------
Start ROM, RAM, DSP and Shift Register Reporting
---------------------------------------------------------------------------------

Block RAM: Preliminary Mapping  Report (see note below)
+-----------------------------+------------+------------------------+---+---+------------------------+---+---+------------------+--------+--------+
|Module Name                  | RTL Object | PORT A (Depth x Width) | W | R | PORT B (Depth x Width) | W | R | Ports driving FF | RAMB18 | RAMB36 | 
+-----------------------------+------------+------------------------+---+---+------------------------+---+---+------------------+--------+--------+
|link_list_A_BUS_m_axi_buffer | mem_reg    | 256 x 72(READ_FIRST)   | W |   | 256 x 72(WRITE_FIRST)  |   | R | Port A and B     | 0      | 1      | 
|link_list_A_BUS_m_axi_buffer | mem_reg    | 256 x 67(READ_FIRST)   | W |   | 256 x 67(WRITE_FIRST)  |   | R | Port A and B     | 0      | 1      | 
+-----------------------------+------------+------------------------+---+---+------------------------+---+---+------------------+--------+--------+

Note: The table above is a preliminary report that shows the Block RAMs at the current stage of the synthesis flow. Some Block RAMs may be reimplemented as non Block RAM primitives later in the synthesis flow. Multiple instantiated Block RAMs are reported only once. 
---------------------------------------------------------------------------------
Finished ROM, RAM, DSP and Shift Register Reporting
---------------------------------------------------------------------------------

Report RTL Partitions: 
+-+--------------+------------+----------+
| |RTL Partition |Replication |Instances |
+-+--------------+------------+----------+
+-+--------------+------------+----------+
---------------------------------------------------------------------------------
Start Timing Optimization
---------------------------------------------------------------------------------
---------------------------------------------------------------------------------
Start Applying XDC Timing Constraints
---------------------------------------------------------------------------------
---------------------------------------------------------------------------------
Finished Applying XDC Timing Constraints : Time (s): cpu = 00:01:32 ; elapsed = 00:01:50 . Memory (MB): peak = 708.645 ; gain = 498.895
---------------------------------------------------------------------------------
---------------------------------------------------------------------------------
Finished Timing Optimization : Time (s): cpu = 00:01:39 ; elapsed = 00:01:58 . Memory (MB): peak = 737.746 ; gain = 527.996
---------------------------------------------------------------------------------

Report RTL Partitions: 
+-+--------------+------------+----------+
| |RTL Partition |Replication |Instances |
+-+--------------+------------+----------+
+-+--------------+------------+----------+
---------------------------------------------------------------------------------
Start Technology Mapping
---------------------------------------------------------------------------------
WARNING: [Synth 8-3332] Sequential element (link_list_A_BUS_m_axi_U/bus_write/could_multi_bursts.awaddr_buf_reg[2]) is unused and will be removed from module link_list.
WARNING: [Synth 8-3332] Sequential element (link_list_A_BUS_m_axi_U/bus_write/could_multi_bursts.awaddr_buf_reg[1]) is unused and will be removed from module link_list.
WARNING: [Synth 8-3332] Sequential element (link_list_A_BUS_m_axi_U/bus_write/could_multi_bursts.awaddr_buf_reg[0]) is unused and will be removed from module link_list.
WARNING: [Synth 8-3332] Sequential element (link_list_A_BUS_m_axi_U/bus_read/could_multi_bursts.araddr_buf_reg[2]) is unused and will be removed from module link_list.
WARNING: [Synth 8-3332] Sequential element (link_list_A_BUS_m_axi_U/bus_read/could_multi_bursts.araddr_buf_reg[1]) is unused and will be removed from module link_list.
WARNING: [Synth 8-3332] Sequential element (link_list_A_BUS_m_axi_U/bus_read/could_multi_bursts.araddr_buf_reg[0]) is unused and will be removed from module link_list.
INFO: [Synth 8-4480] The timing for the instance inst/link_list_A_BUS_m_axi_U/bus_write/buff_wdata/mem_reg (implemented as a block RAM) might be sub-optimal as no optional output register could be merged into the block ram. Providing additional output register may help in improving timing.
INFO: [Synth 8-4480] The timing for the instance inst/link_list_A_BUS_m_axi_U/bus_read/buff_rdata/mem_reg (implemented as a block RAM) might be sub-optimal as no optional output register could be merged into the block ram. Providing additional output register may help in improving timing.
---------------------------------------------------------------------------------
Finished Technology Mapping : Time (s): cpu = 00:01:44 ; elapsed = 00:02:04 . Memory (MB): peak = 737.746 ; gain = 527.996
---------------------------------------------------------------------------------

Report RTL Partitions: 
+-+--------------+------------+----------+
| |RTL Partition |Replication |Instances |
+-+--------------+------------+----------+
+-+--------------+------------+----------+
---------------------------------------------------------------------------------
Start IO Insertion
---------------------------------------------------------------------------------
---------------------------------------------------------------------------------
Start Flattening Before IO Insertion
---------------------------------------------------------------------------------
---------------------------------------------------------------------------------
Finished Flattening Before IO Insertion
---------------------------------------------------------------------------------
---------------------------------------------------------------------------------
Start Final Netlist Cleanup
---------------------------------------------------------------------------------
---------------------------------------------------------------------------------
Finished Final Netlist Cleanup
---------------------------------------------------------------------------------
---------------------------------------------------------------------------------
Finished IO Insertion : Time (s): cpu = 00:01:46 ; elapsed = 00:02:07 . Memory (MB): peak = 737.746 ; gain = 527.996
---------------------------------------------------------------------------------

Report Check Netlist: 
+------+------------------+-------+---------+-------+------------------+
|      |Item              |Errors |Warnings |Status |Description       |
+------+------------------+-------+---------+-------+------------------+
|1     |multi_driven_nets |      0|        0|Passed |Multi driven nets |
+------+------------------+-------+---------+-------+------------------+
---------------------------------------------------------------------------------
Start Renaming Generated Instances
---------------------------------------------------------------------------------
---------------------------------------------------------------------------------
Finished Renaming Generated Instances : Time (s): cpu = 00:01:46 ; elapsed = 00:02:07 . Memory (MB): peak = 737.746 ; gain = 527.996
---------------------------------------------------------------------------------

Report RTL Partitions: 
+-+--------------+------------+----------+
| |RTL Partition |Replication |Instances |
+-+--------------+------------+----------+
+-+--------------+------------+----------+
---------------------------------------------------------------------------------
Start Rebuilding User Hierarchy
---------------------------------------------------------------------------------
---------------------------------------------------------------------------------
Finished Rebuilding User Hierarchy : Time (s): cpu = 00:01:46 ; elapsed = 00:02:07 . Memory (MB): peak = 737.746 ; gain = 527.996
---------------------------------------------------------------------------------
---------------------------------------------------------------------------------
Start Renaming Generated Ports
---------------------------------------------------------------------------------
---------------------------------------------------------------------------------
Finished Renaming Generated Ports : Time (s): cpu = 00:01:46 ; elapsed = 00:02:08 . Memory (MB): peak = 737.746 ; gain = 527.996
---------------------------------------------------------------------------------
---------------------------------------------------------------------------------
Start Handling Custom Attributes
---------------------------------------------------------------------------------
---------------------------------------------------------------------------------
Finished Handling Custom Attributes : Time (s): cpu = 00:01:47 ; elapsed = 00:02:08 . Memory (MB): peak = 737.746 ; gain = 527.996
---------------------------------------------------------------------------------
---------------------------------------------------------------------------------
Start Renaming Generated Nets
---------------------------------------------------------------------------------
---------------------------------------------------------------------------------
Finished Renaming Generated Nets : Time (s): cpu = 00:01:47 ; elapsed = 00:02:08 . Memory (MB): peak = 737.746 ; gain = 527.996
---------------------------------------------------------------------------------
---------------------------------------------------------------------------------
Start ROM, RAM, DSP and Shift Register Reporting
---------------------------------------------------------------------------------

Dynamic Shift Register Report:
+------------+-------------+--------+------------+--------+---------+--------+--------+--------+
|Module Name | RTL Name    | Length | Data Width | SRL16E | SRLC32E | Mux F7 | Mux F8 | Mux F9 | 
+------------+-------------+--------+------------+--------+---------+--------+--------+--------+
|dsrl        | mem_reg[4]  | 8      | 8          | 8      | 0       | 0      | 0      | 0      | 
|dsrl__1     | mem_reg[4]  | 8      | 64         | 64     | 0       | 0      | 0      | 0      | 
|dsrl__2     | mem_reg[14] | 16     | 2          | 2      | 0       | 0      | 0      | 0      | 
|dsrl__3     | mem_reg[4]  | 8      | 2          | 2      | 0       | 0      | 0      | 0      | 
|dsrl__4     | mem_reg[4]  | 8      | 64         | 64     | 0       | 0      | 0      | 0      | 
|dsrl__5     | mem_reg[14] | 16     | 2          | 2      | 0       | 0      | 0      | 0      | 
+------------+-------------+--------+------------+--------+---------+--------+--------+--------+

---------------------------------------------------------------------------------
Finished ROM, RAM, DSP and Shift Register Reporting
---------------------------------------------------------------------------------
---------------------------------------------------------------------------------
Start Writing Synthesis Report
---------------------------------------------------------------------------------

Report BlackBoxes: 
+-+--------------+----------+
| |BlackBox name |Instances |
+-+--------------+----------+
+-+--------------+----------+

Report Cell Usage: 
+------+---------+------+
|      |Cell     |Count |
+------+---------+------+
|1     |CARRY4   |    97|
|2     |LUT1     |   150|
|3     |LUT2     |   224|
|4     |LUT3     |   310|
|5     |LUT4     |   137|
|6     |LUT5     |    61|
|7     |LUT6     |   149|
|8     |RAMB36E1 |     2|
|9     |SRL16E   |   132|
|10    |FDRE     |  1580|
|11    |FDSE     |     2|
+------+---------+------+

Report Instance Areas: 
+------+-----------------------------------+---------------------------------------------+------+
|      |Instance                           |Module                                       |Cells |
+------+-----------------------------------+---------------------------------------------+------+
|1     |top                                |                                             |  2844|
|2     |  inst                             |link_list                                    |  2844|
|3     |    link_list_A_BUS_m_axi_U        |link_list_A_BUS_m_axi                        |  2255|
|4     |      bus_read                     |link_list_A_BUS_m_axi_read                   |  1178|
|5     |        buff_rdata                 |link_list_A_BUS_m_axi_buffer__parameterized0 |   268|
|6     |        fifo_rctl                  |link_list_A_BUS_m_axi_fifo__parameterized4   |    32|
|7     |        fifo_rreq                  |link_list_A_BUS_m_axi_fifo__parameterized3   |   217|
|8     |        rs_rdata                   |link_list_A_BUS_m_axi_reg_slice              |   203|
|9     |      bus_write                    |link_list_A_BUS_m_axi_write                  |  1054|
|10    |        buff_wdata                 |link_list_A_BUS_m_axi_buffer                 |   251|
|11    |        \bus_equal_gen.fifo_burst  |link_list_A_BUS_m_axi_fifo                   |    83|
|12    |        fifo_resp                  |link_list_A_BUS_m_axi_fifo__parameterized1   |    25|
|13    |        fifo_resp_to_user          |link_list_A_BUS_m_axi_fifo__parameterized2   |    20|
|14    |        fifo_wreq                  |link_list_A_BUS_m_axi_fifo__parameterized0   |   184|
|15    |      wreq_throttl                 |link_list_A_BUS_m_axi_throttl                |    19|
|16    |    link_list_CFG_s_axi_U          |link_list_CFG_s_axi                          |   166|
+------+-----------------------------------+---------------------------------------------+------+
---------------------------------------------------------------------------------
Finished Writing Synthesis Report : Time (s): cpu = 00:01:47 ; elapsed = 00:02:08 . Memory (MB): peak = 737.746 ; gain = 527.996
---------------------------------------------------------------------------------
Synthesis finished with 0 errors, 0 critical warnings and 130 warnings.
Synthesis Optimization Runtime : Time (s): cpu = 00:01:06 ; elapsed = 00:01:33 . Memory (MB): peak = 737.746 ; gain = 147.184
Synthesis Optimization Complete : Time (s): cpu = 00:01:47 ; elapsed = 00:02:08 . Memory (MB): peak = 737.746 ; gain = 527.996
INFO: [Project 1-571] Translating synthesized netlist
INFO: [Netlist 29-17] Analyzing 99 Unisim elements for replacement
INFO: [Netlist 29-28] Unisim Transformation completed in 0 CPU seconds
INFO: [Project 1-570] Preparing netlist for logic optimization
Parsing XDC File [a:/COMP_ARCH/PYNQ_Projects/LL_trials/vivado_proj/simple_link_list/simple_link_list.srcs/sources_1/bd/design_1/ip/design_1_link_list_0_1/constraints/link_list_ooc.xdc] for cell 'inst'
INFO: [Vivado 12-4761] HD.CLK_SRC property is set on port ap_clk. The net connecting to the port drives either clock PIN or hierarchical black box. Use the create_clock constraint to create a clock on this port prior to setting HD.CLK_SRC.  [a:/COMP_ARCH/PYNQ_Projects/LL_trials/vivado_proj/simple_link_list/simple_link_list.srcs/sources_1/bd/design_1/ip/design_1_link_list_0_1/constraints/link_list_ooc.xdc:6]
Finished Parsing XDC File [a:/COMP_ARCH/PYNQ_Projects/LL_trials/vivado_proj/simple_link_list/simple_link_list.srcs/sources_1/bd/design_1/ip/design_1_link_list_0_1/constraints/link_list_ooc.xdc] for cell 'inst'
INFO: [Opt 31-138] Pushed 0 inverter(s) to 0 load pin(s).
INFO: [Project 1-111] Unisim Transformation Summary:
No Unisim elements were transformed.

INFO: [Common 17-83] Releasing license: Synthesis
109 Infos, 167 Warnings, 0 Critical Warnings and 0 Errors encountered.
synth_design completed successfully
synth_design: Time (s): cpu = 00:01:42 ; elapsed = 00:01:59 . Memory (MB): peak = 746.652 ; gain = 486.160
INFO: [Common 17-1381] The checkpoint 'A:/COMP_ARCH/PYNQ_Projects/LL_trials/vivado_proj/simple_link_list/simple_link_list.runs/design_1_link_list_0_1_synth_1/design_1_link_list_0_1.dcp' has been generated.
