16:03:32 INFO  : Registering command handlers for SDK TCF services
16:03:34 INFO  : Launching XSCT server: xsct.bat -interactive A:\COMP_ARCH\PYNQ_Projects\Vivado_prj\skipList_prefetch_N_elem\skipList_prefetch_N_elem.sdk\temp_xsdb_launch_script.tcl
16:03:37 INFO  : XSCT server has started successfully.
16:03:38 INFO  : Processing command line option -hwspec A:/COMP_ARCH/PYNQ_Projects/Vivado_prj/skipList_prefetch_N_elem/skipList_prefetch_N_elem.sdk/design_1_wrapper.hdf.
16:03:38 INFO  : Successfully done setting XSCT server connection channel  
16:03:38 INFO  : Successfully done setting SDK workspace  
16:05:23 INFO  : Inferring section assignments and sizes from elf file: A:\COMP_ARCH\PYNQ_Projects\Vivado_prj\skipList_prefetch_N_elem\skipList_prefetch_N_elem.sdk\skiplist_prefetch\Debug\skiplist_prefetch.elf
16:05:32 INFO  : Successfully generated A:\COMP_ARCH\PYNQ_Projects\Vivado_prj\skipList_prefetch_N_elem\skipList_prefetch_N_elem.sdk\skiplist_prefetch\src\lscript.ld.
16:05:32 INFO  : Applying linker script to all configurations of project skiplist_prefetch.
16:05:32 INFO  : Setting rebuild state to true for all configurations of project skiplist_prefetch.
16:05:48 INFO  : Connected to target on host '127.0.0.1' and port '3121'.
16:05:49 INFO  : 'targets -set -filter {jtag_cable_name =~ "Xilinx PYNQ-Z1 003017A6E019A" && level==0} -index 1' command is executed.
16:05:52 INFO  : FPGA configured successfully with bitstream "A:/COMP_ARCH/PYNQ_Projects/Vivado_prj/skipList_prefetch_N_elem/skipList_prefetch_N_elem.sdk/design_1_wrapper_hw_platform_0/design_1_wrapper.bit"
16:06:44 INFO  : ps7_init is completed.
16:06:44 INFO  : ps7_post_config is completed.
16:06:44 INFO  : Processor reset is completed for ps7_cortexa9_0
16:06:51 INFO  : Processor reset is completed for ps7_cortexa9_0
16:06:58 INFO  : Processor reset is completed for ps7_cortexa9_0
16:07:03 INFO  : Processor reset is completed for ps7_cortexa9_0
16:07:24 INFO  : Processor reset is completed for ps7_cortexa9_0
16:07:41 INFO  : Processor reset is completed for ps7_cortexa9_0
16:07:58 INFO  : Processor reset is completed for ps7_cortexa9_0
16:08:11 INFO  : Connected to target on host '127.0.0.1' and port '3121'.
16:08:12 INFO  : 'targets -set -filter {jtag_cable_name =~ "Xilinx PYNQ-Z1 003017A6E019A" && level==0} -index 1' command is executed.
16:08:15 INFO  : FPGA configured successfully with bitstream "A:/COMP_ARCH/PYNQ_Projects/Vivado_prj/skipList_prefetch_N_elem/skipList_prefetch_N_elem.sdk/design_1_wrapper_hw_platform_0/design_1_wrapper.bit"
16:08:25 INFO  : ps7_init is completed.
16:08:25 INFO  : ps7_post_config is completed.
16:08:25 INFO  : Processor reset is completed for ps7_cortexa9_0
16:08:47 INFO  : Processor reset is completed for ps7_cortexa9_0
16:09:00 INFO  : Processor reset is completed for ps7_cortexa9_0
16:09:10 INFO  : Processor reset is completed for ps7_cortexa9_0
16:09:19 INFO  : Processor reset is completed for ps7_cortexa9_0
16:09:28 INFO  : Processor reset is completed for ps7_cortexa9_0
16:09:37 INFO  : Processor reset is completed for ps7_cortexa9_0
16:11:01 INFO  : Processor reset is completed for ps7_cortexa9_0
16:12:41 ERROR : Unexpected error while parsing XMD response ?: com.google.gson.JsonSyntaxException: com.google.gson.stream.MalformedJsonException: invalid number or unquoted string near 
18:57:56 INFO  : Registering command handlers for SDK TCF services
18:57:57 INFO  : Launching XSCT server: xsct.bat -interactive A:\COMP_ARCH\PYNQ_Projects\Vivado_prj\skipList_prefetch_N_elem\prefetch_window_2000\200_skipList_prefetch_N_elem.sdk\temp_xsdb_launch_script.tcl
18:58:02 INFO  : XSCT server has started successfully.
18:58:02 INFO  : Successfully done setting XSCT server connection channel  
18:58:03 INFO  : Successfully done setting SDK workspace  
18:58:08 INFO  : SDK has detected change in the last modified timestamps for source hardware specification file Source:1591956719501,  Project:1591776094228
18:58:08 INFO  : Project design_1_wrapper_hw_platform_0's source hardware specification located at A:/COMP_ARCH/PYNQ_Projects/Vivado_prj/skipList_prefetch_N_elem/skipList_prefetch_N_elem.sdk/design_1_wrapper.hdf is now different from the local copy.
		 The local copy will be replaced with the source specification and your workspace will be updated.
19:01:48 INFO  : Copied contents of A:/COMP_ARCH/PYNQ_Projects/Vivado_prj/skipList_prefetch_N_elem/skipList_prefetch_N_elem.sdk/design_1_wrapper.hdf into \design_1_wrapper_hw_platform_0\system.hdf.
19:01:56 INFO  : Synchronizing projects in the workspace with the hardware platform specification changes.
19:01:57 ERROR : (XSDB Server)ERROR: [Hsi 55-1433] Error boost::filesystem::directory_iterator::construct: Access is denied: "C:/Users/Haresh Prasannha/AppData/Local/Temp\PW\11804\903441A0-A47D-46F1-AECE-41A7E4E9085A"

19:01:57 ERROR : Failed to call sync_sw_with_hw_change
Reason: ERROR: [Common 17-39] 'hsi::open_sw_design' failed due to earlier errors.

19:01:57 ERROR : Error updating BSP project MSS files.
19:01:58 INFO  : Updating hardware inferred compiler options for skiplist_prefetch.
19:01:58 INFO  : Clearing existing target manager status.
19:02:43 INFO  : Connected to target on host '127.0.0.1' and port '3121'.
19:02:45 INFO  : 'targets -set -filter {jtag_cable_name =~ "Xilinx PYNQ-Z1 003017A6E019A" && level==0} -index 1' command is executed.
19:02:47 INFO  : FPGA configured successfully with bitstream "A:/COMP_ARCH/PYNQ_Projects/Vivado_prj/skipList_prefetch_N_elem/prefetch_window_2000/200_skipList_prefetch_N_elem.sdk/design_1_wrapper_hw_platform_0/design_1_wrapper.bit"
19:02:55 ERROR : (XSDB Server)ERROR: [Hsi 55-1558] Software Design system system is not found

19:02:55 ERROR :  [Common 17-39] 'hsi::current_sw_design' failed due to earlier errors.
19:02:55 ERROR : (XSDB Server)ERROR: [Hsi 55-1558] Software Design system system is not found

19:02:55 INFO  : Unable to read in MSS file A:\COMP_ARCH\PYNQ_Projects\Vivado_prj\skipList_prefetch_N_elem\prefetch_window_2000\200_skipList_prefetch_N_elem.sdk\skiplist_prefetch_bsp\system.mss : null
19:02:55 ERROR : Failed to closesw "A:/COMP_ARCH/PYNQ_Projects/Vivado_prj/skipList_prefetch_N_elem/prefetch_window_2000/200_skipList_prefetch_N_elem.sdk/skiplist_prefetch_bsp/system.mss"
Reason: Cannot close sw design 'A:/COMP_ARCH/PYNQ_Projects/Vivado_prj/skipList_prefetch_N_elem/prefetch_window_2000/200_skipList_prefetch_N_elem.sdk/skiplist_prefetch_bsp/system.mss'.
Design is not opened in the current session.


19:02:56 ERROR : (XSDB Server)ERROR: [Hsi 55-1558] Software Design system system is not found

19:02:56 ERROR :  [Common 17-39] 'hsi::current_sw_design' failed due to earlier errors.
19:02:56 ERROR : (XSDB Server)ERROR: [Hsi 55-1558] Software Design system system is not found

19:02:56 INFO  : Unable to read in MSS file A:\COMP_ARCH\PYNQ_Projects\Vivado_prj\skipList_prefetch_N_elem\prefetch_window_2000\200_skipList_prefetch_N_elem.sdk\skiplist_prefetch_bsp\system.mss : null
19:02:57 INFO  : Inferring section assignments and sizes from elf file: A:\COMP_ARCH\PYNQ_Projects\Vivado_prj\skipList_prefetch_N_elem\prefetch_window_2000\200_skipList_prefetch_N_elem.sdk\skiplist_prefetch\Debug\skiplist_prefetch.elf
19:02:57 ERROR : (XSDB Server)ERROR: [Hsi 55-1558] Software Design system system is not found

19:03:00 ERROR : (XSDB Server)ERROR: [Hsi 55-1558] Software Design system system is not found

19:03:00 ERROR :  [Common 17-39] 'hsi::current_sw_design' failed due to earlier errors.
19:03:00 ERROR : (XSDB Server)ERROR: [Hsi 55-1558] Software Design system system is not found

19:03:00 INFO  : Unable to read in MSS file A:\COMP_ARCH\PYNQ_Projects\Vivado_prj\skipList_prefetch_N_elem\prefetch_window_2000\200_skipList_prefetch_N_elem.sdk\skiplist_prefetch_bsp\system.mss : null
19:03:00 ERROR : Failed to closesw "A:/COMP_ARCH/PYNQ_Projects/Vivado_prj/skipList_prefetch_N_elem/prefetch_window_2000/200_skipList_prefetch_N_elem.sdk/skiplist_prefetch_bsp/system.mss"
Reason: Cannot close sw design 'A:/COMP_ARCH/PYNQ_Projects/Vivado_prj/skipList_prefetch_N_elem/prefetch_window_2000/200_skipList_prefetch_N_elem.sdk/skiplist_prefetch_bsp/system.mss'.
Design is not opened in the current session.


19:03:04 ERROR : (XSDB Server)ERROR: [Hsi 55-1558] Software Design system system is not found

19:03:04 ERROR :  [Common 17-39] 'hsi::current_sw_design' failed due to earlier errors.
19:03:04 ERROR : (XSDB Server)ERROR: [Hsi 55-1558] Software Design system system is not found

19:03:04 INFO  : Unable to read in MSS file A:\COMP_ARCH\PYNQ_Projects\Vivado_prj\skipList_prefetch_N_elem\prefetch_window_2000\200_skipList_prefetch_N_elem.sdk\skiplist_prefetch_bsp\system.mss : null
19:03:04 INFO  : Inferring section assignments and sizes from elf file: A:\COMP_ARCH\PYNQ_Projects\Vivado_prj\skipList_prefetch_N_elem\prefetch_window_2000\200_skipList_prefetch_N_elem.sdk\skiplist_prefetch\Debug\skiplist_prefetch.elf
19:03:04 ERROR : (XSDB Server)ERROR: [Hsi 55-1558] Software Design system system is not found

19:03:18 ERROR : Unexpected error while parsing XMD response ?: com.google.gson.JsonSyntaxException: com.google.gson.stream.MalformedJsonException: invalid number or unquoted string near 
11:31:22 INFO  : Registering command handlers for SDK TCF services
11:31:23 INFO  : Launching XSCT server: xsct.bat -interactive A:\COMP_ARCH\PYNQ_Projects\Vivado_prj\skipList_prefetch_N_elem\prefetch_window_2000\200_skipList_prefetch_N_elem.sdk\temp_xsdb_launch_script.tcl
11:31:29 INFO  : XSCT server has started successfully.
11:31:43 INFO  : Successfully done setting XSCT server connection channel  
11:31:43 INFO  : Successfully done setting SDK workspace  
12:02:20 INFO  : Connected to target on host '127.0.0.1' and port '3121'.
12:02:22 INFO  : 'targets -set -filter {jtag_cable_name =~ "Xilinx PYNQ-Z1 003017A6E019A" && level==0} -index 1' command is executed.
12:02:24 INFO  : FPGA configured successfully with bitstream "A:/COMP_ARCH/PYNQ_Projects/Vivado_prj/skipList_prefetch_N_elem/prefetch_window_2000/200_skipList_prefetch_N_elem.sdk/design_1_wrapper_hw_platform_0/design_1_wrapper.bit"
12:03:26 INFO  : ps7_init is completed.
12:03:26 INFO  : ps7_post_config is completed.
12:03:27 INFO  : Processor reset is completed for ps7_cortexa9_0
12:03:35 INFO  : Inferring section assignments and sizes from elf file: A:\COMP_ARCH\PYNQ_Projects\Vivado_prj\skipList_prefetch_N_elem\prefetch_window_2000\200_skipList_prefetch_N_elem.sdk\skiplist_prefetch\Debug\skiplist_prefetch.elf
12:03:44 INFO  : Successfully generated A:\COMP_ARCH\PYNQ_Projects\Vivado_prj\skipList_prefetch_N_elem\prefetch_window_2000\200_skipList_prefetch_N_elem.sdk\skiplist_prefetch\src\lscript.ld.
12:03:44 INFO  : Applying linker script to all configurations of project skiplist_prefetch.
12:03:44 INFO  : Setting rebuild state to true for all configurations of project skiplist_prefetch.
12:03:50 INFO  : Connected to target on host '127.0.0.1' and port '3121'.
12:03:53 INFO  : 'targets -set -filter {jtag_cable_name =~ "Xilinx PYNQ-Z1 003017A6E019A" && level==0} -index 1' command is executed.
12:03:56 INFO  : FPGA configured successfully with bitstream "A:/COMP_ARCH/PYNQ_Projects/Vivado_prj/skipList_prefetch_N_elem/prefetch_window_2000/200_skipList_prefetch_N_elem.sdk/design_1_wrapper_hw_platform_0/design_1_wrapper.bit"
12:03:59 INFO  : ps7_init is completed.
12:03:59 INFO  : ps7_post_config is completed.
12:03:59 INFO  : Processor reset is completed for ps7_cortexa9_0
12:04:12 INFO  : Processor reset is completed for ps7_cortexa9_0
12:04:27 INFO  : Processor reset is completed for ps7_cortexa9_0
12:04:47 INFO  : Processor reset is completed for ps7_cortexa9_0
12:05:43 INFO  : Processor reset is completed for ps7_cortexa9_0
12:06:39 INFO  : Processor reset is completed for ps7_cortexa9_0
12:07:40 INFO  : Processor reset is completed for ps7_cortexa9_0
12:08:17 INFO  : Connected to target on host '127.0.0.1' and port '3121'.
12:08:17 INFO  : 'targets -set -filter {jtag_cable_name =~ "Xilinx PYNQ-Z1 003017A6E019A" && level==0} -index 1' command is executed.
12:08:20 INFO  : FPGA configured successfully with bitstream "A:/COMP_ARCH/PYNQ_Projects/Vivado_prj/skipList_prefetch_N_elem/prefetch_window_2000/200_skipList_prefetch_N_elem.sdk/design_1_wrapper_hw_platform_0/design_1_wrapper.bit"
12:08:25 INFO  : ps7_init is completed.
12:08:25 INFO  : ps7_post_config is completed.
12:08:26 INFO  : Processor reset is completed for ps7_cortexa9_0
12:11:06 INFO  : Processor reset is completed for ps7_cortexa9_0
12:11:17 INFO  : Processor reset is completed for ps7_cortexa9_0
12:12:39 ERROR : Unexpected error while parsing XMD response ?: com.google.gson.JsonSyntaxException: com.google.gson.stream.MalformedJsonException: invalid number or unquoted string near 
12:05:02 INFO  : Registering command handlers for SDK TCF services
12:05:02 INFO  : Launching XSCT server: xsct.bat -interactive A:\COMP_ARCH\PYNQ_Projects\Vivado_prj\skipList_prefetch_N_elem\prefetch_window_2000\200_skipList_prefetch_N_elem.sdk\temp_xsdb_launch_script.tcl
12:05:05 INFO  : XSCT server has started successfully.
12:05:06 INFO  : Successfully done setting XSCT server connection channel  
12:05:06 INFO  : Successfully done setting SDK workspace  
12:06:07 INFO  : Connected to target on host '127.0.0.1' and port '3121'.
12:06:08 INFO  : 'targets -set -filter {jtag_cable_name =~ "Xilinx PYNQ-Z1 003017A6E019A" && level==0} -index 1' command is executed.
12:06:11 INFO  : FPGA configured successfully with bitstream "A:/COMP_ARCH/PYNQ_Projects/Vivado_prj/skipList_prefetch_N_elem/prefetch_window_2000/200_skipList_prefetch_N_elem.sdk/design_1_wrapper_hw_platform_0/design_1_wrapper.bit"
12:06:36 INFO  : ps7_init is completed.
12:06:36 INFO  : ps7_post_config is completed.
12:06:36 INFO  : Processor reset is completed for ps7_cortexa9_0
12:06:49 INFO  : Processor reset is completed for ps7_cortexa9_0
12:07:44 INFO  : Processor reset is completed for ps7_cortexa9_0
12:20:30 INFO  : Inferring section assignments and sizes from elf file: A:\COMP_ARCH\PYNQ_Projects\Vivado_prj\skipList_prefetch_N_elem\prefetch_window_2000\200_skipList_prefetch_N_elem.sdk\skiplist_prefetch\Debug\skiplist_prefetch.elf
12:20:52 INFO  : Processor reset is completed for ps7_cortexa9_0
12:26:09 INFO  : Connected to target on host '127.0.0.1' and port '3121'.
12:26:09 INFO  : 'targets -set -filter {jtag_cable_name =~ "Xilinx PYNQ-Z1 003017A6E019A" && level==0} -index 1' command is executed.
12:26:12 INFO  : FPGA configured successfully with bitstream "A:/COMP_ARCH/PYNQ_Projects/Vivado_prj/skipList_prefetch_N_elem/prefetch_window_2000/200_skipList_prefetch_N_elem.sdk/design_1_wrapper_hw_platform_0/design_1_wrapper.bit"
12:26:23 INFO  : ps7_init is completed.
12:26:23 INFO  : ps7_post_config is completed.
12:26:23 INFO  : Processor reset is completed for ps7_cortexa9_0
12:26:57 ERROR : Unexpected error while parsing XMD response ?: com.google.gson.JsonSyntaxException: com.google.gson.stream.MalformedJsonException: invalid number or unquoted string near 
17:48:36 INFO  : Registering command handlers for SDK TCF services
17:48:37 INFO  : Launching XSCT server: xsct.bat -interactive A:\COMP_ARCH\PYNQ_Projects\Vivado_prj\skipList_prefetch_N_elem\prefetch_window_2000\200_skipList_prefetch_N_elem.sdk\temp_xsdb_launch_script.tcl
17:48:40 INFO  : XSCT server has started successfully.
17:48:40 INFO  : Successfully done setting XSCT server connection channel  
17:48:41 INFO  : Successfully done setting SDK workspace  
17:49:27 INFO  : Connected to target on host '127.0.0.1' and port '3121'.
17:49:39 INFO  : Connected to target on host '127.0.0.1' and port '3121'.
17:49:42 INFO  : 'targets -set -filter {jtag_cable_name =~ "Xilinx PYNQ-Z1 003017A6E019A" && level==0} -index 1' command is executed.
17:49:45 INFO  : FPGA configured successfully with bitstream "A:/COMP_ARCH/PYNQ_Projects/Vivado_prj/skipList_prefetch_N_elem/prefetch_window_2000/200_skipList_prefetch_N_elem.sdk/design_1_wrapper_hw_platform_0/design_1_wrapper.bit"
17:50:03 INFO  : ps7_init is completed.
17:50:03 INFO  : ps7_post_config is completed.
17:50:03 INFO  : Processor reset is completed for ps7_cortexa9_0
17:50:39 INFO  : Processor reset is completed for ps7_cortexa9_0
17:51:06 ERROR : Unexpected error while parsing XMD response ?: com.google.gson.JsonSyntaxException: com.google.gson.stream.MalformedJsonException: invalid number or unquoted string near 
02:24:11 INFO  : Registering command handlers for SDK TCF services
02:24:11 INFO  : Launching XSCT server: xsct.bat -interactive A:\COMP_ARCH\PYNQ_Projects\Vivado_prj\skipList_prefetch_N_elem\prefetch_window_2000\200_skipList_prefetch_N_elem.sdk\temp_xsdb_launch_script.tcl
02:24:16 INFO  : XSCT server has started successfully.
02:24:16 INFO  : Successfully done setting XSCT server connection channel  
02:24:20 INFO  : Successfully done setting SDK workspace  
02:24:25 INFO  : SDK has detected change in the last modified timestamps for source hardware specification file Source:1594013759778,  Project:1591956719501
02:24:25 INFO  : Project design_1_wrapper_hw_platform_0's source hardware specification located at A:/COMP_ARCH/PYNQ_Projects/Vivado_prj/skipList_prefetch_N_elem/skipList_prefetch_N_elem.sdk/design_1_wrapper.hdf is now different from the local copy.
		 The local copy will be replaced with the source specification and your workspace will be updated.
02:25:16 INFO  : Project design_1_wrapper_hw_platform_0's source hardware specification location will not be monitored anymore.
