16:39:30 INFO  : Registering command handlers for SDK TCF services
16:39:31 INFO  : Launching XSCT server: xsct.bat -interactive A:\COMP_ARCH\PYNQ_Projects\Vivado_prj\skipList_prefetch_N_elem\skipList_prefetch_N_elem.sdk\temp_xsdb_launch_script.tcl
16:39:34 INFO  : XSCT server has started successfully.
16:39:34 INFO  : Successfully done setting XSCT server connection channel  
16:39:35 INFO  : Successfully done setting SDK workspace  
16:39:35 INFO  : Processing command line option -hwspec A:/COMP_ARCH/PYNQ_Projects/Vivado_prj/skipList_prefetch_N_elem/skipList_prefetch_N_elem.sdk/design_1_wrapper.hdf.
16:41:59 INFO  : Inferring section assignments and sizes from elf file: A:\COMP_ARCH\PYNQ_Projects\Vivado_prj\skipList_prefetch_N_elem\skipList_prefetch_N_elem.sdk\skiplist_prefetch\Debug\skiplist_prefetch.elf
16:42:09 INFO  : Successfully generated A:\COMP_ARCH\PYNQ_Projects\Vivado_prj\skipList_prefetch_N_elem\skipList_prefetch_N_elem.sdk\skiplist_prefetch\src\lscript.ld.
16:42:09 INFO  : Applying linker script to all configurations of project skiplist_prefetch.
16:42:09 INFO  : Setting rebuild state to true for all configurations of project skiplist_prefetch.
16:42:23 INFO  : Connected to target on host '127.0.0.1' and port '3121'.
16:42:25 INFO  : 'targets -set -filter {jtag_cable_name =~ "Xilinx PYNQ-Z1 003017A6E019A" && level==0} -index 1' command is executed.
16:42:27 INFO  : FPGA configured successfully with bitstream "A:/COMP_ARCH/PYNQ_Projects/Vivado_prj/skipList_prefetch_N_elem/skipList_prefetch_N_elem.sdk/design_1_wrapper_hw_platform_0/design_1_wrapper.bit"
16:43:00 INFO  : ps7_init is completed.
16:43:01 INFO  : ps7_post_config is completed.
16:43:01 INFO  : Processor reset is completed for ps7_cortexa9_0
16:43:11 INFO  : Processor reset is completed for ps7_cortexa9_0
16:43:26 INFO  : Processor reset is completed for ps7_cortexa9_0
16:43:57 INFO  : Processor reset is completed for ps7_cortexa9_0
16:44:03 INFO  : Processor reset is completed for ps7_cortexa9_0
16:44:07 INFO  : Processor reset is completed for ps7_cortexa9_0
16:44:14 INFO  : Processor reset is completed for ps7_cortexa9_0
16:44:27 INFO  : Processor reset is completed for ps7_cortexa9_0
16:44:53 INFO  : Processor reset is completed for ps7_cortexa9_0
16:44:59 INFO  : Processor reset is completed for ps7_cortexa9_0
16:45:03 INFO  : Processor reset is completed for ps7_cortexa9_0
16:45:19 INFO  : Connected to target on host '127.0.0.1' and port '3121'.
16:45:23 INFO  : 'targets -set -filter {jtag_cable_name =~ "Xilinx PYNQ-Z1 003017A6E019A" && level==0} -index 1' command is executed.
16:45:25 INFO  : FPGA configured successfully with bitstream "A:/COMP_ARCH/PYNQ_Projects/Vivado_prj/skipList_prefetch_N_elem/skipList_prefetch_N_elem.sdk/design_1_wrapper_hw_platform_0/design_1_wrapper.bit"
16:45:34 INFO  : ps7_init is completed.
16:45:34 INFO  : ps7_post_config is completed.
16:45:34 INFO  : Processor reset is completed for ps7_cortexa9_0
16:45:54 INFO  : Processor reset is completed for ps7_cortexa9_0
16:46:06 INFO  : Processor reset is completed for ps7_cortexa9_0
16:46:15 INFO  : Processor reset is completed for ps7_cortexa9_0
16:46:24 INFO  : Processor reset is completed for ps7_cortexa9_0
16:46:34 INFO  : Processor reset is completed for ps7_cortexa9_0
16:46:41 INFO  : Processor reset is completed for ps7_cortexa9_0
16:46:49 INFO  : Processor reset is completed for ps7_cortexa9_0
16:46:57 INFO  : Processor reset is completed for ps7_cortexa9_0
16:48:02 ERROR : Unexpected error while parsing XMD response ?: com.google.gson.JsonSyntaxException: com.google.gson.stream.MalformedJsonException: invalid number or unquoted string near 
