18:00:42 INFO  : Registering command handlers for SDK TCF services
18:00:43 INFO  : Launching XSCT server: xsct.bat -interactive A:\COMP_ARCH\PYNQ_Projects\Vivado_prj\skipList_prefetch_N_elem\skipList_prefetch_N_elem.sdk\temp_xsdb_launch_script.tcl
18:00:46 INFO  : XSCT server has started successfully.
18:00:47 INFO  : Processing command line option -hwspec A:/COMP_ARCH/PYNQ_Projects/Vivado_prj/skipList_prefetch_N_elem/skipList_prefetch_N_elem.sdk/design_1_wrapper.hdf.
18:00:47 INFO  : Successfully done setting XSCT server connection channel  
18:00:47 INFO  : Successfully done setting SDK workspace  
18:02:28 INFO  : Inferring section assignments and sizes from elf file: A:\COMP_ARCH\PYNQ_Projects\Vivado_prj\skipList_prefetch_N_elem\skipList_prefetch_N_elem.sdk\skiplist_prefetch\Debug\skiplist_prefetch.elf
18:02:39 INFO  : Successfully generated A:\COMP_ARCH\PYNQ_Projects\Vivado_prj\skipList_prefetch_N_elem\skipList_prefetch_N_elem.sdk\skiplist_prefetch\src\lscript.ld.
18:02:39 INFO  : Applying linker script to all configurations of project skiplist_prefetch.
18:02:39 INFO  : Setting rebuild state to true for all configurations of project skiplist_prefetch.
18:03:03 INFO  : Connected to target on host '127.0.0.1' and port '3121'.
18:03:04 INFO  : 'targets -set -filter {jtag_cable_name =~ "Xilinx PYNQ-Z1 003017A6E019A" && level==0} -index 1' command is executed.
18:03:07 INFO  : FPGA configured successfully with bitstream "A:/COMP_ARCH/PYNQ_Projects/Vivado_prj/skipList_prefetch_N_elem/skipList_prefetch_N_elem.sdk/design_1_wrapper_hw_platform_0/design_1_wrapper.bit"
18:04:03 INFO  : ps7_init is completed.
18:04:03 INFO  : ps7_post_config is completed.
18:04:04 INFO  : Processor reset is completed for ps7_cortexa9_0
18:04:10 INFO  : Processor reset is completed for ps7_cortexa9_0
18:04:16 INFO  : Processor reset is completed for ps7_cortexa9_0
18:04:56 INFO  : Processor reset is completed for ps7_cortexa9_0
18:05:13 INFO  : Processor reset is completed for ps7_cortexa9_0
18:05:44 INFO  : Processor reset is completed for ps7_cortexa9_0
18:05:49 INFO  : Processor reset is completed for ps7_cortexa9_0
18:05:52 INFO  : Processor reset is completed for ps7_cortexa9_0
18:05:57 INFO  : Processor reset is completed for ps7_cortexa9_0
18:06:11 INFO  : Processor reset is completed for ps7_cortexa9_0
18:07:01 INFO  : Processor reset is completed for ps7_cortexa9_0
18:07:14 INFO  : Processor reset is completed for ps7_cortexa9_0
18:07:33 INFO  : Processor reset is completed for ps7_cortexa9_0
18:07:43 INFO  : Processor reset is completed for ps7_cortexa9_0
18:07:53 INFO  : Processor reset is completed for ps7_cortexa9_0
18:08:05 INFO  : Processor reset is completed for ps7_cortexa9_0
18:08:18 INFO  : Processor reset is completed for ps7_cortexa9_0
18:09:42 ERROR : Unexpected error while parsing XMD response ?: com.google.gson.JsonSyntaxException: com.google.gson.stream.MalformedJsonException: invalid number or unquoted string near 
12:13:07 INFO  : Registering command handlers for SDK TCF services
12:13:07 INFO  : Launching XSCT server: xsct.bat -interactive A:\COMP_ARCH\PYNQ_Projects\Vivado_prj\skipList_prefetch_N_elem\prefetch_window_2000\40_skipList_prefetch_N_elem.sdk\temp_xsdb_launch_script.tcl
12:13:12 INFO  : XSCT server has started successfully.
12:13:12 INFO  : Successfully done setting XSCT server connection channel  
12:13:13 INFO  : Successfully done setting SDK workspace  
12:13:18 INFO  : SDK has detected change in the last modified timestamps for source hardware specification file Source:1591956719501,  Project:1591695731227
12:13:18 INFO  : Project design_1_wrapper_hw_platform_0's source hardware specification located at A:/COMP_ARCH/PYNQ_Projects/Vivado_prj/skipList_prefetch_N_elem/skipList_prefetch_N_elem.sdk/design_1_wrapper.hdf is now different from the local copy.
		 The local copy will be replaced with the source specification and your workspace will be updated.
12:13:56 INFO  : Project design_1_wrapper_hw_platform_0's source hardware specification location will not be monitored anymore.
12:14:26 INFO  : Connected to target on host '127.0.0.1' and port '3121'.
12:14:27 INFO  : 'targets -set -filter {jtag_cable_name =~ "Xilinx PYNQ-Z1 003017A6E019A" && level==0} -index 1' command is executed.
12:14:30 INFO  : FPGA configured successfully with bitstream "A:/COMP_ARCH/PYNQ_Projects/Vivado_prj/skipList_prefetch_N_elem/prefetch_window_2000/40_skipList_prefetch_N_elem.sdk/design_1_wrapper_hw_platform_0/design_1_wrapper.bit"
12:15:51 INFO  : ps7_init is completed.
12:15:51 INFO  : ps7_post_config is completed.
12:15:51 INFO  : Processor reset is completed for ps7_cortexa9_0
12:15:59 INFO  : Inferring section assignments and sizes from elf file: A:\COMP_ARCH\PYNQ_Projects\Vivado_prj\skipList_prefetch_N_elem\prefetch_window_2000\40_skipList_prefetch_N_elem.sdk\skiplist_prefetch\Debug\skiplist_prefetch.elf
12:16:07 INFO  : Successfully generated A:\COMP_ARCH\PYNQ_Projects\Vivado_prj\skipList_prefetch_N_elem\prefetch_window_2000\40_skipList_prefetch_N_elem.sdk\skiplist_prefetch\src\lscript.ld.
12:16:07 INFO  : Applying linker script to all configurations of project skiplist_prefetch.
12:16:07 INFO  : Setting rebuild state to true for all configurations of project skiplist_prefetch.
12:16:13 INFO  : Processor reset is completed for ps7_cortexa9_0
12:16:25 INFO  : Processor reset is completed for ps7_cortexa9_0
12:16:59 INFO  : Processor reset is completed for ps7_cortexa9_0
12:17:16 INFO  : Processor reset is completed for ps7_cortexa9_0
12:17:48 INFO  : Processor reset is completed for ps7_cortexa9_0
12:18:12 INFO  : Processor reset is completed for ps7_cortexa9_0
12:18:26 INFO  : Processor reset is completed for ps7_cortexa9_0
12:18:42 INFO  : Processor reset is completed for ps7_cortexa9_0
12:20:18 ERROR : Unexpected error while parsing XMD response ?: com.google.gson.JsonSyntaxException: com.google.gson.stream.MalformedJsonException: invalid number or unquoted string near 
