
*** Running vivado
    with args -log design_1_xlconstant_1_0.vds -m64 -product Vivado -mode batch -messageDb vivado.pb -notrace -source design_1_xlconstant_1_0.tcl


****** Vivado v2016.3 (64-bit)
  **** SW Build 1682563 on Mon Oct 10 19:07:27 MDT 2016
  **** IP Build 1681267 on Mon Oct 10 21:28:31 MDT 2016
    ** Copyright 1986-2016 Xilinx, Inc. All Rights Reserved.

source design_1_xlconstant_1_0.tcl -notrace
Starting RTL Elaboration : Time (s): cpu = 00:00:12 ; elapsed = 00:00:17 . Memory (MB): peak = 335.883 ; gain = 126.547
INFO: [Synth 8-638] synthesizing module 'design_1_xlconstant_1_0' [a:/COMP_ARCH/PYNQ_Projects/Vivado_prj/prefetch_voidreturn/prefetch_voidreturn.srcs/sources_1/bd/design_1/ip/design_1_xlconstant_1_0/sim/design_1_xlconstant_1_0.v:56]
INFO: [Synth 8-638] synthesizing module 'xlconstant' [a:/COMP_ARCH/PYNQ_Projects/Vivado_prj/prefetch_voidreturn/prefetch_voidreturn.srcs/sources_1/bd/design_1/ipshared/e147/xlconstant.v:23]
INFO: [Synth 8-256] done synthesizing module 'xlconstant' (1#1) [a:/COMP_ARCH/PYNQ_Projects/Vivado_prj/prefetch_voidreturn/prefetch_voidreturn.srcs/sources_1/bd/design_1/ipshared/e147/xlconstant.v:23]
INFO: [Synth 8-256] done synthesizing module 'design_1_xlconstant_1_0' (2#1) [a:/COMP_ARCH/PYNQ_Projects/Vivado_prj/prefetch_voidreturn/prefetch_voidreturn.srcs/sources_1/bd/design_1/ip/design_1_xlconstant_1_0/sim/design_1_xlconstant_1_0.v:56]
Finished RTL Elaboration : Time (s): cpu = 00:00:14 ; elapsed = 00:00:19 . Memory (MB): peak = 373.191 ; gain = 163.855
Finished RTL Optimization Phase 1 : Time (s): cpu = 00:00:14 ; elapsed = 00:00:19 . Memory (MB): peak = 373.191 ; gain = 163.855
INFO: [Device 21-403] Loading part xc7z020clg400-1
Constraint Validation Runtime : Time (s): cpu = 00:00:00 ; elapsed = 00:00:00.029 . Memory (MB): peak = 585.488 ; gain = 0.000
Finished Constraint Validation : Time (s): cpu = 00:00:29 ; elapsed = 00:00:36 . Memory (MB): peak = 585.488 ; gain = 376.152
Finished Loading Part and Timing Information : Time (s): cpu = 00:00:29 ; elapsed = 00:00:36 . Memory (MB): peak = 585.488 ; gain = 376.152
Finished applying 'set_property' XDC Constraints : Time (s): cpu = 00:00:29 ; elapsed = 00:00:36 . Memory (MB): peak = 585.488 ; gain = 376.152
Finished RTL Optimization Phase 2 : Time (s): cpu = 00:00:29 ; elapsed = 00:00:36 . Memory (MB): peak = 585.488 ; gain = 376.152
Finished Cross Boundary and Area Optimization : Time (s): cpu = 00:00:29 ; elapsed = 00:00:37 . Memory (MB): peak = 585.488 ; gain = 376.152
Finished Applying XDC Timing Constraints : Time (s): cpu = 00:00:46 ; elapsed = 00:00:54 . Memory (MB): peak = 625.121 ; gain = 415.785
Finished Timing Optimization : Time (s): cpu = 00:00:46 ; elapsed = 00:00:54 . Memory (MB): peak = 625.121 ; gain = 415.785
Finished Technology Mapping : Time (s): cpu = 00:00:46 ; elapsed = 00:00:54 . Memory (MB): peak = 635.813 ; gain = 426.477
Finished IO Insertion : Time (s): cpu = 00:00:47 ; elapsed = 00:00:55 . Memory (MB): peak = 635.813 ; gain = 426.477
Finished Renaming Generated Instances : Time (s): cpu = 00:00:47 ; elapsed = 00:00:55 . Memory (MB): peak = 635.813 ; gain = 426.477
Finished Rebuilding User Hierarchy : Time (s): cpu = 00:00:47 ; elapsed = 00:00:55 . Memory (MB): peak = 635.813 ; gain = 426.477
Finished Renaming Generated Ports : Time (s): cpu = 00:00:47 ; elapsed = 00:00:55 . Memory (MB): peak = 635.813 ; gain = 426.477
Finished Handling Custom Attributes : Time (s): cpu = 00:00:47 ; elapsed = 00:00:55 . Memory (MB): peak = 635.813 ; gain = 426.477
Finished Renaming Generated Nets : Time (s): cpu = 00:00:47 ; elapsed = 00:00:55 . Memory (MB): peak = 635.813 ; gain = 426.477

Report Cell Usage: 
+-+-----+------+
| |Cell |Count |
+-+-----+------+
+-+-----+------+
Finished Writing Synthesis Report : Time (s): cpu = 00:00:47 ; elapsed = 00:00:55 . Memory (MB): peak = 635.813 ; gain = 426.477
synth_design: Time (s): cpu = 00:00:42 ; elapsed = 00:00:46 . Memory (MB): peak = 658.938 ; gain = 399.805
