
*** Running vivado
    with args -log design_1_xbar_0.vds -m64 -product Vivado -mode batch -messageDb vivado.pb -notrace -source design_1_xbar_0.tcl


****** Vivado v2016.3 (64-bit)
  **** SW Build 1682563 on Mon Oct 10 19:07:27 MDT 2016
  **** IP Build 1681267 on Mon Oct 10 21:28:31 MDT 2016
    ** Copyright 1986-2016 Xilinx, Inc. All Rights Reserved.

source design_1_xbar_0.tcl -notrace
Starting RTL Elaboration : Time (s): cpu = 00:00:18 ; elapsed = 00:00:23 . Memory (MB): peak = 354.516 ; gain = 144.941
INFO: [Synth 8-638] synthesizing module 'design_1_xbar_0' [a:/COMP_ARCH/PYNQ_Projects/Vivado_prj/skipprefetch_Dynamic_N/skipprefetch_Dynamic_N.srcs/sources_1/bd/design_1/ip/design_1_xbar_0/synth/design_1_xbar_0.v:59]
INFO: [Synth 8-638] synthesizing module 'axi_crossbar_v2_1_11_axi_crossbar' [a:/COMP_ARCH/PYNQ_Projects/Vivado_prj/skipprefetch_Dynamic_N/skipprefetch_Dynamic_N.srcs/sources_1/bd/design_1/ipshared/d552/hdl/axi_crossbar_v2_1_vl_rfs.v:4882]
INFO: [Synth 8-638] synthesizing module 'axi_crossbar_v2_1_11_crossbar' [a:/COMP_ARCH/PYNQ_Projects/Vivado_prj/skipprefetch_Dynamic_N/skipprefetch_Dynamic_N.srcs/sources_1/bd/design_1/ipshared/d552/hdl/axi_crossbar_v2_1_vl_rfs.v:2239]
INFO: [Synth 8-638] synthesizing module 'axi_crossbar_v2_1_11_si_transactor' [a:/COMP_ARCH/PYNQ_Projects/Vivado_prj/skipprefetch_Dynamic_N/skipprefetch_Dynamic_N.srcs/sources_1/bd/design_1/ipshared/d552/hdl/axi_crossbar_v2_1_vl_rfs.v:3798]
INFO: [Synth 8-638] synthesizing module 'axi_crossbar_v2_1_11_addr_decoder' [a:/COMP_ARCH/PYNQ_Projects/Vivado_prj/skipprefetch_Dynamic_N/skipprefetch_Dynamic_N.srcs/sources_1/bd/design_1/ipshared/d552/hdl/axi_crossbar_v2_1_vl_rfs.v:794]
INFO: [Synth 8-638] synthesizing module 'generic_baseblocks_v2_1_0_comparator_static' [a:/COMP_ARCH/PYNQ_Projects/Vivado_prj/skipprefetch_Dynamic_N/skipprefetch_Dynamic_N.srcs/sources_1/bd/design_1/ipshared/7ee0/hdl/generic_baseblocks_v2_1_vl_rfs.v:2133]
INFO: [Synth 8-638] synthesizing module 'generic_baseblocks_v2_1_0_carry_and' [a:/COMP_ARCH/PYNQ_Projects/Vivado_prj/skipprefetch_Dynamic_N/skipprefetch_Dynamic_N.srcs/sources_1/bd/design_1/ipshared/7ee0/hdl/generic_baseblocks_v2_1_vl_rfs.v:62]
INFO: [Synth 8-256] done synthesizing module 'generic_baseblocks_v2_1_0_carry_and' (1#1) [a:/COMP_ARCH/PYNQ_Projects/Vivado_prj/skipprefetch_Dynamic_N/skipprefetch_Dynamic_N.srcs/sources_1/bd/design_1/ipshared/7ee0/hdl/generic_baseblocks_v2_1_vl_rfs.v:62]
INFO: [Synth 8-256] done synthesizing module 'generic_baseblocks_v2_1_0_comparator_static' (2#1) [a:/COMP_ARCH/PYNQ_Projects/Vivado_prj/skipprefetch_Dynamic_N/skipprefetch_Dynamic_N.srcs/sources_1/bd/design_1/ipshared/7ee0/hdl/generic_baseblocks_v2_1_vl_rfs.v:2133]
INFO: [Synth 8-638] synthesizing module 'generic_baseblocks_v2_1_0_comparator_static__parameterized0' [a:/COMP_ARCH/PYNQ_Projects/Vivado_prj/skipprefetch_Dynamic_N/skipprefetch_Dynamic_N.srcs/sources_1/bd/design_1/ipshared/7ee0/hdl/generic_baseblocks_v2_1_vl_rfs.v:2133]
INFO: [Synth 8-256] done synthesizing module 'generic_baseblocks_v2_1_0_comparator_static__parameterized0' (2#1) [a:/COMP_ARCH/PYNQ_Projects/Vivado_prj/skipprefetch_Dynamic_N/skipprefetch_Dynamic_N.srcs/sources_1/bd/design_1/ipshared/7ee0/hdl/generic_baseblocks_v2_1_vl_rfs.v:2133]
INFO: [Synth 8-638] synthesizing module 'generic_baseblocks_v2_1_0_comparator_static__parameterized1' [a:/COMP_ARCH/PYNQ_Projects/Vivado_prj/skipprefetch_Dynamic_N/skipprefetch_Dynamic_N.srcs/sources_1/bd/design_1/ipshared/7ee0/hdl/generic_baseblocks_v2_1_vl_rfs.v:2133]
INFO: [Synth 8-256] done synthesizing module 'generic_baseblocks_v2_1_0_comparator_static__parameterized1' (2#1) [a:/COMP_ARCH/PYNQ_Projects/Vivado_prj/skipprefetch_Dynamic_N/skipprefetch_Dynamic_N.srcs/sources_1/bd/design_1/ipshared/7ee0/hdl/generic_baseblocks_v2_1_vl_rfs.v:2133]
INFO: [Synth 8-638] synthesizing module 'generic_baseblocks_v2_1_0_comparator_static__parameterized2' [a:/COMP_ARCH/PYNQ_Projects/Vivado_prj/skipprefetch_Dynamic_N/skipprefetch_Dynamic_N.srcs/sources_1/bd/design_1/ipshared/7ee0/hdl/generic_baseblocks_v2_1_vl_rfs.v:2133]
INFO: [Synth 8-256] done synthesizing module 'generic_baseblocks_v2_1_0_comparator_static__parameterized2' (2#1) [a:/COMP_ARCH/PYNQ_Projects/Vivado_prj/skipprefetch_Dynamic_N/skipprefetch_Dynamic_N.srcs/sources_1/bd/design_1/ipshared/7ee0/hdl/generic_baseblocks_v2_1_vl_rfs.v:2133]
INFO: [Synth 8-256] done synthesizing module 'axi_crossbar_v2_1_11_addr_decoder' (3#1) [a:/COMP_ARCH/PYNQ_Projects/Vivado_prj/skipprefetch_Dynamic_N/skipprefetch_Dynamic_N.srcs/sources_1/bd/design_1/ipshared/d552/hdl/axi_crossbar_v2_1_vl_rfs.v:794]
INFO: [Synth 8-638] synthesizing module 'axi_data_fifo_v2_1_9_axic_srl_fifo' [a:/COMP_ARCH/PYNQ_Projects/Vivado_prj/skipprefetch_Dynamic_N/skipprefetch_Dynamic_N.srcs/sources_1/bd/design_1/ipshared/10b8/hdl/axi_data_fifo_v2_1_vl_rfs.v:698]
INFO: [Synth 8-638] synthesizing module 'axi_data_fifo_v2_1_9_ndeep_srl' [a:/COMP_ARCH/PYNQ_Projects/Vivado_prj/skipprefetch_Dynamic_N/skipprefetch_Dynamic_N.srcs/sources_1/bd/design_1/ipshared/10b8/hdl/axi_data_fifo_v2_1_vl_rfs.v:1134]
INFO: [Synth 8-638] synthesizing module 'SRLC32E' [C:/Xilinx/Vivado/2016.3/scripts/rt/data/unisim_comp.v:43478]
INFO: [Synth 8-256] done synthesizing module 'SRLC32E' (4#1) [C:/Xilinx/Vivado/2016.3/scripts/rt/data/unisim_comp.v:43478]
INFO: [Synth 8-256] done synthesizing module 'axi_data_fifo_v2_1_9_ndeep_srl' (5#1) [a:/COMP_ARCH/PYNQ_Projects/Vivado_prj/skipprefetch_Dynamic_N/skipprefetch_Dynamic_N.srcs/sources_1/bd/design_1/ipshared/10b8/hdl/axi_data_fifo_v2_1_vl_rfs.v:1134]
INFO: [Synth 8-256] done synthesizing module 'axi_data_fifo_v2_1_9_axic_srl_fifo' (6#1) [a:/COMP_ARCH/PYNQ_Projects/Vivado_prj/skipprefetch_Dynamic_N/skipprefetch_Dynamic_N.srcs/sources_1/bd/design_1/ipshared/10b8/hdl/axi_data_fifo_v2_1_vl_rfs.v:698]
INFO: [Synth 8-638] synthesizing module 'generic_baseblocks_v2_1_0_mux_enc' [a:/COMP_ARCH/PYNQ_Projects/Vivado_prj/skipprefetch_Dynamic_N/skipprefetch_Dynamic_N.srcs/sources_1/bd/design_1/ipshared/7ee0/hdl/generic_baseblocks_v2_1_vl_rfs.v:2452]
INFO: [Synth 8-256] done synthesizing module 'generic_baseblocks_v2_1_0_mux_enc' (7#1) [a:/COMP_ARCH/PYNQ_Projects/Vivado_prj/skipprefetch_Dynamic_N/skipprefetch_Dynamic_N.srcs/sources_1/bd/design_1/ipshared/7ee0/hdl/generic_baseblocks_v2_1_vl_rfs.v:2452]
INFO: [Synth 8-256] done synthesizing module 'axi_crossbar_v2_1_11_si_transactor' (8#1) [a:/COMP_ARCH/PYNQ_Projects/Vivado_prj/skipprefetch_Dynamic_N/skipprefetch_Dynamic_N.srcs/sources_1/bd/design_1/ipshared/d552/hdl/axi_crossbar_v2_1_vl_rfs.v:3798]
INFO: [Synth 8-638] synthesizing module 'axi_crossbar_v2_1_11_si_transactor__parameterized0' [a:/COMP_ARCH/PYNQ_Projects/Vivado_prj/skipprefetch_Dynamic_N/skipprefetch_Dynamic_N.srcs/sources_1/bd/design_1/ipshared/d552/hdl/axi_crossbar_v2_1_vl_rfs.v:3798]
INFO: [Synth 8-638] synthesizing module 'generic_baseblocks_v2_1_0_mux_enc__parameterized0' [a:/COMP_ARCH/PYNQ_Projects/Vivado_prj/skipprefetch_Dynamic_N/skipprefetch_Dynamic_N.srcs/sources_1/bd/design_1/ipshared/7ee0/hdl/generic_baseblocks_v2_1_vl_rfs.v:2452]
INFO: [Synth 8-256] done synthesizing module 'generic_baseblocks_v2_1_0_mux_enc__parameterized0' (8#1) [a:/COMP_ARCH/PYNQ_Projects/Vivado_prj/skipprefetch_Dynamic_N/skipprefetch_Dynamic_N.srcs/sources_1/bd/design_1/ipshared/7ee0/hdl/generic_baseblocks_v2_1_vl_rfs.v:2452]
INFO: [Synth 8-256] done synthesizing module 'axi_crossbar_v2_1_11_si_transactor__parameterized0' (8#1) [a:/COMP_ARCH/PYNQ_Projects/Vivado_prj/skipprefetch_Dynamic_N/skipprefetch_Dynamic_N.srcs/sources_1/bd/design_1/ipshared/d552/hdl/axi_crossbar_v2_1_vl_rfs.v:3798]
INFO: [Synth 8-638] synthesizing module 'axi_crossbar_v2_1_11_splitter' [a:/COMP_ARCH/PYNQ_Projects/Vivado_prj/skipprefetch_Dynamic_N/skipprefetch_Dynamic_N.srcs/sources_1/bd/design_1/ipshared/d552/hdl/axi_crossbar_v2_1_vl_rfs.v:4459]
INFO: [Synth 8-256] done synthesizing module 'axi_crossbar_v2_1_11_splitter' (9#1) [a:/COMP_ARCH/PYNQ_Projects/Vivado_prj/skipprefetch_Dynamic_N/skipprefetch_Dynamic_N.srcs/sources_1/bd/design_1/ipshared/d552/hdl/axi_crossbar_v2_1_vl_rfs.v:4459]
INFO: [Synth 8-638] synthesizing module 'axi_crossbar_v2_1_11_wdata_router' [a:/COMP_ARCH/PYNQ_Projects/Vivado_prj/skipprefetch_Dynamic_N/skipprefetch_Dynamic_N.srcs/sources_1/bd/design_1/ipshared/d552/hdl/axi_crossbar_v2_1_vl_rfs.v:4734]
INFO: [Synth 8-638] synthesizing module 'axi_data_fifo_v2_1_9_axic_reg_srl_fifo' [a:/COMP_ARCH/PYNQ_Projects/Vivado_prj/skipprefetch_Dynamic_N/skipprefetch_Dynamic_N.srcs/sources_1/bd/design_1/ipshared/10b8/hdl/axi_data_fifo_v2_1_vl_rfs.v:889]
INFO: [Synth 8-638] synthesizing module 'axi_data_fifo_v2_1_9_ndeep_srl__parameterized0' [a:/COMP_ARCH/PYNQ_Projects/Vivado_prj/skipprefetch_Dynamic_N/skipprefetch_Dynamic_N.srcs/sources_1/bd/design_1/ipshared/10b8/hdl/axi_data_fifo_v2_1_vl_rfs.v:1134]
INFO: [Synth 8-256] done synthesizing module 'axi_data_fifo_v2_1_9_ndeep_srl__parameterized0' (9#1) [a:/COMP_ARCH/PYNQ_Projects/Vivado_prj/skipprefetch_Dynamic_N/skipprefetch_Dynamic_N.srcs/sources_1/bd/design_1/ipshared/10b8/hdl/axi_data_fifo_v2_1_vl_rfs.v:1134]
INFO: [Synth 8-256] done synthesizing module 'axi_data_fifo_v2_1_9_axic_reg_srl_fifo' (10#1) [a:/COMP_ARCH/PYNQ_Projects/Vivado_prj/skipprefetch_Dynamic_N/skipprefetch_Dynamic_N.srcs/sources_1/bd/design_1/ipshared/10b8/hdl/axi_data_fifo_v2_1_vl_rfs.v:889]
INFO: [Synth 8-256] done synthesizing module 'axi_crossbar_v2_1_11_wdata_router' (11#1) [a:/COMP_ARCH/PYNQ_Projects/Vivado_prj/skipprefetch_Dynamic_N/skipprefetch_Dynamic_N.srcs/sources_1/bd/design_1/ipshared/d552/hdl/axi_crossbar_v2_1_vl_rfs.v:4734]
INFO: [Synth 8-638] synthesizing module 'axi_crossbar_v2_1_11_si_transactor__parameterized1' [a:/COMP_ARCH/PYNQ_Projects/Vivado_prj/skipprefetch_Dynamic_N/skipprefetch_Dynamic_N.srcs/sources_1/bd/design_1/ipshared/d552/hdl/axi_crossbar_v2_1_vl_rfs.v:3798]
INFO: [Synth 8-256] done synthesizing module 'axi_crossbar_v2_1_11_si_transactor__parameterized1' (11#1) [a:/COMP_ARCH/PYNQ_Projects/Vivado_prj/skipprefetch_Dynamic_N/skipprefetch_Dynamic_N.srcs/sources_1/bd/design_1/ipshared/d552/hdl/axi_crossbar_v2_1_vl_rfs.v:3798]
INFO: [Synth 8-638] synthesizing module 'axi_crossbar_v2_1_11_si_transactor__parameterized2' [a:/COMP_ARCH/PYNQ_Projects/Vivado_prj/skipprefetch_Dynamic_N/skipprefetch_Dynamic_N.srcs/sources_1/bd/design_1/ipshared/d552/hdl/axi_crossbar_v2_1_vl_rfs.v:3798]
INFO: [Synth 8-638] synthesizing module 'generic_baseblocks_v2_1_0_mux_enc__parameterized1' [a:/COMP_ARCH/PYNQ_Projects/Vivado_prj/skipprefetch_Dynamic_N/skipprefetch_Dynamic_N.srcs/sources_1/bd/design_1/ipshared/7ee0/hdl/generic_baseblocks_v2_1_vl_rfs.v:2452]
INFO: [Synth 8-256] done synthesizing module 'generic_baseblocks_v2_1_0_mux_enc__parameterized1' (11#1) [a:/COMP_ARCH/PYNQ_Projects/Vivado_prj/skipprefetch_Dynamic_N/skipprefetch_Dynamic_N.srcs/sources_1/bd/design_1/ipshared/7ee0/hdl/generic_baseblocks_v2_1_vl_rfs.v:2452]
INFO: [Synth 8-256] done synthesizing module 'axi_crossbar_v2_1_11_si_transactor__parameterized2' (11#1) [a:/COMP_ARCH/PYNQ_Projects/Vivado_prj/skipprefetch_Dynamic_N/skipprefetch_Dynamic_N.srcs/sources_1/bd/design_1/ipshared/d552/hdl/axi_crossbar_v2_1_vl_rfs.v:3798]
INFO: [Synth 8-638] synthesizing module 'axi_crossbar_v2_1_11_addr_decoder__parameterized0' [a:/COMP_ARCH/PYNQ_Projects/Vivado_prj/skipprefetch_Dynamic_N/skipprefetch_Dynamic_N.srcs/sources_1/bd/design_1/ipshared/d552/hdl/axi_crossbar_v2_1_vl_rfs.v:794]
INFO: [Synth 8-256] done synthesizing module 'axi_crossbar_v2_1_11_addr_decoder__parameterized0' (11#1) [a:/COMP_ARCH/PYNQ_Projects/Vivado_prj/skipprefetch_Dynamic_N/skipprefetch_Dynamic_N.srcs/sources_1/bd/design_1/ipshared/d552/hdl/axi_crossbar_v2_1_vl_rfs.v:794]
INFO: [Synth 8-638] synthesizing module 'axi_crossbar_v2_1_11_addr_decoder__parameterized1' [a:/COMP_ARCH/PYNQ_Projects/Vivado_prj/skipprefetch_Dynamic_N/skipprefetch_Dynamic_N.srcs/sources_1/bd/design_1/ipshared/d552/hdl/axi_crossbar_v2_1_vl_rfs.v:794]
INFO: [Synth 8-256] done synthesizing module 'axi_crossbar_v2_1_11_addr_decoder__parameterized1' (11#1) [a:/COMP_ARCH/PYNQ_Projects/Vivado_prj/skipprefetch_Dynamic_N/skipprefetch_Dynamic_N.srcs/sources_1/bd/design_1/ipshared/d552/hdl/axi_crossbar_v2_1_vl_rfs.v:794]
INFO: [Synth 8-638] synthesizing module 'axi_data_fifo_v2_1_9_axic_srl_fifo__parameterized0' [a:/COMP_ARCH/PYNQ_Projects/Vivado_prj/skipprefetch_Dynamic_N/skipprefetch_Dynamic_N.srcs/sources_1/bd/design_1/ipshared/10b8/hdl/axi_data_fifo_v2_1_vl_rfs.v:698]
INFO: [Synth 8-638] synthesizing module 'axi_data_fifo_v2_1_9_ndeep_srl__parameterized1' [a:/COMP_ARCH/PYNQ_Projects/Vivado_prj/skipprefetch_Dynamic_N/skipprefetch_Dynamic_N.srcs/sources_1/bd/design_1/ipshared/10b8/hdl/axi_data_fifo_v2_1_vl_rfs.v:1134]
INFO: [Synth 8-256] done synthesizing module 'axi_data_fifo_v2_1_9_ndeep_srl__parameterized1' (11#1) [a:/COMP_ARCH/PYNQ_Projects/Vivado_prj/skipprefetch_Dynamic_N/skipprefetch_Dynamic_N.srcs/sources_1/bd/design_1/ipshared/10b8/hdl/axi_data_fifo_v2_1_vl_rfs.v:1134]
INFO: [Synth 8-638] synthesizing module 'axi_data_fifo_v2_1_9_ndeep_srl__parameterized2' [a:/COMP_ARCH/PYNQ_Projects/Vivado_prj/skipprefetch_Dynamic_N/skipprefetch_Dynamic_N.srcs/sources_1/bd/design_1/ipshared/10b8/hdl/axi_data_fifo_v2_1_vl_rfs.v:1134]
INFO: [Synth 8-256] done synthesizing module 'axi_data_fifo_v2_1_9_ndeep_srl__parameterized2' (11#1) [a:/COMP_ARCH/PYNQ_Projects/Vivado_prj/skipprefetch_Dynamic_N/skipprefetch_Dynamic_N.srcs/sources_1/bd/design_1/ipshared/10b8/hdl/axi_data_fifo_v2_1_vl_rfs.v:1134]
INFO: [Synth 8-638] synthesizing module 'axi_data_fifo_v2_1_9_ndeep_srl__parameterized3' [a:/COMP_ARCH/PYNQ_Projects/Vivado_prj/skipprefetch_Dynamic_N/skipprefetch_Dynamic_N.srcs/sources_1/bd/design_1/ipshared/10b8/hdl/axi_data_fifo_v2_1_vl_rfs.v:1134]
INFO: [Synth 8-256] done synthesizing module 'axi_data_fifo_v2_1_9_ndeep_srl__parameterized3' (11#1) [a:/COMP_ARCH/PYNQ_Projects/Vivado_prj/skipprefetch_Dynamic_N/skipprefetch_Dynamic_N.srcs/sources_1/bd/design_1/ipshared/10b8/hdl/axi_data_fifo_v2_1_vl_rfs.v:1134]
INFO: [Synth 8-638] synthesizing module 'axi_data_fifo_v2_1_9_ndeep_srl__parameterized4' [a:/COMP_ARCH/PYNQ_Projects/Vivado_prj/skipprefetch_Dynamic_N/skipprefetch_Dynamic_N.srcs/sources_1/bd/design_1/ipshared/10b8/hdl/axi_data_fifo_v2_1_vl_rfs.v:1134]
INFO: [Synth 8-256] done synthesizing module 'axi_data_fifo_v2_1_9_ndeep_srl__parameterized4' (11#1) [a:/COMP_ARCH/PYNQ_Projects/Vivado_prj/skipprefetch_Dynamic_N/skipprefetch_Dynamic_N.srcs/sources_1/bd/design_1/ipshared/10b8/hdl/axi_data_fifo_v2_1_vl_rfs.v:1134]
INFO: [Synth 8-638] synthesizing module 'axi_data_fifo_v2_1_9_ndeep_srl__parameterized5' [a:/COMP_ARCH/PYNQ_Projects/Vivado_prj/skipprefetch_Dynamic_N/skipprefetch_Dynamic_N.srcs/sources_1/bd/design_1/ipshared/10b8/hdl/axi_data_fifo_v2_1_vl_rfs.v:1134]
INFO: [Synth 8-256] done synthesizing module 'axi_data_fifo_v2_1_9_ndeep_srl__parameterized5' (11#1) [a:/COMP_ARCH/PYNQ_Projects/Vivado_prj/skipprefetch_Dynamic_N/skipprefetch_Dynamic_N.srcs/sources_1/bd/design_1/ipshared/10b8/hdl/axi_data_fifo_v2_1_vl_rfs.v:1134]
INFO: [Synth 8-638] synthesizing module 'axi_data_fifo_v2_1_9_ndeep_srl__parameterized6' [a:/COMP_ARCH/PYNQ_Projects/Vivado_prj/skipprefetch_Dynamic_N/skipprefetch_Dynamic_N.srcs/sources_1/bd/design_1/ipshared/10b8/hdl/axi_data_fifo_v2_1_vl_rfs.v:1134]
INFO: [Synth 8-256] done synthesizing module 'axi_data_fifo_v2_1_9_ndeep_srl__parameterized6' (11#1) [a:/COMP_ARCH/PYNQ_Projects/Vivado_prj/skipprefetch_Dynamic_N/skipprefetch_Dynamic_N.srcs/sources_1/bd/design_1/ipshared/10b8/hdl/axi_data_fifo_v2_1_vl_rfs.v:1134]
INFO: [Synth 8-638] synthesizing module 'axi_data_fifo_v2_1_9_ndeep_srl__parameterized7' [a:/COMP_ARCH/PYNQ_Projects/Vivado_prj/skipprefetch_Dynamic_N/skipprefetch_Dynamic_N.srcs/sources_1/bd/design_1/ipshared/10b8/hdl/axi_data_fifo_v2_1_vl_rfs.v:1134]
INFO: [Synth 8-256] done synthesizing module 'axi_data_fifo_v2_1_9_ndeep_srl__parameterized7' (11#1) [a:/COMP_ARCH/PYNQ_Projects/Vivado_prj/skipprefetch_Dynamic_N/skipprefetch_Dynamic_N.srcs/sources_1/bd/design_1/ipshared/10b8/hdl/axi_data_fifo_v2_1_vl_rfs.v:1134]
INFO: [Synth 8-638] synthesizing module 'axi_data_fifo_v2_1_9_ndeep_srl__parameterized8' [a:/COMP_ARCH/PYNQ_Projects/Vivado_prj/skipprefetch_Dynamic_N/skipprefetch_Dynamic_N.srcs/sources_1/bd/design_1/ipshared/10b8/hdl/axi_data_fifo_v2_1_vl_rfs.v:1134]
INFO: [Synth 8-256] done synthesizing module 'axi_data_fifo_v2_1_9_ndeep_srl__parameterized8' (11#1) [a:/COMP_ARCH/PYNQ_Projects/Vivado_prj/skipprefetch_Dynamic_N/skipprefetch_Dynamic_N.srcs/sources_1/bd/design_1/ipshared/10b8/hdl/axi_data_fifo_v2_1_vl_rfs.v:1134]
INFO: [Synth 8-256] done synthesizing module 'axi_data_fifo_v2_1_9_axic_srl_fifo__parameterized0' (11#1) [a:/COMP_ARCH/PYNQ_Projects/Vivado_prj/skipprefetch_Dynamic_N/skipprefetch_Dynamic_N.srcs/sources_1/bd/design_1/ipshared/10b8/hdl/axi_data_fifo_v2_1_vl_rfs.v:698]
INFO: [Synth 8-638] synthesizing module 'axi_crossbar_v2_1_11_wdata_mux' [a:/COMP_ARCH/PYNQ_Projects/Vivado_prj/skipprefetch_Dynamic_N/skipprefetch_Dynamic_N.srcs/sources_1/bd/design_1/ipshared/d552/hdl/axi_crossbar_v2_1_vl_rfs.v:4559]
INFO: [Synth 8-638] synthesizing module 'axi_data_fifo_v2_1_9_axic_reg_srl_fifo__parameterized0' [a:/COMP_ARCH/PYNQ_Projects/Vivado_prj/skipprefetch_Dynamic_N/skipprefetch_Dynamic_N.srcs/sources_1/bd/design_1/ipshared/10b8/hdl/axi_data_fifo_v2_1_vl_rfs.v:889]
INFO: [Synth 8-638] synthesizing module 'axi_data_fifo_v2_1_9_ndeep_srl__parameterized9' [a:/COMP_ARCH/PYNQ_Projects/Vivado_prj/skipprefetch_Dynamic_N/skipprefetch_Dynamic_N.srcs/sources_1/bd/design_1/ipshared/10b8/hdl/axi_data_fifo_v2_1_vl_rfs.v:1134]
INFO: [Synth 8-256] done synthesizing module 'axi_data_fifo_v2_1_9_ndeep_srl__parameterized9' (11#1) [a:/COMP_ARCH/PYNQ_Projects/Vivado_prj/skipprefetch_Dynamic_N/skipprefetch_Dynamic_N.srcs/sources_1/bd/design_1/ipshared/10b8/hdl/axi_data_fifo_v2_1_vl_rfs.v:1134]
INFO: [Synth 8-256] done synthesizing module 'axi_data_fifo_v2_1_9_axic_reg_srl_fifo__parameterized0' (11#1) [a:/COMP_ARCH/PYNQ_Projects/Vivado_prj/skipprefetch_Dynamic_N/skipprefetch_Dynamic_N.srcs/sources_1/bd/design_1/ipshared/10b8/hdl/axi_data_fifo_v2_1_vl_rfs.v:889]
INFO: [Synth 8-638] synthesizing module 'generic_baseblocks_v2_1_0_mux_enc__parameterized2' [a:/COMP_ARCH/PYNQ_Projects/Vivado_prj/skipprefetch_Dynamic_N/skipprefetch_Dynamic_N.srcs/sources_1/bd/design_1/ipshared/7ee0/hdl/generic_baseblocks_v2_1_vl_rfs.v:2452]
INFO: [Synth 8-256] done synthesizing module 'generic_baseblocks_v2_1_0_mux_enc__parameterized2' (11#1) [a:/COMP_ARCH/PYNQ_Projects/Vivado_prj/skipprefetch_Dynamic_N/skipprefetch_Dynamic_N.srcs/sources_1/bd/design_1/ipshared/7ee0/hdl/generic_baseblocks_v2_1_vl_rfs.v:2452]
INFO: [Synth 8-256] done synthesizing module 'axi_crossbar_v2_1_11_wdata_mux' (12#1) [a:/COMP_ARCH/PYNQ_Projects/Vivado_prj/skipprefetch_Dynamic_N/skipprefetch_Dynamic_N.srcs/sources_1/bd/design_1/ipshared/d552/hdl/axi_crossbar_v2_1_vl_rfs.v:4559]
INFO: [Synth 8-638] synthesizing module 'axi_register_slice_v2_1_10_axi_register_slice' [a:/COMP_ARCH/PYNQ_Projects/Vivado_prj/skipprefetch_Dynamic_N/skipprefetch_Dynamic_N.srcs/sources_1/bd/design_1/ipshared/7efe/hdl/axi_register_slice_v2_1_vl_rfs.v:791]
INFO: [Synth 8-638] synthesizing module 'axi_infrastructure_v1_1_0_axi2vector' [a:/COMP_ARCH/PYNQ_Projects/Vivado_prj/skipprefetch_Dynamic_N/skipprefetch_Dynamic_N.srcs/sources_1/bd/design_1/ipshared/7e3a/hdl/axi_infrastructure_v1_1_vl_rfs.v:60]
INFO: [Synth 8-256] done synthesizing module 'axi_infrastructure_v1_1_0_axi2vector' (13#1) [a:/COMP_ARCH/PYNQ_Projects/Vivado_prj/skipprefetch_Dynamic_N/skipprefetch_Dynamic_N.srcs/sources_1/bd/design_1/ipshared/7e3a/hdl/axi_infrastructure_v1_1_vl_rfs.v:60]
INFO: [Synth 8-638] synthesizing module 'axi_register_slice_v2_1_10_axic_register_slice' [a:/COMP_ARCH/PYNQ_Projects/Vivado_prj/skipprefetch_Dynamic_N/skipprefetch_Dynamic_N.srcs/sources_1/bd/design_1/ipshared/7efe/hdl/axi_register_slice_v2_1_vl_rfs.v:85]
INFO: [Synth 8-256] done synthesizing module 'axi_register_slice_v2_1_10_axic_register_slice' (14#1) [a:/COMP_ARCH/PYNQ_Projects/Vivado_prj/skipprefetch_Dynamic_N/skipprefetch_Dynamic_N.srcs/sources_1/bd/design_1/ipshared/7efe/hdl/axi_register_slice_v2_1_vl_rfs.v:85]
INFO: [Synth 8-638] synthesizing module 'axi_register_slice_v2_1_10_axic_register_slice__parameterized0' [a:/COMP_ARCH/PYNQ_Projects/Vivado_prj/skipprefetch_Dynamic_N/skipprefetch_Dynamic_N.srcs/sources_1/bd/design_1/ipshared/7efe/hdl/axi_register_slice_v2_1_vl_rfs.v:85]
INFO: [Synth 8-256] done synthesizing module 'axi_register_slice_v2_1_10_axic_register_slice__parameterized0' (14#1) [a:/COMP_ARCH/PYNQ_Projects/Vivado_prj/skipprefetch_Dynamic_N/skipprefetch_Dynamic_N.srcs/sources_1/bd/design_1/ipshared/7efe/hdl/axi_register_slice_v2_1_vl_rfs.v:85]
INFO: [Synth 8-638] synthesizing module 'axi_register_slice_v2_1_10_axic_register_slice__parameterized1' [a:/COMP_ARCH/PYNQ_Projects/Vivado_prj/skipprefetch_Dynamic_N/skipprefetch_Dynamic_N.srcs/sources_1/bd/design_1/ipshared/7efe/hdl/axi_register_slice_v2_1_vl_rfs.v:85]
INFO: [Synth 8-256] done synthesizing module 'axi_register_slice_v2_1_10_axic_register_slice__parameterized1' (14#1) [a:/COMP_ARCH/PYNQ_Projects/Vivado_prj/skipprefetch_Dynamic_N/skipprefetch_Dynamic_N.srcs/sources_1/bd/design_1/ipshared/7efe/hdl/axi_register_slice_v2_1_vl_rfs.v:85]
INFO: [Synth 8-638] synthesizing module 'axi_register_slice_v2_1_10_axic_register_slice__parameterized2' [a:/COMP_ARCH/PYNQ_Projects/Vivado_prj/skipprefetch_Dynamic_N/skipprefetch_Dynamic_N.srcs/sources_1/bd/design_1/ipshared/7efe/hdl/axi_register_slice_v2_1_vl_rfs.v:85]
INFO: [Synth 8-256] done synthesizing module 'axi_register_slice_v2_1_10_axic_register_slice__parameterized2' (14#1) [a:/COMP_ARCH/PYNQ_Projects/Vivado_prj/skipprefetch_Dynamic_N/skipprefetch_Dynamic_N.srcs/sources_1/bd/design_1/ipshared/7efe/hdl/axi_register_slice_v2_1_vl_rfs.v:85]
INFO: [Synth 8-638] synthesizing module 'axi_infrastructure_v1_1_0_vector2axi' [a:/COMP_ARCH/PYNQ_Projects/Vivado_prj/skipprefetch_Dynamic_N/skipprefetch_Dynamic_N.srcs/sources_1/bd/design_1/ipshared/7e3a/hdl/axi_infrastructure_v1_1_vl_rfs.v:474]
INFO: [Synth 8-256] done synthesizing module 'axi_infrastructure_v1_1_0_vector2axi' (15#1) [a:/COMP_ARCH/PYNQ_Projects/Vivado_prj/skipprefetch_Dynamic_N/skipprefetch_Dynamic_N.srcs/sources_1/bd/design_1/ipshared/7e3a/hdl/axi_infrastructure_v1_1_vl_rfs.v:474]
INFO: [Synth 8-256] done synthesizing module 'axi_register_slice_v2_1_10_axi_register_slice' (16#1) [a:/COMP_ARCH/PYNQ_Projects/Vivado_prj/skipprefetch_Dynamic_N/skipprefetch_Dynamic_N.srcs/sources_1/bd/design_1/ipshared/7efe/hdl/axi_register_slice_v2_1_vl_rfs.v:791]
INFO: [Synth 8-638] synthesizing module 'axi_crossbar_v2_1_11_addr_decoder__parameterized2' [a:/COMP_ARCH/PYNQ_Projects/Vivado_prj/skipprefetch_Dynamic_N/skipprefetch_Dynamic_N.srcs/sources_1/bd/design_1/ipshared/d552/hdl/axi_crossbar_v2_1_vl_rfs.v:794]
INFO: [Synth 8-256] done synthesizing module 'axi_crossbar_v2_1_11_addr_decoder__parameterized2' (16#1) [a:/COMP_ARCH/PYNQ_Projects/Vivado_prj/skipprefetch_Dynamic_N/skipprefetch_Dynamic_N.srcs/sources_1/bd/design_1/ipshared/d552/hdl/axi_crossbar_v2_1_vl_rfs.v:794]
INFO: [Synth 8-638] synthesizing module 'axi_crossbar_v2_1_11_addr_decoder__parameterized3' [a:/COMP_ARCH/PYNQ_Projects/Vivado_prj/skipprefetch_Dynamic_N/skipprefetch_Dynamic_N.srcs/sources_1/bd/design_1/ipshared/d552/hdl/axi_crossbar_v2_1_vl_rfs.v:794]
INFO: [Synth 8-256] done synthesizing module 'axi_crossbar_v2_1_11_addr_decoder__parameterized3' (16#1) [a:/COMP_ARCH/PYNQ_Projects/Vivado_prj/skipprefetch_Dynamic_N/skipprefetch_Dynamic_N.srcs/sources_1/bd/design_1/ipshared/d552/hdl/axi_crossbar_v2_1_vl_rfs.v:794]
INFO: [Synth 8-638] synthesizing module 'axi_data_fifo_v2_1_9_axic_srl_fifo__parameterized1' [a:/COMP_ARCH/PYNQ_Projects/Vivado_prj/skipprefetch_Dynamic_N/skipprefetch_Dynamic_N.srcs/sources_1/bd/design_1/ipshared/10b8/hdl/axi_data_fifo_v2_1_vl_rfs.v:698]
INFO: [Synth 8-638] synthesizing module 'axi_data_fifo_v2_1_9_ndeep_srl__parameterized10' [a:/COMP_ARCH/PYNQ_Projects/Vivado_prj/skipprefetch_Dynamic_N/skipprefetch_Dynamic_N.srcs/sources_1/bd/design_1/ipshared/10b8/hdl/axi_data_fifo_v2_1_vl_rfs.v:1134]
INFO: [Synth 8-256] done synthesizing module 'axi_data_fifo_v2_1_9_ndeep_srl__parameterized10' (16#1) [a:/COMP_ARCH/PYNQ_Projects/Vivado_prj/skipprefetch_Dynamic_N/skipprefetch_Dynamic_N.srcs/sources_1/bd/design_1/ipshared/10b8/hdl/axi_data_fifo_v2_1_vl_rfs.v:1134]
INFO: [Synth 8-638] synthesizing module 'axi_data_fifo_v2_1_9_ndeep_srl__parameterized11' [a:/COMP_ARCH/PYNQ_Projects/Vivado_prj/skipprefetch_Dynamic_N/skipprefetch_Dynamic_N.srcs/sources_1/bd/design_1/ipshared/10b8/hdl/axi_data_fifo_v2_1_vl_rfs.v:1134]
INFO: [Synth 8-256] done synthesizing module 'axi_data_fifo_v2_1_9_ndeep_srl__parameterized11' (16#1) [a:/COMP_ARCH/PYNQ_Projects/Vivado_prj/skipprefetch_Dynamic_N/skipprefetch_Dynamic_N.srcs/sources_1/bd/design_1/ipshared/10b8/hdl/axi_data_fifo_v2_1_vl_rfs.v:1134]
INFO: [Synth 8-638] synthesizing module 'axi_data_fifo_v2_1_9_ndeep_srl__parameterized12' [a:/COMP_ARCH/PYNQ_Projects/Vivado_prj/skipprefetch_Dynamic_N/skipprefetch_Dynamic_N.srcs/sources_1/bd/design_1/ipshared/10b8/hdl/axi_data_fifo_v2_1_vl_rfs.v:1134]
INFO: [Synth 8-256] done synthesizing module 'axi_data_fifo_v2_1_9_ndeep_srl__parameterized12' (16#1) [a:/COMP_ARCH/PYNQ_Projects/Vivado_prj/skipprefetch_Dynamic_N/skipprefetch_Dynamic_N.srcs/sources_1/bd/design_1/ipshared/10b8/hdl/axi_data_fifo_v2_1_vl_rfs.v:1134]
INFO: [Synth 8-638] synthesizing module 'axi_data_fifo_v2_1_9_ndeep_srl__parameterized13' [a:/COMP_ARCH/PYNQ_Projects/Vivado_prj/skipprefetch_Dynamic_N/skipprefetch_Dynamic_N.srcs/sources_1/bd/design_1/ipshared/10b8/hdl/axi_data_fifo_v2_1_vl_rfs.v:1134]
INFO: [Synth 8-256] done synthesizing module 'axi_data_fifo_v2_1_9_ndeep_srl__parameterized13' (16#1) [a:/COMP_ARCH/PYNQ_Projects/Vivado_prj/skipprefetch_Dynamic_N/skipprefetch_Dynamic_N.srcs/sources_1/bd/design_1/ipshared/10b8/hdl/axi_data_fifo_v2_1_vl_rfs.v:1134]
INFO: [Synth 8-638] synthesizing module 'axi_data_fifo_v2_1_9_ndeep_srl__parameterized14' [a:/COMP_ARCH/PYNQ_Projects/Vivado_prj/skipprefetch_Dynamic_N/skipprefetch_Dynamic_N.srcs/sources_1/bd/design_1/ipshared/10b8/hdl/axi_data_fifo_v2_1_vl_rfs.v:1134]
INFO: [Synth 8-256] done synthesizing module 'axi_data_fifo_v2_1_9_ndeep_srl__parameterized14' (16#1) [a:/COMP_ARCH/PYNQ_Projects/Vivado_prj/skipprefetch_Dynamic_N/skipprefetch_Dynamic_N.srcs/sources_1/bd/design_1/ipshared/10b8/hdl/axi_data_fifo_v2_1_vl_rfs.v:1134]
INFO: [Synth 8-638] synthesizing module 'axi_data_fifo_v2_1_9_ndeep_srl__parameterized15' [a:/COMP_ARCH/PYNQ_Projects/Vivado_prj/skipprefetch_Dynamic_N/skipprefetch_Dynamic_N.srcs/sources_1/bd/design_1/ipshared/10b8/hdl/axi_data_fifo_v2_1_vl_rfs.v:1134]
INFO: [Synth 8-256] done synthesizing module 'axi_data_fifo_v2_1_9_ndeep_srl__parameterized15' (16#1) [a:/COMP_ARCH/PYNQ_Projects/Vivado_prj/skipprefetch_Dynamic_N/skipprefetch_Dynamic_N.srcs/sources_1/bd/design_1/ipshared/10b8/hdl/axi_data_fifo_v2_1_vl_rfs.v:1134]
INFO: [Synth 8-638] synthesizing module 'axi_data_fifo_v2_1_9_ndeep_srl__parameterized16' [a:/COMP_ARCH/PYNQ_Projects/Vivado_prj/skipprefetch_Dynamic_N/skipprefetch_Dynamic_N.srcs/sources_1/bd/design_1/ipshared/10b8/hdl/axi_data_fifo_v2_1_vl_rfs.v:1134]
INFO: [Synth 8-256] done synthesizing module 'axi_data_fifo_v2_1_9_ndeep_srl__parameterized16' (16#1) [a:/COMP_ARCH/PYNQ_Projects/Vivado_prj/skipprefetch_Dynamic_N/skipprefetch_Dynamic_N.srcs/sources_1/bd/design_1/ipshared/10b8/hdl/axi_data_fifo_v2_1_vl_rfs.v:1134]
INFO: [Synth 8-638] synthesizing module 'axi_data_fifo_v2_1_9_ndeep_srl__parameterized17' [a:/COMP_ARCH/PYNQ_Projects/Vivado_prj/skipprefetch_Dynamic_N/skipprefetch_Dynamic_N.srcs/sources_1/bd/design_1/ipshared/10b8/hdl/axi_data_fifo_v2_1_vl_rfs.v:1134]
INFO: [Synth 8-256] done synthesizing module 'axi_data_fifo_v2_1_9_ndeep_srl__parameterized17' (16#1) [a:/COMP_ARCH/PYNQ_Projects/Vivado_prj/skipprefetch_Dynamic_N/skipprefetch_Dynamic_N.srcs/sources_1/bd/design_1/ipshared/10b8/hdl/axi_data_fifo_v2_1_vl_rfs.v:1134]
INFO: [Synth 8-256] done synthesizing module 'axi_data_fifo_v2_1_9_axic_srl_fifo__parameterized1' (16#1) [a:/COMP_ARCH/PYNQ_Projects/Vivado_prj/skipprefetch_Dynamic_N/skipprefetch_Dynamic_N.srcs/sources_1/bd/design_1/ipshared/10b8/hdl/axi_data_fifo_v2_1_vl_rfs.v:698]
INFO: [Synth 8-638] synthesizing module 'axi_crossbar_v2_1_11_wdata_mux__parameterized0' [a:/COMP_ARCH/PYNQ_Projects/Vivado_prj/skipprefetch_Dynamic_N/skipprefetch_Dynamic_N.srcs/sources_1/bd/design_1/ipshared/d552/hdl/axi_crossbar_v2_1_vl_rfs.v:4559]
INFO: [Synth 8-638] synthesizing module 'axi_data_fifo_v2_1_9_axic_reg_srl_fifo__parameterized1' [a:/COMP_ARCH/PYNQ_Projects/Vivado_prj/skipprefetch_Dynamic_N/skipprefetch_Dynamic_N.srcs/sources_1/bd/design_1/ipshared/10b8/hdl/axi_data_fifo_v2_1_vl_rfs.v:889]
INFO: [Synth 8-638] synthesizing module 'axi_data_fifo_v2_1_9_ndeep_srl__parameterized18' [a:/COMP_ARCH/PYNQ_Projects/Vivado_prj/skipprefetch_Dynamic_N/skipprefetch_Dynamic_N.srcs/sources_1/bd/design_1/ipshared/10b8/hdl/axi_data_fifo_v2_1_vl_rfs.v:1134]
INFO: [Synth 8-256] done synthesizing module 'axi_data_fifo_v2_1_9_ndeep_srl__parameterized18' (16#1) [a:/COMP_ARCH/PYNQ_Projects/Vivado_prj/skipprefetch_Dynamic_N/skipprefetch_Dynamic_N.srcs/sources_1/bd/design_1/ipshared/10b8/hdl/axi_data_fifo_v2_1_vl_rfs.v:1134]
INFO: [Synth 8-256] done synthesizing module 'axi_data_fifo_v2_1_9_axic_reg_srl_fifo__parameterized1' (16#1) [a:/COMP_ARCH/PYNQ_Projects/Vivado_prj/skipprefetch_Dynamic_N/skipprefetch_Dynamic_N.srcs/sources_1/bd/design_1/ipshared/10b8/hdl/axi_data_fifo_v2_1_vl_rfs.v:889]
INFO: [Synth 8-638] synthesizing module 'generic_baseblocks_v2_1_0_mux_enc__parameterized3' [a:/COMP_ARCH/PYNQ_Projects/Vivado_prj/skipprefetch_Dynamic_N/skipprefetch_Dynamic_N.srcs/sources_1/bd/design_1/ipshared/7ee0/hdl/generic_baseblocks_v2_1_vl_rfs.v:2452]
INFO: [Synth 8-256] done synthesizing module 'generic_baseblocks_v2_1_0_mux_enc__parameterized3' (16#1) [a:/COMP_ARCH/PYNQ_Projects/Vivado_prj/skipprefetch_Dynamic_N/skipprefetch_Dynamic_N.srcs/sources_1/bd/design_1/ipshared/7ee0/hdl/generic_baseblocks_v2_1_vl_rfs.v:2452]
INFO: [Synth 8-256] done synthesizing module 'axi_crossbar_v2_1_11_wdata_mux__parameterized0' (16#1) [a:/COMP_ARCH/PYNQ_Projects/Vivado_prj/skipprefetch_Dynamic_N/skipprefetch_Dynamic_N.srcs/sources_1/bd/design_1/ipshared/d552/hdl/axi_crossbar_v2_1_vl_rfs.v:4559]
INFO: [Synth 8-638] synthesizing module 'axi_crossbar_v2_1_11_decerr_slave' [a:/COMP_ARCH/PYNQ_Projects/Vivado_prj/skipprefetch_Dynamic_N/skipprefetch_Dynamic_N.srcs/sources_1/bd/design_1/ipshared/d552/hdl/axi_crossbar_v2_1_vl_rfs.v:3500]
INFO: [Synth 8-256] done synthesizing module 'axi_crossbar_v2_1_11_decerr_slave' (17#1) [a:/COMP_ARCH/PYNQ_Projects/Vivado_prj/skipprefetch_Dynamic_N/skipprefetch_Dynamic_N.srcs/sources_1/bd/design_1/ipshared/d552/hdl/axi_crossbar_v2_1_vl_rfs.v:3500]
INFO: [Synth 8-638] synthesizing module 'axi_crossbar_v2_1_11_addr_arbiter' [a:/COMP_ARCH/PYNQ_Projects/Vivado_prj/skipprefetch_Dynamic_N/skipprefetch_Dynamic_N.srcs/sources_1/bd/design_1/ipshared/d552/hdl/axi_crossbar_v2_1_vl_rfs.v:423]
INFO: [Synth 8-638] synthesizing module 'generic_baseblocks_v2_1_0_mux_enc__parameterized4' [a:/COMP_ARCH/PYNQ_Projects/Vivado_prj/skipprefetch_Dynamic_N/skipprefetch_Dynamic_N.srcs/sources_1/bd/design_1/ipshared/7ee0/hdl/generic_baseblocks_v2_1_vl_rfs.v:2452]
INFO: [Synth 8-256] done synthesizing module 'generic_baseblocks_v2_1_0_mux_enc__parameterized4' (17#1) [a:/COMP_ARCH/PYNQ_Projects/Vivado_prj/skipprefetch_Dynamic_N/skipprefetch_Dynamic_N.srcs/sources_1/bd/design_1/ipshared/7ee0/hdl/generic_baseblocks_v2_1_vl_rfs.v:2452]
INFO: [Synth 8-638] synthesizing module 'generic_baseblocks_v2_1_0_mux_enc__parameterized5' [a:/COMP_ARCH/PYNQ_Projects/Vivado_prj/skipprefetch_Dynamic_N/skipprefetch_Dynamic_N.srcs/sources_1/bd/design_1/ipshared/7ee0/hdl/generic_baseblocks_v2_1_vl_rfs.v:2452]
INFO: [Synth 8-256] done synthesizing module 'generic_baseblocks_v2_1_0_mux_enc__parameterized5' (17#1) [a:/COMP_ARCH/PYNQ_Projects/Vivado_prj/skipprefetch_Dynamic_N/skipprefetch_Dynamic_N.srcs/sources_1/bd/design_1/ipshared/7ee0/hdl/generic_baseblocks_v2_1_vl_rfs.v:2452]
INFO: [Synth 8-256] done synthesizing module 'axi_crossbar_v2_1_11_addr_arbiter' (18#1) [a:/COMP_ARCH/PYNQ_Projects/Vivado_prj/skipprefetch_Dynamic_N/skipprefetch_Dynamic_N.srcs/sources_1/bd/design_1/ipshared/d552/hdl/axi_crossbar_v2_1_vl_rfs.v:423]
INFO: [Synth 8-256] done synthesizing module 'axi_crossbar_v2_1_11_crossbar' (19#1) [a:/COMP_ARCH/PYNQ_Projects/Vivado_prj/skipprefetch_Dynamic_N/skipprefetch_Dynamic_N.srcs/sources_1/bd/design_1/ipshared/d552/hdl/axi_crossbar_v2_1_vl_rfs.v:2239]
INFO: [Synth 8-256] done synthesizing module 'axi_crossbar_v2_1_11_axi_crossbar' (20#1) [a:/COMP_ARCH/PYNQ_Projects/Vivado_prj/skipprefetch_Dynamic_N/skipprefetch_Dynamic_N.srcs/sources_1/bd/design_1/ipshared/d552/hdl/axi_crossbar_v2_1_vl_rfs.v:4882]
INFO: [Synth 8-256] done synthesizing module 'design_1_xbar_0' (21#1) [a:/COMP_ARCH/PYNQ_Projects/Vivado_prj/skipprefetch_Dynamic_N/skipprefetch_Dynamic_N.srcs/sources_1/bd/design_1/ip/design_1_xbar_0/synth/design_1_xbar_0.v:59]
Finished RTL Elaboration : Time (s): cpu = 00:00:28 ; elapsed = 00:00:34 . Memory (MB): peak = 477.352 ; gain = 267.777
Finished RTL Optimization Phase 1 : Time (s): cpu = 00:00:28 ; elapsed = 00:00:35 . Memory (MB): peak = 477.352 ; gain = 267.777
INFO: [Device 21-403] Loading part xc7z020clg400-1
Constraint Validation Runtime : Time (s): cpu = 00:00:00 ; elapsed = 00:00:00.132 . Memory (MB): peak = 725.199 ; gain = 0.000
Finished Constraint Validation : Time (s): cpu = 00:00:45 ; elapsed = 00:00:53 . Memory (MB): peak = 725.199 ; gain = 515.625
Finished Loading Part and Timing Information : Time (s): cpu = 00:00:45 ; elapsed = 00:00:53 . Memory (MB): peak = 725.199 ; gain = 515.625
Finished applying 'set_property' XDC Constraints : Time (s): cpu = 00:00:45 ; elapsed = 00:00:53 . Memory (MB): peak = 725.199 ; gain = 515.625
Finished RTL Optimization Phase 2 : Time (s): cpu = 00:00:47 ; elapsed = 00:00:55 . Memory (MB): peak = 725.199 ; gain = 515.625
Finished Cross Boundary and Area Optimization : Time (s): cpu = 00:00:52 ; elapsed = 00:00:59 . Memory (MB): peak = 725.199 ; gain = 515.625
Finished Applying XDC Timing Constraints : Time (s): cpu = 00:01:09 ; elapsed = 00:01:17 . Memory (MB): peak = 725.199 ; gain = 515.625
Finished Timing Optimization : Time (s): cpu = 00:01:13 ; elapsed = 00:01:21 . Memory (MB): peak = 753.242 ; gain = 543.668
Finished Technology Mapping : Time (s): cpu = 00:01:13 ; elapsed = 00:01:22 . Memory (MB): peak = 753.242 ; gain = 543.668
Finished IO Insertion : Time (s): cpu = 00:01:14 ; elapsed = 00:01:23 . Memory (MB): peak = 753.242 ; gain = 543.668
Finished Renaming Generated Instances : Time (s): cpu = 00:01:14 ; elapsed = 00:01:23 . Memory (MB): peak = 753.242 ; gain = 543.668
Finished Rebuilding User Hierarchy : Time (s): cpu = 00:01:15 ; elapsed = 00:01:23 . Memory (MB): peak = 753.242 ; gain = 543.668
Finished Renaming Generated Ports : Time (s): cpu = 00:01:15 ; elapsed = 00:01:23 . Memory (MB): peak = 753.242 ; gain = 543.668
Finished Handling Custom Attributes : Time (s): cpu = 00:01:15 ; elapsed = 00:01:23 . Memory (MB): peak = 753.242 ; gain = 543.668
Finished Renaming Generated Nets : Time (s): cpu = 00:01:15 ; elapsed = 00:01:23 . Memory (MB): peak = 753.242 ; gain = 543.668

Report Cell Usage: 
+------+--------+------+
|      |Cell    |Count |
+------+--------+------+
|1     |LUT1    |    15|
|2     |LUT2    |   153|
|3     |LUT3    |   295|
|4     |LUT4    |    53|
|5     |LUT5    |    57|
|6     |LUT6    |   121|
|7     |SRLC32E |     4|
|8     |FDRE    |   388|
|9     |FDSE    |    17|
+------+--------+------+
Finished Writing Synthesis Report : Time (s): cpu = 00:01:15 ; elapsed = 00:01:23 . Memory (MB): peak = 753.242 ; gain = 543.668
synth_design: Time (s): cpu = 00:01:09 ; elapsed = 00:01:13 . Memory (MB): peak = 757.855 ; gain = 487.453
