18:45:32 INFO  : Registering command handlers for SDK TCF services
18:45:33 INFO  : Launching XSCT server: xsct.bat -interactive A:\COMP_ARCH\PYNQ_Projects\Vivado_prj\skipList_prefetch_N_elem\skipList_prefetch_N_elem.sdk\temp_xsdb_launch_script.tcl
18:45:36 INFO  : XSCT server has started successfully.
18:45:36 INFO  : Successfully done setting XSCT server connection channel  
18:45:37 INFO  : Processing command line option -hwspec A:/COMP_ARCH/PYNQ_Projects/Vivado_prj/skipList_prefetch_N_elem/skipList_prefetch_N_elem.sdk/design_1_wrapper.hdf.
18:45:37 INFO  : Successfully done setting SDK workspace  
18:47:28 INFO  : Connected to target on host '127.0.0.1' and port '3121'.
18:47:29 INFO  : 'targets -set -filter {jtag_cable_name =~ "Xilinx PYNQ-Z1 003017A6E019A" && level==0} -index 1' command is executed.
18:47:31 INFO  : FPGA configured successfully with bitstream "A:/COMP_ARCH/PYNQ_Projects/Vivado_prj/skipList_prefetch_N_elem/skipList_prefetch_N_elem.sdk/design_1_wrapper_hw_platform_0/design_1_wrapper.bit"
18:48:13 INFO  : Inferring section assignments and sizes from elf file: A:\COMP_ARCH\PYNQ_Projects\Vivado_prj\skipList_prefetch_N_elem\skipList_prefetch_N_elem.sdk\skiplist_prefetch\Debug\skiplist_prefetch.elf
18:48:24 INFO  : Successfully generated A:\COMP_ARCH\PYNQ_Projects\Vivado_prj\skipList_prefetch_N_elem\skipList_prefetch_N_elem.sdk\skiplist_prefetch\src\lscript.ld.
18:48:24 INFO  : Applying linker script to all configurations of project skiplist_prefetch.
18:48:24 INFO  : Setting rebuild state to true for all configurations of project skiplist_prefetch.
18:49:19 INFO  : ps7_init is completed.
18:49:19 INFO  : ps7_post_config is completed.
18:49:19 INFO  : Processor reset is completed for ps7_cortexa9_0
18:49:37 INFO  : Processor reset is completed for ps7_cortexa9_0
18:49:55 INFO  : Processor reset is completed for ps7_cortexa9_0
18:51:23 INFO  : Processor reset is completed for ps7_cortexa9_0
18:51:52 INFO  : Processor reset is completed for ps7_cortexa9_0
18:52:04 INFO  : Processor reset is completed for ps7_cortexa9_0
18:52:36 INFO  : Processor reset is completed for ps7_cortexa9_0
18:52:41 INFO  : Processor reset is completed for ps7_cortexa9_0
18:52:57 INFO  : Processor reset is completed for ps7_cortexa9_0
18:53:29 INFO  : Processor reset is completed for ps7_cortexa9_0
18:53:40 INFO  : Processor reset is completed for ps7_cortexa9_0
18:53:49 INFO  : Processor reset is completed for ps7_cortexa9_0
18:54:01 INFO  : Processor reset is completed for ps7_cortexa9_0
18:54:14 INFO  : Processor reset is completed for ps7_cortexa9_0
18:54:28 INFO  : Processor reset is completed for ps7_cortexa9_0
18:56:19 ERROR : Unexpected error while parsing XMD response ?: com.google.gson.JsonSyntaxException: com.google.gson.stream.MalformedJsonException: invalid number or unquoted string near 
