11:56:58 INFO  : Registering command handlers for SDK TCF services
11:56:59 INFO  : Launching XSCT server: xsct.bat -interactive A:\COMP_ARCH\PYNQ_Projects\Vivado_prj\Prefetch_master_slave\Prefetch_master_slave.sdk\temp_xsdb_launch_script.tcl
11:57:02 INFO  : XSCT server has started successfully.
11:57:03 INFO  : Processing command line option -hwspec A:/COMP_ARCH/PYNQ_Projects/Vivado_prj/Prefetch_master_slave/Prefetch_master_slave.sdk/design_1_wrapper.hdf.
11:57:03 INFO  : Successfully done setting XSCT server connection channel  
11:57:03 INFO  : Successfully done setting SDK workspace  
11:58:26 INFO  : Successfully generated A:\COMP_ARCH\PYNQ_Projects\Vivado_prj\Prefetch_master_slave\Prefetch_master_slave.sdk\test_ip\src\lscript.ld.
11:58:26 INFO  : Applying linker script to all configurations of project test_ip.
11:58:26 INFO  : Setting rebuild state to true for all configurations of project test_ip.
12:00:54 INFO  : Connected to target on host '127.0.0.1' and port '3121'.
12:00:55 INFO  : 'targets -set -filter {jtag_cable_name =~ "Xilinx PYNQ-Z1 003017A6E019A" && level==0} -index 1' command is executed.
12:00:57 INFO  : FPGA configured successfully with bitstream "A:/COMP_ARCH/PYNQ_Projects/Vivado_prj/Prefetch_master_slave/Prefetch_master_slave.sdk/design_1_wrapper_hw_platform_0/design_1_wrapper.bit"
12:01:20 INFO  : ps7_init is completed.
12:01:20 INFO  : ps7_post_config is completed.
12:01:21 INFO  : Processor reset is completed for ps7_cortexa9_0
12:01:33 INFO  : Processor reset is completed for ps7_cortexa9_0
12:01:55 INFO  : Processor reset is completed for ps7_cortexa9_0
12:02:39 INFO  : Processor reset is completed for ps7_cortexa9_0
17:05:12 ERROR : Unexpected error while parsing XMD response ?: com.google.gson.JsonSyntaxException: com.google.gson.stream.MalformedJsonException: invalid number or unquoted string near 
12:24:04 INFO  : Registering command handlers for SDK TCF services
12:24:04 INFO  : Launching XSCT server: xsct.bat -interactive A:\COMP_ARCH\PYNQ_Projects\Vivado_prj\Verilog_PL_IP_Projects\Prefetch_master_slave\ARID_0_3_for4ARREADY_Prftch_MS.sdk\temp_xsdb_launch_script.tcl
12:24:09 INFO  : XSCT server has started successfully.
12:24:10 INFO  : Successfully done setting XSCT server connection channel  
12:24:11 INFO  : Successfully done setting SDK workspace  
12:27:14 INFO  : Connected to target on host '127.0.0.1' and port '3121'.
12:27:14 INFO  : 'targets -set -filter {jtag_cable_name =~ "Xilinx PYNQ-Z1 003017A6E019A" && level==0} -index 1' command is executed.
12:27:16 INFO  : FPGA configured successfully with bitstream "A:/COMP_ARCH/PYNQ_Projects/Vivado_prj/Verilog_PL_IP_Projects/Prefetch_master_slave/ARID_0_3_for4ARREADY_Prftch_MS.sdk/design_1_wrapper_hw_platform_0/design_1_wrapper.bit"
12:27:42 WARN  : Unable to obtain port 2350 for use by XMD, java.net.SocketException: Unrecognized Windows Sockets error: 0: JVM_Bind
12:27:49 INFO  : ps7_init is completed.
12:27:50 INFO  : ps7_post_config is completed.
12:27:50 INFO  : Processor reset is completed for ps7_cortexa9_0
12:28:16 INFO  : Processor reset is completed for ps7_cortexa9_0
12:32:55 ERROR : Unexpected error while parsing XMD response ?: com.google.gson.JsonSyntaxException: com.google.gson.stream.MalformedJsonException: invalid number or unquoted string near 
13:21:51 INFO  : Registering command handlers for SDK TCF services
13:21:52 INFO  : Launching XSCT server: xsct.bat -interactive A:\COMP_ARCH\PYNQ_Projects\Vivado_prj\Verilog_PL_IP_Projects\Prefetch_master_slave\ARID_0_3_for4ARREADY_Prftch_MS.sdk\temp_xsdb_launch_script.tcl
13:21:57 INFO  : XSCT server has started successfully.
13:21:59 INFO  : Successfully done setting XSCT server connection channel  
13:22:04 INFO  : Successfully done setting SDK workspace  
13:22:40 INFO  : Connected to target on host '127.0.0.1' and port '3121'.
13:22:42 INFO  : 'targets -set -filter {jtag_cable_name =~ "Xilinx PYNQ-Z1 003017A6E019A" && level==0} -index 1' command is executed.
13:22:44 INFO  : FPGA configured successfully with bitstream "A:/COMP_ARCH/PYNQ_Projects/Vivado_prj/Verilog_PL_IP_Projects/Prefetch_master_slave/ARID_0_3_for4ARREADY_Prftch_MS.sdk/design_1_wrapper_hw_platform_0/design_1_wrapper.bit"
13:23:52 INFO  : ps7_init is completed.
13:23:52 INFO  : ps7_post_config is completed.
13:23:52 INFO  : Processor reset is completed for ps7_cortexa9_0
13:26:34 ERROR : Unexpected error while parsing XMD response ?: com.google.gson.JsonSyntaxException: com.google.gson.stream.MalformedJsonException: invalid number or unquoted string near 
