
*** Running vivado
    with args -log design_1_processing_system7_0_0.vds -m64 -product Vivado -mode batch -messageDb vivado.pb -notrace -source design_1_processing_system7_0_0.tcl


****** Vivado v2016.3 (64-bit)
  **** SW Build 1682563 on Mon Oct 10 19:07:27 MDT 2016
  **** IP Build 1681267 on Mon Oct 10 21:28:31 MDT 2016
    ** Copyright 1986-2016 Xilinx, Inc. All Rights Reserved.

source design_1_processing_system7_0_0.tcl -notrace
Starting RTL Elaboration : Time (s): cpu = 00:00:13 ; elapsed = 00:00:17 . Memory (MB): peak = 348.625 ; gain = 139.289
INFO: [Synth 8-638] synthesizing module 'design_1_processing_system7_0_0' [a:/COMP_ARCH/PYNQ_Projects/Vivado_prj/prefetch_voidreturn/prefetch_voidreturn.srcs/sources_1/bd/design_1/ip/design_1_processing_system7_0_0/synth/design_1_processing_system7_0_0.v:60]
INFO: [Synth 8-638] synthesizing module 'processing_system7_v5_5_processing_system7' [a:/COMP_ARCH/PYNQ_Projects/Vivado_prj/prefetch_voidreturn/prefetch_voidreturn.srcs/sources_1/bd/design_1/ip/design_1_processing_system7_0_0/hdl/verilog/processing_system7_v5_5_processing_system7.v:161]
INFO: [Synth 8-638] synthesizing module 'BUFG' [C:/Xilinx/Vivado/2016.3/scripts/rt/data/unisim_comp.v:607]
INFO: [Synth 8-256] done synthesizing module 'BUFG' (1#1) [C:/Xilinx/Vivado/2016.3/scripts/rt/data/unisim_comp.v:607]
INFO: [Synth 8-638] synthesizing module 'BIBUF' [C:/Xilinx/Vivado/2016.3/scripts/rt/data/unisim_comp.v:268]
INFO: [Synth 8-256] done synthesizing module 'BIBUF' (2#1) [C:/Xilinx/Vivado/2016.3/scripts/rt/data/unisim_comp.v:268]
INFO: [Synth 8-638] synthesizing module 'PS7' [C:/Xilinx/Vivado/2016.3/scripts/rt/data/unisim_comp.v:33182]
INFO: [Synth 8-256] done synthesizing module 'PS7' (3#1) [C:/Xilinx/Vivado/2016.3/scripts/rt/data/unisim_comp.v:33182]
INFO: [Synth 8-256] done synthesizing module 'processing_system7_v5_5_processing_system7' (4#1) [a:/COMP_ARCH/PYNQ_Projects/Vivado_prj/prefetch_voidreturn/prefetch_voidreturn.srcs/sources_1/bd/design_1/ip/design_1_processing_system7_0_0/hdl/verilog/processing_system7_v5_5_processing_system7.v:161]
INFO: [Synth 8-256] done synthesizing module 'design_1_processing_system7_0_0' (5#1) [a:/COMP_ARCH/PYNQ_Projects/Vivado_prj/prefetch_voidreturn/prefetch_voidreturn.srcs/sources_1/bd/design_1/ip/design_1_processing_system7_0_0/synth/design_1_processing_system7_0_0.v:60]
Finished RTL Elaboration : Time (s): cpu = 00:00:15 ; elapsed = 00:00:19 . Memory (MB): peak = 386.832 ; gain = 177.496
Finished RTL Optimization Phase 1 : Time (s): cpu = 00:00:15 ; elapsed = 00:00:19 . Memory (MB): peak = 386.832 ; gain = 177.496
INFO: [Device 21-403] Loading part xc7z020clg400-1
Constraint Validation Runtime : Time (s): cpu = 00:00:00 ; elapsed = 00:00:00.246 . Memory (MB): peak = 627.977 ; gain = 0.000
Finished Constraint Validation : Time (s): cpu = 00:00:31 ; elapsed = 00:00:38 . Memory (MB): peak = 627.977 ; gain = 418.641
Finished Loading Part and Timing Information : Time (s): cpu = 00:00:31 ; elapsed = 00:00:38 . Memory (MB): peak = 627.977 ; gain = 418.641
Finished applying 'set_property' XDC Constraints : Time (s): cpu = 00:00:32 ; elapsed = 00:00:39 . Memory (MB): peak = 627.977 ; gain = 418.641
Finished RTL Optimization Phase 2 : Time (s): cpu = 00:00:33 ; elapsed = 00:00:40 . Memory (MB): peak = 627.977 ; gain = 418.641
Finished Cross Boundary and Area Optimization : Time (s): cpu = 00:00:34 ; elapsed = 00:00:40 . Memory (MB): peak = 627.977 ; gain = 418.641
Finished Applying XDC Timing Constraints : Time (s): cpu = 00:00:50 ; elapsed = 00:00:58 . Memory (MB): peak = 829.574 ; gain = 620.238
Finished Timing Optimization : Time (s): cpu = 00:00:50 ; elapsed = 00:00:58 . Memory (MB): peak = 845.605 ; gain = 636.270
Finished Technology Mapping : Time (s): cpu = 00:00:52 ; elapsed = 00:01:00 . Memory (MB): peak = 850.313 ; gain = 640.977
Finished IO Insertion : Time (s): cpu = 00:00:55 ; elapsed = 00:01:02 . Memory (MB): peak = 850.313 ; gain = 640.977
Finished Renaming Generated Instances : Time (s): cpu = 00:00:55 ; elapsed = 00:01:02 . Memory (MB): peak = 850.313 ; gain = 640.977
Finished Rebuilding User Hierarchy : Time (s): cpu = 00:00:55 ; elapsed = 00:01:02 . Memory (MB): peak = 850.313 ; gain = 640.977
Finished Renaming Generated Ports : Time (s): cpu = 00:00:55 ; elapsed = 00:01:02 . Memory (MB): peak = 850.313 ; gain = 640.977
Finished Handling Custom Attributes : Time (s): cpu = 00:00:55 ; elapsed = 00:01:02 . Memory (MB): peak = 850.313 ; gain = 640.977
Finished Renaming Generated Nets : Time (s): cpu = 00:00:55 ; elapsed = 00:01:02 . Memory (MB): peak = 850.313 ; gain = 640.977

Report Cell Usage: 
+------+------+------+
|      |Cell  |Count |
+------+------+------+
|1     |BIBUF |   130|
|2     |BUFG  |     1|
|3     |LUT1  |   112|
|4     |PS7   |     1|
+------+------+------+
Finished Writing Synthesis Report : Time (s): cpu = 00:00:55 ; elapsed = 00:01:02 . Memory (MB): peak = 850.313 ; gain = 640.977
synth_design: Time (s): cpu = 00:00:52 ; elapsed = 00:00:58 . Memory (MB): peak = 873.301 ; gain = 604.555
