#-----------------------------------------------------------
# Webtalk v2016.3 (64-bit)
# SW Build 1682563 on Mon Oct 10 19:07:27 MDT 2016
# 
# Start of session at: Mon Jun 01 15:32:00 2020
# Process ID: 19000
# Current directory: A:/COMP_ARCH/PYNQ_Projects/Vivado_prj/skip_list_prefetch/skip_list_prefetch.sdk/webtalk
# Command line: wbtcv.exe -mode batch -source sdk_webtalk.tcl
# Log file: A:/COMP_ARCH/PYNQ_Projects/Vivado_prj/skip_list_prefetch/skip_list_prefetch.sdk/webtalk/webtalk.log
# Journal file: A:/COMP_ARCH/PYNQ_Projects/Vivado_prj/skip_list_prefetch/skip_list_prefetch.sdk/webtalk\webtalk.jou
#-----------------------------------------------------------
source sdk_webtalk.tcl
# webtalk_init -webtalk_dir A:\\COMP_ARCH\\PYNQ_Projects\\Vivado_prj\\skip_list_prefetch\\skip_list_prefetch.sdk\\webtalk
# webtalk_register_client -client project
# webtalk_add_data -client project -key date_generated -value "2020-06-01 15:31:55" -context "software_version_and_target_device"
# webtalk_add_data -client project -key product_version -value "SDK v2016.3" -context "software_version_and_target_device"
# webtalk_add_data -client project -key build_version -value "2016.3" -context "software_version_and_target_device"
# webtalk_add_data -client project -key os_platform -value "amd64" -context "software_version_and_target_device"
# webtalk_add_data -client project -key registration_id -value "" -context "software_version_and_target_device"
# webtalk_add_data -client project -key tool_flow -value "SDK" -context "software_version_and_target_device"
# webtalk_add_data -client project -key beta -value "false" -context "software_version_and_target_device"
# webtalk_add_data -client project -key route_design -value "NA" -context "software_version_and_target_device"
# webtalk_add_data -client project -key target_family -value "NA" -context "software_version_and_target_device"
# webtalk_add_data -client project -key target_device -value "NA" -context "software_version_and_target_device"
# webtalk_add_data -client project -key target_package -value "NA" -context "software_version_and_target_device"
# webtalk_add_data -client project -key target_speed -value "NA" -context "software_version_and_target_device"
# webtalk_add_data -client project -key random_id -value "jmiu13nlfsvihc0bbv1idp5a7k" -context "software_version_and_target_device"
# webtalk_add_data -client project -key project_id -value "2016.3_66" -context "software_version_and_target_device"
# webtalk_add_data -client project -key project_iteration -value "66" -context "software_version_and_target_device"
# webtalk_add_data -client project -key os_name -value "Microsoft Windows 8 or later , 64-bit" -context "user_environment"
# webtalk_add_data -client project -key os_release -value "major release  (build 9200)" -context "user_environment"
# webtalk_add_data -client project -key cpu_name -value "Intel(R) Core(TM) i5-5200U CPU @ 2.20GHz" -context "user_environment"
# webtalk_add_data -client project -key cpu_speed -value "2200 MHz" -context "user_environment"
# webtalk_add_data -client project -key total_processors -value "1" -context "user_environment"
# webtalk_add_data -client project -key system_ram -value "17.000 GB" -context "user_environment"
# webtalk_register_client -client sdk
# webtalk_add_data -client sdk -key uid -value "1590987921878" -context "sdk\\\\hardware/1590987921878"
# webtalk_add_data -client sdk -key isZynq -value "true" -context "sdk\\\\hardware/1590987921878"
# webtalk_add_data -client sdk -key isZynqMP -value "false" -context "sdk\\\\hardware/1590987921878"
# webtalk_add_data -client sdk -key Processors -value "2" -context "sdk\\\\hardware/1590987921878"
# webtalk_add_data -client sdk -key VivadoVersion -value "2016.3" -context "sdk\\\\hardware/1590987921878"
# webtalk_add_data -client sdk -key Arch -value "zynq" -context "sdk\\\\hardware/1590987921878"
# webtalk_add_data -client sdk -key Device -value "7z020" -context "sdk\\\\hardware/1590987921878"
# webtalk_add_data -client sdk -key IsHandoff -value "true" -context "sdk\\\\hardware/1590987921878"
# webtalk_add_data -client sdk -key os -value "NA" -context "sdk\\\\hardware/1590987921878"
# webtalk_add_data -client sdk -key apptemplate -value "NA" -context "sdk\\\\hardware/1590987921878"
# webtalk_add_data -client sdk -key RecordType -value "HWCreation" -context "sdk\\\\hardware/1590987921878"
# webtalk_add_data -client sdk -key uid -value "1590992845634" -context "sdk\\\\bsp/1590992845634"
# webtalk_add_data -client sdk -key hwid -value "1590987921878" -context "sdk\\\\bsp/1590992845634"
# webtalk_add_data -client sdk -key os -value "standalone" -context "sdk\\\\bsp/1590992845634"
# webtalk_add_data -client sdk -key apptemplate -value "hello_world" -context "sdk\\\\bsp/1590992845634"
# webtalk_add_data -client sdk -key RecordType -value "BSPCreation" -context "sdk\\\\bsp/1590992845634"
# webtalk_add_data -client sdk -key uid -value "1590992864987" -context "sdk\\\\application/1590992864987"
# webtalk_add_data -client sdk -key hwid -value "1590987921878" -context "sdk\\\\application/1590992864987"
# webtalk_add_data -client sdk -key bspid -value "1590992845634" -context "sdk\\\\application/1590992864987"
# webtalk_add_data -client sdk -key newbsp -value "true" -context "sdk\\\\application/1590992864987"
# webtalk_add_data -client sdk -key os -value "standalone" -context "sdk\\\\application/1590992864987"
# webtalk_add_data -client sdk -key apptemplate -value "hello_world" -context "sdk\\\\application/1590992864987"
# webtalk_add_data -client sdk -key RecordType -value "APPCreation" -context "sdk\\\\application/1590992864987"
# webtalk_add_data -client sdk -key LangUsed -value "C" -context "sdk\\\\application/1590992864987"
# webtalk_add_data -client sdk -key Procused -value "ps7_cortexa9" -context "sdk\\\\application/1590992864987"
# webtalk_add_data -client sdk -key projSize -value "558.42578125" -context "sdk\\\\application/1590992864987"
# webtalk_add_data -client sdk -key uid -value "1590993007395" -context "sdk\\\\bsp/1590993007395"
# webtalk_add_data -client sdk -key hwid -value "1590987921878" -context "sdk\\\\bsp/1590993007395"
# webtalk_add_data -client sdk -key os -value "standalone" -context "sdk\\\\bsp/1590993007395"
# webtalk_add_data -client sdk -key apptemplate -value "hello_world" -context "sdk\\\\bsp/1590993007395"
# webtalk_add_data -client sdk -key RecordType -value "BSPCreation" -context "sdk\\\\bsp/1590993007395"
# webtalk_add_data -client sdk -key uid -value "1590993012761" -context "sdk\\\\application/1590993012761"
# webtalk_add_data -client sdk -key hwid -value "1590987921878" -context "sdk\\\\application/1590993012761"
# webtalk_add_data -client sdk -key bspid -value "1590993007395" -context "sdk\\\\application/1590993012761"
# webtalk_add_data -client sdk -key newbsp -value "true" -context "sdk\\\\application/1590993012761"
# webtalk_add_data -client sdk -key os -value "standalone" -context "sdk\\\\application/1590993012761"
# webtalk_add_data -client sdk -key apptemplate -value "hello_world" -context "sdk\\\\application/1590993012761"
# webtalk_add_data -client sdk -key RecordType -value "APPCreation" -context "sdk\\\\application/1590993012761"
# webtalk_add_data -client sdk -key LangUsed -value "C" -context "sdk\\\\application/1590993012761"
# webtalk_add_data -client sdk -key Procused -value "ps7_cortexa9" -context "sdk\\\\application/1590993012761"
# webtalk_add_data -client sdk -key projSize -value "558.421875" -context "sdk\\\\application/1590993012761"
# webtalk_add_data -client sdk -key uid -value "1590993090288" -context "sdk\\\\bsp/1590993090288"
# webtalk_add_data -client sdk -key hwid -value "1590987921878" -context "sdk\\\\bsp/1590993090288"
# webtalk_add_data -client sdk -key os -value "standalone" -context "sdk\\\\bsp/1590993090288"
# webtalk_add_data -client sdk -key apptemplate -value "hello_world" -context "sdk\\\\bsp/1590993090288"
# webtalk_add_data -client sdk -key RecordType -value "BSPCreation" -context "sdk\\\\bsp/1590993090288"
# webtalk_add_data -client sdk -key uid -value "1590993096340" -context "sdk\\\\application/1590993096340"
# webtalk_add_data -client sdk -key hwid -value "1590987921878" -context "sdk\\\\application/1590993096340"
# webtalk_add_data -client sdk -key bspid -value "1590993090288" -context "sdk\\\\application/1590993096340"
# webtalk_add_data -client sdk -key newbsp -value "true" -context "sdk\\\\application/1590993096340"
# webtalk_add_data -client sdk -key os -value "standalone" -context "sdk\\\\application/1590993096340"
# webtalk_add_data -client sdk -key apptemplate -value "hello_world" -context "sdk\\\\application/1590993096340"
# webtalk_add_data -client sdk -key RecordType -value "APPCreation" -context "sdk\\\\application/1590993096340"
# webtalk_add_data -client sdk -key LangUsed -value "C" -context "sdk\\\\application/1590993096340"
# webtalk_add_data -client sdk -key Procused -value "ps7_cortexa9" -context "sdk\\\\application/1590993096340"
# webtalk_add_data -client sdk -key projSize -value "558.46484375" -context "sdk\\\\application/1590993096340"
# webtalk_add_data -client sdk -key uid -value "NA" -context "sdk\\\\bsp/1590996715111"
# webtalk_add_data -client sdk -key RecordType -value "ToolUsage" -context "sdk\\\\bsp/1590996715111"
# webtalk_add_data -client sdk -key BootgenCount -value "0" -context "sdk\\\\bsp/1590996715111"
# webtalk_add_data -client sdk -key DebugCount -value "0" -context "sdk\\\\bsp/1590996715111"
# webtalk_add_data -client sdk -key PerfCount -value "0" -context "sdk\\\\bsp/1590996715111"
# webtalk_add_data -client sdk -key FlashCount -value "0" -context "sdk\\\\bsp/1590996715111"
# webtalk_add_data -client sdk -key CrossTriggCount -value "0" -context "sdk\\\\bsp/1590996715111"
# webtalk_add_data -client sdk -key QemuDebugCount -value "0" -context "sdk\\\\bsp/1590996715111"
# webtalk_transmit -clientid 532428812 -regid "" -xml A:\\COMP_ARCH\\PYNQ_Projects\\Vivado_prj\\skip_list_prefetch\\skip_list_prefetch.sdk\\webtalk\\usage_statistics_ext_sdk.xml -html A:\\COMP_ARCH\\PYNQ_Projects\\Vivado_prj\\skip_list_prefetch\\skip_list_prefetch.sdk\\webtalk\\usage_statistics_ext_sdk.html -wdm A:\\COMP_ARCH\\PYNQ_Projects\\Vivado_prj\\skip_list_prefetch\\skip_list_prefetch.sdk\\webtalk\\sdk_webtalk.wdm -intro "<H3>SDK Usage Report</H3><BR>"
# webtalk_terminate
INFO: [Common 17-206] Exiting Webtalk at Mon Jun 01 15:32:02 2020...
