16:03:40 INFO  : Registering command handlers for SDK TCF services
16:03:42 INFO  : Launching XSCT server: xsct.bat -interactive A:\COMP_ARCH\PYNQ_Projects\Vivado_prj\skipprefetch_Dynamic_N\skipprefetch_Dynamic_N.sdk\temp_xsdb_launch_script.tcl
16:03:50 INFO  : XSCT server has started successfully.
16:04:05 INFO  : Successfully done setting XSCT server connection channel  
16:04:05 INFO  : Successfully done setting SDK workspace  
16:04:05 INFO  : Processing command line option -hwspec A:/COMP_ARCH/PYNQ_Projects/Vivado_prj/skipprefetch_Dynamic_N/skipprefetch_Dynamic_N.sdk/design_1_wrapper.hdf.
16:10:33 INFO  : Inferring section assignments and sizes from elf file: A:\COMP_ARCH\PYNQ_Projects\Vivado_prj\skipprefetch_Dynamic_N\skipprefetch_Dynamic_N.sdk\test_ip\Debug\test_ip.elf
16:10:46 INFO  : Successfully generated A:\COMP_ARCH\PYNQ_Projects\Vivado_prj\skipprefetch_Dynamic_N\skipprefetch_Dynamic_N.sdk\test_ip\src\lscript.ld.
16:10:46 INFO  : Applying linker script to all configurations of project test_ip.
16:10:46 INFO  : Setting rebuild state to true for all configurations of project test_ip.
16:19:23 INFO  : Connected to target on host '127.0.0.1' and port '3121'.
16:19:24 INFO  : 'targets -set -filter {jtag_cable_name =~ "Xilinx PYNQ-Z1 003017A6E019A" && level==0} -index 1' command is executed.
16:19:27 INFO  : FPGA configured successfully with bitstream "A:/COMP_ARCH/PYNQ_Projects/Vivado_prj/skipprefetch_Dynamic_N/skipprefetch_Dynamic_N.sdk/design_1_wrapper_hw_platform_0/design_1_wrapper.bit"
16:21:48 INFO  : ps7_init is completed.
16:21:48 INFO  : ps7_post_config is completed.
16:21:49 INFO  : Processor reset is completed for ps7_cortexa9_0
16:22:08 INFO  : Processor reset is completed for ps7_cortexa9_0
16:24:13 INFO  : Processor reset is completed for ps7_cortexa9_0
16:24:39 INFO  : Processor reset is completed for ps7_cortexa9_0
16:25:11 INFO  : Processor reset is completed for ps7_cortexa9_0
16:25:44 INFO  : Processor reset is completed for ps7_cortexa9_0
16:26:00 INFO  : Processor reset is completed for ps7_cortexa9_0
16:26:28 INFO  : Processor reset is completed for ps7_cortexa9_0
16:38:05 INFO  : Processor reset is completed for ps7_cortexa9_0
17:23:23 INFO  : Connected to target on host '127.0.0.1' and port '3121'.
17:23:27 INFO  : 'targets -set -filter {jtag_cable_name =~ "Xilinx PYNQ-Z1 003017A6E019A" && level==0} -index 1' command is executed.
17:23:29 INFO  : FPGA configured successfully with bitstream "A:/COMP_ARCH/PYNQ_Projects/Vivado_prj/skipprefetch_Dynamic_N/skipprefetch_Dynamic_N.sdk/design_1_wrapper_hw_platform_0/design_1_wrapper.bit"
17:24:33 INFO  : ps7_init is completed.
17:24:33 INFO  : ps7_post_config is completed.
17:24:33 INFO  : Processor reset is completed for ps7_cortexa9_0
17:26:03 INFO  : Processor reset is completed for ps7_cortexa9_0
17:27:15 INFO  : Processor reset is completed for ps7_cortexa9_0
17:27:29 INFO  : Processor reset is completed for ps7_cortexa9_0
17:27:50 INFO  : Processor reset is completed for ps7_cortexa9_0
17:28:26 INFO  : Processor reset is completed for ps7_cortexa9_0
17:29:38 INFO  : Processor reset is completed for ps7_cortexa9_0
17:31:12 INFO  : Processor reset is completed for ps7_cortexa9_0
17:38:06 INFO  : Processor reset is completed for ps7_cortexa9_0
17:46:12 INFO  : Time out for XMD transaction is 60000
If you want to increase the timeout value, goto Windows-> Preferences -> Xilinx SDK -> XMD Startup
17:46:12 ERROR : Timeout occured while waiting to get reply for command "xfpga_isconfigured -cable type xilinx_tcf url TCP:127.0.0.1:3121 "
17:46:12 ERROR : Checking FPGA configuration failed..
17:46:12 ERROR : Unexpected error while launching program.
com.xilinx.sdk.targetmanager.TMException: 
	at com.xilinx.sdk.targetmanager.internal.TM.isFPGAConfigured(TM.java:374)
	at com.xilinx.sdk.debug.core.XilinxAppLaunchConfigurationDelegate.isFpgaConfigured(XilinxAppLaunchConfigurationDelegate.java:409)
	at com.xilinx.sdk.debug.core.XilinxAppLaunchConfigurationDelegate.launch(XilinxAppLaunchConfigurationDelegate.java:303)
	at com.xilinx.sdk.debug.ui.XilinxAppLaunchDelegateWrapper.launch(XilinxAppLaunchDelegateWrapper.java:31)
	at org.eclipse.debug.internal.core.LaunchConfiguration.launch(LaunchConfiguration.java:885)
	at org.eclipse.debug.internal.core.LaunchConfiguration.launch(LaunchConfiguration.java:739)
	at org.eclipse.debug.internal.ui.DebugUIPlugin.buildAndLaunch(DebugUIPlugin.java:1039)
	at org.eclipse.debug.internal.ui.DebugUIPlugin$8.run(DebugUIPlugin.java:1256)
	at org.eclipse.core.internal.jobs.Worker.run(Worker.java:55)
17:46:25 INFO  : Connected to target on host '127.0.0.1' and port '3121'.
17:46:32 INFO  : Connected to target on host '127.0.0.1' and port '3121'.
17:46:32 INFO  : 'targets -set -filter {jtag_cable_name =~ "Xilinx PYNQ-Z1 003017A6E019A" && level==0} -index 1' command is executed.
17:46:35 INFO  : FPGA configured successfully with bitstream "A:/COMP_ARCH/PYNQ_Projects/Vivado_prj/skipprefetch_Dynamic_N/skipprefetch_Dynamic_N.sdk/design_1_wrapper_hw_platform_0/design_1_wrapper.bit"
17:46:38 ERROR : Checking FPGA configuration failed..Connection to Board Failed


    Unknown Error Occured
    Cable is not powered-on

17:46:38 ERROR : Unexpected error while launching program.
com.xilinx.sdk.targetmanager.TMException: Connection to Board Failed


    Unknown Error Occured
    Cable is not powered-on

	at com.xilinx.sdk.targetmanager.internal.TM.isFPGAConfigured(TM.java:374)
	at com.xilinx.sdk.debug.core.XilinxAppLaunchConfigurationDelegate.isFpgaConfigured(XilinxAppLaunchConfigurationDelegate.java:409)
	at com.xilinx.sdk.debug.core.XilinxAppLaunchConfigurationDelegate.launch(XilinxAppLaunchConfigurationDelegate.java:303)
	at com.xilinx.sdk.debug.ui.XilinxAppLaunchDelegateWrapper.launch(XilinxAppLaunchDelegateWrapper.java:31)
	at org.eclipse.debug.internal.core.LaunchConfiguration.launch(LaunchConfiguration.java:885)
	at org.eclipse.debug.internal.core.LaunchConfiguration.launch(LaunchConfiguration.java:739)
	at org.eclipse.debug.internal.ui.DebugUIPlugin.buildAndLaunch(DebugUIPlugin.java:1039)
	at org.eclipse.debug.internal.ui.DebugUIPlugin$8.run(DebugUIPlugin.java:1256)
	at org.eclipse.core.internal.jobs.Worker.run(Worker.java:55)
17:46:53 INFO  : ps7_init is completed.
17:46:53 INFO  : ps7_post_config is completed.
17:46:54 INFO  : Processor reset is completed for ps7_cortexa9_0
17:48:17 INFO  : Processor reset is completed for ps7_cortexa9_0
17:50:14 INFO  : Processor reset is completed for ps7_cortexa9_0
17:50:35 INFO  : Processor reset is completed for ps7_cortexa9_0
17:57:48 INFO  : Processor reset is completed for ps7_cortexa9_0
20:14:49 ERROR : Unexpected error while parsing XMD response ?: com.google.gson.JsonSyntaxException: com.google.gson.stream.MalformedJsonException: invalid number or unquoted string near 
