14:52:27 INFO  : Registering command handlers for SDK TCF services
14:52:28 INFO  : Launching XSCT server: xsct.bat -interactive A:\COMP_ARCH\PYNQ_Projects\Vivado_prj\Verilog_PL_IP_Projects\prefetch_NoMeasrs\prefetch_NoMeasrs.sdk\temp_xsdb_launch_script.tcl
14:52:34 INFO  : XSCT server has started successfully.
14:52:39 INFO  : Processing command line option -hwspec A:/COMP_ARCH/PYNQ_Projects/Vivado_prj/Verilog_PL_IP_Projects/prefetch_NoMeasrs/prefetch_NoMeasrs.sdk/design_1_wrapper.hdf.
14:52:39 INFO  : Successfully done setting XSCT server connection channel  
14:52:39 INFO  : Successfully done setting SDK workspace  
14:54:44 INFO  : Inferring section assignments and sizes from elf file: A:\COMP_ARCH\PYNQ_Projects\Vivado_prj\Verilog_PL_IP_Projects\prefetch_NoMeasrs\prefetch_NoMeasrs.sdk\test_ip\Debug\test_ip.elf
14:54:55 INFO  : Successfully generated A:\COMP_ARCH\PYNQ_Projects\Vivado_prj\Verilog_PL_IP_Projects\prefetch_NoMeasrs\prefetch_NoMeasrs.sdk\test_ip\src\lscript.ld.
14:54:55 INFO  : Applying linker script to all configurations of project test_ip.
14:54:55 INFO  : Setting rebuild state to true for all configurations of project test_ip.
14:55:16 INFO  : Connected to target on host '127.0.0.1' and port '3121'.
14:55:17 INFO  : 'targets -set -filter {jtag_cable_name =~ "Xilinx PYNQ-Z1 003017A6E019A" && level==0} -index 1' command is executed.
14:55:19 INFO  : FPGA configured successfully with bitstream "A:/COMP_ARCH/PYNQ_Projects/Vivado_prj/Verilog_PL_IP_Projects/prefetch_NoMeasrs/prefetch_NoMeasrs.sdk/design_1_wrapper_hw_platform_0/design_1_wrapper.bit"
14:55:41 WARN  : Unable to obtain port 2350 for use by XMD, java.net.SocketException: Unrecognized Windows Sockets error: 0: JVM_Bind
14:55:48 INFO  : ps7_init is completed.
14:55:48 INFO  : ps7_post_config is completed.
14:55:48 INFO  : Processor reset is completed for ps7_cortexa9_0
14:56:24 INFO  : Processor reset is completed for ps7_cortexa9_0
14:56:46 INFO  : Processor reset is completed for ps7_cortexa9_0
14:58:22 INFO  : Processor reset is completed for ps7_cortexa9_0
14:58:37 ERROR : Unexpected error while parsing XMD response ?: com.google.gson.JsonSyntaxException: com.google.gson.stream.MalformedJsonException: invalid number or unquoted string near 
