Unable to capture context for thread 16140 in process 15912, can not generate back trace
Unable to capture context for thread 9184 in process 15912, can not generate back trace
Unable to capture context for thread 12304 in process 15912, can not generate back trace
Exception at PC 0x00007FF83087A859
Unable to capture context for thread 16140 in process 15912, can not generate back trace
Unable to capture context for thread 12304 in process 15912, can not generate back trace
Exception at PC 0x00007FFFB2DDBB93
Printing stacktrace...

Exception at PC 0x00007FF83087A859
Exception at PC 0x00007FF83087A859
Exception at PC 0x00007FF83087A859
Exception at PC 0x00007FF83087A859
Exception at PC 0x00007FF83087A859
Exception at PC 0x00007FF83087A859
Exception at PC 0x00007FF83087A859
Exception at PC 0x00007FF83087A859
Exception at PC 0x00007FF83087A859
Exception at PC 0x00007FF83087A859
Exception at PC 0x00007FF83087A859
Exception at PC 0x00007FF83087A859
Exception at PC 0x00007FF83087A859
[0]  [0x00007FFFB2DDBB93]
[1]  [0x00007FFFB2DDBB93]
[2]  [0x00007FFFB2DDB4A1]
[3]  [0x00007FFFB2DDB3EF]
[4]  [0x00007FFFB2DC19FE]
[5]  [0x00007FFFB2DC0ED1]
[6]  [0x00007FFFB2DC0D76]
[7]  [0x00007FFFB2D679F6]
[8]  [0x00007FFFB2D57AFB]
[9]  [0x00007FFFB2E7E90A]
[10]  [0x00007FFFB2E99F87]
[11]  [0x00007FFFB2E9A05F]
[12] (BaseThreadInitThunk+0x14) [0x00007FF831F27BD4]
[13] (RtlUserThreadStart+0x21) [0x00007FF832DECED1]
Done
Exception at PC 0x00007FF83087A859
Exception at PC 0x00007FF83087A859
Exception at PC 0x00007FF83087A859
Exception at PC 0x00007FF83087A859
