12


Val: 11-->next_val_1: 12  next_val_2: 15  
Val: 12-->next_val_1: 13  next_val_2: 12  
Val: 13-->next_val_1: 14  next_val_2: 13  
Val: 14-->next_val_1: 15  next_val_2: 14  
Val: 15-->next_val_1: 6  next_val_2: 20  
Val: 6-->next_val_1: 7  next_val_2: 6  
Val: 7-->next_val_1: 8  next_val_2: 7  
Val: 8-->next_val_1: 9  next_val_2: 8  
Val: 9-->next_val_1: 20  next_val_2: 9  
Val: 20-->next_val_1: 11  next_val_2: 25  
Val: 11-->next_val_1: 12  next_val_2: 11  
Val: 12-->next_val_1: 13  next_val_2: 12  
Val: 13-->next_val_1: 14  next_val_2: 13  
Val: 14-->next_val_1: 25  next_val_2: 14  
Val: 25-->next_val_1: 16  next_val_2: 30  
Val: 16-->next_val_1: 17  next_val_2: 16  
Val: 17-->next_val_1: 18  next_val_2: 17  
Val: 18-->next_val_1: 19  next_val_2: 18  
Val: 19-->next_val_1: 30  next_val_2: 19  
Val: 30-->next_val_1: 30  next_val_2: 30  

A:\COMP_ARCH\PYNQ_Projects\HLS_proj\proj_12_Linkedlist_prefetch\LL_prefetch\solution1\sim\verilog>call xelab xil_defaultlib.apatb_LL_prefetch_top -prj LL_prefetch.prj --initfile "C:/Xilinx/Vivado/2016.3/bin/../data/xsim/ip/xsim_ip.ini" --lib "ieee_proposed=./ieee_proposed" -s LL_prefetch  
INFO: [XSIM 43-3496] Using init file passed via -initfile option "C:/Xilinx/Vivado/2016.3/bin/../data/xsim/ip/xsim_ip.ini".
Vivado Simulator 2016.3
Copyright 1986-1999, 2001-2016 Xilinx, Inc. All Rights Reserved.
Running: C:/Xilinx/Vivado/2016.3/bin/unwrapped/win64.o/xelab.exe xil_defaultlib.apatb_LL_prefetch_top -prj LL_prefetch.prj --initfile C:/Xilinx/Vivado/2016.3/bin/../data/xsim/ip/xsim_ip.ini --lib ieee_proposed=./ieee_proposed -s LL_prefetch 
Multi-threading is on. Using 2 slave threads.
INFO: [VRFC 10-2263] Analyzing SystemVerilog file "A:/COMP_ARCH/PYNQ_Projects/HLS_proj/proj_12_Linkedlist_prefetch/LL_prefetch/solution1/sim/verilog/AESL_axi_master_A_BUS.v" into library xil_defaultlib
INFO: [VRFC 10-311] analyzing module AESL_axi_master_A_BUS
INFO: [VRFC 10-2263] Analyzing SystemVerilog file "A:/COMP_ARCH/PYNQ_Projects/HLS_proj/proj_12_Linkedlist_prefetch/LL_prefetch/solution1/sim/verilog/AESL_axi_slave_CFG.v" into library xil_defaultlib
INFO: [VRFC 10-311] analyzing module AESL_axi_slave_CFG
INFO: [VRFC 10-2263] Analyzing SystemVerilog file "A:/COMP_ARCH/PYNQ_Projects/HLS_proj/proj_12_Linkedlist_prefetch/LL_prefetch/solution1/sim/verilog/LL_prefetch.autotb.v" into library xil_defaultlib
INFO: [VRFC 10-311] analyzing module apatb_LL_prefetch_top
INFO: [VRFC 10-2263] Analyzing SystemVerilog file "A:/COMP_ARCH/PYNQ_Projects/HLS_proj/proj_12_Linkedlist_prefetch/LL_prefetch/solution1/sim/verilog/LL_prefetch.v" into library xil_defaultlib
INFO: [VRFC 10-311] analyzing module LL_prefetch
INFO: [VRFC 10-2263] Analyzing SystemVerilog file "A:/COMP_ARCH/PYNQ_Projects/HLS_proj/proj_12_Linkedlist_prefetch/LL_prefetch/solution1/sim/verilog/LL_prefetch_A_BUS_m_axi.v" into library xil_defaultlib
INFO: [VRFC 10-311] analyzing module LL_prefetch_A_BUS_m_axi
INFO: [VRFC 10-311] analyzing module LL_prefetch_A_BUS_m_axi_reg_slice
INFO: [VRFC 10-311] analyzing module LL_prefetch_A_BUS_m_axi_fifo
INFO: [VRFC 10-311] analyzing module LL_prefetch_A_BUS_m_axi_buffer
INFO: [VRFC 10-311] analyzing module LL_prefetch_A_BUS_m_axi_decoder
INFO: [VRFC 10-311] analyzing module LL_prefetch_A_BUS_m_axi_throttl
INFO: [VRFC 10-311] analyzing module LL_prefetch_A_BUS_m_axi_read
INFO: [VRFC 10-311] analyzing module LL_prefetch_A_BUS_m_axi_write
INFO: [VRFC 10-2458] undeclared symbol data_valid, assumed default net type wire [A:/COMP_ARCH/PYNQ_Projects/HLS_proj/proj_12_Linkedlist_prefetch/LL_prefetch/solution1/sim/verilog/LL_prefetch_A_BUS_m_axi.v:2009]
INFO: [VRFC 10-2263] Analyzing SystemVerilog file "A:/COMP_ARCH/PYNQ_Projects/HLS_proj/proj_12_Linkedlist_prefetch/LL_prefetch/solution1/sim/verilog/LL_prefetch_CFG_s_axi.v" into library xil_defaultlib
INFO: [VRFC 10-311] analyzing module LL_prefetch_CFG_s_axi
Starting static elaboration
Completed static elaboration
Starting simulation data flow analysis
Completed simulation data flow analysis
Time Resolution for simulation is 1ps
Compiling module xil_defaultlib.LL_prefetch_CFG_s_axi(C_S_AXI_AD...
Compiling module xil_defaultlib.LL_prefetch_A_BUS_m_axi_throttl_...
Compiling module xil_defaultlib.LL_prefetch_A_BUS_m_axi_fifo(DAT...
Compiling module xil_defaultlib.LL_prefetch_A_BUS_m_axi_buffer(D...
Compiling module xil_defaultlib.LL_prefetch_A_BUS_m_axi_fifo(DEP...
Compiling module xil_defaultlib.LL_prefetch_A_BUS_m_axi_fifo(DAT...
Compiling module xil_defaultlib.LL_prefetch_A_BUS_m_axi_fifo(DAT...
Compiling module xil_defaultlib.LL_prefetch_A_BUS_m_axi_write(NU...
Compiling module xil_defaultlib.LL_prefetch_A_BUS_m_axi_buffer(D...
Compiling module xil_defaultlib.LL_prefetch_A_BUS_m_axi_reg_slic...
Compiling module xil_defaultlib.LL_prefetch_A_BUS_m_axi_read(NUM...
Compiling module xil_defaultlib.LL_prefetch_A_BUS_m_axi(NUM_READ...
Compiling module xil_defaultlib.LL_prefetch_default
Compiling module xil_defaultlib.AESL_axi_master_A_BUS
Compiling module xil_defaultlib.AESL_axi_slave_CFG
Compiling module xil_defaultlib.apatb_LL_prefetch_top
Built simulation snapshot LL_prefetch

****** Webtalk v2016.3 (64-bit)
  **** SW Build 1682563 on Mon Oct 10 19:07:27 MDT 2016
  **** IP Build 1681267 on Mon Oct 10 21:28:31 MDT 2016
    ** Copyright 1986-2016 Xilinx, Inc. All Rights Reserved.

source A:/COMP_ARCH/PYNQ_Projects/HLS_proj/proj_12_Linkedlist_prefetch/LL_prefetch/solution1/sim/verilog/xsim.dir/LL_prefetch/webtalk/xsim_webtalk.tcl -notrace
INFO: [Common 17-206] Exiting Webtalk at Wed May 20 12:50:01 2020...

****** xsim v2016.3 (64-bit)
  **** SW Build 1682563 on Mon Oct 10 19:07:27 MDT 2016
  **** IP Build 1681267 on Mon Oct 10 21:28:31 MDT 2016
    ** Copyright 1986-2016 Xilinx, Inc. All Rights Reserved.

source xsim.dir/LL_prefetch/xsim_script.tcl
# xsim {LL_prefetch} -autoloadwcfg -tclbatch {LL_prefetch.tcl}
Vivado Simulator 2016.3
Time resolution is 1 ps
source LL_prefetch.tcl
## run all
////////////////////////////////////////////////////////////////////////////////////
// Inter-Transaction Progress: Completed Transaction / Total Transaction
// Intra-Transaction Progress: Measured Latency / Latency Estimation * 100%
//
// RTL Simulation : "Inter-Transaction Progress" ["Intra-Transaction Progress"] @ "Simulation Time"
////////////////////////////////////////////////////////////////////////////////////
// RTL Simulation : 0 / 1 [0.00%] @ "125000"
A:/COMP_ARCH/PYNQ_Projects/HLS_proj/proj_12_Linkedlist_prefetch/LL_prefetch/solution1/sim/verilog/AESL_axi_master_A_BUS.v: Read request address       4874 exceed AXI master A_BUS array depth:          3
$finish called at time : 935 ns : File "A:/COMP_ARCH/PYNQ_Projects/HLS_proj/proj_12_Linkedlist_prefetch/LL_prefetch/solution1/sim/verilog/AESL_axi_master_A_BUS.v" Line 684
## quit
INFO: [Common 17-206] Exiting xsim at Wed May 20 12:50:10 2020...
12


Val: 11-->next_val_1: 12  next_val_2: 15  
Val: 12-->next_val_1: 13  next_val_2: 12  
Val: 13-->next_val_1: 14  next_val_2: 13  
Val: 14-->next_val_1: 15  next_val_2: 14  
Val: 15-->next_val_1: 6  next_val_2: 20  
Val: 6-->next_val_1: 7  next_val_2: 6  
Val: 7-->next_val_1: 8  next_val_2: 7  
Val: 8-->next_val_1: 9  next_val_2: 8  
Val: 9-->next_val_1: 20  next_val_2: 9  
Val: 20-->next_val_1: 11  next_val_2: 25  
Val: 11-->next_val_1: 12  next_val_2: 11  
Val: 12-->next_val_1: 13  next_val_2: 12  
Val: 13-->next_val_1: 14  next_val_2: 13  
Val: 14-->next_val_1: 25  next_val_2: 14  
Val: 25-->next_val_1: 16  next_val_2: 30  
Val: 16-->next_val_1: 17  next_val_2: 16  
Val: 17-->next_val_1: 18  next_val_2: 17  
Val: 18-->next_val_1: 19  next_val_2: 18  
Val: 19-->next_val_1: 30  next_val_2: 19  
Val: 30-->next_val_1: 30  next_val_2: 30  

A:\COMP_ARCH\PYNQ_Projects\HLS_proj\proj_12_Linkedlist_prefetch\LL_prefetch\solution1\sim\verilog>call xelab xil_defaultlib.apatb_LL_prefetch_top -prj LL_prefetch.prj --initfile "C:/Xilinx/Vivado/2016.3/bin/../data/xsim/ip/xsim_ip.ini" --lib "ieee_proposed=./ieee_proposed" -s LL_prefetch  
INFO: [XSIM 43-3496] Using init file passed via -initfile option "C:/Xilinx/Vivado/2016.3/bin/../data/xsim/ip/xsim_ip.ini".
Vivado Simulator 2016.3
Copyright 1986-1999, 2001-2016 Xilinx, Inc. All Rights Reserved.
Running: C:/Xilinx/Vivado/2016.3/bin/unwrapped/win64.o/xelab.exe xil_defaultlib.apatb_LL_prefetch_top -prj LL_prefetch.prj --initfile C:/Xilinx/Vivado/2016.3/bin/../data/xsim/ip/xsim_ip.ini --lib ieee_proposed=./ieee_proposed -s LL_prefetch 
Multi-threading is on. Using 2 slave threads.
INFO: [VRFC 10-2263] Analyzing SystemVerilog file "A:/COMP_ARCH/PYNQ_Projects/HLS_proj/proj_12_Linkedlist_prefetch/LL_prefetch/solution1/sim/verilog/AESL_axi_master_A_BUS.v" into library xil_defaultlib
INFO: [VRFC 10-311] analyzing module AESL_axi_master_A_BUS
INFO: [VRFC 10-2263] Analyzing SystemVerilog file "A:/COMP_ARCH/PYNQ_Projects/HLS_proj/proj_12_Linkedlist_prefetch/LL_prefetch/solution1/sim/verilog/AESL_axi_slave_CFG.v" into library xil_defaultlib
INFO: [VRFC 10-311] analyzing module AESL_axi_slave_CFG
INFO: [VRFC 10-2263] Analyzing SystemVerilog file "A:/COMP_ARCH/PYNQ_Projects/HLS_proj/proj_12_Linkedlist_prefetch/LL_prefetch/solution1/sim/verilog/LL_prefetch.autotb.v" into library xil_defaultlib
INFO: [VRFC 10-311] analyzing module apatb_LL_prefetch_top
INFO: [VRFC 10-2263] Analyzing SystemVerilog file "A:/COMP_ARCH/PYNQ_Projects/HLS_proj/proj_12_Linkedlist_prefetch/LL_prefetch/solution1/sim/verilog/LL_prefetch.v" into library xil_defaultlib
INFO: [VRFC 10-311] analyzing module LL_prefetch
INFO: [VRFC 10-2263] Analyzing SystemVerilog file "A:/COMP_ARCH/PYNQ_Projects/HLS_proj/proj_12_Linkedlist_prefetch/LL_prefetch/solution1/sim/verilog/LL_prefetch_A_BUS_m_axi.v" into library xil_defaultlib
INFO: [VRFC 10-311] analyzing module LL_prefetch_A_BUS_m_axi
INFO: [VRFC 10-311] analyzing module LL_prefetch_A_BUS_m_axi_reg_slice
INFO: [VRFC 10-311] analyzing module LL_prefetch_A_BUS_m_axi_fifo
INFO: [VRFC 10-311] analyzing module LL_prefetch_A_BUS_m_axi_buffer
INFO: [VRFC 10-311] analyzing module LL_prefetch_A_BUS_m_axi_decoder
INFO: [VRFC 10-311] analyzing module LL_prefetch_A_BUS_m_axi_throttl
INFO: [VRFC 10-311] analyzing module LL_prefetch_A_BUS_m_axi_read
INFO: [VRFC 10-311] analyzing module LL_prefetch_A_BUS_m_axi_write
INFO: [VRFC 10-2458] undeclared symbol data_valid, assumed default net type wire [A:/COMP_ARCH/PYNQ_Projects/HLS_proj/proj_12_Linkedlist_prefetch/LL_prefetch/solution1/sim/verilog/LL_prefetch_A_BUS_m_axi.v:2009]
INFO: [VRFC 10-2263] Analyzing SystemVerilog file "A:/COMP_ARCH/PYNQ_Projects/HLS_proj/proj_12_Linkedlist_prefetch/LL_prefetch/solution1/sim/verilog/LL_prefetch_CFG_s_axi.v" into library xil_defaultlib
INFO: [VRFC 10-311] analyzing module LL_prefetch_CFG_s_axi
Starting static elaboration
Completed static elaboration
Starting simulation data flow analysis
Completed simulation data flow analysis
Time Resolution for simulation is 1ps
Compiling module xil_defaultlib.LL_prefetch_CFG_s_axi(C_S_AXI_AD...
Compiling module xil_defaultlib.LL_prefetch_A_BUS_m_axi_throttl_...
Compiling module xil_defaultlib.LL_prefetch_A_BUS_m_axi_fifo(DAT...
Compiling module xil_defaultlib.LL_prefetch_A_BUS_m_axi_buffer(D...
Compiling module xil_defaultlib.LL_prefetch_A_BUS_m_axi_fifo(DEP...
Compiling module xil_defaultlib.LL_prefetch_A_BUS_m_axi_fifo(DAT...
Compiling module xil_defaultlib.LL_prefetch_A_BUS_m_axi_fifo(DAT...
Compiling module xil_defaultlib.LL_prefetch_A_BUS_m_axi_write(NU...
Compiling module xil_defaultlib.LL_prefetch_A_BUS_m_axi_buffer(D...
Compiling module xil_defaultlib.LL_prefetch_A_BUS_m_axi_reg_slic...
Compiling module xil_defaultlib.LL_prefetch_A_BUS_m_axi_read(NUM...
Compiling module xil_defaultlib.LL_prefetch_A_BUS_m_axi(NUM_READ...
Compiling module xil_defaultlib.LL_prefetch_default
Compiling module xil_defaultlib.AESL_axi_master_A_BUS
Compiling module xil_defaultlib.AESL_axi_slave_CFG
Compiling module xil_defaultlib.apatb_LL_prefetch_top
Built simulation snapshot LL_prefetch

****** Webtalk v2016.3 (64-bit)
  **** SW Build 1682563 on Mon Oct 10 19:07:27 MDT 2016
  **** IP Build 1681267 on Mon Oct 10 21:28:31 MDT 2016
    ** Copyright 1986-2016 Xilinx, Inc. All Rights Reserved.

source A:/COMP_ARCH/PYNQ_Projects/HLS_proj/proj_12_Linkedlist_prefetch/LL_prefetch/solution1/sim/verilog/xsim.dir/LL_prefetch/webtalk/xsim_webtalk.tcl -notrace
INFO: [Common 17-206] Exiting Webtalk at Wed May 20 12:51:26 2020...

****** xsim v2016.3 (64-bit)
  **** SW Build 1682563 on Mon Oct 10 19:07:27 MDT 2016
  **** IP Build 1681267 on Mon Oct 10 21:28:31 MDT 2016
    ** Copyright 1986-2016 Xilinx, Inc. All Rights Reserved.

source xsim.dir/LL_prefetch/xsim_script.tcl
# xsim {LL_prefetch} -autoloadwcfg -tclbatch {LL_prefetch.tcl}
Vivado Simulator 2016.3
Time resolution is 1 ps
source LL_prefetch.tcl
## run all
////////////////////////////////////////////////////////////////////////////////////
// Inter-Transaction Progress: Completed Transaction / Total Transaction
// Intra-Transaction Progress: Measured Latency / Latency Estimation * 100%
//
// RTL Simulation : "Inter-Transaction Progress" ["Intra-Transaction Progress"] @ "Simulation Time"
////////////////////////////////////////////////////////////////////////////////////
// RTL Simulation : 0 / 1 [0.00%] @ "125000"
A:/COMP_ARCH/PYNQ_Projects/HLS_proj/proj_12_Linkedlist_prefetch/LL_prefetch/solution1/sim/verilog/AESL_axi_master_A_BUS.v: Read request address       4874 exceed AXI master A_BUS array depth:          3
$finish called at time : 935 ns : File "A:/COMP_ARCH/PYNQ_Projects/HLS_proj/proj_12_Linkedlist_prefetch/LL_prefetch/solution1/sim/verilog/AESL_axi_master_A_BUS.v" Line 684
## quit
INFO: [Common 17-206] Exiting xsim at Wed May 20 12:51:34 2020...
12


Val: 11-->next_val_1: 12  next_val_2: 15  
Val: 12-->next_val_1: 13  next_val_2: 12  
Val: 13-->next_val_1: 14  next_val_2: 13  
Val: 14-->next_val_1: 15  next_val_2: 14  
Val: 15-->next_val_1: 6  next_val_2: 20  
Val: 6-->next_val_1: 7  next_val_2: 6  
Val: 7-->next_val_1: 8  next_val_2: 7  
Val: 8-->next_val_1: 9  next_val_2: 8  
Val: 9-->next_val_1: 20  next_val_2: 9  
Val: 20-->next_val_1: 11  next_val_2: 25  
Val: 11-->next_val_1: 12  next_val_2: 11  
Val: 12-->next_val_1: 13  next_val_2: 12  
Val: 13-->next_val_1: 14  next_val_2: 13  
Val: 14-->next_val_1: 25  next_val_2: 14  
Val: 25-->next_val_1: 16  next_val_2: 30  
Val: 16-->next_val_1: 17  next_val_2: 16  
Val: 17-->next_val_1: 18  next_val_2: 17  
Val: 18-->next_val_1: 19  next_val_2: 18  
Val: 19-->next_val_1: 30  next_val_2: 19  
Val: 30-->next_val_1: 30  next_val_2: 30  

A:\COMP_ARCH\PYNQ_Projects\HLS_proj\proj_12_Linkedlist_prefetch\LL_prefetch\solution1\sim\verilog>call xelab xil_defaultlib.apatb_LL_prefetch_top -prj LL_prefetch.prj --initfile "C:/Xilinx/Vivado/2016.3/bin/../data/xsim/ip/xsim_ip.ini" --lib "ieee_proposed=./ieee_proposed" -s LL_prefetch  
INFO: [XSIM 43-3496] Using init file passed via -initfile option "C:/Xilinx/Vivado/2016.3/bin/../data/xsim/ip/xsim_ip.ini".
Vivado Simulator 2016.3
Copyright 1986-1999, 2001-2016 Xilinx, Inc. All Rights Reserved.
Running: C:/Xilinx/Vivado/2016.3/bin/unwrapped/win64.o/xelab.exe xil_defaultlib.apatb_LL_prefetch_top -prj LL_prefetch.prj --initfile C:/Xilinx/Vivado/2016.3/bin/../data/xsim/ip/xsim_ip.ini --lib ieee_proposed=./ieee_proposed -s LL_prefetch 
Multi-threading is on. Using 2 slave threads.
INFO: [VRFC 10-2263] Analyzing SystemVerilog file "A:/COMP_ARCH/PYNQ_Projects/HLS_proj/proj_12_Linkedlist_prefetch/LL_prefetch/solution1/sim/verilog/AESL_axi_master_A_BUS.v" into library xil_defaultlib
INFO: [VRFC 10-311] analyzing module AESL_axi_master_A_BUS
INFO: [VRFC 10-2263] Analyzing SystemVerilog file "A:/COMP_ARCH/PYNQ_Projects/HLS_proj/proj_12_Linkedlist_prefetch/LL_prefetch/solution1/sim/verilog/AESL_axi_slave_CFG.v" into library xil_defaultlib
INFO: [VRFC 10-311] analyzing module AESL_axi_slave_CFG
INFO: [VRFC 10-2263] Analyzing SystemVerilog file "A:/COMP_ARCH/PYNQ_Projects/HLS_proj/proj_12_Linkedlist_prefetch/LL_prefetch/solution1/sim/verilog/LL_prefetch.autotb.v" into library xil_defaultlib
INFO: [VRFC 10-311] analyzing module apatb_LL_prefetch_top
INFO: [VRFC 10-2263] Analyzing SystemVerilog file "A:/COMP_ARCH/PYNQ_Projects/HLS_proj/proj_12_Linkedlist_prefetch/LL_prefetch/solution1/sim/verilog/LL_prefetch.v" into library xil_defaultlib
INFO: [VRFC 10-311] analyzing module LL_prefetch
INFO: [VRFC 10-2263] Analyzing SystemVerilog file "A:/COMP_ARCH/PYNQ_Projects/HLS_proj/proj_12_Linkedlist_prefetch/LL_prefetch/solution1/sim/verilog/LL_prefetch_A_BUS_m_axi.v" into library xil_defaultlib
INFO: [VRFC 10-311] analyzing module LL_prefetch_A_BUS_m_axi
INFO: [VRFC 10-311] analyzing module LL_prefetch_A_BUS_m_axi_reg_slice
INFO: [VRFC 10-311] analyzing module LL_prefetch_A_BUS_m_axi_fifo
INFO: [VRFC 10-311] analyzing module LL_prefetch_A_BUS_m_axi_buffer
INFO: [VRFC 10-311] analyzing module LL_prefetch_A_BUS_m_axi_decoder
INFO: [VRFC 10-311] analyzing module LL_prefetch_A_BUS_m_axi_throttl
INFO: [VRFC 10-311] analyzing module LL_prefetch_A_BUS_m_axi_read
INFO: [VRFC 10-311] analyzing module LL_prefetch_A_BUS_m_axi_write
INFO: [VRFC 10-2458] undeclared symbol data_valid, assumed default net type wire [A:/COMP_ARCH/PYNQ_Projects/HLS_proj/proj_12_Linkedlist_prefetch/LL_prefetch/solution1/sim/verilog/LL_prefetch_A_BUS_m_axi.v:2009]
INFO: [VRFC 10-2263] Analyzing SystemVerilog file "A:/COMP_ARCH/PYNQ_Projects/HLS_proj/proj_12_Linkedlist_prefetch/LL_prefetch/solution1/sim/verilog/LL_prefetch_CFG_s_axi.v" into library xil_defaultlib
INFO: [VRFC 10-311] analyzing module LL_prefetch_CFG_s_axi
Starting static elaboration
Completed static elaboration
Starting simulation data flow analysis
Completed simulation data flow analysis
Time Resolution for simulation is 1ps
Compiling module xil_defaultlib.LL_prefetch_CFG_s_axi(C_S_AXI_AD...
Compiling module xil_defaultlib.LL_prefetch_A_BUS_m_axi_throttl_...
Compiling module xil_defaultlib.LL_prefetch_A_BUS_m_axi_fifo(DAT...
Compiling module xil_defaultlib.LL_prefetch_A_BUS_m_axi_buffer(D...
Compiling module xil_defaultlib.LL_prefetch_A_BUS_m_axi_fifo(DEP...
Compiling module xil_defaultlib.LL_prefetch_A_BUS_m_axi_fifo(DAT...
Compiling module xil_defaultlib.LL_prefetch_A_BUS_m_axi_fifo(DAT...
Compiling module xil_defaultlib.LL_prefetch_A_BUS_m_axi_write(NU...
Compiling module xil_defaultlib.LL_prefetch_A_BUS_m_axi_buffer(D...
Compiling module xil_defaultlib.LL_prefetch_A_BUS_m_axi_reg_slic...
Compiling module xil_defaultlib.LL_prefetch_A_BUS_m_axi_read(NUM...
Compiling module xil_defaultlib.LL_prefetch_A_BUS_m_axi(NUM_READ...
Compiling module xil_defaultlib.LL_prefetch_default
Compiling module xil_defaultlib.AESL_axi_master_A_BUS
Compiling module xil_defaultlib.AESL_axi_slave_CFG
Compiling module xil_defaultlib.apatb_LL_prefetch_top
Built simulation snapshot LL_prefetch

****** Webtalk v2016.3 (64-bit)
  **** SW Build 1682563 on Mon Oct 10 19:07:27 MDT 2016
  **** IP Build 1681267 on Mon Oct 10 21:28:31 MDT 2016
    ** Copyright 1986-2016 Xilinx, Inc. All Rights Reserved.

source A:/COMP_ARCH/PYNQ_Projects/HLS_proj/proj_12_Linkedlist_prefetch/LL_prefetch/solution1/sim/verilog/xsim.dir/LL_prefetch/webtalk/xsim_webtalk.tcl -notrace
INFO: [Common 17-206] Exiting Webtalk at Wed May 20 12:57:26 2020...

****** xsim v2016.3 (64-bit)
  **** SW Build 1682563 on Mon Oct 10 19:07:27 MDT 2016
  **** IP Build 1681267 on Mon Oct 10 21:28:31 MDT 2016
    ** Copyright 1986-2016 Xilinx, Inc. All Rights Reserved.

source xsim.dir/LL_prefetch/xsim_script.tcl
# xsim {LL_prefetch} -autoloadwcfg -tclbatch {LL_prefetch.tcl}
Vivado Simulator 2016.3
Time resolution is 1 ps
source LL_prefetch.tcl
## run all
////////////////////////////////////////////////////////////////////////////////////
// Inter-Transaction Progress: Completed Transaction / Total Transaction
// Intra-Transaction Progress: Measured Latency / Latency Estimation * 100%
//
// RTL Simulation : "Inter-Transaction Progress" ["Intra-Transaction Progress"] @ "Simulation Time"
////////////////////////////////////////////////////////////////////////////////////
// RTL Simulation : 0 / 1 [0.00%] @ "125000"
A:/COMP_ARCH/PYNQ_Projects/HLS_proj/proj_12_Linkedlist_prefetch/LL_prefetch/solution1/sim/verilog/AESL_axi_master_A_BUS.v: Read request address       4874 exceed AXI master A_BUS array depth:          3
$finish called at time : 935 ns : File "A:/COMP_ARCH/PYNQ_Projects/HLS_proj/proj_12_Linkedlist_prefetch/LL_prefetch/solution1/sim/verilog/AESL_axi_master_A_BUS.v" Line 684
## quit
INFO: [Common 17-206] Exiting xsim at Wed May 20 12:57:34 2020...
12


Val: 11-->next_val_1: 12  next_val_2: 15  
Val: 12-->next_val_1: 13  next_val_2: 12  
Val: 13-->next_val_1: 14  next_val_2: 13  
Val: 14-->next_val_1: 15  next_val_2: 14  
Val: 15-->next_val_1: 6  next_val_2: 20  
Val: 6-->next_val_1: 7  next_val_2: 6  
Val: 7-->next_val_1: 8  next_val_2: 7  
Val: 8-->next_val_1: 9  next_val_2: 8  
Val: 9-->next_val_1: 20  next_val_2: 9  
Val: 20-->next_val_1: 11  next_val_2: 25  
Val: 11-->next_val_1: 12  next_val_2: 11  
Val: 12-->next_val_1: 13  next_val_2: 12  
Val: 13-->next_val_1: 14  next_val_2: 13  
Val: 14-->next_val_1: 25  next_val_2: 14  
Val: 25-->next_val_1: 16  next_val_2: 30  
Val: 16-->next_val_1: 17  next_val_2: 16  
Val: 17-->next_val_1: 18  next_val_2: 17  
Val: 18-->next_val_1: 19  next_val_2: 18  
Val: 19-->next_val_1: 30  next_val_2: 19  
Val: 30-->next_val_1: 30  next_val_2: 30  

A:\COMP_ARCH\PYNQ_Projects\HLS_proj\proj_12_Linkedlist_prefetch\LL_prefetch\solution1\sim\verilog>call xelab xil_defaultlib.apatb_LL_prefetch_top -prj LL_prefetch.prj --initfile "C:/Xilinx/Vivado/2016.3/bin/../data/xsim/ip/xsim_ip.ini" --lib "ieee_proposed=./ieee_proposed" -s LL_prefetch  
INFO: [XSIM 43-3496] Using init file passed via -initfile option "C:/Xilinx/Vivado/2016.3/bin/../data/xsim/ip/xsim_ip.ini".
Vivado Simulator 2016.3
Copyright 1986-1999, 2001-2016 Xilinx, Inc. All Rights Reserved.
Running: C:/Xilinx/Vivado/2016.3/bin/unwrapped/win64.o/xelab.exe xil_defaultlib.apatb_LL_prefetch_top -prj LL_prefetch.prj --initfile C:/Xilinx/Vivado/2016.3/bin/../data/xsim/ip/xsim_ip.ini --lib ieee_proposed=./ieee_proposed -s LL_prefetch 
Multi-threading is on. Using 2 slave threads.
INFO: [VRFC 10-2263] Analyzing SystemVerilog file "A:/COMP_ARCH/PYNQ_Projects/HLS_proj/proj_12_Linkedlist_prefetch/LL_prefetch/solution1/sim/verilog/AESL_axi_master_A_BUS.v" into library xil_defaultlib
INFO: [VRFC 10-311] analyzing module AESL_axi_master_A_BUS
INFO: [VRFC 10-2263] Analyzing SystemVerilog file "A:/COMP_ARCH/PYNQ_Projects/HLS_proj/proj_12_Linkedlist_prefetch/LL_prefetch/solution1/sim/verilog/AESL_axi_slave_CFG.v" into library xil_defaultlib
INFO: [VRFC 10-311] analyzing module AESL_axi_slave_CFG
INFO: [VRFC 10-2263] Analyzing SystemVerilog file "A:/COMP_ARCH/PYNQ_Projects/HLS_proj/proj_12_Linkedlist_prefetch/LL_prefetch/solution1/sim/verilog/LL_prefetch.autotb.v" into library xil_defaultlib
INFO: [VRFC 10-311] analyzing module apatb_LL_prefetch_top
INFO: [VRFC 10-2263] Analyzing SystemVerilog file "A:/COMP_ARCH/PYNQ_Projects/HLS_proj/proj_12_Linkedlist_prefetch/LL_prefetch/solution1/sim/verilog/LL_prefetch.v" into library xil_defaultlib
INFO: [VRFC 10-311] analyzing module LL_prefetch
INFO: [VRFC 10-2263] Analyzing SystemVerilog file "A:/COMP_ARCH/PYNQ_Projects/HLS_proj/proj_12_Linkedlist_prefetch/LL_prefetch/solution1/sim/verilog/LL_prefetch_A_BUS_m_axi.v" into library xil_defaultlib
INFO: [VRFC 10-311] analyzing module LL_prefetch_A_BUS_m_axi
INFO: [VRFC 10-311] analyzing module LL_prefetch_A_BUS_m_axi_reg_slice
INFO: [VRFC 10-311] analyzing module LL_prefetch_A_BUS_m_axi_fifo
INFO: [VRFC 10-311] analyzing module LL_prefetch_A_BUS_m_axi_buffer
INFO: [VRFC 10-311] analyzing module LL_prefetch_A_BUS_m_axi_decoder
INFO: [VRFC 10-311] analyzing module LL_prefetch_A_BUS_m_axi_throttl
INFO: [VRFC 10-311] analyzing module LL_prefetch_A_BUS_m_axi_read
INFO: [VRFC 10-311] analyzing module LL_prefetch_A_BUS_m_axi_write
INFO: [VRFC 10-2458] undeclared symbol data_valid, assumed default net type wire [A:/COMP_ARCH/PYNQ_Projects/HLS_proj/proj_12_Linkedlist_prefetch/LL_prefetch/solution1/sim/verilog/LL_prefetch_A_BUS_m_axi.v:2009]
INFO: [VRFC 10-2263] Analyzing SystemVerilog file "A:/COMP_ARCH/PYNQ_Projects/HLS_proj/proj_12_Linkedlist_prefetch/LL_prefetch/solution1/sim/verilog/LL_prefetch_CFG_s_axi.v" into library xil_defaultlib
INFO: [VRFC 10-311] analyzing module LL_prefetch_CFG_s_axi
Starting static elaboration
Completed static elaboration
Starting simulation data flow analysis
Completed simulation data flow analysis
Time Resolution for simulation is 1ps
Compiling module xil_defaultlib.LL_prefetch_CFG_s_axi(C_S_AXI_AD...
Compiling module xil_defaultlib.LL_prefetch_A_BUS_m_axi_throttl_...
Compiling module xil_defaultlib.LL_prefetch_A_BUS_m_axi_fifo(DAT...
Compiling module xil_defaultlib.LL_prefetch_A_BUS_m_axi_buffer(D...
Compiling module xil_defaultlib.LL_prefetch_A_BUS_m_axi_fifo(DEP...
Compiling module xil_defaultlib.LL_prefetch_A_BUS_m_axi_fifo(DAT...
Compiling module xil_defaultlib.LL_prefetch_A_BUS_m_axi_fifo(DAT...
Compiling module xil_defaultlib.LL_prefetch_A_BUS_m_axi_write(NU...
Compiling module xil_defaultlib.LL_prefetch_A_BUS_m_axi_buffer(D...
Compiling module xil_defaultlib.LL_prefetch_A_BUS_m_axi_reg_slic...
Compiling module xil_defaultlib.LL_prefetch_A_BUS_m_axi_read(NUM...
Compiling module xil_defaultlib.LL_prefetch_A_BUS_m_axi(NUM_READ...
Compiling module xil_defaultlib.LL_prefetch_default
Compiling module xil_defaultlib.AESL_axi_master_A_BUS
Compiling module xil_defaultlib.AESL_axi_slave_CFG
Compiling module xil_defaultlib.apatb_LL_prefetch_top
Built simulation snapshot LL_prefetch

****** Webtalk v2016.3 (64-bit)
  **** SW Build 1682563 on Mon Oct 10 19:07:27 MDT 2016
  **** IP Build 1681267 on Mon Oct 10 21:28:31 MDT 2016
    ** Copyright 1986-2016 Xilinx, Inc. All Rights Reserved.

source A:/COMP_ARCH/PYNQ_Projects/HLS_proj/proj_12_Linkedlist_prefetch/LL_prefetch/solution1/sim/verilog/xsim.dir/LL_prefetch/webtalk/xsim_webtalk.tcl -notrace
INFO: [Common 17-206] Exiting Webtalk at Wed May 20 12:59:46 2020...

****** xsim v2016.3 (64-bit)
  **** SW Build 1682563 on Mon Oct 10 19:07:27 MDT 2016
  **** IP Build 1681267 on Mon Oct 10 21:28:31 MDT 2016
    ** Copyright 1986-2016 Xilinx, Inc. All Rights Reserved.

source xsim.dir/LL_prefetch/xsim_script.tcl
# xsim {LL_prefetch} -autoloadwcfg -tclbatch {LL_prefetch.tcl}
Vivado Simulator 2016.3
Time resolution is 1 ps
source LL_prefetch.tcl
## run all
////////////////////////////////////////////////////////////////////////////////////
// Inter-Transaction Progress: Completed Transaction / Total Transaction
// Intra-Transaction Progress: Measured Latency / Latency Estimation * 100%
//
// RTL Simulation : "Inter-Transaction Progress" ["Intra-Transaction Progress"] @ "Simulation Time"
////////////////////////////////////////////////////////////////////////////////////
// RTL Simulation : 0 / 1 [0.00%] @ "125000"
A:/COMP_ARCH/PYNQ_Projects/HLS_proj/proj_12_Linkedlist_prefetch/LL_prefetch/solution1/sim/verilog/AESL_axi_master_A_BUS.v: Read request address       4874 exceed AXI master A_BUS array depth:          3
$finish called at time : 935 ns : File "A:/COMP_ARCH/PYNQ_Projects/HLS_proj/proj_12_Linkedlist_prefetch/LL_prefetch/solution1/sim/verilog/AESL_axi_master_A_BUS.v" Line 684
## quit
INFO: [Common 17-206] Exiting xsim at Wed May 20 12:59:54 2020...
12


Val: 11-->next_val_1: 12  next_val_2: 15  
Val: 12-->next_val_1: 13  next_val_2: 12  
Val: 13-->next_val_1: 14  next_val_2: 13  
Val: 14-->next_val_1: 15  next_val_2: 14  
Val: 15-->next_val_1: 16  next_val_2: 20  
Val: 16-->next_val_1: 17  next_val_2: 16  
Val: 17-->next_val_1: 18  next_val_2: 17  
Val: 18-->next_val_1: 19  next_val_2: 18  
Val: 19-->next_val_1: 20  next_val_2: 19  
Val: 20-->next_val_1: 21  next_val_2: 25  
Val: 21-->next_val_1: 22  next_val_2: 21  
Val: 22-->next_val_1: 23  next_val_2: 22  
Val: 23-->next_val_1: 24  next_val_2: 23  
Val: 24-->next_val_1: 25  next_val_2: 24  
Val: 25-->next_val_1: 26  next_val_2: 30  
Val: 26-->next_val_1: 27  next_val_2: 26  
Val: 27-->next_val_1: 28  next_val_2: 27  
Val: 28-->next_val_1: 29  next_val_2: 28  
Val: 29-->next_val_1: 30  next_val_2: 29  
Val: 30-->next_val_1: 30  next_val_2: 30  

A:\COMP_ARCH\PYNQ_Projects\HLS_proj\proj_12_Linkedlist_prefetch\LL_prefetch\solution1\sim\verilog>call xelab xil_defaultlib.apatb_LL_prefetch_top -prj LL_prefetch.prj --initfile "C:/Xilinx/Vivado/2016.3/bin/../data/xsim/ip/xsim_ip.ini" --lib "ieee_proposed=./ieee_proposed" -s LL_prefetch  
INFO: [XSIM 43-3496] Using init file passed via -initfile option "C:/Xilinx/Vivado/2016.3/bin/../data/xsim/ip/xsim_ip.ini".
Vivado Simulator 2016.3
Copyright 1986-1999, 2001-2016 Xilinx, Inc. All Rights Reserved.
Running: C:/Xilinx/Vivado/2016.3/bin/unwrapped/win64.o/xelab.exe xil_defaultlib.apatb_LL_prefetch_top -prj LL_prefetch.prj --initfile C:/Xilinx/Vivado/2016.3/bin/../data/xsim/ip/xsim_ip.ini --lib ieee_proposed=./ieee_proposed -s LL_prefetch 
Multi-threading is on. Using 2 slave threads.
INFO: [VRFC 10-2263] Analyzing SystemVerilog file "A:/COMP_ARCH/PYNQ_Projects/HLS_proj/proj_12_Linkedlist_prefetch/LL_prefetch/solution1/sim/verilog/AESL_axi_master_A_BUS.v" into library xil_defaultlib
INFO: [VRFC 10-311] analyzing module AESL_axi_master_A_BUS
INFO: [VRFC 10-2263] Analyzing SystemVerilog file "A:/COMP_ARCH/PYNQ_Projects/HLS_proj/proj_12_Linkedlist_prefetch/LL_prefetch/solution1/sim/verilog/AESL_axi_slave_CFG.v" into library xil_defaultlib
INFO: [VRFC 10-311] analyzing module AESL_axi_slave_CFG
INFO: [VRFC 10-2263] Analyzing SystemVerilog file "A:/COMP_ARCH/PYNQ_Projects/HLS_proj/proj_12_Linkedlist_prefetch/LL_prefetch/solution1/sim/verilog/LL_prefetch.autotb.v" into library xil_defaultlib
INFO: [VRFC 10-311] analyzing module apatb_LL_prefetch_top
INFO: [VRFC 10-2263] Analyzing SystemVerilog file "A:/COMP_ARCH/PYNQ_Projects/HLS_proj/proj_12_Linkedlist_prefetch/LL_prefetch/solution1/sim/verilog/LL_prefetch.v" into library xil_defaultlib
INFO: [VRFC 10-311] analyzing module LL_prefetch
INFO: [VRFC 10-2263] Analyzing SystemVerilog file "A:/COMP_ARCH/PYNQ_Projects/HLS_proj/proj_12_Linkedlist_prefetch/LL_prefetch/solution1/sim/verilog/LL_prefetch_A_BUS_m_axi.v" into library xil_defaultlib
INFO: [VRFC 10-311] analyzing module LL_prefetch_A_BUS_m_axi
INFO: [VRFC 10-311] analyzing module LL_prefetch_A_BUS_m_axi_reg_slice
INFO: [VRFC 10-311] analyzing module LL_prefetch_A_BUS_m_axi_fifo
INFO: [VRFC 10-311] analyzing module LL_prefetch_A_BUS_m_axi_buffer
INFO: [VRFC 10-311] analyzing module LL_prefetch_A_BUS_m_axi_decoder
INFO: [VRFC 10-311] analyzing module LL_prefetch_A_BUS_m_axi_throttl
INFO: [VRFC 10-311] analyzing module LL_prefetch_A_BUS_m_axi_read
INFO: [VRFC 10-311] analyzing module LL_prefetch_A_BUS_m_axi_write
INFO: [VRFC 10-2458] undeclared symbol data_valid, assumed default net type wire [A:/COMP_ARCH/PYNQ_Projects/HLS_proj/proj_12_Linkedlist_prefetch/LL_prefetch/solution1/sim/verilog/LL_prefetch_A_BUS_m_axi.v:2009]
INFO: [VRFC 10-2263] Analyzing SystemVerilog file "A:/COMP_ARCH/PYNQ_Projects/HLS_proj/proj_12_Linkedlist_prefetch/LL_prefetch/solution1/sim/verilog/LL_prefetch_CFG_s_axi.v" into library xil_defaultlib
INFO: [VRFC 10-311] analyzing module LL_prefetch_CFG_s_axi
INFO: [VRFC 10-2263] Analyzing SystemVerilog file "A:/COMP_ARCH/PYNQ_Projects/HLS_proj/proj_12_Linkedlist_prefetch/LL_prefetch/solution1/sim/verilog/LL_prefetch_mux_4bkb.v" into library xil_defaultlib
INFO: [VRFC 10-311] analyzing module LL_prefetch_mux_4bkb
Starting static elaboration
Completed static elaboration
Starting simulation data flow analysis
Completed simulation data flow analysis
Time Resolution for simulation is 1ps
Compiling module xil_defaultlib.LL_prefetch_CFG_s_axi(C_S_AXI_AD...
Compiling module xil_defaultlib.LL_prefetch_A_BUS_m_axi_throttl_...
Compiling module xil_defaultlib.LL_prefetch_A_BUS_m_axi_fifo(DAT...
Compiling module xil_defaultlib.LL_prefetch_A_BUS_m_axi_buffer(D...
Compiling module xil_defaultlib.LL_prefetch_A_BUS_m_axi_fifo(DEP...
Compiling module xil_defaultlib.LL_prefetch_A_BUS_m_axi_fifo(DAT...
Compiling module xil_defaultlib.LL_prefetch_A_BUS_m_axi_fifo(DAT...
Compiling module xil_defaultlib.LL_prefetch_A_BUS_m_axi_write(NU...
Compiling module xil_defaultlib.LL_prefetch_A_BUS_m_axi_buffer(D...
Compiling module xil_defaultlib.LL_prefetch_A_BUS_m_axi_reg_slic...
Compiling module xil_defaultlib.LL_prefetch_A_BUS_m_axi_read(NUM...
Compiling module xil_defaultlib.LL_prefetch_A_BUS_m_axi(NUM_READ...
Compiling module xil_defaultlib.LL_prefetch_mux_4bkb(ID=1,din5_W...
Compiling module xil_defaultlib.LL_prefetch_default
Compiling module xil_defaultlib.AESL_axi_master_A_BUS
Compiling module xil_defaultlib.AESL_axi_slave_CFG
Compiling module xil_defaultlib.apatb_LL_prefetch_top
Built simulation snapshot LL_prefetch

****** Webtalk v2016.3 (64-bit)
  **** SW Build 1682563 on Mon Oct 10 19:07:27 MDT 2016
  **** IP Build 1681267 on Mon Oct 10 21:28:31 MDT 2016
    ** Copyright 1986-2016 Xilinx, Inc. All Rights Reserved.

source A:/COMP_ARCH/PYNQ_Projects/HLS_proj/proj_12_Linkedlist_prefetch/LL_prefetch/solution1/sim/verilog/xsim.dir/LL_prefetch/webtalk/xsim_webtalk.tcl -notrace
INFO: [Common 17-206] Exiting Webtalk at Wed May 20 16:17:48 2020...

****** xsim v2016.3 (64-bit)
  **** SW Build 1682563 on Mon Oct 10 19:07:27 MDT 2016
  **** IP Build 1681267 on Mon Oct 10 21:28:31 MDT 2016
    ** Copyright 1986-2016 Xilinx, Inc. All Rights Reserved.

source xsim.dir/LL_prefetch/xsim_script.tcl
# xsim {LL_prefetch} -autoloadwcfg -tclbatch {LL_prefetch.tcl}
Vivado Simulator 2016.3
Time resolution is 1 ps
source LL_prefetch.tcl
## run all
////////////////////////////////////////////////////////////////////////////////////
// Inter-Transaction Progress: Completed Transaction / Total Transaction
// Intra-Transaction Progress: Measured Latency / Latency Estimation * 100%
//
// RTL Simulation : "Inter-Transaction Progress" ["Intra-Transaction Progress"] @ "Simulation Time"
////////////////////////////////////////////////////////////////////////////////////
// RTL Simulation : 0 / 1 [0.00%] @ "125000"
A:/COMP_ARCH/PYNQ_Projects/HLS_proj/proj_12_Linkedlist_prefetch/LL_prefetch/solution1/sim/verilog/AESL_axi_master_A_BUS.v: Read request address       4874 exceed AXI master A_BUS array depth:          3
$finish called at time : 1005 ns : File "A:/COMP_ARCH/PYNQ_Projects/HLS_proj/proj_12_Linkedlist_prefetch/LL_prefetch/solution1/sim/verilog/AESL_axi_master_A_BUS.v" Line 689
## quit
INFO: [Common 17-206] Exiting xsim at Wed May 20 16:17:56 2020...
16
ERROR: System recieved a signal named SIGSEGV and the program has to stop immediately!
This signal was generated when a program tries to read or write outside the memory that is allocated for it, or to write memory that can only be read.
Possible cause of this problem may be: 1) the depth setting of pointer type argument is much larger than it needed; 2)insufficient depth of array argument; 3)null pointer etc.
Current execution stopped during CodeState = CALL_C_DUT.
You can search CodeState variable name in apatb*.cpp file under ./sim/wrapc dir to locate the position.

16
ERROR: System recieved a signal named SIGSEGV and the program has to stop immediately!
This signal was generated when a program tries to read or write outside the memory that is allocated for it, or to write memory that can only be read.
Possible cause of this problem may be: 1) the depth setting of pointer type argument is much larger than it needed; 2)insufficient depth of array argument; 3)null pointer etc.
Current execution stopped during CodeState = CALL_C_DUT.
You can search CodeState variable name in apatb*.cpp file under ./sim/wrapc dir to locate the position.

16
ERROR: System recieved a signal named SIGSEGV and the program has to stop immediately!
This signal was generated when a program tries to read or write outside the memory that is allocated for it, or to write memory that can only be read.
Possible cause of this problem may be: 1) the depth setting of pointer type argument is much larger than it needed; 2)insufficient depth of array argument; 3)null pointer etc.
Current execution stopped during CodeState = CALL_C_DUT.
You can search CodeState variable name in apatb*.cpp file under ./sim/wrapc dir to locate the position.

16
ERROR: System recieved a signal named SIGSEGV and the program has to stop immediately!
This signal was generated when a program tries to read or write outside the memory that is allocated for it, or to write memory that can only be read.
Possible cause of this problem may be: 1) the depth setting of pointer type argument is much larger than it needed; 2)insufficient depth of array argument; 3)null pointer etc.
Current execution stopped during CodeState = CALL_C_DUT.
You can search CodeState variable name in apatb*.cpp file under ./sim/wrapc dir to locate the position.

16
ERROR: System recieved a signal named SIGSEGV and the program has to stop immediately!
This signal was generated when a program tries to read or write outside the memory that is allocated for it, or to write memory that can only be read.
Possible cause of this problem may be: 1) the depth setting of pointer type argument is much larger than it needed; 2)insufficient depth of array argument; 3)null pointer etc.
Current execution stopped during CodeState = CALL_C_DUT.
You can search CodeState variable name in apatb*.cpp file under ./sim/wrapc dir to locate the position.

16
ERROR: System recieved a signal named SIGSEGV and the program has to stop immediately!
This signal was generated when a program tries to read or write outside the memory that is allocated for it, or to write memory that can only be read.
Possible cause of this problem may be: 1) the depth setting of pointer type argument is much larger than it needed; 2)insufficient depth of array argument; 3)null pointer etc.
Current execution stopped during CodeState = CALL_C_DUT.
You can search CodeState variable name in apatb*.cpp file under ./sim/wrapc dir to locate the position.

Into main function
Size of node: 16
newnode val:10
newnode offs:0
Addrs1:132512
newnode val:20
newnode offs:0
Addrs2:142536
prevnode offs:10024
List initialised success setting inputs to IP
Into main function
Addrs1:132512
value1:20
offs1:10024
Addrs2:20
value2:2949221
ERROR: System recieved a signal named SIGSEGV and the program has to stop immediately!
This signal was generated when a program tries to read or write outside the memory that is allocated for it, or to write memory that can only be read.
Possible cause of this problem may be: 1) the depth setting of pointer type argument is much larger than it needed; 2)insufficient depth of array argument; 3)null pointer etc.
Current execution stopped during CodeState = CALL_C_DUT.
You can search CodeState variable name in apatb*.cpp file under ./sim/wrapc dir to locate the position.

