
*** Running vivado
    with args -log design_1_auto_us_1.vds -m64 -product Vivado -mode batch -messageDb vivado.pb -notrace -source design_1_auto_us_1.tcl


****** Vivado v2016.3 (64-bit)
  **** SW Build 1682563 on Mon Oct 10 19:07:27 MDT 2016
  **** IP Build 1681267 on Mon Oct 10 21:28:31 MDT 2016
    ** Copyright 1986-2016 Xilinx, Inc. All Rights Reserved.

source design_1_auto_us_1.tcl -notrace
Starting RTL Elaboration : Time (s): cpu = 00:00:18 ; elapsed = 00:00:23 . Memory (MB): peak = 348.488 ; gain = 138.086
INFO: [Synth 8-638] synthesizing module 'design_1_auto_us_1' [a:/COMP_ARCH/PYNQ_Projects/Vivado_prj/prefetch_readalloc/prefetch_readalloc.srcs/sources_1/bd/design_1/ip/design_1_auto_us_1/synth/design_1_auto_us_1.v:58]
INFO: [Synth 8-638] synthesizing module 'axi_dwidth_converter_v2_1_10_top' [a:/COMP_ARCH/PYNQ_Projects/Vivado_prj/prefetch_readalloc/prefetch_readalloc.srcs/sources_1/bd/design_1/ipshared/4a86/hdl/axi_dwidth_converter_v2_1_vlsyn_rfs.v:14452]
INFO: [Synth 8-638] synthesizing module 'axi_dwidth_converter_v2_1_10_axi_upsizer' [a:/COMP_ARCH/PYNQ_Projects/Vivado_prj/prefetch_readalloc/prefetch_readalloc.srcs/sources_1/bd/design_1/ipshared/4a86/hdl/axi_dwidth_converter_v2_1_vlsyn_rfs.v:7037]
INFO: [Synth 8-638] synthesizing module 'axi_dwidth_converter_v2_1_10_w_upsizer' [a:/COMP_ARCH/PYNQ_Projects/Vivado_prj/prefetch_readalloc/prefetch_readalloc.srcs/sources_1/bd/design_1/ipshared/4a86/hdl/axi_dwidth_converter_v2_1_vlsyn_rfs.v:5562]
INFO: [Synth 8-256] done synthesizing module 'axi_dwidth_converter_v2_1_10_w_upsizer' (1#1) [a:/COMP_ARCH/PYNQ_Projects/Vivado_prj/prefetch_readalloc/prefetch_readalloc.srcs/sources_1/bd/design_1/ipshared/4a86/hdl/axi_dwidth_converter_v2_1_vlsyn_rfs.v:5562]
INFO: [Synth 8-638] synthesizing module 'axi_dwidth_converter_v2_1_10_a_upsizer' [a:/COMP_ARCH/PYNQ_Projects/Vivado_prj/prefetch_readalloc/prefetch_readalloc.srcs/sources_1/bd/design_1/ipshared/4a86/hdl/axi_dwidth_converter_v2_1_vlsyn_rfs.v:3603]
INFO: [Synth 8-638] synthesizing module 'generic_baseblocks_v2_1_0_command_fifo' [a:/COMP_ARCH/PYNQ_Projects/Vivado_prj/prefetch_readalloc/prefetch_readalloc.srcs/sources_1/bd/design_1/ipshared/7ee0/hdl/generic_baseblocks_v2_1_vl_rfs.v:655]
INFO: [Synth 8-256] done synthesizing module 'generic_baseblocks_v2_1_0_command_fifo' (2#1) [a:/COMP_ARCH/PYNQ_Projects/Vivado_prj/prefetch_readalloc/prefetch_readalloc.srcs/sources_1/bd/design_1/ipshared/7ee0/hdl/generic_baseblocks_v2_1_vl_rfs.v:655]
INFO: [Synth 8-256] done synthesizing module 'axi_dwidth_converter_v2_1_10_a_upsizer' (3#1) [a:/COMP_ARCH/PYNQ_Projects/Vivado_prj/prefetch_readalloc/prefetch_readalloc.srcs/sources_1/bd/design_1/ipshared/4a86/hdl/axi_dwidth_converter_v2_1_vlsyn_rfs.v:3603]
INFO: [Synth 8-638] synthesizing module 'axi_dwidth_converter_v2_1_10_r_upsizer' [a:/COMP_ARCH/PYNQ_Projects/Vivado_prj/prefetch_readalloc/prefetch_readalloc.srcs/sources_1/bd/design_1/ipshared/4a86/hdl/axi_dwidth_converter_v2_1_vlsyn_rfs.v:4652]
INFO: [Synth 8-256] done synthesizing module 'axi_dwidth_converter_v2_1_10_r_upsizer' (4#1) [a:/COMP_ARCH/PYNQ_Projects/Vivado_prj/prefetch_readalloc/prefetch_readalloc.srcs/sources_1/bd/design_1/ipshared/4a86/hdl/axi_dwidth_converter_v2_1_vlsyn_rfs.v:4652]
INFO: [Synth 8-638] synthesizing module 'axi_register_slice_v2_1_10_axi_register_slice' [a:/COMP_ARCH/PYNQ_Projects/Vivado_prj/prefetch_readalloc/prefetch_readalloc.srcs/sources_1/bd/design_1/ipshared/7efe/hdl/axi_register_slice_v2_1_vl_rfs.v:791]
INFO: [Synth 8-638] synthesizing module 'axi_infrastructure_v1_1_0_axi2vector' [a:/COMP_ARCH/PYNQ_Projects/Vivado_prj/prefetch_readalloc/prefetch_readalloc.srcs/sources_1/bd/design_1/ipshared/7e3a/hdl/axi_infrastructure_v1_1_vl_rfs.v:60]
INFO: [Synth 8-256] done synthesizing module 'axi_infrastructure_v1_1_0_axi2vector' (5#1) [a:/COMP_ARCH/PYNQ_Projects/Vivado_prj/prefetch_readalloc/prefetch_readalloc.srcs/sources_1/bd/design_1/ipshared/7e3a/hdl/axi_infrastructure_v1_1_vl_rfs.v:60]
INFO: [Synth 8-638] synthesizing module 'axi_register_slice_v2_1_10_axic_register_slice' [a:/COMP_ARCH/PYNQ_Projects/Vivado_prj/prefetch_readalloc/prefetch_readalloc.srcs/sources_1/bd/design_1/ipshared/7efe/hdl/axi_register_slice_v2_1_vl_rfs.v:85]
INFO: [Synth 8-256] done synthesizing module 'axi_register_slice_v2_1_10_axic_register_slice' (6#1) [a:/COMP_ARCH/PYNQ_Projects/Vivado_prj/prefetch_readalloc/prefetch_readalloc.srcs/sources_1/bd/design_1/ipshared/7efe/hdl/axi_register_slice_v2_1_vl_rfs.v:85]
INFO: [Synth 8-638] synthesizing module 'axi_register_slice_v2_1_10_axic_register_slice__parameterized0' [a:/COMP_ARCH/PYNQ_Projects/Vivado_prj/prefetch_readalloc/prefetch_readalloc.srcs/sources_1/bd/design_1/ipshared/7efe/hdl/axi_register_slice_v2_1_vl_rfs.v:85]
INFO: [Synth 8-256] done synthesizing module 'axi_register_slice_v2_1_10_axic_register_slice__parameterized0' (6#1) [a:/COMP_ARCH/PYNQ_Projects/Vivado_prj/prefetch_readalloc/prefetch_readalloc.srcs/sources_1/bd/design_1/ipshared/7efe/hdl/axi_register_slice_v2_1_vl_rfs.v:85]
INFO: [Synth 8-638] synthesizing module 'axi_register_slice_v2_1_10_axic_register_slice__parameterized1' [a:/COMP_ARCH/PYNQ_Projects/Vivado_prj/prefetch_readalloc/prefetch_readalloc.srcs/sources_1/bd/design_1/ipshared/7efe/hdl/axi_register_slice_v2_1_vl_rfs.v:85]
INFO: [Synth 8-256] done synthesizing module 'axi_register_slice_v2_1_10_axic_register_slice__parameterized1' (6#1) [a:/COMP_ARCH/PYNQ_Projects/Vivado_prj/prefetch_readalloc/prefetch_readalloc.srcs/sources_1/bd/design_1/ipshared/7efe/hdl/axi_register_slice_v2_1_vl_rfs.v:85]
INFO: [Synth 8-638] synthesizing module 'axi_register_slice_v2_1_10_axic_register_slice__parameterized2' [a:/COMP_ARCH/PYNQ_Projects/Vivado_prj/prefetch_readalloc/prefetch_readalloc.srcs/sources_1/bd/design_1/ipshared/7efe/hdl/axi_register_slice_v2_1_vl_rfs.v:85]
INFO: [Synth 8-256] done synthesizing module 'axi_register_slice_v2_1_10_axic_register_slice__parameterized2' (6#1) [a:/COMP_ARCH/PYNQ_Projects/Vivado_prj/prefetch_readalloc/prefetch_readalloc.srcs/sources_1/bd/design_1/ipshared/7efe/hdl/axi_register_slice_v2_1_vl_rfs.v:85]
INFO: [Synth 8-638] synthesizing module 'axi_infrastructure_v1_1_0_vector2axi' [a:/COMP_ARCH/PYNQ_Projects/Vivado_prj/prefetch_readalloc/prefetch_readalloc.srcs/sources_1/bd/design_1/ipshared/7e3a/hdl/axi_infrastructure_v1_1_vl_rfs.v:474]
INFO: [Synth 8-256] done synthesizing module 'axi_infrastructure_v1_1_0_vector2axi' (7#1) [a:/COMP_ARCH/PYNQ_Projects/Vivado_prj/prefetch_readalloc/prefetch_readalloc.srcs/sources_1/bd/design_1/ipshared/7e3a/hdl/axi_infrastructure_v1_1_vl_rfs.v:474]
INFO: [Synth 8-256] done synthesizing module 'axi_register_slice_v2_1_10_axi_register_slice' (8#1) [a:/COMP_ARCH/PYNQ_Projects/Vivado_prj/prefetch_readalloc/prefetch_readalloc.srcs/sources_1/bd/design_1/ipshared/7efe/hdl/axi_register_slice_v2_1_vl_rfs.v:791]
INFO: [Synth 8-638] synthesizing module 'axi_dwidth_converter_v2_1_10_a_upsizer__parameterized0' [a:/COMP_ARCH/PYNQ_Projects/Vivado_prj/prefetch_readalloc/prefetch_readalloc.srcs/sources_1/bd/design_1/ipshared/4a86/hdl/axi_dwidth_converter_v2_1_vlsyn_rfs.v:3603]
INFO: [Synth 8-256] done synthesizing module 'axi_dwidth_converter_v2_1_10_a_upsizer__parameterized0' (8#1) [a:/COMP_ARCH/PYNQ_Projects/Vivado_prj/prefetch_readalloc/prefetch_readalloc.srcs/sources_1/bd/design_1/ipshared/4a86/hdl/axi_dwidth_converter_v2_1_vlsyn_rfs.v:3603]
INFO: [Synth 8-638] synthesizing module 'axi_register_slice_v2_1_10_axi_register_slice__parameterized0' [a:/COMP_ARCH/PYNQ_Projects/Vivado_prj/prefetch_readalloc/prefetch_readalloc.srcs/sources_1/bd/design_1/ipshared/7efe/hdl/axi_register_slice_v2_1_vl_rfs.v:791]
INFO: [Synth 8-638] synthesizing module 'axi_infrastructure_v1_1_0_axi2vector__parameterized0' [a:/COMP_ARCH/PYNQ_Projects/Vivado_prj/prefetch_readalloc/prefetch_readalloc.srcs/sources_1/bd/design_1/ipshared/7e3a/hdl/axi_infrastructure_v1_1_vl_rfs.v:60]
INFO: [Synth 8-256] done synthesizing module 'axi_infrastructure_v1_1_0_axi2vector__parameterized0' (8#1) [a:/COMP_ARCH/PYNQ_Projects/Vivado_prj/prefetch_readalloc/prefetch_readalloc.srcs/sources_1/bd/design_1/ipshared/7e3a/hdl/axi_infrastructure_v1_1_vl_rfs.v:60]
INFO: [Synth 8-638] synthesizing module 'axi_register_slice_v2_1_10_axic_register_slice__parameterized3' [a:/COMP_ARCH/PYNQ_Projects/Vivado_prj/prefetch_readalloc/prefetch_readalloc.srcs/sources_1/bd/design_1/ipshared/7efe/hdl/axi_register_slice_v2_1_vl_rfs.v:85]
INFO: [Synth 8-256] done synthesizing module 'axi_register_slice_v2_1_10_axic_register_slice__parameterized3' (8#1) [a:/COMP_ARCH/PYNQ_Projects/Vivado_prj/prefetch_readalloc/prefetch_readalloc.srcs/sources_1/bd/design_1/ipshared/7efe/hdl/axi_register_slice_v2_1_vl_rfs.v:85]
INFO: [Synth 8-638] synthesizing module 'axi_register_slice_v2_1_10_axic_register_slice__parameterized4' [a:/COMP_ARCH/PYNQ_Projects/Vivado_prj/prefetch_readalloc/prefetch_readalloc.srcs/sources_1/bd/design_1/ipshared/7efe/hdl/axi_register_slice_v2_1_vl_rfs.v:85]
INFO: [Synth 8-256] done synthesizing module 'axi_register_slice_v2_1_10_axic_register_slice__parameterized4' (8#1) [a:/COMP_ARCH/PYNQ_Projects/Vivado_prj/prefetch_readalloc/prefetch_readalloc.srcs/sources_1/bd/design_1/ipshared/7efe/hdl/axi_register_slice_v2_1_vl_rfs.v:85]
INFO: [Synth 8-638] synthesizing module 'axi_register_slice_v2_1_10_axic_register_slice__parameterized5' [a:/COMP_ARCH/PYNQ_Projects/Vivado_prj/prefetch_readalloc/prefetch_readalloc.srcs/sources_1/bd/design_1/ipshared/7efe/hdl/axi_register_slice_v2_1_vl_rfs.v:85]
INFO: [Synth 8-256] done synthesizing module 'axi_register_slice_v2_1_10_axic_register_slice__parameterized5' (8#1) [a:/COMP_ARCH/PYNQ_Projects/Vivado_prj/prefetch_readalloc/prefetch_readalloc.srcs/sources_1/bd/design_1/ipshared/7efe/hdl/axi_register_slice_v2_1_vl_rfs.v:85]
INFO: [Synth 8-638] synthesizing module 'axi_infrastructure_v1_1_0_vector2axi__parameterized0' [a:/COMP_ARCH/PYNQ_Projects/Vivado_prj/prefetch_readalloc/prefetch_readalloc.srcs/sources_1/bd/design_1/ipshared/7e3a/hdl/axi_infrastructure_v1_1_vl_rfs.v:474]
INFO: [Synth 8-256] done synthesizing module 'axi_infrastructure_v1_1_0_vector2axi__parameterized0' (8#1) [a:/COMP_ARCH/PYNQ_Projects/Vivado_prj/prefetch_readalloc/prefetch_readalloc.srcs/sources_1/bd/design_1/ipshared/7e3a/hdl/axi_infrastructure_v1_1_vl_rfs.v:474]
INFO: [Synth 8-256] done synthesizing module 'axi_register_slice_v2_1_10_axi_register_slice__parameterized0' (8#1) [a:/COMP_ARCH/PYNQ_Projects/Vivado_prj/prefetch_readalloc/prefetch_readalloc.srcs/sources_1/bd/design_1/ipshared/7efe/hdl/axi_register_slice_v2_1_vl_rfs.v:791]
INFO: [Synth 8-256] done synthesizing module 'axi_dwidth_converter_v2_1_10_axi_upsizer' (9#1) [a:/COMP_ARCH/PYNQ_Projects/Vivado_prj/prefetch_readalloc/prefetch_readalloc.srcs/sources_1/bd/design_1/ipshared/4a86/hdl/axi_dwidth_converter_v2_1_vlsyn_rfs.v:7037]
INFO: [Synth 8-256] done synthesizing module 'axi_dwidth_converter_v2_1_10_top' (10#1) [a:/COMP_ARCH/PYNQ_Projects/Vivado_prj/prefetch_readalloc/prefetch_readalloc.srcs/sources_1/bd/design_1/ipshared/4a86/hdl/axi_dwidth_converter_v2_1_vlsyn_rfs.v:14452]
INFO: [Synth 8-256] done synthesizing module 'design_1_auto_us_1' (11#1) [a:/COMP_ARCH/PYNQ_Projects/Vivado_prj/prefetch_readalloc/prefetch_readalloc.srcs/sources_1/bd/design_1/ip/design_1_auto_us_1/synth/design_1_auto_us_1.v:58]
Finished RTL Elaboration : Time (s): cpu = 00:02:29 ; elapsed = 00:02:41 . Memory (MB): peak = 469.266 ; gain = 258.863
Finished RTL Optimization Phase 1 : Time (s): cpu = 00:02:30 ; elapsed = 00:02:41 . Memory (MB): peak = 469.266 ; gain = 258.863
INFO: [Device 21-403] Loading part xc7z020clg400-1
Constraint Validation Runtime : Time (s): cpu = 00:00:00 ; elapsed = 00:00:00.164 . Memory (MB): peak = 714.445 ; gain = 0.203
Finished Constraint Validation : Time (s): cpu = 00:02:49 ; elapsed = 00:03:02 . Memory (MB): peak = 714.445 ; gain = 504.043
Finished Loading Part and Timing Information : Time (s): cpu = 00:02:49 ; elapsed = 00:03:02 . Memory (MB): peak = 714.445 ; gain = 504.043
Finished applying 'set_property' XDC Constraints : Time (s): cpu = 00:02:49 ; elapsed = 00:03:02 . Memory (MB): peak = 714.445 ; gain = 504.043
Finished RTL Optimization Phase 2 : Time (s): cpu = 00:02:50 ; elapsed = 00:03:04 . Memory (MB): peak = 714.445 ; gain = 504.043
Finished Cross Boundary and Area Optimization : Time (s): cpu = 00:03:03 ; elapsed = 00:03:18 . Memory (MB): peak = 714.445 ; gain = 504.043
Finished Applying XDC Timing Constraints : Time (s): cpu = 00:03:26 ; elapsed = 00:03:42 . Memory (MB): peak = 714.445 ; gain = 504.043
Finished Timing Optimization : Time (s): cpu = 00:03:27 ; elapsed = 00:03:43 . Memory (MB): peak = 714.445 ; gain = 504.043
Finished Technology Mapping : Time (s): cpu = 00:03:28 ; elapsed = 00:03:44 . Memory (MB): peak = 725.355 ; gain = 514.953
Finished IO Insertion : Time (s): cpu = 00:03:29 ; elapsed = 00:03:45 . Memory (MB): peak = 725.355 ; gain = 514.953
Finished Renaming Generated Instances : Time (s): cpu = 00:03:29 ; elapsed = 00:03:45 . Memory (MB): peak = 725.355 ; gain = 514.953
Finished Rebuilding User Hierarchy : Time (s): cpu = 00:03:29 ; elapsed = 00:03:46 . Memory (MB): peak = 725.355 ; gain = 514.953
Finished Renaming Generated Ports : Time (s): cpu = 00:03:29 ; elapsed = 00:03:46 . Memory (MB): peak = 725.355 ; gain = 514.953
Finished Handling Custom Attributes : Time (s): cpu = 00:03:30 ; elapsed = 00:03:46 . Memory (MB): peak = 725.355 ; gain = 514.953
Finished Renaming Generated Nets : Time (s): cpu = 00:03:30 ; elapsed = 00:03:46 . Memory (MB): peak = 725.355 ; gain = 514.953

Report Cell Usage: 
+------+--------+------+
|      |Cell    |Count |
+------+--------+------+
|1     |LUT1    |     6|
|2     |LUT2    |    33|
|3     |LUT3    |   109|
|4     |LUT4    |    40|
|5     |LUT5    |   134|
|6     |LUT6    |   213|
|7     |SRLC32E |    56|
|8     |FDRE    |   581|
|9     |FDSE    |     4|
+------+--------+------+
Finished Writing Synthesis Report : Time (s): cpu = 00:03:30 ; elapsed = 00:03:46 . Memory (MB): peak = 725.355 ; gain = 514.953
synth_design: Time (s): cpu = 00:03:24 ; elapsed = 00:03:38 . Memory (MB): peak = 730.594 ; gain = 469.508
