12:54:49 INFO  : Registering command handlers for SDK TCF services
12:54:51 INFO  : Launching XSCT server: xsct.bat -interactive A:\COMP_ARCH\PYNQ_Projects\Vivado_prj\skip_list_impln_2\skip_list_impln_2.sdk\temp_xsdb_launch_script.tcl
12:54:54 INFO  : XSCT server has started successfully.
12:54:54 INFO  : Processing command line option -hwspec A:/COMP_ARCH/PYNQ_Projects/Vivado_prj/skip_list_impln_2/skip_list_impln_2.sdk/design_1_wrapper.hdf.
12:54:54 INFO  : Successfully done setting XSCT server connection channel  
12:54:54 INFO  : Successfully done setting SDK workspace  
13:00:20 INFO  : Inferring section assignments and sizes from elf file: A:\COMP_ARCH\PYNQ_Projects\Vivado_prj\skip_list_impln_2\skip_list_impln_2.sdk\skip_list_prefetch\Debug\skip_list_prefetch.elf
13:00:35 INFO  : Successfully generated A:\COMP_ARCH\PYNQ_Projects\Vivado_prj\skip_list_impln_2\skip_list_impln_2.sdk\skip_list_prefetch\src\lscript.ld.
13:00:35 INFO  : Applying linker script to all configurations of project skip_list_prefetch.
13:00:35 INFO  : Setting rebuild state to true for all configurations of project skip_list_prefetch.
13:01:29 INFO  : Connected to target on host '127.0.0.1' and port '3121'.
13:01:30 INFO  : 'targets -set -filter {jtag_cable_name =~ "Xilinx PYNQ-Z1 003017A6E019A" && level==0} -index 1' command is executed.
13:01:32 INFO  : FPGA configured successfully with bitstream "A:/COMP_ARCH/PYNQ_Projects/Vivado_prj/skip_list_impln_2/skip_list_impln_2.sdk/design_1_wrapper_hw_platform_0/design_1_wrapper.bit"
13:02:11 INFO  : ps7_init is completed.
13:02:11 INFO  : ps7_post_config is completed.
13:02:11 INFO  : Processor reset is completed for ps7_cortexa9_0
13:02:41 INFO  : Processor reset is completed for ps7_cortexa9_0
13:02:49 INFO  : Processor reset is completed for ps7_cortexa9_0
13:02:55 INFO  : Processor reset is completed for ps7_cortexa9_0
13:03:02 INFO  : Processor reset is completed for ps7_cortexa9_0
13:03:11 INFO  : Processor reset is completed for ps7_cortexa9_0
13:03:23 INFO  : Processor reset is completed for ps7_cortexa9_0
13:03:28 INFO  : Processor reset is completed for ps7_cortexa9_0
13:03:31 INFO  : Processor reset is completed for ps7_cortexa9_0
13:03:35 INFO  : Processor reset is completed for ps7_cortexa9_0
13:03:39 INFO  : Processor reset is completed for ps7_cortexa9_0
13:03:44 INFO  : Processor reset is completed for ps7_cortexa9_0
13:03:48 INFO  : Processor reset is completed for ps7_cortexa9_0
13:04:15 INFO  : Processor reset is completed for ps7_cortexa9_0
13:04:19 INFO  : Processor reset is completed for ps7_cortexa9_0
13:04:34 INFO  : Processor reset is completed for ps7_cortexa9_0
13:04:39 INFO  : Processor reset is completed for ps7_cortexa9_0
13:05:18 INFO  : Processor reset is completed for ps7_cortexa9_0
13:05:57 INFO  : Processor reset is completed for ps7_cortexa9_0
13:06:38 INFO  : Processor reset is completed for ps7_cortexa9_0
13:06:45 INFO  : Processor reset is completed for ps7_cortexa9_0
13:06:52 INFO  : Processor reset is completed for ps7_cortexa9_0
13:06:57 INFO  : Processor reset is completed for ps7_cortexa9_0
13:07:03 INFO  : Processor reset is completed for ps7_cortexa9_0
13:07:20 INFO  : Processor reset is completed for ps7_cortexa9_0
13:07:26 INFO  : Processor reset is completed for ps7_cortexa9_0
13:07:30 INFO  : Processor reset is completed for ps7_cortexa9_0
13:07:35 INFO  : Processor reset is completed for ps7_cortexa9_0
13:07:41 INFO  : Processor reset is completed for ps7_cortexa9_0
13:07:45 INFO  : Processor reset is completed for ps7_cortexa9_0
13:08:02 INFO  : Processor reset is completed for ps7_cortexa9_0
13:08:07 INFO  : Processor reset is completed for ps7_cortexa9_0
13:08:11 INFO  : Processor reset is completed for ps7_cortexa9_0
13:20:50 ERROR : Unexpected error while parsing XMD response ?: com.google.gson.JsonSyntaxException: com.google.gson.stream.MalformedJsonException: invalid number or unquoted string near 
