15:31:05 INFO  : Registering command handlers for SDK TCF services
15:31:06 INFO  : Launching XSCT server: xsct.bat -interactive A:\COMP_ARCH\PYNQ_Projects\Vivado_prj\skipList_prefetch_N_elem\skipList_prefetch_N_elem.sdk\temp_xsdb_launch_script.tcl
15:31:09 INFO  : XSCT server has started successfully.
15:31:10 INFO  : Processing command line option -hwspec A:/COMP_ARCH/PYNQ_Projects/Vivado_prj/skipList_prefetch_N_elem/skipList_prefetch_N_elem.sdk/design_1_wrapper.hdf.
15:31:10 INFO  : Successfully done setting XSCT server connection channel  
15:31:10 INFO  : Successfully done setting SDK workspace  
15:34:15 INFO  : Inferring section assignments and sizes from elf file: A:\COMP_ARCH\PYNQ_Projects\Vivado_prj\skipList_prefetch_N_elem\skipList_prefetch_N_elem.sdk\skiplist_prefetch\Debug\skiplist_prefetch.elf
15:34:27 INFO  : Successfully generated A:\COMP_ARCH\PYNQ_Projects\Vivado_prj\skipList_prefetch_N_elem\skipList_prefetch_N_elem.sdk\skiplist_prefetch\src\lscript.ld.
15:34:27 INFO  : Applying linker script to all configurations of project skiplist_prefetch.
15:34:27 INFO  : Setting rebuild state to true for all configurations of project skiplist_prefetch.
15:36:12 INFO  : Connected to target on host '127.0.0.1' and port '3121'.
15:36:13 INFO  : 'targets -set -filter {jtag_cable_name =~ "Xilinx PYNQ-Z1 003017A6E019A" && level==0} -index 1' command is executed.
15:36:16 INFO  : FPGA configured successfully with bitstream "A:/COMP_ARCH/PYNQ_Projects/Vivado_prj/skipList_prefetch_N_elem/skipList_prefetch_N_elem.sdk/design_1_wrapper_hw_platform_0/design_1_wrapper.bit"
15:36:55 INFO  : ps7_init is completed.
15:36:55 INFO  : ps7_post_config is completed.
15:36:55 INFO  : Processor reset is completed for ps7_cortexa9_0
15:37:26 INFO  : Processor reset is completed for ps7_cortexa9_0
15:37:36 INFO  : Processor reset is completed for ps7_cortexa9_0
15:37:43 INFO  : Processor reset is completed for ps7_cortexa9_0
15:37:57 INFO  : Processor reset is completed for ps7_cortexa9_0
15:38:18 INFO  : Processor reset is completed for ps7_cortexa9_0
15:38:22 INFO  : Processor reset is completed for ps7_cortexa9_0
15:38:26 INFO  : Processor reset is completed for ps7_cortexa9_0
15:38:31 INFO  : Processor reset is completed for ps7_cortexa9_0
15:38:40 INFO  : Processor reset is completed for ps7_cortexa9_0
15:38:58 INFO  : Processor reset is completed for ps7_cortexa9_0
15:39:17 INFO  : Processor reset is completed for ps7_cortexa9_0
15:39:30 INFO  : Processor reset is completed for ps7_cortexa9_0
15:39:37 INFO  : Processor reset is completed for ps7_cortexa9_0
15:39:50 ERROR : Checking FPGA configuration failed..Connection to Board Failed


    Unknown Error Occured
    Cable is not powered-on

15:39:50 ERROR : Unexpected error while launching program.
com.xilinx.sdk.targetmanager.TMException: Connection to Board Failed


    Unknown Error Occured
    Cable is not powered-on

	at com.xilinx.sdk.targetmanager.internal.TM.isFPGAConfigured(TM.java:374)
	at com.xilinx.sdk.debug.core.XilinxAppLaunchConfigurationDelegate.isFpgaConfigured(XilinxAppLaunchConfigurationDelegate.java:409)
	at com.xilinx.sdk.debug.core.XilinxAppLaunchConfigurationDelegate.launch(XilinxAppLaunchConfigurationDelegate.java:303)
	at com.xilinx.sdk.debug.ui.XilinxAppLaunchDelegateWrapper.launch(XilinxAppLaunchDelegateWrapper.java:31)
	at org.eclipse.debug.internal.core.LaunchConfiguration.launch(LaunchConfiguration.java:885)
	at org.eclipse.debug.internal.core.LaunchConfiguration.launch(LaunchConfiguration.java:739)
	at org.eclipse.debug.internal.ui.DebugUIPlugin.buildAndLaunch(DebugUIPlugin.java:1039)
	at org.eclipse.debug.internal.ui.DebugUIPlugin$8.run(DebugUIPlugin.java:1256)
	at org.eclipse.core.internal.jobs.Worker.run(Worker.java:55)
15:39:56 INFO  : Connected to target on host '127.0.0.1' and port '3121'.
15:39:57 INFO  : 'targets -set -filter {jtag_cable_name =~ "Xilinx PYNQ-Z1 003017A6E019A" && level==0} -index 1' command is executed.
15:39:59 INFO  : FPGA configured successfully with bitstream "A:/COMP_ARCH/PYNQ_Projects/Vivado_prj/skipList_prefetch_N_elem/skipList_prefetch_N_elem.sdk/design_1_wrapper_hw_platform_0/design_1_wrapper.bit"
15:40:14 INFO  : Connected to target on host '127.0.0.1' and port '3121'.
15:40:15 INFO  : 'targets -set -filter {jtag_cable_name =~ "Xilinx PYNQ-Z1 003017A6E019A" && level==0} -index 1' command is executed.
15:40:17 INFO  : FPGA configured successfully with bitstream "A:/COMP_ARCH/PYNQ_Projects/Vivado_prj/skipList_prefetch_N_elem/skipList_prefetch_N_elem.sdk/design_1_wrapper_hw_platform_0/design_1_wrapper.bit"
15:40:25 INFO  : ps7_init is completed.
15:40:25 INFO  : ps7_post_config is completed.
15:40:25 INFO  : Processor reset is completed for ps7_cortexa9_0
15:40:46 INFO  : Processor reset is completed for ps7_cortexa9_0
15:40:57 INFO  : Processor reset is completed for ps7_cortexa9_0
15:41:09 INFO  : Processor reset is completed for ps7_cortexa9_0
15:41:19 INFO  : Processor reset is completed for ps7_cortexa9_0
15:41:29 INFO  : Processor reset is completed for ps7_cortexa9_0
15:41:38 INFO  : Processor reset is completed for ps7_cortexa9_0
15:43:29 ERROR : Unexpected error while parsing XMD response ?: com.google.gson.JsonSyntaxException: com.google.gson.stream.MalformedJsonException: invalid number or unquoted string near 
12:34:59 INFO  : Registering command handlers for SDK TCF services
12:34:59 INFO  : Launching XSCT server: xsct.bat -interactive A:\COMP_ARCH\PYNQ_Projects\Vivado_prj\skipList_prefetch_N_elem\prefetch_window_400\20_skipList_prefetch_N_elem.sdk\temp_xsdb_launch_script.tcl
12:35:03 INFO  : XSCT server has started successfully.
12:35:03 INFO  : Successfully done setting XSCT server connection channel  
12:35:05 INFO  : Successfully done setting SDK workspace  
12:36:30 INFO  : Connected to target on host '127.0.0.1' and port '3121'.
12:36:32 INFO  : 'targets -set -filter {jtag_cable_name =~ "Xilinx PYNQ-Z1 003017A6E019A" && level==0} -index 1' command is executed.
12:36:34 INFO  : FPGA configured successfully with bitstream "A:/COMP_ARCH/PYNQ_Projects/Vivado_prj/skipList_prefetch_N_elem/prefetch_window_400/20_skipList_prefetch_N_elem.sdk/design_1_wrapper_hw_platform_0/design_1_wrapper.bit"
12:37:14 INFO  : ps7_init is completed.
12:37:14 INFO  : ps7_post_config is completed.
12:37:14 INFO  : Processor reset is completed for ps7_cortexa9_0
12:37:36 INFO  : Processor reset is completed for ps7_cortexa9_0
12:38:22 INFO  : Processor reset is completed for ps7_cortexa9_0
12:38:52 INFO  : Processor reset is completed for ps7_cortexa9_0
12:39:00 INFO  : Processor reset is completed for ps7_cortexa9_0
12:39:07 INFO  : Processor reset is completed for ps7_cortexa9_0
12:39:43 ERROR : Unexpected error while parsing XMD response ?: com.google.gson.JsonSyntaxException: com.google.gson.stream.MalformedJsonException: invalid number or unquoted string near 
15:59:32 INFO  : Registering command handlers for SDK TCF services
15:59:33 INFO  : Launching XSCT server: xsct.bat -interactive A:\COMP_ARCH\PYNQ_Projects\Vivado_prj\skipList_prefetch_N_elem\prefetch_window_400\20_skipList_prefetch_N_elem.sdk\temp_xsdb_launch_script.tcl
15:59:36 INFO  : XSCT server has started successfully.
15:59:37 INFO  : Successfully done setting XSCT server connection channel  
15:59:37 INFO  : Successfully done setting SDK workspace  
16:00:24 INFO  : Inferring section assignments and sizes from elf file: A:\COMP_ARCH\PYNQ_Projects\Vivado_prj\skipList_prefetch_N_elem\prefetch_window_400\20_skipList_prefetch_N_elem.sdk\skiplist_prefetch\Debug\skiplist_prefetch.elf
16:00:32 INFO  : Successfully generated A:\COMP_ARCH\PYNQ_Projects\Vivado_prj\skipList_prefetch_N_elem\prefetch_window_400\20_skipList_prefetch_N_elem.sdk\skiplist_prefetch\src\lscript.ld.
16:00:32 INFO  : Applying linker script to all configurations of project skiplist_prefetch.
16:00:32 INFO  : Setting rebuild state to true for all configurations of project skiplist_prefetch.
16:00:59 INFO  : Connected to target on host '127.0.0.1' and port '3121'.
16:01:06 INFO  : Connected to target on host '127.0.0.1' and port '3121'.
16:01:06 INFO  : 'targets -set -filter {jtag_cable_name =~ "Xilinx PYNQ-Z1 003017A6E019A" && level==0} -index 1' command is executed.
16:01:09 INFO  : FPGA configured successfully with bitstream "A:/COMP_ARCH/PYNQ_Projects/Vivado_prj/skipList_prefetch_N_elem/prefetch_window_400/20_skipList_prefetch_N_elem.sdk/design_1_wrapper_hw_platform_0/design_1_wrapper.bit"
16:01:35 INFO  : ps7_init is completed.
16:01:35 INFO  : ps7_post_config is completed.
16:01:35 INFO  : Processor reset is completed for ps7_cortexa9_0
16:01:54 INFO  : Processor reset is completed for ps7_cortexa9_0
16:02:38 INFO  : Processor reset is completed for ps7_cortexa9_0
16:02:47 INFO  : Processor reset is completed for ps7_cortexa9_0
16:03:20 INFO  : Processor reset is completed for ps7_cortexa9_0
16:03:26 INFO  : Processor reset is completed for ps7_cortexa9_0
16:04:08 ERROR : Unexpected error while parsing XMD response ?: com.google.gson.JsonSyntaxException: com.google.gson.stream.MalformedJsonException: invalid number or unquoted string near 
