19:37:41 INFO  : Registering command handlers for SDK TCF services
19:37:43 INFO  : Launching XSCT server: xsct.bat -interactive A:\COMP_ARCH\PYNQ_Projects\Vivado_prj\skipList_prefetch_N_elem\skipList_prefetch_N_elem.sdk\temp_xsdb_launch_script.tcl
19:37:46 INFO  : XSCT server has started successfully.
19:37:47 INFO  : Processing command line option -hwspec A:/COMP_ARCH/PYNQ_Projects/Vivado_prj/skipList_prefetch_N_elem/skipList_prefetch_N_elem.sdk/design_1_wrapper.hdf.
19:37:47 INFO  : Successfully done setting XSCT server connection channel  
19:37:47 INFO  : Successfully done setting SDK workspace  
19:39:48 INFO  : Inferring section assignments and sizes from elf file: A:\COMP_ARCH\PYNQ_Projects\Vivado_prj\skipList_prefetch_N_elem\skipList_prefetch_N_elem.sdk\skiplist_prefetch\Debug\skiplist_prefetch.elf
19:39:59 INFO  : Successfully generated A:\COMP_ARCH\PYNQ_Projects\Vivado_prj\skipList_prefetch_N_elem\skipList_prefetch_N_elem.sdk\skiplist_prefetch\src\lscript.ld.
19:39:59 INFO  : Applying linker script to all configurations of project skiplist_prefetch.
19:39:59 INFO  : Setting rebuild state to true for all configurations of project skiplist_prefetch.
19:40:18 INFO  : Connected to target on host '127.0.0.1' and port '3121'.
19:40:20 INFO  : 'targets -set -filter {jtag_cable_name =~ "Xilinx PYNQ-Z1 003017A6E019A" && level==0} -index 1' command is executed.
19:40:23 INFO  : FPGA configured successfully with bitstream "A:/COMP_ARCH/PYNQ_Projects/Vivado_prj/skipList_prefetch_N_elem/skipList_prefetch_N_elem.sdk/design_1_wrapper_hw_platform_0/design_1_wrapper.bit"
19:41:07 INFO  : ps7_init is completed.
19:41:07 INFO  : ps7_post_config is completed.
19:41:07 INFO  : Processor reset is completed for ps7_cortexa9_0
19:41:14 INFO  : Processor reset is completed for ps7_cortexa9_0
19:41:20 INFO  : Processor reset is completed for ps7_cortexa9_0
19:41:40 INFO  : Processor reset is completed for ps7_cortexa9_0
19:42:23 INFO  : Processor reset is completed for ps7_cortexa9_0
19:42:29 INFO  : Processor reset is completed for ps7_cortexa9_0
19:42:33 INFO  : Processor reset is completed for ps7_cortexa9_0
19:42:47 INFO  : Processor reset is completed for ps7_cortexa9_0
19:43:23 INFO  : Processor reset is completed for ps7_cortexa9_0
19:43:33 INFO  : Processor reset is completed for ps7_cortexa9_0
19:43:44 INFO  : Processor reset is completed for ps7_cortexa9_0
19:43:54 INFO  : Processor reset is completed for ps7_cortexa9_0
19:44:04 INFO  : Processor reset is completed for ps7_cortexa9_0
19:44:14 INFO  : Processor reset is completed for ps7_cortexa9_0
19:44:25 INFO  : Processor reset is completed for ps7_cortexa9_0
20:13:35 ERROR : Unexpected error while parsing XMD response ?: com.google.gson.JsonSyntaxException: com.google.gson.stream.MalformedJsonException: invalid number or unquoted string near 
