12:14:15 INFO  : Registering command handlers for SDK TCF services
12:14:16 INFO  : Launching XSCT server: xsct.bat -interactive A:\COMP_ARCH\PYNQ_Projects\Vivado_prj\skipList_prefetch_N_elem\skipList_prefetch_N_elem.sdk\temp_xsdb_launch_script.tcl
12:14:23 INFO  : XSCT server has started successfully.
12:14:23 INFO  : Successfully done setting XSCT server connection channel  
12:14:35 INFO  : Successfully done setting SDK workspace  
12:14:35 INFO  : Processing command line option -hwspec A:/COMP_ARCH/PYNQ_Projects/Vivado_prj/skipList_prefetch_N_elem/skipList_prefetch_N_elem.sdk/design_1_wrapper.hdf.
12:22:12 INFO  : Inferring section assignments and sizes from elf file: A:\COMP_ARCH\PYNQ_Projects\Vivado_prj\skipList_prefetch_N_elem\skipList_prefetch_N_elem.sdk\skiplist_prefetch_clk_1ns\Debug\skiplist_prefetch_clk_1ns.elf
12:22:26 INFO  : Successfully generated A:\COMP_ARCH\PYNQ_Projects\Vivado_prj\skipList_prefetch_N_elem\skipList_prefetch_N_elem.sdk\skiplist_prefetch_clk_1ns\src\lscript.ld.
12:22:26 INFO  : Applying linker script to all configurations of project skiplist_prefetch_clk_1ns.
12:22:26 INFO  : Setting rebuild state to true for all configurations of project skiplist_prefetch_clk_1ns.
12:23:18 INFO  : Connected to target on host '127.0.0.1' and port '3121'.
12:23:19 INFO  : 'targets -set -filter {jtag_cable_name =~ "Xilinx PYNQ-Z1 003017A6E019A" && level==0} -index 1' command is executed.
12:23:22 INFO  : FPGA configured successfully with bitstream "A:/COMP_ARCH/PYNQ_Projects/Vivado_prj/skipList_prefetch_N_elem/skipList_prefetch_N_elem.sdk/design_1_wrapper_hw_platform_0/design_1_wrapper.bit"
12:23:50 INFO  : ps7_init is completed.
12:23:50 INFO  : ps7_post_config is completed.
12:23:50 INFO  : Processor reset is completed for ps7_cortexa9_0
12:23:59 INFO  : Processor reset is completed for ps7_cortexa9_0
12:24:12 INFO  : Processor reset is completed for ps7_cortexa9_0
12:24:58 INFO  : Processor reset is completed for ps7_cortexa9_0
12:25:14 INFO  : Processor reset is completed for ps7_cortexa9_0
12:28:34 INFO  : Processor reset is completed for ps7_cortexa9_0
12:28:51 INFO  : Processor reset is completed for ps7_cortexa9_0
12:30:21 INFO  : Processor reset is completed for ps7_cortexa9_0
12:30:28 INFO  : Processor reset is completed for ps7_cortexa9_0
12:30:41 INFO  : Processor reset is completed for ps7_cortexa9_0
12:31:22 INFO  : Processor reset is completed for ps7_cortexa9_0
12:31:31 INFO  : Processor reset is completed for ps7_cortexa9_0
12:31:39 INFO  : Processor reset is completed for ps7_cortexa9_0
13:30:42 ERROR : Unexpected error while parsing XMD response ?: com.google.gson.JsonSyntaxException: com.google.gson.stream.MalformedJsonException: invalid number or unquoted string near 
