13:05:07 INFO  : Registering command handlers for SDK TCF services
13:05:08 INFO  : Launching XSCT server: xsct.bat -interactive A:\COMP_ARCH\PYNQ_Projects\Vivado_prj\skip_list_prefetch\skip_list_prefetch.sdk\temp_xsdb_launch_script.tcl
13:05:12 INFO  : XSCT server has started successfully.
13:05:14 INFO  : Processing command line option -hwspec A:/COMP_ARCH/PYNQ_Projects/Vivado_prj/skip_list_prefetch/skip_list_prefetch.sdk/design_1_wrapper.hdf.
13:05:14 INFO  : Successfully done setting XSCT server connection channel  
13:05:14 INFO  : Successfully done setting SDK workspace  
14:30:50 INFO  : Launching XSCT server: xsct.bat -interactive A:\COMP_ARCH\PYNQ_Projects\Vivado_prj\skip_list_prefetch\skip_list_prefetch.sdk\temp_xsdb_launch_script.tcl
14:30:54 INFO  : XSCT server has started successfully.
14:33:11 INFO  : Inferring section assignments and sizes from elf file: A:\COMP_ARCH\PYNQ_Projects\Vivado_prj\skip_list_prefetch\skip_list_prefetch.sdk\PS_alone\Debug\PS_alone.elf
14:33:22 INFO  : Successfully generated A:\COMP_ARCH\PYNQ_Projects\Vivado_prj\skip_list_prefetch\skip_list_prefetch.sdk\PS_alone\src\lscript.ld.
14:33:22 INFO  : Applying linker script to all configurations of project PS_alone.
14:33:22 INFO  : Setting rebuild state to true for all configurations of project PS_alone.
14:33:28 INFO  : Inferring section assignments and sizes from elf file: A:\COMP_ARCH\PYNQ_Projects\Vivado_prj\skip_list_prefetch\skip_list_prefetch.sdk\PS_PL\Debug\PS_PL.elf
14:33:40 INFO  : Successfully generated A:\COMP_ARCH\PYNQ_Projects\Vivado_prj\skip_list_prefetch\skip_list_prefetch.sdk\PS_PL\src\lscript.ld.
14:33:40 INFO  : Applying linker script to all configurations of project PS_PL.
14:33:40 INFO  : Setting rebuild state to true for all configurations of project PS_PL.
14:33:46 INFO  : Inferring section assignments and sizes from elf file: A:\COMP_ARCH\PYNQ_Projects\Vivado_prj\skip_list_prefetch\skip_list_prefetch.sdk\PL_alone\Debug\PL_alone.elf
14:33:56 INFO  : Successfully generated A:\COMP_ARCH\PYNQ_Projects\Vivado_prj\skip_list_prefetch\skip_list_prefetch.sdk\PL_alone\src\lscript.ld.
14:33:56 INFO  : Applying linker script to all configurations of project PL_alone.
14:33:56 INFO  : Setting rebuild state to true for all configurations of project PL_alone.
14:35:25 INFO  : Connected to target on host '127.0.0.1' and port '3121'.
14:35:27 INFO  : 'targets -set -filter {jtag_cable_name =~ "Xilinx PYNQ-Z1 003017A6E019A" && level==0} -index 1' command is executed.
14:35:29 INFO  : FPGA configured successfully with bitstream "A:/COMP_ARCH/PYNQ_Projects/Vivado_prj/skip_list_prefetch/skip_list_prefetch.sdk/design_1_wrapper_hw_platform_0/design_1_wrapper.bit"
14:36:21 INFO  : ps7_init is completed.
14:36:21 INFO  : ps7_post_config is completed.
14:36:21 INFO  : Processor reset is completed for ps7_cortexa9_0
14:36:45 INFO  : Connected to target on host '127.0.0.1' and port '3121'.
14:36:48 INFO  : 'targets -set -filter {jtag_cable_name =~ "Xilinx PYNQ-Z1 003017A6E019A" && level==0} -index 1' command is executed.
14:36:51 INFO  : FPGA configured successfully with bitstream "A:/COMP_ARCH/PYNQ_Projects/Vivado_prj/skip_list_prefetch/skip_list_prefetch.sdk/design_1_wrapper_hw_platform_0/design_1_wrapper.bit"
14:37:18 INFO  : ps7_init is completed.
14:37:18 INFO  : ps7_post_config is completed.
14:37:18 INFO  : Processor reset is completed for ps7_cortexa9_0
14:38:11 INFO  : Processor reset is completed for ps7_cortexa9_0
14:38:24 INFO  : Processor reset is completed for ps7_cortexa9_0
14:46:21 INFO  : Connected to target on host '127.0.0.1' and port '3121'.
14:46:22 INFO  : 'targets -set -filter {jtag_cable_name =~ "Xilinx PYNQ-Z1 003017A6E019A" && level==0} -index 1' command is executed.
14:46:25 INFO  : FPGA configured successfully with bitstream "A:/COMP_ARCH/PYNQ_Projects/Vivado_prj/skip_list_prefetch/skip_list_prefetch.sdk/design_1_wrapper_hw_platform_0/design_1_wrapper.bit"
14:46:38 INFO  : ps7_init is completed.
14:46:38 INFO  : ps7_post_config is completed.
14:46:38 INFO  : Processor reset is completed for ps7_cortexa9_0
14:47:18 INFO  : Processor reset is completed for ps7_cortexa9_0
14:47:35 INFO  : Processor reset is completed for ps7_cortexa9_0
14:48:58 INFO  : Processor reset is completed for ps7_cortexa9_0
14:50:07 INFO  : Processor reset is completed for ps7_cortexa9_0
15:31:58 ERROR : Unexpected error while parsing XMD response ?: com.google.gson.JsonSyntaxException: com.google.gson.stream.MalformedJsonException: invalid number or unquoted string near 
20:30:32 INFO  : Registering command handlers for SDK TCF services
20:30:35 INFO  : Launching XSCT server: xsct.bat -interactive A:\COMP_ARCH\PYNQ_Projects\Vivado_prj\skip_list_prefetch\skip_list_prefetch.sdk\temp_xsdb_launch_script.tcl
