16:01:59 INFO  : Registering command handlers for SDK TCF services
16:02:00 INFO  : Launching XSCT server: xsct.bat -interactive A:\COMP_ARCH\PYNQ_Projects\Vivado_prj\SkipList_offset_from_head\SkipList_offset_from_head.sdk\temp_xsdb_launch_script.tcl
16:02:06 INFO  : XSCT server has started successfully.
16:02:11 INFO  : Processing command line option -hwspec A:/COMP_ARCH/PYNQ_Projects/Vivado_prj/SkipList_offset_from_head/SkipList_offset_from_head.sdk/design_1_wrapper.hdf.
16:02:11 INFO  : Successfully done setting XSCT server connection channel  
16:02:11 INFO  : Successfully done setting SDK workspace  
16:07:30 INFO  : Inferring section assignments and sizes from elf file: A:\COMP_ARCH\PYNQ_Projects\Vivado_prj\SkipList_offset_from_head\SkipList_offset_from_head.sdk\skip_list_nopipeline_nounroll\Debug\skip_list_nopipeline_nounroll.elf
16:07:53 INFO  : Successfully generated A:\COMP_ARCH\PYNQ_Projects\Vivado_prj\SkipList_offset_from_head\SkipList_offset_from_head.sdk\skip_list_nopipeline_nounroll\src\lscript.ld.
16:07:53 INFO  : Applying linker script to all configurations of project skip_list_nopipeline_nounroll.
16:07:53 INFO  : Setting rebuild state to true for all configurations of project skip_list_nopipeline_nounroll.
16:09:12 INFO  : Connected to target on host '127.0.0.1' and port '3121'.
16:09:14 INFO  : 'targets -set -filter {jtag_cable_name =~ "Xilinx PYNQ-Z1 003017A6E019A" && level==0} -index 1' command is executed.
16:09:16 INFO  : FPGA configured successfully with bitstream "A:/COMP_ARCH/PYNQ_Projects/Vivado_prj/SkipList_offset_from_head/SkipList_offset_from_head.sdk/design_1_wrapper_hw_platform_0/design_1_wrapper.bit"
16:10:20 INFO  : ps7_init is completed.
16:10:21 INFO  : ps7_post_config is completed.
16:10:21 INFO  : Processor reset is completed for ps7_cortexa9_0
16:10:43 INFO  : Processor reset is completed for ps7_cortexa9_0
16:10:54 INFO  : Processor reset is completed for ps7_cortexa9_0
16:11:15 INFO  : Processor reset is completed for ps7_cortexa9_0
16:11:34 INFO  : Processor reset is completed for ps7_cortexa9_0
16:11:51 INFO  : Processor reset is completed for ps7_cortexa9_0
16:11:57 INFO  : Processor reset is completed for ps7_cortexa9_0
16:13:07 INFO  : Processor reset is completed for ps7_cortexa9_0
16:13:13 INFO  : Processor reset is completed for ps7_cortexa9_0
17:42:47 ERROR : Unexpected error while parsing XMD response ?: com.google.gson.JsonSyntaxException: com.google.gson.stream.MalformedJsonException: invalid number or unquoted string near 
