INFO: [SIM 2] *************** CSIM start ***************
WARNING: [SIM 51] HLS only supports CLANG compiler in Linux.
INFO: [SIM 4] CSIM will launch GCC as the compiler.
   Compiling ../../../../skipprefetch_Nelem_test.cpp in debug mode
   Compiling ../../../../skipprefetch_Nelem.cpp in debug mode
   Generating csim.exe
Size of node: 12
List initialised success setting inputs to IP


Old_val: 1-->Val: 11-->next_val_1: 2-->next_val_2: 30  
Old_val: 2-->Val: 2-->next_val_1: 3-->next_val_2: 11  
Old_val: 3-->Val: 3-->next_val_1: 4-->next_val_2: 11  
Old_val: 4-->Val: 4-->next_val_1: 5-->next_val_2: 11  
Old_val: 5-->Val: 5-->next_val_1: 6-->next_val_2: 11  
Old_val: 6-->Val: 6-->next_val_1: 7-->next_val_2: 11  
Old_val: 7-->Val: 7-->next_val_1: 8-->next_val_2: 11  
Old_val: 8-->Val: 8-->next_val_1: 9-->next_val_2: 11  
Old_val: 9-->Val: 9-->next_val_1: 10-->next_val_2: 11  
Old_val: 10-->Val: 10-->next_val_1: 11-->next_val_2: 11  
Old_val: 11-->Val: 11-->next_val_1: 12-->next_val_2: 11  
Old_val: 12-->Val: 12-->next_val_1: 13-->next_val_2: 11  
Old_val: 13-->Val: 13-->next_val_1: 14-->next_val_2: 11  
Old_val: 14-->Val: 14-->next_val_1: 15-->next_val_2: 11  
Old_val: 15-->Val: 15-->next_val_1: 16-->next_val_2: 11  
Old_val: 16-->Val: 16-->next_val_1: 17-->next_val_2: 11  
Old_val: 17-->Val: 17-->next_val_1: 18-->next_val_2: 11  
Old_val: 18-->Val: 18-->next_val_1: 19-->next_val_2: 11  
Old_val: 19-->Val: 19-->next_val_1: 30-->next_val_2: 11  
Old_val: 20-->Val: 30-->next_val_1: 31-->next_val_2: 50  
Old_val: 21-->Val: 31-->next_val_1: 32-->next_val_2: 11  
Old_val: 22-->Val: 32-->next_val_1: 33-->next_val_2: 11  
Old_val: 23-->Val: 33-->next_val_1: 34-->next_val_2: 11  
Old_val: 24-->Val: 34-->next_val_1: 35-->next_val_2: 11  
Old_val: 25-->Val: 35-->next_val_1: 36-->next_val_2: 11  
Old_val: 26-->Val: 36-->next_val_1: 37-->next_val_2: 11  
Old_val: 27-->Val: 37-->next_val_1: 38-->next_val_2: 11  
Old_val: 28-->Val: 38-->next_val_1: 39-->next_val_2: 11  
Old_val: 29-->Val: 39-->next_val_1: 40-->next_val_2: 11  
Old_val: 30-->Val: 40-->next_val_1: 41-->next_val_2: 11  
Old_val: 31-->Val: 41-->next_val_1: 42-->next_val_2: 11  
Old_val: 32-->Val: 42-->next_val_1: 43-->next_val_2: 11  
Old_val: 33-->Val: 43-->next_val_1: 44-->next_val_2: 11  
Old_val: 34-->Val: 44-->next_val_1: 45-->next_val_2: 11  
Old_val: 35-->Val: 45-->next_val_1: 46-->next_val_2: 11  
Old_val: 36-->Val: 46-->next_val_1: 47-->next_val_2: 11  
Old_val: 37-->Val: 47-->next_val_1: 48-->next_val_2: 11  
Old_val: 38-->Val: 48-->next_val_1: 49-->next_val_2: 11  
Old_val: 39-->Val: 49-->next_val_1: 50-->next_val_2: 11  
Old_val: 40-->Val: 50-->next_val_1: 51-->next_val_2: 70  
Old_val: 41-->Val: 51-->next_val_1: 52-->next_val_2: 11  
Old_val: 42-->Val: 52-->next_val_1: 53-->next_val_2: 11  
Old_val: 43-->Val: 53-->next_val_1: 54-->next_val_2: 11  
Old_val: 44-->Val: 54-->next_val_1: 55-->next_val_2: 11  
Old_val: 45-->Val: 55-->next_val_1: 56-->next_val_2: 11  
Old_val: 46-->Val: 56-->next_val_1: 57-->next_val_2: 11  
Old_val: 47-->Val: 57-->next_val_1: 58-->next_val_2: 11  
Old_val: 48-->Val: 58-->next_val_1: 59-->next_val_2: 11  
Old_val: 49-->Val: 59-->next_val_1: 60-->next_val_2: 11  
Old_val: 50-->Val: 60-->next_val_1: 61-->next_val_2: 11  
Old_val: 51-->Val: 61-->next_val_1: 62-->next_val_2: 11  
Old_val: 52-->Val: 62-->next_val_1: 63-->next_val_2: 11  
Old_val: 53-->Val: 63-->next_val_1: 64-->next_val_2: 11  
Old_val: 54-->Val: 64-->next_val_1: 65-->next_val_2: 11  
Old_val: 55-->Val: 65-->next_val_1: 66-->next_val_2: 11  
Old_val: 56-->Val: 66-->next_val_1: 67-->next_val_2: 11  
Old_val: 57-->Val: 67-->next_val_1: 68-->next_val_2: 11  
Old_val: 58-->Val: 68-->next_val_1: 69-->next_val_2: 11  
Old_val: 59-->Val: 69-->next_val_1: 70-->next_val_2: 11  
Old_val: 60-->Val: 70-->next_val_1: 71-->next_val_2: 90  
Old_val: 61-->Val: 71-->next_val_1: 72-->next_val_2: 11  
Old_val: 62-->Val: 72-->next_val_1: 73-->next_val_2: 11  
Old_val: 63-->Val: 73-->next_val_1: 74-->next_val_2: 11  
Old_val: 64-->Val: 74-->next_val_1: 75-->next_val_2: 11  
Old_val: 65-->Val: 75-->next_val_1: 76-->next_val_2: 11  
Old_val: 66-->Val: 76-->next_val_1: 77-->next_val_2: 11  
Old_val: 67-->Val: 77-->next_val_1: 78-->next_val_2: 11  
Old_val: 68-->Val: 78-->next_val_1: 79-->next_val_2: 11  
Old_val: 69-->Val: 79-->next_val_1: 80-->next_val_2: 11  
Old_val: 70-->Val: 80-->next_val_1: 81-->next_val_2: 11  
Old_val: 71-->Val: 81-->next_val_1: 82-->next_val_2: 11  
Old_val: 72-->Val: 82-->next_val_1: 83-->next_val_2: 11  
Old_val: 73-->Val: 83-->next_val_1: 84-->next_val_2: 11  
Old_val: 74-->Val: 84-->next_val_1: 85-->next_val_2: 11  
Old_val: 75-->Val: 85-->next_val_1: 86-->next_val_2: 11  
Old_val: 76-->Val: 86-->next_val_1: 87-->next_val_2: 11  
Old_val: 77-->Val: 87-->next_val_1: 88-->next_val_2: 11  
Old_val: 78-->Val: 88-->next_val_1: 89-->next_val_2: 11  
Old_val: 79-->Val: 89-->next_val_1: 90-->next_val_2: 11  
Old_val: 80-->Val: 90-->next_val_1: 91-->next_val_2: 110  
Old_val: 81-->Val: 91-->next_val_1: 92-->next_val_2: 11  
Old_val: 82-->Val: 92-->next_val_1: 93-->next_val_2: 11  
Old_val: 83-->Val: 93-->next_val_1: 94-->next_val_2: 11  
Old_val: 84-->Val: 94-->next_val_1: 95-->next_val_2: 11  
Old_val: 85-->Val: 95-->next_val_1: 96-->next_val_2: 11  
Old_val: 86-->Val: 96-->next_val_1: 97-->next_val_2: 11  
Old_val: 87-->Val: 97-->next_val_1: 98-->next_val_2: 11  
Old_val: 88-->Val: 98-->next_val_1: 99-->next_val_2: 11  
Old_val: 89-->Val: 99-->next_val_1: 100-->next_val_2: 11  
Old_val: 90-->Val: 100-->next_val_1: 101-->next_val_2: 11  
Old_val: 91-->Val: 101-->next_val_1: 102-->next_val_2: 11  
Old_val: 92-->Val: 102-->next_val_1: 103-->next_val_2: 11  
Old_val: 93-->Val: 103-->next_val_1: 104-->next_val_2: 11  
Old_val: 94-->Val: 104-->next_val_1: 105-->next_val_2: 11  
Old_val: 95-->Val: 105-->next_val_1: 106-->next_val_2: 11  
Old_val: 96-->Val: 106-->next_val_1: 107-->next_val_2: 11  
Old_val: 97-->Val: 107-->next_val_1: 108-->next_val_2: 11  
Old_val: 98-->Val: 108-->next_val_1: 109-->next_val_2: 11  
Old_val: 99-->Val: 109-->next_val_1: 110-->next_val_2: 11  
Old_val: 100-->Val: 110-->next_val_1: 111-->next_val_2: 130  
Old_val: 101-->Val: 111-->next_val_1: 112-->next_val_2: 11  
Old_val: 102-->Val: 112-->next_val_1: 113-->next_val_2: 11  
Old_val: 103-->Val: 113-->next_val_1: 114-->next_val_2: 11  
Old_val: 104-->Val: 114-->next_val_1: 115-->next_val_2: 11  
Old_val: 105-->Val: 115-->next_val_1: 116-->next_val_2: 11  
Old_val: 106-->Val: 116-->next_val_1: 117-->next_val_2: 11  
Old_val: 107-->Val: 117-->next_val_1: 118-->next_val_2: 11  
Old_val: 108-->Val: 118-->next_val_1: 119-->next_val_2: 11  
Old_val: 109-->Val: 119-->next_val_1: 120-->next_val_2: 11  
Old_val: 110-->Val: 120-->next_val_1: 121-->next_val_2: 11  
Old_val: 111-->Val: 121-->next_val_1: 122-->next_val_2: 11  
Old_val: 112-->Val: 122-->next_val_1: 123-->next_val_2: 11  
Old_val: 113-->Val: 123-->next_val_1: 124-->next_val_2: 11  
Old_val: 114-->Val: 124-->next_val_1: 125-->next_val_2: 11  
Old_val: 115-->Val: 125-->next_val_1: 126-->next_val_2: 11  
Old_val: 116-->Val: 126-->next_val_1: 127-->next_val_2: 11  
Old_val: 117-->Val: 127-->next_val_1: 128-->next_val_2: 11  
Old_val: 118-->Val: 128-->next_val_1: 129-->next_val_2: 11  
Old_val: 119-->Val: 129-->next_val_1: 130-->next_val_2: 11  
Old_val: 120-->Val: 130-->next_val_1: 131-->next_val_2: 150  
Old_val: 121-->Val: 131-->next_val_1: 132-->next_val_2: 11  
Old_val: 122-->Val: 132-->next_val_1: 133-->next_val_2: 11  
Old_val: 123-->Val: 133-->next_val_1: 134-->next_val_2: 11  
Old_val: 124-->Val: 134-->next_val_1: 135-->next_val_2: 11  
Old_val: 125-->Val: 135-->next_val_1: 136-->next_val_2: 11  
Old_val: 126-->Val: 136-->next_val_1: 137-->next_val_2: 11  
Old_val: 127-->Val: 137-->next_val_1: 138-->next_val_2: 11  
Old_val: 128-->Val: 138-->next_val_1: 139-->next_val_2: 11  
Old_val: 129-->Val: 139-->next_val_1: 140-->next_val_2: 11  
Old_val: 130-->Val: 140-->next_val_1: 141-->next_val_2: 11  
Old_val: 131-->Val: 141-->next_val_1: 142-->next_val_2: 11  
Old_val: 132-->Val: 142-->next_val_1: 143-->next_val_2: 11  
Old_val: 133-->Val: 143-->next_val_1: 144-->next_val_2: 11  
Old_val: 134-->Val: 144-->next_val_1: 145-->next_val_2: 11  
Old_val: 135-->Val: 145-->next_val_1: 146-->next_val_2: 11  
Old_val: 136-->Val: 146-->next_val_1: 147-->next_val_2: 11  
Old_val: 137-->Val: 147-->next_val_1: 148-->next_val_2: 11  
Old_val: 138-->Val: 148-->next_val_1: 149-->next_val_2: 11  
Old_val: 139-->Val: 149-->next_val_1: 150-->next_val_2: 11  
Old_val: 140-->Val: 150-->next_val_1: 151-->next_val_2: 170  
Old_val: 141-->Val: 151-->next_val_1: 152-->next_val_2: 11  
Old_val: 142-->Val: 152-->next_val_1: 153-->next_val_2: 11  
Old_val: 143-->Val: 153-->next_val_1: 154-->next_val_2: 11  
Old_val: 144-->Val: 154-->next_val_1: 155-->next_val_2: 11  
Old_val: 145-->Val: 155-->next_val_1: 156-->next_val_2: 11  
Old_val: 146-->Val: 156-->next_val_1: 157-->next_val_2: 11  
Old_val: 147-->Val: 157-->next_val_1: 158-->next_val_2: 11  
Old_val: 148-->Val: 158-->next_val_1: 159-->next_val_2: 11  
Old_val: 149-->Val: 159-->next_val_1: 160-->next_val_2: 11  
Old_val: 150-->Val: 160-->next_val_1: 161-->next_val_2: 11  
Old_val: 151-->Val: 161-->next_val_1: 162-->next_val_2: 11  
Old_val: 152-->Val: 162-->next_val_1: 163-->next_val_2: 11  
Old_val: 153-->Val: 163-->next_val_1: 164-->next_val_2: 11  
Old_val: 154-->Val: 164-->next_val_1: 165-->next_val_2: 11  
Old_val: 155-->Val: 165-->next_val_1: 166-->next_val_2: 11  
Old_val: 156-->Val: 166-->next_val_1: 167-->next_val_2: 11  
Old_val: 157-->Val: 167-->next_val_1: 168-->next_val_2: 11  
Old_val: 158-->Val: 168-->next_val_1: 169-->next_val_2: 11  
Old_val: 159-->Val: 169-->next_val_1: 170-->next_val_2: 11  
Old_val: 160-->Val: 170-->next_val_1: 171-->next_val_2: 190  
Old_val: 161-->Val: 171-->next_val_1: 172-->next_val_2: 11  
Old_val: 162-->Val: 172-->next_val_1: 173-->next_val_2: 11  
Old_val: 163-->Val: 173-->next_val_1: 174-->next_val_2: 11  
Old_val: 164-->Val: 174-->next_val_1: 175-->next_val_2: 11  
Old_val: 165-->Val: 175-->next_val_1: 176-->next_val_2: 11  
Old_val: 166-->Val: 176-->next_val_1: 177-->next_val_2: 11  
Old_val: 167-->Val: 177-->next_val_1: 178-->next_val_2: 11  
Old_val: 168-->Val: 178-->next_val_1: 179-->next_val_2: 11  
Old_val: 169-->Val: 179-->next_val_1: 180-->next_val_2: 11  
Old_val: 170-->Val: 180-->next_val_1: 181-->next_val_2: 11  
Old_val: 171-->Val: 181-->next_val_1: 182-->next_val_2: 11  
Old_val: 172-->Val: 182-->next_val_1: 183-->next_val_2: 11  
Old_val: 173-->Val: 183-->next_val_1: 184-->next_val_2: 11  
Old_val: 174-->Val: 184-->next_val_1: 185-->next_val_2: 11  
Old_val: 175-->Val: 185-->next_val_1: 186-->next_val_2: 11  
Old_val: 176-->Val: 186-->next_val_1: 187-->next_val_2: 11  
Old_val: 177-->Val: 187-->next_val_1: 188-->next_val_2: 11  
Old_val: 178-->Val: 188-->next_val_1: 189-->next_val_2: 11  
Old_val: 179-->Val: 189-->next_val_1: 190-->next_val_2: 11  
Old_val: 180-->Val: 190-->next_val_1: 191-->next_val_2: 210  
Old_val: 181-->Val: 191-->next_val_1: 192-->next_val_2: 11  
Old_val: 182-->Val: 192-->next_val_1: 193-->next_val_2: 11  
Old_val: 183-->Val: 193-->next_val_1: 194-->next_val_2: 11  
Old_val: 184-->Val: 194-->next_val_1: 195-->next_val_2: 11  
Old_val: 185-->Val: 195-->next_val_1: 196-->next_val_2: 11  
Old_val: 186-->Val: 196-->next_val_1: 197-->next_val_2: 11  
Old_val: 187-->Val: 197-->next_val_1: 198-->next_val_2: 11  
Old_val: 188-->Val: 198-->next_val_1: 199-->next_val_2: 11  
Old_val: 189-->Val: 199-->next_val_1: 200-->next_val_2: 11  
Old_val: 190-->Val: 200-->next_val_1: 201-->next_val_2: 11  
Old_val: 191-->Val: 201-->next_val_1: 202-->next_val_2: 11  
Old_val: 192-->Val: 202-->next_val_1: 203-->next_val_2: 11  
Old_val: 193-->Val: 203-->next_val_1: 204-->next_val_2: 11  
Old_val: 194-->Val: 204-->next_val_1: 205-->next_val_2: 11  
Old_val: 195-->Val: 205-->next_val_1: 206-->next_val_2: 11  
Old_val: 196-->Val: 206-->next_val_1: 207-->next_val_2: 11  
Old_val: 197-->Val: 207-->next_val_1: 208-->next_val_2: 11  
Old_val: 198-->Val: 208-->next_val_1: 209-->next_val_2: 11  
Old_val: 199-->Val: 209-->next_val_1: 210-->next_val_2: 11  
Old_val: 200-->Val: 210-->next_val_1: 211-->next_val_2: 230  
Old_val: 201-->Val: 211-->next_val_1: 212-->next_val_2: 11  
Old_val: 202-->Val: 212-->next_val_1: 213-->next_val_2: 11  
Old_val: 203-->Val: 213-->next_val_1: 214-->next_val_2: 11  
Old_val: 204-->Val: 214-->next_val_1: 215-->next_val_2: 11  
Old_val: 205-->Val: 215-->next_val_1: 216-->next_val_2: 11  
Old_val: 206-->Val: 216-->next_val_1: 217-->next_val_2: 11  
Old_val: 207-->Val: 217-->next_val_1: 218-->next_val_2: 11  
Old_val: 208-->Val: 218-->next_val_1: 219-->next_val_2: 11  
Old_val: 209-->Val: 219-->next_val_1: 220-->next_val_2: 11  
Old_val: 210-->Val: 220-->next_val_1: 221-->next_val_2: 11  
Old_val: 211-->Val: 221-->next_val_1: 222-->next_val_2: 11  
Old_val: 212-->Val: 222-->next_val_1: 223-->next_val_2: 11  
Old_val: 213-->Val: 223-->next_val_1: 224-->next_val_2: 11  
Old_val: 214-->Val: 224-->next_val_1: 225-->next_val_2: 11  
Old_val: 215-->Val: 225-->next_val_1: 226-->next_val_2: 11  
Old_val: 216-->Val: 226-->next_val_1: 227-->next_val_2: 11  
Old_val: 217-->Val: 227-->next_val_1: 228-->next_val_2: 11  
Old_val: 218-->Val: 228-->next_val_1: 229-->next_val_2: 11  
Old_val: 219-->Val: 229-->next_val_1: 230-->next_val_2: 11  
Old_val: 220-->Val: 230-->next_val_1: 231-->next_val_2: 250  
Old_val: 221-->Val: 231-->next_val_1: 232-->next_val_2: 11  
Old_val: 222-->Val: 232-->next_val_1: 233-->next_val_2: 11  
Old_val: 223-->Val: 233-->next_val_1: 234-->next_val_2: 11  
Old_val: 224-->Val: 234-->next_val_1: 235-->next_val_2: 11  
Old_val: 225-->Val: 235-->next_val_1: 236-->next_val_2: 11  
Old_val: 226-->Val: 236-->next_val_1: 237-->next_val_2: 11  
Old_val: 227-->Val: 237-->next_val_1: 238-->next_val_2: 11  
Old_val: 228-->Val: 238-->next_val_1: 239-->next_val_2: 11  
Old_val: 229-->Val: 239-->next_val_1: 240-->next_val_2: 11  
Old_val: 230-->Val: 240-->next_val_1: 241-->next_val_2: 11  
Old_val: 231-->Val: 241-->next_val_1: 242-->next_val_2: 11  
Old_val: 232-->Val: 242-->next_val_1: 243-->next_val_2: 11  
Old_val: 233-->Val: 243-->next_val_1: 244-->next_val_2: 11  
Old_val: 234-->Val: 244-->next_val_1: 245-->next_val_2: 11  
Old_val: 235-->Val: 245-->next_val_1: 246-->next_val_2: 11  
Old_val: 236-->Val: 246-->next_val_1: 247-->next_val_2: 11  
Old_val: 237-->Val: 247-->next_val_1: 248-->next_val_2: 11  
Old_val: 238-->Val: 248-->next_val_1: 249-->next_val_2: 11  
Old_val: 239-->Val: 249-->next_val_1: 250-->next_val_2: 11  
Old_val: 240-->Val: 250-->next_val_1: 251-->next_val_2: 270  
Old_val: 241-->Val: 251-->next_val_1: 252-->next_val_2: 11  
Old_val: 242-->Val: 252-->next_val_1: 253-->next_val_2: 11  
Old_val: 243-->Val: 253-->next_val_1: 254-->next_val_2: 11  
Old_val: 244-->Val: 254-->next_val_1: 255-->next_val_2: 11  
Old_val: 245-->Val: 255-->next_val_1: 256-->next_val_2: 11  
Old_val: 246-->Val: 256-->next_val_1: 257-->next_val_2: 11  
Old_val: 247-->Val: 257-->next_val_1: 258-->next_val_2: 11  
Old_val: 248-->Val: 258-->next_val_1: 259-->next_val_2: 11  
Old_val: 249-->Val: 259-->next_val_1: 260-->next_val_2: 11  
Old_val: 250-->Val: 260-->next_val_1: 261-->next_val_2: 11  
Old_val: 251-->Val: 261-->next_val_1: 262-->next_val_2: 11  
Old_val: 252-->Val: 262-->next_val_1: 263-->next_val_2: 11  
Old_val: 253-->Val: 263-->next_val_1: 264-->next_val_2: 11  
Old_val: 254-->Val: 264-->next_val_1: 265-->next_val_2: 11  
Old_val: 255-->Val: 265-->next_val_1: 266-->next_val_2: 11  
Old_val: 256-->Val: 266-->next_val_1: 267-->next_val_2: 11  
Old_val: 257-->Val: 267-->next_val_1: 268-->next_val_2: 11  
Old_val: 258-->Val: 268-->next_val_1: 269-->next_val_2: 11  
Old_val: 259-->Val: 269-->next_val_1: 270-->next_val_2: 11  
Old_val: 260-->Val: 270-->next_val_1: 271-->next_val_2: 290  
Old_val: 261-->Val: 271-->next_val_1: 272-->next_val_2: 11  
Old_val: 262-->Val: 272-->next_val_1: 273-->next_val_2: 11  
Old_val: 263-->Val: 273-->next_val_1: 274-->next_val_2: 11  
Old_val: 264-->Val: 274-->next_val_1: 275-->next_val_2: 11  
Old_val: 265-->Val: 275-->next_val_1: 276-->next_val_2: 11  
Old_val: 266-->Val: 276-->next_val_1: 277-->next_val_2: 11  
Old_val: 267-->Val: 277-->next_val_1: 278-->next_val_2: 11  
Old_val: 268-->Val: 278-->next_val_1: 279-->next_val_2: 11  
Old_val: 269-->Val: 279-->next_val_1: 280-->next_val_2: 11  
Old_val: 270-->Val: 280-->next_val_1: 281-->next_val_2: 11  
Old_val: 271-->Val: 281-->next_val_1: 282-->next_val_2: 11  
Old_val: 272-->Val: 282-->next_val_1: 283-->next_val_2: 11  
Old_val: 273-->Val: 283-->next_val_1: 284-->next_val_2: 11  
Old_val: 274-->Val: 284-->next_val_1: 285-->next_val_2: 11  
Old_val: 275-->Val: 285-->next_val_1: 286-->next_val_2: 11  
Old_val: 276-->Val: 286-->next_val_1: 287-->next_val_2: 11  
Old_val: 277-->Val: 287-->next_val_1: 288-->next_val_2: 11  
Old_val: 278-->Val: 288-->next_val_1: 289-->next_val_2: 11  
Old_val: 279-->Val: 289-->next_val_1: 290-->next_val_2: 11  
Old_val: 280-->Val: 290-->next_val_1: 291-->next_val_2: 310  
Old_val: 281-->Val: 291-->next_val_1: 292-->next_val_2: 11  
Old_val: 282-->Val: 292-->next_val_1: 293-->next_val_2: 11  
Old_val: 283-->Val: 293-->next_val_1: 294-->next_val_2: 11  
Old_val: 284-->Val: 294-->next_val_1: 295-->next_val_2: 11  
Old_val: 285-->Val: 295-->next_val_1: 296-->next_val_2: 11  
Old_val: 286-->Val: 296-->next_val_1: 297-->next_val_2: 11  
Old_val: 287-->Val: 297-->next_val_1: 298-->next_val_2: 11  
Old_val: 288-->Val: 298-->next_val_1: 299-->next_val_2: 11  
Old_val: 289-->Val: 299-->next_val_1: 300-->next_val_2: 11  
Old_val: 290-->Val: 300-->next_val_1: 301-->next_val_2: 11  
Old_val: 291-->Val: 301-->next_val_1: 302-->next_val_2: 11  
Old_val: 292-->Val: 302-->next_val_1: 303-->next_val_2: 11  
Old_val: 293-->Val: 303-->next_val_1: 304-->next_val_2: 11  
Old_val: 294-->Val: 304-->next_val_1: 305-->next_val_2: 11  
Old_val: 295-->Val: 305-->next_val_1: 306-->next_val_2: 11  
Old_val: 296-->Val: 306-->next_val_1: 307-->next_val_2: 11  
Old_val: 297-->Val: 307-->next_val_1: 308-->next_val_2: 11  
Old_val: 298-->Val: 308-->next_val_1: 309-->next_val_2: 11  
Old_val: 299-->Val: 309-->next_val_1: 310-->next_val_2: 11  
Old_val: 300-->Val: 310-->next_val_1: 311-->next_val_2: 330  
Old_val: 301-->Val: 311-->next_val_1: 312-->next_val_2: 11  
Old_val: 302-->Val: 312-->next_val_1: 313-->next_val_2: 11  
Old_val: 303-->Val: 313-->next_val_1: 314-->next_val_2: 11  
Old_val: 304-->Val: 314-->next_val_1: 315-->next_val_2: 11  
Old_val: 305-->Val: 315-->next_val_1: 316-->next_val_2: 11  
Old_val: 306-->Val: 316-->next_val_1: 317-->next_val_2: 11  
Old_val: 307-->Val: 317-->next_val_1: 318-->next_val_2: 11  
Old_val: 308-->Val: 318-->next_val_1: 319-->next_val_2: 11  
Old_val: 309-->Val: 319-->next_val_1: 320-->next_val_2: 11  
Old_val: 310-->Val: 320-->next_val_1: 321-->next_val_2: 11  
Old_val: 311-->Val: 321-->next_val_1: 322-->next_val_2: 11  
Old_val: 312-->Val: 322-->next_val_1: 323-->next_val_2: 11  
Old_val: 313-->Val: 323-->next_val_1: 324-->next_val_2: 11  
Old_val: 314-->Val: 324-->next_val_1: 325-->next_val_2: 11  
Old_val: 315-->Val: 325-->next_val_1: 326-->next_val_2: 11  
Old_val: 316-->Val: 326-->next_val_1: 327-->next_val_2: 11  
Old_val: 317-->Val: 327-->next_val_1: 328-->next_val_2: 11  
Old_val: 318-->Val: 328-->next_val_1: 329-->next_val_2: 11  
Old_val: 319-->Val: 329-->next_val_1: 330-->next_val_2: 11  
Old_val: 320-->Val: 330-->next_val_1: 331-->next_val_2: 350  
Old_val: 321-->Val: 331-->next_val_1: 332-->next_val_2: 11  
Old_val: 322-->Val: 332-->next_val_1: 333-->next_val_2: 11  
Old_val: 323-->Val: 333-->next_val_1: 334-->next_val_2: 11  
Old_val: 324-->Val: 334-->next_val_1: 335-->next_val_2: 11  
Old_val: 325-->Val: 335-->next_val_1: 336-->next_val_2: 11  
Old_val: 326-->Val: 336-->next_val_1: 337-->next_val_2: 11  
Old_val: 327-->Val: 337-->next_val_1: 338-->next_val_2: 11  
Old_val: 328-->Val: 338-->next_val_1: 339-->next_val_2: 11  
Old_val: 329-->Val: 339-->next_val_1: 340-->next_val_2: 11  
Old_val: 330-->Val: 340-->next_val_1: 341-->next_val_2: 11  
Old_val: 331-->Val: 341-->next_val_1: 342-->next_val_2: 11  
Old_val: 332-->Val: 342-->next_val_1: 343-->next_val_2: 11  
Old_val: 333-->Val: 343-->next_val_1: 344-->next_val_2: 11  
Old_val: 334-->Val: 344-->next_val_1: 345-->next_val_2: 11  
Old_val: 335-->Val: 345-->next_val_1: 346-->next_val_2: 11  
Old_val: 336-->Val: 346-->next_val_1: 347-->next_val_2: 11  
Old_val: 337-->Val: 347-->next_val_1: 348-->next_val_2: 11  
Old_val: 338-->Val: 348-->next_val_1: 349-->next_val_2: 11  
Old_val: 339-->Val: 349-->next_val_1: 350-->next_val_2: 11  
Old_val: 340-->Val: 350-->next_val_1: 351-->next_val_2: 370  
Old_val: 341-->Val: 351-->next_val_1: 352-->next_val_2: 11  
Old_val: 342-->Val: 352-->next_val_1: 353-->next_val_2: 11  
Old_val: 343-->Val: 353-->next_val_1: 354-->next_val_2: 11  
Old_val: 344-->Val: 354-->next_val_1: 355-->next_val_2: 11  
Old_val: 345-->Val: 355-->next_val_1: 356-->next_val_2: 11  
Old_val: 346-->Val: 356-->next_val_1: 357-->next_val_2: 11  
Old_val: 347-->Val: 357-->next_val_1: 358-->next_val_2: 11  
Old_val: 348-->Val: 358-->next_val_1: 359-->next_val_2: 11  
Old_val: 349-->Val: 359-->next_val_1: 360-->next_val_2: 11  
Old_val: 350-->Val: 360-->next_val_1: 361-->next_val_2: 11  
Old_val: 351-->Val: 361-->next_val_1: 362-->next_val_2: 11  
Old_val: 352-->Val: 362-->next_val_1: 363-->next_val_2: 11  
Old_val: 353-->Val: 363-->next_val_1: 364-->next_val_2: 11  
Old_val: 354-->Val: 364-->next_val_1: 365-->next_val_2: 11  
Old_val: 355-->Val: 365-->next_val_1: 366-->next_val_2: 11  
Old_val: 356-->Val: 366-->next_val_1: 367-->next_val_2: 11  
Old_val: 357-->Val: 367-->next_val_1: 368-->next_val_2: 11  
Old_val: 358-->Val: 368-->next_val_1: 369-->next_val_2: 11  
Old_val: 359-->Val: 369-->next_val_1: 370-->next_val_2: 11  
Old_val: 360-->Val: 370-->next_val_1: 371-->next_val_2: 390  
Old_val: 361-->Val: 371-->next_val_1: 372-->next_val_2: 11  
Old_val: 362-->Val: 372-->next_val_1: 373-->next_val_2: 11  
Old_val: 363-->Val: 373-->next_val_1: 374-->next_val_2: 11  
Old_val: 364-->Val: 374-->next_val_1: 375-->next_val_2: 11  
Old_val: 365-->Val: 375-->next_val_1: 376-->next_val_2: 11  
Old_val: 366-->Val: 376-->next_val_1: 377-->next_val_2: 11  
Old_val: 367-->Val: 377-->next_val_1: 378-->next_val_2: 11  
Old_val: 368-->Val: 378-->next_val_1: 379-->next_val_2: 11  
Old_val: 369-->Val: 379-->next_val_1: 380-->next_val_2: 11  
Old_val: 370-->Val: 380-->next_val_1: 381-->next_val_2: 11  
Old_val: 371-->Val: 381-->next_val_1: 382-->next_val_2: 11  
Old_val: 372-->Val: 382-->next_val_1: 383-->next_val_2: 11  
Old_val: 373-->Val: 383-->next_val_1: 384-->next_val_2: 11  
Old_val: 374-->Val: 384-->next_val_1: 385-->next_val_2: 11  
Old_val: 375-->Val: 385-->next_val_1: 386-->next_val_2: 11  
Old_val: 376-->Val: 386-->next_val_1: 387-->next_val_2: 11  
Old_val: 377-->Val: 387-->next_val_1: 388-->next_val_2: 11  
Old_val: 378-->Val: 388-->next_val_1: 389-->next_val_2: 11  
Old_val: 379-->Val: 389-->next_val_1: 390-->next_val_2: 11  
Old_val: 380-->Val: 390-->next_val_1: 391-->next_val_2: 410  
Old_val: 381-->Val: 391-->next_val_1: 392-->next_val_2: 11  
Old_val: 382-->Val: 392-->next_val_1: 393-->next_val_2: 11  
Old_val: 383-->Val: 393-->next_val_1: 394-->next_val_2: 11  
Old_val: 384-->Val: 394-->next_val_1: 395-->next_val_2: 11  
Old_val: 385-->Val: 395-->next_val_1: 396-->next_val_2: 11  
Old_val: 386-->Val: 396-->next_val_1: 397-->next_val_2: 11  
Old_val: 387-->Val: 397-->next_val_1: 398-->next_val_2: 11  
Old_val: 388-->Val: 398-->next_val_1: 399-->next_val_2: 11  
Old_val: 389-->Val: 399-->next_val_1: 400-->next_val_2: 11  
Old_val: 390-->Val: 400-->next_val_1: 401-->next_val_2: 11  
Old_val: 391-->Val: 401-->next_val_1: 402-->next_val_2: 11  
Old_val: 392-->Val: 402-->next_val_1: 403-->next_val_2: 11  
Old_val: 393-->Val: 403-->next_val_1: 404-->next_val_2: 11  
Old_val: 394-->Val: 404-->next_val_1: 405-->next_val_2: 11  
Old_val: 395-->Val: 405-->next_val_1: 406-->next_val_2: 11  
Old_val: 396-->Val: 406-->next_val_1: 407-->next_val_2: 11  
Old_val: 397-->Val: 407-->next_val_1: 408-->next_val_2: 11  
Old_val: 398-->Val: 408-->next_val_1: 409-->next_val_2: 11  
Old_val: 399-->Val: 409-->next_val_1: 410-->next_val_2: 11  
Old_val: 400-->Val: 410-->next_val_1: 411-->next_val_2: 430  
Old_val: 401-->Val: 411-->next_val_1: 412-->next_val_2: 11  
Old_val: 402-->Val: 412-->next_val_1: 413-->next_val_2: 11  
Old_val: 403-->Val: 413-->next_val_1: 414-->next_val_2: 11  
Old_val: 404-->Val: 414-->next_val_1: 415-->next_val_2: 11  
Old_val: 405-->Val: 415-->next_val_1: 416-->next_val_2: 11  
Old_val: 406-->Val: 416-->next_val_1: 417-->next_val_2: 11  
Old_val: 407-->Val: 417-->next_val_1: 418-->next_val_2: 11  
Old_val: 408-->Val: 418-->next_val_1: 419-->next_val_2: 11  
Old_val: 409-->Val: 419-->next_val_1: 420-->next_val_2: 11  
Old_val: 410-->Val: 420-->next_val_1: 421-->next_val_2: 11  
Old_val: 411-->Val: 421-->next_val_1: 422-->next_val_2: 11  
Old_val: 412-->Val: 422-->next_val_1: 423-->next_val_2: 11  
Old_val: 413-->Val: 423-->next_val_1: 424-->next_val_2: 11  
Old_val: 414-->Val: 424-->next_val_1: 425-->next_val_2: 11  
Old_val: 415-->Val: 425-->next_val_1: 426-->next_val_2: 11  
Old_val: 416-->Val: 426-->next_val_1: 427-->next_val_2: 11  
Old_val: 417-->Val: 427-->next_val_1: 428-->next_val_2: 11  
Old_val: 418-->Val: 428-->next_val_1: 429-->next_val_2: 11  
Old_val: 419-->Val: 429-->next_val_1: 430-->next_val_2: 11  
Old_val: 420-->Val: 430-->next_val_1: 431-->next_val_2: 450  
Old_val: 421-->Val: 431-->next_val_1: 432-->next_val_2: 11  
Old_val: 422-->Val: 432-->next_val_1: 433-->next_val_2: 11  
Old_val: 423-->Val: 433-->next_val_1: 434-->next_val_2: 11  
Old_val: 424-->Val: 434-->next_val_1: 435-->next_val_2: 11  
Old_val: 425-->Val: 435-->next_val_1: 436-->next_val_2: 11  
Old_val: 426-->Val: 436-->next_val_1: 437-->next_val_2: 11  
Old_val: 427-->Val: 437-->next_val_1: 438-->next_val_2: 11  
Old_val: 428-->Val: 438-->next_val_1: 439-->next_val_2: 11  
Old_val: 429-->Val: 439-->next_val_1: 440-->next_val_2: 11  
Old_val: 430-->Val: 440-->next_val_1: 441-->next_val_2: 11  
Old_val: 431-->Val: 441-->next_val_1: 442-->next_val_2: 11  
Old_val: 432-->Val: 442-->next_val_1: 443-->next_val_2: 11  
Old_val: 433-->Val: 443-->next_val_1: 444-->next_val_2: 11  
Old_val: 434-->Val: 444-->next_val_1: 445-->next_val_2: 11  
Old_val: 435-->Val: 445-->next_val_1: 446-->next_val_2: 11  
Old_val: 436-->Val: 446-->next_val_1: 447-->next_val_2: 11  
Old_val: 437-->Val: 447-->next_val_1: 448-->next_val_2: 11  
Old_val: 438-->Val: 448-->next_val_1: 449-->next_val_2: 11  
Old_val: 439-->Val: 449-->next_val_1: 450-->next_val_2: 11  
Old_val: 440-->Val: 450-->next_val_1: 451-->next_val_2: 470  
Old_val: 441-->Val: 451-->next_val_1: 452-->next_val_2: 11  
Old_val: 442-->Val: 452-->next_val_1: 453-->next_val_2: 11  
Old_val: 443-->Val: 453-->next_val_1: 454-->next_val_2: 11  
Old_val: 444-->Val: 454-->next_val_1: 455-->next_val_2: 11  
Old_val: 445-->Val: 455-->next_val_1: 456-->next_val_2: 11  
Old_val: 446-->Val: 456-->next_val_1: 457-->next_val_2: 11  
Old_val: 447-->Val: 457-->next_val_1: 458-->next_val_2: 11  
Old_val: 448-->Val: 458-->next_val_1: 459-->next_val_2: 11  
Old_val: 449-->Val: 459-->next_val_1: 460-->next_val_2: 11  
Old_val: 450-->Val: 460-->next_val_1: 461-->next_val_2: 11  
Old_val: 451-->Val: 461-->next_val_1: 462-->next_val_2: 11  
Old_val: 452-->Val: 462-->next_val_1: 463-->next_val_2: 11  
Old_val: 453-->Val: 463-->next_val_1: 464-->next_val_2: 11  
Old_val: 454-->Val: 464-->next_val_1: 465-->next_val_2: 11  
Old_val: 455-->Val: 465-->next_val_1: 466-->next_val_2: 11  
Old_val: 456-->Val: 466-->next_val_1: 467-->next_val_2: 11  
Old_val: 457-->Val: 467-->next_val_1: 468-->next_val_2: 11  
Old_val: 458-->Val: 468-->next_val_1: 469-->next_val_2: 11  
Old_val: 459-->Val: 469-->next_val_1: 470-->next_val_2: 11  
Old_val: 460-->Val: 470-->next_val_1: 471-->next_val_2: 490  
Old_val: 461-->Val: 471-->next_val_1: 472-->next_val_2: 11  
Old_val: 462-->Val: 472-->next_val_1: 473-->next_val_2: 11  
Old_val: 463-->Val: 473-->next_val_1: 474-->next_val_2: 11  
Old_val: 464-->Val: 474-->next_val_1: 475-->next_val_2: 11  
Old_val: 465-->Val: 475-->next_val_1: 476-->next_val_2: 11  
Old_val: 466-->Val: 476-->next_val_1: 477-->next_val_2: 11  
Old_val: 467-->Val: 477-->next_val_1: 478-->next_val_2: 11  
Old_val: 468-->Val: 478-->next_val_1: 479-->next_val_2: 11  
Old_val: 469-->Val: 479-->next_val_1: 480-->next_val_2: 11  
Old_val: 470-->Val: 480-->next_val_1: 481-->next_val_2: 11  
Old_val: 471-->Val: 481-->next_val_1: 482-->next_val_2: 11  
Old_val: 472-->Val: 482-->next_val_1: 483-->next_val_2: 11  
Old_val: 473-->Val: 483-->next_val_1: 484-->next_val_2: 11  
Old_val: 474-->Val: 484-->next_val_1: 485-->next_val_2: 11  
Old_val: 475-->Val: 485-->next_val_1: 486-->next_val_2: 11  
Old_val: 476-->Val: 486-->next_val_1: 487-->next_val_2: 11  
Old_val: 477-->Val: 487-->next_val_1: 488-->next_val_2: 11  
Old_val: 478-->Val: 488-->next_val_1: 489-->next_val_2: 11  
Old_val: 479-->Val: 489-->next_val_1: 490-->next_val_2: 11  
Old_val: 480-->Val: 490-->next_val_1: 491-->next_val_2: 510  
Old_val: 481-->Val: 491-->next_val_1: 492-->next_val_2: 11  
Old_val: 482-->Val: 492-->next_val_1: 493-->next_val_2: 11  
Old_val: 483-->Val: 493-->next_val_1: 494-->next_val_2: 11  
Old_val: 484-->Val: 494-->next_val_1: 495-->next_val_2: 11  
Old_val: 485-->Val: 495-->next_val_1: 496-->next_val_2: 11  
Old_val: 486-->Val: 496-->next_val_1: 497-->next_val_2: 11  
Old_val: 487-->Val: 497-->next_val_1: 498-->next_val_2: 11  
Old_val: 488-->Val: 498-->next_val_1: 499-->next_val_2: 11  
Old_val: 489-->Val: 499-->next_val_1: 500-->next_val_2: 11  
Old_val: 490-->Val: 500-->next_val_1: 501-->next_val_2: 11  
Old_val: 491-->Val: 501-->next_val_1: 502-->next_val_2: 11  
Old_val: 492-->Val: 502-->next_val_1: 503-->next_val_2: 11  
Old_val: 493-->Val: 503-->next_val_1: 504-->next_val_2: 11  
Old_val: 494-->Val: 504-->next_val_1: 505-->next_val_2: 11  
Old_val: 495-->Val: 505-->next_val_1: 506-->next_val_2: 11  
Old_val: 496-->Val: 506-->next_val_1: 507-->next_val_2: 11  
Old_val: 497-->Val: 507-->next_val_1: 508-->next_val_2: 11  
Old_val: 498-->Val: 508-->next_val_1: 509-->next_val_2: 11  
Old_val: 499-->Val: 509-->next_val_1: 510-->next_val_2: 11  
Old_val: 500-->Val: 510-->next_val_1: 511-->next_val_2: 530  
Old_val: 501-->Val: 511-->next_val_1: 512-->next_val_2: 11  
Old_val: 502-->Val: 512-->next_val_1: 513-->next_val_2: 11  
Old_val: 503-->Val: 513-->next_val_1: 514-->next_val_2: 11  
Old_val: 504-->Val: 514-->next_val_1: 515-->next_val_2: 11  
Old_val: 505-->Val: 515-->next_val_1: 516-->next_val_2: 11  
Old_val: 506-->Val: 516-->next_val_1: 517-->next_val_2: 11  
Old_val: 507-->Val: 517-->next_val_1: 518-->next_val_2: 11  
Old_val: 508-->Val: 518-->next_val_1: 519-->next_val_2: 11  
Old_val: 509-->Val: 519-->next_val_1: 520-->next_val_2: 11  
Old_val: 510-->Val: 520-->next_val_1: 521-->next_val_2: 11  
Old_val: 511-->Val: 521-->next_val_1: 522-->next_val_2: 11  
Old_val: 512-->Val: 522-->next_val_1: 523-->next_val_2: 11  
Old_val: 513-->Val: 523-->next_val_1: 524-->next_val_2: 11  
Old_val: 514-->Val: 524-->next_val_1: 525-->next_val_2: 11  
Old_val: 515-->Val: 525-->next_val_1: 526-->next_val_2: 11  
Old_val: 516-->Val: 526-->next_val_1: 527-->next_val_2: 11  
Old_val: 517-->Val: 527-->next_val_1: 528-->next_val_2: 11  
Old_val: 518-->Val: 528-->next_val_1: 529-->next_val_2: 11  
Old_val: 519-->Val: 529-->next_val_1: 530-->next_val_2: 11  
Old_val: 520-->Val: 530-->next_val_1: 531-->next_val_2: 550  
Old_val: 521-->Val: 531-->next_val_1: 532-->next_val_2: 11  
Old_val: 522-->Val: 532-->next_val_1: 533-->next_val_2: 11  
Old_val: 523-->Val: 533-->next_val_1: 534-->next_val_2: 11  
Old_val: 524-->Val: 534-->next_val_1: 535-->next_val_2: 11  
Old_val: 525-->Val: 535-->next_val_1: 536-->next_val_2: 11  
Old_val: 526-->Val: 536-->next_val_1: 537-->next_val_2: 11  
Old_val: 527-->Val: 537-->next_val_1: 538-->next_val_2: 11  
Old_val: 528-->Val: 538-->next_val_1: 539-->next_val_2: 11  
Old_val: 529-->Val: 539-->next_val_1: 540-->next_val_2: 11  
Old_val: 530-->Val: 540-->next_val_1: 541-->next_val_2: 11  
Old_val: 531-->Val: 541-->next_val_1: 542-->next_val_2: 11  
Old_val: 532-->Val: 542-->next_val_1: 543-->next_val_2: 11  
Old_val: 533-->Val: 543-->next_val_1: 544-->next_val_2: 11  
Old_val: 534-->Val: 544-->next_val_1: 545-->next_val_2: 11  
Old_val: 535-->Val: 545-->next_val_1: 546-->next_val_2: 11  
Old_val: 536-->Val: 546-->next_val_1: 547-->next_val_2: 11  
Old_val: 537-->Val: 547-->next_val_1: 548-->next_val_2: 11  
Old_val: 538-->Val: 548-->next_val_1: 549-->next_val_2: 11  
Old_val: 539-->Val: 549-->next_val_1: 550-->next_val_2: 11  
Old_val: 540-->Val: 550-->next_val_1: 551-->next_val_2: 570  
Old_val: 541-->Val: 551-->next_val_1: 552-->next_val_2: 11  
Old_val: 542-->Val: 552-->next_val_1: 553-->next_val_2: 11  
Old_val: 543-->Val: 553-->next_val_1: 554-->next_val_2: 11  
Old_val: 544-->Val: 554-->next_val_1: 555-->next_val_2: 11  
Old_val: 545-->Val: 555-->next_val_1: 556-->next_val_2: 11  
Old_val: 546-->Val: 556-->next_val_1: 557-->next_val_2: 11  
Old_val: 547-->Val: 557-->next_val_1: 558-->next_val_2: 11  
Old_val: 548-->Val: 558-->next_val_1: 559-->next_val_2: 11  
Old_val: 549-->Val: 559-->next_val_1: 560-->next_val_2: 11  
Old_val: 550-->Val: 560-->next_val_1: 561-->next_val_2: 11  
Old_val: 551-->Val: 561-->next_val_1: 562-->next_val_2: 11  
Old_val: 552-->Val: 562-->next_val_1: 563-->next_val_2: 11  
Old_val: 553-->Val: 563-->next_val_1: 564-->next_val_2: 11  
Old_val: 554-->Val: 564-->next_val_1: 565-->next_val_2: 11  
Old_val: 555-->Val: 565-->next_val_1: 566-->next_val_2: 11  
Old_val: 556-->Val: 566-->next_val_1: 567-->next_val_2: 11  
Old_val: 557-->Val: 567-->next_val_1: 568-->next_val_2: 11  
Old_val: 558-->Val: 568-->next_val_1: 569-->next_val_2: 11  
Old_val: 559-->Val: 569-->next_val_1: 570-->next_val_2: 11  
Old_val: 560-->Val: 570-->next_val_1: 571-->next_val_2: 590  
Old_val: 561-->Val: 571-->next_val_1: 572-->next_val_2: 11  
Old_val: 562-->Val: 572-->next_val_1: 573-->next_val_2: 11  
Old_val: 563-->Val: 573-->next_val_1: 574-->next_val_2: 11  
Old_val: 564-->Val: 574-->next_val_1: 575-->next_val_2: 11  
Old_val: 565-->Val: 575-->next_val_1: 576-->next_val_2: 11  
Old_val: 566-->Val: 576-->next_val_1: 577-->next_val_2: 11  
Old_val: 567-->Val: 577-->next_val_1: 578-->next_val_2: 11  
Old_val: 568-->Val: 578-->next_val_1: 579-->next_val_2: 11  
Old_val: 569-->Val: 579-->next_val_1: 580-->next_val_2: 11  
Old_val: 570-->Val: 580-->next_val_1: 581-->next_val_2: 11  
Old_val: 571-->Val: 581-->next_val_1: 582-->next_val_2: 11  
Old_val: 572-->Val: 582-->next_val_1: 583-->next_val_2: 11  
Old_val: 573-->Val: 583-->next_val_1: 584-->next_val_2: 11  
Old_val: 574-->Val: 584-->next_val_1: 585-->next_val_2: 11  
Old_val: 575-->Val: 585-->next_val_1: 586-->next_val_2: 11  
Old_val: 576-->Val: 586-->next_val_1: 587-->next_val_2: 11  
Old_val: 577-->Val: 587-->next_val_1: 588-->next_val_2: 11  
Old_val: 578-->Val: 588-->next_val_1: 589-->next_val_2: 11  
Old_val: 579-->Val: 589-->next_val_1: 590-->next_val_2: 11  
Old_val: 580-->Val: 590-->next_val_1: 591-->next_val_2: 610  
Old_val: 581-->Val: 591-->next_val_1: 592-->next_val_2: 11  
Old_val: 582-->Val: 592-->next_val_1: 593-->next_val_2: 11  
Old_val: 583-->Val: 593-->next_val_1: 594-->next_val_2: 11  
Old_val: 584-->Val: 594-->next_val_1: 595-->next_val_2: 11  
Old_val: 585-->Val: 595-->next_val_1: 596-->next_val_2: 11  
Old_val: 586-->Val: 596-->next_val_1: 597-->next_val_2: 11  
Old_val: 587-->Val: 597-->next_val_1: 598-->next_val_2: 11  
Old_val: 588-->Val: 598-->next_val_1: 599-->next_val_2: 11  
Old_val: 589-->Val: 599-->next_val_1: 600-->next_val_2: 11  
Old_val: 590-->Val: 600-->next_val_1: 601-->next_val_2: 11  
Old_val: 591-->Val: 601-->next_val_1: 602-->next_val_2: 11  
Old_val: 592-->Val: 602-->next_val_1: 603-->next_val_2: 11  
Old_val: 593-->Val: 603-->next_val_1: 604-->next_val_2: 11  
Old_val: 594-->Val: 604-->next_val_1: 605-->next_val_2: 11  
Old_val: 595-->Val: 605-->next_val_1: 606-->next_val_2: 11  
Old_val: 596-->Val: 606-->next_val_1: 607-->next_val_2: 11  
Old_val: 597-->Val: 607-->next_val_1: 608-->next_val_2: 11  
Old_val: 598-->Val: 608-->next_val_1: 609-->next_val_2: 11  
Old_val: 599-->Val: 609-->next_val_1: 610-->next_val_2: 11  
Old_val: 600-->Val: 610-->next_val_1: 611-->next_val_2: 630  
Old_val: 601-->Val: 611-->next_val_1: 612-->next_val_2: 11  
Old_val: 602-->Val: 612-->next_val_1: 613-->next_val_2: 11  
Old_val: 603-->Val: 613-->next_val_1: 614-->next_val_2: 11  
Old_val: 604-->Val: 614-->next_val_1: 615-->next_val_2: 11  
Old_val: 605-->Val: 615-->next_val_1: 616-->next_val_2: 11  
Old_val: 606-->Val: 616-->next_val_1: 617-->next_val_2: 11  
Old_val: 607-->Val: 617-->next_val_1: 618-->next_val_2: 11  
Old_val: 608-->Val: 618-->next_val_1: 619-->next_val_2: 11  
Old_val: 609-->Val: 619-->next_val_1: 620-->next_val_2: 11  
Old_val: 610-->Val: 620-->next_val_1: 621-->next_val_2: 11  
Old_val: 611-->Val: 621-->next_val_1: 622-->next_val_2: 11  
Old_val: 612-->Val: 622-->next_val_1: 623-->next_val_2: 11  
Old_val: 613-->Val: 623-->next_val_1: 624-->next_val_2: 11  
Old_val: 614-->Val: 624-->next_val_1: 625-->next_val_2: 11  
Old_val: 615-->Val: 625-->next_val_1: 626-->next_val_2: 11  
Old_val: 616-->Val: 626-->next_val_1: 627-->next_val_2: 11  
Old_val: 617-->Val: 627-->next_val_1: 628-->next_val_2: 11  
Old_val: 618-->Val: 628-->next_val_1: 629-->next_val_2: 11  
Old_val: 619-->Val: 629-->next_val_1: 630-->next_val_2: 11  
Old_val: 620-->Val: 630-->next_val_1: 631-->next_val_2: 650  
Old_val: 621-->Val: 631-->next_val_1: 632-->next_val_2: 11  
Old_val: 622-->Val: 632-->next_val_1: 633-->next_val_2: 11  
Old_val: 623-->Val: 633-->next_val_1: 634-->next_val_2: 11  
Old_val: 624-->Val: 634-->next_val_1: 635-->next_val_2: 11  
Old_val: 625-->Val: 635-->next_val_1: 636-->next_val_2: 11  
Old_val: 626-->Val: 636-->next_val_1: 637-->next_val_2: 11  
Old_val: 627-->Val: 637-->next_val_1: 638-->next_val_2: 11  
Old_val: 628-->Val: 638-->next_val_1: 639-->next_val_2: 11  
Old_val: 629-->Val: 639-->next_val_1: 640-->next_val_2: 11  
Old_val: 630-->Val: 640-->next_val_1: 641-->next_val_2: 11  
Old_val: 631-->Val: 641-->next_val_1: 642-->next_val_2: 11  
Old_val: 632-->Val: 642-->next_val_1: 643-->next_val_2: 11  
Old_val: 633-->Val: 643-->next_val_1: 644-->next_val_2: 11  
Old_val: 634-->Val: 644-->next_val_1: 645-->next_val_2: 11  
Old_val: 635-->Val: 645-->next_val_1: 646-->next_val_2: 11  
Old_val: 636-->Val: 646-->next_val_1: 647-->next_val_2: 11  
Old_val: 637-->Val: 647-->next_val_1: 648-->next_val_2: 11  
Old_val: 638-->Val: 648-->next_val_1: 649-->next_val_2: 11  
Old_val: 639-->Val: 649-->next_val_1: 650-->next_val_2: 11  
Old_val: 640-->Val: 650-->next_val_1: 651-->next_val_2: 670  
Old_val: 641-->Val: 651-->next_val_1: 652-->next_val_2: 11  
Old_val: 642-->Val: 652-->next_val_1: 653-->next_val_2: 11  
Old_val: 643-->Val: 653-->next_val_1: 654-->next_val_2: 11  
Old_val: 644-->Val: 654-->next_val_1: 655-->next_val_2: 11  
Old_val: 645-->Val: 655-->next_val_1: 656-->next_val_2: 11  
Old_val: 646-->Val: 656-->next_val_1: 657-->next_val_2: 11  
Old_val: 647-->Val: 657-->next_val_1: 658-->next_val_2: 11  
Old_val: 648-->Val: 658-->next_val_1: 659-->next_val_2: 11  
Old_val: 649-->Val: 659-->next_val_1: 660-->next_val_2: 11  
Old_val: 650-->Val: 660-->next_val_1: 661-->next_val_2: 11  
Old_val: 651-->Val: 661-->next_val_1: 662-->next_val_2: 11  
Old_val: 652-->Val: 662-->next_val_1: 663-->next_val_2: 11  
Old_val: 653-->Val: 663-->next_val_1: 664-->next_val_2: 11  
Old_val: 654-->Val: 664-->next_val_1: 665-->next_val_2: 11  
Old_val: 655-->Val: 665-->next_val_1: 666-->next_val_2: 11  
Old_val: 656-->Val: 666-->next_val_1: 667-->next_val_2: 11  
Old_val: 657-->Val: 667-->next_val_1: 668-->next_val_2: 11  
Old_val: 658-->Val: 668-->next_val_1: 669-->next_val_2: 11  
Old_val: 659-->Val: 669-->next_val_1: 670-->next_val_2: 11  
Old_val: 660-->Val: 670-->next_val_1: 671-->next_val_2: 690  
Old_val: 661-->Val: 671-->next_val_1: 672-->next_val_2: 11  
Old_val: 662-->Val: 672-->next_val_1: 673-->next_val_2: 11  
Old_val: 663-->Val: 673-->next_val_1: 674-->next_val_2: 11  
Old_val: 664-->Val: 674-->next_val_1: 675-->next_val_2: 11  
Old_val: 665-->Val: 675-->next_val_1: 676-->next_val_2: 11  
Old_val: 666-->Val: 676-->next_val_1: 677-->next_val_2: 11  
Old_val: 667-->Val: 677-->next_val_1: 678-->next_val_2: 11  
Old_val: 668-->Val: 678-->next_val_1: 679-->next_val_2: 11  
Old_val: 669-->Val: 679-->next_val_1: 680-->next_val_2: 11  
Old_val: 670-->Val: 680-->next_val_1: 681-->next_val_2: 11  
Old_val: 671-->Val: 681-->next_val_1: 682-->next_val_2: 11  
Old_val: 672-->Val: 682-->next_val_1: 683-->next_val_2: 11  
Old_val: 673-->Val: 683-->next_val_1: 684-->next_val_2: 11  
Old_val: 674-->Val: 684-->next_val_1: 685-->next_val_2: 11  
Old_val: 675-->Val: 685-->next_val_1: 686-->next_val_2: 11  
Old_val: 676-->Val: 686-->next_val_1: 687-->next_val_2: 11  
Old_val: 677-->Val: 687-->next_val_1: 688-->next_val_2: 11  
Old_val: 678-->Val: 688-->next_val_1: 689-->next_val_2: 11  
Old_val: 679-->Val: 689-->next_val_1: 690-->next_val_2: 11  
Old_val: 680-->Val: 690-->next_val_1: 691-->next_val_2: 710  
Old_val: 681-->Val: 691-->next_val_1: 692-->next_val_2: 11  
Old_val: 682-->Val: 692-->next_val_1: 693-->next_val_2: 11  
Old_val: 683-->Val: 693-->next_val_1: 694-->next_val_2: 11  
Old_val: 684-->Val: 694-->next_val_1: 695-->next_val_2: 11  
Old_val: 685-->Val: 695-->next_val_1: 696-->next_val_2: 11  
Old_val: 686-->Val: 696-->next_val_1: 697-->next_val_2: 11  
Old_val: 687-->Val: 697-->next_val_1: 698-->next_val_2: 11  
Old_val: 688-->Val: 698-->next_val_1: 699-->next_val_2: 11  
Old_val: 689-->Val: 699-->next_val_1: 700-->next_val_2: 11  
Old_val: 690-->Val: 700-->next_val_1: 701-->next_val_2: 11  
Old_val: 691-->Val: 701-->next_val_1: 702-->next_val_2: 11  
Old_val: 692-->Val: 702-->next_val_1: 703-->next_val_2: 11  
Old_val: 693-->Val: 703-->next_val_1: 704-->next_val_2: 11  
Old_val: 694-->Val: 704-->next_val_1: 705-->next_val_2: 11  
Old_val: 695-->Val: 705-->next_val_1: 706-->next_val_2: 11  
Old_val: 696-->Val: 706-->next_val_1: 707-->next_val_2: 11  
Old_val: 697-->Val: 707-->next_val_1: 708-->next_val_2: 11  
Old_val: 698-->Val: 708-->next_val_1: 709-->next_val_2: 11  
Old_val: 699-->Val: 709-->next_val_1: 710-->next_val_2: 11  
Old_val: 700-->Val: 710-->next_val_1: 711-->next_val_2: 730  
Old_val: 701-->Val: 711-->next_val_1: 712-->next_val_2: 11  
Old_val: 702-->Val: 712-->next_val_1: 713-->next_val_2: 11  
Old_val: 703-->Val: 713-->next_val_1: 714-->next_val_2: 11  
Old_val: 704-->Val: 714-->next_val_1: 715-->next_val_2: 11  
Old_val: 705-->Val: 715-->next_val_1: 716-->next_val_2: 11  
Old_val: 706-->Val: 716-->next_val_1: 717-->next_val_2: 11  
Old_val: 707-->Val: 717-->next_val_1: 718-->next_val_2: 11  
Old_val: 708-->Val: 718-->next_val_1: 719-->next_val_2: 11  
Old_val: 709-->Val: 719-->next_val_1: 720-->next_val_2: 11  
Old_val: 710-->Val: 720-->next_val_1: 721-->next_val_2: 11  
Old_val: 711-->Val: 721-->next_val_1: 722-->next_val_2: 11  
Old_val: 712-->Val: 722-->next_val_1: 723-->next_val_2: 11  
Old_val: 713-->Val: 723-->next_val_1: 724-->next_val_2: 11  
Old_val: 714-->Val: 724-->next_val_1: 725-->next_val_2: 11  
Old_val: 715-->Val: 725-->next_val_1: 726-->next_val_2: 11  
Old_val: 716-->Val: 726-->next_val_1: 727-->next_val_2: 11  
Old_val: 717-->Val: 727-->next_val_1: 728-->next_val_2: 11  
Old_val: 718-->Val: 728-->next_val_1: 729-->next_val_2: 11  
Old_val: 719-->Val: 729-->next_val_1: 730-->next_val_2: 11  
Old_val: 720-->Val: 730-->next_val_1: 731-->next_val_2: 750  
Old_val: 721-->Val: 731-->next_val_1: 732-->next_val_2: 11  
Old_val: 722-->Val: 732-->next_val_1: 733-->next_val_2: 11  
Old_val: 723-->Val: 733-->next_val_1: 734-->next_val_2: 11  
Old_val: 724-->Val: 734-->next_val_1: 735-->next_val_2: 11  
Old_val: 725-->Val: 735-->next_val_1: 736-->next_val_2: 11  
Old_val: 726-->Val: 736-->next_val_1: 737-->next_val_2: 11  
Old_val: 727-->Val: 737-->next_val_1: 738-->next_val_2: 11  
Old_val: 728-->Val: 738-->next_val_1: 739-->next_val_2: 11  
Old_val: 729-->Val: 739-->next_val_1: 740-->next_val_2: 11  
Old_val: 730-->Val: 740-->next_val_1: 741-->next_val_2: 11  
Old_val: 731-->Val: 741-->next_val_1: 742-->next_val_2: 11  
Old_val: 732-->Val: 742-->next_val_1: 743-->next_val_2: 11  
Old_val: 733-->Val: 743-->next_val_1: 744-->next_val_2: 11  
Old_val: 734-->Val: 744-->next_val_1: 745-->next_val_2: 11  
Old_val: 735-->Val: 745-->next_val_1: 746-->next_val_2: 11  
Old_val: 736-->Val: 746-->next_val_1: 747-->next_val_2: 11  
Old_val: 737-->Val: 747-->next_val_1: 748-->next_val_2: 11  
Old_val: 738-->Val: 748-->next_val_1: 749-->next_val_2: 11  
Old_val: 739-->Val: 749-->next_val_1: 750-->next_val_2: 11  
Old_val: 740-->Val: 750-->next_val_1: 751-->next_val_2: 770  
Old_val: 741-->Val: 751-->next_val_1: 752-->next_val_2: 11  
Old_val: 742-->Val: 752-->next_val_1: 753-->next_val_2: 11  
Old_val: 743-->Val: 753-->next_val_1: 754-->next_val_2: 11  
Old_val: 744-->Val: 754-->next_val_1: 755-->next_val_2: 11  
Old_val: 745-->Val: 755-->next_val_1: 756-->next_val_2: 11  
Old_val: 746-->Val: 756-->next_val_1: 757-->next_val_2: 11  
Old_val: 747-->Val: 757-->next_val_1: 758-->next_val_2: 11  
Old_val: 748-->Val: 758-->next_val_1: 759-->next_val_2: 11  
Old_val: 749-->Val: 759-->next_val_1: 760-->next_val_2: 11  
Old_val: 750-->Val: 760-->next_val_1: 761-->next_val_2: 11  
Old_val: 751-->Val: 761-->next_val_1: 762-->next_val_2: 11  
Old_val: 752-->Val: 762-->next_val_1: 763-->next_val_2: 11  
Old_val: 753-->Val: 763-->next_val_1: 764-->next_val_2: 11  
Old_val: 754-->Val: 764-->next_val_1: 765-->next_val_2: 11  
Old_val: 755-->Val: 765-->next_val_1: 766-->next_val_2: 11  
Old_val: 756-->Val: 766-->next_val_1: 767-->next_val_2: 11  
Old_val: 757-->Val: 767-->next_val_1: 768-->next_val_2: 11  
Old_val: 758-->Val: 768-->next_val_1: 769-->next_val_2: 11  
Old_val: 759-->Val: 769-->next_val_1: 770-->next_val_2: 11  
Old_val: 760-->Val: 770-->next_val_1: 771-->next_val_2: 790  
Old_val: 761-->Val: 771-->next_val_1: 772-->next_val_2: 11  
Old_val: 762-->Val: 772-->next_val_1: 773-->next_val_2: 11  
Old_val: 763-->Val: 773-->next_val_1: 774-->next_val_2: 11  
Old_val: 764-->Val: 774-->next_val_1: 775-->next_val_2: 11  
Old_val: 765-->Val: 775-->next_val_1: 776-->next_val_2: 11  
Old_val: 766-->Val: 776-->next_val_1: 777-->next_val_2: 11  
Old_val: 767-->Val: 777-->next_val_1: 778-->next_val_2: 11  
Old_val: 768-->Val: 778-->next_val_1: 779-->next_val_2: 11  
Old_val: 769-->Val: 779-->next_val_1: 780-->next_val_2: 11  
Old_val: 770-->Val: 780-->next_val_1: 781-->next_val_2: 11  
Old_val: 771-->Val: 781-->next_val_1: 782-->next_val_2: 11  
Old_val: 772-->Val: 782-->next_val_1: 783-->next_val_2: 11  
Old_val: 773-->Val: 783-->next_val_1: 784-->next_val_2: 11  
Old_val: 774-->Val: 784-->next_val_1: 785-->next_val_2: 11  
Old_val: 775-->Val: 785-->next_val_1: 786-->next_val_2: 11  
Old_val: 776-->Val: 786-->next_val_1: 787-->next_val_2: 11  
Old_val: 777-->Val: 787-->next_val_1: 788-->next_val_2: 11  
Old_val: 778-->Val: 788-->next_val_1: 789-->next_val_2: 11  
Old_val: 779-->Val: 789-->next_val_1: 790-->next_val_2: 11  
Old_val: 780-->Val: 790-->next_val_1: 791-->next_val_2: 810  
Old_val: 781-->Val: 791-->next_val_1: 792-->next_val_2: 11  
Old_val: 782-->Val: 792-->next_val_1: 793-->next_val_2: 11  
Old_val: 783-->Val: 793-->next_val_1: 794-->next_val_2: 11  
Old_val: 784-->Val: 794-->next_val_1: 795-->next_val_2: 11  
Old_val: 785-->Val: 795-->next_val_1: 796-->next_val_2: 11  
Old_val: 786-->Val: 796-->next_val_1: 797-->next_val_2: 11  
Old_val: 787-->Val: 797-->next_val_1: 798-->next_val_2: 11  
Old_val: 788-->Val: 798-->next_val_1: 799-->next_val_2: 11  
Old_val: 789-->Val: 799-->next_val_1: 800-->next_val_2: 11  
Old_val: 790-->Val: 800-->next_val_1: 801-->next_val_2: 11  
Old_val: 791-->Val: 801-->next_val_1: 802-->next_val_2: 11  
Old_val: 792-->Val: 802-->next_val_1: 803-->next_val_2: 11  
Old_val: 793-->Val: 803-->next_val_1: 804-->next_val_2: 11  
Old_val: 794-->Val: 804-->next_val_1: 805-->next_val_2: 11  
Old_val: 795-->Val: 805-->next_val_1: 806-->next_val_2: 11  
Old_val: 796-->Val: 806-->next_val_1: 807-->next_val_2: 11  
Old_val: 797-->Val: 807-->next_val_1: 808-->next_val_2: 11  
Old_val: 798-->Val: 808-->next_val_1: 809-->next_val_2: 11  
Old_val: 799-->Val: 809-->next_val_1: 810-->next_val_2: 11  
Old_val: 800-->Val: 810-->next_val_1: 811-->next_val_2: 830  
Old_val: 801-->Val: 811-->next_val_1: 812-->next_val_2: 11  
Old_val: 802-->Val: 812-->next_val_1: 813-->next_val_2: 11  
Old_val: 803-->Val: 813-->next_val_1: 814-->next_val_2: 11  
Old_val: 804-->Val: 814-->next_val_1: 815-->next_val_2: 11  
Old_val: 805-->Val: 815-->next_val_1: 816-->next_val_2: 11  
Old_val: 806-->Val: 816-->next_val_1: 817-->next_val_2: 11  
Old_val: 807-->Val: 817-->next_val_1: 818-->next_val_2: 11  
Old_val: 808-->Val: 818-->next_val_1: 819-->next_val_2: 11  
Old_val: 809-->Val: 819-->next_val_1: 820-->next_val_2: 11  
Old_val: 810-->Val: 820-->next_val_1: 821-->next_val_2: 11  
Old_val: 811-->Val: 821-->next_val_1: 822-->next_val_2: 11  
Old_val: 812-->Val: 822-->next_val_1: 823-->next_val_2: 11  
Old_val: 813-->Val: 823-->next_val_1: 824-->next_val_2: 11  
Old_val: 814-->Val: 824-->next_val_1: 825-->next_val_2: 11  
Old_val: 815-->Val: 825-->next_val_1: 826-->next_val_2: 11  
Old_val: 816-->Val: 826-->next_val_1: 827-->next_val_2: 11  
Old_val: 817-->Val: 827-->next_val_1: 828-->next_val_2: 11  
Old_val: 818-->Val: 828-->next_val_1: 829-->next_val_2: 11  
Old_val: 819-->Val: 829-->next_val_1: 830-->next_val_2: 11  
Old_val: 820-->Val: 830-->next_val_1: 831-->next_val_2: 850  
Old_val: 821-->Val: 831-->next_val_1: 832-->next_val_2: 11  
Old_val: 822-->Val: 832-->next_val_1: 833-->next_val_2: 11  
Old_val: 823-->Val: 833-->next_val_1: 834-->next_val_2: 11  
Old_val: 824-->Val: 834-->next_val_1: 835-->next_val_2: 11  
Old_val: 825-->Val: 835-->next_val_1: 836-->next_val_2: 11  
Old_val: 826-->Val: 836-->next_val_1: 837-->next_val_2: 11  
Old_val: 827-->Val: 837-->next_val_1: 838-->next_val_2: 11  
Old_val: 828-->Val: 838-->next_val_1: 839-->next_val_2: 11  
Old_val: 829-->Val: 839-->next_val_1: 840-->next_val_2: 11  
Old_val: 830-->Val: 840-->next_val_1: 841-->next_val_2: 11  
Old_val: 831-->Val: 841-->next_val_1: 842-->next_val_2: 11  
Old_val: 832-->Val: 842-->next_val_1: 843-->next_val_2: 11  
Old_val: 833-->Val: 843-->next_val_1: 844-->next_val_2: 11  
Old_val: 834-->Val: 844-->next_val_1: 845-->next_val_2: 11  
Old_val: 835-->Val: 845-->next_val_1: 846-->next_val_2: 11  
Old_val: 836-->Val: 846-->next_val_1: 847-->next_val_2: 11  
Old_val: 837-->Val: 847-->next_val_1: 848-->next_val_2: 11  
Old_val: 838-->Val: 848-->next_val_1: 849-->next_val_2: 11  
Old_val: 839-->Val: 849-->next_val_1: 850-->next_val_2: 11  
Old_val: 840-->Val: 850-->next_val_1: 851-->next_val_2: 870  
Old_val: 841-->Val: 851-->next_val_1: 852-->next_val_2: 11  
Old_val: 842-->Val: 852-->next_val_1: 853-->next_val_2: 11  
Old_val: 843-->Val: 853-->next_val_1: 854-->next_val_2: 11  
Old_val: 844-->Val: 854-->next_val_1: 855-->next_val_2: 11  
Old_val: 845-->Val: 855-->next_val_1: 856-->next_val_2: 11  
Old_val: 846-->Val: 856-->next_val_1: 857-->next_val_2: 11  
Old_val: 847-->Val: 857-->next_val_1: 858-->next_val_2: 11  
Old_val: 848-->Val: 858-->next_val_1: 859-->next_val_2: 11  
Old_val: 849-->Val: 859-->next_val_1: 860-->next_val_2: 11  
Old_val: 850-->Val: 860-->next_val_1: 861-->next_val_2: 11  
Old_val: 851-->Val: 861-->next_val_1: 862-->next_val_2: 11  
Old_val: 852-->Val: 862-->next_val_1: 863-->next_val_2: 11  
Old_val: 853-->Val: 863-->next_val_1: 864-->next_val_2: 11  
Old_val: 854-->Val: 864-->next_val_1: 865-->next_val_2: 11  
Old_val: 855-->Val: 865-->next_val_1: 866-->next_val_2: 11  
Old_val: 856-->Val: 866-->next_val_1: 867-->next_val_2: 11  
Old_val: 857-->Val: 867-->next_val_1: 868-->next_val_2: 11  
Old_val: 858-->Val: 868-->next_val_1: 869-->next_val_2: 11  
Old_val: 859-->Val: 869-->next_val_1: 870-->next_val_2: 11  
Old_val: 860-->Val: 870-->next_val_1: 871-->next_val_2: 890  
Old_val: 861-->Val: 871-->next_val_1: 872-->next_val_2: 11  
Old_val: 862-->Val: 872-->next_val_1: 873-->next_val_2: 11  
Old_val: 863-->Val: 873-->next_val_1: 874-->next_val_2: 11  
Old_val: 864-->Val: 874-->next_val_1: 875-->next_val_2: 11  
Old_val: 865-->Val: 875-->next_val_1: 876-->next_val_2: 11  
Old_val: 866-->Val: 876-->next_val_1: 877-->next_val_2: 11  
Old_val: 867-->Val: 877-->next_val_1: 878-->next_val_2: 11  
Old_val: 868-->Val: 878-->next_val_1: 879-->next_val_2: 11  
Old_val: 869-->Val: 879-->next_val_1: 880-->next_val_2: 11  
Old_val: 870-->Val: 880-->next_val_1: 881-->next_val_2: 11  
Old_val: 871-->Val: 881-->next_val_1: 882-->next_val_2: 11  
Old_val: 872-->Val: 882-->next_val_1: 883-->next_val_2: 11  
Old_val: 873-->Val: 883-->next_val_1: 884-->next_val_2: 11  
Old_val: 874-->Val: 884-->next_val_1: 885-->next_val_2: 11  
Old_val: 875-->Val: 885-->next_val_1: 886-->next_val_2: 11  
Old_val: 876-->Val: 886-->next_val_1: 887-->next_val_2: 11  
Old_val: 877-->Val: 887-->next_val_1: 888-->next_val_2: 11  
Old_val: 878-->Val: 888-->next_val_1: 889-->next_val_2: 11  
Old_val: 879-->Val: 889-->next_val_1: 890-->next_val_2: 11  
Old_val: 880-->Val: 890-->next_val_1: 891-->next_val_2: 910  
Old_val: 881-->Val: 891-->next_val_1: 892-->next_val_2: 11  
Old_val: 882-->Val: 892-->next_val_1: 893-->next_val_2: 11  
Old_val: 883-->Val: 893-->next_val_1: 894-->next_val_2: 11  
Old_val: 884-->Val: 894-->next_val_1: 895-->next_val_2: 11  
Old_val: 885-->Val: 895-->next_val_1: 896-->next_val_2: 11  
Old_val: 886-->Val: 896-->next_val_1: 897-->next_val_2: 11  
Old_val: 887-->Val: 897-->next_val_1: 898-->next_val_2: 11  
Old_val: 888-->Val: 898-->next_val_1: 899-->next_val_2: 11  
Old_val: 889-->Val: 899-->next_val_1: 900-->next_val_2: 11  
Old_val: 890-->Val: 900-->next_val_1: 901-->next_val_2: 11  
Old_val: 891-->Val: 901-->next_val_1: 902-->next_val_2: 11  
Old_val: 892-->Val: 902-->next_val_1: 903-->next_val_2: 11  
Old_val: 893-->Val: 903-->next_val_1: 904-->next_val_2: 11  
Old_val: 894-->Val: 904-->next_val_1: 905-->next_val_2: 11  
Old_val: 895-->Val: 905-->next_val_1: 906-->next_val_2: 11  
Old_val: 896-->Val: 906-->next_val_1: 907-->next_val_2: 11  
Old_val: 897-->Val: 907-->next_val_1: 908-->next_val_2: 11  
Old_val: 898-->Val: 908-->next_val_1: 909-->next_val_2: 11  
Old_val: 899-->Val: 909-->next_val_1: 910-->next_val_2: 11  
Old_val: 900-->Val: 910-->next_val_1: 911-->next_val_2: 930  
Old_val: 901-->Val: 911-->next_val_1: 912-->next_val_2: 11  
Old_val: 902-->Val: 912-->next_val_1: 913-->next_val_2: 11  
Old_val: 903-->Val: 913-->next_val_1: 914-->next_val_2: 11  
Old_val: 904-->Val: 914-->next_val_1: 915-->next_val_2: 11  
Old_val: 905-->Val: 915-->next_val_1: 916-->next_val_2: 11  
Old_val: 906-->Val: 916-->next_val_1: 917-->next_val_2: 11  
Old_val: 907-->Val: 917-->next_val_1: 918-->next_val_2: 11  
Old_val: 908-->Val: 918-->next_val_1: 919-->next_val_2: 11  
Old_val: 909-->Val: 919-->next_val_1: 920-->next_val_2: 11  
Old_val: 910-->Val: 920-->next_val_1: 921-->next_val_2: 11  
Old_val: 911-->Val: 921-->next_val_1: 922-->next_val_2: 11  
Old_val: 912-->Val: 922-->next_val_1: 923-->next_val_2: 11  
Old_val: 913-->Val: 923-->next_val_1: 924-->next_val_2: 11  
Old_val: 914-->Val: 924-->next_val_1: 925-->next_val_2: 11  
Old_val: 915-->Val: 925-->next_val_1: 926-->next_val_2: 11  
Old_val: 916-->Val: 926-->next_val_1: 927-->next_val_2: 11  
Old_val: 917-->Val: 927-->next_val_1: 928-->next_val_2: 11  
Old_val: 918-->Val: 928-->next_val_1: 929-->next_val_2: 11  
Old_val: 919-->Val: 929-->next_val_1: 930-->next_val_2: 11  
Old_val: 920-->Val: 930-->next_val_1: 931-->next_val_2: 950  
Old_val: 921-->Val: 931-->next_val_1: 932-->next_val_2: 11  
Old_val: 922-->Val: 932-->next_val_1: 933-->next_val_2: 11  
Old_val: 923-->Val: 933-->next_val_1: 934-->next_val_2: 11  
Old_val: 924-->Val: 934-->next_val_1: 935-->next_val_2: 11  
Old_val: 925-->Val: 935-->next_val_1: 936-->next_val_2: 11  
Old_val: 926-->Val: 936-->next_val_1: 937-->next_val_2: 11  
Old_val: 927-->Val: 937-->next_val_1: 938-->next_val_2: 11  
Old_val: 928-->Val: 938-->next_val_1: 939-->next_val_2: 11  
Old_val: 929-->Val: 939-->next_val_1: 940-->next_val_2: 11  
Old_val: 930-->Val: 940-->next_val_1: 941-->next_val_2: 11  
Old_val: 931-->Val: 941-->next_val_1: 942-->next_val_2: 11  
Old_val: 932-->Val: 942-->next_val_1: 943-->next_val_2: 11  
Old_val: 933-->Val: 943-->next_val_1: 944-->next_val_2: 11  
Old_val: 934-->Val: 944-->next_val_1: 945-->next_val_2: 11  
Old_val: 935-->Val: 945-->next_val_1: 946-->next_val_2: 11  
Old_val: 936-->Val: 946-->next_val_1: 947-->next_val_2: 11  
Old_val: 937-->Val: 947-->next_val_1: 948-->next_val_2: 11  
Old_val: 938-->Val: 948-->next_val_1: 949-->next_val_2: 11  
Old_val: 939-->Val: 949-->next_val_1: 950-->next_val_2: 11  
Old_val: 940-->Val: 950-->next_val_1: 951-->next_val_2: 970  
Old_val: 941-->Val: 951-->next_val_1: 952-->next_val_2: 11  
Old_val: 942-->Val: 952-->next_val_1: 953-->next_val_2: 11  
Old_val: 943-->Val: 953-->next_val_1: 954-->next_val_2: 11  
Old_val: 944-->Val: 954-->next_val_1: 955-->next_val_2: 11  
Old_val: 945-->Val: 955-->next_val_1: 956-->next_val_2: 11  
Old_val: 946-->Val: 956-->next_val_1: 957-->next_val_2: 11  
Old_val: 947-->Val: 957-->next_val_1: 958-->next_val_2: 11  
Old_val: 948-->Val: 958-->next_val_1: 959-->next_val_2: 11  
Old_val: 949-->Val: 959-->next_val_1: 960-->next_val_2: 11  
Old_val: 950-->Val: 960-->next_val_1: 961-->next_val_2: 11  
Old_val: 951-->Val: 961-->next_val_1: 962-->next_val_2: 11  
Old_val: 952-->Val: 962-->next_val_1: 963-->next_val_2: 11  
Old_val: 953-->Val: 963-->next_val_1: 964-->next_val_2: 11  
Old_val: 954-->Val: 964-->next_val_1: 965-->next_val_2: 11  
Old_val: 955-->Val: 965-->next_val_1: 966-->next_val_2: 11  
Old_val: 956-->Val: 966-->next_val_1: 967-->next_val_2: 11  
Old_val: 957-->Val: 967-->next_val_1: 968-->next_val_2: 11  
Old_val: 958-->Val: 968-->next_val_1: 969-->next_val_2: 11  
Old_val: 959-->Val: 969-->next_val_1: 970-->next_val_2: 11  
Old_val: 960-->Val: 970-->next_val_1: 971-->next_val_2: 990  
Old_val: 961-->Val: 971-->next_val_1: 972-->next_val_2: 11  
Old_val: 962-->Val: 972-->next_val_1: 973-->next_val_2: 11  
Old_val: 963-->Val: 973-->next_val_1: 974-->next_val_2: 11  
Old_val: 964-->Val: 974-->next_val_1: 975-->next_val_2: 11  
Old_val: 965-->Val: 975-->next_val_1: 976-->next_val_2: 11  
Old_val: 966-->Val: 976-->next_val_1: 977-->next_val_2: 11  
Old_val: 967-->Val: 977-->next_val_1: 978-->next_val_2: 11  
Old_val: 968-->Val: 978-->next_val_1: 979-->next_val_2: 11  
Old_val: 969-->Val: 979-->next_val_1: 980-->next_val_2: 11  
Old_val: 970-->Val: 980-->next_val_1: 981-->next_val_2: 11  
Old_val: 971-->Val: 981-->next_val_1: 982-->next_val_2: 11  
Old_val: 972-->Val: 982-->next_val_1: 983-->next_val_2: 11  
Old_val: 973-->Val: 983-->next_val_1: 984-->next_val_2: 11  
Old_val: 974-->Val: 984-->next_val_1: 985-->next_val_2: 11  
Old_val: 975-->Val: 985-->next_val_1: 986-->next_val_2: 11  
Old_val: 976-->Val: 986-->next_val_1: 987-->next_val_2: 11  
Old_val: 977-->Val: 987-->next_val_1: 988-->next_val_2: 11  
Old_val: 978-->Val: 988-->next_val_1: 989-->next_val_2: 11  
Old_val: 979-->Val: 989-->next_val_1: 990-->next_val_2: 11  
Old_val: 980-->Val: 990-->next_val_1: 991-->next_val_2: 1010  
Old_val: 981-->Val: 991-->next_val_1: 992-->next_val_2: 11  
Old_val: 982-->Val: 992-->next_val_1: 993-->next_val_2: 11  
Old_val: 983-->Val: 993-->next_val_1: 994-->next_val_2: 11  
Old_val: 984-->Val: 994-->next_val_1: 995-->next_val_2: 11  
Old_val: 985-->Val: 995-->next_val_1: 996-->next_val_2: 11  
Old_val: 986-->Val: 996-->next_val_1: 997-->next_val_2: 11  
Old_val: 987-->Val: 997-->next_val_1: 998-->next_val_2: 11  
Old_val: 988-->Val: 998-->next_val_1: 999-->next_val_2: 11  
Old_val: 989-->Val: 999-->next_val_1: 1000-->next_val_2: 11  
Old_val: 990-->Val: 1000-->next_val_1: 1001-->next_val_2: 11  
Old_val: 991-->Val: 1001-->next_val_1: 1002-->next_val_2: 11  
Old_val: 992-->Val: 1002-->next_val_1: 1003-->next_val_2: 11  
Old_val: 993-->Val: 1003-->next_val_1: 1004-->next_val_2: 11  
Old_val: 994-->Val: 1004-->next_val_1: 1005-->next_val_2: 11  
Old_val: 995-->Val: 1005-->next_val_1: 1006-->next_val_2: 11  
Old_val: 996-->Val: 1006-->next_val_1: 1007-->next_val_2: 11  
Old_val: 997-->Val: 1007-->next_val_1: 1008-->next_val_2: 11  
Old_val: 998-->Val: 1008-->next_val_1: 1009-->next_val_2: 11  
Old_val: 999-->Val: 1009-->next_val_1: 1010-->next_val_2: 11  
INFO: [SIM 1] CSim done with 0 errors.
INFO: [SIM 3] *************** CSIM finish ***************
