Unable to capture context for thread 6740 in process 8892, can not generate back trace
Unable to capture context for thread 13648 in process 8892, can not generate back trace
Unable to capture context for thread 10116 in process 8892, can not generate back trace
Exception at PC 0x00007FFC7E95A859
Unable to capture context for thread 6740 in process 8892, can not generate back trace
Unable to capture context for thread 13648 in process 8892, can not generate back trace
Unable to capture context for thread 10116 in process 8892, can not generate back trace
Exception at PC 0x00007FFBFD81BB93
Printing stacktrace...

Exception at PC 0x00007FFC7E95A859
Exception at PC 0x00007FFC7E95A859
Exception at PC 0x00007FFC7E95A859
Exception at PC 0x00007FFC7E95A859
Exception at PC 0x00007FFC7E95A859
Exception at PC 0x00007FFC7E95A859
Exception at PC 0x00007FFC7E95A859
Exception at PC 0x00007FFC7E95A859
Exception at PC 0x00007FFC7E95A859
Exception at PC 0x00007FFC7E95A859
Exception at PC 0x00007FFC7E95A859
Exception at PC 0x00007FFC7E95A859
[0]  [0x00007FFBFD81BB93]
[1]  [0x00007FFBFD81BB93]
[2]  [0x00007FFBFD81B4A1]
[3]  [0x00007FFBFD81B3EF]
[4]  [0x00007FFBFD8019FE]
[5]  [0x00007FFBFD800ED1]
[6]  [0x00007FFBFD800D76]
[7]  [0x00007FFBFD7A79F6]
[8]  [0x00007FFBFD797AFB]
[9]  [0x00007FFBFD8BE90A]
[10]  [0x00007FFBFD8D9F87]
[11]  [0x00007FFBFD8DA05F]
[12] (BaseThreadInitThunk+0x14) [0x00007FFC7FBB7BD4]
[13] (RtlUserThreadStart+0x21) [0x00007FFC80B8CED1]
Done
Exception at PC 0x00007FFC7E95A859
Exception at PC 0x00007FFC7E95A859
Exception at PC 0x00007FFC7E95A859
Exception at PC 0x00007FFC7E95A859
Exception at PC 0x00007FFC7E95A859
