15:45:32 INFO  : Registering command handlers for SDK TCF services
15:45:33 INFO  : Launching XSCT server: xsct.bat -interactive A:\COMP_ARCH\PYNQ_Projects\Vivado_prj\skipList_prefetch_N_elem\skipList_prefetch_N_elem.sdk\temp_xsdb_launch_script.tcl
15:45:36 INFO  : XSCT server has started successfully.
15:45:37 INFO  : Processing command line option -hwspec A:/COMP_ARCH/PYNQ_Projects/Vivado_prj/skipList_prefetch_N_elem/skipList_prefetch_N_elem.sdk/design_1_wrapper.hdf.
15:45:37 INFO  : Successfully done setting XSCT server connection channel  
15:45:37 INFO  : Successfully done setting SDK workspace  
15:57:47 INFO  : Inferring section assignments and sizes from elf file: A:\COMP_ARCH\PYNQ_Projects\Vivado_prj\skipList_prefetch_N_elem\skipList_prefetch_N_elem.sdk\skiplist_prefetch\Debug\skiplist_prefetch.elf
15:57:57 INFO  : Successfully generated A:\COMP_ARCH\PYNQ_Projects\Vivado_prj\skipList_prefetch_N_elem\skipList_prefetch_N_elem.sdk\skiplist_prefetch\src\lscript.ld.
15:57:57 INFO  : Applying linker script to all configurations of project skiplist_prefetch.
15:57:57 INFO  : Setting rebuild state to true for all configurations of project skiplist_prefetch.
15:58:47 INFO  : Connected to target on host '127.0.0.1' and port '3121'.
15:58:49 INFO  : 'targets -set -filter {jtag_cable_name =~ "Xilinx PYNQ-Z1 003017A6E019A" && level==0} -index 1' command is executed.
15:58:51 INFO  : FPGA configured successfully with bitstream "A:/COMP_ARCH/PYNQ_Projects/Vivado_prj/skipList_prefetch_N_elem/skipList_prefetch_N_elem.sdk/design_1_wrapper_hw_platform_0/design_1_wrapper.bit"
15:59:41 INFO  : ps7_init is completed.
15:59:42 INFO  : ps7_post_config is completed.
15:59:42 INFO  : Processor reset is completed for ps7_cortexa9_0
16:00:28 INFO  : Processor reset is completed for ps7_cortexa9_0
16:00:34 INFO  : Processor reset is completed for ps7_cortexa9_0
16:00:40 INFO  : Processor reset is completed for ps7_cortexa9_0
16:00:45 INFO  : Processor reset is completed for ps7_cortexa9_0
16:00:51 INFO  : Processor reset is completed for ps7_cortexa9_0
16:00:55 INFO  : Processor reset is completed for ps7_cortexa9_0
16:00:59 INFO  : Processor reset is completed for ps7_cortexa9_0
16:01:05 INFO  : Processor reset is completed for ps7_cortexa9_0
16:01:41 INFO  : Processor reset is completed for ps7_cortexa9_0
16:01:48 INFO  : Processor reset is completed for ps7_cortexa9_0
16:02:37 INFO  : Processor reset is completed for ps7_cortexa9_0
16:02:43 INFO  : Processor reset is completed for ps7_cortexa9_0
16:02:47 INFO  : Processor reset is completed for ps7_cortexa9_0
16:03:14 INFO  : Processor reset is completed for ps7_cortexa9_0
16:04:11 INFO  : Processor reset is completed for ps7_cortexa9_0
16:04:18 INFO  : Processor reset is completed for ps7_cortexa9_0
16:04:43 INFO  : Processor reset is completed for ps7_cortexa9_0
16:04:47 INFO  : Processor reset is completed for ps7_cortexa9_0
16:04:52 INFO  : Processor reset is completed for ps7_cortexa9_0
16:04:56 INFO  : Processor reset is completed for ps7_cortexa9_0
16:05:00 INFO  : Processor reset is completed for ps7_cortexa9_0
16:05:05 INFO  : Processor reset is completed for ps7_cortexa9_0
16:06:35 ERROR : Unexpected error while parsing XMD response ?: com.google.gson.JsonSyntaxException: com.google.gson.stream.MalformedJsonException: invalid number or unquoted string near 
17:38:20 INFO  : Registering command handlers for SDK TCF services
17:38:21 INFO  : Launching XSCT server: xsct.bat -interactive A:\COMP_ARCH\PYNQ_Projects\Vivado_prj\skipList_prefetch_N_elem\10_1k_skipList_prefetch_N_elem.sdk\temp_xsdb_launch_script.tcl
17:38:29 INFO  : XSCT server has started successfully.
17:38:33 INFO  : Successfully done setting XSCT server connection channel  
17:38:34 INFO  : Successfully done setting SDK workspace  
17:39:25 INFO  : Connected to target on host '127.0.0.1' and port '3121'.
17:39:27 INFO  : 'targets -set -filter {jtag_cable_name =~ "Xilinx PYNQ-Z1 003017A6E019A" && level==0} -index 1' command is executed.
17:39:29 INFO  : FPGA configured successfully with bitstream "A:/COMP_ARCH/PYNQ_Projects/Vivado_prj/skipList_prefetch_N_elem/10_1k_skipList_prefetch_N_elem.sdk/design_1_wrapper_hw_platform_0/design_1_wrapper.bit"
17:39:51 ERROR : Unexpected error while launching program.
java.lang.RuntimeException: Initialization file is not found. Can not run initialization.
	at com.xilinx.sdk.debug.core.XilinxAppLaunchConfigurationDelegate.runTargetSetup(XilinxAppLaunchConfigurationDelegate.java:499)
	at com.xilinx.sdk.debug.core.XilinxAppLaunchConfigurationDelegate.runApplication(XilinxAppLaunchConfigurationDelegate.java:616)
	at com.xilinx.sdk.debug.core.XilinxAppLaunchConfigurationDelegate.launch(XilinxAppLaunchConfigurationDelegate.java:309)
	at com.xilinx.sdk.debug.ui.XilinxAppLaunchDelegateWrapper.launch(XilinxAppLaunchDelegateWrapper.java:31)
	at org.eclipse.debug.internal.core.LaunchConfiguration.launch(LaunchConfiguration.java:885)
	at org.eclipse.debug.internal.core.LaunchConfiguration.launch(LaunchConfiguration.java:739)
	at org.eclipse.debug.internal.ui.DebugUIPlugin.buildAndLaunch(DebugUIPlugin.java:1039)
	at org.eclipse.debug.internal.ui.DebugUIPlugin$8.run(DebugUIPlugin.java:1256)
	at org.eclipse.core.internal.jobs.Worker.run(Worker.java:55)
17:40:45 INFO  : ps7_init is completed.
17:40:45 INFO  : ps7_post_config is completed.
17:40:45 INFO  : Processor reset is completed for ps7_cortexa9_0
17:40:59 INFO  : Processor reset is completed for ps7_cortexa9_0
17:41:29 INFO  : Processor reset is completed for ps7_cortexa9_0
17:41:46 INFO  : Processor reset is completed for ps7_cortexa9_0
17:41:57 INFO  : Processor reset is completed for ps7_cortexa9_0
17:42:21 INFO  : Processor reset is completed for ps7_cortexa9_0
17:42:58 INFO  : Processor reset is completed for ps7_cortexa9_0
17:43:14 ERROR : Unexpected error while parsing XMD response ?: com.google.gson.JsonSyntaxException: com.google.gson.stream.MalformedJsonException: invalid number or unquoted string near 
