12:02:06 INFO  : Registering command handlers for SDK TCF services
12:02:09 INFO  : Launching XSCT server: xsct.bat -interactive A:\PYNQ_Projects\start_proj\start_proj.sdk\temp_xsdb_launch_script.tcl
12:02:20 INFO  : XSCT server has started successfully.
12:02:39 INFO  : Processing command line option -hwspec A:/PYNQ_Projects/start_proj/start_proj.sdk/design_1_wrapper.hdf.
12:02:39 INFO  : Successfully done setting XSCT server connection channel  
12:02:39 INFO  : Successfully done setting SDK workspace  
12:08:43 INFO  : Connected to target on host '127.0.0.1' and port '3121'.
12:08:45 INFO  : 'targets -set -filter {jtag_cable_name =~ "Xilinx PYNQ-Z1 003017A6E014A" && level==0} -index 1' command is executed.
12:08:47 INFO  : FPGA configured successfully with bitstream "A:/PYNQ_Projects/start_proj/start_proj.sdk/design_1_wrapper_hw_platform_0/design_1_wrapper.bit"
12:09:18 INFO  : Connected to target on host '127.0.0.1' and port '3121'.
12:09:19 INFO  : Jtag cable 'Xilinx PYNQ-Z1 003017A6E014A' is selected.
12:09:19 INFO  : 'jtag frequency' command is executed.
12:09:19 INFO  : Sourcing of 'A:/PYNQ_Projects/start_proj/start_proj.sdk/ZC702_hw_platform/ps7_init.tcl' is done.
12:09:19 INFO  : Context for 'APU' is selected.
12:09:19 INFO  : Hardware design information is loaded from 'A:/PYNQ_Projects/start_proj/start_proj.sdk/ZC702_hw_platform/system.hdf'.
12:09:20 INFO  : Context for 'APU' is selected.
12:09:20 INFO  : 'stop' command is executed.
12:09:21 INFO  : 'ps7_init' command is executed.
12:09:21 INFO  : 'ps7_post_config' command is executed.
12:09:21 INFO  : Context for processor 'ps7_cortexa9_0' is selected.
12:09:21 INFO  : Processor reset is completed for 'ps7_cortexa9_0'.
12:09:21 INFO  : Context for processor 'ps7_cortexa9_0' is selected.
12:09:24 ERROR : Memory write error at 0x100000. APB AP transaction error, DAP status f0000021
12:09:24 INFO  : ----------------XSDB Script----------------
connect -url tcp:127.0.0.1:3121
source A:/PYNQ_Projects/start_proj/start_proj.sdk/ZC702_hw_platform/ps7_init.tcl
targets -set -nocase -filter {name =~"APU*" && jtag_cable_name =~ "Xilinx PYNQ-Z1 003017A6E014A"} -index 0
loadhw A:/PYNQ_Projects/start_proj/start_proj.sdk/ZC702_hw_platform/system.hdf
targets -set -nocase -filter {name =~"APU*" && jtag_cable_name =~ "Xilinx PYNQ-Z1 003017A6E014A"} -index 0
stop
ps7_init
ps7_post_config
targets -set -nocase -filter {name =~ "ARM*#0" && jtag_cable_name =~ "Xilinx PYNQ-Z1 003017A6E014A"} -index 0
rst -processor
targets -set -nocase -filter {name =~ "ARM*#0" && jtag_cable_name =~ "Xilinx PYNQ-Z1 003017A6E014A"} -index 0
dow A:/PYNQ_Projects/start_proj/start_proj.sdk/hellow_world/Debug/hellow_world.elf
----------------End of Script----------------

12:11:30 ERROR : Unexpected error while launching program.
java.lang.RuntimeException: Error while running ps7_init method.
Cannot write to target


    AP transaction error (DP CTRL_STAT=0xf0000021)
    Error Address = 0xf8000008


	at com.xilinx.sdk.targetmanager.internal.TM.run_ps7_init(TM.java:1089)
	at com.xilinx.sdk.debug.core.XilinxAppLaunchConfigurationDelegate.runTargetSetup(XilinxAppLaunchConfigurationDelegate.java:514)
	at com.xilinx.sdk.debug.core.XilinxAppLaunchConfigurationDelegate.debugApplication(XilinxAppLaunchConfigurationDelegate.java:701)
	at com.xilinx.sdk.debug.core.XilinxAppLaunchConfigurationDelegate.launch(XilinxAppLaunchConfigurationDelegate.java:311)
	at com.xilinx.sdk.debug.ui.XilinxAppLaunchDelegateWrapper.launch(XilinxAppLaunchDelegateWrapper.java:31)
	at org.eclipse.debug.internal.core.LaunchConfiguration.launch(LaunchConfiguration.java:885)
	at org.eclipse.debug.internal.core.LaunchConfiguration.launch(LaunchConfiguration.java:739)
	at org.eclipse.debug.internal.ui.DebugUIPlugin.buildAndLaunch(DebugUIPlugin.java:1039)
	at org.eclipse.debug.internal.ui.DebugUIPlugin$8.run(DebugUIPlugin.java:1256)
	at org.eclipse.core.internal.jobs.Worker.run(Worker.java:55)
12:11:59 ERROR : Unexpected error while launching program.
java.lang.RuntimeException: Error while running ps7_init method.
Cannot Read from target


    AP transaction error (DP CTRL_STAT=0xf0000021)
    Error Address = 0xf8007080, Size = 0x00000004


	at com.xilinx.sdk.targetmanager.internal.TM.run_ps7_init(TM.java:1089)
	at com.xilinx.sdk.debug.core.XilinxAppLaunchConfigurationDelegate.runTargetSetup(XilinxAppLaunchConfigurationDelegate.java:514)
	at com.xilinx.sdk.debug.core.XilinxAppLaunchConfigurationDelegate.debugApplication(XilinxAppLaunchConfigurationDelegate.java:701)
	at com.xilinx.sdk.debug.core.XilinxAppLaunchConfigurationDelegate.launch(XilinxAppLaunchConfigurationDelegate.java:311)
	at com.xilinx.sdk.debug.ui.XilinxAppLaunchDelegateWrapper.launch(XilinxAppLaunchDelegateWrapper.java:31)
	at org.eclipse.debug.internal.core.LaunchConfiguration.launch(LaunchConfiguration.java:885)
	at org.eclipse.debug.internal.core.LaunchConfiguration.launch(LaunchConfiguration.java:739)
	at org.eclipse.debug.internal.ui.DebugUIPlugin.buildAndLaunch(DebugUIPlugin.java:1039)
	at org.eclipse.debug.internal.ui.DebugUIPlugin$8.run(DebugUIPlugin.java:1256)
	at org.eclipse.core.internal.jobs.Worker.run(Worker.java:55)
12:13:11 ERROR : Unexpected error while launching program.
java.lang.RuntimeException: Error while running ps7_init method.
Cannot write to target


    AP transaction error (DP CTRL_STAT=0xf0000021)
    Error Address = 0xf8000008


	at com.xilinx.sdk.targetmanager.internal.TM.run_ps7_init(TM.java:1089)
	at com.xilinx.sdk.debug.core.XilinxAppLaunchConfigurationDelegate.runTargetSetup(XilinxAppLaunchConfigurationDelegate.java:514)
	at com.xilinx.sdk.debug.core.XilinxAppLaunchConfigurationDelegate.runApplication(XilinxAppLaunchConfigurationDelegate.java:616)
	at com.xilinx.sdk.debug.core.XilinxAppLaunchConfigurationDelegate.launch(XilinxAppLaunchConfigurationDelegate.java:309)
	at com.xilinx.sdk.debug.ui.XilinxAppLaunchDelegateWrapper.launch(XilinxAppLaunchDelegateWrapper.java:31)
	at org.eclipse.debug.internal.core.LaunchConfiguration.launch(LaunchConfiguration.java:885)
	at org.eclipse.debug.internal.core.LaunchConfiguration.launch(LaunchConfiguration.java:739)
	at org.eclipse.debug.internal.ui.DebugUIPlugin.buildAndLaunch(DebugUIPlugin.java:1039)
	at org.eclipse.debug.internal.ui.DebugUIPlugin$8.run(DebugUIPlugin.java:1256)
	at org.eclipse.core.internal.jobs.Worker.run(Worker.java:55)
12:17:48 ERROR : Unexpected error while launching program.
java.lang.RuntimeException: Error while running ps7_init method.
Cannot write to target


    AP transaction error (DP CTRL_STAT=0xf0000021)
    Error Address = 0xf8000008


	at com.xilinx.sdk.targetmanager.internal.TM.run_ps7_init(TM.java:1089)
	at com.xilinx.sdk.debug.core.XilinxAppLaunchConfigurationDelegate.runTargetSetup(XilinxAppLaunchConfigurationDelegate.java:514)
	at com.xilinx.sdk.debug.core.XilinxAppLaunchConfigurationDelegate.runApplication(XilinxAppLaunchConfigurationDelegate.java:616)
	at com.xilinx.sdk.debug.core.XilinxAppLaunchConfigurationDelegate.launch(XilinxAppLaunchConfigurationDelegate.java:309)
	at com.xilinx.sdk.debug.ui.XilinxAppLaunchDelegateWrapper.launch(XilinxAppLaunchDelegateWrapper.java:31)
	at org.eclipse.debug.internal.core.LaunchConfiguration.launch(LaunchConfiguration.java:885)
	at org.eclipse.debug.internal.core.LaunchConfiguration.launch(LaunchConfiguration.java:739)
	at org.eclipse.debug.internal.ui.DebugUIPlugin.buildAndLaunch(DebugUIPlugin.java:1039)
	at org.eclipse.debug.internal.ui.DebugUIPlugin$8.run(DebugUIPlugin.java:1256)
	at org.eclipse.core.internal.jobs.Worker.run(Worker.java:55)
12:18:24 ERROR : Unexpected error while launching program.
java.lang.RuntimeException: Error while running ps7_init method.
Cannot Read from target


    AP transaction error (DP CTRL_STAT=0xf0000021)
    Error Address = 0xf8007080, Size = 0x00000004


	at com.xilinx.sdk.targetmanager.internal.TM.run_ps7_init(TM.java:1089)
	at com.xilinx.sdk.debug.core.XilinxAppLaunchConfigurationDelegate.runTargetSetup(XilinxAppLaunchConfigurationDelegate.java:514)
	at com.xilinx.sdk.debug.core.XilinxAppLaunchConfigurationDelegate.runApplication(XilinxAppLaunchConfigurationDelegate.java:616)
	at com.xilinx.sdk.debug.core.XilinxAppLaunchConfigurationDelegate.launch(XilinxAppLaunchConfigurationDelegate.java:309)
	at com.xilinx.sdk.debug.ui.XilinxAppLaunchDelegateWrapper.launch(XilinxAppLaunchDelegateWrapper.java:31)
	at org.eclipse.debug.internal.core.LaunchConfiguration.launch(LaunchConfiguration.java:885)
	at org.eclipse.debug.internal.core.LaunchConfiguration.launch(LaunchConfiguration.java:739)
	at org.eclipse.debug.internal.ui.DebugUIPlugin.buildAndLaunch(DebugUIPlugin.java:1039)
	at org.eclipse.debug.internal.ui.DebugUIPlugin$8.run(DebugUIPlugin.java:1256)
	at org.eclipse.core.internal.jobs.Worker.run(Worker.java:55)
12:24:25 ERROR : Unexpected error while launching program.
java.lang.RuntimeException: Error while running ps7_init method.
Cannot write to target


    AP transaction error (DP CTRL_STAT=0xf0000021)
    Error Address = 0xf8000008


	at com.xilinx.sdk.targetmanager.internal.TM.run_ps7_init(TM.java:1089)
	at com.xilinx.sdk.debug.core.XilinxAppLaunchConfigurationDelegate.runTargetSetup(XilinxAppLaunchConfigurationDelegate.java:514)
	at com.xilinx.sdk.debug.core.XilinxAppLaunchConfigurationDelegate.runApplication(XilinxAppLaunchConfigurationDelegate.java:616)
	at com.xilinx.sdk.debug.core.XilinxAppLaunchConfigurationDelegate.launch(XilinxAppLaunchConfigurationDelegate.java:309)
	at com.xilinx.sdk.debug.ui.XilinxAppLaunchDelegateWrapper.launch(XilinxAppLaunchDelegateWrapper.java:31)
	at org.eclipse.debug.internal.core.LaunchConfiguration.launch(LaunchConfiguration.java:885)
	at org.eclipse.debug.internal.core.LaunchConfiguration.launch(LaunchConfiguration.java:739)
	at org.eclipse.debug.internal.ui.DebugUIPlugin.buildAndLaunch(DebugUIPlugin.java:1039)
	at org.eclipse.debug.internal.ui.DebugUIPlugin$8.run(DebugUIPlugin.java:1256)
	at org.eclipse.core.internal.jobs.Worker.run(Worker.java:55)
12:27:33 INFO  : Connected to target on host '127.0.0.1' and port '3121'.
12:27:33 INFO  : 'targets -set -filter {jtag_cable_name =~ "Xilinx PYNQ-Z1 003017A6E014A" && level==0} -index 1' command is executed.
12:27:36 INFO  : FPGA configured successfully with bitstream "A:/PYNQ_Projects/start_proj/start_proj.sdk/design_1_wrapper_hw_platform_0/design_1_wrapper.bit"
12:28:16 ERROR : Unexpected error while launching program.
java.lang.RuntimeException: Error while running ps7_init method.
Cannot write to target


    AP transaction error (DP CTRL_STAT=0xf0000021)
    Error Address = 0xf8000008


	at com.xilinx.sdk.targetmanager.internal.TM.run_ps7_init(TM.java:1089)
	at com.xilinx.sdk.debug.core.XilinxAppLaunchConfigurationDelegate.runTargetSetup(XilinxAppLaunchConfigurationDelegate.java:514)
	at com.xilinx.sdk.debug.core.XilinxAppLaunchConfigurationDelegate.runApplication(XilinxAppLaunchConfigurationDelegate.java:616)
	at com.xilinx.sdk.debug.core.XilinxAppLaunchConfigurationDelegate.launch(XilinxAppLaunchConfigurationDelegate.java:309)
	at com.xilinx.sdk.debug.ui.XilinxAppLaunchDelegateWrapper.launch(XilinxAppLaunchDelegateWrapper.java:31)
	at org.eclipse.debug.internal.core.LaunchConfiguration.launch(LaunchConfiguration.java:885)
	at org.eclipse.debug.internal.core.LaunchConfiguration.launch(LaunchConfiguration.java:739)
	at org.eclipse.debug.internal.ui.DebugUIPlugin.buildAndLaunch(DebugUIPlugin.java:1039)
	at org.eclipse.debug.internal.ui.DebugUIPlugin$8.run(DebugUIPlugin.java:1256)
	at org.eclipse.core.internal.jobs.Worker.run(Worker.java:55)
12:28:40 INFO  : Connected to target on host '127.0.0.1' and port '3121'.
12:28:40 INFO  : 'targets -set -filter {jtag_cable_name =~ "Xilinx PYNQ-Z1 003017A6E014A" && level==0} -index 1' command is executed.
12:28:42 INFO  : FPGA configured successfully with bitstream "A:/PYNQ_Projects/start_proj/start_proj.sdk/design_1_wrapper_hw_platform_0/design_1_wrapper.bit"
12:29:35 ERROR : Unexpected error while launching program.
java.lang.RuntimeException: Error while running ps7_init method.
Cannot write to target


    AP transaction error (DP CTRL_STAT=0xf0000021)
    Error Address = 0xf8000008


	at com.xilinx.sdk.targetmanager.internal.TM.run_ps7_init(TM.java:1089)
	at com.xilinx.sdk.debug.core.XilinxAppLaunchConfigurationDelegate.runTargetSetup(XilinxAppLaunchConfigurationDelegate.java:514)
	at com.xilinx.sdk.debug.core.XilinxAppLaunchConfigurationDelegate.runApplication(XilinxAppLaunchConfigurationDelegate.java:616)
	at com.xilinx.sdk.debug.core.XilinxAppLaunchConfigurationDelegate.launch(XilinxAppLaunchConfigurationDelegate.java:309)
	at com.xilinx.sdk.debug.ui.XilinxAppLaunchDelegateWrapper.launch(XilinxAppLaunchDelegateWrapper.java:31)
	at org.eclipse.debug.internal.core.LaunchConfiguration.launch(LaunchConfiguration.java:885)
	at org.eclipse.debug.internal.core.LaunchConfiguration.launch(LaunchConfiguration.java:739)
	at org.eclipse.debug.internal.ui.DebugUIPlugin.buildAndLaunch(DebugUIPlugin.java:1039)
	at org.eclipse.debug.internal.ui.DebugUIPlugin$8.run(DebugUIPlugin.java:1256)
	at org.eclipse.core.internal.jobs.Worker.run(Worker.java:55)
12:31:43 INFO  : Connected to target on host '127.0.0.1' and port '3121'.
12:31:43 INFO  : 'targets -set -filter {jtag_cable_name =~ "Xilinx PYNQ-Z1 003017A6E014A" && level==0} -index 1' command is executed.
12:31:46 INFO  : FPGA configured successfully with bitstream "A:/PYNQ_Projects/start_proj/start_proj.sdk/design_1_wrapper_hw_platform_0/design_1_wrapper.bit"
12:33:12 ERROR : Unexpected error while launching program.
java.lang.RuntimeException: Error while running ps7_init method.
Cannot write to target


    AP transaction error (DP CTRL_STAT=0xf0000021)
    Error Address = 0xf8000008


	at com.xilinx.sdk.targetmanager.internal.TM.run_ps7_init(TM.java:1089)
	at com.xilinx.sdk.debug.core.XilinxAppLaunchConfigurationDelegate.runTargetSetup(XilinxAppLaunchConfigurationDelegate.java:514)
	at com.xilinx.sdk.debug.core.XilinxAppLaunchConfigurationDelegate.runApplication(XilinxAppLaunchConfigurationDelegate.java:616)
	at com.xilinx.sdk.debug.core.XilinxAppLaunchConfigurationDelegate.launch(XilinxAppLaunchConfigurationDelegate.java:309)
	at com.xilinx.sdk.debug.ui.XilinxAppLaunchDelegateWrapper.launch(XilinxAppLaunchDelegateWrapper.java:31)
	at org.eclipse.debug.internal.core.LaunchConfiguration.launch(LaunchConfiguration.java:885)
	at org.eclipse.debug.internal.core.LaunchConfiguration.launch(LaunchConfiguration.java:739)
	at org.eclipse.debug.internal.ui.DebugUIPlugin.buildAndLaunch(DebugUIPlugin.java:1039)
	at org.eclipse.debug.internal.ui.DebugUIPlugin$8.run(DebugUIPlugin.java:1256)
	at org.eclipse.core.internal.jobs.Worker.run(Worker.java:55)
12:37:07 ERROR : Unexpected error while launching program.
java.lang.RuntimeException: Error while running ps7_init method.
Cannot Read from target


    AP transaction error (DP CTRL_STAT=0xf0000021)
    Error Address = 0xf8007080, Size = 0x00000004


	at com.xilinx.sdk.targetmanager.internal.TM.run_ps7_init(TM.java:1089)
	at com.xilinx.sdk.debug.core.XilinxAppLaunchConfigurationDelegate.runTargetSetup(XilinxAppLaunchConfigurationDelegate.java:514)
	at com.xilinx.sdk.debug.core.XilinxAppLaunchConfigurationDelegate.runApplication(XilinxAppLaunchConfigurationDelegate.java:616)
	at com.xilinx.sdk.debug.core.XilinxAppLaunchConfigurationDelegate.launch(XilinxAppLaunchConfigurationDelegate.java:309)
	at com.xilinx.sdk.debug.ui.XilinxAppLaunchDelegateWrapper.launch(XilinxAppLaunchDelegateWrapper.java:31)
	at org.eclipse.debug.internal.core.LaunchConfiguration.launch(LaunchConfiguration.java:885)
	at org.eclipse.debug.internal.core.LaunchConfiguration.launch(LaunchConfiguration.java:739)
	at org.eclipse.debug.internal.ui.DebugUIPlugin.buildAndLaunch(DebugUIPlugin.java:1039)
	at org.eclipse.debug.internal.ui.DebugUIPlugin$8.run(DebugUIPlugin.java:1256)
	at org.eclipse.core.internal.jobs.Worker.run(Worker.java:55)
12:37:35 INFO  : Connected to target on host '127.0.0.1' and port '3121'.
12:37:35 INFO  : 'targets -set -filter {jtag_cable_name =~ "Xilinx PYNQ-Z1 003017A6E014A" && level==0} -index 1' command is executed.
12:37:38 INFO  : FPGA configured successfully with bitstream "A:/PYNQ_Projects/start_proj/start_proj.sdk/design_1_wrapper_hw_platform_0/design_1_wrapper.bit"
12:38:56 INFO  : ps7_init is completed.
12:38:56 INFO  : ps7_post_config is completed.
12:38:56 INFO  : Processor reset is completed for ps7_cortexa9_0
12:38:56 ERROR : Port COM8 is already in use.
12:39:23 INFO  : Processor reset is completed for ps7_cortexa9_0
12:39:23 ERROR : Port COM7 is already in use.
12:40:06 INFO  : Processor reset is completed for ps7_cortexa9_0
12:40:06 ERROR : Port COM7 is already in use.
12:40:24 INFO  : Processor reset is completed for ps7_cortexa9_0
12:40:24 ERROR : Port COM8 is already in use.
12:40:51 INFO  : Processor reset is completed for ps7_cortexa9_0
12:41:21 INFO  : Processor reset is completed for ps7_cortexa9_0
12:42:01 INFO  : Connected to target on host '127.0.0.1' and port '3121'.
12:42:01 INFO  : 'targets -set -filter {jtag_cable_name =~ "Xilinx PYNQ-Z1 003017A6E014A" && level==0} -index 1' command is executed.
12:42:03 INFO  : FPGA configured successfully with bitstream "A:/PYNQ_Projects/start_proj/start_proj.sdk/design_1_wrapper_hw_platform_0/design_1_wrapper.bit"
12:42:50 INFO  : Processor reset is completed for ps7_cortexa9_0
12:43:49 INFO  : Processor reset is completed for ps7_cortexa9_0
12:44:45 INFO  : Processor reset is completed for ps7_cortexa9_0
12:44:45 ERROR : Port COM8 is already in use.
12:45:15 INFO  : Processor reset is completed for ps7_cortexa9_0
12:45:15 ERROR : Port COM8 is already in use.
12:45:43 INFO  : Connected to target on host '127.0.0.1' and port '3121'.
12:45:43 INFO  : 'targets -set -filter {jtag_cable_name =~ "Xilinx PYNQ-Z1 003017A6E014A" && level==0} -index 1' command is executed.
12:45:45 INFO  : FPGA configured successfully with bitstream "A:/PYNQ_Projects/start_proj/start_proj.sdk/design_1_wrapper_hw_platform_0/design_1_wrapper.bit"
12:46:30 INFO  : Processor reset is completed for ps7_cortexa9_0
12:47:05 INFO  : Processor reset is completed for ps7_cortexa9_0
12:48:45 INFO  : Processor reset is completed for ps7_cortexa9_0
12:49:17 INFO  : Connected to target on host '127.0.0.1' and port '3121'.
12:49:17 INFO  : 'targets -set -filter {jtag_cable_name =~ "Xilinx PYNQ-Z1 003017A6E014A" && level==0} -index 1' command is executed.
12:49:20 INFO  : FPGA configured successfully with bitstream "A:/PYNQ_Projects/start_proj/start_proj.sdk/design_1_wrapper_hw_platform_0/design_1_wrapper.bit"
12:50:29 INFO  : ps7_init is completed.
12:50:29 INFO  : ps7_post_config is completed.
12:50:30 INFO  : Processor reset is completed for ps7_cortexa9_0
12:53:28 INFO  : Processor reset is completed for ps7_cortexa9_0
12:54:12 INFO  : Processor reset is completed for ps7_cortexa9_0
12:55:38 INFO  : Processor reset is completed for ps7_cortexa9_0
12:56:01 INFO  : Processor reset is completed for ps7_cortexa9_0
12:56:33 ERROR : Unexpected error while parsing XMD response ?: com.google.gson.JsonSyntaxException: com.google.gson.stream.MalformedJsonException: invalid number or unquoted string near 
12:56:52 INFO  : Registering command handlers for SDK TCF services
12:56:53 INFO  : Launching XSCT server: xsct.bat -interactive A:\PYNQ_Projects\start_proj\start_proj.sdk\temp_xsdb_launch_script.tcl
12:56:56 INFO  : XSCT server has started successfully.
12:56:57 INFO  : Processing command line option -hwspec A:/PYNQ_Projects/start_proj/start_proj.sdk/design_1_wrapper.hdf.
12:56:57 INFO  : Checking for hwspec changes in the project design_1_wrapper_hw_platform_0.
12:56:57 INFO  : Successfully done setting XSCT server connection channel  
12:57:00 INFO  : Successfully done setting SDK workspace  
12:59:45 INFO  : Connected to target on host '127.0.0.1' and port '3121'.
12:59:47 INFO  : 'targets -set -filter {jtag_cable_name =~ "Xilinx PYNQ-Z1 003017A6E014A" && level==0} -index 1' command is executed.
12:59:49 INFO  : FPGA configured successfully with bitstream "A:/PYNQ_Projects/start_proj/start_proj.sdk/design_1_wrapper_hw_platform_0/design_1_wrapper.bit"
13:01:28 INFO  : ps7_init is completed.
13:01:28 INFO  : ps7_post_config is completed.
13:01:29 INFO  : Processor reset is completed for ps7_cortexa9_0
13:02:09 INFO  : Processor reset is completed for ps7_cortexa9_0
12:29:46 ERROR : Unexpected error while parsing XMD response ?: com.google.gson.JsonSyntaxException: com.google.gson.stream.MalformedJsonException: invalid number or unquoted string near 
12:32:47 INFO  : Registering command handlers for SDK TCF services
12:32:48 INFO  : Launching XSCT server: xsct.bat -interactive A:\COMP_ARCH\PYNQ_Projects\Vivado_prj\start_proj\start_proj.sdk\temp_xsdb_launch_script.tcl
12:33:01 INFO  : XSCT server has started successfully.
12:33:01 INFO  : Successfully done setting XSCT server connection channel  
12:33:08 INFO  : Successfully done setting SDK workspace  
12:33:08 INFO  : Processing command line option -hwspec A:/COMP_ARCH/PYNQ_Projects/Vivado_prj/start_proj/start_proj.sdk/design_1_wrapper.hdf.
12:39:48 INFO  : Connected to target on host '127.0.0.1' and port '3121'.
12:39:50 INFO  : 'targets -set -filter {jtag_cable_name =~ "Xilinx PYNQ-Z1 003017A6E014A" && level==0} -index 1' command is executed.
12:39:53 INFO  : FPGA configured successfully with bitstream "A:/COMP_ARCH/PYNQ_Projects/Vivado_prj/start_proj/start_proj.sdk/design_1_wrapper_hw_platform_1/design_1_wrapper.bit"
12:41:28 INFO  : ps7_init is completed.
12:41:28 INFO  : ps7_post_config is completed.
12:41:28 INFO  : Processor reset is completed for ps7_cortexa9_0
12:42:00 INFO  : Processor reset is completed for ps7_cortexa9_0
12:47:12 INFO  : Processor reset is completed for ps7_cortexa9_0
12:48:48 INFO  : Processor reset is completed for ps7_cortexa9_0
12:50:38 INFO  : Processor reset is completed for ps7_cortexa9_0
12:54:08 INFO  : Processor reset is completed for ps7_cortexa9_0
12:54:35 INFO  : Processor reset is completed for ps7_cortexa9_0
12:54:59 INFO  : Unable to read in MSS file A:\COMP_ARCH\PYNQ_Projects\Vivado_prj\start_proj\start_proj.sdk\helo_world2_bsp\system.mss : null
12:54:59 ERROR : Failed to closesw "A:/COMP_ARCH/PYNQ_Projects/Vivado_prj/start_proj/start_proj.sdk/helo_world2_bsp/system.mss"
Reason: Cannot close sw design 'A:/COMP_ARCH/PYNQ_Projects/Vivado_prj/start_proj/start_proj.sdk/helo_world2_bsp/system.mss'.
Design is not opened in the current session.


12:55:51 ERROR : Unexpected error while fetching XMD's response: 
java.net.SocketException: Connection reset
	at java.net.SocketInputStream.read(SocketInputStream.java:209)
	at java.net.SocketInputStream.read(SocketInputStream.java:141)
	at sun.nio.cs.StreamDecoder.readBytes(StreamDecoder.java:284)
	at sun.nio.cs.StreamDecoder.implRead(StreamDecoder.java:326)
	at sun.nio.cs.StreamDecoder.read(StreamDecoder.java:178)
	at java.io.InputStreamReader.read(InputStreamReader.java:184)
	at java.io.BufferedReader.fill(BufferedReader.java:161)
	at java.io.BufferedReader.read(BufferedReader.java:182)
	at com.xilinx.sdk.targetmanager.internal.json.XMDJSONProcess$CommandResultsReader.run(XMDJSONProcess.java:332)
	at java.lang.Thread.run(Thread.java:745)
12:55:51 ERROR : Zero sized response read from XMD. This indicates a communication error or a programming error.
12:56:27 INFO  : Connected to target on host '127.0.0.1' and port '3121'.
12:56:27 INFO  : 'targets -set -filter {jtag_cable_name =~ "Xilinx PYNQ-Z1 003017A6E014A" && level==0} -index 1' command is executed.
12:56:29 INFO  : FPGA configured successfully with bitstream "A:/COMP_ARCH/PYNQ_Projects/Vivado_prj/start_proj/start_proj.sdk/design_1_wrapper_hw_platform_1/design_1_wrapper.bit"
12:56:44 INFO  : Time out for XMD transaction is 60000
If you want to increase the timeout value, goto Windows-> Preferences -> Xilinx SDK -> XMD Startup
12:56:44 ERROR : Timeout occured while waiting to get reply for command "xload hw A:/COMP_ARCH/PYNQ_Projects/Vivado_prj/start_proj/start_proj.sdk/design_1_wrapper_hw_platform_0/system.hdf"
12:57:03 INFO  : Connected to target on host '127.0.0.1' and port '3121'.
12:57:04 INFO  : 'targets -set -filter {jtag_cable_name =~ "Xilinx PYNQ-Z1 003017A6E014A" && level==0} -index 1' command is executed.
12:57:06 INFO  : FPGA configured successfully with bitstream "A:/COMP_ARCH/PYNQ_Projects/Vivado_prj/start_proj/start_proj.sdk/design_1_wrapper_hw_platform_1/design_1_wrapper.bit"
12:57:09 INFO  : Unable to read in MSS file A:\COMP_ARCH\PYNQ_Projects\Vivado_prj\start_proj\start_proj.sdk\helo_world2_bsp\system.mss : null
12:57:09 ERROR : Failed to closesw "A:/COMP_ARCH/PYNQ_Projects/Vivado_prj/start_proj/start_proj.sdk/helo_world2_bsp/system.mss"
Reason: Cannot close sw design 'A:/COMP_ARCH/PYNQ_Projects/Vivado_prj/start_proj/start_proj.sdk/helo_world2_bsp/system.mss'.
Design is not opened in the current session.


12:57:53 ERROR : Unexpected error while issuing command {"command": "xfpga_isconfigured -cable type xilinx_tcf url TCP:127.0.0.1:3121 "} to XMD: java.net.SocketException: Connection reset by peer: socket write error
12:57:53 ERROR : Checking FPGA configuration failed..
12:57:53 ERROR : Unexpected error while launching program.
com.xilinx.sdk.targetmanager.TMException: 
	at com.xilinx.sdk.targetmanager.internal.TM.isFPGAConfigured(TM.java:374)
	at com.xilinx.sdk.debug.core.XilinxAppLaunchConfigurationDelegate.isFpgaConfigured(XilinxAppLaunchConfigurationDelegate.java:409)
	at com.xilinx.sdk.debug.core.XilinxAppLaunchConfigurationDelegate.launch(XilinxAppLaunchConfigurationDelegate.java:303)
	at com.xilinx.sdk.debug.ui.XilinxAppLaunchDelegateWrapper.launch(XilinxAppLaunchDelegateWrapper.java:31)
	at org.eclipse.debug.internal.core.LaunchConfiguration.launch(LaunchConfiguration.java:885)
	at org.eclipse.debug.internal.core.LaunchConfiguration.launch(LaunchConfiguration.java:739)
	at org.eclipse.debug.internal.ui.DebugUIPlugin.buildAndLaunch(DebugUIPlugin.java:1039)
	at org.eclipse.debug.internal.ui.DebugUIPlugin$8.run(DebugUIPlugin.java:1256)
	at org.eclipse.core.internal.jobs.Worker.run(Worker.java:55)
12:59:17 ERROR : Unexpected error while issuing command {"command": "xfpga_isconfigured -cable type xilinx_tcf url TCP:127.0.0.1:3121 "} to XMD: java.net.SocketException: Connection reset by peer: socket write error
12:59:17 ERROR : Checking FPGA configuration failed..
12:59:17 ERROR : Unexpected error while launching program.
com.xilinx.sdk.targetmanager.TMException: 
	at com.xilinx.sdk.targetmanager.internal.TM.isFPGAConfigured(TM.java:374)
	at com.xilinx.sdk.debug.core.XilinxAppLaunchConfigurationDelegate.isFpgaConfigured(XilinxAppLaunchConfigurationDelegate.java:409)
	at com.xilinx.sdk.debug.core.XilinxAppLaunchConfigurationDelegate.launch(XilinxAppLaunchConfigurationDelegate.java:303)
	at com.xilinx.sdk.debug.ui.XilinxAppLaunchDelegateWrapper.launch(XilinxAppLaunchDelegateWrapper.java:31)
	at org.eclipse.debug.internal.core.LaunchConfiguration.launch(LaunchConfiguration.java:885)
	at org.eclipse.debug.internal.core.LaunchConfiguration.launch(LaunchConfiguration.java:739)
	at org.eclipse.debug.internal.ui.DebugUIPlugin.buildAndLaunch(DebugUIPlugin.java:1039)
	at org.eclipse.debug.internal.ui.DebugUIPlugin$8.run(DebugUIPlugin.java:1256)
	at org.eclipse.core.internal.jobs.Worker.run(Worker.java:55)
13:02:42 INFO  : Connected to target on host '127.0.0.1' and port '3121'.
13:02:42 INFO  : 'targets -set -filter {jtag_cable_name =~ "Xilinx PYNQ-Z1 003017A6E014A" && level==0} -index 1' command is executed.
13:02:44 INFO  : FPGA configured successfully with bitstream "A:/COMP_ARCH/PYNQ_Projects/Vivado_prj/start_proj/start_proj.sdk/design_1_wrapper_hw_platform_1/design_1_wrapper.bit"
13:02:51 INFO  : Unable to read in MSS file A:\COMP_ARCH\PYNQ_Projects\Vivado_prj\start_proj\start_proj.sdk\helo_world2_bsp\system.mss : null
13:02:51 ERROR : Failed to closesw "A:/COMP_ARCH/PYNQ_Projects/Vivado_prj/start_proj/start_proj.sdk/helo_world2_bsp/system.mss"
Reason: Cannot close sw design 'A:/COMP_ARCH/PYNQ_Projects/Vivado_prj/start_proj/start_proj.sdk/helo_world2_bsp/system.mss'.
Design is not opened in the current session.


13:04:21 ERROR : Unexpected error while issuing command {"command": "xfpga_isconfigured -cable type xilinx_tcf url TCP:127.0.0.1:3121 "} to XMD: java.net.SocketException: Connection reset by peer: socket write error
13:04:21 ERROR : Checking FPGA configuration failed..
13:04:21 ERROR : Unexpected error while launching program.
com.xilinx.sdk.targetmanager.TMException: 
	at com.xilinx.sdk.targetmanager.internal.TM.isFPGAConfigured(TM.java:374)
	at com.xilinx.sdk.debug.core.XilinxAppLaunchConfigurationDelegate.isFpgaConfigured(XilinxAppLaunchConfigurationDelegate.java:409)
	at com.xilinx.sdk.debug.core.XilinxAppLaunchConfigurationDelegate.launch(XilinxAppLaunchConfigurationDelegate.java:303)
	at com.xilinx.sdk.debug.ui.XilinxAppLaunchDelegateWrapper.launch(XilinxAppLaunchDelegateWrapper.java:31)
	at org.eclipse.debug.internal.core.LaunchConfiguration.launch(LaunchConfiguration.java:885)
	at org.eclipse.debug.internal.core.LaunchConfiguration.launch(LaunchConfiguration.java:739)
	at org.eclipse.debug.internal.ui.DebugUIPlugin.buildAndLaunch(DebugUIPlugin.java:1039)
	at org.eclipse.debug.internal.ui.DebugUIPlugin$8.run(DebugUIPlugin.java:1256)
	at org.eclipse.core.internal.jobs.Worker.run(Worker.java:55)
13:05:30 INFO  : Registering command handlers for SDK TCF services
13:05:30 INFO  : Launching XSCT server: xsct.bat -interactive A:\COMP_ARCH\PYNQ_Projects\Vivado_prj\start_proj\start_proj.sdk\temp_xsdb_launch_script.tcl
13:05:34 INFO  : XSCT server has started successfully.
13:05:35 INFO  : Successfully done setting XSCT server connection channel  
13:05:35 INFO  : Processing command line option -hwspec A:/COMP_ARCH/PYNQ_Projects/Vivado_prj/start_proj/start_proj.sdk/design_1_wrapper.hdf.
13:05:35 INFO  : Checking for hwspec changes in the project design_1_wrapper_hw_platform_1.
13:05:35 INFO  : Successfully done setting SDK workspace  
13:05:35 ERROR : Failed to openhw "A:/COMP_ARCH/PYNQ_Projects/Vivado_prj/start_proj/start_proj.sdk/design_1_wrapper_hw_platform_0/system.hdf"
Reason: unable to find hardware specification file/project A:/COMP_ARCH/PYNQ_Projects/Vivado_prj/start_proj/start_proj.sdk/design_1_wrapper_hw_platform_0/system.hdf
13:05:38 ERROR : Failed to openhw "A:/COMP_ARCH/PYNQ_Projects/Vivado_prj/start_proj/start_proj.sdk/design_1_wrapper_hw_platform_0/system.hdf"
Reason: unable to find hardware specification file/project A:/COMP_ARCH/PYNQ_Projects/Vivado_prj/start_proj/start_proj.sdk/design_1_wrapper_hw_platform_0/system.hdf
13:07:05 INFO  : Registering command handlers for SDK TCF services
13:07:06 INFO  : Launching XSCT server: xsct.bat -interactive A:\COMP_ARCH\PYNQ_Projects\Vivado_prj\start_proj\start_proj.sdk\temp_xsdb_launch_script.tcl
13:07:09 INFO  : XSCT server has started successfully.
13:07:09 INFO  : Processing command line option -hwspec A:/COMP_ARCH/PYNQ_Projects/Vivado_prj/start_proj/start_proj.sdk/design_1_wrapper.hdf.
13:07:09 INFO  : Successfully done setting XSCT server connection channel  
13:07:09 INFO  : Checking for hwspec changes in the project design_1_wrapper_hw_platform_1.
13:07:12 INFO  : Successfully done setting SDK workspace  
13:07:35 INFO  : Connected to target on host '127.0.0.1' and port '3121'.
13:07:37 INFO  : 'targets -set -filter {jtag_cable_name =~ "Xilinx PYNQ-Z1 003017A6E014A" && level==0} -index 1' command is executed.
13:07:39 INFO  : FPGA configured successfully with bitstream "A:/COMP_ARCH/PYNQ_Projects/Vivado_prj/start_proj/start_proj.sdk/design_1_wrapper_hw_platform_1/design_1_wrapper.bit"
13:09:24 INFO  : ps7_init is completed.
13:09:24 INFO  : ps7_post_config is completed.
13:09:24 INFO  : Processor reset is completed for ps7_cortexa9_0
13:09:52 INFO  : Processor reset is completed for ps7_cortexa9_0
13:10:13 INFO  : Processor reset is completed for ps7_cortexa9_0
13:15:13 INFO  : Processor reset is completed for ps7_cortexa9_0
13:15:36 INFO  : Processor reset is completed for ps7_cortexa9_0
13:16:24 INFO  : Processor reset is completed for ps7_cortexa9_0
20:48:32 ERROR : Unexpected error while parsing XMD response ?: com.google.gson.JsonSyntaxException: com.google.gson.stream.MalformedJsonException: invalid number or unquoted string near 
15:43:41 INFO  : Registering command handlers for SDK TCF services
15:43:41 INFO  : Launching XSCT server: xsct.bat -interactive A:\COMP_ARCH\PYNQ_Projects\Vivado_prj\start_proj\start_proj.sdk\temp_xsdb_launch_script.tcl
15:43:44 INFO  : XSCT server has started successfully.
15:43:45 INFO  : Processing command line option -hwspec A:/COMP_ARCH/PYNQ_Projects/Vivado_prj/start_proj/start_proj.sdk/design_1_wrapper.hdf.
15:43:45 INFO  : Successfully done setting XSCT server connection channel  
15:43:45 INFO  : Checking for hwspec changes in the project design_1_wrapper_hw_platform_1.
15:43:45 INFO  : Successfully done setting SDK workspace  
15:44:58 INFO  : Connected to target on host '127.0.0.1' and port '3121'.
15:45:00 INFO  : 'targets -set -filter {jtag_cable_name =~ "Xilinx PYNQ-Z1 003017A6E019A" && level==0} -index 1' command is executed.
15:45:02 INFO  : FPGA configured successfully with bitstream "A:/COMP_ARCH/PYNQ_Projects/Vivado_prj/start_proj/start_proj.sdk/design_1_wrapper_hw_platform_1/design_1_wrapper.bit"
15:45:45 INFO  : ps7_init is completed.
15:45:45 INFO  : ps7_post_config is completed.
15:45:46 INFO  : Processor reset is completed for ps7_cortexa9_0
15:47:07 INFO  : Processor reset is completed for ps7_cortexa9_0
15:47:28 INFO  : Processor reset is completed for ps7_cortexa9_0
15:47:46 INFO  : Processor reset is completed for ps7_cortexa9_0
15:48:05 INFO  : Processor reset is completed for ps7_cortexa9_0
15:48:26 INFO  : Processor reset is completed for ps7_cortexa9_0
15:48:55 INFO  : Processor reset is completed for ps7_cortexa9_0
15:50:04 INFO  : Processor reset is completed for ps7_cortexa9_0
15:50:26 INFO  : Connected to target on host '127.0.0.1' and port '3121'.
15:50:30 INFO  : 'targets -set -filter {jtag_cable_name =~ "Xilinx PYNQ-Z1 003017A6E019A" && level==0} -index 1' command is executed.
15:50:33 INFO  : FPGA configured successfully with bitstream "A:/COMP_ARCH/PYNQ_Projects/Vivado_prj/start_proj/start_proj.sdk/design_1_wrapper_hw_platform_1/design_1_wrapper.bit"
15:50:39 INFO  : ps7_init is completed.
15:50:39 INFO  : ps7_post_config is completed.
15:50:39 INFO  : Processor reset is completed for ps7_cortexa9_0
15:50:55 INFO  : Processor reset is completed for ps7_cortexa9_0
15:51:04 INFO  : Processor reset is completed for ps7_cortexa9_0
15:51:14 INFO  : Processor reset is completed for ps7_cortexa9_0
15:51:48 INFO  : Processor reset is completed for ps7_cortexa9_0
15:52:46 INFO  : Processor reset is completed for ps7_cortexa9_0
15:53:07 INFO  : Processor reset is completed for ps7_cortexa9_0
15:53:20 INFO  : Processor reset is completed for ps7_cortexa9_0
15:53:41 INFO  : Processor reset is completed for ps7_cortexa9_0
15:53:52 INFO  : Inferring section assignments and sizes from elf file: A:\COMP_ARCH\PYNQ_Projects\Vivado_prj\start_proj\start_proj.sdk\helo_world2\Debug\helo_world2.elf
15:54:15 INFO  : Successfully generated A:\COMP_ARCH\PYNQ_Projects\Vivado_prj\start_proj\start_proj.sdk\helo_world2\src\lscript.ld.
15:54:15 INFO  : Applying linker script to all configurations of project helo_world2.
15:54:15 INFO  : Setting rebuild state to true for all configurations of project helo_world2.
15:54:26 INFO  : Processor reset is completed for ps7_cortexa9_0
15:54:34 INFO  : Inferring section assignments and sizes from elf file: A:\COMP_ARCH\PYNQ_Projects\Vivado_prj\start_proj\start_proj.sdk\helo_world2\Debug\helo_world2.elf
15:54:47 INFO  : Connected to target on host '127.0.0.1' and port '3121'.
15:54:50 INFO  : 'targets -set -filter {jtag_cable_name =~ "Xilinx PYNQ-Z1 003017A6E019A" && level==0} -index 1' command is executed.
15:54:53 INFO  : FPGA configured successfully with bitstream "A:/COMP_ARCH/PYNQ_Projects/Vivado_prj/start_proj/start_proj.sdk/design_1_wrapper_hw_platform_1/design_1_wrapper.bit"
15:55:28 INFO  : ps7_init is completed.
15:55:28 INFO  : ps7_post_config is completed.
15:55:28 INFO  : Processor reset is completed for ps7_cortexa9_0
15:56:00 INFO  : Inferring section assignments and sizes from elf file: A:\COMP_ARCH\PYNQ_Projects\Vivado_prj\start_proj\start_proj.sdk\helo_world2\Debug\helo_world2.elf
15:56:13 INFO  : Successfully generated A:\COMP_ARCH\PYNQ_Projects\Vivado_prj\start_proj\start_proj.sdk\helo_world2\src\lscript.ld.
15:56:13 INFO  : Applying linker script to all configurations of project helo_world2.
15:56:13 INFO  : Setting rebuild state to true for all configurations of project helo_world2.
15:56:22 INFO  : Processor reset is completed for ps7_cortexa9_0
16:06:27 INFO  : Processor reset is completed for ps7_cortexa9_0
16:11:12 INFO  : Processor reset is completed for ps7_cortexa9_0
16:11:33 INFO  : Processor reset is completed for ps7_cortexa9_0
16:13:09 INFO  : Processor reset is completed for ps7_cortexa9_0
16:16:56 INFO  : Processor reset is completed for ps7_cortexa9_0
16:19:08 INFO  : Processor reset is completed for ps7_cortexa9_0
16:20:29 INFO  : Processor reset is completed for ps7_cortexa9_0
16:30:30 INFO  : Processor reset is completed for ps7_cortexa9_0
17:35:55 ERROR : Unexpected error while parsing XMD response ?: com.google.gson.JsonSyntaxException: com.google.gson.stream.MalformedJsonException: invalid number or unquoted string near 
