00:33:30 INFO  : Registering command handlers for SDK TCF services
00:33:31 INFO  : Launching XSCT server: xsct.bat -interactive A:\COMP_ARCH\PYNQ_Projects\Vivado_prj\skip_list_impln_2\skip_list_impln_2.sdk\temp_xsdb_launch_script.tcl
00:33:34 INFO  : XSCT server has started successfully.
00:33:35 INFO  : Successfully done setting XSCT server connection channel  
00:33:35 INFO  : Processing command line option -hwspec A:/COMP_ARCH/PYNQ_Projects/Vivado_prj/skip_list_impln_2/skip_list_impln_2.sdk/design_1_wrapper.hdf.
00:33:35 INFO  : Successfully done setting SDK workspace  
00:36:08 INFO  : Connected to target on host '127.0.0.1' and port '3121'.
00:36:09 INFO  : 'targets -set -filter {jtag_cable_name =~ "Xilinx PYNQ-Z1 003017A6E019A" && level==0} -index 1' command is executed.
00:36:12 INFO  : FPGA configured successfully with bitstream "A:/COMP_ARCH/PYNQ_Projects/Vivado_prj/skip_list_impln_2/skip_list_impln_2.sdk/design_1_wrapper_hw_platform_0/design_1_wrapper.bit"
00:36:23 INFO  : Inferring section assignments and sizes from elf file: A:\COMP_ARCH\PYNQ_Projects\Vivado_prj\skip_list_impln_2\skip_list_impln_2.sdk\skip_list_prefetch\Debug\skip_list_prefetch.elf
00:36:34 INFO  : Successfully generated A:\COMP_ARCH\PYNQ_Projects\Vivado_prj\skip_list_impln_2\skip_list_impln_2.sdk\skip_list_prefetch\src\lscript.ld.
00:36:34 INFO  : Applying linker script to all configurations of project skip_list_prefetch.
00:36:34 INFO  : Setting rebuild state to true for all configurations of project skip_list_prefetch.
00:37:20 INFO  : ps7_init is completed.
00:37:20 INFO  : ps7_post_config is completed.
00:37:20 INFO  : Processor reset is completed for ps7_cortexa9_0
00:37:30 INFO  : Processor reset is completed for ps7_cortexa9_0
00:37:35 INFO  : Processor reset is completed for ps7_cortexa9_0
00:37:48 INFO  : Processor reset is completed for ps7_cortexa9_0
00:38:17 INFO  : Processor reset is completed for ps7_cortexa9_0
00:38:45 INFO  : Processor reset is completed for ps7_cortexa9_0
00:39:12 INFO  : Processor reset is completed for ps7_cortexa9_0
00:39:21 INFO  : Processor reset is completed for ps7_cortexa9_0
00:39:56 INFO  : Processor reset is completed for ps7_cortexa9_0
00:40:48 INFO  : Processor reset is completed for ps7_cortexa9_0
00:41:18 INFO  : Processor reset is completed for ps7_cortexa9_0
00:41:28 INFO  : Processor reset is completed for ps7_cortexa9_0
00:41:48 INFO  : Processor reset is completed for ps7_cortexa9_0
00:41:59 INFO  : Processor reset is completed for ps7_cortexa9_0
00:42:07 INFO  : Processor reset is completed for ps7_cortexa9_0
00:42:25 INFO  : Processor reset is completed for ps7_cortexa9_0
00:42:34 INFO  : Processor reset is completed for ps7_cortexa9_0
00:42:42 INFO  : Processor reset is completed for ps7_cortexa9_0
00:44:28 ERROR : Unexpected error while parsing XMD response ?: com.google.gson.JsonSyntaxException: com.google.gson.stream.MalformedJsonException: invalid number or unquoted string near 
