
*** Running vivado
    with args -log design_1_Prefetch_master_slave_0_1.vds -m64 -product Vivado -mode batch -messageDb vivado.pb -notrace -source design_1_Prefetch_master_slave_0_1.tcl


****** Vivado v2016.3 (64-bit)
  **** SW Build 1682563 on Mon Oct 10 19:07:27 MDT 2016
  **** IP Build 1681267 on Mon Oct 10 21:28:31 MDT 2016
    ** Copyright 1986-2016 Xilinx, Inc. All Rights Reserved.

source design_1_Prefetch_master_slave_0_1.tcl -notrace
Command: synth_design -top design_1_Prefetch_master_slave_0_1 -part xc7z020clg400-1 -mode out_of_context
Starting synth_design
Attempting to get a license for feature 'Synthesis' and/or device 'xc7z020'
INFO: [Common 17-349] Got license for feature 'Synthesis' and/or device 'xc7z020'
INFO: Launching helper process for spawning children vivado processes
INFO: Helper process launched with PID 20016 
WARNING: [Synth 8-2507] parameter declaration becomes local in M_AXI_Interface with formal parameter declaration list [a:/COMP_ARCH/PYNQ_Projects/Vivado_prj/Prefetch_master_slave/Prefetch_master_slave.srcs/sources_1/bd/design_1/ipshared/cec7/hdl/M_AXI_Interface.v:127]
---------------------------------------------------------------------------------
Starting RTL Elaboration : Time (s): cpu = 00:00:13 ; elapsed = 00:00:17 . Memory (MB): peak = 347.203 ; gain = 137.027
---------------------------------------------------------------------------------
INFO: [Synth 8-638] synthesizing module 'design_1_Prefetch_master_slave_0_1' [a:/COMP_ARCH/PYNQ_Projects/Vivado_prj/Prefetch_master_slave/Prefetch_master_slave.srcs/sources_1/bd/design_1/ip/design_1_Prefetch_master_slave_0_1/synth/design_1_Prefetch_master_slave_0_1.v:58]
INFO: [Synth 8-638] synthesizing module 'Prefetch_master_slave_v1_0' [a:/COMP_ARCH/PYNQ_Projects/Vivado_prj/Prefetch_master_slave/Prefetch_master_slave.srcs/sources_1/bd/design_1/ipshared/cec7/hdl/Prefetch_master_slave_v1_0.v:4]
	Parameter C_S00_AXI_DATA_WIDTH bound to: 32 - type: integer 
	Parameter C_S00_AXI_ADDR_WIDTH bound to: 5 - type: integer 
	Parameter C_M00_AXI_TARGET_SLAVE_BASE_ADDR bound to: 0 - type: integer 
	Parameter C_M00_AXI_BURST_LEN bound to: 1 - type: integer 
	Parameter C_M00_AXI_ID_WIDTH bound to: 1 - type: integer 
	Parameter C_M00_AXI_ADDR_WIDTH bound to: 32 - type: integer 
	Parameter C_M00_AXI_DATA_WIDTH bound to: 32 - type: integer 
	Parameter C_M00_AXI_AWUSER_WIDTH bound to: 1 - type: integer 
	Parameter C_M00_AXI_ARUSER_WIDTH bound to: 1 - type: integer 
	Parameter C_M00_AXI_WUSER_WIDTH bound to: 1 - type: integer 
	Parameter C_M00_AXI_RUSER_WIDTH bound to: 1 - type: integer 
	Parameter C_M00_AXI_BUSER_WIDTH bound to: 1 - type: integer 
INFO: [Synth 8-638] synthesizing module 'S_AXILite_Interface' [a:/COMP_ARCH/PYNQ_Projects/Vivado_prj/Prefetch_master_slave/Prefetch_master_slave.srcs/sources_1/bd/design_1/ipshared/cec7/hdl/S_AXILite_Interface.v:23]
	Parameter C_S_AXI_ADDR_WIDTH bound to: 5 - type: integer 
	Parameter C_S_AXI_DATA_WIDTH bound to: 32 - type: integer 
	Parameter ADDR_AP_CTRL bound to: 5'b00000 
	Parameter ADDR_GIE bound to: 5'b00100 
	Parameter ADDR_IER bound to: 5'b01000 
	Parameter ADDR_ISR bound to: 5'b01100 
	Parameter ADDR_A_DATA_0 bound to: 5'b10000 
	Parameter ADDR_A_CTRL bound to: 5'b10100 
	Parameter WRIDLE bound to: 2'b00 
	Parameter WRDATA bound to: 2'b01 
	Parameter WRRESP bound to: 2'b10 
	Parameter RDIDLE bound to: 2'b00 
	Parameter RDDATA bound to: 2'b01 
	Parameter ADDR_BITS bound to: 5 - type: integer 
INFO: [Synth 8-155] case statement is not full and has no default [a:/COMP_ARCH/PYNQ_Projects/Vivado_prj/Prefetch_master_slave/Prefetch_master_slave.srcs/sources_1/bd/design_1/ipshared/cec7/hdl/S_AXILite_Interface.v:214]
WARNING: [Synth 8-3848] Net int_ap_idle in module/entity S_AXILite_Interface does not have driver. [a:/COMP_ARCH/PYNQ_Projects/Vivado_prj/Prefetch_master_slave/Prefetch_master_slave.srcs/sources_1/bd/design_1/ipshared/cec7/hdl/S_AXILite_Interface.v:110]
WARNING: [Synth 8-3848] Net int_ap_ready in module/entity S_AXILite_Interface does not have driver. [a:/COMP_ARCH/PYNQ_Projects/Vivado_prj/Prefetch_master_slave/Prefetch_master_slave.srcs/sources_1/bd/design_1/ipshared/cec7/hdl/S_AXILite_Interface.v:111]
WARNING: [Synth 8-3848] Net int_auto_restart in module/entity S_AXILite_Interface does not have driver. [a:/COMP_ARCH/PYNQ_Projects/Vivado_prj/Prefetch_master_slave/Prefetch_master_slave.srcs/sources_1/bd/design_1/ipshared/cec7/hdl/S_AXILite_Interface.v:114]
WARNING: [Synth 8-3848] Net int_gie in module/entity S_AXILite_Interface does not have driver. [a:/COMP_ARCH/PYNQ_Projects/Vivado_prj/Prefetch_master_slave/Prefetch_master_slave.srcs/sources_1/bd/design_1/ipshared/cec7/hdl/S_AXILite_Interface.v:115]
WARNING: [Synth 8-3848] Net int_ier in module/entity S_AXILite_Interface does not have driver. [a:/COMP_ARCH/PYNQ_Projects/Vivado_prj/Prefetch_master_slave/Prefetch_master_slave.srcs/sources_1/bd/design_1/ipshared/cec7/hdl/S_AXILite_Interface.v:116]
WARNING: [Synth 8-3848] Net int_isr in module/entity S_AXILite_Interface does not have driver. [a:/COMP_ARCH/PYNQ_Projects/Vivado_prj/Prefetch_master_slave/Prefetch_master_slave.srcs/sources_1/bd/design_1/ipshared/cec7/hdl/S_AXILite_Interface.v:117]
INFO: [Synth 8-256] done synthesizing module 'S_AXILite_Interface' (1#1) [a:/COMP_ARCH/PYNQ_Projects/Vivado_prj/Prefetch_master_slave/Prefetch_master_slave.srcs/sources_1/bd/design_1/ipshared/cec7/hdl/S_AXILite_Interface.v:23]
INFO: [Synth 8-638] synthesizing module 'M_AXI_Interface' [a:/COMP_ARCH/PYNQ_Projects/Vivado_prj/Prefetch_master_slave/Prefetch_master_slave.srcs/sources_1/bd/design_1/ipshared/cec7/hdl/M_AXI_Interface.v:22]
	Parameter C_M_TARGET_SLAVE_BASE_ADDR bound to: 0 - type: integer 
	Parameter C_M_AXI_BURST_LEN bound to: 1 - type: integer 
	Parameter C_M_AXI_ID_WIDTH bound to: 1 - type: integer 
	Parameter C_M_AXI_ADDR_WIDTH bound to: 32 - type: integer 
	Parameter C_M_AXI_DATA_WIDTH bound to: 32 - type: integer 
	Parameter C_M_AXI_AWUSER_WIDTH bound to: 1 - type: integer 
	Parameter C_M_AXI_ARUSER_WIDTH bound to: 1 - type: integer 
	Parameter C_M_AXI_WUSER_WIDTH bound to: 1 - type: integer 
	Parameter C_M_AXI_RUSER_WIDTH bound to: 1 - type: integer 
	Parameter C_M_AXI_BUSER_WIDTH bound to: 1 - type: integer 
	Parameter IDLE bound to: 2'b00 
	Parameter READ bound to: 2'b01 
	Parameter ADDR_READ bound to: 2'b10 
	Parameter PREFETCH bound to: 2'b11 
WARNING: [Synth 8-3848] Net start_write in module/entity M_AXI_Interface does not have driver. [a:/COMP_ARCH/PYNQ_Projects/Vivado_prj/Prefetch_master_slave/Prefetch_master_slave.srcs/sources_1/bd/design_1/ipshared/cec7/hdl/M_AXI_Interface.v:132]
WARNING: [Synth 8-3848] Net rdata in module/entity M_AXI_Interface does not have driver. [a:/COMP_ARCH/PYNQ_Projects/Vivado_prj/Prefetch_master_slave/Prefetch_master_slave.srcs/sources_1/bd/design_1/ipshared/cec7/hdl/M_AXI_Interface.v:128]
INFO: [Synth 8-256] done synthesizing module 'M_AXI_Interface' (2#1) [a:/COMP_ARCH/PYNQ_Projects/Vivado_prj/Prefetch_master_slave/Prefetch_master_slave.srcs/sources_1/bd/design_1/ipshared/cec7/hdl/M_AXI_Interface.v:22]
INFO: [Synth 8-256] done synthesizing module 'Prefetch_master_slave_v1_0' (3#1) [a:/COMP_ARCH/PYNQ_Projects/Vivado_prj/Prefetch_master_slave/Prefetch_master_slave.srcs/sources_1/bd/design_1/ipshared/cec7/hdl/Prefetch_master_slave_v1_0.v:4]
INFO: [Synth 8-256] done synthesizing module 'design_1_Prefetch_master_slave_0_1' (4#1) [a:/COMP_ARCH/PYNQ_Projects/Vivado_prj/Prefetch_master_slave/Prefetch_master_slave.srcs/sources_1/bd/design_1/ip/design_1_Prefetch_master_slave_0_1/synth/design_1_Prefetch_master_slave_0_1.v:58]
WARNING: [Synth 8-3331] design M_AXI_Interface has unconnected port M_AXI_BID[0]
WARNING: [Synth 8-3331] design M_AXI_Interface has unconnected port M_AXI_BRESP[1]
WARNING: [Synth 8-3331] design M_AXI_Interface has unconnected port M_AXI_BRESP[0]
WARNING: [Synth 8-3331] design M_AXI_Interface has unconnected port M_AXI_BUSER[0]
WARNING: [Synth 8-3331] design M_AXI_Interface has unconnected port M_AXI_RID[0]
WARNING: [Synth 8-3331] design M_AXI_Interface has unconnected port M_AXI_RDATA[31]
WARNING: [Synth 8-3331] design M_AXI_Interface has unconnected port M_AXI_RDATA[30]
WARNING: [Synth 8-3331] design M_AXI_Interface has unconnected port M_AXI_RDATA[29]
WARNING: [Synth 8-3331] design M_AXI_Interface has unconnected port M_AXI_RDATA[28]
WARNING: [Synth 8-3331] design M_AXI_Interface has unconnected port M_AXI_RDATA[27]
WARNING: [Synth 8-3331] design M_AXI_Interface has unconnected port M_AXI_RDATA[26]
WARNING: [Synth 8-3331] design M_AXI_Interface has unconnected port M_AXI_RDATA[25]
WARNING: [Synth 8-3331] design M_AXI_Interface has unconnected port M_AXI_RDATA[24]
WARNING: [Synth 8-3331] design M_AXI_Interface has unconnected port M_AXI_RDATA[23]
WARNING: [Synth 8-3331] design M_AXI_Interface has unconnected port M_AXI_RDATA[22]
WARNING: [Synth 8-3331] design M_AXI_Interface has unconnected port M_AXI_RDATA[21]
WARNING: [Synth 8-3331] design M_AXI_Interface has unconnected port M_AXI_RDATA[20]
WARNING: [Synth 8-3331] design M_AXI_Interface has unconnected port M_AXI_RDATA[19]
WARNING: [Synth 8-3331] design M_AXI_Interface has unconnected port M_AXI_RDATA[18]
WARNING: [Synth 8-3331] design M_AXI_Interface has unconnected port M_AXI_RDATA[17]
WARNING: [Synth 8-3331] design M_AXI_Interface has unconnected port M_AXI_RDATA[16]
WARNING: [Synth 8-3331] design M_AXI_Interface has unconnected port M_AXI_RDATA[15]
WARNING: [Synth 8-3331] design M_AXI_Interface has unconnected port M_AXI_RDATA[14]
WARNING: [Synth 8-3331] design M_AXI_Interface has unconnected port M_AXI_RDATA[13]
WARNING: [Synth 8-3331] design M_AXI_Interface has unconnected port M_AXI_RDATA[12]
WARNING: [Synth 8-3331] design M_AXI_Interface has unconnected port M_AXI_RDATA[11]
WARNING: [Synth 8-3331] design M_AXI_Interface has unconnected port M_AXI_RDATA[10]
WARNING: [Synth 8-3331] design M_AXI_Interface has unconnected port M_AXI_RDATA[9]
WARNING: [Synth 8-3331] design M_AXI_Interface has unconnected port M_AXI_RDATA[8]
WARNING: [Synth 8-3331] design M_AXI_Interface has unconnected port M_AXI_RDATA[7]
WARNING: [Synth 8-3331] design M_AXI_Interface has unconnected port M_AXI_RDATA[6]
WARNING: [Synth 8-3331] design M_AXI_Interface has unconnected port M_AXI_RDATA[5]
WARNING: [Synth 8-3331] design M_AXI_Interface has unconnected port M_AXI_RDATA[4]
WARNING: [Synth 8-3331] design M_AXI_Interface has unconnected port M_AXI_RDATA[3]
WARNING: [Synth 8-3331] design M_AXI_Interface has unconnected port M_AXI_RDATA[2]
WARNING: [Synth 8-3331] design M_AXI_Interface has unconnected port M_AXI_RDATA[1]
WARNING: [Synth 8-3331] design M_AXI_Interface has unconnected port M_AXI_RDATA[0]
WARNING: [Synth 8-3331] design M_AXI_Interface has unconnected port M_AXI_RRESP[1]
WARNING: [Synth 8-3331] design M_AXI_Interface has unconnected port M_AXI_RRESP[0]
WARNING: [Synth 8-3331] design M_AXI_Interface has unconnected port M_AXI_RUSER[0]
WARNING: [Synth 8-3331] design Prefetch_master_slave_v1_0 has unconnected port s00_axi_awprot[2]
WARNING: [Synth 8-3331] design Prefetch_master_slave_v1_0 has unconnected port s00_axi_awprot[1]
WARNING: [Synth 8-3331] design Prefetch_master_slave_v1_0 has unconnected port s00_axi_awprot[0]
WARNING: [Synth 8-3331] design Prefetch_master_slave_v1_0 has unconnected port s00_axi_arprot[2]
WARNING: [Synth 8-3331] design Prefetch_master_slave_v1_0 has unconnected port s00_axi_arprot[1]
WARNING: [Synth 8-3331] design Prefetch_master_slave_v1_0 has unconnected port s00_axi_arprot[0]
---------------------------------------------------------------------------------
Finished RTL Elaboration : Time (s): cpu = 00:00:14 ; elapsed = 00:00:18 . Memory (MB): peak = 366.980 ; gain = 156.805
---------------------------------------------------------------------------------

Report Check Netlist: 
+------+------------------+-------+---------+-------+------------------+
|      |Item              |Errors |Warnings |Status |Description       |
+------+------------------+-------+---------+-------+------------------+
|1     |multi_driven_nets |      0|        0|Passed |Multi driven nets |
+------+------------------+-------+---------+-------+------------------+
---------------------------------------------------------------------------------
Finished RTL Optimization Phase 1 : Time (s): cpu = 00:00:14 ; elapsed = 00:00:18 . Memory (MB): peak = 366.980 ; gain = 156.805
---------------------------------------------------------------------------------
INFO: [Device 21-403] Loading part xc7z020clg400-1
INFO: [Project 1-570] Preparing netlist for logic optimization

Processing XDC Constraints
Initializing timing engine
Completed Processing XDC Constraints

INFO: [Project 1-111] Unisim Transformation Summary:
No Unisim elements were transformed.

Constraint Validation Runtime : Time (s): cpu = 00:00:00 ; elapsed = 00:00:00.048 . Memory (MB): peak = 683.625 ; gain = 0.070
---------------------------------------------------------------------------------
Finished Constraint Validation : Time (s): cpu = 00:00:25 ; elapsed = 00:00:30 . Memory (MB): peak = 683.625 ; gain = 473.449
---------------------------------------------------------------------------------
---------------------------------------------------------------------------------
Start Loading Part and Timing Information
---------------------------------------------------------------------------------
Loading part: xc7z020clg400-1
---------------------------------------------------------------------------------
Finished Loading Part and Timing Information : Time (s): cpu = 00:00:25 ; elapsed = 00:00:30 . Memory (MB): peak = 683.625 ; gain = 473.449
---------------------------------------------------------------------------------
---------------------------------------------------------------------------------
Start Applying 'set_property' XDC Constraints
---------------------------------------------------------------------------------
---------------------------------------------------------------------------------
Finished applying 'set_property' XDC Constraints : Time (s): cpu = 00:00:25 ; elapsed = 00:00:30 . Memory (MB): peak = 683.625 ; gain = 473.449
---------------------------------------------------------------------------------
WARNING: [Synth 8-327] inferring latch for variable 'rnext_reg' [a:/COMP_ARCH/PYNQ_Projects/Vivado_prj/Prefetch_master_slave/Prefetch_master_slave.srcs/sources_1/bd/design_1/ipshared/cec7/hdl/S_AXILite_Interface.v:192]
---------------------------------------------------------------------------------
Finished RTL Optimization Phase 2 : Time (s): cpu = 00:00:25 ; elapsed = 00:00:30 . Memory (MB): peak = 683.625 ; gain = 473.449
---------------------------------------------------------------------------------

Report RTL Partitions: 
+-+--------------+------------+----------+
| |RTL Partition |Replication |Instances |
+-+--------------+------------+----------+
+-+--------------+------------+----------+
---------------------------------------------------------------------------------
Start RTL Component Statistics 
---------------------------------------------------------------------------------
Detailed RTL Component Info : 
+---Adders : 
	   2 Input     32 Bit       Adders := 1     
+---Registers : 
	               32 Bit    Registers := 5     
	                5 Bit    Registers := 1     
	                2 Bit    Registers := 3     
	                1 Bit    Registers := 10    
+---Muxes : 
	   2 Input     32 Bit        Muxes := 1     
	   6 Input     32 Bit        Muxes := 1     
	   6 Input      3 Bit        Muxes := 1     
	   6 Input      2 Bit        Muxes := 1     
	   5 Input      2 Bit        Muxes := 1     
	   2 Input      1 Bit        Muxes := 8     
	   5 Input      1 Bit        Muxes := 1     
	   4 Input      1 Bit        Muxes := 1     
	   3 Input      1 Bit        Muxes := 2     
---------------------------------------------------------------------------------
Finished RTL Component Statistics 
---------------------------------------------------------------------------------
---------------------------------------------------------------------------------
Start RTL Hierarchical Component Statistics 
---------------------------------------------------------------------------------
Hierarchical RTL Component report 
Module S_AXILite_Interface 
Detailed RTL Component Info : 
+---Registers : 
	               32 Bit    Registers := 2     
	                5 Bit    Registers := 1     
	                2 Bit    Registers := 2     
	                1 Bit    Registers := 2     
+---Muxes : 
	   2 Input     32 Bit        Muxes := 1     
	   6 Input     32 Bit        Muxes := 1     
	   6 Input      3 Bit        Muxes := 1     
	   6 Input      2 Bit        Muxes := 1     
	   2 Input      1 Bit        Muxes := 2     
	   5 Input      1 Bit        Muxes := 1     
	   4 Input      1 Bit        Muxes := 1     
Module M_AXI_Interface 
Detailed RTL Component Info : 
+---Adders : 
	   2 Input     32 Bit       Adders := 1     
+---Registers : 
	               32 Bit    Registers := 3     
	                2 Bit    Registers := 1     
	                1 Bit    Registers := 8     
+---Muxes : 
	   5 Input      2 Bit        Muxes := 1     
	   3 Input      1 Bit        Muxes := 2     
	   2 Input      1 Bit        Muxes := 6     
---------------------------------------------------------------------------------
Finished RTL Hierarchical Component Statistics
---------------------------------------------------------------------------------
---------------------------------------------------------------------------------
Start Part Resource Summary
---------------------------------------------------------------------------------
Part Resources:
DSPs: 220 (col length:60)
BRAMs: 280 (col length: RAMB18 60 RAMB36 30)
---------------------------------------------------------------------------------
Finished Part Resource Summary
---------------------------------------------------------------------------------
---------------------------------------------------------------------------------
Start Cross Boundary and Area Optimization
---------------------------------------------------------------------------------
INFO: [Synth 8-3917] design design_1_Prefetch_master_slave_0_1 has port s00_axi_bresp[1] driven by constant 0
INFO: [Synth 8-3917] design design_1_Prefetch_master_slave_0_1 has port s00_axi_bresp[0] driven by constant 0
INFO: [Synth 8-3917] design design_1_Prefetch_master_slave_0_1 has port s00_axi_rresp[1] driven by constant 0
INFO: [Synth 8-3917] design design_1_Prefetch_master_slave_0_1 has port s00_axi_rresp[0] driven by constant 0
INFO: [Synth 8-3917] design design_1_Prefetch_master_slave_0_1 has port m00_axi_awid[0] driven by constant 0
INFO: [Synth 8-3917] design design_1_Prefetch_master_slave_0_1 has port m00_axi_awlen[7] driven by constant 0
INFO: [Synth 8-3917] design design_1_Prefetch_master_slave_0_1 has port m00_axi_awlen[6] driven by constant 0
INFO: [Synth 8-3917] design design_1_Prefetch_master_slave_0_1 has port m00_axi_awlen[5] driven by constant 0
INFO: [Synth 8-3917] design design_1_Prefetch_master_slave_0_1 has port m00_axi_awlen[4] driven by constant 0
INFO: [Synth 8-3917] design design_1_Prefetch_master_slave_0_1 has port m00_axi_awlen[3] driven by constant 0
INFO: [Synth 8-3917] design design_1_Prefetch_master_slave_0_1 has port m00_axi_awlen[2] driven by constant 0
INFO: [Synth 8-3917] design design_1_Prefetch_master_slave_0_1 has port m00_axi_awlen[1] driven by constant 0
INFO: [Synth 8-3917] design design_1_Prefetch_master_slave_0_1 has port m00_axi_awlen[0] driven by constant 0
INFO: [Synth 8-3917] design design_1_Prefetch_master_slave_0_1 has port m00_axi_awsize[2] driven by constant 0
INFO: [Synth 8-3917] design design_1_Prefetch_master_slave_0_1 has port m00_axi_awsize[1] driven by constant 1
INFO: [Synth 8-3917] design design_1_Prefetch_master_slave_0_1 has port m00_axi_awsize[0] driven by constant 0
INFO: [Synth 8-3917] design design_1_Prefetch_master_slave_0_1 has port m00_axi_awburst[1] driven by constant 0
INFO: [Synth 8-3917] design design_1_Prefetch_master_slave_0_1 has port m00_axi_awburst[0] driven by constant 1
INFO: [Synth 8-3917] design design_1_Prefetch_master_slave_0_1 has port m00_axi_awlock driven by constant 0
INFO: [Synth 8-3917] design design_1_Prefetch_master_slave_0_1 has port m00_axi_awcache[3] driven by constant 0
INFO: [Synth 8-3917] design design_1_Prefetch_master_slave_0_1 has port m00_axi_awcache[2] driven by constant 0
INFO: [Synth 8-3917] design design_1_Prefetch_master_slave_0_1 has port m00_axi_awcache[1] driven by constant 1
INFO: [Synth 8-3917] design design_1_Prefetch_master_slave_0_1 has port m00_axi_awcache[0] driven by constant 1
INFO: [Synth 8-3917] design design_1_Prefetch_master_slave_0_1 has port m00_axi_awprot[2] driven by constant 0
INFO: [Synth 8-3917] design design_1_Prefetch_master_slave_0_1 has port m00_axi_awprot[1] driven by constant 0
INFO: [Synth 8-3917] design design_1_Prefetch_master_slave_0_1 has port m00_axi_awprot[0] driven by constant 0
INFO: [Synth 8-3917] design design_1_Prefetch_master_slave_0_1 has port m00_axi_awqos[3] driven by constant 0
INFO: [Synth 8-3917] design design_1_Prefetch_master_slave_0_1 has port m00_axi_awqos[2] driven by constant 0
INFO: [Synth 8-3917] design design_1_Prefetch_master_slave_0_1 has port m00_axi_awqos[1] driven by constant 0
INFO: [Synth 8-3917] design design_1_Prefetch_master_slave_0_1 has port m00_axi_awqos[0] driven by constant 0
INFO: [Synth 8-3917] design design_1_Prefetch_master_slave_0_1 has port m00_axi_awuser[0] driven by constant 1
INFO: [Synth 8-3917] design design_1_Prefetch_master_slave_0_1 has port m00_axi_wstrb[3] driven by constant 1
INFO: [Synth 8-3917] design design_1_Prefetch_master_slave_0_1 has port m00_axi_wstrb[2] driven by constant 1
INFO: [Synth 8-3917] design design_1_Prefetch_master_slave_0_1 has port m00_axi_wstrb[1] driven by constant 1
INFO: [Synth 8-3917] design design_1_Prefetch_master_slave_0_1 has port m00_axi_wstrb[0] driven by constant 1
INFO: [Synth 8-3917] design design_1_Prefetch_master_slave_0_1 has port m00_axi_wuser[0] driven by constant 0
INFO: [Synth 8-3917] design design_1_Prefetch_master_slave_0_1 has port m00_axi_arid[0] driven by constant 0
INFO: [Synth 8-3917] design design_1_Prefetch_master_slave_0_1 has port m00_axi_arlen[7] driven by constant 0
INFO: [Synth 8-3917] design design_1_Prefetch_master_slave_0_1 has port m00_axi_arlen[6] driven by constant 0
INFO: [Synth 8-3917] design design_1_Prefetch_master_slave_0_1 has port m00_axi_arlen[5] driven by constant 0
INFO: [Synth 8-3917] design design_1_Prefetch_master_slave_0_1 has port m00_axi_arlen[4] driven by constant 0
INFO: [Synth 8-3917] design design_1_Prefetch_master_slave_0_1 has port m00_axi_arlen[3] driven by constant 0
INFO: [Synth 8-3917] design design_1_Prefetch_master_slave_0_1 has port m00_axi_arlen[2] driven by constant 0
INFO: [Synth 8-3917] design design_1_Prefetch_master_slave_0_1 has port m00_axi_arlen[1] driven by constant 0
INFO: [Synth 8-3917] design design_1_Prefetch_master_slave_0_1 has port m00_axi_arlen[0] driven by constant 0
INFO: [Synth 8-3917] design design_1_Prefetch_master_slave_0_1 has port m00_axi_arsize[2] driven by constant 0
INFO: [Synth 8-3917] design design_1_Prefetch_master_slave_0_1 has port m00_axi_arsize[1] driven by constant 1
INFO: [Synth 8-3917] design design_1_Prefetch_master_slave_0_1 has port m00_axi_arsize[0] driven by constant 0
INFO: [Synth 8-3917] design design_1_Prefetch_master_slave_0_1 has port m00_axi_arburst[1] driven by constant 0
INFO: [Synth 8-3917] design design_1_Prefetch_master_slave_0_1 has port m00_axi_arburst[0] driven by constant 1
INFO: [Synth 8-3917] design design_1_Prefetch_master_slave_0_1 has port m00_axi_arlock driven by constant 0
INFO: [Synth 8-3917] design design_1_Prefetch_master_slave_0_1 has port m00_axi_arcache[3] driven by constant 0
INFO: [Synth 8-3917] design design_1_Prefetch_master_slave_0_1 has port m00_axi_arcache[2] driven by constant 0
INFO: [Synth 8-3917] design design_1_Prefetch_master_slave_0_1 has port m00_axi_arcache[1] driven by constant 1
INFO: [Synth 8-3917] design design_1_Prefetch_master_slave_0_1 has port m00_axi_arcache[0] driven by constant 1
INFO: [Synth 8-3917] design design_1_Prefetch_master_slave_0_1 has port m00_axi_arprot[2] driven by constant 0
INFO: [Synth 8-3917] design design_1_Prefetch_master_slave_0_1 has port m00_axi_arprot[1] driven by constant 0
INFO: [Synth 8-3917] design design_1_Prefetch_master_slave_0_1 has port m00_axi_arprot[0] driven by constant 0
INFO: [Synth 8-3917] design design_1_Prefetch_master_slave_0_1 has port m00_axi_arqos[3] driven by constant 0
INFO: [Synth 8-3917] design design_1_Prefetch_master_slave_0_1 has port m00_axi_arqos[2] driven by constant 0
INFO: [Synth 8-3917] design design_1_Prefetch_master_slave_0_1 has port m00_axi_arqos[1] driven by constant 0
INFO: [Synth 8-3917] design design_1_Prefetch_master_slave_0_1 has port m00_axi_arqos[0] driven by constant 0
INFO: [Synth 8-3917] design design_1_Prefetch_master_slave_0_1 has port m00_axi_aruser[0] driven by constant 1
WARNING: [Synth 8-3331] design design_1_Prefetch_master_slave_0_1 has unconnected port s00_axi_awprot[2]
WARNING: [Synth 8-3331] design design_1_Prefetch_master_slave_0_1 has unconnected port s00_axi_awprot[1]
WARNING: [Synth 8-3331] design design_1_Prefetch_master_slave_0_1 has unconnected port s00_axi_awprot[0]
WARNING: [Synth 8-3331] design design_1_Prefetch_master_slave_0_1 has unconnected port s00_axi_arprot[2]
WARNING: [Synth 8-3331] design design_1_Prefetch_master_slave_0_1 has unconnected port s00_axi_arprot[1]
WARNING: [Synth 8-3331] design design_1_Prefetch_master_slave_0_1 has unconnected port s00_axi_arprot[0]
WARNING: [Synth 8-3331] design design_1_Prefetch_master_slave_0_1 has unconnected port m00_axi_bid[0]
WARNING: [Synth 8-3331] design design_1_Prefetch_master_slave_0_1 has unconnected port m00_axi_bresp[1]
WARNING: [Synth 8-3331] design design_1_Prefetch_master_slave_0_1 has unconnected port m00_axi_bresp[0]
WARNING: [Synth 8-3331] design design_1_Prefetch_master_slave_0_1 has unconnected port m00_axi_buser[0]
WARNING: [Synth 8-3331] design design_1_Prefetch_master_slave_0_1 has unconnected port m00_axi_rid[0]
WARNING: [Synth 8-3331] design design_1_Prefetch_master_slave_0_1 has unconnected port m00_axi_rdata[31]
WARNING: [Synth 8-3331] design design_1_Prefetch_master_slave_0_1 has unconnected port m00_axi_rdata[30]
WARNING: [Synth 8-3331] design design_1_Prefetch_master_slave_0_1 has unconnected port m00_axi_rdata[29]
WARNING: [Synth 8-3331] design design_1_Prefetch_master_slave_0_1 has unconnected port m00_axi_rdata[28]
WARNING: [Synth 8-3331] design design_1_Prefetch_master_slave_0_1 has unconnected port m00_axi_rdata[27]
WARNING: [Synth 8-3331] design design_1_Prefetch_master_slave_0_1 has unconnected port m00_axi_rdata[26]
WARNING: [Synth 8-3331] design design_1_Prefetch_master_slave_0_1 has unconnected port m00_axi_rdata[25]
WARNING: [Synth 8-3331] design design_1_Prefetch_master_slave_0_1 has unconnected port m00_axi_rdata[24]
WARNING: [Synth 8-3331] design design_1_Prefetch_master_slave_0_1 has unconnected port m00_axi_rdata[23]
WARNING: [Synth 8-3331] design design_1_Prefetch_master_slave_0_1 has unconnected port m00_axi_rdata[22]
WARNING: [Synth 8-3331] design design_1_Prefetch_master_slave_0_1 has unconnected port m00_axi_rdata[21]
WARNING: [Synth 8-3331] design design_1_Prefetch_master_slave_0_1 has unconnected port m00_axi_rdata[20]
WARNING: [Synth 8-3331] design design_1_Prefetch_master_slave_0_1 has unconnected port m00_axi_rdata[19]
WARNING: [Synth 8-3331] design design_1_Prefetch_master_slave_0_1 has unconnected port m00_axi_rdata[18]
WARNING: [Synth 8-3331] design design_1_Prefetch_master_slave_0_1 has unconnected port m00_axi_rdata[17]
WARNING: [Synth 8-3331] design design_1_Prefetch_master_slave_0_1 has unconnected port m00_axi_rdata[16]
WARNING: [Synth 8-3331] design design_1_Prefetch_master_slave_0_1 has unconnected port m00_axi_rdata[15]
WARNING: [Synth 8-3331] design design_1_Prefetch_master_slave_0_1 has unconnected port m00_axi_rdata[14]
WARNING: [Synth 8-3331] design design_1_Prefetch_master_slave_0_1 has unconnected port m00_axi_rdata[13]
WARNING: [Synth 8-3331] design design_1_Prefetch_master_slave_0_1 has unconnected port m00_axi_rdata[12]
WARNING: [Synth 8-3331] design design_1_Prefetch_master_slave_0_1 has unconnected port m00_axi_rdata[11]
WARNING: [Synth 8-3331] design design_1_Prefetch_master_slave_0_1 has unconnected port m00_axi_rdata[10]
WARNING: [Synth 8-3331] design design_1_Prefetch_master_slave_0_1 has unconnected port m00_axi_rdata[9]
WARNING: [Synth 8-3331] design design_1_Prefetch_master_slave_0_1 has unconnected port m00_axi_rdata[8]
WARNING: [Synth 8-3331] design design_1_Prefetch_master_slave_0_1 has unconnected port m00_axi_rdata[7]
WARNING: [Synth 8-3331] design design_1_Prefetch_master_slave_0_1 has unconnected port m00_axi_rdata[6]
WARNING: [Synth 8-3331] design design_1_Prefetch_master_slave_0_1 has unconnected port m00_axi_rdata[5]
WARNING: [Synth 8-3331] design design_1_Prefetch_master_slave_0_1 has unconnected port m00_axi_rdata[4]
WARNING: [Synth 8-3331] design design_1_Prefetch_master_slave_0_1 has unconnected port m00_axi_rdata[3]
WARNING: [Synth 8-3331] design design_1_Prefetch_master_slave_0_1 has unconnected port m00_axi_rdata[2]
WARNING: [Synth 8-3331] design design_1_Prefetch_master_slave_0_1 has unconnected port m00_axi_rdata[1]
WARNING: [Synth 8-3331] design design_1_Prefetch_master_slave_0_1 has unconnected port m00_axi_rdata[0]
WARNING: [Synth 8-3331] design design_1_Prefetch_master_slave_0_1 has unconnected port m00_axi_rresp[1]
WARNING: [Synth 8-3331] design design_1_Prefetch_master_slave_0_1 has unconnected port m00_axi_rresp[0]
WARNING: [Synth 8-3331] design design_1_Prefetch_master_slave_0_1 has unconnected port m00_axi_ruser[0]
INFO: [Synth 8-3886] merging instance 'inst/M_AXI_Interface_inst/state_reg[0]' (FDR) to 'inst/M_AXI_Interface_inst/state_reg[1]'
INFO: [Synth 8-3333] propagating constant 0 across sequential element (\inst/S_AXILite_Interface_inst/rnext_reg[1] )
INFO: [Synth 8-3333] propagating constant 0 across sequential element (i_5/\inst/M_AXI_Interface_inst/axi_araddr_reg[0] )
INFO: [Synth 8-3333] propagating constant 0 across sequential element (i_5/\inst/M_AXI_Interface_inst/axi_araddr_reg[1] )
INFO: [Synth 8-3333] propagating constant 0 across sequential element (\inst/M_AXI_Interface_inst/axi_wvalid_reg )
INFO: [Synth 8-3333] propagating constant 0 across sequential element (\inst/M_AXI_Interface_inst/axi_awvalid_reg )
INFO: [Synth 8-3886] merging instance 'inst/M_AXI_Interface_inst/axi_awaddr_reg[0]' (FDRE) to 'inst/M_AXI_Interface_inst/axi_awaddr_reg[31]'
INFO: [Synth 8-3886] merging instance 'inst/M_AXI_Interface_inst/axi_awaddr_reg[1]' (FDRE) to 'inst/M_AXI_Interface_inst/axi_awaddr_reg[31]'
INFO: [Synth 8-3333] propagating constant 1 across sequential element (\inst/M_AXI_Interface_inst/axi_awaddr_reg[2] )
INFO: [Synth 8-3886] merging instance 'inst/M_AXI_Interface_inst/axi_awaddr_reg[3]' (FDRE) to 'inst/M_AXI_Interface_inst/axi_awaddr_reg[31]'
INFO: [Synth 8-3886] merging instance 'inst/M_AXI_Interface_inst/axi_awaddr_reg[4]' (FDRE) to 'inst/M_AXI_Interface_inst/axi_awaddr_reg[31]'
INFO: [Synth 8-3886] merging instance 'inst/M_AXI_Interface_inst/axi_awaddr_reg[5]' (FDRE) to 'inst/M_AXI_Interface_inst/axi_awaddr_reg[31]'
INFO: [Synth 8-3886] merging instance 'inst/M_AXI_Interface_inst/axi_awaddr_reg[6]' (FDRE) to 'inst/M_AXI_Interface_inst/axi_awaddr_reg[31]'
INFO: [Synth 8-3886] merging instance 'inst/M_AXI_Interface_inst/axi_awaddr_reg[7]' (FDRE) to 'inst/M_AXI_Interface_inst/axi_awaddr_reg[31]'
INFO: [Synth 8-3886] merging instance 'inst/M_AXI_Interface_inst/axi_awaddr_reg[8]' (FDRE) to 'inst/M_AXI_Interface_inst/axi_awaddr_reg[31]'
INFO: [Synth 8-3886] merging instance 'inst/M_AXI_Interface_inst/axi_awaddr_reg[9]' (FDRE) to 'inst/M_AXI_Interface_inst/axi_awaddr_reg[31]'
INFO: [Synth 8-3886] merging instance 'inst/M_AXI_Interface_inst/axi_awaddr_reg[10]' (FDRE) to 'inst/M_AXI_Interface_inst/axi_awaddr_reg[31]'
INFO: [Synth 8-3886] merging instance 'inst/M_AXI_Interface_inst/axi_awaddr_reg[11]' (FDRE) to 'inst/M_AXI_Interface_inst/axi_awaddr_reg[31]'
INFO: [Synth 8-3886] merging instance 'inst/M_AXI_Interface_inst/axi_awaddr_reg[12]' (FDRE) to 'inst/M_AXI_Interface_inst/axi_awaddr_reg[31]'
INFO: [Synth 8-3886] merging instance 'inst/M_AXI_Interface_inst/axi_awaddr_reg[13]' (FDRE) to 'inst/M_AXI_Interface_inst/axi_awaddr_reg[31]'
INFO: [Synth 8-3886] merging instance 'inst/M_AXI_Interface_inst/axi_awaddr_reg[14]' (FDRE) to 'inst/M_AXI_Interface_inst/axi_awaddr_reg[31]'
INFO: [Synth 8-3886] merging instance 'inst/M_AXI_Interface_inst/axi_awaddr_reg[15]' (FDRE) to 'inst/M_AXI_Interface_inst/axi_awaddr_reg[31]'
INFO: [Synth 8-3886] merging instance 'inst/M_AXI_Interface_inst/axi_awaddr_reg[16]' (FDRE) to 'inst/M_AXI_Interface_inst/axi_awaddr_reg[31]'
INFO: [Synth 8-3886] merging instance 'inst/M_AXI_Interface_inst/axi_awaddr_reg[17]' (FDRE) to 'inst/M_AXI_Interface_inst/axi_awaddr_reg[31]'
INFO: [Synth 8-3886] merging instance 'inst/M_AXI_Interface_inst/axi_awaddr_reg[18]' (FDRE) to 'inst/M_AXI_Interface_inst/axi_awaddr_reg[31]'
INFO: [Synth 8-3886] merging instance 'inst/M_AXI_Interface_inst/axi_awaddr_reg[19]' (FDRE) to 'inst/M_AXI_Interface_inst/axi_awaddr_reg[31]'
INFO: [Synth 8-3886] merging instance 'inst/M_AXI_Interface_inst/axi_awaddr_reg[20]' (FDRE) to 'inst/M_AXI_Interface_inst/axi_awaddr_reg[31]'
INFO: [Synth 8-3886] merging instance 'inst/M_AXI_Interface_inst/axi_awaddr_reg[21]' (FDRE) to 'inst/M_AXI_Interface_inst/axi_awaddr_reg[31]'
INFO: [Synth 8-3886] merging instance 'inst/M_AXI_Interface_inst/axi_awaddr_reg[22]' (FDRE) to 'inst/M_AXI_Interface_inst/axi_awaddr_reg[31]'
INFO: [Synth 8-3886] merging instance 'inst/M_AXI_Interface_inst/axi_awaddr_reg[23]' (FDRE) to 'inst/M_AXI_Interface_inst/axi_awaddr_reg[31]'
INFO: [Synth 8-3886] merging instance 'inst/M_AXI_Interface_inst/axi_awaddr_reg[24]' (FDRE) to 'inst/M_AXI_Interface_inst/axi_awaddr_reg[31]'
INFO: [Synth 8-3886] merging instance 'inst/M_AXI_Interface_inst/axi_awaddr_reg[25]' (FDRE) to 'inst/M_AXI_Interface_inst/axi_awaddr_reg[31]'
INFO: [Synth 8-3886] merging instance 'inst/M_AXI_Interface_inst/axi_awaddr_reg[26]' (FDRE) to 'inst/M_AXI_Interface_inst/axi_awaddr_reg[31]'
INFO: [Synth 8-3886] merging instance 'inst/M_AXI_Interface_inst/axi_awaddr_reg[27]' (FDRE) to 'inst/M_AXI_Interface_inst/axi_awaddr_reg[31]'
INFO: [Synth 8-3886] merging instance 'inst/M_AXI_Interface_inst/axi_awaddr_reg[28]' (FDRE) to 'inst/M_AXI_Interface_inst/axi_awaddr_reg[31]'
INFO: [Synth 8-3886] merging instance 'inst/M_AXI_Interface_inst/axi_awaddr_reg[29]' (FDRE) to 'inst/M_AXI_Interface_inst/axi_awaddr_reg[31]'
INFO: [Synth 8-3886] merging instance 'inst/M_AXI_Interface_inst/axi_awaddr_reg[30]' (FDRE) to 'inst/M_AXI_Interface_inst/axi_awaddr_reg[31]'
INFO: [Synth 8-3333] propagating constant 0 across sequential element (\inst/M_AXI_Interface_inst/axi_awaddr_reg[31] )
INFO: [Synth 8-3332] Sequential element (inst/S_AXILite_Interface_inst/rnext_reg[1]) is unused and will be removed from module design_1_Prefetch_master_slave_0_1.
INFO: [Synth 8-3332] Sequential element (inst/S_AXILite_Interface_inst/rnext_reg[0]) is unused and will be removed from module design_1_Prefetch_master_slave_0_1.
INFO: [Synth 8-3332] Sequential element (inst/S_AXILite_Interface_inst/rstate_reg[1]) is unused and will be removed from module design_1_Prefetch_master_slave_0_1.
INFO: [Synth 8-3332] Sequential element (inst/M_AXI_Interface_inst/axi_awaddr_reg[31]) is unused and will be removed from module design_1_Prefetch_master_slave_0_1.
INFO: [Synth 8-3332] Sequential element (inst/M_AXI_Interface_inst/axi_awaddr_reg[2]) is unused and will be removed from module design_1_Prefetch_master_slave_0_1.
INFO: [Synth 8-3332] Sequential element (inst/M_AXI_Interface_inst/axi_awvalid_reg) is unused and will be removed from module design_1_Prefetch_master_slave_0_1.
INFO: [Synth 8-3332] Sequential element (inst/M_AXI_Interface_inst/axi_wvalid_reg) is unused and will be removed from module design_1_Prefetch_master_slave_0_1.
INFO: [Synth 8-3332] Sequential element (inst/M_AXI_Interface_inst/axi_araddr_reg[0]) is unused and will be removed from module design_1_Prefetch_master_slave_0_1.
INFO: [Synth 8-3332] Sequential element (inst/M_AXI_Interface_inst/axi_araddr_reg[1]) is unused and will be removed from module design_1_Prefetch_master_slave_0_1.
---------------------------------------------------------------------------------
Finished Cross Boundary and Area Optimization : Time (s): cpu = 00:00:26 ; elapsed = 00:00:31 . Memory (MB): peak = 683.625 ; gain = 473.449
---------------------------------------------------------------------------------

Report RTL Partitions: 
+-+--------------+------------+----------+
| |RTL Partition |Replication |Instances |
+-+--------------+------------+----------+
+-+--------------+------------+----------+
---------------------------------------------------------------------------------
Start Timing Optimization
---------------------------------------------------------------------------------
---------------------------------------------------------------------------------
Start Applying XDC Timing Constraints
---------------------------------------------------------------------------------
---------------------------------------------------------------------------------
Finished Applying XDC Timing Constraints : Time (s): cpu = 00:00:39 ; elapsed = 00:00:44 . Memory (MB): peak = 683.625 ; gain = 473.449
---------------------------------------------------------------------------------
---------------------------------------------------------------------------------
Finished Timing Optimization : Time (s): cpu = 00:00:39 ; elapsed = 00:00:44 . Memory (MB): peak = 683.625 ; gain = 473.449
---------------------------------------------------------------------------------

Report RTL Partitions: 
+-+--------------+------------+----------+
| |RTL Partition |Replication |Instances |
+-+--------------+------------+----------+
+-+--------------+------------+----------+
---------------------------------------------------------------------------------
Start Technology Mapping
---------------------------------------------------------------------------------
---------------------------------------------------------------------------------
Finished Technology Mapping : Time (s): cpu = 00:00:39 ; elapsed = 00:00:44 . Memory (MB): peak = 683.625 ; gain = 473.449
---------------------------------------------------------------------------------

Report RTL Partitions: 
+-+--------------+------------+----------+
| |RTL Partition |Replication |Instances |
+-+--------------+------------+----------+
+-+--------------+------------+----------+
---------------------------------------------------------------------------------
Start IO Insertion
---------------------------------------------------------------------------------
---------------------------------------------------------------------------------
Start Flattening Before IO Insertion
---------------------------------------------------------------------------------
---------------------------------------------------------------------------------
Finished Flattening Before IO Insertion
---------------------------------------------------------------------------------
---------------------------------------------------------------------------------
Start Final Netlist Cleanup
---------------------------------------------------------------------------------
---------------------------------------------------------------------------------
Finished Final Netlist Cleanup
---------------------------------------------------------------------------------
---------------------------------------------------------------------------------
Finished IO Insertion : Time (s): cpu = 00:00:40 ; elapsed = 00:00:45 . Memory (MB): peak = 683.625 ; gain = 473.449
---------------------------------------------------------------------------------

Report Check Netlist: 
+------+------------------+-------+---------+-------+------------------+
|      |Item              |Errors |Warnings |Status |Description       |
+------+------------------+-------+---------+-------+------------------+
|1     |multi_driven_nets |      0|        0|Passed |Multi driven nets |
+------+------------------+-------+---------+-------+------------------+
---------------------------------------------------------------------------------
Start Renaming Generated Instances
---------------------------------------------------------------------------------
---------------------------------------------------------------------------------
Finished Renaming Generated Instances : Time (s): cpu = 00:00:40 ; elapsed = 00:00:45 . Memory (MB): peak = 683.625 ; gain = 473.449
---------------------------------------------------------------------------------

Report RTL Partitions: 
+-+--------------+------------+----------+
| |RTL Partition |Replication |Instances |
+-+--------------+------------+----------+
+-+--------------+------------+----------+
---------------------------------------------------------------------------------
Start Rebuilding User Hierarchy
---------------------------------------------------------------------------------
---------------------------------------------------------------------------------
Finished Rebuilding User Hierarchy : Time (s): cpu = 00:00:40 ; elapsed = 00:00:45 . Memory (MB): peak = 683.625 ; gain = 473.449
---------------------------------------------------------------------------------
---------------------------------------------------------------------------------
Start Renaming Generated Ports
---------------------------------------------------------------------------------
---------------------------------------------------------------------------------
Finished Renaming Generated Ports : Time (s): cpu = 00:00:40 ; elapsed = 00:00:45 . Memory (MB): peak = 683.625 ; gain = 473.449
---------------------------------------------------------------------------------
---------------------------------------------------------------------------------
Start Handling Custom Attributes
---------------------------------------------------------------------------------
---------------------------------------------------------------------------------
Finished Handling Custom Attributes : Time (s): cpu = 00:00:40 ; elapsed = 00:00:45 . Memory (MB): peak = 683.625 ; gain = 473.449
---------------------------------------------------------------------------------
---------------------------------------------------------------------------------
Start Renaming Generated Nets
---------------------------------------------------------------------------------
---------------------------------------------------------------------------------
Finished Renaming Generated Nets : Time (s): cpu = 00:00:40 ; elapsed = 00:00:45 . Memory (MB): peak = 683.625 ; gain = 473.449
---------------------------------------------------------------------------------
---------------------------------------------------------------------------------
Start Writing Synthesis Report
---------------------------------------------------------------------------------

Report BlackBoxes: 
+-+--------------+----------+
| |BlackBox name |Instances |
+-+--------------+----------+
+-+--------------+----------+

Report Cell Usage: 
+------+-------+------+
|      |Cell   |Count |
+------+-------+------+
|1     |CARRY4 |    28|
|2     |LUT1   |    46|
|3     |LUT2   |    38|
|4     |LUT3   |    68|
|5     |LUT4   |     9|
|6     |LUT5   |     5|
|7     |LUT6   |     7|
|8     |FDRE   |   223|
+------+-------+------+

Report Instance Areas: 
+------+-----------------------------+---------------------------+------+
|      |Instance                     |Module                     |Cells |
+------+-----------------------------+---------------------------+------+
|1     |top                          |                           |   424|
|2     |  inst                       |Prefetch_master_slave_v1_0 |   424|
|3     |    M_AXI_Interface_inst     |M_AXI_Interface            |   297|
|4     |    S_AXILite_Interface_inst |S_AXILite_Interface        |   127|
+------+-----------------------------+---------------------------+------+
---------------------------------------------------------------------------------
Finished Writing Synthesis Report : Time (s): cpu = 00:00:40 ; elapsed = 00:00:45 . Memory (MB): peak = 683.625 ; gain = 473.449
---------------------------------------------------------------------------------
Synthesis finished with 0 errors, 0 critical warnings and 47 warnings.
Synthesis Optimization Runtime : Time (s): cpu = 00:00:19 ; elapsed = 00:00:25 . Memory (MB): peak = 683.625 ; gain = 107.059
Synthesis Optimization Complete : Time (s): cpu = 00:00:40 ; elapsed = 00:00:45 . Memory (MB): peak = 683.625 ; gain = 473.449
INFO: [Project 1-571] Translating synthesized netlist
INFO: [Netlist 29-17] Analyzing 28 Unisim elements for replacement
INFO: [Netlist 29-28] Unisim Transformation completed in 0 CPU seconds
INFO: [Project 1-570] Preparing netlist for logic optimization
INFO: [Opt 31-138] Pushed 0 inverter(s) to 0 load pin(s).
INFO: [Project 1-111] Unisim Transformation Summary:
No Unisim elements were transformed.

INFO: [Common 17-83] Releasing license: Synthesis
130 Infos, 102 Warnings, 0 Critical Warnings and 0 Errors encountered.
synth_design completed successfully
synth_design: Time (s): cpu = 00:00:33 ; elapsed = 00:00:34 . Memory (MB): peak = 683.625 ; gain = 423.703
INFO: [Common 17-1381] The checkpoint 'A:/COMP_ARCH/PYNQ_Projects/Vivado_prj/Prefetch_master_slave/Prefetch_master_slave.runs/design_1_Prefetch_master_slave_0_1_synth_1/design_1_Prefetch_master_slave_0_1.dcp' has been generated.
