15:48:17 INFO  : Registering command handlers for SDK TCF services
15:48:18 INFO  : Launching XSCT server: xsct.bat -interactive A:\PYNQ_Projects\ACP_try\ACP_try.sdk\temp_xsdb_launch_script.tcl
15:48:26 INFO  : XSCT server has started successfully.
15:48:26 INFO  : Successfully done setting XSCT server connection channel  
15:48:45 INFO  : Successfully done setting SDK workspace  
15:48:45 INFO  : Processing command line option -hwspec A:/PYNQ_Projects/ACP_try/ACP_try.sdk/design_1_wrapper.hdf.
16:06:58 INFO  : Connected to target on host '127.0.0.1' and port '3121'.
16:07:00 INFO  : 'targets -set -filter {jtag_cable_name =~ "Xilinx PYNQ-Z1 003017A6E014A" && level==0} -index 1' command is executed.
16:07:02 INFO  : FPGA configured successfully with bitstream "A:/PYNQ_Projects/ACP_try/ACP_try.sdk/design_1_wrapper_hw_platform_0/design_1_wrapper.bit"
16:08:28 INFO  : ps7_init is completed.
16:08:28 INFO  : ps7_post_config is completed.
16:08:28 INFO  : Processor reset is completed for ps7_cortexa9_0
16:16:46 INFO  : Processor reset is completed for ps7_cortexa9_0
16:31:22 INFO  : SDK has detected change in the last modified timestamps for source hardware specification file Source:1584520251681,  Project:1584516876162
16:31:22 INFO  : Project design_1_wrapper_hw_platform_0's source hardware specification located at A:/PYNQ_Projects/ACP_try/ACP_try.sdk/design_1_wrapper.hdf is now different from the local copy.
		 The local copy will be replaced with the source specification and your workspace will be updated.
16:31:35 INFO  : Copied contents of A:/PYNQ_Projects/ACP_try/ACP_try.sdk/design_1_wrapper.hdf into \design_1_wrapper_hw_platform_0\system.hdf.
16:31:41 INFO  : Synchronizing projects in the workspace with the hardware platform specification changes.
16:31:42 ERROR : (XSDB Server)ERROR: [Hsi 55-1433] Error boost::filesystem::directory_iterator::construct: Access is denied: "C:/Users/Haresh Prasannha/AppData/Local/Temp\PW\11804\903441A0-A47D-46F1-AECE-41A7E4E9085A"

16:31:42 ERROR : Failed to call sync_sw_with_hw_change
Reason: ERROR: [Common 17-39] 'hsi::open_sw_design' failed due to earlier errors.

16:31:42 ERROR : Error updating BSP project MSS files.
16:31:43 INFO  : Updating hardware inferred compiler options for ACP_test.
16:31:43 INFO  : Clearing existing target manager status.
16:31:43 INFO  : Closing and re-opening the MSS file of ther project ACP_test_bsp
16:31:43 ERROR : (XSDB Server)ERROR: [Hsi 55-1558] Software Design system system is not found

16:31:43 ERROR :  [Common 17-39] 'hsi::current_sw_design' failed due to earlier errors.
16:31:43 ERROR : (XSDB Server)ERROR: [Hsi 55-1558] Software Design system system is not found

16:31:43 INFO  : Unable to read in MSS file A:\PYNQ_Projects\ACP_try\ACP_try.sdk\ACP_test_bsp\system.mss : null
16:31:43 ERROR : (XSDB Server)ERROR: [Hsi 55-1558] Software Design system system is not found

16:31:43 ERROR : (XSDB Server)ERROR: [Hsi 55-1558] Software Design system system is not found

16:31:45 ERROR : (XSDB Server)ERROR: [Hsi 55-1558] Software Design system system is not found

16:31:45 ERROR :  [Common 17-39] 'hsi::current_sw_design' failed due to earlier errors.
16:31:45 ERROR : (XSDB Server)ERROR: [Hsi 55-1558] Software Design system system is not found

16:31:45 INFO  : Unable to read in MSS file A:\PYNQ_Projects\ACP_try\ACP_try.sdk\ACP_test_bsp\system.mss : null
16:31:45 ERROR : (XSDB Server)ERROR: [Hsi 55-1558] Software Design system system is not found

16:31:45 ERROR : Failed to closesw "A:/PYNQ_Projects/ACP_try/ACP_try.sdk/ACP_test_bsp/system.mss"
Reason: Cannot close sw design 'A:/PYNQ_Projects/ACP_try/ACP_try.sdk/ACP_test_bsp/system.mss'.
Design is not opened in the current session.


16:31:45 INFO  : Workspace synchronized with the new hardware specification file. Cleaning dependent projects...
16:31:45 WARN  : Linker script will not be updated automatically. Users need to update it manually.
16:32:56 ERROR : (XSDB Server)ERROR: [Hsi 55-1558] Software Design system system is not found

16:32:56 ERROR :  [Common 17-39] 'hsi::current_sw_design' failed due to earlier errors.
16:32:56 ERROR : (XSDB Server)ERROR: [Hsi 55-1558] Software Design system system is not found

16:32:56 INFO  : Unable to read in MSS file A:\PYNQ_Projects\ACP_try\ACP_try.sdk\ACP_test_bsp\system.mss : null
16:32:57 ERROR : (XSDB Server)ERROR: [Hsi 55-1558] Software Design system system is not found

16:32:57 ERROR : (XSDB Server)ERROR: [Hsi 55-1558] Software Design system system is not found

16:32:57 ERROR : Failed to get_connected_periphs
Reason: ERROR: [Common 17-55] 'get_property' expects at least one object.
Resolution: If [get_<value>] was used to populate the object, check to make sure this command returns at least one valid object.

16:33:01 ERROR : (XSDB Server)ERROR: [Hsi 55-1558] Software Design system system is not found

16:33:01 ERROR :  [Common 17-39] 'hsi::current_sw_design' failed due to earlier errors.
16:33:01 ERROR : (XSDB Server)ERROR: [Hsi 55-1558] Software Design system system is not found

16:33:01 INFO  : Unable to read in MSS file A:\PYNQ_Projects\ACP_try\ACP_try.sdk\ACP_test_bsp\system.mss : null
16:33:01 ERROR : (XSDB Server)ERROR: [Hsi 55-1558] Software Design system system is not found

16:33:01 ERROR : (XSDB Server)ERROR: [Hsi 55-1558] Software Design system system is not found

16:33:03 ERROR : (XSDB Server)ERROR: [Hsi 55-1558] Software Design system system is not found

16:33:03 ERROR :  [Common 17-39] 'hsi::current_sw_design' failed due to earlier errors.
16:33:03 ERROR : (XSDB Server)ERROR: [Hsi 55-1558] Software Design system system is not found

16:33:03 INFO  : Unable to read in MSS file A:\PYNQ_Projects\ACP_try\ACP_try.sdk\ACP_test_bsp\system.mss : null
16:33:03 ERROR : (XSDB Server)ERROR: [Hsi 55-1558] Software Design system system is not found

16:33:03 ERROR : Failed to closesw "A:/PYNQ_Projects/ACP_try/ACP_try.sdk/ACP_test_bsp/system.mss"
Reason: Cannot close sw design 'A:/PYNQ_Projects/ACP_try/ACP_try.sdk/ACP_test_bsp/system.mss'.
Design is not opened in the current session.


16:33:41 INFO  : Connected to target on host '127.0.0.1' and port '3121'.
16:33:41 INFO  : 'targets -set -filter {jtag_cable_name =~ "Xilinx PYNQ-Z1 003017A6E014A" && level==0} -index 1' command is executed.
16:33:44 INFO  : FPGA configured successfully with bitstream "A:/PYNQ_Projects/ACP_try/ACP_try.sdk/design_1_wrapper_hw_platform_0/design_1_wrapper.bit"
16:33:49 ERROR : (XSDB Server)ERROR: [Hsi 55-1558] Software Design system system is not found

16:33:49 ERROR :  [Common 17-39] 'hsi::current_sw_design' failed due to earlier errors.
16:33:49 ERROR : (XSDB Server)ERROR: [Hsi 55-1558] Software Design system system is not found

16:33:49 INFO  : Unable to read in MSS file A:\PYNQ_Projects\ACP_try\ACP_try.sdk\ACP_test_bsp\system.mss : null
16:33:49 ERROR : Failed to closesw "A:/PYNQ_Projects/ACP_try/ACP_try.sdk/ACP_test_bsp/system.mss"
Reason: Cannot close sw design 'A:/PYNQ_Projects/ACP_try/ACP_try.sdk/ACP_test_bsp/system.mss'.
Design is not opened in the current session.


16:34:36 INFO  : Processor reset is completed for ps7_cortexa9_0
16:59:43 INFO  : Processor reset is completed for ps7_cortexa9_0
17:00:42 INFO  : Processor reset is completed for ps7_cortexa9_0
17:01:37 INFO  : Processor reset is completed for ps7_cortexa9_0
17:04:24 INFO  : Processor reset is completed for ps7_cortexa9_0
17:05:14 INFO  : Processor reset is completed for ps7_cortexa9_0
19:28:18 ERROR : Unexpected error while parsing XMD response ?: com.google.gson.JsonSyntaxException: com.google.gson.stream.MalformedJsonException: invalid number or unquoted string near 
10:43:06 INFO  : Registering command handlers for SDK TCF services
10:43:07 INFO  : Launching XSCT server: xsct.bat -interactive A:\PYNQ_Projects\ACP_try\ACP_try.sdk\temp_xsdb_launch_script.tcl
10:43:19 INFO  : XSCT server has started successfully.
10:43:41 INFO  : Successfully done setting XSCT server connection channel  
10:43:41 INFO  : Processing command line option -hwspec A:/PYNQ_Projects/ACP_try/ACP_try.sdk/design_1_wrapper.hdf.
10:43:41 INFO  : Successfully done setting SDK workspace  
10:43:41 INFO  : Checking for hwspec changes in the project design_1_wrapper_hw_platform_0.
