20:15:40 INFO  : Registering command handlers for SDK TCF services
20:15:41 INFO  : Launching XSCT server: xsct.bat -interactive A:\COMP_ARCH\PYNQ_Projects\Vivado_prj\skipprefetch_Dynamic_N\skipprefetch_Dynamic_N.sdk\temp_xsdb_launch_script.tcl
20:15:45 INFO  : XSCT server has started successfully.
20:15:45 INFO  : Successfully done setting XSCT server connection channel  
20:15:46 INFO  : Processing command line option -hwspec A:/COMP_ARCH/PYNQ_Projects/Vivado_prj/skipprefetch_Dynamic_N/skipprefetch_Dynamic_N.sdk/design_1_wrapper.hdf.
20:15:46 INFO  : Successfully done setting SDK workspace  
20:17:12 INFO  : Inferring section assignments and sizes from elf file: A:\COMP_ARCH\PYNQ_Projects\Vivado_prj\skipprefetch_Dynamic_N\skipprefetch_Dynamic_N.sdk\test_ip\Debug\test_ip.elf
20:17:22 INFO  : Successfully generated A:\COMP_ARCH\PYNQ_Projects\Vivado_prj\skipprefetch_Dynamic_N\skipprefetch_Dynamic_N.sdk\test_ip\src\lscript.ld.
20:17:22 INFO  : Applying linker script to all configurations of project test_ip.
20:17:22 INFO  : Setting rebuild state to true for all configurations of project test_ip.
20:18:41 INFO  : Connected to target on host '127.0.0.1' and port '3121'.
20:18:43 INFO  : 'targets -set -filter {jtag_cable_name =~ "Xilinx PYNQ-Z1 003017A6E019A" && level==0} -index 1' command is executed.
20:18:45 INFO  : FPGA configured successfully with bitstream "A:/COMP_ARCH/PYNQ_Projects/Vivado_prj/skipprefetch_Dynamic_N/skipprefetch_Dynamic_N.sdk/design_1_wrapper_hw_platform_0/design_1_wrapper.bit"
20:21:17 INFO  : ps7_init is completed.
20:21:17 INFO  : ps7_post_config is completed.
20:21:17 INFO  : Processor reset is completed for ps7_cortexa9_0
20:22:13 INFO  : Processor reset is completed for ps7_cortexa9_0
20:25:21 INFO  : Processor reset is completed for ps7_cortexa9_0
20:25:28 INFO  : Processor reset is completed for ps7_cortexa9_0
20:27:07 INFO  : Processor reset is completed for ps7_cortexa9_0
20:34:58 INFO  : Processor reset is completed for ps7_cortexa9_0
20:36:29 INFO  : Processor reset is completed for ps7_cortexa9_0
20:36:37 INFO  : Processor reset is completed for ps7_cortexa9_0
20:37:37 INFO  : Processor reset is completed for ps7_cortexa9_0
20:37:46 INFO  : Processor reset is completed for ps7_cortexa9_0
20:37:51 INFO  : Processor reset is completed for ps7_cortexa9_0
20:37:55 INFO  : Processor reset is completed for ps7_cortexa9_0
20:38:00 INFO  : Processor reset is completed for ps7_cortexa9_0
20:38:11 INFO  : Processor reset is completed for ps7_cortexa9_0
20:38:31 ERROR : Checking FPGA configuration failed..Connection to Board Failed


    Unknown Error Occured
    Cable is not powered-on

20:38:31 ERROR : Unexpected error while launching program.
com.xilinx.sdk.targetmanager.TMException: Connection to Board Failed


    Unknown Error Occured
    Cable is not powered-on

	at com.xilinx.sdk.targetmanager.internal.TM.isFPGAConfigured(TM.java:374)
	at com.xilinx.sdk.debug.core.XilinxAppLaunchConfigurationDelegate.isFpgaConfigured(XilinxAppLaunchConfigurationDelegate.java:409)
	at com.xilinx.sdk.debug.core.XilinxAppLaunchConfigurationDelegate.launch(XilinxAppLaunchConfigurationDelegate.java:303)
	at com.xilinx.sdk.debug.ui.XilinxAppLaunchDelegateWrapper.launch(XilinxAppLaunchDelegateWrapper.java:31)
	at org.eclipse.debug.internal.core.LaunchConfiguration.launch(LaunchConfiguration.java:885)
	at org.eclipse.debug.internal.core.LaunchConfiguration.launch(LaunchConfiguration.java:739)
	at org.eclipse.debug.internal.ui.DebugUIPlugin.buildAndLaunch(DebugUIPlugin.java:1039)
	at org.eclipse.debug.internal.ui.DebugUIPlugin$8.run(DebugUIPlugin.java:1256)
	at org.eclipse.core.internal.jobs.Worker.run(Worker.java:55)
20:38:38 INFO  : Connected to target on host '127.0.0.1' and port '3121'.
20:38:38 INFO  : 'targets -set -filter {jtag_cable_name =~ "Xilinx PYNQ-Z1 003017A6E019A" && level==0} -index 1' command is executed.
20:38:41 INFO  : FPGA configured successfully with bitstream "A:/COMP_ARCH/PYNQ_Projects/Vivado_prj/skipprefetch_Dynamic_N/skipprefetch_Dynamic_N.sdk/design_1_wrapper_hw_platform_0/design_1_wrapper.bit"
20:38:46 INFO  : ps7_init is completed.
20:38:46 INFO  : ps7_post_config is completed.
20:38:46 INFO  : Processor reset is completed for ps7_cortexa9_0
20:39:34 INFO  : Processor reset is completed for ps7_cortexa9_0
20:40:06 INFO  : Processor reset is completed for ps7_cortexa9_0
20:54:16 INFO  : Processor reset is completed for ps7_cortexa9_0
20:58:40 INFO  : Processor reset is completed for ps7_cortexa9_0
20:58:53 INFO  : Processor reset is completed for ps7_cortexa9_0
21:02:57 INFO  : Processor reset is completed for ps7_cortexa9_0
21:03:22 INFO  : Processor reset is completed for ps7_cortexa9_0
21:05:00 INFO  : Processor reset is completed for ps7_cortexa9_0
21:06:02 INFO  : Processor reset is completed for ps7_cortexa9_0
21:06:16 INFO  : Processor reset is completed for ps7_cortexa9_0
21:07:14 INFO  : Processor reset is completed for ps7_cortexa9_0
21:07:52 INFO  : Processor reset is completed for ps7_cortexa9_0
21:08:09 INFO  : Processor reset is completed for ps7_cortexa9_0
21:08:30 INFO  : Processor reset is completed for ps7_cortexa9_0
21:09:10 INFO  : Processor reset is completed for ps7_cortexa9_0
21:09:35 INFO  : Processor reset is completed for ps7_cortexa9_0
21:10:18 INFO  : Processor reset is completed for ps7_cortexa9_0
21:13:17 INFO  : Processor reset is completed for ps7_cortexa9_0
21:15:22 INFO  : Processor reset is completed for ps7_cortexa9_0
21:17:30 INFO  : Processor reset is completed for ps7_cortexa9_0
21:18:19 INFO  : Processor reset is completed for ps7_cortexa9_0
21:19:17 INFO  : Processor reset is completed for ps7_cortexa9_0
21:19:41 INFO  : Processor reset is completed for ps7_cortexa9_0
21:20:50 INFO  : Processor reset is completed for ps7_cortexa9_0
21:21:42 INFO  : Processor reset is completed for ps7_cortexa9_0
21:22:30 INFO  : Processor reset is completed for ps7_cortexa9_0
21:22:50 INFO  : Processor reset is completed for ps7_cortexa9_0
21:23:40 INFO  : Processor reset is completed for ps7_cortexa9_0
21:24:27 INFO  : Processor reset is completed for ps7_cortexa9_0
21:24:54 INFO  : Processor reset is completed for ps7_cortexa9_0
21:25:08 INFO  : Processor reset is completed for ps7_cortexa9_0
21:25:33 INFO  : Processor reset is completed for ps7_cortexa9_0
21:25:56 INFO  : Processor reset is completed for ps7_cortexa9_0
21:36:23 INFO  : Processor reset is completed for ps7_cortexa9_0
21:37:16 INFO  : Processor reset is completed for ps7_cortexa9_0
21:42:59 INFO  : Processor reset is completed for ps7_cortexa9_0
21:43:27 INFO  : Processor reset is completed for ps7_cortexa9_0
21:44:59 INFO  : Processor reset is completed for ps7_cortexa9_0
21:45:31 ERROR : Unexpected error while parsing XMD response ?: com.google.gson.JsonSyntaxException: com.google.gson.stream.MalformedJsonException: invalid number or unquoted string near 
11:43:36 INFO  : Registering command handlers for SDK TCF services
11:43:37 INFO  : Launching XSCT server: xsct.bat -interactive A:\COMP_ARCH\PYNQ_Projects\Vivado_prj\skipprefetch_Dynamic_N\skipprefetch_Dynamic_N.sdk\temp_xsdb_launch_script.tcl
11:43:55 INFO  : XSCT server has started successfully.
11:44:04 INFO  : Successfully done setting XSCT server connection channel  
11:44:05 INFO  : Successfully done setting SDK workspace  
11:46:19 INFO  : Connected to target on host '127.0.0.1' and port '3121'.
11:46:21 INFO  : 'targets -set -filter {jtag_cable_name =~ "Xilinx PYNQ-Z1 003017A6E019A" && level==0} -index 1' command is executed.
11:46:24 INFO  : FPGA configured successfully with bitstream "A:/COMP_ARCH/PYNQ_Projects/Vivado_prj/skipprefetch_Dynamic_N/skipprefetch_Dynamic_N.sdk/design_1_wrapper_hw_platform_0/design_1_wrapper.bit"
11:46:46 INFO  : ps7_init is completed.
11:46:47 INFO  : ps7_post_config is completed.
11:46:47 INFO  : Processor reset is completed for ps7_cortexa9_0
11:46:57 INFO  : Processor reset is completed for ps7_cortexa9_0
11:47:04 INFO  : Processor reset is completed for ps7_cortexa9_0
11:47:12 INFO  : Processor reset is completed for ps7_cortexa9_0
11:47:22 INFO  : Processor reset is completed for ps7_cortexa9_0
11:47:27 INFO  : Processor reset is completed for ps7_cortexa9_0
11:48:38 INFO  : Processor reset is completed for ps7_cortexa9_0
14:42:09 ERROR : Unexpected error while parsing XMD response ?: com.google.gson.JsonSyntaxException: com.google.gson.stream.MalformedJsonException: invalid number or unquoted string near 
