16:57:25 INFO  : Registering command handlers for SDK TCF services
16:57:27 INFO  : Launching XSCT server: xsct.bat -interactive A:\COMP_ARCH\PYNQ_Projects\Vivado_prj\skipList_prefetch_N_elem\skipList_prefetch_N_elem.sdk\temp_xsdb_launch_script.tcl
16:57:30 INFO  : XSCT server has started successfully.
16:57:31 INFO  : Processing command line option -hwspec A:/COMP_ARCH/PYNQ_Projects/Vivado_prj/skipList_prefetch_N_elem/skipList_prefetch_N_elem.sdk/design_1_wrapper.hdf.
16:57:31 INFO  : Successfully done setting XSCT server connection channel  
16:57:31 INFO  : Successfully done setting SDK workspace  
16:58:54 INFO  : Inferring section assignments and sizes from elf file: A:\COMP_ARCH\PYNQ_Projects\Vivado_prj\skipList_prefetch_N_elem\skipList_prefetch_N_elem.sdk\skiplist_prefetch\Debug\skiplist_prefetch.elf
16:59:04 INFO  : Successfully generated A:\COMP_ARCH\PYNQ_Projects\Vivado_prj\skipList_prefetch_N_elem\skipList_prefetch_N_elem.sdk\skiplist_prefetch\src\lscript.ld.
16:59:04 INFO  : Applying linker script to all configurations of project skiplist_prefetch.
16:59:04 INFO  : Setting rebuild state to true for all configurations of project skiplist_prefetch.
16:59:15 INFO  : Connected to target on host '127.0.0.1' and port '3121'.
16:59:16 INFO  : 'targets -set -filter {jtag_cable_name =~ "Xilinx PYNQ-Z1 003017A6E019A" && level==0} -index 1' command is executed.
16:59:18 INFO  : FPGA configured successfully with bitstream "A:/COMP_ARCH/PYNQ_Projects/Vivado_prj/skipList_prefetch_N_elem/skipList_prefetch_N_elem.sdk/design_1_wrapper_hw_platform_0/design_1_wrapper.bit"
16:59:49 INFO  : Inferring section assignments and sizes from elf file: A:\COMP_ARCH\PYNQ_Projects\Vivado_prj\skipList_prefetch_N_elem\skipList_prefetch_N_elem.sdk\skiplist_prefetch\Debug\skiplist_prefetch.elf
17:00:09 INFO  : ps7_init is completed.
17:00:09 INFO  : ps7_post_config is completed.
17:00:09 INFO  : Processor reset is completed for ps7_cortexa9_0
17:00:20 INFO  : Processor reset is completed for ps7_cortexa9_0
17:00:24 INFO  : Processor reset is completed for ps7_cortexa9_0
17:00:35 INFO  : Processor reset is completed for ps7_cortexa9_0
17:01:04 INFO  : Processor reset is completed for ps7_cortexa9_0
17:01:08 INFO  : Processor reset is completed for ps7_cortexa9_0
17:01:13 INFO  : Processor reset is completed for ps7_cortexa9_0
17:01:18 INFO  : Processor reset is completed for ps7_cortexa9_0
17:01:22 INFO  : Processor reset is completed for ps7_cortexa9_0
17:01:40 INFO  : Processor reset is completed for ps7_cortexa9_0
17:02:01 INFO  : Connected to target on host '127.0.0.1' and port '3121'.
17:02:04 INFO  : 'targets -set -filter {jtag_cable_name =~ "Xilinx PYNQ-Z1 003017A6E019A" && level==0} -index 1' command is executed.
17:02:07 INFO  : FPGA configured successfully with bitstream "A:/COMP_ARCH/PYNQ_Projects/Vivado_prj/skipList_prefetch_N_elem/skipList_prefetch_N_elem.sdk/design_1_wrapper_hw_platform_0/design_1_wrapper.bit"
17:02:12 INFO  : ps7_init is completed.
17:02:12 INFO  : ps7_post_config is completed.
17:02:13 INFO  : Processor reset is completed for ps7_cortexa9_0
17:02:25 INFO  : Processor reset is completed for ps7_cortexa9_0
17:02:34 INFO  : Processor reset is completed for ps7_cortexa9_0
17:02:46 INFO  : Processor reset is completed for ps7_cortexa9_0
17:02:54 INFO  : Processor reset is completed for ps7_cortexa9_0
17:03:02 INFO  : Processor reset is completed for ps7_cortexa9_0
17:03:10 INFO  : Processor reset is completed for ps7_cortexa9_0
17:04:44 INFO  : Processor reset is completed for ps7_cortexa9_0
17:05:00 ERROR : Unexpected error while parsing XMD response ?: com.google.gson.JsonSyntaxException: com.google.gson.stream.MalformedJsonException: invalid number or unquoted string near 
