13:19:01 **** Build of project test_ip_bsp ****
make -k all 
"Running Make include in ps7_cortexa9_0/libsrc/coresightps_dcc_v1_3/src"
make -C ps7_cortexa9_0/libsrc/coresightps_dcc_v1_3/src -s include  "SHELL=CMD" "COMPILER=arm-none-eabi-gcc" "ARCHIVER=arm-none-eabi-ar" "COMPILER_FLAGS=  -O2 -c" "EXTRA_COMPILER_FLAGS=-mcpu=cortex-a9 -mfpu=vfpv3 -mfloat-abi=hard -nostartfiles"
"Running Make include in ps7_cortexa9_0/libsrc/cpu_cortexa9_v2_3/src"
make -C ps7_cortexa9_0/libsrc/cpu_cortexa9_v2_3/src -s include  "SHELL=CMD" "COMPILER=arm-none-eabi-gcc" "ARCHIVER=arm-none-eabi-ar" "COMPILER_FLAGS=  -O2 -c" "EXTRA_COMPILER_FLAGS=-mcpu=cortex-a9 -mfpu=vfpv3 -mfloat-abi=hard -nostartfiles"
"Running Make include in ps7_cortexa9_0/libsrc/ddrps_v1_0/src"
make -C ps7_cortexa9_0/libsrc/ddrps_v1_0/src -s include  "SHELL=CMD" "COMPILER=arm-none-eabi-gcc" "ARCHIVER=arm-none-eabi-ar" "COMPILER_FLAGS=  -O2 -c" "EXTRA_COMPILER_FLAGS=-mcpu=cortex-a9 -mfpu=vfpv3 -mfloat-abi=hard -nostartfiles"
"Running Make include in ps7_cortexa9_0/libsrc/devcfg_v3_4/src"
make -C ps7_cortexa9_0/libsrc/devcfg_v3_4/src -s include  "SHELL=CMD" "COMPILER=arm-none-eabi-gcc" "ARCHIVER=arm-none-eabi-ar" "COMPILER_FLAGS=  -O2 -c" "EXTRA_COMPILER_FLAGS=-mcpu=cortex-a9 -mfpu=vfpv3 -mfloat-abi=hard -nostartfiles"
"Running Make include in ps7_cortexa9_0/libsrc/dmaps_v2_2/src"
make -C ps7_cortexa9_0/libsrc/dmaps_v2_2/src -s include  "SHELL=CMD" "COMPILER=arm-none-eabi-gcc" "ARCHIVER=arm-none-eabi-ar" "COMPILER_FLAGS=  -O2 -c" "EXTRA_COMPILER_FLAGS=-mcpu=cortex-a9 -mfpu=vfpv3 -mfloat-abi=hard -nostartfiles"
"Running Make include in ps7_cortexa9_0/libsrc/emacps_v3_3/src"
make -C ps7_cortexa9_0/libsrc/emacps_v3_3/src -s include  "SHELL=CMD" "COMPILER=arm-none-eabi-gcc" "ARCHIVER=arm-none-eabi-ar" "COMPILER_FLAGS=  -O2 -c" "EXTRA_COMPILER_FLAGS=-mcpu=cortex-a9 -mfpu=vfpv3 -mfloat-abi=hard -nostartfiles"
"Running Make include in ps7_cortexa9_0/libsrc/gpiops_v3_1/src"
make -C ps7_cortexa9_0/libsrc/gpiops_v3_1/src -s include  "SHELL=CMD" "COMPILER=arm-none-eabi-gcc" "ARCHIVER=arm-none-eabi-ar" "COMPILER_FLAGS=  -O2 -c" "EXTRA_COMPILER_FLAGS=-mcpu=cortex-a9 -mfpu=vfpv3 -mfloat-abi=hard -nostartfiles"
"Running Make include in ps7_cortexa9_0/libsrc/qspips_v3_3/src"
make -C ps7_cortexa9_0/libsrc/qspips_v3_3/src -s include  "SHELL=CMD" "COMPILER=arm-none-eabi-gcc" "ARCHIVER=arm-none-eabi-ar" "COMPILER_FLAGS=  -O2 -c" "EXTRA_COMPILER_FLAGS=-mcpu=cortex-a9 -mfpu=vfpv3 -mfloat-abi=hard -nostartfiles"
"Running Make include in ps7_cortexa9_0/libsrc/scugic_v3_4/src"
make -C ps7_cortexa9_0/libsrc/scugic_v3_4/src -s include  "SHELL=CMD" "COMPILER=arm-none-eabi-gcc" "ARCHIVER=arm-none-eabi-ar" "COMPILER_FLAGS=  -O2 -c" "EXTRA_COMPILER_FLAGS=-mcpu=cortex-a9 -mfpu=vfpv3 -mfloat-abi=hard -nostartfiles"
"Running Make include in ps7_cortexa9_0/libsrc/scutimer_v2_1/src"
make -C ps7_cortexa9_0/libsrc/scutimer_v2_1/src -s include  "SHELL=CMD" "COMPILER=arm-none-eabi-gcc" "ARCHIVER=arm-none-eabi-ar" "COMPILER_FLAGS=  -O2 -c" "EXTRA_COMPILER_FLAGS=-mcpu=cortex-a9 -mfpu=vfpv3 -mfloat-abi=hard -nostartfiles"
"Running Make include in ps7_cortexa9_0/libsrc/scuwdt_v2_1/src"
make -C ps7_cortexa9_0/libsrc/scuwdt_v2_1/src -s include  "SHELL=CMD" "COMPILER=arm-none-eabi-gcc" "ARCHIVER=arm-none-eabi-ar" "COMPILER_FLAGS=  -O2 -c" "EXTRA_COMPILER_FLAGS=-mcpu=cortex-a9 -mfpu=vfpv3 -mfloat-abi=hard -nostartfiles"
"Running Make include in ps7_cortexa9_0/libsrc/sdps_v3_0/src"
make -C ps7_cortexa9_0/libsrc/sdps_v3_0/src -s include  "SHELL=CMD" "COMPILER=arm-none-eabi-gcc" "ARCHIVER=arm-none-eabi-ar" "COMPILER_FLAGS=  -O2 -c" "EXTRA_COMPILER_FLAGS=-mcpu=cortex-a9 -mfpu=vfpv3 -mfloat-abi=hard -nostartfiles"
"Running Make include in ps7_cortexa9_0/libsrc/skipprefetch_Nelem_v1_0/src"
make -C ps7_cortexa9_0/libsrc/skipprefetch_Nelem_v1_0/src -s include  "SHELL=CMD" "COMPILER=arm-none-eabi-gcc" "ARCHIVER=arm-none-eabi-ar" "COMPILER_FLAGS=  -O2 -c" "EXTRA_COMPILER_FLAGS=-mcpu=cortex-a9 -mfpu=vfpv3 -mfloat-abi=hard -nostartfiles"
"Running Make include in ps7_cortexa9_0/libsrc/standalone_v6_0/src"
make -C ps7_cortexa9_0/libsrc/standalone_v6_0/src -s include  "SHELL=CMD" "COMPILER=arm-none-eabi-gcc" "ARCHIVER=arm-none-eabi-ar" "COMPILER_FLAGS=  -O2 -c" "EXTRA_COMPILER_FLAGS=-mcpu=cortex-a9 -mfpu=vfpv3 -mfloat-abi=hard -nostartfiles"
"Running Make include in ps7_cortexa9_0/libsrc/uartps_v3_2/src"
make -C ps7_cortexa9_0/libsrc/uartps_v3_2/src -s include  "SHELL=CMD" "COMPILER=arm-none-eabi-gcc" "ARCHIVER=arm-none-eabi-ar" "COMPILER_FLAGS=  -O2 -c" "EXTRA_COMPILER_FLAGS=-mcpu=cortex-a9 -mfpu=vfpv3 -mfloat-abi=hard -nostartfiles"
"Running Make include in ps7_cortexa9_0/libsrc/usbps_v2_4/src"
make -C ps7_cortexa9_0/libsrc/usbps_v2_4/src -s include  "SHELL=CMD" "COMPILER=arm-none-eabi-gcc" "ARCHIVER=arm-none-eabi-ar" "COMPILER_FLAGS=  -O2 -c" "EXTRA_COMPILER_FLAGS=-mcpu=cortex-a9 -mfpu=vfpv3 -mfloat-abi=hard -nostartfiles"
"Running Make include in ps7_cortexa9_0/libsrc/xadcps_v2_2/src"
make -C ps7_cortexa9_0/libsrc/xadcps_v2_2/src -s include  "SHELL=CMD" "COMPILER=arm-none-eabi-gcc" "ARCHIVER=arm-none-eabi-ar" "COMPILER_FLAGS=  -O2 -c" "EXTRA_COMPILER_FLAGS=-mcpu=cortex-a9 -mfpu=vfpv3 -mfloat-abi=hard -nostartfiles"
"Running Make libs in ps7_cortexa9_0/libsrc/coresightps_dcc_v1_3/src"
make -C ps7_cortexa9_0/libsrc/coresightps_dcc_v1_3/src -s libs  "SHELL=CMD" "COMPILER=arm-none-eabi-gcc" "ARCHIVER=arm-none-eabi-ar" "COMPILER_FLAGS=  -O2 -c" "EXTRA_COMPILER_FLAGS=-mcpu=cortex-a9 -mfpu=vfpv3 -mfloat-abi=hard -nostartfiles"
"Compiling coresightps_dcc"
arm-none-eabi-ar: creating ../../../lib/libxil.a
"Running Make libs in ps7_cortexa9_0/libsrc/cpu_cortexa9_v2_3/src"
make -C ps7_cortexa9_0/libsrc/cpu_cortexa9_v2_3/src -s libs  "SHELL=CMD" "COMPILER=arm-none-eabi-gcc" "ARCHIVER=arm-none-eabi-ar" "COMPILER_FLAGS=  -O2 -c" "EXTRA_COMPILER_FLAGS=-mcpu=cortex-a9 -mfpu=vfpv3 -mfloat-abi=hard -nostartfiles"
"Compiling cpu_cortexa9"
"Running Make libs in ps7_cortexa9_0/libsrc/ddrps_v1_0/src"
make -C ps7_cortexa9_0/libsrc/ddrps_v1_0/src -s libs  "SHELL=CMD" "COMPILER=arm-none-eabi-gcc" "ARCHIVER=arm-none-eabi-ar" "COMPILER_FLAGS=  -O2 -c" "EXTRA_COMPILER_FLAGS=-mcpu=cortex-a9 -mfpu=vfpv3 -mfloat-abi=hard -nostartfiles"
"Compiling ddrps"
"Running Make libs in ps7_cortexa9_0/libsrc/devcfg_v3_4/src"
make -C ps7_cortexa9_0/libsrc/devcfg_v3_4/src -s libs  "SHELL=CMD" "COMPILER=arm-none-eabi-gcc" "ARCHIVER=arm-none-eabi-ar" "COMPILER_FLAGS=  -O2 -c" "EXTRA_COMPILER_FLAGS=-mcpu=cortex-a9 -mfpu=vfpv3 -mfloat-abi=hard -nostartfiles"
"Compiling devcfg"
"Running Make libs in ps7_cortexa9_0/libsrc/dmaps_v2_2/src"
make -C ps7_cortexa9_0/libsrc/dmaps_v2_2/src -s libs  "SHELL=CMD" "COMPILER=arm-none-eabi-gcc" "ARCHIVER=arm-none-eabi-ar" "COMPILER_FLAGS=  -O2 -c" "EXTRA_COMPILER_FLAGS=-mcpu=cortex-a9 -mfpu=vfpv3 -mfloat-abi=hard -nostartfiles"
"Compiling dmaps"
"Running Make libs in ps7_cortexa9_0/libsrc/emacps_v3_3/src"
make -C ps7_cortexa9_0/libsrc/emacps_v3_3/src -s libs  "SHELL=CMD" "COMPILER=arm-none-eabi-gcc" "ARCHIVER=arm-none-eabi-ar" "COMPILER_FLAGS=  -O2 -c" "EXTRA_COMPILER_FLAGS=-mcpu=cortex-a9 -mfpu=vfpv3 -mfloat-abi=hard -nostartfiles"
"Compiling emacps"
"Running Make libs in ps7_cortexa9_0/libsrc/gpiops_v3_1/src"
make -C ps7_cortexa9_0/libsrc/gpiops_v3_1/src -s libs  "SHELL=CMD" "COMPILER=arm-none-eabi-gcc" "ARCHIVER=arm-none-eabi-ar" "COMPILER_FLAGS=  -O2 -c" "EXTRA_COMPILER_FLAGS=-mcpu=cortex-a9 -mfpu=vfpv3 -mfloat-abi=hard -nostartfiles"
"Compiling gpiops"
"Running Make libs in ps7_cortexa9_0/libsrc/qspips_v3_3/src"
make -C ps7_cortexa9_0/libsrc/qspips_v3_3/src -s libs  "SHELL=CMD" "COMPILER=arm-none-eabi-gcc" "ARCHIVER=arm-none-eabi-ar" "COMPILER_FLAGS=  -O2 -c" "EXTRA_COMPILER_FLAGS=-mcpu=cortex-a9 -mfpu=vfpv3 -mfloat-abi=hard -nostartfiles"
"Compiling qspips"
"Running Make libs in ps7_cortexa9_0/libsrc/scugic_v3_4/src"
make -C ps7_cortexa9_0/libsrc/scugic_v3_4/src -s libs  "SHELL=CMD" "COMPILER=arm-none-eabi-gcc" "ARCHIVER=arm-none-eabi-ar" "COMPILER_FLAGS=  -O2 -c" "EXTRA_COMPILER_FLAGS=-mcpu=cortex-a9 -mfpu=vfpv3 -mfloat-abi=hard -nostartfiles"
"Compiling scugic"
"Running Make libs in ps7_cortexa9_0/libsrc/scutimer_v2_1/src"
make -C ps7_cortexa9_0/libsrc/scutimer_v2_1/src -s libs  "SHELL=CMD" "COMPILER=arm-none-eabi-gcc" "ARCHIVER=arm-none-eabi-ar" "COMPILER_FLAGS=  -O2 -c" "EXTRA_COMPILER_FLAGS=-mcpu=cortex-a9 -mfpu=vfpv3 -mfloat-abi=hard -nostartfiles"
"Compiling scutimer"
"Running Make libs in ps7_cortexa9_0/libsrc/scuwdt_v2_1/src"
make -C ps7_cortexa9_0/libsrc/scuwdt_v2_1/src -s libs  "SHELL=CMD" "COMPILER=arm-none-eabi-gcc" "ARCHIVER=arm-none-eabi-ar" "COMPILER_FLAGS=  -O2 -c" "EXTRA_COMPILER_FLAGS=-mcpu=cortex-a9 -mfpu=vfpv3 -mfloat-abi=hard -nostartfiles"
"Compiling scuwdt"
"Running Make libs in ps7_cortexa9_0/libsrc/sdps_v3_0/src"
make -C ps7_cortexa9_0/libsrc/sdps_v3_0/src -s libs  "SHELL=CMD" "COMPILER=arm-none-eabi-gcc" "ARCHIVER=arm-none-eabi-ar" "COMPILER_FLAGS=  -O2 -c" "EXTRA_COMPILER_FLAGS=-mcpu=cortex-a9 -mfpu=vfpv3 -mfloat-abi=hard -nostartfiles"
"Compiling sdps"
"Running Make libs in ps7_cortexa9_0/libsrc/skipprefetch_Nelem_v1_0/src"
make -C ps7_cortexa9_0/libsrc/skipprefetch_Nelem_v1_0/src -s libs  "SHELL=CMD" "COMPILER=arm-none-eabi-gcc" "ARCHIVER=arm-none-eabi-ar" "COMPILER_FLAGS=  -O2 -c" "EXTRA_COMPILER_FLAGS=-mcpu=cortex-a9 -mfpu=vfpv3 -mfloat-abi=hard -nostartfiles"
"Compiling skipprefetch_Nelem"
"Running Make libs in ps7_cortexa9_0/libsrc/standalone_v6_0/src"
make -C ps7_cortexa9_0/libsrc/standalone_v6_0/src -s libs  "SHELL=CMD" "COMPILER=arm-none-eabi-gcc" "ARCHIVER=arm-none-eabi-ar" "COMPILER_FLAGS=  -O2 -c" "EXTRA_COMPILER_FLAGS=-mcpu=cortex-a9 -mfpu=vfpv3 -mfloat-abi=hard -nostartfiles"
"Compiling standalone"
"Running Make libs in ps7_cortexa9_0/libsrc/uartps_v3_2/src"
make -C ps7_cortexa9_0/libsrc/uartps_v3_2/src -s libs  "SHELL=CMD" "COMPILER=arm-none-eabi-gcc" "ARCHIVER=arm-none-eabi-ar" "COMPILER_FLAGS=  -O2 -c" "EXTRA_COMPILER_FLAGS=-mcpu=cortex-a9 -mfpu=vfpv3 -mfloat-abi=hard -nostartfiles"
"Compiling uartps"
"Running Make libs in ps7_cortexa9_0/libsrc/usbps_v2_4/src"
make -C ps7_cortexa9_0/libsrc/usbps_v2_4/src -s libs  "SHELL=CMD" "COMPILER=arm-none-eabi-gcc" "ARCHIVER=arm-none-eabi-ar" "COMPILER_FLAGS=  -O2 -c" "EXTRA_COMPILER_FLAGS=-mcpu=cortex-a9 -mfpu=vfpv3 -mfloat-abi=hard -nostartfiles"
"Compiling usbps"
"Running Make libs in ps7_cortexa9_0/libsrc/xadcps_v2_2/src"
make -C ps7_cortexa9_0/libsrc/xadcps_v2_2/src -s libs  "SHELL=CMD" "COMPILER=arm-none-eabi-gcc" "ARCHIVER=arm-none-eabi-ar" "COMPILER_FLAGS=  -O2 -c" "EXTRA_COMPILER_FLAGS=-mcpu=cortex-a9 -mfpu=vfpv3 -mfloat-abi=hard -nostartfiles"
"Compiling xadcps"
'Finished building libraries'
13:19:39 **** Build of configuration Debug for project test_ip ****
make pre-build main-build 
a9-linaro-pre-build-step
' '
'Building file: ../src/helloworld.c'
'Invoking: ARM v7 gcc compiler'
arm-none-eabi-gcc -Wall -O0 -g3 -c -fmessage-length=0 -MT"src/helloworld.o" -mcpu=cortex-a9 -mfpu=vfpv3 -mfloat-abi=hard -I../../test_ip_bsp/ps7_cortexa9_0/include -MMD -MP -MF"src/helloworld.d" -MT"src/helloworld.o" -o "src/helloworld.o" "../src/helloworld.c"
'Finished building: ../src/helloworld.c'
' '
'Building file: ../src/platform.c'
'Invoking: ARM v7 gcc compiler'
arm-none-eabi-gcc -Wall -O0 -g3 -c -fmessage-length=0 -MT"src/platform.o" -mcpu=cortex-a9 -mfpu=vfpv3 -mfloat-abi=hard -I../../test_ip_bsp/ps7_cortexa9_0/include -MMD -MP -MF"src/platform.d" -MT"src/platform.o" -o "src/platform.o" "../src/platform.c"
'Finished building: ../src/platform.c'
' '
'Building target: test_ip.elf'
'Invoking: ARM v7 gcc linker'
arm-none-eabi-gcc -mcpu=cortex-a9 -mfpu=vfpv3 -mfloat-abi=hard -Wl,-build-id=none -specs=Xilinx.spec -Wl,-T -Wl,../src/lscript.ld -L../../test_ip_bsp/ps7_cortexa9_0/lib -o "test_ip.elf"  ./src/helloworld.o ./src/platform.o   -Wl,--start-group,-lxil,-lgcc,-lc,--end-group
c:/xilinx/sdk/2016.3/gnu/aarch32/nt/gcc-arm-none-eabi/bin/../lib/gcc/arm-none-eabi/5.2.1/../../../../arm-none-eabi/bin/ld.exe:../src/lscript.ld:52: warning: memory region `ps7_ddr_0_S_AXI_BASEADDR' not declared
c:/xilinx/sdk/2016.3/gnu/aarch32/nt/gcc-arm-none-eabi/bin/../lib/gcc/arm-none-eabi/5.2.1/../../../../arm-none-eabi/bin/ld.exe: error: no memory region specified for loadable section `.text'
collect2.exe: error: ld returned 1 exit status
make: *** [test_ip.elf] Error 1
13:19:43 **** Auto Build of configuration Debug for project test_ip ****
make pre-build main-build 
a9-linaro-pre-build-step
' '
'Building target: test_ip.elf'
'Invoking: ARM v7 gcc linker'
arm-none-eabi-gcc -mcpu=cortex-a9 -mfpu=vfpv3 -mfloat-abi=hard -Wl,-build-id=none -specs=Xilinx.spec -Wl,-T -Wl,../src/lscript.ld -L../../test_ip_bsp/ps7_cortexa9_0/lib -o "test_ip.elf"  ./src/helloworld.o ./src/platform.o   -Wl,--start-group,-lxil,-lgcc,-lc,--end-group
c:/xilinx/sdk/2016.3/gnu/aarch32/nt/gcc-arm-none-eabi/bin/../lib/gcc/arm-none-eabi/5.2.1/../../../../arm-none-eabi/bin/ld.exe:../src/lscript.ld:52: warning: memory region `ps7_ddr_0_S_AXI_BASEADDR' not declared
c:/xilinx/sdk/2016.3/gnu/aarch32/nt/gcc-arm-none-eabi/bin/../lib/gcc/arm-none-eabi/5.2.1/../../../../arm-none-eabi/bin/ld.exe: error: no memory region specified for loadable section `.text'
collect2.exe: error: ld returned 1 exit status
make: *** [test_ip.elf] Error 1
13:19:59 **** Clean-only build of configuration Debug for project test_ip ****
make clean 
rm -rf  ./src/helloworld.o ./src/platform.o  ./src/helloworld.d ./src/platform.d  test_ip.elf.size  test_ip.elf
' '
13:20:00 **** Auto Build of configuration Debug for project test_ip ****
make pre-build main-build 
a9-linaro-pre-build-step
' '
'Building file: ../src/helloworld.c'
'Invoking: ARM v7 gcc compiler'
arm-none-eabi-gcc -Wall -O3 -g3 -c -fmessage-length=0 -MT"src/helloworld.o" -mcpu=cortex-a9 -mfpu=vfpv3 -mfloat-abi=hard -I../../test_ip_bsp/ps7_cortexa9_0/include -MMD -MP -MF"src/helloworld.d" -MT"src/helloworld.o" -o "src/helloworld.o" "../src/helloworld.c"
'Finished building: ../src/helloworld.c'
' '
'Building file: ../src/platform.c'
'Invoking: ARM v7 gcc compiler'
arm-none-eabi-gcc -Wall -O3 -g3 -c -fmessage-length=0 -MT"src/platform.o" -mcpu=cortex-a9 -mfpu=vfpv3 -mfloat-abi=hard -I../../test_ip_bsp/ps7_cortexa9_0/include -MMD -MP -MF"src/platform.d" -MT"src/platform.o" -o "src/platform.o" "../src/platform.c"
'Finished building: ../src/platform.c'
' '
'Building target: test_ip.elf'
'Invoking: ARM v7 gcc linker'
arm-none-eabi-gcc -mcpu=cortex-a9 -mfpu=vfpv3 -mfloat-abi=hard -Wl,-build-id=none -specs=Xilinx.spec -Wl,-T -Wl,../src/lscript.ld -L../../test_ip_bsp/ps7_cortexa9_0/lib -o "test_ip.elf"  ./src/helloworld.o ./src/platform.o   -Wl,--start-group,-lxil,-lgcc,-lc,--end-group
c:/xilinx/sdk/2016.3/gnu/aarch32/nt/gcc-arm-none-eabi/bin/../lib/gcc/arm-none-eabi/5.2.1/../../../../arm-none-eabi/bin/ld.exe:../src/lscript.ld:52: warning: memory region `ps7_ddr_0_S_AXI_BASEADDR' not declared
c:/xilinx/sdk/2016.3/gnu/aarch32/nt/gcc-arm-none-eabi/bin/../lib/gcc/arm-none-eabi/5.2.1/../../../../arm-none-eabi/bin/ld.exe: error: no memory region specified for loadable section `.text'
collect2.exe: error: ld returned 1 exit status
make: *** [test_ip.elf] Error 1
13:20:11 **** Auto Build of configuration Debug for project test_ip ****
make pre-build main-build 
a9-linaro-pre-build-step
' '
'Building file: ../src/helloworld.c'
'Invoking: ARM v7 gcc compiler'
arm-none-eabi-gcc -Wall -O3 -g3 -c -fmessage-length=0 -MT"src/helloworld.o" -mcpu=cortex-a9 -mfpu=vfpv3 -mfloat-abi=hard -I../../test_ip_bsp/ps7_cortexa9_0/include -MMD -MP -MF"src/helloworld.d" -MT"src/helloworld.o" -o "src/helloworld.o" "../src/helloworld.c"
../src/helloworld.c: In function 'main':
../src/helloworld.c:209:6: warning: unused variable 'sum' [-Wunused-variable]
  int sum = 0;
      ^
../src/helloworld.c:208:15: warning: unused variable 'new_temp1' [-Wunused-variable]
  struct node *new_temp1;
               ^
../src/helloworld.c:125:15: warning: unused variable 'elem_400' [-Wunused-variable]
  struct node *elem_400[n/prefetch_intr];
               ^
../src/helloworld.c:213:19: warning: 'prefetch_window' is used uninitialized in this function [-Wuninitialized]
  *prefetch_window = pref_n;
                   ^
'Finished building: ../src/helloworld.c'
' '
'Building target: test_ip.elf'
'Invoking: ARM v7 gcc linker'
arm-none-eabi-gcc -mcpu=cortex-a9 -mfpu=vfpv3 -mfloat-abi=hard -Wl,-build-id=none -specs=Xilinx.spec -Wl,-T -Wl,../src/lscript.ld -L../../test_ip_bsp/ps7_cortexa9_0/lib -o "test_ip.elf"  ./src/helloworld.o ./src/platform.o   -Wl,--start-group,-lxil,-lgcc,-lc,--end-group
c:/xilinx/sdk/2016.3/gnu/aarch32/nt/gcc-arm-none-eabi/bin/../lib/gcc/arm-none-eabi/5.2.1/../../../../arm-none-eabi/bin/ld.exe:../src/lscript.ld:52: warning: memory region `ps7_ddr_0_S_AXI_BASEADDR' not declared
c:/xilinx/sdk/2016.3/gnu/aarch32/nt/gcc-arm-none-eabi/bin/../lib/gcc/arm-none-eabi/5.2.1/../../../../arm-none-eabi/bin/ld.exe: error: no memory region specified for loadable section `.text'
collect2.exe: error: ld returned 1 exit status
make: *** [test_ip.elf] Error 1
13:43:19 **** Auto Build of configuration Debug for project test_ip ****
make pre-build main-build 
a9-linaro-pre-build-step
' '
'Building file: ../src/helloworld.c'
'Invoking: ARM v7 gcc compiler'
arm-none-eabi-gcc -Wall -O3 -g3 -c -fmessage-length=0 -MT"src/helloworld.o" -mcpu=cortex-a9 -mfpu=vfpv3 -mfloat-abi=hard -I../../test_ip_bsp/ps7_cortexa9_0/include -MMD -MP -MF"src/helloworld.d" -MT"src/helloworld.o" -o "src/helloworld.o" "../src/helloworld.c"
../src/helloworld.c: In function 'main':
../src/helloworld.c:209:6: warning: unused variable 'sum' [-Wunused-variable]
  int sum = 0;
      ^
../src/helloworld.c:208:15: warning: unused variable 'new_temp1' [-Wunused-variable]
  struct node *new_temp1;
               ^
../src/helloworld.c:125:15: warning: unused variable 'elem_400' [-Wunused-variable]
  struct node *elem_400[n/prefetch_intr];
               ^
../src/helloworld.c:213:19: warning: 'prefetch_window' is used uninitialized in this function [-Wuninitialized]
  *prefetch_window = pref_n;
                   ^
'Finished building: ../src/helloworld.c'
' '
'Building target: test_ip.elf'
'Invoking: ARM v7 gcc linker'
arm-none-eabi-gcc -mcpu=cortex-a9 -mfpu=vfpv3 -mfloat-abi=hard -Wl,-build-id=none -specs=Xilinx.spec -Wl,-T -Wl,../src/lscript.ld -L../../test_ip_bsp/ps7_cortexa9_0/lib -o "test_ip.elf"  ./src/helloworld.o ./src/platform.o   -Wl,--start-group,-lxil,-lgcc,-lc,--end-group
c:/xilinx/sdk/2016.3/gnu/aarch32/nt/gcc-arm-none-eabi/bin/../lib/gcc/arm-none-eabi/5.2.1/../../../../arm-none-eabi/bin/ld.exe:../src/lscript.ld:52: warning: memory region `ps7_ddr_0_S_AXI_BASEADDR' not declared
c:/xilinx/sdk/2016.3/gnu/aarch32/nt/gcc-arm-none-eabi/bin/../lib/gcc/arm-none-eabi/5.2.1/../../../../arm-none-eabi/bin/ld.exe: error: no memory region specified for loadable section `.text'
collect2.exe: error: ld returned 1 exit status
make: *** [test_ip.elf] Error 1
13:44:20 **** Auto Build of configuration Debug for project test_ip ****
make pre-build main-build 
a9-linaro-pre-build-step
' '
'Building file: ../src/helloworld.c'
'Invoking: ARM v7 gcc compiler'
arm-none-eabi-gcc -Wall -O3 -g3 -c -fmessage-length=0 -MT"src/helloworld.o" -mcpu=cortex-a9 -mfpu=vfpv3 -mfloat-abi=hard -I../../test_ip_bsp/ps7_cortexa9_0/include -MMD -MP -MF"src/helloworld.d" -MT"src/helloworld.o" -o "src/helloworld.o" "../src/helloworld.c"
../src/helloworld.c: In function 'main':
../src/helloworld.c:209:6: warning: unused variable 'sum' [-Wunused-variable]
  int sum = 0;
      ^
../src/helloworld.c:208:15: warning: unused variable 'new_temp1' [-Wunused-variable]
  struct node *new_temp1;
               ^
../src/helloworld.c:125:15: warning: unused variable 'elem_400' [-Wunused-variable]
  struct node *elem_400[n/prefetch_intr];
               ^
../src/helloworld.c:213:19: warning: 'prefetch_window' is used uninitialized in this function [-Wuninitialized]
  *prefetch_window = pref_n;
                   ^
'Finished building: ../src/helloworld.c'
' '
'Building target: test_ip.elf'
'Invoking: ARM v7 gcc linker'
arm-none-eabi-gcc -mcpu=cortex-a9 -mfpu=vfpv3 -mfloat-abi=hard -Wl,-build-id=none -specs=Xilinx.spec -Wl,-T -Wl,../src/lscript.ld -L../../test_ip_bsp/ps7_cortexa9_0/lib -o "test_ip.elf"  ./src/helloworld.o ./src/platform.o   -Wl,--start-group,-lxil,-lgcc,-lc,--end-group
c:/xilinx/sdk/2016.3/gnu/aarch32/nt/gcc-arm-none-eabi/bin/../lib/gcc/arm-none-eabi/5.2.1/../../../../arm-none-eabi/bin/ld.exe:../src/lscript.ld:52: warning: memory region `ps7_ddr_0_S_AXI_BASEADDR' not declared
c:/xilinx/sdk/2016.3/gnu/aarch32/nt/gcc-arm-none-eabi/bin/../lib/gcc/arm-none-eabi/5.2.1/../../../../arm-none-eabi/bin/ld.exe: error: no memory region specified for loadable section `.text'
collect2.exe: error: ld returned 1 exit status
make: *** [test_ip.elf] Error 1
13:44:43 **** Clean-only build of configuration Debug for project test_ip ****
make clean 
rm -rf  ./src/helloworld.o ./src/platform.o  ./src/helloworld.d ./src/platform.d  test_ip.elf.size  test_ip.elf
' '
13:44:43 **** Auto Build of configuration Debug for project test_ip ****
make pre-build main-build 
a9-linaro-pre-build-step
' '
'Building file: ../src/helloworld.c'
'Invoking: ARM v7 gcc compiler'
arm-none-eabi-gcc -Wall -O3 -g3 -c -fmessage-length=0 -MT"src/helloworld.o" -mcpu=cortex-a9 -mfpu=vfpv3 -mfloat-abi=hard -I../../test_ip_bsp/ps7_cortexa9_0/include -MMD -MP -MF"src/helloworld.d" -MT"src/helloworld.o" -o "src/helloworld.o" "../src/helloworld.c"
../src/helloworld.c: In function 'main':
../src/helloworld.c:209:6: warning: unused variable 'sum' [-Wunused-variable]
  int sum = 0;
      ^
../src/helloworld.c:208:15: warning: unused variable 'new_temp1' [-Wunused-variable]
  struct node *new_temp1;
               ^
../src/helloworld.c:125:15: warning: unused variable 'elem_400' [-Wunused-variable]
  struct node *elem_400[n/prefetch_intr];
               ^
../src/helloworld.c:213:19: warning: 'prefetch_window' is used uninitialized in this function [-Wuninitialized]
  *prefetch_window = pref_n;
                   ^
'Finished building: ../src/helloworld.c'
' '
'Building file: ../src/platform.c'
'Invoking: ARM v7 gcc compiler'
arm-none-eabi-gcc -Wall -O3 -g3 -c -fmessage-length=0 -MT"src/platform.o" -mcpu=cortex-a9 -mfpu=vfpv3 -mfloat-abi=hard -I../../test_ip_bsp/ps7_cortexa9_0/include -MMD -MP -MF"src/platform.d" -MT"src/platform.o" -o "src/platform.o" "../src/platform.c"
'Finished building: ../src/platform.c'
' '
'Building target: test_ip.elf'
'Invoking: ARM v7 gcc linker'
arm-none-eabi-gcc -mcpu=cortex-a9 -mfpu=vfpv3 -mfloat-abi=hard -Wl,-build-id=none -specs=Xilinx.spec -Wl,-T -Wl,../src/lscript.ld -L../../test_ip_bsp/ps7_cortexa9_0/lib -o "test_ip.elf"  ./src/helloworld.o ./src/platform.o   -Wl,--start-group,-lxil,-lgcc,-lc,--end-group
'Finished building target: test_ip.elf'
' '
'Invoking: ARM v7 Print Size'
arm-none-eabi-size test_ip.elf  |tee "test_ip.elf.size"
   text	   data	    bss	    dec	    hex	filename
  81952	   2596	209722160	209806708	c816574	test_ip.elf
'Finished building: test_ip.elf.size'
' '
13:44:52 **** Auto Build of configuration Debug for project test_ip ****
make pre-build main-build 
a9-linaro-pre-build-step
' '
'Building file: ../src/helloworld.c'
'Invoking: ARM v7 gcc compiler'
arm-none-eabi-gcc -Wall -O3 -g3 -c -fmessage-length=0 -MT"src/helloworld.o" -mcpu=cortex-a9 -mfpu=vfpv3 -mfloat-abi=hard -I../../test_ip_bsp/ps7_cortexa9_0/include -MMD -MP -MF"src/helloworld.d" -MT"src/helloworld.o" -o "src/helloworld.o" "../src/helloworld.c"
../src/helloworld.c: In function 'main':
../src/helloworld.c:209:6: warning: unused variable 'sum' [-Wunused-variable]
  int sum = 0;
      ^
../src/helloworld.c:208:15: warning: unused variable 'new_temp1' [-Wunused-variable]
  struct node *new_temp1;
               ^
../src/helloworld.c:125:15: warning: unused variable 'elem_400' [-Wunused-variable]
  struct node *elem_400[n/prefetch_intr];
               ^
../src/helloworld.c:213:19: warning: 'prefetch_window' is used uninitialized in this function [-Wuninitialized]
  *prefetch_window = pref_n;
                   ^
'Finished building: ../src/helloworld.c'
' '
'Building target: test_ip.elf'
'Invoking: ARM v7 gcc linker'
arm-none-eabi-gcc -mcpu=cortex-a9 -mfpu=vfpv3 -mfloat-abi=hard -Wl,-build-id=none -specs=Xilinx.spec -Wl,-T -Wl,../src/lscript.ld -L../../test_ip_bsp/ps7_cortexa9_0/lib -o "test_ip.elf"  ./src/helloworld.o ./src/platform.o   -Wl,--start-group,-lxil,-lgcc,-lc,--end-group
'Finished building target: test_ip.elf'
' '
'Invoking: ARM v7 Print Size'
arm-none-eabi-size test_ip.elf  |tee "test_ip.elf.size"
   text	   data	    bss	    dec	    hex	filename
  81952	   2596	209722160	209806708	c816574	test_ip.elf
'Finished building: test_ip.elf.size'
' '
13:46:35 **** Incremental Build of configuration Debug for project test_ip ****
make pre-build main-build 
a9-linaro-pre-build-step
' '
make: Nothing to be done for `main-build'.
13:48:09 **** Incremental Build of configuration Debug for project test_ip ****
make pre-build main-build 
a9-linaro-pre-build-step
' '
make: Nothing to be done for `main-build'.
13:48:15 **** Auto Build of configuration Debug for project test_ip ****
make pre-build main-build 
a9-linaro-pre-build-step
' '
'Building file: ../src/helloworld.c'
'Invoking: ARM v7 gcc compiler'
arm-none-eabi-gcc -Wall -O3 -g3 -c -fmessage-length=0 -MT"src/helloworld.o" -mcpu=cortex-a9 -mfpu=vfpv3 -mfloat-abi=hard -I../../test_ip_bsp/ps7_cortexa9_0/include -MMD -MP -MF"src/helloworld.d" -MT"src/helloworld.o" -o "src/helloworld.o" "../src/helloworld.c"
../src/helloworld.c: In function 'main':
../src/helloworld.c:209:6: warning: unused variable 'sum' [-Wunused-variable]
  int sum = 0;
      ^
../src/helloworld.c:208:15: warning: unused variable 'new_temp1' [-Wunused-variable]
  struct node *new_temp1;
               ^
../src/helloworld.c:125:15: warning: unused variable 'elem_400' [-Wunused-variable]
  struct node *elem_400[n/prefetch_intr];
               ^
../src/helloworld.c:213:19: warning: 'prefetch_window' is used uninitialized in this function [-Wuninitialized]
  *prefetch_window = pref_n;
                   ^
'Finished building: ../src/helloworld.c'
' '
'Building target: test_ip.elf'
'Invoking: ARM v7 gcc linker'
arm-none-eabi-gcc -mcpu=cortex-a9 -mfpu=vfpv3 -mfloat-abi=hard -Wl,-build-id=none -specs=Xilinx.spec -Wl,-T -Wl,../src/lscript.ld -L../../test_ip_bsp/ps7_cortexa9_0/lib -o "test_ip.elf"  ./src/helloworld.o ./src/platform.o   -Wl,--start-group,-lxil,-lgcc,-lc,--end-group
'Finished building target: test_ip.elf'
' '
'Invoking: ARM v7 Print Size'
arm-none-eabi-size test_ip.elf  |tee "test_ip.elf.size"
   text	   data	    bss	    dec	    hex	filename
  81916	   2596	209722160	209806672	c816550	test_ip.elf
'Finished building: test_ip.elf.size'
' '
13:48:19 **** Incremental Build of configuration Debug for project test_ip ****
make pre-build main-build 
a9-linaro-pre-build-step
' '
make: Nothing to be done for `main-build'.
13:49:12 **** Auto Build of configuration Debug for project test_ip ****
make pre-build main-build 
a9-linaro-pre-build-step
' '
'Building file: ../src/helloworld.c'
'Invoking: ARM v7 gcc compiler'
arm-none-eabi-gcc -Wall -O3 -g3 -c -fmessage-length=0 -MT"src/helloworld.o" -mcpu=cortex-a9 -mfpu=vfpv3 -mfloat-abi=hard -I../../test_ip_bsp/ps7_cortexa9_0/include -MMD -MP -MF"src/helloworld.d" -MT"src/helloworld.o" -o "src/helloworld.o" "../src/helloworld.c"
../src/helloworld.c: In function 'main':
../src/helloworld.c:209:6: warning: unused variable 'sum' [-Wunused-variable]
  int sum = 0;
      ^
../src/helloworld.c:125:15: warning: unused variable 'elem_400' [-Wunused-variable]
  struct node *elem_400[n/prefetch_intr];
               ^
../src/helloworld.c:213:19: warning: 'prefetch_window' is used uninitialized in this function [-Wuninitialized]
  *prefetch_window = pref_n;
                   ^
../src/helloworld.c:265:5: warning: 'new_temp1' may be used uninitialized in this function [-Wmaybe-uninitialized]
     xil_printf("Value passed to HLS IP: %d\n",(new_temp1)->val);
     ^
'Finished building: ../src/helloworld.c'
' '
'Building target: test_ip.elf'
'Invoking: ARM v7 gcc linker'
arm-none-eabi-gcc -mcpu=cortex-a9 -mfpu=vfpv3 -mfloat-abi=hard -Wl,-build-id=none -specs=Xilinx.spec -Wl,-T -Wl,../src/lscript.ld -L../../test_ip_bsp/ps7_cortexa9_0/lib -o "test_ip.elf"  ./src/helloworld.o ./src/platform.o   -Wl,--start-group,-lxil,-lgcc,-lc,--end-group
'Finished building target: test_ip.elf'
' '
'Invoking: ARM v7 Print Size'
arm-none-eabi-size test_ip.elf  |tee "test_ip.elf.size"
   text	   data	    bss	    dec	    hex	filename
  81968	   2596	209722160	209806724	c816584	test_ip.elf
'Finished building: test_ip.elf.size'
' '
13:49:15 **** Incremental Build of configuration Debug for project test_ip ****
make pre-build main-build 
a9-linaro-pre-build-step
' '
make: Nothing to be done for `main-build'.
13:50:07 **** Auto Build of configuration Debug for project test_ip ****
make pre-build main-build 
a9-linaro-pre-build-step
' '
'Building file: ../src/helloworld.c'
'Invoking: ARM v7 gcc compiler'
arm-none-eabi-gcc -Wall -O3 -g3 -c -fmessage-length=0 -MT"src/helloworld.o" -mcpu=cortex-a9 -mfpu=vfpv3 -mfloat-abi=hard -I../../test_ip_bsp/ps7_cortexa9_0/include -MMD -MP -MF"src/helloworld.d" -MT"src/helloworld.o" -o "src/helloworld.o" "../src/helloworld.c"
../src/helloworld.c: In function 'main':
../src/helloworld.c:209:6: warning: unused variable 'sum' [-Wunused-variable]
  int sum = 0;
      ^
../src/helloworld.c:208:15: warning: unused variable 'new_temp1' [-Wunused-variable]
  struct node *new_temp1;
               ^
../src/helloworld.c:125:15: warning: unused variable 'elem_400' [-Wunused-variable]
  struct node *elem_400[n/prefetch_intr];
               ^
../src/helloworld.c:213:19: warning: 'prefetch_window' is used uninitialized in this function [-Wuninitialized]
  *prefetch_window = pref_n;
                   ^
'Finished building: ../src/helloworld.c'
' '
'Building target: test_ip.elf'
'Invoking: ARM v7 gcc linker'
arm-none-eabi-gcc -mcpu=cortex-a9 -mfpu=vfpv3 -mfloat-abi=hard -Wl,-build-id=none -specs=Xilinx.spec -Wl,-T -Wl,../src/lscript.ld -L../../test_ip_bsp/ps7_cortexa9_0/lib -o "test_ip.elf"  ./src/helloworld.o ./src/platform.o   -Wl,--start-group,-lxil,-lgcc,-lc,--end-group
'Finished building target: test_ip.elf'
' '
'Invoking: ARM v7 Print Size'
arm-none-eabi-size test_ip.elf  |tee "test_ip.elf.size"
   text	   data	    bss	    dec	    hex	filename
  81972	   2596	209722160	209806728	c816588	test_ip.elf
'Finished building: test_ip.elf.size'
' '
13:50:10 **** Incremental Build of configuration Debug for project test_ip ****
make pre-build main-build 
a9-linaro-pre-build-step
' '
make: Nothing to be done for `main-build'.
13:50:21 **** Auto Build of configuration Debug for project test_ip ****
make pre-build main-build 
a9-linaro-pre-build-step
' '
'Building file: ../src/helloworld.c'
'Invoking: ARM v7 gcc compiler'
arm-none-eabi-gcc -Wall -O3 -g3 -c -fmessage-length=0 -MT"src/helloworld.o" -mcpu=cortex-a9 -mfpu=vfpv3 -mfloat-abi=hard -I../../test_ip_bsp/ps7_cortexa9_0/include -MMD -MP -MF"src/helloworld.d" -MT"src/helloworld.o" -o "src/helloworld.o" "../src/helloworld.c"
../src/helloworld.c: In function 'main':
../src/helloworld.c:209:6: warning: unused variable 'sum' [-Wunused-variable]
  int sum = 0;
      ^
../src/helloworld.c:208:15: warning: unused variable 'new_temp1' [-Wunused-variable]
  struct node *new_temp1;
               ^
../src/helloworld.c:125:15: warning: unused variable 'elem_400' [-Wunused-variable]
  struct node *elem_400[n/prefetch_intr];
               ^
../src/helloworld.c:213:19: warning: 'prefetch_window' is used uninitialized in this function [-Wuninitialized]
  *prefetch_window = pref_n;
                   ^
'Finished building: ../src/helloworld.c'
' '
'Building target: test_ip.elf'
'Invoking: ARM v7 gcc linker'
arm-none-eabi-gcc -mcpu=cortex-a9 -mfpu=vfpv3 -mfloat-abi=hard -Wl,-build-id=none -specs=Xilinx.spec -Wl,-T -Wl,../src/lscript.ld -L../../test_ip_bsp/ps7_cortexa9_0/lib -o "test_ip.elf"  ./src/helloworld.o ./src/platform.o   -Wl,--start-group,-lxil,-lgcc,-lc,--end-group
'Finished building target: test_ip.elf'
' '
'Invoking: ARM v7 Print Size'
arm-none-eabi-size test_ip.elf  |tee "test_ip.elf.size"
   text	   data	    bss	    dec	    hex	filename
  81924	   2596	209722160	209806680	c816558	test_ip.elf
'Finished building: test_ip.elf.size'
' '
13:50:25 **** Incremental Build of configuration Debug for project test_ip ****
make pre-build main-build 
a9-linaro-pre-build-step
' '
make: Nothing to be done for `main-build'.
13:51:19 **** Auto Build of configuration Debug for project test_ip ****
make pre-build main-build 
a9-linaro-pre-build-step
' '
'Building file: ../src/helloworld.c'
'Invoking: ARM v7 gcc compiler'
arm-none-eabi-gcc -Wall -O3 -g3 -c -fmessage-length=0 -MT"src/helloworld.o" -mcpu=cortex-a9 -mfpu=vfpv3 -mfloat-abi=hard -I../../test_ip_bsp/ps7_cortexa9_0/include -MMD -MP -MF"src/helloworld.d" -MT"src/helloworld.o" -o "src/helloworld.o" "../src/helloworld.c"
../src/helloworld.c: In function 'main':
../src/helloworld.c:209:6: warning: unused variable 'sum' [-Wunused-variable]
  int sum = 0;
      ^
../src/helloworld.c:213:19: warning: 'prefetch_window' is used uninitialized in this function [-Wuninitialized]
  *prefetch_window = pref_n;
                   ^
'Finished building: ../src/helloworld.c'
' '
'Building target: test_ip.elf'
'Invoking: ARM v7 gcc linker'
arm-none-eabi-gcc -mcpu=cortex-a9 -mfpu=vfpv3 -mfloat-abi=hard -Wl,-build-id=none -specs=Xilinx.spec -Wl,-T -Wl,../src/lscript.ld -L../../test_ip_bsp/ps7_cortexa9_0/lib -o "test_ip.elf"  ./src/helloworld.o ./src/platform.o   -Wl,--start-group,-lxil,-lgcc,-lc,--end-group
'Finished building target: test_ip.elf'
' '
'Invoking: ARM v7 Print Size'
arm-none-eabi-size test_ip.elf  |tee "test_ip.elf.size"
   text	   data	    bss	    dec	    hex	filename
  82024	   2596	209722160	209806780	c8165bc	test_ip.elf
'Finished building: test_ip.elf.size'
' '
13:51:29 **** Auto Build of configuration Debug for project test_ip ****
make pre-build main-build 
a9-linaro-pre-build-step
' '
'Building file: ../src/helloworld.c'
'Invoking: ARM v7 gcc compiler'
arm-none-eabi-gcc -Wall -O3 -g3 -c -fmessage-length=0 -MT"src/helloworld.o" -mcpu=cortex-a9 -mfpu=vfpv3 -mfloat-abi=hard -I../../test_ip_bsp/ps7_cortexa9_0/include -MMD -MP -MF"src/helloworld.d" -MT"src/helloworld.o" -o "src/helloworld.o" "../src/helloworld.c"
../src/helloworld.c: In function 'main':
../src/helloworld.c:209:6: warning: unused variable 'sum' [-Wunused-variable]
  int sum = 0;
      ^
../src/helloworld.c:213:19: warning: 'prefetch_window' is used uninitialized in this function [-Wuninitialized]
  *prefetch_window = pref_n;
                   ^
'Finished building: ../src/helloworld.c'
' '
'Building target: test_ip.elf'
'Invoking: ARM v7 gcc linker'
arm-none-eabi-gcc -mcpu=cortex-a9 -mfpu=vfpv3 -mfloat-abi=hard -Wl,-build-id=none -specs=Xilinx.spec -Wl,-T -Wl,../src/lscript.ld -L../../test_ip_bsp/ps7_cortexa9_0/lib -o "test_ip.elf"  ./src/helloworld.o ./src/platform.o   -Wl,--start-group,-lxil,-lgcc,-lc,--end-group
'Finished building target: test_ip.elf'
' '
'Invoking: ARM v7 Print Size'
arm-none-eabi-size test_ip.elf  |tee "test_ip.elf.size"
   text	   data	    bss	    dec	    hex	filename
  82024	   2596	209722160	209806780	c8165bc	test_ip.elf
'Finished building: test_ip.elf.size'
' '
13:51:33 **** Incremental Build of configuration Debug for project test_ip ****
make pre-build main-build 
a9-linaro-pre-build-step
' '
make: Nothing to be done for `main-build'.
13:51:49 **** Auto Build of configuration Debug for project test_ip ****
make pre-build main-build 
a9-linaro-pre-build-step
' '
'Building file: ../src/helloworld.c'
'Invoking: ARM v7 gcc compiler'
arm-none-eabi-gcc -Wall -O3 -g3 -c -fmessage-length=0 -MT"src/helloworld.o" -mcpu=cortex-a9 -mfpu=vfpv3 -mfloat-abi=hard -I../../test_ip_bsp/ps7_cortexa9_0/include -MMD -MP -MF"src/helloworld.d" -MT"src/helloworld.o" -o "src/helloworld.o" "../src/helloworld.c"
../src/helloworld.c: In function 'main':
../src/helloworld.c:209:6: warning: unused variable 'sum' [-Wunused-variable]
  int sum = 0;
      ^
../src/helloworld.c:213:19: warning: 'prefetch_window' is used uninitialized in this function [-Wuninitialized]
  *prefetch_window = pref_n;
                   ^
'Finished building: ../src/helloworld.c'
' '
'Building target: test_ip.elf'
'Invoking: ARM v7 gcc linker'
arm-none-eabi-gcc -mcpu=cortex-a9 -mfpu=vfpv3 -mfloat-abi=hard -Wl,-build-id=none -specs=Xilinx.spec -Wl,-T -Wl,../src/lscript.ld -L../../test_ip_bsp/ps7_cortexa9_0/lib -o "test_ip.elf"  ./src/helloworld.o ./src/platform.o   -Wl,--start-group,-lxil,-lgcc,-lc,--end-group
'Finished building target: test_ip.elf'
' '
'Invoking: ARM v7 Print Size'
arm-none-eabi-size test_ip.elf  |tee "test_ip.elf.size"
   text	   data	    bss	    dec	    hex	filename
  81972	   2596	209722160	209806728	c816588	test_ip.elf
'Finished building: test_ip.elf.size'
' '
13:51:52 **** Incremental Build of configuration Debug for project test_ip ****
make pre-build main-build 
a9-linaro-pre-build-step
' '
make: Nothing to be done for `main-build'.
13:53:51 **** Auto Build of configuration Debug for project test_ip ****
make pre-build main-build 
a9-linaro-pre-build-step
' '
'Building file: ../src/helloworld.c'
'Invoking: ARM v7 gcc compiler'
arm-none-eabi-gcc -Wall -O3 -g3 -c -fmessage-length=0 -MT"src/helloworld.o" -mcpu=cortex-a9 -mfpu=vfpv3 -mfloat-abi=hard -I../../test_ip_bsp/ps7_cortexa9_0/include -MMD -MP -MF"src/helloworld.d" -MT"src/helloworld.o" -o "src/helloworld.o" "../src/helloworld.c"
../src/helloworld.c: In function 'main':
../src/helloworld.c:150:8: error: 'PS' undeclared (first use in this function)
   if ((PS == 1 && PL == 1)(i+1) == (400 + count*1000)){
        ^
../src/helloworld.c:150:8: note: each undeclared identifier is reported only once for each function it appears in
../src/helloworld.c:150:19: error: 'PL' undeclared (first use in this function)
   if ((PS == 1 && PL == 1)(i+1) == (400 + count*1000)){
                   ^
../src/helloworld.c:209:6: warning: unused variable 'sum' [-Wunused-variable]
  int sum = 0;
      ^
make: *** [src/helloworld.o] Error 1
13:54:01 **** Auto Build of configuration Debug for project test_ip ****
make pre-build main-build 
a9-linaro-pre-build-step
' '
'Building file: ../src/helloworld.c'
'Invoking: ARM v7 gcc compiler'
arm-none-eabi-gcc -Wall -O3 -g3 -c -fmessage-length=0 -MT"src/helloworld.o" -mcpu=cortex-a9 -mfpu=vfpv3 -mfloat-abi=hard -I../../test_ip_bsp/ps7_cortexa9_0/include -MMD -MP -MF"src/helloworld.d" -MT"src/helloworld.o" -o "src/helloworld.o" "../src/helloworld.c"
../src/helloworld.c: In function 'main':
../src/helloworld.c:150:8: error: 'PS' undeclared (first use in this function)
   if ((PS == 1 && PL == 1) && (i+1) == (400 + count*1000)){
        ^
../src/helloworld.c:150:8: note: each undeclared identifier is reported only once for each function it appears in
../src/helloworld.c:150:19: error: 'PL' undeclared (first use in this function)
   if ((PS == 1 && PL == 1) && (i+1) == (400 + count*1000)){
                   ^
../src/helloworld.c:209:6: warning: unused variable 'sum' [-Wunused-variable]
  int sum = 0;
      ^
make: *** [src/helloworld.o] Error 1
13:54:14 **** Auto Build of configuration Debug for project test_ip ****
make pre-build main-build 
a9-linaro-pre-build-step
' '
'Building file: ../src/helloworld.c'
'Invoking: ARM v7 gcc compiler'
arm-none-eabi-gcc -Wall -O3 -g3 -c -fmessage-length=0 -MT"src/helloworld.o" -mcpu=cortex-a9 -mfpu=vfpv3 -mfloat-abi=hard -I../../test_ip_bsp/ps7_cortexa9_0/include -MMD -MP -MF"src/helloworld.d" -MT"src/helloworld.o" -o "src/helloworld.o" "../src/helloworld.c"
../src/helloworld.c: In function 'main':
../src/helloworld.c:150:8: error: 'PS' undeclared (first use in this function)
   if ((PS == 1 && PL == 1) && (i+1) == (400 + count*1000)){
        ^
../src/helloworld.c:150:8: note: each undeclared identifier is reported only once for each function it appears in
../src/helloworld.c:150:19: error: 'PL' undeclared (first use in this function)
   if ((PS == 1 && PL == 1) && (i+1) == (400 + count*1000)){
                   ^
../src/helloworld.c:209:6: warning: unused variable 'sum' [-Wunused-variable]
  int sum = 0;
      ^
make: *** [src/helloworld.o] Error 1
13:54:29 **** Auto Build of configuration Debug for project test_ip ****
make pre-build main-build 
a9-linaro-pre-build-step
' '
'Building file: ../src/helloworld.c'
'Invoking: ARM v7 gcc compiler'
arm-none-eabi-gcc -Wall -O3 -g3 -c -fmessage-length=0 -MT"src/helloworld.o" -mcpu=cortex-a9 -mfpu=vfpv3 -mfloat-abi=hard -I../../test_ip_bsp/ps7_cortexa9_0/include -MMD -MP -MF"src/helloworld.d" -MT"src/helloworld.o" -o "src/helloworld.o" "../src/helloworld.c"
../src/helloworld.c: In function 'main':
../src/helloworld.c:209:6: warning: unused variable 'sum' [-Wunused-variable]
  int sum = 0;
      ^
../src/helloworld.c:213:19: warning: 'prefetch_window' is used uninitialized in this function [-Wuninitialized]
  *prefetch_window = pref_n;
                   ^
'Finished building: ../src/helloworld.c'
' '
'Building target: test_ip.elf'
'Invoking: ARM v7 gcc linker'
arm-none-eabi-gcc -mcpu=cortex-a9 -mfpu=vfpv3 -mfloat-abi=hard -Wl,-build-id=none -specs=Xilinx.spec -Wl,-T -Wl,../src/lscript.ld -L../../test_ip_bsp/ps7_cortexa9_0/lib -o "test_ip.elf"  ./src/helloworld.o ./src/platform.o   -Wl,--start-group,-lxil,-lgcc,-lc,--end-group
'Finished building target: test_ip.elf'
' '
'Invoking: ARM v7 Print Size'
arm-none-eabi-size test_ip.elf  |tee "test_ip.elf.size"
   text	   data	    bss	    dec	    hex	filename
  81952	   2596	209722160	209806708	c816574	test_ip.elf
'Finished building: test_ip.elf.size'
' '
13:54:32 **** Incremental Build of configuration Debug for project test_ip ****
make pre-build main-build 
a9-linaro-pre-build-step
' '
make: Nothing to be done for `main-build'.
13:54:58 **** Auto Build of configuration Debug for project test_ip ****
make pre-build main-build 
a9-linaro-pre-build-step
' '
'Building file: ../src/helloworld.c'
'Invoking: ARM v7 gcc compiler'
arm-none-eabi-gcc -Wall -O3 -g3 -c -fmessage-length=0 -MT"src/helloworld.o" -mcpu=cortex-a9 -mfpu=vfpv3 -mfloat-abi=hard -I../../test_ip_bsp/ps7_cortexa9_0/include -MMD -MP -MF"src/helloworld.d" -MT"src/helloworld.o" -o "src/helloworld.o" "../src/helloworld.c"
../src/helloworld.c: In function 'main':
../src/helloworld.c:210:6: warning: unused variable 'sum' [-Wunused-variable]
  int sum = 0;
      ^
../src/helloworld.c:127:6: warning: unused variable 'count1' [-Wunused-variable]
  int count1 = 0;
      ^
../src/helloworld.c:214:19: warning: 'prefetch_window' is used uninitialized in this function [-Wuninitialized]
  *prefetch_window = pref_n;
                   ^
'Finished building: ../src/helloworld.c'
' '
'Building target: test_ip.elf'
'Invoking: ARM v7 gcc linker'
arm-none-eabi-gcc -mcpu=cortex-a9 -mfpu=vfpv3 -mfloat-abi=hard -Wl,-build-id=none -specs=Xilinx.spec -Wl,-T -Wl,../src/lscript.ld -L../../test_ip_bsp/ps7_cortexa9_0/lib -o "test_ip.elf"  ./src/helloworld.o ./src/platform.o   -Wl,--start-group,-lxil,-lgcc,-lc,--end-group
'Finished building target: test_ip.elf'
' '
'Invoking: ARM v7 Print Size'
arm-none-eabi-size test_ip.elf  |tee "test_ip.elf.size"
   text	   data	    bss	    dec	    hex	filename
  81952	   2596	209722160	209806708	c816574	test_ip.elf
'Finished building: test_ip.elf.size'
' '
13:55:47 **** Auto Build of configuration Debug for project test_ip ****
make pre-build main-build 
a9-linaro-pre-build-step
' '
'Building file: ../src/helloworld.c'
'Invoking: ARM v7 gcc compiler'
arm-none-eabi-gcc -Wall -O3 -g3 -c -fmessage-length=0 -MT"src/helloworld.o" -mcpu=cortex-a9 -mfpu=vfpv3 -mfloat-abi=hard -I../../test_ip_bsp/ps7_cortexa9_0/include -MMD -MP -MF"src/helloworld.d" -MT"src/helloworld.o" -o "src/helloworld.o" "../src/helloworld.c"
../src/helloworld.c: In function 'main':
../src/helloworld.c:147:21: error: lvalue required as left operand of assignment
   if((pl == 1 && ps = 0) && (i+1)%prefetch_intr == 0){
                     ^
../src/helloworld.c:210:6: warning: unused variable 'sum' [-Wunused-variable]
  int sum = 0;
      ^
../src/helloworld.c:127:6: warning: unused variable 'count1' [-Wunused-variable]
  int count1 = 0;
      ^
make: *** [src/helloworld.o] Error 1
13:55:59 **** Auto Build of configuration Debug for project test_ip ****
make pre-build main-build 
a9-linaro-pre-build-step
' '
'Building file: ../src/helloworld.c'
'Invoking: ARM v7 gcc compiler'
arm-none-eabi-gcc -Wall -O3 -g3 -c -fmessage-length=0 -MT"src/helloworld.o" -mcpu=cortex-a9 -mfpu=vfpv3 -mfloat-abi=hard -I../../test_ip_bsp/ps7_cortexa9_0/include -MMD -MP -MF"src/helloworld.d" -MT"src/helloworld.o" -o "src/helloworld.o" "../src/helloworld.c"
../src/helloworld.c: In function 'main':
../src/helloworld.c:147:21: error: lvalue required as left operand of assignment
   if((pl == 1 && ps = 0) && ((i+1)%prefetch_intr == 0)){
                     ^
../src/helloworld.c:210:6: warning: unused variable 'sum' [-Wunused-variable]
  int sum = 0;
      ^
../src/helloworld.c:127:6: warning: unused variable 'count1' [-Wunused-variable]
  int count1 = 0;
      ^
make: *** [src/helloworld.o] Error 1
13:56:05 **** Auto Build of configuration Debug for project test_ip ****
make pre-build main-build 
a9-linaro-pre-build-step
' '
'Building file: ../src/helloworld.c'
'Invoking: ARM v7 gcc compiler'
arm-none-eabi-gcc -Wall -O3 -g3 -c -fmessage-length=0 -MT"src/helloworld.o" -mcpu=cortex-a9 -mfpu=vfpv3 -mfloat-abi=hard -I../../test_ip_bsp/ps7_cortexa9_0/include -MMD -MP -MF"src/helloworld.d" -MT"src/helloworld.o" -o "src/helloworld.o" "../src/helloworld.c"
../src/helloworld.c: In function 'main':
../src/helloworld.c:210:6: warning: unused variable 'sum' [-Wunused-variable]
  int sum = 0;
      ^
../src/helloworld.c:127:6: warning: unused variable 'count1' [-Wunused-variable]
  int count1 = 0;
      ^
../src/helloworld.c:214:19: warning: 'prefetch_window' is used uninitialized in this function [-Wuninitialized]
  *prefetch_window = pref_n;
                   ^
'Finished building: ../src/helloworld.c'
' '
'Building target: test_ip.elf'
'Invoking: ARM v7 gcc linker'
arm-none-eabi-gcc -mcpu=cortex-a9 -mfpu=vfpv3 -mfloat-abi=hard -Wl,-build-id=none -specs=Xilinx.spec -Wl,-T -Wl,../src/lscript.ld -L../../test_ip_bsp/ps7_cortexa9_0/lib -o "test_ip.elf"  ./src/helloworld.o ./src/platform.o   -Wl,--start-group,-lxil,-lgcc,-lc,--end-group
'Finished building target: test_ip.elf'
' '
'Invoking: ARM v7 Print Size'
arm-none-eabi-size test_ip.elf  |tee "test_ip.elf.size"
   text	   data	    bss	    dec	    hex	filename
  81952	   2596	209722160	209806708	c816574	test_ip.elf
'Finished building: test_ip.elf.size'
' '
13:56:36 **** Auto Build of configuration Debug for project test_ip ****
make pre-build main-build 
a9-linaro-pre-build-step
' '
'Building file: ../src/helloworld.c'
'Invoking: ARM v7 gcc compiler'
arm-none-eabi-gcc -Wall -O3 -g3 -c -fmessage-length=0 -MT"src/helloworld.o" -mcpu=cortex-a9 -mfpu=vfpv3 -mfloat-abi=hard -I../../test_ip_bsp/ps7_cortexa9_0/include -MMD -MP -MF"src/helloworld.d" -MT"src/helloworld.o" -o "src/helloworld.o" "../src/helloworld.c"
../src/helloworld.c: In function 'main':
../src/helloworld.c:210:6: warning: unused variable 'sum' [-Wunused-variable]
  int sum = 0;
      ^
../src/helloworld.c:127:6: warning: unused variable 'count1' [-Wunused-variable]
  int count1 = 0;
      ^
../src/helloworld.c:214:19: warning: 'prefetch_window' is used uninitialized in this function [-Wuninitialized]
  *prefetch_window = pref_n;
                   ^
'Finished building: ../src/helloworld.c'
' '
'Building target: test_ip.elf'
'Invoking: ARM v7 gcc linker'
arm-none-eabi-gcc -mcpu=cortex-a9 -mfpu=vfpv3 -mfloat-abi=hard -Wl,-build-id=none -specs=Xilinx.spec -Wl,-T -Wl,../src/lscript.ld -L../../test_ip_bsp/ps7_cortexa9_0/lib -o "test_ip.elf"  ./src/helloworld.o ./src/platform.o   -Wl,--start-group,-lxil,-lgcc,-lc,--end-group
'Finished building target: test_ip.elf'
' '
'Invoking: ARM v7 Print Size'
arm-none-eabi-size test_ip.elf  |tee "test_ip.elf.size"
   text	   data	    bss	    dec	    hex	filename
  81952	   2596	209722160	209806708	c816574	test_ip.elf
'Finished building: test_ip.elf.size'
' '
14:07:01 **** Incremental Build of configuration Debug for project test_ip ****
make pre-build main-build 
a9-linaro-pre-build-step
' '
make: Nothing to be done for `main-build'.
14:08:43 **** Auto Build of configuration Debug for project test_ip ****
make pre-build main-build 
a9-linaro-pre-build-step
' '
'Building file: ../src/helloworld.c'
'Invoking: ARM v7 gcc compiler'
arm-none-eabi-gcc -Wall -O3 -g3 -c -fmessage-length=0 -MT"src/helloworld.o" -mcpu=cortex-a9 -mfpu=vfpv3 -mfloat-abi=hard -I../../test_ip_bsp/ps7_cortexa9_0/include -MMD -MP -MF"src/helloworld.d" -MT"src/helloworld.o" -o "src/helloworld.o" "../src/helloworld.c"
../src/helloworld.c: In function 'main':
../src/helloworld.c:210:6: warning: unused variable 'sum' [-Wunused-variable]
  int sum = 0;
      ^
../src/helloworld.c:127:6: warning: unused variable 'count1' [-Wunused-variable]
  int count1 = 0;
      ^
../src/helloworld.c:214:19: warning: 'prefetch_window' is used uninitialized in this function [-Wuninitialized]
  *prefetch_window = pref_n;
                   ^
'Finished building: ../src/helloworld.c'
' '
'Building target: test_ip.elf'
'Invoking: ARM v7 gcc linker'
arm-none-eabi-gcc -mcpu=cortex-a9 -mfpu=vfpv3 -mfloat-abi=hard -Wl,-build-id=none -specs=Xilinx.spec -Wl,-T -Wl,../src/lscript.ld -L../../test_ip_bsp/ps7_cortexa9_0/lib -o "test_ip.elf"  ./src/helloworld.o ./src/platform.o   -Wl,--start-group,-lxil,-lgcc,-lc,--end-group
'Finished building target: test_ip.elf'
' '
'Invoking: ARM v7 Print Size'
arm-none-eabi-size test_ip.elf  |tee "test_ip.elf.size"
   text	   data	    bss	    dec	    hex	filename
  82000	   2596	209722160	209806756	c8165a4	test_ip.elf
'Finished building: test_ip.elf.size'
' '
14:08:46 **** Incremental Build of configuration Debug for project test_ip ****
make pre-build main-build 
a9-linaro-pre-build-step
' '
make: Nothing to be done for `main-build'.
14:09:14 **** Auto Build of configuration Debug for project test_ip ****
make pre-build main-build 
a9-linaro-pre-build-step
' '
'Building file: ../src/helloworld.c'
'Invoking: ARM v7 gcc compiler'
arm-none-eabi-gcc -Wall -O3 -g3 -c -fmessage-length=0 -MT"src/helloworld.o" -mcpu=cortex-a9 -mfpu=vfpv3 -mfloat-abi=hard -I../../test_ip_bsp/ps7_cortexa9_0/include -MMD -MP -MF"src/helloworld.d" -MT"src/helloworld.o" -o "src/helloworld.o" "../src/helloworld.c"
../src/helloworld.c: In function 'main':
../src/helloworld.c:210:6: warning: unused variable 'sum' [-Wunused-variable]
  int sum = 0;
      ^
../src/helloworld.c:127:6: warning: unused variable 'count1' [-Wunused-variable]
  int count1 = 0;
      ^
../src/helloworld.c:214:19: warning: 'prefetch_window' is used uninitialized in this function [-Wuninitialized]
  *prefetch_window = pref_n;
                   ^
'Finished building: ../src/helloworld.c'
' '
'Building target: test_ip.elf'
'Invoking: ARM v7 gcc linker'
arm-none-eabi-gcc -mcpu=cortex-a9 -mfpu=vfpv3 -mfloat-abi=hard -Wl,-build-id=none -specs=Xilinx.spec -Wl,-T -Wl,../src/lscript.ld -L../../test_ip_bsp/ps7_cortexa9_0/lib -o "test_ip.elf"  ./src/helloworld.o ./src/platform.o   -Wl,--start-group,-lxil,-lgcc,-lc,--end-group
'Finished building target: test_ip.elf'
' '
'Invoking: ARM v7 Print Size'
arm-none-eabi-size test_ip.elf  |tee "test_ip.elf.size"
   text	   data	    bss	    dec	    hex	filename
  82000	   2596	209722160	209806756	c8165a4	test_ip.elf
'Finished building: test_ip.elf.size'
' '
14:09:20 **** Incremental Build of configuration Debug for project test_ip ****
make pre-build main-build 
a9-linaro-pre-build-step
' '
make: Nothing to be done for `main-build'.
14:09:41 **** Auto Build of configuration Debug for project test_ip ****
make pre-build main-build 
a9-linaro-pre-build-step
' '
'Building file: ../src/helloworld.c'
'Invoking: ARM v7 gcc compiler'
arm-none-eabi-gcc -Wall -O3 -g3 -c -fmessage-length=0 -MT"src/helloworld.o" -mcpu=cortex-a9 -mfpu=vfpv3 -mfloat-abi=hard -I../../test_ip_bsp/ps7_cortexa9_0/include -MMD -MP -MF"src/helloworld.d" -MT"src/helloworld.o" -o "src/helloworld.o" "../src/helloworld.c"
../src/helloworld.c: In function 'main':
../src/helloworld.c:210:6: warning: unused variable 'sum' [-Wunused-variable]
  int sum = 0;
      ^
../src/helloworld.c:127:6: warning: unused variable 'count1' [-Wunused-variable]
  int count1 = 0;
      ^
../src/helloworld.c:214:19: warning: 'prefetch_window' is used uninitialized in this function [-Wuninitialized]
  *prefetch_window = pref_n;
                   ^
'Finished building: ../src/helloworld.c'
' '
'Building target: test_ip.elf'
'Invoking: ARM v7 gcc linker'
arm-none-eabi-gcc -mcpu=cortex-a9 -mfpu=vfpv3 -mfloat-abi=hard -Wl,-build-id=none -specs=Xilinx.spec -Wl,-T -Wl,../src/lscript.ld -L../../test_ip_bsp/ps7_cortexa9_0/lib -o "test_ip.elf"  ./src/helloworld.o ./src/platform.o   -Wl,--start-group,-lxil,-lgcc,-lc,--end-group
'Finished building target: test_ip.elf'
' '
'Invoking: ARM v7 Print Size'
arm-none-eabi-size test_ip.elf  |tee "test_ip.elf.size"
   text	   data	    bss	    dec	    hex	filename
  82000	   2596	209722160	209806756	c8165a4	test_ip.elf
'Finished building: test_ip.elf.size'
' '
14:09:44 **** Incremental Build of configuration Debug for project test_ip ****
make pre-build main-build 
a9-linaro-pre-build-step
' '
make: Nothing to be done for `main-build'.
14:10:08 **** Auto Build of configuration Debug for project test_ip ****
make pre-build main-build 
a9-linaro-pre-build-step
' '
'Building file: ../src/helloworld.c'
'Invoking: ARM v7 gcc compiler'
arm-none-eabi-gcc -Wall -O3 -g3 -c -fmessage-length=0 -MT"src/helloworld.o" -mcpu=cortex-a9 -mfpu=vfpv3 -mfloat-abi=hard -I../../test_ip_bsp/ps7_cortexa9_0/include -MMD -MP -MF"src/helloworld.d" -MT"src/helloworld.o" -o "src/helloworld.o" "../src/helloworld.c"
../src/helloworld.c: In function 'main':
../src/helloworld.c:210:6: warning: unused variable 'sum' [-Wunused-variable]
  int sum = 0;
      ^
../src/helloworld.c:127:6: warning: unused variable 'count1' [-Wunused-variable]
  int count1 = 0;
      ^
../src/helloworld.c:214:19: warning: 'prefetch_window' is used uninitialized in this function [-Wuninitialized]
  *prefetch_window = pref_n;
                   ^
'Finished building: ../src/helloworld.c'
' '
'Building target: test_ip.elf'
'Invoking: ARM v7 gcc linker'
arm-none-eabi-gcc -mcpu=cortex-a9 -mfpu=vfpv3 -mfloat-abi=hard -Wl,-build-id=none -specs=Xilinx.spec -Wl,-T -Wl,../src/lscript.ld -L../../test_ip_bsp/ps7_cortexa9_0/lib -o "test_ip.elf"  ./src/helloworld.o ./src/platform.o   -Wl,--start-group,-lxil,-lgcc,-lc,--end-group
'Finished building target: test_ip.elf'
' '
'Invoking: ARM v7 Print Size'
arm-none-eabi-size test_ip.elf  |tee "test_ip.elf.size"
   text	   data	    bss	    dec	    hex	filename
  82000	   2596	209722160	209806756	c8165a4	test_ip.elf
'Finished building: test_ip.elf.size'
' '
14:10:10 **** Incremental Build of configuration Debug for project test_ip ****
make pre-build main-build 
a9-linaro-pre-build-step
' '
make: Nothing to be done for `main-build'.
14:10:32 **** Clean-only build of configuration Debug for project test_ip ****
make clean 
rm -rf  ./src/helloworld.o ./src/platform.o  ./src/helloworld.d ./src/platform.d  test_ip.elf.size  test_ip.elf
' '
14:10:33 **** Auto Build of configuration Debug for project test_ip ****
make pre-build main-build 
a9-linaro-pre-build-step
' '
'Building file: ../src/helloworld.c'
'Invoking: ARM v7 gcc compiler'
arm-none-eabi-gcc -Wall -O3 -g3 -c -fmessage-length=0 -MT"src/helloworld.o" -mcpu=cortex-a9 -mfpu=vfpv3 -mfloat-abi=hard -I../../test_ip_bsp/ps7_cortexa9_0/include -MMD -MP -MF"src/helloworld.d" -MT"src/helloworld.o" -o "src/helloworld.o" "../src/helloworld.c"
../src/helloworld.c: In function 'main':
../src/helloworld.c:210:6: warning: unused variable 'sum' [-Wunused-variable]
  int sum = 0;
      ^
../src/helloworld.c:127:6: warning: unused variable 'count1' [-Wunused-variable]
  int count1 = 0;
      ^
../src/helloworld.c:214:19: warning: 'prefetch_window' is used uninitialized in this function [-Wuninitialized]
  *prefetch_window = pref_n;
                   ^
'Finished building: ../src/helloworld.c'
' '
'Building file: ../src/platform.c'
'Invoking: ARM v7 gcc compiler'
arm-none-eabi-gcc -Wall -O3 -g3 -c -fmessage-length=0 -MT"src/platform.o" -mcpu=cortex-a9 -mfpu=vfpv3 -mfloat-abi=hard -I../../test_ip_bsp/ps7_cortexa9_0/include -MMD -MP -MF"src/platform.d" -MT"src/platform.o" -o "src/platform.o" "../src/platform.c"
'Finished building: ../src/platform.c'
' '
'Building target: test_ip.elf'
'Invoking: ARM v7 gcc linker'
arm-none-eabi-gcc -mcpu=cortex-a9 -mfpu=vfpv3 -mfloat-abi=hard -Wl,-build-id=none -specs=Xilinx.spec -Wl,-T -Wl,../src/lscript.ld -L../../test_ip_bsp/ps7_cortexa9_0/lib -o "test_ip.elf"  ./src/helloworld.o ./src/platform.o   -Wl,--start-group,-lxil,-lgcc,-lc,--end-group
'Finished building target: test_ip.elf'
' '
'Invoking: ARM v7 Print Size'
arm-none-eabi-size test_ip.elf  |tee "test_ip.elf.size"
   text	   data	    bss	    dec	    hex	filename
  82000	   2596	209722160	209806756	c8165a4	test_ip.elf
'Finished building: test_ip.elf.size'
' '
14:12:14 **** Incremental Build of configuration Debug for project test_ip ****
make pre-build main-build 
a9-linaro-pre-build-step
' '
make: Nothing to be done for `main-build'.
14:16:37 **** Auto Build of configuration Debug for project test_ip ****
make pre-build main-build 
a9-linaro-pre-build-step
' '
'Building file: ../src/helloworld.c'
'Invoking: ARM v7 gcc compiler'
arm-none-eabi-gcc -Wall -O3 -g3 -c -fmessage-length=0 -MT"src/helloworld.o" -mcpu=cortex-a9 -mfpu=vfpv3 -mfloat-abi=hard -I../../test_ip_bsp/ps7_cortexa9_0/include -MMD -MP -MF"src/helloworld.d" -MT"src/helloworld.o" -o "src/helloworld.o" "../src/helloworld.c"
../src/helloworld.c: In function 'main':
../src/helloworld.c:210:6: warning: unused variable 'sum' [-Wunused-variable]
  int sum = 0;
      ^
../src/helloworld.c:127:6: warning: unused variable 'count1' [-Wunused-variable]
  int count1 = 0;
      ^
../src/helloworld.c:214:19: warning: 'prefetch_window' is used uninitialized in this function [-Wuninitialized]
  *prefetch_window = pref_n;
                   ^
'Finished building: ../src/helloworld.c'
' '
'Building target: test_ip.elf'
'Invoking: ARM v7 gcc linker'
arm-none-eabi-gcc -mcpu=cortex-a9 -mfpu=vfpv3 -mfloat-abi=hard -Wl,-build-id=none -specs=Xilinx.spec -Wl,-T -Wl,../src/lscript.ld -L../../test_ip_bsp/ps7_cortexa9_0/lib -o "test_ip.elf"  ./src/helloworld.o ./src/platform.o   -Wl,--start-group,-lxil,-lgcc,-lc,--end-group
'Finished building target: test_ip.elf'
' '
'Invoking: ARM v7 Print Size'
arm-none-eabi-size test_ip.elf  |tee "test_ip.elf.size"
   text	   data	    bss	    dec	    hex	filename
  82168	   2596	209722160	209806924	c81664c	test_ip.elf
'Finished building: test_ip.elf.size'
' '
14:16:40 **** Incremental Build of configuration Debug for project test_ip ****
make pre-build main-build 
a9-linaro-pre-build-step
' '
make: Nothing to be done for `main-build'.
14:27:11 **** Auto Build of configuration Debug for project test_ip ****
make pre-build main-build 
a9-linaro-pre-build-step
' '
'Building file: ../src/helloworld.c'
'Invoking: ARM v7 gcc compiler'
arm-none-eabi-gcc -Wall -O3 -g3 -c -fmessage-length=0 -MT"src/helloworld.o" -mcpu=cortex-a9 -mfpu=vfpv3 -mfloat-abi=hard -I../../test_ip_bsp/ps7_cortexa9_0/include -MMD -MP -MF"src/helloworld.d" -MT"src/helloworld.o" -o "src/helloworld.o" "../src/helloworld.c"
../src/helloworld.c: In function 'main':
../src/helloworld.c:210:6: warning: unused variable 'sum' [-Wunused-variable]
  int sum = 0;
      ^
../src/helloworld.c:127:6: warning: unused variable 'count1' [-Wunused-variable]
  int count1 = 0;
      ^
../src/helloworld.c:214:19: warning: 'prefetch_window' is used uninitialized in this function [-Wuninitialized]
  *prefetch_window = pref_n;
                   ^
'Finished building: ../src/helloworld.c'
' '
'Building target: test_ip.elf'
'Invoking: ARM v7 gcc linker'
arm-none-eabi-gcc -mcpu=cortex-a9 -mfpu=vfpv3 -mfloat-abi=hard -Wl,-build-id=none -specs=Xilinx.spec -Wl,-T -Wl,../src/lscript.ld -L../../test_ip_bsp/ps7_cortexa9_0/lib -o "test_ip.elf"  ./src/helloworld.o ./src/platform.o   -Wl,--start-group,-lxil,-lgcc,-lc,--end-group
'Finished building target: test_ip.elf'
' '
'Invoking: ARM v7 Print Size'
arm-none-eabi-size test_ip.elf  |tee "test_ip.elf.size"
   text	   data	    bss	    dec	    hex	filename
  82168	   2596	209722160	209806924	c81664c	test_ip.elf
'Finished building: test_ip.elf.size'
' '
14:27:23 **** Auto Build of configuration Debug for project test_ip ****
make pre-build main-build 
a9-linaro-pre-build-step
' '
'Building file: ../src/helloworld.c'
'Invoking: ARM v7 gcc compiler'
arm-none-eabi-gcc -Wall -O3 -g3 -c -fmessage-length=0 -MT"src/helloworld.o" -mcpu=cortex-a9 -mfpu=vfpv3 -mfloat-abi=hard -I../../test_ip_bsp/ps7_cortexa9_0/include -MMD -MP -MF"src/helloworld.d" -MT"src/helloworld.o" -o "src/helloworld.o" "../src/helloworld.c"
../src/helloworld.c: In function 'main':
../src/helloworld.c:210:6: warning: unused variable 'sum' [-Wunused-variable]
  int sum = 0;
      ^
../src/helloworld.c:127:6: warning: unused variable 'count1' [-Wunused-variable]
  int count1 = 0;
      ^
../src/helloworld.c:214:19: warning: 'prefetch_window' is used uninitialized in this function [-Wuninitialized]
  *prefetch_window = pref_n;
                   ^
'Finished building: ../src/helloworld.c'
' '
'Building target: test_ip.elf'
'Invoking: ARM v7 gcc linker'
arm-none-eabi-gcc -mcpu=cortex-a9 -mfpu=vfpv3 -mfloat-abi=hard -Wl,-build-id=none -specs=Xilinx.spec -Wl,-T -Wl,../src/lscript.ld -L../../test_ip_bsp/ps7_cortexa9_0/lib -o "test_ip.elf"  ./src/helloworld.o ./src/platform.o   -Wl,--start-group,-lxil,-lgcc,-lc,--end-group
'Finished building target: test_ip.elf'
' '
'Invoking: ARM v7 Print Size'
arm-none-eabi-size test_ip.elf  |tee "test_ip.elf.size"
   text	   data	    bss	    dec	    hex	filename
  82168	   2596	209722160	209806924	c81664c	test_ip.elf
'Finished building: test_ip.elf.size'
' '
14:27:33 **** Incremental Build of configuration Debug for project test_ip ****
make pre-build main-build 
a9-linaro-pre-build-step
' '
make: Nothing to be done for `main-build'.
14:28:28 **** Auto Build of configuration Debug for project test_ip ****
make pre-build main-build 
a9-linaro-pre-build-step
' '
'Building file: ../src/helloworld.c'
'Invoking: ARM v7 gcc compiler'
arm-none-eabi-gcc -Wall -O3 -g3 -c -fmessage-length=0 -MT"src/helloworld.o" -mcpu=cortex-a9 -mfpu=vfpv3 -mfloat-abi=hard -I../../test_ip_bsp/ps7_cortexa9_0/include -MMD -MP -MF"src/helloworld.d" -MT"src/helloworld.o" -o "src/helloworld.o" "../src/helloworld.c"
../src/helloworld.c: In function 'main':
../src/helloworld.c:210:6: warning: unused variable 'sum' [-Wunused-variable]
  int sum = 0;
      ^
../src/helloworld.c:127:6: warning: unused variable 'count1' [-Wunused-variable]
  int count1 = 0;
      ^
../src/helloworld.c:214:19: warning: 'prefetch_window' is used uninitialized in this function [-Wuninitialized]
  *prefetch_window = pref_n;
                   ^
'Finished building: ../src/helloworld.c'
' '
'Building target: test_ip.elf'
'Invoking: ARM v7 gcc linker'
arm-none-eabi-gcc -mcpu=cortex-a9 -mfpu=vfpv3 -mfloat-abi=hard -Wl,-build-id=none -specs=Xilinx.spec -Wl,-T -Wl,../src/lscript.ld -L../../test_ip_bsp/ps7_cortexa9_0/lib -o "test_ip.elf"  ./src/helloworld.o ./src/platform.o   -Wl,--start-group,-lxil,-lgcc,-lc,--end-group
'Finished building target: test_ip.elf'
' '
'Invoking: ARM v7 Print Size'
arm-none-eabi-size test_ip.elf  |tee "test_ip.elf.size"
   text	   data	    bss	    dec	    hex	filename
  82024	   2596	209722160	209806780	c8165bc	test_ip.elf
'Finished building: test_ip.elf.size'
' '
14:28:31 **** Incremental Build of configuration Debug for project test_ip ****
make pre-build main-build 
a9-linaro-pre-build-step
' '
make: Nothing to be done for `main-build'.
14:29:06 **** Clean-only build of configuration Debug for project test_ip ****
make clean 
rm -rf  ./src/helloworld.o ./src/platform.o  ./src/helloworld.d ./src/platform.d  test_ip.elf.size  test_ip.elf
' '
14:29:06 **** Auto Build of configuration Debug for project test_ip ****
make pre-build main-build 
a9-linaro-pre-build-step
' '
'Building file: ../src/helloworld.c'
'Invoking: ARM v7 gcc compiler'
arm-none-eabi-gcc -Wall -O3 -g3 -c -fmessage-length=0 -MT"src/helloworld.o" -mcpu=cortex-a9 -mfpu=vfpv3 -mfloat-abi=hard -I../../test_ip_bsp/ps7_cortexa9_0/include -MMD -MP -MF"src/helloworld.d" -MT"src/helloworld.o" -o "src/helloworld.o" "../src/helloworld.c"
../src/helloworld.c: In function 'main':
../src/helloworld.c:210:6: warning: unused variable 'sum' [-Wunused-variable]
  int sum = 0;
      ^
../src/helloworld.c:127:6: warning: unused variable 'count1' [-Wunused-variable]
  int count1 = 0;
      ^
../src/helloworld.c:214:19: warning: 'prefetch_window' is used uninitialized in this function [-Wuninitialized]
  *prefetch_window = pref_n;
                   ^
'Finished building: ../src/helloworld.c'
' '
'Building file: ../src/platform.c'
'Invoking: ARM v7 gcc compiler'
arm-none-eabi-gcc -Wall -O3 -g3 -c -fmessage-length=0 -MT"src/platform.o" -mcpu=cortex-a9 -mfpu=vfpv3 -mfloat-abi=hard -I../../test_ip_bsp/ps7_cortexa9_0/include -MMD -MP -MF"src/platform.d" -MT"src/platform.o" -o "src/platform.o" "../src/platform.c"
'Finished building: ../src/platform.c'
' '
'Building target: test_ip.elf'
'Invoking: ARM v7 gcc linker'
arm-none-eabi-gcc -mcpu=cortex-a9 -mfpu=vfpv3 -mfloat-abi=hard -Wl,-build-id=none -specs=Xilinx.spec -Wl,-T -Wl,../src/lscript.ld -L../../test_ip_bsp/ps7_cortexa9_0/lib -o "test_ip.elf"  ./src/helloworld.o ./src/platform.o   -Wl,--start-group,-lxil,-lgcc,-lc,--end-group
'Finished building target: test_ip.elf'
' '
'Invoking: ARM v7 Print Size'
arm-none-eabi-size test_ip.elf  |tee "test_ip.elf.size"
   text	   data	    bss	    dec	    hex	filename
  82024	   2596	209722160	209806780	c8165bc	test_ip.elf
'Finished building: test_ip.elf.size'
' '
14:29:10 **** Incremental Build of configuration Debug for project test_ip ****
make pre-build main-build 
a9-linaro-pre-build-step
' '
make: Nothing to be done for `main-build'.
14:30:25 **** Auto Build of configuration Debug for project test_ip ****
make pre-build main-build 
a9-linaro-pre-build-step
' '
'Building file: ../src/helloworld.c'
'Invoking: ARM v7 gcc compiler'
arm-none-eabi-gcc -Wall -O3 -g3 -c -fmessage-length=0 -MT"src/helloworld.o" -mcpu=cortex-a9 -mfpu=vfpv3 -mfloat-abi=hard -I../../test_ip_bsp/ps7_cortexa9_0/include -MMD -MP -MF"src/helloworld.d" -MT"src/helloworld.o" -o "src/helloworld.o" "../src/helloworld.c"
../src/helloworld.c: In function 'main':
../src/helloworld.c:202:6: warning: unused variable 'sum' [-Wunused-variable]
  int sum = 0;
      ^
'Finished building: ../src/helloworld.c'
' '
'Building target: test_ip.elf'
'Invoking: ARM v7 gcc linker'
arm-none-eabi-gcc -mcpu=cortex-a9 -mfpu=vfpv3 -mfloat-abi=hard -Wl,-build-id=none -specs=Xilinx.spec -Wl,-T -Wl,../src/lscript.ld -L../../test_ip_bsp/ps7_cortexa9_0/lib -o "test_ip.elf"  ./src/helloworld.o ./src/platform.o   -Wl,--start-group,-lxil,-lgcc,-lc,--end-group
'Finished building target: test_ip.elf'
' '
'Invoking: ARM v7 Print Size'
arm-none-eabi-size test_ip.elf  |tee "test_ip.elf.size"
   text	   data	    bss	    dec	    hex	filename
  81900	   2596	209722160	209806656	c816540	test_ip.elf
'Finished building: test_ip.elf.size'
' '
14:30:40 **** Auto Build of configuration Debug for project test_ip ****
make pre-build main-build 
a9-linaro-pre-build-step
' '
'Building file: ../src/helloworld.c'
'Invoking: ARM v7 gcc compiler'
arm-none-eabi-gcc -Wall -O3 -g3 -c -fmessage-length=0 -MT"src/helloworld.o" -mcpu=cortex-a9 -mfpu=vfpv3 -mfloat-abi=hard -I../../test_ip_bsp/ps7_cortexa9_0/include -MMD -MP -MF"src/helloworld.d" -MT"src/helloworld.o" -o "src/helloworld.o" "../src/helloworld.c"
../src/helloworld.c: In function 'main':
../src/helloworld.c:202:6: warning: unused variable 'sum' [-Wunused-variable]
  int sum = 0;
      ^
'Finished building: ../src/helloworld.c'
' '
'Building target: test_ip.elf'
'Invoking: ARM v7 gcc linker'
arm-none-eabi-gcc -mcpu=cortex-a9 -mfpu=vfpv3 -mfloat-abi=hard -Wl,-build-id=none -specs=Xilinx.spec -Wl,-T -Wl,../src/lscript.ld -L../../test_ip_bsp/ps7_cortexa9_0/lib -o "test_ip.elf"  ./src/helloworld.o ./src/platform.o   -Wl,--start-group,-lxil,-lgcc,-lc,--end-group
'Finished building target: test_ip.elf'
' '
'Invoking: ARM v7 Print Size'
arm-none-eabi-size test_ip.elf  |tee "test_ip.elf.size"
   text	   data	    bss	    dec	    hex	filename
  81844	   2596	209722160	209806600	c816508	test_ip.elf
'Finished building: test_ip.elf.size'
' '
14:30:44 **** Incremental Build of configuration Debug for project test_ip ****
make pre-build main-build 
a9-linaro-pre-build-step
' '
make: Nothing to be done for `main-build'.
14:30:52 **** Incremental Build of configuration Debug for project test_ip ****
make pre-build main-build 
a9-linaro-pre-build-step
' '
make: Nothing to be done for `main-build'.
14:32:50 **** Auto Build of configuration Debug for project test_ip ****
make pre-build main-build 
a9-linaro-pre-build-step
' '
'Building file: ../src/helloworld.c'
'Invoking: ARM v7 gcc compiler'
arm-none-eabi-gcc -Wall -O3 -g3 -c -fmessage-length=0 -MT"src/helloworld.o" -mcpu=cortex-a9 -mfpu=vfpv3 -mfloat-abi=hard -I../../test_ip_bsp/ps7_cortexa9_0/include -MMD -MP -MF"src/helloworld.d" -MT"src/helloworld.o" -o "src/helloworld.o" "../src/helloworld.c"
../src/helloworld.c: In function 'main':
../src/helloworld.c:225:44: warning: passing argument 2 of 'XSkipprefetch_nelem_Set_n' makes integer from pointer without a cast [-Wint-conversion]
       XSkipprefetch_nelem_Set_n(&copiaMem, &pref_wind);
                                            ^
In file included from ../src/helloworld.c:53:0:
../../test_ip_bsp/ps7_cortexa9_0/include/xskipprefetch_nelem.h:92:6: note: expected 'u32 {aka long unsigned int}' but argument is of type 'int *'
 void XSkipprefetch_nelem_Set_n(XSkipprefetch_nelem *InstancePtr, u32 Data);
      ^
../src/helloworld.c:202:6: warning: unused variable 'sum' [-Wunused-variable]
  int sum = 0;
      ^
'Finished building: ../src/helloworld.c'
' '
'Building target: test_ip.elf'
'Invoking: ARM v7 gcc linker'
arm-none-eabi-gcc -mcpu=cortex-a9 -mfpu=vfpv3 -mfloat-abi=hard -Wl,-build-id=none -specs=Xilinx.spec -Wl,-T -Wl,../src/lscript.ld -L../../test_ip_bsp/ps7_cortexa9_0/lib -o "test_ip.elf"  ./src/helloworld.o ./src/platform.o   -Wl,--start-group,-lxil,-lgcc,-lc,--end-group
'Finished building target: test_ip.elf'
' '
'Invoking: ARM v7 Print Size'
arm-none-eabi-size test_ip.elf  |tee "test_ip.elf.size"
   text	   data	    bss	    dec	    hex	filename
  81844	   2596	209722160	209806600	c816508	test_ip.elf
'Finished building: test_ip.elf.size'
' '
14:33:01 **** Auto Build of configuration Debug for project test_ip ****
make pre-build main-build 
a9-linaro-pre-build-step
' '
'Building file: ../src/helloworld.c'
'Invoking: ARM v7 gcc compiler'
arm-none-eabi-gcc -Wall -O3 -g3 -c -fmessage-length=0 -MT"src/helloworld.o" -mcpu=cortex-a9 -mfpu=vfpv3 -mfloat-abi=hard -I../../test_ip_bsp/ps7_cortexa9_0/include -MMD -MP -MF"src/helloworld.d" -MT"src/helloworld.o" -o "src/helloworld.o" "../src/helloworld.c"
../src/helloworld.c: In function 'main':
../src/helloworld.c:225:44: warning: passing argument 2 of 'XSkipprefetch_nelem_Set_n' makes integer from pointer without a cast [-Wint-conversion]
       XSkipprefetch_nelem_Set_n(&copiaMem, &pref_wind);
                                            ^
In file included from ../src/helloworld.c:53:0:
../../test_ip_bsp/ps7_cortexa9_0/include/xskipprefetch_nelem.h:92:6: note: expected 'u32 {aka long unsigned int}' but argument is of type 'int *'
 void XSkipprefetch_nelem_Set_n(XSkipprefetch_nelem *InstancePtr, u32 Data);
      ^
../src/helloworld.c:202:6: warning: unused variable 'sum' [-Wunused-variable]
  int sum = 0;
      ^
'Finished building: ../src/helloworld.c'
' '
'Building target: test_ip.elf'
'Invoking: ARM v7 gcc linker'
arm-none-eabi-gcc -mcpu=cortex-a9 -mfpu=vfpv3 -mfloat-abi=hard -Wl,-build-id=none -specs=Xilinx.spec -Wl,-T -Wl,../src/lscript.ld -L../../test_ip_bsp/ps7_cortexa9_0/lib -o "test_ip.elf"  ./src/helloworld.o ./src/platform.o   -Wl,--start-group,-lxil,-lgcc,-lc,--end-group
'Finished building target: test_ip.elf'
' '
'Invoking: ARM v7 Print Size'
arm-none-eabi-size test_ip.elf  |tee "test_ip.elf.size"
   text	   data	    bss	    dec	    hex	filename
  81952	   2596	209722160	209806708	c816574	test_ip.elf
'Finished building: test_ip.elf.size'
' '
14:33:04 **** Incremental Build of configuration Debug for project test_ip ****
make pre-build main-build 
a9-linaro-pre-build-step
' '
make: Nothing to be done for `main-build'.
14:34:25 **** Auto Build of configuration Debug for project test_ip ****
make pre-build main-build 
a9-linaro-pre-build-step
' '
'Building file: ../src/helloworld.c'
'Invoking: ARM v7 gcc compiler'
arm-none-eabi-gcc -Wall -O3 -g3 -c -fmessage-length=0 -MT"src/helloworld.o" -mcpu=cortex-a9 -mfpu=vfpv3 -mfloat-abi=hard -I../../test_ip_bsp/ps7_cortexa9_0/include -MMD -MP -MF"src/helloworld.d" -MT"src/helloworld.o" -o "src/helloworld.o" "../src/helloworld.c"
../src/helloworld.c: In function 'main':
../src/helloworld.c:225:44: warning: passing argument 2 of 'XSkipprefetch_nelem_Set_n' makes integer from pointer without a cast [-Wint-conversion]
       XSkipprefetch_nelem_Set_n(&copiaMem, &pref_wind);
                                            ^
In file included from ../src/helloworld.c:53:0:
../../test_ip_bsp/ps7_cortexa9_0/include/xskipprefetch_nelem.h:92:6: note: expected 'u32 {aka long unsigned int}' but argument is of type 'int *'
 void XSkipprefetch_nelem_Set_n(XSkipprefetch_nelem *InstancePtr, u32 Data);
      ^
../src/helloworld.c:202:6: warning: unused variable 'sum' [-Wunused-variable]
  int sum = 0;
      ^
'Finished building: ../src/helloworld.c'
' '
'Building target: test_ip.elf'
'Invoking: ARM v7 gcc linker'
arm-none-eabi-gcc -mcpu=cortex-a9 -mfpu=vfpv3 -mfloat-abi=hard -Wl,-build-id=none -specs=Xilinx.spec -Wl,-T -Wl,../src/lscript.ld -L../../test_ip_bsp/ps7_cortexa9_0/lib -o "test_ip.elf"  ./src/helloworld.o ./src/platform.o   -Wl,--start-group,-lxil,-lgcc,-lc,--end-group
'Finished building target: test_ip.elf'
' '
'Invoking: ARM v7 Print Size'
arm-none-eabi-size test_ip.elf  |tee "test_ip.elf.size"
   text	   data	    bss	    dec	    hex	filename
  82000	   2596	209722160	209806756	c8165a4	test_ip.elf
'Finished building: test_ip.elf.size'
' '
14:34:28 **** Incremental Build of configuration Debug for project test_ip ****
make pre-build main-build 
a9-linaro-pre-build-step
' '
make: Nothing to be done for `main-build'.
14:35:12 **** Auto Build of configuration Debug for project test_ip ****
make pre-build main-build 
a9-linaro-pre-build-step
' '
'Building file: ../src/helloworld.c'
'Invoking: ARM v7 gcc compiler'
arm-none-eabi-gcc -Wall -O3 -g3 -c -fmessage-length=0 -MT"src/helloworld.o" -mcpu=cortex-a9 -mfpu=vfpv3 -mfloat-abi=hard -I../../test_ip_bsp/ps7_cortexa9_0/include -MMD -MP -MF"src/helloworld.d" -MT"src/helloworld.o" -o "src/helloworld.o" "../src/helloworld.c"
../src/helloworld.c: In function 'main':
../src/helloworld.c:225:44: warning: passing argument 2 of 'XSkipprefetch_nelem_Set_n' makes integer from pointer without a cast [-Wint-conversion]
       XSkipprefetch_nelem_Set_n(&copiaMem, &pref_wind);
                                            ^
In file included from ../src/helloworld.c:53:0:
../../test_ip_bsp/ps7_cortexa9_0/include/xskipprefetch_nelem.h:92:6: note: expected 'u32 {aka long unsigned int}' but argument is of type 'int *'
 void XSkipprefetch_nelem_Set_n(XSkipprefetch_nelem *InstancePtr, u32 Data);
      ^
../src/helloworld.c:202:6: warning: unused variable 'sum' [-Wunused-variable]
  int sum = 0;
      ^
'Finished building: ../src/helloworld.c'
' '
'Building target: test_ip.elf'
'Invoking: ARM v7 gcc linker'
arm-none-eabi-gcc -mcpu=cortex-a9 -mfpu=vfpv3 -mfloat-abi=hard -Wl,-build-id=none -specs=Xilinx.spec -Wl,-T -Wl,../src/lscript.ld -L../../test_ip_bsp/ps7_cortexa9_0/lib -o "test_ip.elf"  ./src/helloworld.o ./src/platform.o   -Wl,--start-group,-lxil,-lgcc,-lc,--end-group
'Finished building target: test_ip.elf'
' '
'Invoking: ARM v7 Print Size'
arm-none-eabi-size test_ip.elf  |tee "test_ip.elf.size"
   text	   data	    bss	    dec	    hex	filename
  81952	   2596	209722160	209806708	c816574	test_ip.elf
'Finished building: test_ip.elf.size'
' '
14:35:15 **** Incremental Build of configuration Debug for project test_ip ****
make pre-build main-build 
a9-linaro-pre-build-step
' '
make: Nothing to be done for `main-build'.
14:41:10 **** Auto Build of configuration Debug for project test_ip ****
make pre-build main-build 
a9-linaro-pre-build-step
' '
'Building file: ../src/helloworld.c'
'Invoking: ARM v7 gcc compiler'
arm-none-eabi-gcc -Wall -O3 -g3 -c -fmessage-length=0 -MT"src/helloworld.o" -mcpu=cortex-a9 -mfpu=vfpv3 -mfloat-abi=hard -I../../test_ip_bsp/ps7_cortexa9_0/include -MMD -MP -MF"src/helloworld.d" -MT"src/helloworld.o" -o "src/helloworld.o" "../src/helloworld.c"
../src/helloworld.c: In function 'main':
../src/helloworld.c:225:44: warning: passing argument 2 of 'XSkipprefetch_nelem_Set_n' makes integer from pointer without a cast [-Wint-conversion]
       XSkipprefetch_nelem_Set_n(&copiaMem, &pref_wind);
                                            ^
In file included from ../src/helloworld.c:53:0:
../../test_ip_bsp/ps7_cortexa9_0/include/xskipprefetch_nelem.h:92:6: note: expected 'u32 {aka long unsigned int}' but argument is of type 'int *'
 void XSkipprefetch_nelem_Set_n(XSkipprefetch_nelem *InstancePtr, u32 Data);
      ^
../src/helloworld.c:202:6: warning: unused variable 'sum' [-Wunused-variable]
  int sum = 0;
      ^
'Finished building: ../src/helloworld.c'
' '
'Building target: test_ip.elf'
'Invoking: ARM v7 gcc linker'
arm-none-eabi-gcc -mcpu=cortex-a9 -mfpu=vfpv3 -mfloat-abi=hard -Wl,-build-id=none -specs=Xilinx.spec -Wl,-T -Wl,../src/lscript.ld -L../../test_ip_bsp/ps7_cortexa9_0/lib -o "test_ip.elf"  ./src/helloworld.o ./src/platform.o   -Wl,--start-group,-lxil,-lgcc,-lc,--end-group
'Finished building target: test_ip.elf'
' '
'Invoking: ARM v7 Print Size'
arm-none-eabi-size test_ip.elf  |tee "test_ip.elf.size"
   text	   data	    bss	    dec	    hex	filename
  81864	   2596	209722160	209806620	c81651c	test_ip.elf
'Finished building: test_ip.elf.size'
' '
14:41:13 **** Incremental Build of configuration Debug for project test_ip ****
make pre-build main-build 
a9-linaro-pre-build-step
' '
make: Nothing to be done for `main-build'.
14:42:13 **** Incremental Build of configuration Debug for project test_ip ****
make pre-build main-build 
a9-linaro-pre-build-step
' '
make: Nothing to be done for `main-build'.
14:48:00 **** Auto Build of configuration Debug for project test_ip ****
make pre-build main-build 
a9-linaro-pre-build-step
' '
'Building file: ../src/helloworld.c'
'Invoking: ARM v7 gcc compiler'
arm-none-eabi-gcc -Wall -O3 -g3 -c -fmessage-length=0 -MT"src/helloworld.o" -mcpu=cortex-a9 -mfpu=vfpv3 -mfloat-abi=hard -I../../test_ip_bsp/ps7_cortexa9_0/include -MMD -MP -MF"src/helloworld.d" -MT"src/helloworld.o" -o "src/helloworld.o" "../src/helloworld.c"
../src/helloworld.c: In function 'main':
../src/helloworld.c:225:44: warning: passing argument 2 of 'XSkipprefetch_nelem_Set_n' makes integer from pointer without a cast [-Wint-conversion]
       XSkipprefetch_nelem_Set_n(&copiaMem, &pref_wind);
                                            ^
In file included from ../src/helloworld.c:53:0:
../../test_ip_bsp/ps7_cortexa9_0/include/xskipprefetch_nelem.h:92:6: note: expected 'u32 {aka long unsigned int}' but argument is of type 'int *'
 void XSkipprefetch_nelem_Set_n(XSkipprefetch_nelem *InstancePtr, u32 Data);
      ^
../src/helloworld.c:202:6: warning: unused variable 'sum' [-Wunused-variable]
  int sum = 0;
      ^
'Finished building: ../src/helloworld.c'
' '
'Building target: test_ip.elf'
'Invoking: ARM v7 gcc linker'
arm-none-eabi-gcc -mcpu=cortex-a9 -mfpu=vfpv3 -mfloat-abi=hard -Wl,-build-id=none -specs=Xilinx.spec -Wl,-T -Wl,../src/lscript.ld -L../../test_ip_bsp/ps7_cortexa9_0/lib -o "test_ip.elf"  ./src/helloworld.o ./src/platform.o   -Wl,--start-group,-lxil,-lgcc,-lc,--end-group
'Finished building target: test_ip.elf'
' '
'Invoking: ARM v7 Print Size'
arm-none-eabi-size test_ip.elf  |tee "test_ip.elf.size"
   text	   data	    bss	    dec	    hex	filename
  81864	   2596	209722160	209806620	c81651c	test_ip.elf
'Finished building: test_ip.elf.size'
' '
14:48:03 **** Incremental Build of configuration Debug for project test_ip ****
make pre-build main-build 
a9-linaro-pre-build-step
' '
make: Nothing to be done for `main-build'.
14:48:10 **** Auto Build of configuration Debug for project test_ip ****
make pre-build main-build 
a9-linaro-pre-build-step
' '
'Building file: ../src/helloworld.c'
'Invoking: ARM v7 gcc compiler'
arm-none-eabi-gcc -Wall -O3 -g3 -c -fmessage-length=0 -MT"src/helloworld.o" -mcpu=cortex-a9 -mfpu=vfpv3 -mfloat-abi=hard -I../../test_ip_bsp/ps7_cortexa9_0/include -MMD -MP -MF"src/helloworld.d" -MT"src/helloworld.o" -o "src/helloworld.o" "../src/helloworld.c"
../src/helloworld.c: In function 'main':
../src/helloworld.c:225:44: warning: passing argument 2 of 'XSkipprefetch_nelem_Set_n' makes integer from pointer without a cast [-Wint-conversion]
       XSkipprefetch_nelem_Set_n(&copiaMem, &pref_wind);
                                            ^
In file included from ../src/helloworld.c:53:0:
../../test_ip_bsp/ps7_cortexa9_0/include/xskipprefetch_nelem.h:92:6: note: expected 'u32 {aka long unsigned int}' but argument is of type 'int *'
 void XSkipprefetch_nelem_Set_n(XSkipprefetch_nelem *InstancePtr, u32 Data);
      ^
../src/helloworld.c:202:6: warning: unused variable 'sum' [-Wunused-variable]
  int sum = 0;
      ^
'Finished building: ../src/helloworld.c'
' '
'Building target: test_ip.elf'
'Invoking: ARM v7 gcc linker'
arm-none-eabi-gcc -mcpu=cortex-a9 -mfpu=vfpv3 -mfloat-abi=hard -Wl,-build-id=none -specs=Xilinx.spec -Wl,-T -Wl,../src/lscript.ld -L../../test_ip_bsp/ps7_cortexa9_0/lib -o "test_ip.elf"  ./src/helloworld.o ./src/platform.o   -Wl,--start-group,-lxil,-lgcc,-lc,--end-group
'Finished building target: test_ip.elf'
' '
'Invoking: ARM v7 Print Size'
arm-none-eabi-size test_ip.elf  |tee "test_ip.elf.size"
   text	   data	    bss	    dec	    hex	filename
  81864	   2596	209722160	209806620	c81651c	test_ip.elf
'Finished building: test_ip.elf.size'
' '
14:48:13 **** Incremental Build of configuration Debug for project test_ip ****
make pre-build main-build 
a9-linaro-pre-build-step
' '
make: Nothing to be done for `main-build'.
15:01:51 **** Auto Build of configuration Debug for project test_ip ****
make pre-build main-build 
a9-linaro-pre-build-step
' '
'Building file: ../src/helloworld.c'
'Invoking: ARM v7 gcc compiler'
arm-none-eabi-gcc -Wall -O3 -g3 -c -fmessage-length=0 -MT"src/helloworld.o" -mcpu=cortex-a9 -mfpu=vfpv3 -mfloat-abi=hard -I../../test_ip_bsp/ps7_cortexa9_0/include -MMD -MP -MF"src/helloworld.d" -MT"src/helloworld.o" -o "src/helloworld.o" "../src/helloworld.c"
../src/helloworld.c: In function 'main':
../src/helloworld.c:225:44: warning: passing argument 2 of 'XSkipprefetch_nelem_Set_n' makes integer from pointer without a cast [-Wint-conversion]
       XSkipprefetch_nelem_Set_n(&copiaMem, &pref_wind);
                                            ^
In file included from ../src/helloworld.c:53:0:
../../test_ip_bsp/ps7_cortexa9_0/include/xskipprefetch_nelem.h:92:6: note: expected 'u32 {aka long unsigned int}' but argument is of type 'int *'
 void XSkipprefetch_nelem_Set_n(XSkipprefetch_nelem *InstancePtr, u32 Data);
      ^
../src/helloworld.c:202:6: warning: unused variable 'sum' [-Wunused-variable]
  int sum = 0;
      ^
'Finished building: ../src/helloworld.c'
' '
'Building target: test_ip.elf'
'Invoking: ARM v7 gcc linker'
arm-none-eabi-gcc -mcpu=cortex-a9 -mfpu=vfpv3 -mfloat-abi=hard -Wl,-build-id=none -specs=Xilinx.spec -Wl,-T -Wl,../src/lscript.ld -L../../test_ip_bsp/ps7_cortexa9_0/lib -o "test_ip.elf"  ./src/helloworld.o ./src/platform.o   -Wl,--start-group,-lxil,-lgcc,-lc,--end-group
'Finished building target: test_ip.elf'
' '
'Invoking: ARM v7 Print Size'
arm-none-eabi-size test_ip.elf  |tee "test_ip.elf.size"
   text	   data	    bss	    dec	    hex	filename
  82032	   2596	209722160	209806788	c8165c4	test_ip.elf
'Finished building: test_ip.elf.size'
' '
15:03:08 **** Auto Build of configuration Debug for project test_ip ****
make pre-build main-build 
a9-linaro-pre-build-step
' '
'Building file: ../src/helloworld.c'
'Invoking: ARM v7 gcc compiler'
arm-none-eabi-gcc -Wall -O3 -g3 -c -fmessage-length=0 -MT"src/helloworld.o" -mcpu=cortex-a9 -mfpu=vfpv3 -mfloat-abi=hard -I../../test_ip_bsp/ps7_cortexa9_0/include -MMD -MP -MF"src/helloworld.d" -MT"src/helloworld.o" -o "src/helloworld.o" "../src/helloworld.c"
../src/helloworld.c: In function 'main':
../src/helloworld.c:202:6: warning: unused variable 'sum' [-Wunused-variable]
  int sum = 0;
      ^
'Finished building: ../src/helloworld.c'
' '
'Building target: test_ip.elf'
'Invoking: ARM v7 gcc linker'
arm-none-eabi-gcc -mcpu=cortex-a9 -mfpu=vfpv3 -mfloat-abi=hard -Wl,-build-id=none -specs=Xilinx.spec -Wl,-T -Wl,../src/lscript.ld -L../../test_ip_bsp/ps7_cortexa9_0/lib -o "test_ip.elf"  ./src/helloworld.o ./src/platform.o   -Wl,--start-group,-lxil,-lgcc,-lc,--end-group
'Finished building target: test_ip.elf'
' '
'Invoking: ARM v7 Print Size'
arm-none-eabi-size test_ip.elf  |tee "test_ip.elf.size"
   text	   data	    bss	    dec	    hex	filename
  82024	   2596	209722160	209806780	c8165bc	test_ip.elf
'Finished building: test_ip.elf.size'
' '
15:03:13 **** Incremental Build of configuration Debug for project test_ip ****
make pre-build main-build 
a9-linaro-pre-build-step
' '
make: Nothing to be done for `main-build'.
15:03:25 **** Auto Build of configuration Debug for project test_ip ****
make pre-build main-build 
a9-linaro-pre-build-step
' '
'Building file: ../src/helloworld.c'
'Invoking: ARM v7 gcc compiler'
arm-none-eabi-gcc -Wall -O3 -g3 -c -fmessage-length=0 -MT"src/helloworld.o" -mcpu=cortex-a9 -mfpu=vfpv3 -mfloat-abi=hard -I../../test_ip_bsp/ps7_cortexa9_0/include -MMD -MP -MF"src/helloworld.d" -MT"src/helloworld.o" -o "src/helloworld.o" "../src/helloworld.c"
../src/helloworld.c: In function 'main':
../src/helloworld.c:202:6: warning: unused variable 'sum' [-Wunused-variable]
  int sum = 0;
      ^
'Finished building: ../src/helloworld.c'
' '
'Building target: test_ip.elf'
'Invoking: ARM v7 gcc linker'
arm-none-eabi-gcc -mcpu=cortex-a9 -mfpu=vfpv3 -mfloat-abi=hard -Wl,-build-id=none -specs=Xilinx.spec -Wl,-T -Wl,../src/lscript.ld -L../../test_ip_bsp/ps7_cortexa9_0/lib -o "test_ip.elf"  ./src/helloworld.o ./src/platform.o   -Wl,--start-group,-lxil,-lgcc,-lc,--end-group
'Finished building target: test_ip.elf'
' '
'Invoking: ARM v7 Print Size'
arm-none-eabi-size test_ip.elf  |tee "test_ip.elf.size"
   text	   data	    bss	    dec	    hex	filename
  82032	   2596	209722160	209806788	c8165c4	test_ip.elf
'Finished building: test_ip.elf.size'
' '
15:03:29 **** Incremental Build of configuration Debug for project test_ip ****
make pre-build main-build 
a9-linaro-pre-build-step
' '
make: Nothing to be done for `main-build'.
15:16:15 **** Auto Build of configuration Debug for project test_ip ****
make pre-build main-build 
a9-linaro-pre-build-step
' '
'Building file: ../src/helloworld.c'
'Invoking: ARM v7 gcc compiler'
arm-none-eabi-gcc -Wall -O3 -g3 -c -fmessage-length=0 -MT"src/helloworld.o" -mcpu=cortex-a9 -mfpu=vfpv3 -mfloat-abi=hard -I../../test_ip_bsp/ps7_cortexa9_0/include -MMD -MP -MF"src/helloworld.d" -MT"src/helloworld.o" -o "src/helloworld.o" "../src/helloworld.c"
../src/helloworld.c: In function 'main':
../src/helloworld.c:202:6: warning: unused variable 'sum' [-Wunused-variable]
  int sum = 0;
      ^
'Finished building: ../src/helloworld.c'
' '
'Building target: test_ip.elf'
'Invoking: ARM v7 gcc linker'
arm-none-eabi-gcc -mcpu=cortex-a9 -mfpu=vfpv3 -mfloat-abi=hard -Wl,-build-id=none -specs=Xilinx.spec -Wl,-T -Wl,../src/lscript.ld -L../../test_ip_bsp/ps7_cortexa9_0/lib -o "test_ip.elf"  ./src/helloworld.o ./src/platform.o   -Wl,--start-group,-lxil,-lgcc,-lc,--end-group
'Finished building target: test_ip.elf'
' '
'Invoking: ARM v7 Print Size'
arm-none-eabi-size test_ip.elf  |tee "test_ip.elf.size"
   text	   data	    bss	    dec	    hex	filename
  82028	   2596	209722160	209806784	c8165c0	test_ip.elf
'Finished building: test_ip.elf.size'
' '
15:16:19 **** Incremental Build of configuration Debug for project test_ip ****
make pre-build main-build 
a9-linaro-pre-build-step
' '
make: Nothing to be done for `main-build'.
