15:43:26 INFO  : Registering command handlers for SDK TCF services
15:43:27 INFO  : Launching XSCT server: xsct.bat -interactive A:\COMP_ARCH\PYNQ_Projects\Vivado_prj\skipList_prefetch_N_elem\skipList_prefetch_N_elem.sdk\temp_xsdb_launch_script.tcl
15:43:30 INFO  : XSCT server has started successfully.
15:43:31 INFO  : Processing command line option -hwspec A:/COMP_ARCH/PYNQ_Projects/Vivado_prj/skipList_prefetch_N_elem/skipList_prefetch_N_elem.sdk/design_1_wrapper.hdf.
15:43:31 INFO  : Successfully done setting XSCT server connection channel  
15:43:31 INFO  : Successfully done setting SDK workspace  
15:46:08 INFO  : Inferring section assignments and sizes from elf file: A:\COMP_ARCH\PYNQ_Projects\Vivado_prj\skipList_prefetch_N_elem\skipList_prefetch_N_elem.sdk\skiplist_prefetch\Debug\skiplist_prefetch.elf
15:46:18 INFO  : Successfully generated A:\COMP_ARCH\PYNQ_Projects\Vivado_prj\skipList_prefetch_N_elem\skipList_prefetch_N_elem.sdk\skiplist_prefetch\src\lscript.ld.
15:46:18 INFO  : Applying linker script to all configurations of project skiplist_prefetch.
15:46:18 INFO  : Setting rebuild state to true for all configurations of project skiplist_prefetch.
15:46:32 INFO  : Connected to target on host '127.0.0.1' and port '3121'.
15:46:34 INFO  : 'targets -set -filter {jtag_cable_name =~ "Xilinx PYNQ-Z1 003017A6E019A" && level==0} -index 1' command is executed.
15:46:36 INFO  : FPGA configured successfully with bitstream "A:/COMP_ARCH/PYNQ_Projects/Vivado_prj/skipList_prefetch_N_elem/skipList_prefetch_N_elem.sdk/design_1_wrapper_hw_platform_0/design_1_wrapper.bit"
15:47:21 INFO  : ps7_init is completed.
15:47:21 INFO  : ps7_post_config is completed.
15:47:21 INFO  : Processor reset is completed for ps7_cortexa9_0
15:47:28 INFO  : Processor reset is completed for ps7_cortexa9_0
15:47:36 INFO  : Processor reset is completed for ps7_cortexa9_0
15:47:43 INFO  : Processor reset is completed for ps7_cortexa9_0
15:48:09 INFO  : Processor reset is completed for ps7_cortexa9_0
15:48:18 INFO  : Processor reset is completed for ps7_cortexa9_0
15:48:40 INFO  : Processor reset is completed for ps7_cortexa9_0
15:48:53 INFO  : Processor reset is completed for ps7_cortexa9_0
15:49:23 INFO  : Connected to target on host '127.0.0.1' and port '3121'.
15:49:27 INFO  : 'targets -set -filter {jtag_cable_name =~ "Xilinx PYNQ-Z1 003017A6E019A" && level==0} -index 1' command is executed.
15:49:29 INFO  : FPGA configured successfully with bitstream "A:/COMP_ARCH/PYNQ_Projects/Vivado_prj/skipList_prefetch_N_elem/skipList_prefetch_N_elem.sdk/design_1_wrapper_hw_platform_0/design_1_wrapper.bit"
15:49:33 INFO  : ps7_init is completed.
15:49:33 INFO  : ps7_post_config is completed.
15:49:34 INFO  : Processor reset is completed for ps7_cortexa9_0
15:50:05 INFO  : Processor reset is completed for ps7_cortexa9_0
15:50:16 INFO  : Processor reset is completed for ps7_cortexa9_0
15:50:28 INFO  : Processor reset is completed for ps7_cortexa9_0
15:50:37 INFO  : Processor reset is completed for ps7_cortexa9_0
15:50:45 INFO  : Processor reset is completed for ps7_cortexa9_0
15:50:55 INFO  : Processor reset is completed for ps7_cortexa9_0
15:51:06 INFO  : Processor reset is completed for ps7_cortexa9_0
15:52:15 ERROR : Unexpected error while parsing XMD response ?: com.google.gson.JsonSyntaxException: com.google.gson.stream.MalformedJsonException: invalid number or unquoted string near 
18:34:34 INFO  : Registering command handlers for SDK TCF services
18:34:34 INFO  : Launching XSCT server: xsct.bat -interactive A:\COMP_ARCH\PYNQ_Projects\Vivado_prj\skipList_prefetch_N_elem\prefetch_window_2000\100_skipList_prefetch_N_elem.sdk\temp_xsdb_launch_script.tcl
18:34:39 INFO  : XSCT server has started successfully.
18:34:40 INFO  : Successfully done setting XSCT server connection channel  
18:34:41 INFO  : Successfully done setting SDK workspace  
18:34:45 INFO  : SDK has detected change in the last modified timestamps for source hardware specification file Source:1591956719501,  Project:1591774920572
18:34:45 INFO  : Project design_1_wrapper_hw_platform_0's source hardware specification located at A:/COMP_ARCH/PYNQ_Projects/Vivado_prj/skipList_prefetch_N_elem/skipList_prefetch_N_elem.sdk/design_1_wrapper.hdf is now different from the local copy.
		 The local copy will be replaced with the source specification and your workspace will be updated.
18:36:30 INFO  : Project design_1_wrapper_hw_platform_0's source hardware specification location will not be monitored anymore.
18:37:16 INFO  : Connected to target on host '127.0.0.1' and port '3121'.
18:37:17 INFO  : 'targets -set -filter {jtag_cable_name =~ "Xilinx PYNQ-Z1 003017A6E019A" && level==0} -index 1' command is executed.
18:37:20 INFO  : FPGA configured successfully with bitstream "A:/COMP_ARCH/PYNQ_Projects/Vivado_prj/skipList_prefetch_N_elem/prefetch_window_2000/100_skipList_prefetch_N_elem.sdk/design_1_wrapper_hw_platform_0/design_1_wrapper.bit"
18:37:25 INFO  : Inferring section assignments and sizes from elf file: A:\COMP_ARCH\PYNQ_Projects\Vivado_prj\skipList_prefetch_N_elem\prefetch_window_2000\100_skipList_prefetch_N_elem.sdk\skiplist_prefetch\Debug\skiplist_prefetch.elf
18:37:35 INFO  : Successfully generated A:\COMP_ARCH\PYNQ_Projects\Vivado_prj\skipList_prefetch_N_elem\prefetch_window_2000\100_skipList_prefetch_N_elem.sdk\skiplist_prefetch\src\lscript.ld.
18:37:35 INFO  : Applying linker script to all configurations of project skiplist_prefetch.
18:37:35 INFO  : Setting rebuild state to true for all configurations of project skiplist_prefetch.
18:38:43 INFO  : ps7_init is completed.
18:38:43 INFO  : ps7_post_config is completed.
18:38:43 INFO  : Processor reset is completed for ps7_cortexa9_0
18:39:08 INFO  : Processor reset is completed for ps7_cortexa9_0
18:40:41 INFO  : Processor reset is completed for ps7_cortexa9_0
18:47:11 INFO  : Processor reset is completed for ps7_cortexa9_0
18:47:53 INFO  : Processor reset is completed for ps7_cortexa9_0
18:48:05 INFO  : Processor reset is completed for ps7_cortexa9_0
18:48:15 INFO  : Processor reset is completed for ps7_cortexa9_0
18:48:27 INFO  : Processor reset is completed for ps7_cortexa9_0
18:49:45 INFO  : Processor reset is completed for ps7_cortexa9_0
18:50:30 INFO  : Processor reset is completed for ps7_cortexa9_0
18:50:39 INFO  : Processor reset is completed for ps7_cortexa9_0
18:50:48 INFO  : Processor reset is completed for ps7_cortexa9_0
18:51:29 INFO  : Processor reset is completed for ps7_cortexa9_0
18:51:42 INFO  : Processor reset is completed for ps7_cortexa9_0
18:51:57 INFO  : Processor reset is completed for ps7_cortexa9_0
18:55:40 ERROR : Unexpected error while parsing XMD response ?: com.google.gson.JsonSyntaxException: com.google.gson.stream.MalformedJsonException: invalid number or unquoted string near 
12:00:18 INFO  : Registering command handlers for SDK TCF services
12:00:18 INFO  : Launching XSCT server: xsct.bat -interactive A:\COMP_ARCH\PYNQ_Projects\Vivado_prj\skipList_prefetch_N_elem\prefetch_window_2000\100_skipList_prefetch_N_elem.sdk\temp_xsdb_launch_script.tcl
12:00:22 INFO  : XSCT server has started successfully.
12:00:23 INFO  : Successfully done setting XSCT server connection channel  
12:00:26 INFO  : Successfully done setting SDK workspace  
12:00:58 INFO  : Connected to target on host '127.0.0.1' and port '3121'.
12:01:00 INFO  : 'targets -set -filter {jtag_cable_name =~ "Xilinx PYNQ-Z1 003017A6E019A" && level==0} -index 1' command is executed.
12:01:02 INFO  : FPGA configured successfully with bitstream "A:/COMP_ARCH/PYNQ_Projects/Vivado_prj/skipList_prefetch_N_elem/prefetch_window_2000/100_skipList_prefetch_N_elem.sdk/design_1_wrapper_hw_platform_0/design_1_wrapper.bit"
12:02:06 INFO  : ps7_init is completed.
12:02:07 INFO  : ps7_post_config is completed.
12:02:07 INFO  : Processor reset is completed for ps7_cortexa9_0
12:02:23 INFO  : Processor reset is completed for ps7_cortexa9_0
12:03:24 INFO  : Processor reset is completed for ps7_cortexa9_0
12:03:31 INFO  : Processor reset is completed for ps7_cortexa9_0
12:03:52 INFO  : Processor reset is completed for ps7_cortexa9_0
12:04:04 INFO  : Processor reset is completed for ps7_cortexa9_0
12:04:08 INFO  : Processor reset is completed for ps7_cortexa9_0
12:04:13 INFO  : Processor reset is completed for ps7_cortexa9_0
12:04:19 ERROR : Unexpected error while parsing XMD response ?: com.google.gson.JsonSyntaxException: com.google.gson.stream.MalformedJsonException: invalid number or unquoted string near 
17:40:11 INFO  : Registering command handlers for SDK TCF services
17:40:12 INFO  : Launching XSCT server: xsct.bat -interactive A:\COMP_ARCH\PYNQ_Projects\Vivado_prj\skipList_prefetch_N_elem\prefetch_window_2000\100_skipList_prefetch_N_elem.sdk\temp_xsdb_launch_script.tcl
17:40:16 INFO  : XSCT server has started successfully.
17:40:16 INFO  : Successfully done setting XSCT server connection channel  
17:40:17 INFO  : Successfully done setting SDK workspace  
17:40:24 INFO  : Inferring section assignments and sizes from elf file: A:\COMP_ARCH\PYNQ_Projects\Vivado_prj\skipList_prefetch_N_elem\prefetch_window_2000\100_skipList_prefetch_N_elem.sdk\skiplist_prefetch\Debug\skiplist_prefetch.elf
17:41:05 INFO  : Connected to target on host '127.0.0.1' and port '3121'.
17:41:07 INFO  : 'targets -set -filter {jtag_cable_name =~ "Xilinx PYNQ-Z1 003017A6E019A" && level==0} -index 1' command is executed.
17:41:10 INFO  : FPGA configured successfully with bitstream "A:/COMP_ARCH/PYNQ_Projects/Vivado_prj/skipList_prefetch_N_elem/prefetch_window_2000/100_skipList_prefetch_N_elem.sdk/design_1_wrapper_hw_platform_0/design_1_wrapper.bit"
17:41:39 INFO  : ps7_init is completed.
17:41:39 INFO  : ps7_post_config is completed.
17:41:40 INFO  : Processor reset is completed for ps7_cortexa9_0
17:41:54 INFO  : Processor reset is completed for ps7_cortexa9_0
17:42:29 INFO  : Processor reset is completed for ps7_cortexa9_0
17:46:17 ERROR : Unexpected error while parsing XMD response ?: com.google.gson.JsonSyntaxException: com.google.gson.stream.MalformedJsonException: invalid number or unquoted string near 
