INFO: [XSIM 43-3496] Using init file passed via -initfile option "C:/Xilinx/Vivado/2016.3/bin/../data/xsim/ip/xsim_ip.ini".
Vivado Simulator 2016.3
Copyright 1986-1999, 2001-2016 Xilinx, Inc. All Rights Reserved.
Running: C:/Xilinx/Vivado/2016.3/bin/unwrapped/win64.o/xelab.exe xil_defaultlib.apatb_fetch_log_top -prj fetch_log.prj --initfile C:/Xilinx/Vivado/2016.3/bin/../data/xsim/ip/xsim_ip.ini --lib ieee_proposed=./ieee_proposed -s fetch_log 
Multi-threading is on. Using 2 slave threads.
INFO: [VRFC 10-2263] Analyzing SystemVerilog file "A:/COMP_ARCH/PYNQ_Projects/HLS_proj/proj_8_Pureprefetch_log/Pure_prefetch_log/solution1/sim/verilog/AESL_axi_master_A_BUS.v" into library xil_defaultlib
INFO: [VRFC 10-311] analyzing module AESL_axi_master_A_BUS
INFO: [VRFC 10-2263] Analyzing SystemVerilog file "A:/COMP_ARCH/PYNQ_Projects/HLS_proj/proj_8_Pureprefetch_log/Pure_prefetch_log/solution1/sim/verilog/AESL_axi_master_LOG_BUS.v" into library xil_defaultlib
INFO: [VRFC 10-311] analyzing module AESL_axi_master_LOG_BUS
INFO: [VRFC 10-2263] Analyzing SystemVerilog file "A:/COMP_ARCH/PYNQ_Projects/HLS_proj/proj_8_Pureprefetch_log/Pure_prefetch_log/solution1/sim/verilog/AESL_axi_slave_AXILiteS.v" into library xil_defaultlib
INFO: [VRFC 10-311] analyzing module AESL_axi_slave_AXILiteS
INFO: [VRFC 10-2263] Analyzing SystemVerilog file "A:/COMP_ARCH/PYNQ_Projects/HLS_proj/proj_8_Pureprefetch_log/Pure_prefetch_log/solution1/sim/verilog/fetch_log.autotb.v" into library xil_defaultlib
INFO: [VRFC 10-311] analyzing module apatb_fetch_log_top
INFO: [VRFC 10-2263] Analyzing SystemVerilog file "A:/COMP_ARCH/PYNQ_Projects/HLS_proj/proj_8_Pureprefetch_log/Pure_prefetch_log/solution1/sim/verilog/fetch_log.v" into library xil_defaultlib
INFO: [VRFC 10-311] analyzing module fetch_log
INFO: [VRFC 10-2263] Analyzing SystemVerilog file "A:/COMP_ARCH/PYNQ_Projects/HLS_proj/proj_8_Pureprefetch_log/Pure_prefetch_log/solution1/sim/verilog/fetch_log_AXILiteS_s_axi.v" into library xil_defaultlib
INFO: [VRFC 10-311] analyzing module fetch_log_AXILiteS_s_axi
INFO: [VRFC 10-2263] Analyzing SystemVerilog file "A:/COMP_ARCH/PYNQ_Projects/HLS_proj/proj_8_Pureprefetch_log/Pure_prefetch_log/solution1/sim/verilog/fetch_log_A_BUS_m_axi.v" into library xil_defaultlib
INFO: [VRFC 10-311] analyzing module fetch_log_A_BUS_m_axi
INFO: [VRFC 10-311] analyzing module fetch_log_A_BUS_m_axi_reg_slice
INFO: [VRFC 10-311] analyzing module fetch_log_A_BUS_m_axi_fifo
INFO: [VRFC 10-311] analyzing module fetch_log_A_BUS_m_axi_buffer
INFO: [VRFC 10-311] analyzing module fetch_log_A_BUS_m_axi_decoder
INFO: [VRFC 10-311] analyzing module fetch_log_A_BUS_m_axi_throttl
INFO: [VRFC 10-311] analyzing module fetch_log_A_BUS_m_axi_read
INFO: [VRFC 10-311] analyzing module fetch_log_A_BUS_m_axi_write
INFO: [VRFC 10-2458] undeclared symbol data_valid, assumed default net type wire [A:/COMP_ARCH/PYNQ_Projects/HLS_proj/proj_8_Pureprefetch_log/Pure_prefetch_log/solution1/sim/verilog/fetch_log_A_BUS_m_axi.v:2009]
INFO: [VRFC 10-2263] Analyzing SystemVerilog file "A:/COMP_ARCH/PYNQ_Projects/HLS_proj/proj_8_Pureprefetch_log/Pure_prefetch_log/solution1/sim/verilog/fetch_log_LOG_BUS_m_axi.v" into library xil_defaultlib
INFO: [VRFC 10-311] analyzing module fetch_log_LOG_BUS_m_axi
INFO: [VRFC 10-311] analyzing module fetch_log_LOG_BUS_m_axi_reg_slice
INFO: [VRFC 10-311] analyzing module fetch_log_LOG_BUS_m_axi_fifo
INFO: [VRFC 10-311] analyzing module fetch_log_LOG_BUS_m_axi_buffer
INFO: [VRFC 10-311] analyzing module fetch_log_LOG_BUS_m_axi_decoder
INFO: [VRFC 10-311] analyzing module fetch_log_LOG_BUS_m_axi_throttl
INFO: [VRFC 10-311] analyzing module fetch_log_LOG_BUS_m_axi_read
INFO: [VRFC 10-311] analyzing module fetch_log_LOG_BUS_m_axi_write
INFO: [VRFC 10-2458] undeclared symbol data_valid, assumed default net type wire [A:/COMP_ARCH/PYNQ_Projects/HLS_proj/proj_8_Pureprefetch_log/Pure_prefetch_log/solution1/sim/verilog/fetch_log_LOG_BUS_m_axi.v:2009]
Starting static elaboration
Completed static elaboration
Starting simulation data flow analysis
Completed simulation data flow analysis
Time Resolution for simulation is 1ps
Compiling module xil_defaultlib.fetch_log_AXILiteS_s_axi(C_S_AXI...
Compiling module xil_defaultlib.fetch_log_A_BUS_m_axi_throttl_de...
Compiling module xil_defaultlib.fetch_log_A_BUS_m_axi_fifo(DATA_...
Compiling module xil_defaultlib.fetch_log_A_BUS_m_axi_buffer(DAT...
Compiling module xil_defaultlib.fetch_log_A_BUS_m_axi_fifo(DEPTH...
Compiling module xil_defaultlib.fetch_log_A_BUS_m_axi_fifo(DATA_...
Compiling module xil_defaultlib.fetch_log_A_BUS_m_axi_fifo(DATA_...
Compiling module xil_defaultlib.fetch_log_A_BUS_m_axi_write(NUM_...
Compiling module xil_defaultlib.fetch_log_A_BUS_m_axi_buffer(DAT...
Compiling module xil_defaultlib.fetch_log_A_BUS_m_axi_reg_slice(...
Compiling module xil_defaultlib.fetch_log_A_BUS_m_axi_read(NUM_R...
Compiling module xil_defaultlib.fetch_log_A_BUS_m_axi(NUM_READ_O...
Compiling module xil_defaultlib.fetch_log_LOG_BUS_m_axi_throttl_...
Compiling module xil_defaultlib.fetch_log_LOG_BUS_m_axi_fifo(DAT...
Compiling module xil_defaultlib.fetch_log_LOG_BUS_m_axi_buffer(D...
Compiling module xil_defaultlib.fetch_log_LOG_BUS_m_axi_fifo(DEP...
Compiling module xil_defaultlib.fetch_log_LOG_BUS_m_axi_fifo(DAT...
Compiling module xil_defaultlib.fetch_log_LOG_BUS_m_axi_fifo(DAT...
Compiling module xil_defaultlib.fetch_log_LOG_BUS_m_axi_write(NU...
Compiling module xil_defaultlib.fetch_log_LOG_BUS_m_axi_buffer(D...
Compiling module xil_defaultlib.fetch_log_LOG_BUS_m_axi_reg_slic...
Compiling module xil_defaultlib.fetch_log_LOG_BUS_m_axi_read(NUM...
Compiling module xil_defaultlib.fetch_log_LOG_BUS_m_axi(NUM_READ...
Compiling module xil_defaultlib.fetch_log_default
Compiling module xil_defaultlib.AESL_axi_master_A_BUS
Compiling module xil_defaultlib.AESL_axi_master_LOG_BUS
Compiling module xil_defaultlib.AESL_axi_slave_AXILiteS
Compiling module xil_defaultlib.apatb_fetch_log_top
Built simulation snapshot fetch_log
