16:17:47 INFO  : Registering command handlers for SDK TCF services
16:17:48 INFO  : Launching XSCT server: xsct.bat -interactive A:\COMP_ARCH\PYNQ_Projects\Vivado_prj\Prefetch_master_slave\Prefetch_master_slave.sdk\temp_xsdb_launch_script.tcl
16:17:53 INFO  : XSCT server has started successfully.
16:17:59 INFO  : Processing command line option -hwspec A:/COMP_ARCH/PYNQ_Projects/Vivado_prj/Prefetch_master_slave/Prefetch_master_slave.sdk/design_1_wrapper.hdf.
16:17:59 INFO  : Successfully done setting XSCT server connection channel  
16:17:59 INFO  : Successfully done setting SDK workspace  
16:19:53 INFO  : Inferring section assignments and sizes from elf file: A:\COMP_ARCH\PYNQ_Projects\Vivado_prj\Prefetch_master_slave\Prefetch_master_slave.sdk\test_ip\Debug\test_ip.elf
16:20:11 INFO  : Successfully generated A:\COMP_ARCH\PYNQ_Projects\Vivado_prj\Prefetch_master_slave\Prefetch_master_slave.sdk\test_ip\src\lscript.ld.
16:20:11 INFO  : Applying linker script to all configurations of project test_ip.
16:20:11 INFO  : Setting rebuild state to true for all configurations of project test_ip.
16:25:50 INFO  : Connected to target on host '127.0.0.1' and port '3121'.
16:25:52 INFO  : 'targets -set -filter {jtag_cable_name =~ "Xilinx PYNQ-Z1 003017A6E019A" && level==0} -index 1' command is executed.
16:25:55 INFO  : FPGA configured successfully with bitstream "A:/COMP_ARCH/PYNQ_Projects/Vivado_prj/Prefetch_master_slave/Prefetch_master_slave.sdk/design_1_wrapper_hw_platform_0/design_1_wrapper.bit"
16:26:34 ERROR : Checking FPGA configuration failed..Connection to Board Failed


    Unknown Error Occured
    Cable is not powered-on

16:26:34 ERROR : Unexpected error while launching program.
com.xilinx.sdk.targetmanager.TMException: Connection to Board Failed


    Unknown Error Occured
    Cable is not powered-on

	at com.xilinx.sdk.targetmanager.internal.TM.isFPGAConfigured(TM.java:374)
	at com.xilinx.sdk.debug.core.XilinxAppLaunchConfigurationDelegate.isFpgaConfigured(XilinxAppLaunchConfigurationDelegate.java:409)
	at com.xilinx.sdk.debug.core.XilinxAppLaunchConfigurationDelegate.launch(XilinxAppLaunchConfigurationDelegate.java:303)
	at com.xilinx.sdk.debug.ui.XilinxAppLaunchDelegateWrapper.launch(XilinxAppLaunchDelegateWrapper.java:31)
	at org.eclipse.debug.internal.core.LaunchConfiguration.launch(LaunchConfiguration.java:885)
	at org.eclipse.debug.internal.core.LaunchConfiguration.launch(LaunchConfiguration.java:739)
	at org.eclipse.debug.internal.ui.DebugUIPlugin.buildAndLaunch(DebugUIPlugin.java:1039)
	at org.eclipse.debug.internal.ui.DebugUIPlugin$8.run(DebugUIPlugin.java:1256)
	at org.eclipse.core.internal.jobs.Worker.run(Worker.java:55)
16:26:54 INFO  : Connected to target on host '127.0.0.1' and port '3121'.
16:26:57 INFO  : 'targets -set -filter {jtag_cable_name =~ "Xilinx PYNQ-Z1 003017A6E019A" && level==0} -index 1' command is executed.
16:27:00 INFO  : FPGA configured successfully with bitstream "A:/COMP_ARCH/PYNQ_Projects/Vivado_prj/Prefetch_master_slave/Prefetch_master_slave.sdk/design_1_wrapper_hw_platform_0/design_1_wrapper.bit"
16:27:04 INFO  : ps7_init is completed.
16:27:04 INFO  : ps7_post_config is completed.
16:27:04 INFO  : Processor reset is completed for ps7_cortexa9_0
16:27:31 INFO  : Processor reset is completed for ps7_cortexa9_0
16:28:12 INFO  : Processor reset is completed for ps7_cortexa9_0
16:29:19 INFO  : Processor reset is completed for ps7_cortexa9_0
16:40:28 INFO  : Connected to target on host '127.0.0.1' and port '3121'.
16:40:28 INFO  : 'targets -set -filter {jtag_cable_name =~ "Xilinx PYNQ-Z1 003017A6E019A" && level==0} -index 1' command is executed.
16:40:30 INFO  : FPGA configured successfully with bitstream "A:/COMP_ARCH/PYNQ_Projects/Vivado_prj/Prefetch_master_slave/Prefetch_master_slave.sdk/design_1_wrapper_hw_platform_0/design_1_wrapper.bit"
16:40:37 INFO  : ps7_init is completed.
16:40:38 INFO  : ps7_post_config is completed.
16:40:38 INFO  : Processor reset is completed for ps7_cortexa9_0
16:41:06 INFO  : Processor reset is completed for ps7_cortexa9_0
16:41:21 INFO  : Processor reset is completed for ps7_cortexa9_0
16:47:13 INFO  : Connected to target on host '127.0.0.1' and port '3121'.
16:47:17 INFO  : 'targets -set -filter {jtag_cable_name =~ "Xilinx PYNQ-Z1 003017A6E019A" && level==0} -index 1' command is executed.
16:47:20 INFO  : FPGA configured successfully with bitstream "A:/COMP_ARCH/PYNQ_Projects/Vivado_prj/Prefetch_master_slave/Prefetch_master_slave.sdk/design_1_wrapper_hw_platform_0/design_1_wrapper.bit"
16:50:34 INFO  : Connected to target on host '127.0.0.1' and port '3121'.
16:50:42 INFO  : Connected to target on host '127.0.0.1' and port '3121'.
16:50:42 INFO  : 'targets -set -filter {jtag_cable_name =~ "Xilinx PYNQ-Z1 003017A6E019A" && level==0} -index 1' command is executed.
16:50:45 INFO  : FPGA configured successfully with bitstream "A:/COMP_ARCH/PYNQ_Projects/Vivado_prj/Prefetch_master_slave/Prefetch_master_slave.sdk/design_1_wrapper_hw_platform_0/design_1_wrapper.bit"
16:50:48 INFO  : ps7_init is completed.
16:50:48 INFO  : ps7_post_config is completed.
16:50:49 INFO  : Processor reset is completed for ps7_cortexa9_0
16:51:29 INFO  : Processor reset is completed for ps7_cortexa9_0
16:59:14 INFO  : Connected to target on host '127.0.0.1' and port '3121'.
16:59:18 INFO  : 'targets -set -filter {jtag_cable_name =~ "Xilinx PYNQ-Z1 003017A6E019A" && level==0} -index 1' command is executed.
16:59:20 INFO  : FPGA configured successfully with bitstream "A:/COMP_ARCH/PYNQ_Projects/Vivado_prj/Prefetch_master_slave/Prefetch_master_slave.sdk/design_1_wrapper_hw_platform_0/design_1_wrapper.bit"
16:59:24 INFO  : ps7_init is completed.
16:59:24 INFO  : ps7_post_config is completed.
16:59:25 INFO  : Processor reset is completed for ps7_cortexa9_0
17:00:03 INFO  : Processor reset is completed for ps7_cortexa9_0
17:02:05 INFO  : Processor reset is completed for ps7_cortexa9_0
17:04:18 INFO  : Processor reset is completed for ps7_cortexa9_0
17:06:54 INFO  : Processor reset is completed for ps7_cortexa9_0
17:07:18 ERROR : Unexpected error while parsing XMD response ?: com.google.gson.JsonSyntaxException: com.google.gson.stream.MalformedJsonException: invalid number or unquoted string near 
