18:51:16 INFO  : Registering command handlers for SDK TCF services
18:51:17 INFO  : Launching XSCT server: xsct.bat -interactive A:\COMP_ARCH\PYNQ_Projects\Vivado_prj\project_1\project_1.sdk\temp_xsdb_launch_script.tcl
18:51:21 INFO  : XSCT server has started successfully.
18:51:22 INFO  : Processing command line option -hwspec A:/COMP_ARCH/PYNQ_Projects/Vivado_prj/project_1/project_1.sdk/design_1_wrapper.hdf.
18:51:22 INFO  : Successfully done setting XSCT server connection channel  
18:51:22 INFO  : Successfully done setting SDK workspace  
18:52:57 INFO  : Connected to target on host '127.0.0.1' and port '3121'.
18:52:58 INFO  : 'targets -set -filter {jtag_cable_name =~ "Xilinx PYNQ-Z1 003017A6E019A" && level==0} -index 1' command is executed.
18:53:00 INFO  : FPGA configured successfully with bitstream "A:/COMP_ARCH/PYNQ_Projects/Vivado_prj/project_1/project_1.sdk/design_1_wrapper_hw_platform_0/design_1_wrapper.bit"
18:53:46 WARN  : Unable to obtain port 2350 for use by XMD, java.net.SocketException: Unrecognized Windows Sockets error: 0: JVM_Bind
18:53:53 INFO  : ps7_init is completed.
18:53:53 INFO  : ps7_post_config is completed.
18:53:54 INFO  : Processor reset is completed for ps7_cortexa9_0
18:56:07 INFO  : Processor reset is completed for ps7_cortexa9_0
18:58:16 INFO  : Processor reset is completed for ps7_cortexa9_0
18:58:27 INFO  : Processor reset is completed for ps7_cortexa9_0
19:01:45 INFO  : Processor reset is completed for ps7_cortexa9_0
19:02:12 INFO  : Processor reset is completed for ps7_cortexa9_0
19:02:24 INFO  : Processor reset is completed for ps7_cortexa9_0
19:02:34 INFO  : Processor reset is completed for ps7_cortexa9_0
19:02:42 INFO  : Processor reset is completed for ps7_cortexa9_0
19:02:53 INFO  : Processor reset is completed for ps7_cortexa9_0
19:28:23 ERROR : Unexpected error while parsing XMD response ?: com.google.gson.JsonSyntaxException: com.google.gson.stream.MalformedJsonException: invalid number or unquoted string near 
