#-----------------------------------------------------------
# Vivado v2016.3 (64-bit)
# SW Build 1682563 on Mon Oct 10 19:07:27 MDT 2016
# IP Build 1681267 on Mon Oct 10 21:28:31 MDT 2016
# Start of session at: Mon Mar 30 13:01:04 2020
# Process ID: 14368
# Current directory: A:/COMP_ARCH/PYNQ_Projects/Vivado_prj/prefetcher_ACP
# Command line: vivado.exe -gui_launcher_event rodinguilauncherevent11564 A:\COMP_ARCH\PYNQ_Projects\Vivado_prj\prefetcher_ACP\prefetcher_ACP.xpr
# Log file: A:/COMP_ARCH/PYNQ_Projects/Vivado_prj/prefetcher_ACP/vivado.log
# Journal file: A:/COMP_ARCH/PYNQ_Projects/Vivado_prj/prefetcher_ACP\vivado.jou
#-----------------------------------------------------------
start_gui
open_project A:/COMP_ARCH/PYNQ_Projects/Vivado_prj/prefetcher_ACP/prefetcher_ACP.xpr
Scanning sources...
Finished scanning sources
INFO: [IP_Flow 19-234] Refreshing IP repositories
INFO: [IP_Flow 19-1700] Loaded user IP repository 'a:/COMP_ARCH/PYNQ_Projects/HLS_proj/proj_3_prefetcher/prefetch/solution1/impl'.
INFO: [IP_Flow 19-2313] Loaded Vivado IP repository 'C:/Xilinx/Vivado/2016.3/data/ip'.
open_project: Time (s): cpu = 00:00:21 ; elapsed = 00:00:15 . Memory (MB): peak = 831.344 ; gain = 184.801
open_bd_design {A:/COMP_ARCH/PYNQ_Projects/Vivado_prj/prefetcher_ACP/prefetcher_ACP.srcs/sources_1/bd/design_1/design_1.bd}
Adding cell -- xilinx.com:ip:processing_system7:5.5 - processing_system7_0
Adding cell -- xilinx.com:hls:prefetch:1.0 - prefetch_0
Adding cell -- xilinx.com:ip:proc_sys_reset:5.0 - rst_ps7_0_100M
Adding cell -- xilinx.com:ip:axi_protocol_converter:2.1 - auto_pc
Adding cell -- xilinx.com:ip:axi_protocol_converter:2.1 - auto_pc
Adding cell -- xilinx.com:ip:axi_dwidth_converter:2.1 - auto_us
Successfully read diagram <design_1> from BD file <A:/COMP_ARCH/PYNQ_Projects/Vivado_prj/prefetcher_ACP/prefetcher_ACP.srcs/sources_1/bd/design_1/design_1.bd>
open_bd_design: Time (s): cpu = 00:00:14 ; elapsed = 00:00:14 . Memory (MB): peak = 871.859 ; gain = 36.844
exit
INFO: [Common 17-206] Exiting Vivado at Mon Mar 30 19:06:29 2020...
