
*** Running vivado
    with args -log design_1_wrapper.vdi -applog -m64 -product Vivado -messageDb vivado.pb -mode batch -source design_1_wrapper.tcl -notrace


****** Vivado v2016.3 (64-bit)
  **** SW Build 1682563 on Mon Oct 10 19:07:27 MDT 2016
  **** IP Build 1681267 on Mon Oct 10 21:28:31 MDT 2016
    ** Copyright 1986-2016 Xilinx, Inc. All Rights Reserved.

source design_1_wrapper.tcl -notrace
Design is defaulting to srcset: sources_1
Design is defaulting to constrset: constrs_1
INFO: [Project 1-454] Reading design checkpoint 'a:/COMP_ARCH/PYNQ_Projects/Vivado_prj/skip_list_impln_2/skip_list_impln_2.srcs/sources_1/bd/design_1/ip/design_1_processing_system7_0_0/design_1_processing_system7_0_0.dcp' for cell 'design_1_i/processing_system7_0'
INFO: [Project 1-454] Reading design checkpoint 'a:/COMP_ARCH/PYNQ_Projects/Vivado_prj/skip_list_impln_2/skip_list_impln_2.srcs/sources_1/bd/design_1/ip/design_1_rst_ps7_0_100M_0/design_1_rst_ps7_0_100M_0.dcp' for cell 'design_1_i/rst_ps7_0_100M'
INFO: [Project 1-454] Reading design checkpoint 'a:/COMP_ARCH/PYNQ_Projects/Vivado_prj/skip_list_impln_2/skip_list_impln_2.srcs/sources_1/bd/design_1/ip/design_1_skip_list_prefetch_0_1/design_1_skip_list_prefetch_0_1.dcp' for cell 'design_1_i/skip_list_prefetch_0'
INFO: [Project 1-454] Reading design checkpoint 'a:/COMP_ARCH/PYNQ_Projects/Vivado_prj/skip_list_impln_2/skip_list_impln_2.srcs/sources_1/bd/design_1/ip/design_1_xlconstant_0_0/design_1_xlconstant_0_0.dcp' for cell 'design_1_i/xlconstant_0'
INFO: [Project 1-454] Reading design checkpoint 'a:/COMP_ARCH/PYNQ_Projects/Vivado_prj/skip_list_impln_2/skip_list_impln_2.srcs/sources_1/bd/design_1/ip/design_1_xlconstant_1_0/design_1_xlconstant_1_0.dcp' for cell 'design_1_i/xlconstant_1'
INFO: [Project 1-454] Reading design checkpoint 'a:/COMP_ARCH/PYNQ_Projects/Vivado_prj/skip_list_impln_2/skip_list_impln_2.srcs/sources_1/bd/design_1/ip/design_1_auto_pc_0/design_1_auto_pc_0.dcp' for cell 'design_1_i/axi_mem_intercon/s00_couplers/auto_pc'
INFO: [Project 1-454] Reading design checkpoint 'a:/COMP_ARCH/PYNQ_Projects/Vivado_prj/skip_list_impln_2/skip_list_impln_2.srcs/sources_1/bd/design_1/ip/design_1_auto_pc_1/design_1_auto_pc_1.dcp' for cell 'design_1_i/ps7_0_axi_periph/s00_couplers/auto_pc'
INFO: [Netlist 29-17] Analyzing 118 Unisim elements for replacement
INFO: [Netlist 29-28] Unisim Transformation completed in 0 CPU seconds
INFO: [Project 1-479] Netlist was created with Vivado 2016.3
INFO: [Device 21-403] Loading part xc7z020clg400-1
INFO: [Project 1-570] Preparing netlist for logic optimization
Parsing XDC File [a:/COMP_ARCH/PYNQ_Projects/Vivado_prj/skip_list_impln_2/skip_list_impln_2.srcs/sources_1/bd/design_1/ip/design_1_processing_system7_0_0/design_1_processing_system7_0_0.xdc] for cell 'design_1_i/processing_system7_0/inst'
Finished Parsing XDC File [a:/COMP_ARCH/PYNQ_Projects/Vivado_prj/skip_list_impln_2/skip_list_impln_2.srcs/sources_1/bd/design_1/ip/design_1_processing_system7_0_0/design_1_processing_system7_0_0.xdc] for cell 'design_1_i/processing_system7_0/inst'
Parsing XDC File [a:/COMP_ARCH/PYNQ_Projects/Vivado_prj/skip_list_impln_2/skip_list_impln_2.srcs/sources_1/bd/design_1/ip/design_1_rst_ps7_0_100M_0/design_1_rst_ps7_0_100M_0_board.xdc] for cell 'design_1_i/rst_ps7_0_100M/U0'
Finished Parsing XDC File [a:/COMP_ARCH/PYNQ_Projects/Vivado_prj/skip_list_impln_2/skip_list_impln_2.srcs/sources_1/bd/design_1/ip/design_1_rst_ps7_0_100M_0/design_1_rst_ps7_0_100M_0_board.xdc] for cell 'design_1_i/rst_ps7_0_100M/U0'
Parsing XDC File [a:/COMP_ARCH/PYNQ_Projects/Vivado_prj/skip_list_impln_2/skip_list_impln_2.srcs/sources_1/bd/design_1/ip/design_1_rst_ps7_0_100M_0/design_1_rst_ps7_0_100M_0.xdc] for cell 'design_1_i/rst_ps7_0_100M/U0'
Finished Parsing XDC File [a:/COMP_ARCH/PYNQ_Projects/Vivado_prj/skip_list_impln_2/skip_list_impln_2.srcs/sources_1/bd/design_1/ip/design_1_rst_ps7_0_100M_0/design_1_rst_ps7_0_100M_0.xdc] for cell 'design_1_i/rst_ps7_0_100M/U0'
INFO: [Project 1-538] Using original IP XDC constraints instead of the XDC constraints in dcp 'a:/COMP_ARCH/PYNQ_Projects/Vivado_prj/skip_list_impln_2/skip_list_impln_2.srcs/sources_1/bd/design_1/ip/design_1_processing_system7_0_0/design_1_processing_system7_0_0.dcp'
INFO: [Project 1-538] Using original IP XDC constraints instead of the XDC constraints in dcp 'a:/COMP_ARCH/PYNQ_Projects/Vivado_prj/skip_list_impln_2/skip_list_impln_2.srcs/sources_1/bd/design_1/ip/design_1_rst_ps7_0_100M_0/design_1_rst_ps7_0_100M_0.dcp'
INFO: [Project 1-538] Using original IP XDC constraints instead of the XDC constraints in dcp 'a:/COMP_ARCH/PYNQ_Projects/Vivado_prj/skip_list_impln_2/skip_list_impln_2.srcs/sources_1/bd/design_1/ip/design_1_skip_list_prefetch_0_1/design_1_skip_list_prefetch_0_1.dcp'
INFO: [Project 1-538] Using original IP XDC constraints instead of the XDC constraints in dcp 'a:/COMP_ARCH/PYNQ_Projects/Vivado_prj/skip_list_impln_2/skip_list_impln_2.srcs/sources_1/bd/design_1/ip/design_1_auto_pc_0/design_1_auto_pc_0.dcp'
INFO: [Project 1-538] Using original IP XDC constraints instead of the XDC constraints in dcp 'a:/COMP_ARCH/PYNQ_Projects/Vivado_prj/skip_list_impln_2/skip_list_impln_2.srcs/sources_1/bd/design_1/ip/design_1_auto_pc_1/design_1_auto_pc_1.dcp'
INFO: [Opt 31-138] Pushed 0 inverter(s) to 0 load pin(s).
INFO: [Project 1-111] Unisim Transformation Summary:
  A total of 3 instances were transformed.
  RAM32M => RAM32M (RAMD32, RAMD32, RAMD32, RAMD32, RAMD32, RAMD32, RAMS32, RAMS32): 2 instances
  RAM32X1D => RAM32X1D (RAMD32, RAMD32): 1 instances

link_design: Time (s): cpu = 00:00:12 ; elapsed = 00:00:13 . Memory (MB): peak = 549.586 ; gain = 304.906
Command: opt_design
Attempting to get a license for feature 'Implementation' and/or device 'xc7z020'
INFO: [Common 17-349] Got license for feature 'Implementation' and/or device 'xc7z020'
Running DRC as a precondition to command opt_design

Starting DRC Task
INFO: [DRC 23-27] Running DRC with 2 threads
INFO: [Project 1-461] DRC finished with 0 Errors
INFO: [Project 1-462] Please refer to the DRC report (report_drc) for more information.

Time (s): cpu = 00:00:02 ; elapsed = 00:00:00.894 . Memory (MB): peak = 560.406 ; gain = 10.820
INFO: [Timing 38-35] Done setting XDC timing constraints.

Starting Logic Optimization Task
Implement Debug Cores | Checksum: 26b23d8eb

Phase 1 Retarget
INFO: [Opt 31-138] Pushed 0 inverter(s) to 0 load pin(s).
INFO: [Opt 31-49] Retargeted 0 cell(s).
Phase 1 Retarget | Checksum: ba31c62a

Time (s): cpu = 00:00:00 ; elapsed = 00:00:00.444 . Memory (MB): peak = 1052.348 ; gain = 0.004

Phase 2 Constant propagation
INFO: [Opt 31-138] Pushed 0 inverter(s) to 0 load pin(s).
INFO: [Opt 31-10] Eliminated 424 cells.
Phase 2 Constant propagation | Checksum: 150414316

Time (s): cpu = 00:00:01 ; elapsed = 00:00:01 . Memory (MB): peak = 1052.348 ; gain = 0.004

Phase 3 Sweep
INFO: [Opt 31-12] Eliminated 1036 unconnected nets.
INFO: [Opt 31-11] Eliminated 634 unconnected cells.
Phase 3 Sweep | Checksum: fb32af9a

Time (s): cpu = 00:00:03 ; elapsed = 00:00:02 . Memory (MB): peak = 1052.348 ; gain = 0.004

Phase 4 BUFG optimization
INFO: [Opt 31-12] Eliminated 0 unconnected nets.
INFO: [Opt 31-11] Eliminated 0 unconnected cells.
Phase 4 BUFG optimization | Checksum: 131af7190

Time (s): cpu = 00:00:03 ; elapsed = 00:00:03 . Memory (MB): peak = 1052.348 ; gain = 0.004

Starting Connectivity Check Task

Time (s): cpu = 00:00:00 ; elapsed = 00:00:00.012 . Memory (MB): peak = 1052.348 ; gain = 0.000
Ending Logic Optimization Task | Checksum: 131af7190

Time (s): cpu = 00:00:03 ; elapsed = 00:00:03 . Memory (MB): peak = 1052.348 ; gain = 0.004

Starting Power Optimization Task
INFO: [Pwropt 34-132] Skipping clock gating for clocks with a period < 2.00 ns.
INFO: [Pwropt 34-9] Applying IDT optimizations ...
INFO: [Pwropt 34-10] Applying ODC optimizations ...
INFO: [Timing 38-35] Done setting XDC timing constraints.
Running Vector-less Activity Propagation...

Finished Running Vector-less Activity Propagation


Starting PowerOpt Patch Enables Task
INFO: [Pwropt 34-162] WRITE_MODE attribute of 0 BRAM(s) out of a total of 2 has been updated to save power. Run report_power_opt to get a complete listing of the BRAMs updated.
INFO: [Pwropt 34-201] Structural ODC has moved 0 WE to EN ports
Number of BRAM Ports augmented: 0 newly gated: 1 Total Ports: 4
Ending PowerOpt Patch Enables Task | Checksum: 24514d8de

Time (s): cpu = 00:00:00 ; elapsed = 00:00:00.023 . Memory (MB): peak = 1240.008 ; gain = 0.000
Ending Power Optimization Task | Checksum: 24514d8de

Time (s): cpu = 00:00:03 ; elapsed = 00:00:02 . Memory (MB): peak = 1240.008 ; gain = 187.660
INFO: [Common 17-83] Releasing license: Implementation
39 Infos, 0 Warnings, 0 Critical Warnings and 0 Errors encountered.
opt_design completed successfully
opt_design: Time (s): cpu = 00:00:23 ; elapsed = 00:00:22 . Memory (MB): peak = 1240.008 ; gain = 690.422
Writing placer database...
Writing XDEF routing.
Writing XDEF routing logical nets.
Writing XDEF routing special nets.
Write XDEF Complete: Time (s): cpu = 00:00:00 ; elapsed = 00:00:00.199 . Memory (MB): peak = 1240.008 ; gain = 0.000
INFO: [Common 17-1381] The checkpoint 'A:/COMP_ARCH/PYNQ_Projects/Vivado_prj/skip_list_impln_2/skip_list_impln_2.runs/impl_1/design_1_wrapper_opt.dcp' has been generated.
INFO: [DRC 23-27] Running DRC with 2 threads
INFO: [Coretcl 2-168] The results of DRC are in file A:/COMP_ARCH/PYNQ_Projects/Vivado_prj/skip_list_impln_2/skip_list_impln_2.runs/impl_1/design_1_wrapper_drc_opted.rpt.
INFO: [Chipscope 16-241] No debug cores found in the current design.
Before running the implement_debug_core command, either use the Set Up Debug wizard (GUI mode)
or use the create_debug_core and connect_debug_core Tcl commands to insert debug cores into the design.
Command: place_design
Attempting to get a license for feature 'Implementation' and/or device 'xc7z020'
INFO: [Common 17-349] Got license for feature 'Implementation' and/or device 'xc7z020'
INFO: [DRC 23-27] Running DRC with 2 threads
INFO: [Vivado_Tcl 4-198] DRC finished with 0 Errors
INFO: [Vivado_Tcl 4-199] Please refer to the DRC report (report_drc) for more information.
Running DRC as a precondition to command place_design
INFO: [DRC 23-27] Running DRC with 2 threads
WARNING: [DRC 23-20] Rule violation (CHECK-3) Report rule limit reached - REQP-1839 rule limit reached: 20 violations have been found.
WARNING: [DRC 23-20] Rule violation (REQP-1839) RAMB36 async control check - The RAMB36E1 design_1_i/skip_list_prefetch_0/inst/skip_list_prefetch_A_BUS_m_axi_U/bus_read/buff_rdata/mem_reg has an input control pin design_1_i/skip_list_prefetch_0/inst/skip_list_prefetch_A_BUS_m_axi_U/bus_read/buff_rdata/mem_reg/WEBWE[3] (net: design_1_i/skip_list_prefetch_0/inst/skip_list_prefetch_A_BUS_m_axi_U/bus_read/buff_rdata/m_axi_A_BUS_RVALID) which is driven by a register (design_1_i/axi_mem_intercon/s00_couplers/auto_pc/inst/gen_axi4_axi3.axi3_conv_inst/USE_READ.USE_SPLIT_R.read_addr_inst/USE_R_CHANNEL.cmd_queue/inst/fifo_gen_inst/inst_fifo_gen/gconvfifo.rf/grf.rf/gntv_or_sync_fifo.gl0.rd/gr1.gr1_int.rfwft/empty_fwft_i_reg) that has an active asychronous set or reset. This may cause corruption of the memory contents and/or read values when the set/reset is asserted and is not analyzed by the default static timing analysis. It is suggested to eliminate the use of a set/reset to registers driving this RAMB pin or else use a synchronous reset in which the assertion of the reset is timed by default.
WARNING: [DRC 23-20] Rule violation (REQP-1839) RAMB36 async control check - The RAMB36E1 design_1_i/skip_list_prefetch_0/inst/skip_list_prefetch_A_BUS_m_axi_U/bus_read/buff_rdata/mem_reg has an input control pin design_1_i/skip_list_prefetch_0/inst/skip_list_prefetch_A_BUS_m_axi_U/bus_read/buff_rdata/mem_reg/WEBWE[3] (net: design_1_i/skip_list_prefetch_0/inst/skip_list_prefetch_A_BUS_m_axi_U/bus_read/buff_rdata/m_axi_A_BUS_RVALID) which is driven by a register (design_1_i/axi_mem_intercon/s00_couplers/auto_pc/inst/gen_axi4_axi3.axi3_conv_inst/USE_READ.USE_SPLIT_R.read_addr_inst/USE_R_CHANNEL.cmd_queue/inst/fifo_gen_inst/inst_fifo_gen/gconvfifo.rf/grf.rf/gntv_or_sync_fifo.gl0.wr/gwss.wsts/ram_full_i_reg) that has an active asychronous set or reset. This may cause corruption of the memory contents and/or read values when the set/reset is asserted and is not analyzed by the default static timing analysis. It is suggested to eliminate the use of a set/reset to registers driving this RAMB pin or else use a synchronous reset in which the assertion of the reset is timed by default.
WARNING: [DRC 23-20] Rule violation (REQP-1839) RAMB36 async control check - The RAMB36E1 design_1_i/skip_list_prefetch_0/inst/skip_list_prefetch_A_BUS_m_axi_U/bus_read/buff_rdata/mem_reg has an input control pin design_1_i/skip_list_prefetch_0/inst/skip_list_prefetch_A_BUS_m_axi_U/bus_read/buff_rdata/mem_reg/WEBWE[3] (net: design_1_i/skip_list_prefetch_0/inst/skip_list_prefetch_A_BUS_m_axi_U/bus_read/buff_rdata/m_axi_A_BUS_RVALID) which is driven by a register (design_1_i/axi_mem_intercon/s00_couplers/auto_pc/inst/gen_axi4_axi3.axi3_conv_inst/USE_WRITE.write_addr_inst/USE_BURSTS.cmd_queue/inst/fifo_gen_inst/inst_fifo_gen/gconvfifo.rf/grf.rf/gntv_or_sync_fifo.gl0.wr/gwss.wsts/ram_full_i_reg) that has an active asychronous set or reset. This may cause corruption of the memory contents and/or read values when the set/reset is asserted and is not analyzed by the default static timing analysis. It is suggested to eliminate the use of a set/reset to registers driving this RAMB pin or else use a synchronous reset in which the assertion of the reset is timed by default.
WARNING: [DRC 23-20] Rule violation (REQP-1839) RAMB36 async control check - The RAMB36E1 design_1_i/skip_list_prefetch_0/inst/skip_list_prefetch_A_BUS_m_axi_U/bus_read/buff_rdata/mem_reg has an input control pin design_1_i/skip_list_prefetch_0/inst/skip_list_prefetch_A_BUS_m_axi_U/bus_read/buff_rdata/mem_reg/WEBWE[3] (net: design_1_i/skip_list_prefetch_0/inst/skip_list_prefetch_A_BUS_m_axi_U/bus_read/buff_rdata/m_axi_A_BUS_RVALID) which is driven by a register (design_1_i/axi_mem_intercon/s00_couplers/auto_pc/inst/gen_axi4_axi3.axi3_conv_inst/USE_WRITE.write_addr_inst/USE_B_CHANNEL.cmd_b_queue/inst/fifo_gen_inst/inst_fifo_gen/gconvfifo.rf/grf.rf/gntv_or_sync_fifo.gl0.wr/gwss.wsts/ram_full_i_reg) that has an active asychronous set or reset. This may cause corruption of the memory contents and/or read values when the set/reset is asserted and is not analyzed by the default static timing analysis. It is suggested to eliminate the use of a set/reset to registers driving this RAMB pin or else use a synchronous reset in which the assertion of the reset is timed by default.
WARNING: [DRC 23-20] Rule violation (REQP-1839) RAMB36 async control check - The RAMB36E1 design_1_i/skip_list_prefetch_0/inst/skip_list_prefetch_A_BUS_m_axi_U/bus_read/buff_rdata/mem_reg has an input control pin design_1_i/skip_list_prefetch_0/inst/skip_list_prefetch_A_BUS_m_axi_U/bus_read/buff_rdata/mem_reg/WEBWE[4] (net: design_1_i/skip_list_prefetch_0/inst/skip_list_prefetch_A_BUS_m_axi_U/bus_read/buff_rdata/m_axi_A_BUS_RVALID) which is driven by a register (design_1_i/axi_mem_intercon/s00_couplers/auto_pc/inst/gen_axi4_axi3.axi3_conv_inst/USE_READ.USE_SPLIT_R.read_addr_inst/USE_R_CHANNEL.cmd_queue/inst/fifo_gen_inst/inst_fifo_gen/gconvfifo.rf/grf.rf/gntv_or_sync_fifo.gl0.rd/gr1.gr1_int.rfwft/empty_fwft_i_reg) that has an active asychronous set or reset. This may cause corruption of the memory contents and/or read values when the set/reset is asserted and is not analyzed by the default static timing analysis. It is suggested to eliminate the use of a set/reset to registers driving this RAMB pin or else use a synchronous reset in which the assertion of the reset is timed by default.
WARNING: [DRC 23-20] Rule violation (REQP-1839) RAMB36 async control check - The RAMB36E1 design_1_i/skip_list_prefetch_0/inst/skip_list_prefetch_A_BUS_m_axi_U/bus_read/buff_rdata/mem_reg has an input control pin design_1_i/skip_list_prefetch_0/inst/skip_list_prefetch_A_BUS_m_axi_U/bus_read/buff_rdata/mem_reg/WEBWE[4] (net: design_1_i/skip_list_prefetch_0/inst/skip_list_prefetch_A_BUS_m_axi_U/bus_read/buff_rdata/m_axi_A_BUS_RVALID) which is driven by a register (design_1_i/axi_mem_intercon/s00_couplers/auto_pc/inst/gen_axi4_axi3.axi3_conv_inst/USE_READ.USE_SPLIT_R.read_addr_inst/USE_R_CHANNEL.cmd_queue/inst/fifo_gen_inst/inst_fifo_gen/gconvfifo.rf/grf.rf/gntv_or_sync_fifo.gl0.wr/gwss.wsts/ram_full_i_reg) that has an active asychronous set or reset. This may cause corruption of the memory contents and/or read values when the set/reset is asserted and is not analyzed by the default static timing analysis. It is suggested to eliminate the use of a set/reset to registers driving this RAMB pin or else use a synchronous reset in which the assertion of the reset is timed by default.
WARNING: [DRC 23-20] Rule violation (REQP-1839) RAMB36 async control check - The RAMB36E1 design_1_i/skip_list_prefetch_0/inst/skip_list_prefetch_A_BUS_m_axi_U/bus_read/buff_rdata/mem_reg has an input control pin design_1_i/skip_list_prefetch_0/inst/skip_list_prefetch_A_BUS_m_axi_U/bus_read/buff_rdata/mem_reg/WEBWE[4] (net: design_1_i/skip_list_prefetch_0/inst/skip_list_prefetch_A_BUS_m_axi_U/bus_read/buff_rdata/m_axi_A_BUS_RVALID) which is driven by a register (design_1_i/axi_mem_intercon/s00_couplers/auto_pc/inst/gen_axi4_axi3.axi3_conv_inst/USE_WRITE.write_addr_inst/USE_BURSTS.cmd_queue/inst/fifo_gen_inst/inst_fifo_gen/gconvfifo.rf/grf.rf/gntv_or_sync_fifo.gl0.wr/gwss.wsts/ram_full_i_reg) that has an active asychronous set or reset. This may cause corruption of the memory contents and/or read values when the set/reset is asserted and is not analyzed by the default static timing analysis. It is suggested to eliminate the use of a set/reset to registers driving this RAMB pin or else use a synchronous reset in which the assertion of the reset is timed by default.
WARNING: [DRC 23-20] Rule violation (REQP-1839) RAMB36 async control check - The RAMB36E1 design_1_i/skip_list_prefetch_0/inst/skip_list_prefetch_A_BUS_m_axi_U/bus_read/buff_rdata/mem_reg has an input control pin design_1_i/skip_list_prefetch_0/inst/skip_list_prefetch_A_BUS_m_axi_U/bus_read/buff_rdata/mem_reg/WEBWE[4] (net: design_1_i/skip_list_prefetch_0/inst/skip_list_prefetch_A_BUS_m_axi_U/bus_read/buff_rdata/m_axi_A_BUS_RVALID) which is driven by a register (design_1_i/axi_mem_intercon/s00_couplers/auto_pc/inst/gen_axi4_axi3.axi3_conv_inst/USE_WRITE.write_addr_inst/USE_B_CHANNEL.cmd_b_queue/inst/fifo_gen_inst/inst_fifo_gen/gconvfifo.rf/grf.rf/gntv_or_sync_fifo.gl0.wr/gwss.wsts/ram_full_i_reg) that has an active asychronous set or reset. This may cause corruption of the memory contents and/or read values when the set/reset is asserted and is not analyzed by the default static timing analysis. It is suggested to eliminate the use of a set/reset to registers driving this RAMB pin or else use a synchronous reset in which the assertion of the reset is timed by default.
WARNING: [DRC 23-20] Rule violation (REQP-1839) RAMB36 async control check - The RAMB36E1 design_1_i/skip_list_prefetch_0/inst/skip_list_prefetch_A_BUS_m_axi_U/bus_read/buff_rdata/mem_reg has an input control pin design_1_i/skip_list_prefetch_0/inst/skip_list_prefetch_A_BUS_m_axi_U/bus_read/buff_rdata/mem_reg/WEBWE[5] (net: design_1_i/skip_list_prefetch_0/inst/skip_list_prefetch_A_BUS_m_axi_U/bus_read/buff_rdata/m_axi_A_BUS_RVALID) which is driven by a register (design_1_i/axi_mem_intercon/s00_couplers/auto_pc/inst/gen_axi4_axi3.axi3_conv_inst/USE_READ.USE_SPLIT_R.read_addr_inst/USE_R_CHANNEL.cmd_queue/inst/fifo_gen_inst/inst_fifo_gen/gconvfifo.rf/grf.rf/gntv_or_sync_fifo.gl0.rd/gr1.gr1_int.rfwft/empty_fwft_i_reg) that has an active asychronous set or reset. This may cause corruption of the memory contents and/or read values when the set/reset is asserted and is not analyzed by the default static timing analysis. It is suggested to eliminate the use of a set/reset to registers driving this RAMB pin or else use a synchronous reset in which the assertion of the reset is timed by default.
WARNING: [DRC 23-20] Rule violation (REQP-1839) RAMB36 async control check - The RAMB36E1 design_1_i/skip_list_prefetch_0/inst/skip_list_prefetch_A_BUS_m_axi_U/bus_read/buff_rdata/mem_reg has an input control pin design_1_i/skip_list_prefetch_0/inst/skip_list_prefetch_A_BUS_m_axi_U/bus_read/buff_rdata/mem_reg/WEBWE[5] (net: design_1_i/skip_list_prefetch_0/inst/skip_list_prefetch_A_BUS_m_axi_U/bus_read/buff_rdata/m_axi_A_BUS_RVALID) which is driven by a register (design_1_i/axi_mem_intercon/s00_couplers/auto_pc/inst/gen_axi4_axi3.axi3_conv_inst/USE_READ.USE_SPLIT_R.read_addr_inst/USE_R_CHANNEL.cmd_queue/inst/fifo_gen_inst/inst_fifo_gen/gconvfifo.rf/grf.rf/gntv_or_sync_fifo.gl0.wr/gwss.wsts/ram_full_i_reg) that has an active asychronous set or reset. This may cause corruption of the memory contents and/or read values when the set/reset is asserted and is not analyzed by the default static timing analysis. It is suggested to eliminate the use of a set/reset to registers driving this RAMB pin or else use a synchronous reset in which the assertion of the reset is timed by default.
WARNING: [DRC 23-20] Rule violation (REQP-1839) RAMB36 async control check - The RAMB36E1 design_1_i/skip_list_prefetch_0/inst/skip_list_prefetch_A_BUS_m_axi_U/bus_read/buff_rdata/mem_reg has an input control pin design_1_i/skip_list_prefetch_0/inst/skip_list_prefetch_A_BUS_m_axi_U/bus_read/buff_rdata/mem_reg/WEBWE[5] (net: design_1_i/skip_list_prefetch_0/inst/skip_list_prefetch_A_BUS_m_axi_U/bus_read/buff_rdata/m_axi_A_BUS_RVALID) which is driven by a register (design_1_i/axi_mem_intercon/s00_couplers/auto_pc/inst/gen_axi4_axi3.axi3_conv_inst/USE_WRITE.write_addr_inst/USE_BURSTS.cmd_queue/inst/fifo_gen_inst/inst_fifo_gen/gconvfifo.rf/grf.rf/gntv_or_sync_fifo.gl0.wr/gwss.wsts/ram_full_i_reg) that has an active asychronous set or reset. This may cause corruption of the memory contents and/or read values when the set/reset is asserted and is not analyzed by the default static timing analysis. It is suggested to eliminate the use of a set/reset to registers driving this RAMB pin or else use a synchronous reset in which the assertion of the reset is timed by default.
WARNING: [DRC 23-20] Rule violation (REQP-1839) RAMB36 async control check - The RAMB36E1 design_1_i/skip_list_prefetch_0/inst/skip_list_prefetch_A_BUS_m_axi_U/bus_read/buff_rdata/mem_reg has an input control pin design_1_i/skip_list_prefetch_0/inst/skip_list_prefetch_A_BUS_m_axi_U/bus_read/buff_rdata/mem_reg/WEBWE[5] (net: design_1_i/skip_list_prefetch_0/inst/skip_list_prefetch_A_BUS_m_axi_U/bus_read/buff_rdata/m_axi_A_BUS_RVALID) which is driven by a register (design_1_i/axi_mem_intercon/s00_couplers/auto_pc/inst/gen_axi4_axi3.axi3_conv_inst/USE_WRITE.write_addr_inst/USE_B_CHANNEL.cmd_b_queue/inst/fifo_gen_inst/inst_fifo_gen/gconvfifo.rf/grf.rf/gntv_or_sync_fifo.gl0.wr/gwss.wsts/ram_full_i_reg) that has an active asychronous set or reset. This may cause corruption of the memory contents and/or read values when the set/reset is asserted and is not analyzed by the default static timing analysis. It is suggested to eliminate the use of a set/reset to registers driving this RAMB pin or else use a synchronous reset in which the assertion of the reset is timed by default.
WARNING: [DRC 23-20] Rule violation (REQP-1839) RAMB36 async control check - The RAMB36E1 design_1_i/skip_list_prefetch_0/inst/skip_list_prefetch_A_BUS_m_axi_U/bus_read/buff_rdata/mem_reg has an input control pin design_1_i/skip_list_prefetch_0/inst/skip_list_prefetch_A_BUS_m_axi_U/bus_read/buff_rdata/mem_reg/WEBWE[6] (net: design_1_i/skip_list_prefetch_0/inst/skip_list_prefetch_A_BUS_m_axi_U/bus_read/buff_rdata/m_axi_A_BUS_RVALID) which is driven by a register (design_1_i/axi_mem_intercon/s00_couplers/auto_pc/inst/gen_axi4_axi3.axi3_conv_inst/USE_READ.USE_SPLIT_R.read_addr_inst/USE_R_CHANNEL.cmd_queue/inst/fifo_gen_inst/inst_fifo_gen/gconvfifo.rf/grf.rf/gntv_or_sync_fifo.gl0.rd/gr1.gr1_int.rfwft/empty_fwft_i_reg) that has an active asychronous set or reset. This may cause corruption of the memory contents and/or read values when the set/reset is asserted and is not analyzed by the default static timing analysis. It is suggested to eliminate the use of a set/reset to registers driving this RAMB pin or else use a synchronous reset in which the assertion of the reset is timed by default.
WARNING: [DRC 23-20] Rule violation (REQP-1839) RAMB36 async control check - The RAMB36E1 design_1_i/skip_list_prefetch_0/inst/skip_list_prefetch_A_BUS_m_axi_U/bus_read/buff_rdata/mem_reg has an input control pin design_1_i/skip_list_prefetch_0/inst/skip_list_prefetch_A_BUS_m_axi_U/bus_read/buff_rdata/mem_reg/WEBWE[6] (net: design_1_i/skip_list_prefetch_0/inst/skip_list_prefetch_A_BUS_m_axi_U/bus_read/buff_rdata/m_axi_A_BUS_RVALID) which is driven by a register (design_1_i/axi_mem_intercon/s00_couplers/auto_pc/inst/gen_axi4_axi3.axi3_conv_inst/USE_READ.USE_SPLIT_R.read_addr_inst/USE_R_CHANNEL.cmd_queue/inst/fifo_gen_inst/inst_fifo_gen/gconvfifo.rf/grf.rf/gntv_or_sync_fifo.gl0.wr/gwss.wsts/ram_full_i_reg) that has an active asychronous set or reset. This may cause corruption of the memory contents and/or read values when the set/reset is asserted and is not analyzed by the default static timing analysis. It is suggested to eliminate the use of a set/reset to registers driving this RAMB pin or else use a synchronous reset in which the assertion of the reset is timed by default.
WARNING: [DRC 23-20] Rule violation (REQP-1839) RAMB36 async control check - The RAMB36E1 design_1_i/skip_list_prefetch_0/inst/skip_list_prefetch_A_BUS_m_axi_U/bus_read/buff_rdata/mem_reg has an input control pin design_1_i/skip_list_prefetch_0/inst/skip_list_prefetch_A_BUS_m_axi_U/bus_read/buff_rdata/mem_reg/WEBWE[6] (net: design_1_i/skip_list_prefetch_0/inst/skip_list_prefetch_A_BUS_m_axi_U/bus_read/buff_rdata/m_axi_A_BUS_RVALID) which is driven by a register (design_1_i/axi_mem_intercon/s00_couplers/auto_pc/inst/gen_axi4_axi3.axi3_conv_inst/USE_WRITE.write_addr_inst/USE_BURSTS.cmd_queue/inst/fifo_gen_inst/inst_fifo_gen/gconvfifo.rf/grf.rf/gntv_or_sync_fifo.gl0.wr/gwss.wsts/ram_full_i_reg) that has an active asychronous set or reset. This may cause corruption of the memory contents and/or read values when the set/reset is asserted and is not analyzed by the default static timing analysis. It is suggested to eliminate the use of a set/reset to registers driving this RAMB pin or else use a synchronous reset in which the assertion of the reset is timed by default.
WARNING: [DRC 23-20] Rule violation (REQP-1839) RAMB36 async control check - The RAMB36E1 design_1_i/skip_list_prefetch_0/inst/skip_list_prefetch_A_BUS_m_axi_U/bus_read/buff_rdata/mem_reg has an input control pin design_1_i/skip_list_prefetch_0/inst/skip_list_prefetch_A_BUS_m_axi_U/bus_read/buff_rdata/mem_reg/WEBWE[6] (net: design_1_i/skip_list_prefetch_0/inst/skip_list_prefetch_A_BUS_m_axi_U/bus_read/buff_rdata/m_axi_A_BUS_RVALID) which is driven by a register (design_1_i/axi_mem_intercon/s00_couplers/auto_pc/inst/gen_axi4_axi3.axi3_conv_inst/USE_WRITE.write_addr_inst/USE_B_CHANNEL.cmd_b_queue/inst/fifo_gen_inst/inst_fifo_gen/gconvfifo.rf/grf.rf/gntv_or_sync_fifo.gl0.wr/gwss.wsts/ram_full_i_reg) that has an active asychronous set or reset. This may cause corruption of the memory contents and/or read values when the set/reset is asserted and is not analyzed by the default static timing analysis. It is suggested to eliminate the use of a set/reset to registers driving this RAMB pin or else use a synchronous reset in which the assertion of the reset is timed by default.
WARNING: [DRC 23-20] Rule violation (REQP-1839) RAMB36 async control check - The RAMB36E1 design_1_i/skip_list_prefetch_0/inst/skip_list_prefetch_A_BUS_m_axi_U/bus_read/buff_rdata/mem_reg has an input control pin design_1_i/skip_list_prefetch_0/inst/skip_list_prefetch_A_BUS_m_axi_U/bus_read/buff_rdata/mem_reg/WEBWE[7] (net: design_1_i/skip_list_prefetch_0/inst/skip_list_prefetch_A_BUS_m_axi_U/bus_read/buff_rdata/m_axi_A_BUS_RVALID) which is driven by a register (design_1_i/axi_mem_intercon/s00_couplers/auto_pc/inst/gen_axi4_axi3.axi3_conv_inst/USE_READ.USE_SPLIT_R.read_addr_inst/USE_R_CHANNEL.cmd_queue/inst/fifo_gen_inst/inst_fifo_gen/gconvfifo.rf/grf.rf/gntv_or_sync_fifo.gl0.rd/gr1.gr1_int.rfwft/empty_fwft_i_reg) that has an active asychronous set or reset. This may cause corruption of the memory contents and/or read values when the set/reset is asserted and is not analyzed by the default static timing analysis. It is suggested to eliminate the use of a set/reset to registers driving this RAMB pin or else use a synchronous reset in which the assertion of the reset is timed by default.
WARNING: [DRC 23-20] Rule violation (REQP-1839) RAMB36 async control check - The RAMB36E1 design_1_i/skip_list_prefetch_0/inst/skip_list_prefetch_A_BUS_m_axi_U/bus_read/buff_rdata/mem_reg has an input control pin design_1_i/skip_list_prefetch_0/inst/skip_list_prefetch_A_BUS_m_axi_U/bus_read/buff_rdata/mem_reg/WEBWE[7] (net: design_1_i/skip_list_prefetch_0/inst/skip_list_prefetch_A_BUS_m_axi_U/bus_read/buff_rdata/m_axi_A_BUS_RVALID) which is driven by a register (design_1_i/axi_mem_intercon/s00_couplers/auto_pc/inst/gen_axi4_axi3.axi3_conv_inst/USE_READ.USE_SPLIT_R.read_addr_inst/USE_R_CHANNEL.cmd_queue/inst/fifo_gen_inst/inst_fifo_gen/gconvfifo.rf/grf.rf/gntv_or_sync_fifo.gl0.wr/gwss.wsts/ram_full_i_reg) that has an active asychronous set or reset. This may cause corruption of the memory contents and/or read values when the set/reset is asserted and is not analyzed by the default static timing analysis. It is suggested to eliminate the use of a set/reset to registers driving this RAMB pin or else use a synchronous reset in which the assertion of the reset is timed by default.
WARNING: [DRC 23-20] Rule violation (REQP-1839) RAMB36 async control check - The RAMB36E1 design_1_i/skip_list_prefetch_0/inst/skip_list_prefetch_A_BUS_m_axi_U/bus_read/buff_rdata/mem_reg has an input control pin design_1_i/skip_list_prefetch_0/inst/skip_list_prefetch_A_BUS_m_axi_U/bus_read/buff_rdata/mem_reg/WEBWE[7] (net: design_1_i/skip_list_prefetch_0/inst/skip_list_prefetch_A_BUS_m_axi_U/bus_read/buff_rdata/m_axi_A_BUS_RVALID) which is driven by a register (design_1_i/axi_mem_intercon/s00_couplers/auto_pc/inst/gen_axi4_axi3.axi3_conv_inst/USE_WRITE.write_addr_inst/USE_BURSTS.cmd_queue/inst/fifo_gen_inst/inst_fifo_gen/gconvfifo.rf/grf.rf/gntv_or_sync_fifo.gl0.wr/gwss.wsts/ram_full_i_reg) that has an active asychronous set or reset. This may cause corruption of the memory contents and/or read values when the set/reset is asserted and is not analyzed by the default static timing analysis. It is suggested to eliminate the use of a set/reset to registers driving this RAMB pin or else use a synchronous reset in which the assertion of the reset is timed by default.
WARNING: [DRC 23-20] Rule violation (REQP-1839) RAMB36 async control check - The RAMB36E1 design_1_i/skip_list_prefetch_0/inst/skip_list_prefetch_A_BUS_m_axi_U/bus_read/buff_rdata/mem_reg has an input control pin design_1_i/skip_list_prefetch_0/inst/skip_list_prefetch_A_BUS_m_axi_U/bus_read/buff_rdata/mem_reg/WEBWE[7] (net: design_1_i/skip_list_prefetch_0/inst/skip_list_prefetch_A_BUS_m_axi_U/bus_read/buff_rdata/m_axi_A_BUS_RVALID) which is driven by a register (design_1_i/axi_mem_intercon/s00_couplers/auto_pc/inst/gen_axi4_axi3.axi3_conv_inst/USE_WRITE.write_addr_inst/USE_B_CHANNEL.cmd_b_queue/inst/fifo_gen_inst/inst_fifo_gen/gconvfifo.rf/grf.rf/gntv_or_sync_fifo.gl0.wr/gwss.wsts/ram_full_i_reg) that has an active asychronous set or reset. This may cause corruption of the memory contents and/or read values when the set/reset is asserted and is not analyzed by the default static timing analysis. It is suggested to eliminate the use of a set/reset to registers driving this RAMB pin or else use a synchronous reset in which the assertion of the reset is timed by default.
INFO: [Vivado_Tcl 4-198] DRC finished with 0 Errors, 21 Warnings
INFO: [Vivado_Tcl 4-199] Please refer to the DRC report (report_drc) for more information.

Starting Placer Task
INFO: [Place 30-611] Multithreading enabled for place_design using a maximum of 2 CPUs

Phase 1 Placer Initialization
Netlist sorting complete. Time (s): cpu = 00:00:00 ; elapsed = 00:00:00.029 . Memory (MB): peak = 1240.008 ; gain = 0.000
INFO: [Timing 38-35] Done setting XDC timing constraints.
INFO: [Opt 31-138] Pushed 0 inverter(s) to 0 load pin(s).
Netlist sorting complete. Time (s): cpu = 00:00:00 ; elapsed = 00:00:00.009 . Memory (MB): peak = 1240.008 ; gain = 0.000

Phase 1.1 IO Placement/ Clock Placement/ Build Placer Device
INFO: [Timing 38-35] Done setting XDC timing constraints.
Phase 1.1 IO Placement/ Clock Placement/ Build Placer Device | Checksum: 7e6d9b38

Time (s): cpu = 00:00:05 ; elapsed = 00:00:04 . Memory (MB): peak = 1240.008 ; gain = 0.000

Phase 1.2 Build Placer Netlist Model
Phase 1.2 Build Placer Netlist Model | Checksum: 18371a2a8

Time (s): cpu = 00:00:07 ; elapsed = 00:00:06 . Memory (MB): peak = 1240.008 ; gain = 0.000

Phase 1.3 Constrain Clocks/Macros
Phase 1.3 Constrain Clocks/Macros | Checksum: 18371a2a8

Time (s): cpu = 00:00:07 ; elapsed = 00:00:06 . Memory (MB): peak = 1240.008 ; gain = 0.000
Phase 1 Placer Initialization | Checksum: 18371a2a8

Time (s): cpu = 00:00:07 ; elapsed = 00:00:06 . Memory (MB): peak = 1240.008 ; gain = 0.000

Phase 2 Global Placement
Phase 2 Global Placement | Checksum: 14985a03e

Time (s): cpu = 00:00:15 ; elapsed = 00:00:10 . Memory (MB): peak = 1240.008 ; gain = 0.000

Phase 3 Detail Placement

Phase 3.1 Commit Multi Column Macros
Phase 3.1 Commit Multi Column Macros | Checksum: 14985a03e

Time (s): cpu = 00:00:15 ; elapsed = 00:00:10 . Memory (MB): peak = 1240.008 ; gain = 0.000

Phase 3.2 Commit Most Macros & LUTRAMs
Phase 3.2 Commit Most Macros & LUTRAMs | Checksum: 1ab646e99

Time (s): cpu = 00:00:16 ; elapsed = 00:00:11 . Memory (MB): peak = 1240.008 ; gain = 0.000

Phase 3.3 Area Swap Optimization
Phase 3.3 Area Swap Optimization | Checksum: 184e6b7ea

Time (s): cpu = 00:00:16 ; elapsed = 00:00:11 . Memory (MB): peak = 1240.008 ; gain = 0.000

Phase 3.4 Pipeline Register Optimization
Phase 3.4 Pipeline Register Optimization | Checksum: 1367cf8b5

Time (s): cpu = 00:00:16 ; elapsed = 00:00:11 . Memory (MB): peak = 1240.008 ; gain = 0.000

Phase 3.5 Timing Path Optimizer
Phase 3.5 Timing Path Optimizer | Checksum: 115395a42

Time (s): cpu = 00:00:16 ; elapsed = 00:00:11 . Memory (MB): peak = 1240.008 ; gain = 0.000

Phase 3.6 Small Shape Detail Placement
Phase 3.6 Small Shape Detail Placement | Checksum: 1ccd1302c

Time (s): cpu = 00:00:18 ; elapsed = 00:00:12 . Memory (MB): peak = 1240.008 ; gain = 0.000

Phase 3.7 Re-assign LUT pins
Phase 3.7 Re-assign LUT pins | Checksum: 12e559e4f

Time (s): cpu = 00:00:18 ; elapsed = 00:00:13 . Memory (MB): peak = 1240.008 ; gain = 0.000

Phase 3.8 Pipeline Register Optimization
Phase 3.8 Pipeline Register Optimization | Checksum: 12e559e4f

Time (s): cpu = 00:00:18 ; elapsed = 00:00:13 . Memory (MB): peak = 1240.008 ; gain = 0.000
Phase 3 Detail Placement | Checksum: 12e559e4f

Time (s): cpu = 00:00:18 ; elapsed = 00:00:13 . Memory (MB): peak = 1240.008 ; gain = 0.000

Phase 4 Post Placement Optimization and Clean-Up

Phase 4.1 Post Commit Optimization
INFO: [Timing 38-35] Done setting XDC timing constraints.

Phase 4.1.1 Post Placement Optimization
INFO: [Place 30-746] Post Placement Timing Summary WNS=3.293. For the most accurate timing information please run report_timing.
Phase 4.1.1 Post Placement Optimization | Checksum: 11c2d5449

Time (s): cpu = 00:00:20 ; elapsed = 00:00:14 . Memory (MB): peak = 1240.008 ; gain = 0.000
Phase 4.1 Post Commit Optimization | Checksum: 11c2d5449

Time (s): cpu = 00:00:20 ; elapsed = 00:00:14 . Memory (MB): peak = 1240.008 ; gain = 0.000

Phase 4.2 Post Placement Cleanup
Phase 4.2 Post Placement Cleanup | Checksum: 11c2d5449

Time (s): cpu = 00:00:20 ; elapsed = 00:00:14 . Memory (MB): peak = 1240.008 ; gain = 0.000

Phase 4.3 Placer Reporting
Phase 4.3 Placer Reporting | Checksum: 11c2d5449

Time (s): cpu = 00:00:20 ; elapsed = 00:00:14 . Memory (MB): peak = 1240.008 ; gain = 0.000

Phase 4.4 Final Placement Cleanup
Phase 4.4 Final Placement Cleanup | Checksum: 14dbbbb39

Time (s): cpu = 00:00:20 ; elapsed = 00:00:14 . Memory (MB): peak = 1240.008 ; gain = 0.000
Phase 4 Post Placement Optimization and Clean-Up | Checksum: 14dbbbb39

Time (s): cpu = 00:00:20 ; elapsed = 00:00:14 . Memory (MB): peak = 1240.008 ; gain = 0.000
Ending Placer Task | Checksum: 97781d72

Time (s): cpu = 00:00:20 ; elapsed = 00:00:14 . Memory (MB): peak = 1240.008 ; gain = 0.000
INFO: [Common 17-83] Releasing license: Implementation
57 Infos, 21 Warnings, 0 Critical Warnings and 0 Errors encountered.
place_design completed successfully
place_design: Time (s): cpu = 00:00:24 ; elapsed = 00:00:17 . Memory (MB): peak = 1240.008 ; gain = 0.000
Writing placer database...
Writing XDEF routing.
Writing XDEF routing logical nets.
Writing XDEF routing special nets.
Write XDEF Complete: Time (s): cpu = 00:00:02 ; elapsed = 00:00:00.638 . Memory (MB): peak = 1240.008 ; gain = 0.000
INFO: [Common 17-1381] The checkpoint 'A:/COMP_ARCH/PYNQ_Projects/Vivado_prj/skip_list_impln_2/skip_list_impln_2.runs/impl_1/design_1_wrapper_placed.dcp' has been generated.
report_io: Time (s): cpu = 00:00:00 ; elapsed = 00:00:00.086 . Memory (MB): peak = 1240.008 ; gain = 0.000
report_utilization: Time (s): cpu = 00:00:00 ; elapsed = 00:00:00.072 . Memory (MB): peak = 1240.008 ; gain = 0.000
report_control_sets: Time (s): cpu = 00:00:00 ; elapsed = 00:00:00.023 . Memory (MB): peak = 1240.008 ; gain = 0.000
Command: route_design
Attempting to get a license for feature 'Implementation' and/or device 'xc7z020'
INFO: [Common 17-349] Got license for feature 'Implementation' and/or device 'xc7z020'
Running DRC as a precondition to command route_design
INFO: [DRC 23-27] Running DRC with 2 threads
INFO: [Vivado_Tcl 4-198] DRC finished with 0 Errors
INFO: [Vivado_Tcl 4-199] Please refer to the DRC report (report_drc) for more information.


Starting Routing Task
INFO: [Route 35-254] Multithreading enabled for route_design using a maximum of 2 CPUs
Checksum: PlaceDB: 2efce70c ConstDB: 0 ShapeSum: 687b3666 RouteDB: 0

Phase 1 Build RT Design
Phase 1 Build RT Design | Checksum: ab6c72eb

Time (s): cpu = 00:00:53 ; elapsed = 00:00:50 . Memory (MB): peak = 1240.008 ; gain = 0.000

Phase 2 Router Initialization

Phase 2.1 Create Timer
Phase 2.1 Create Timer | Checksum: ab6c72eb

Time (s): cpu = 00:00:53 ; elapsed = 00:00:50 . Memory (MB): peak = 1240.008 ; gain = 0.000

Phase 2.2 Fix Topology Constraints
Phase 2.2 Fix Topology Constraints | Checksum: ab6c72eb

Time (s): cpu = 00:00:53 ; elapsed = 00:00:50 . Memory (MB): peak = 1240.008 ; gain = 0.000

Phase 2.3 Pre Route Cleanup
Phase 2.3 Pre Route Cleanup | Checksum: ab6c72eb

Time (s): cpu = 00:00:53 ; elapsed = 00:00:50 . Memory (MB): peak = 1240.008 ; gain = 0.000
 Number of Nodes with overlaps = 0

Phase 2.4 Update Timing
Phase 2.4 Update Timing | Checksum: 10950fed7

Time (s): cpu = 00:00:55 ; elapsed = 00:00:51 . Memory (MB): peak = 1240.008 ; gain = 0.000
INFO: [Route 35-416] Intermediate Timing Summary | WNS=3.330  | TNS=0.000  | WHS=-0.243 | THS=-46.747|

Phase 2 Router Initialization | Checksum: 1d0563d3c

Time (s): cpu = 00:00:56 ; elapsed = 00:00:52 . Memory (MB): peak = 1240.008 ; gain = 0.000

Phase 3 Initial Routing
Phase 3 Initial Routing | Checksum: 23cc18353

Time (s): cpu = 00:00:57 ; elapsed = 00:00:53 . Memory (MB): peak = 1240.008 ; gain = 0.000

Phase 4 Rip-up And Reroute

Phase 4.1 Global Iteration 0
 Number of Nodes with overlaps = 162
 Number of Nodes with overlaps = 1
 Number of Nodes with overlaps = 0

Phase 4.1.1 Update Timing
Phase 4.1.1 Update Timing | Checksum: 158c8dbe7

Time (s): cpu = 00:00:59 ; elapsed = 00:00:54 . Memory (MB): peak = 1240.008 ; gain = 0.000
INFO: [Route 35-416] Intermediate Timing Summary | WNS=2.877  | TNS=0.000  | WHS=N/A    | THS=N/A    |

Phase 4.1 Global Iteration 0 | Checksum: 10f6464d5

Time (s): cpu = 00:00:59 ; elapsed = 00:00:54 . Memory (MB): peak = 1240.008 ; gain = 0.000

Phase 4.2 Global Iteration 1
 Number of Nodes with overlaps = 0

Phase 4.2.1 Update Timing
Phase 4.2.1 Update Timing | Checksum: 148ebc677

Time (s): cpu = 00:01:00 ; elapsed = 00:00:54 . Memory (MB): peak = 1240.008 ; gain = 0.000
INFO: [Route 35-416] Intermediate Timing Summary | WNS=2.877  | TNS=0.000  | WHS=N/A    | THS=N/A    |

Phase 4.2 Global Iteration 1 | Checksum: 1a718141c

Time (s): cpu = 00:01:00 ; elapsed = 00:00:54 . Memory (MB): peak = 1240.008 ; gain = 0.000
Phase 4 Rip-up And Reroute | Checksum: 1a718141c

Time (s): cpu = 00:01:00 ; elapsed = 00:00:54 . Memory (MB): peak = 1240.008 ; gain = 0.000

Phase 5 Delay and Skew Optimization

Phase 5.1 Delay CleanUp
Phase 5.1 Delay CleanUp | Checksum: 1a718141c

Time (s): cpu = 00:01:00 ; elapsed = 00:00:54 . Memory (MB): peak = 1240.008 ; gain = 0.000

Phase 5.2 Clock Skew Optimization
Phase 5.2 Clock Skew Optimization | Checksum: 1a718141c

Time (s): cpu = 00:01:00 ; elapsed = 00:00:54 . Memory (MB): peak = 1240.008 ; gain = 0.000
Phase 5 Delay and Skew Optimization | Checksum: 1a718141c

Time (s): cpu = 00:01:00 ; elapsed = 00:00:54 . Memory (MB): peak = 1240.008 ; gain = 0.000

Phase 6 Post Hold Fix

Phase 6.1 Hold Fix Iter

Phase 6.1.1 Update Timing
Phase 6.1.1 Update Timing | Checksum: 17976f62f

Time (s): cpu = 00:01:01 ; elapsed = 00:00:55 . Memory (MB): peak = 1240.008 ; gain = 0.000
INFO: [Route 35-416] Intermediate Timing Summary | WNS=2.992  | TNS=0.000  | WHS=0.045  | THS=0.000  |

Phase 6.1 Hold Fix Iter | Checksum: 15d8ba4c6

Time (s): cpu = 00:01:01 ; elapsed = 00:00:55 . Memory (MB): peak = 1240.008 ; gain = 0.000
Phase 6 Post Hold Fix | Checksum: 15d8ba4c6

Time (s): cpu = 00:01:01 ; elapsed = 00:00:55 . Memory (MB): peak = 1240.008 ; gain = 0.000

Phase 7 Route finalize

Router Utilization Summary
  Global Vertical Routing Utilization    = 0.336285 %
  Global Horizontal Routing Utilization  = 0.47287 %
  Routable Net Status*
  *Does not include unroutable nets such as driverless and loadless.
  Run report_route_status for detailed report.
  Number of Failed Nets               = 0
  Number of Unrouted Nets             = 0
  Number of Partially Routed Nets     = 0
  Number of Node Overlaps             = 0

Phase 7 Route finalize | Checksum: 119c01a85

Time (s): cpu = 00:01:01 ; elapsed = 00:00:55 . Memory (MB): peak = 1240.008 ; gain = 0.000

Phase 8 Verifying routed nets

 Verification completed successfully
Phase 8 Verifying routed nets | Checksum: 119c01a85

Time (s): cpu = 00:01:01 ; elapsed = 00:00:55 . Memory (MB): peak = 1240.008 ; gain = 0.000

Phase 9 Depositing Routes
Phase 9 Depositing Routes | Checksum: 132426abd

Time (s): cpu = 00:01:02 ; elapsed = 00:00:55 . Memory (MB): peak = 1240.008 ; gain = 0.000

Phase 10 Post Router Timing
INFO: [Route 35-57] Estimated Timing Summary | WNS=2.992  | TNS=0.000  | WHS=0.045  | THS=0.000  |

INFO: [Route 35-327] The final timing numbers are based on the router estimated timing analysis. For a complete and accurate timing signoff, please run report_timing_summary.
Phase 10 Post Router Timing | Checksum: 132426abd

Time (s): cpu = 00:01:02 ; elapsed = 00:00:55 . Memory (MB): peak = 1240.008 ; gain = 0.000
INFO: [Route 35-16] Router Completed Successfully

Time (s): cpu = 00:01:02 ; elapsed = 00:00:55 . Memory (MB): peak = 1240.008 ; gain = 0.000

Routing Is Done.
INFO: [Common 17-83] Releasing license: Implementation
71 Infos, 21 Warnings, 0 Critical Warnings and 0 Errors encountered.
route_design completed successfully
route_design: Time (s): cpu = 00:01:07 ; elapsed = 00:00:59 . Memory (MB): peak = 1240.008 ; gain = 0.000
Writing placer database...
Writing XDEF routing.
Writing XDEF routing logical nets.
Writing XDEF routing special nets.
Write XDEF Complete: Time (s): cpu = 00:00:02 ; elapsed = 00:00:00.745 . Memory (MB): peak = 1240.008 ; gain = 0.000
INFO: [Common 17-1381] The checkpoint 'A:/COMP_ARCH/PYNQ_Projects/Vivado_prj/skip_list_impln_2/skip_list_impln_2.runs/impl_1/design_1_wrapper_routed.dcp' has been generated.
INFO: [DRC 23-27] Running DRC with 2 threads
INFO: [Coretcl 2-168] The results of DRC are in file A:/COMP_ARCH/PYNQ_Projects/Vivado_prj/skip_list_impln_2/skip_list_impln_2.runs/impl_1/design_1_wrapper_drc_routed.rpt.
INFO: [Timing 38-35] Done setting XDC timing constraints.
INFO: [DRC 23-133] Running Methodology with 2 threads
INFO: [Coretcl 2-1520] The results of Report Methodology are in file A:/COMP_ARCH/PYNQ_Projects/Vivado_prj/skip_list_impln_2/skip_list_impln_2.runs/impl_1/design_1_wrapper_methodology_drc_routed.rpt.
INFO: [Timing 38-35] Done setting XDC timing constraints.
INFO: [Timing 38-91] UpdateTimingParams: Speed grade: -1, Delay Type: min_max.
INFO: [Timing 38-191] Multithreading enabled for timing update using a maximum of 2 CPUs
INFO: [Timing 38-35] Done setting XDC timing constraints.
Command: report_power -file design_1_wrapper_power_routed.rpt -pb design_1_wrapper_power_summary_routed.pb -rpx design_1_wrapper_power_routed.rpx
Running Vector-less Activity Propagation...

Finished Running Vector-less Activity Propagation
81 Infos, 21 Warnings, 0 Critical Warnings and 0 Errors encountered.
report_power completed successfully
Command: write_bitstream -force -no_partial_bitfile design_1_wrapper.bit
Attempting to get a license for feature 'Implementation' and/or device 'xc7z020'
INFO: [Common 17-349] Got license for feature 'Implementation' and/or device 'xc7z020'
Running DRC as a precondition to command write_bitstream
INFO: [DRC 23-27] Running DRC with 2 threads
WARNING: [DRC 23-20] Rule violation (CHECK-3) Report rule limit reached - REQP-1839 rule limit reached: 20 violations have been found.
WARNING: [DRC 23-20] Rule violation (REQP-1839) RAMB36 async control check - The RAMB36E1 design_1_i/skip_list_prefetch_0/inst/skip_list_prefetch_A_BUS_m_axi_U/bus_read/buff_rdata/mem_reg has an input control pin design_1_i/skip_list_prefetch_0/inst/skip_list_prefetch_A_BUS_m_axi_U/bus_read/buff_rdata/mem_reg/WEBWE[3] (net: design_1_i/skip_list_prefetch_0/inst/skip_list_prefetch_A_BUS_m_axi_U/bus_read/buff_rdata/m_axi_A_BUS_RVALID) which is driven by a register (design_1_i/axi_mem_intercon/s00_couplers/auto_pc/inst/gen_axi4_axi3.axi3_conv_inst/USE_READ.USE_SPLIT_R.read_addr_inst/USE_R_CHANNEL.cmd_queue/inst/fifo_gen_inst/inst_fifo_gen/gconvfifo.rf/grf.rf/gntv_or_sync_fifo.gl0.rd/gr1.gr1_int.rfwft/empty_fwft_i_reg) that has an active asychronous set or reset. This may cause corruption of the memory contents and/or read values when the set/reset is asserted and is not analyzed by the default static timing analysis. It is suggested to eliminate the use of a set/reset to registers driving this RAMB pin or else use a synchronous reset in which the assertion of the reset is timed by default.
WARNING: [DRC 23-20] Rule violation (REQP-1839) RAMB36 async control check - The RAMB36E1 design_1_i/skip_list_prefetch_0/inst/skip_list_prefetch_A_BUS_m_axi_U/bus_read/buff_rdata/mem_reg has an input control pin design_1_i/skip_list_prefetch_0/inst/skip_list_prefetch_A_BUS_m_axi_U/bus_read/buff_rdata/mem_reg/WEBWE[3] (net: design_1_i/skip_list_prefetch_0/inst/skip_list_prefetch_A_BUS_m_axi_U/bus_read/buff_rdata/m_axi_A_BUS_RVALID) which is driven by a register (design_1_i/axi_mem_intercon/s00_couplers/auto_pc/inst/gen_axi4_axi3.axi3_conv_inst/USE_READ.USE_SPLIT_R.read_addr_inst/USE_R_CHANNEL.cmd_queue/inst/fifo_gen_inst/inst_fifo_gen/gconvfifo.rf/grf.rf/gntv_or_sync_fifo.gl0.wr/gwss.wsts/ram_full_i_reg) that has an active asychronous set or reset. This may cause corruption of the memory contents and/or read values when the set/reset is asserted and is not analyzed by the default static timing analysis. It is suggested to eliminate the use of a set/reset to registers driving this RAMB pin or else use a synchronous reset in which the assertion of the reset is timed by default.
WARNING: [DRC 23-20] Rule violation (REQP-1839) RAMB36 async control check - The RAMB36E1 design_1_i/skip_list_prefetch_0/inst/skip_list_prefetch_A_BUS_m_axi_U/bus_read/buff_rdata/mem_reg has an input control pin design_1_i/skip_list_prefetch_0/inst/skip_list_prefetch_A_BUS_m_axi_U/bus_read/buff_rdata/mem_reg/WEBWE[3] (net: design_1_i/skip_list_prefetch_0/inst/skip_list_prefetch_A_BUS_m_axi_U/bus_read/buff_rdata/m_axi_A_BUS_RVALID) which is driven by a register (design_1_i/axi_mem_intercon/s00_couplers/auto_pc/inst/gen_axi4_axi3.axi3_conv_inst/USE_WRITE.write_addr_inst/USE_BURSTS.cmd_queue/inst/fifo_gen_inst/inst_fifo_gen/gconvfifo.rf/grf.rf/gntv_or_sync_fifo.gl0.wr/gwss.wsts/ram_full_i_reg) that has an active asychronous set or reset. This may cause corruption of the memory contents and/or read values when the set/reset is asserted and is not analyzed by the default static timing analysis. It is suggested to eliminate the use of a set/reset to registers driving this RAMB pin or else use a synchronous reset in which the assertion of the reset is timed by default.
WARNING: [DRC 23-20] Rule violation (REQP-1839) RAMB36 async control check - The RAMB36E1 design_1_i/skip_list_prefetch_0/inst/skip_list_prefetch_A_BUS_m_axi_U/bus_read/buff_rdata/mem_reg has an input control pin design_1_i/skip_list_prefetch_0/inst/skip_list_prefetch_A_BUS_m_axi_U/bus_read/buff_rdata/mem_reg/WEBWE[3] (net: design_1_i/skip_list_prefetch_0/inst/skip_list_prefetch_A_BUS_m_axi_U/bus_read/buff_rdata/m_axi_A_BUS_RVALID) which is driven by a register (design_1_i/axi_mem_intercon/s00_couplers/auto_pc/inst/gen_axi4_axi3.axi3_conv_inst/USE_WRITE.write_addr_inst/USE_B_CHANNEL.cmd_b_queue/inst/fifo_gen_inst/inst_fifo_gen/gconvfifo.rf/grf.rf/gntv_or_sync_fifo.gl0.wr/gwss.wsts/ram_full_i_reg) that has an active asychronous set or reset. This may cause corruption of the memory contents and/or read values when the set/reset is asserted and is not analyzed by the default static timing analysis. It is suggested to eliminate the use of a set/reset to registers driving this RAMB pin or else use a synchronous reset in which the assertion of the reset is timed by default.
WARNING: [DRC 23-20] Rule violation (REQP-1839) RAMB36 async control check - The RAMB36E1 design_1_i/skip_list_prefetch_0/inst/skip_list_prefetch_A_BUS_m_axi_U/bus_read/buff_rdata/mem_reg has an input control pin design_1_i/skip_list_prefetch_0/inst/skip_list_prefetch_A_BUS_m_axi_U/bus_read/buff_rdata/mem_reg/WEBWE[4] (net: design_1_i/skip_list_prefetch_0/inst/skip_list_prefetch_A_BUS_m_axi_U/bus_read/buff_rdata/m_axi_A_BUS_RVALID) which is driven by a register (design_1_i/axi_mem_intercon/s00_couplers/auto_pc/inst/gen_axi4_axi3.axi3_conv_inst/USE_READ.USE_SPLIT_R.read_addr_inst/USE_R_CHANNEL.cmd_queue/inst/fifo_gen_inst/inst_fifo_gen/gconvfifo.rf/grf.rf/gntv_or_sync_fifo.gl0.rd/gr1.gr1_int.rfwft/empty_fwft_i_reg) that has an active asychronous set or reset. This may cause corruption of the memory contents and/or read values when the set/reset is asserted and is not analyzed by the default static timing analysis. It is suggested to eliminate the use of a set/reset to registers driving this RAMB pin or else use a synchronous reset in which the assertion of the reset is timed by default.
WARNING: [DRC 23-20] Rule violation (REQP-1839) RAMB36 async control check - The RAMB36E1 design_1_i/skip_list_prefetch_0/inst/skip_list_prefetch_A_BUS_m_axi_U/bus_read/buff_rdata/mem_reg has an input control pin design_1_i/skip_list_prefetch_0/inst/skip_list_prefetch_A_BUS_m_axi_U/bus_read/buff_rdata/mem_reg/WEBWE[4] (net: design_1_i/skip_list_prefetch_0/inst/skip_list_prefetch_A_BUS_m_axi_U/bus_read/buff_rdata/m_axi_A_BUS_RVALID) which is driven by a register (design_1_i/axi_mem_intercon/s00_couplers/auto_pc/inst/gen_axi4_axi3.axi3_conv_inst/USE_READ.USE_SPLIT_R.read_addr_inst/USE_R_CHANNEL.cmd_queue/inst/fifo_gen_inst/inst_fifo_gen/gconvfifo.rf/grf.rf/gntv_or_sync_fifo.gl0.wr/gwss.wsts/ram_full_i_reg) that has an active asychronous set or reset. This may cause corruption of the memory contents and/or read values when the set/reset is asserted and is not analyzed by the default static timing analysis. It is suggested to eliminate the use of a set/reset to registers driving this RAMB pin or else use a synchronous reset in which the assertion of the reset is timed by default.
WARNING: [DRC 23-20] Rule violation (REQP-1839) RAMB36 async control check - The RAMB36E1 design_1_i/skip_list_prefetch_0/inst/skip_list_prefetch_A_BUS_m_axi_U/bus_read/buff_rdata/mem_reg has an input control pin design_1_i/skip_list_prefetch_0/inst/skip_list_prefetch_A_BUS_m_axi_U/bus_read/buff_rdata/mem_reg/WEBWE[4] (net: design_1_i/skip_list_prefetch_0/inst/skip_list_prefetch_A_BUS_m_axi_U/bus_read/buff_rdata/m_axi_A_BUS_RVALID) which is driven by a register (design_1_i/axi_mem_intercon/s00_couplers/auto_pc/inst/gen_axi4_axi3.axi3_conv_inst/USE_WRITE.write_addr_inst/USE_BURSTS.cmd_queue/inst/fifo_gen_inst/inst_fifo_gen/gconvfifo.rf/grf.rf/gntv_or_sync_fifo.gl0.wr/gwss.wsts/ram_full_i_reg) that has an active asychronous set or reset. This may cause corruption of the memory contents and/or read values when the set/reset is asserted and is not analyzed by the default static timing analysis. It is suggested to eliminate the use of a set/reset to registers driving this RAMB pin or else use a synchronous reset in which the assertion of the reset is timed by default.
WARNING: [DRC 23-20] Rule violation (REQP-1839) RAMB36 async control check - The RAMB36E1 design_1_i/skip_list_prefetch_0/inst/skip_list_prefetch_A_BUS_m_axi_U/bus_read/buff_rdata/mem_reg has an input control pin design_1_i/skip_list_prefetch_0/inst/skip_list_prefetch_A_BUS_m_axi_U/bus_read/buff_rdata/mem_reg/WEBWE[4] (net: design_1_i/skip_list_prefetch_0/inst/skip_list_prefetch_A_BUS_m_axi_U/bus_read/buff_rdata/m_axi_A_BUS_RVALID) which is driven by a register (design_1_i/axi_mem_intercon/s00_couplers/auto_pc/inst/gen_axi4_axi3.axi3_conv_inst/USE_WRITE.write_addr_inst/USE_B_CHANNEL.cmd_b_queue/inst/fifo_gen_inst/inst_fifo_gen/gconvfifo.rf/grf.rf/gntv_or_sync_fifo.gl0.wr/gwss.wsts/ram_full_i_reg) that has an active asychronous set or reset. This may cause corruption of the memory contents and/or read values when the set/reset is asserted and is not analyzed by the default static timing analysis. It is suggested to eliminate the use of a set/reset to registers driving this RAMB pin or else use a synchronous reset in which the assertion of the reset is timed by default.
WARNING: [DRC 23-20] Rule violation (REQP-1839) RAMB36 async control check - The RAMB36E1 design_1_i/skip_list_prefetch_0/inst/skip_list_prefetch_A_BUS_m_axi_U/bus_read/buff_rdata/mem_reg has an input control pin design_1_i/skip_list_prefetch_0/inst/skip_list_prefetch_A_BUS_m_axi_U/bus_read/buff_rdata/mem_reg/WEBWE[5] (net: design_1_i/skip_list_prefetch_0/inst/skip_list_prefetch_A_BUS_m_axi_U/bus_read/buff_rdata/m_axi_A_BUS_RVALID) which is driven by a register (design_1_i/axi_mem_intercon/s00_couplers/auto_pc/inst/gen_axi4_axi3.axi3_conv_inst/USE_READ.USE_SPLIT_R.read_addr_inst/USE_R_CHANNEL.cmd_queue/inst/fifo_gen_inst/inst_fifo_gen/gconvfifo.rf/grf.rf/gntv_or_sync_fifo.gl0.rd/gr1.gr1_int.rfwft/empty_fwft_i_reg) that has an active asychronous set or reset. This may cause corruption of the memory contents and/or read values when the set/reset is asserted and is not analyzed by the default static timing analysis. It is suggested to eliminate the use of a set/reset to registers driving this RAMB pin or else use a synchronous reset in which the assertion of the reset is timed by default.
WARNING: [DRC 23-20] Rule violation (REQP-1839) RAMB36 async control check - The RAMB36E1 design_1_i/skip_list_prefetch_0/inst/skip_list_prefetch_A_BUS_m_axi_U/bus_read/buff_rdata/mem_reg has an input control pin design_1_i/skip_list_prefetch_0/inst/skip_list_prefetch_A_BUS_m_axi_U/bus_read/buff_rdata/mem_reg/WEBWE[5] (net: design_1_i/skip_list_prefetch_0/inst/skip_list_prefetch_A_BUS_m_axi_U/bus_read/buff_rdata/m_axi_A_BUS_RVALID) which is driven by a register (design_1_i/axi_mem_intercon/s00_couplers/auto_pc/inst/gen_axi4_axi3.axi3_conv_inst/USE_READ.USE_SPLIT_R.read_addr_inst/USE_R_CHANNEL.cmd_queue/inst/fifo_gen_inst/inst_fifo_gen/gconvfifo.rf/grf.rf/gntv_or_sync_fifo.gl0.wr/gwss.wsts/ram_full_i_reg) that has an active asychronous set or reset. This may cause corruption of the memory contents and/or read values when the set/reset is asserted and is not analyzed by the default static timing analysis. It is suggested to eliminate the use of a set/reset to registers driving this RAMB pin or else use a synchronous reset in which the assertion of the reset is timed by default.
WARNING: [DRC 23-20] Rule violation (REQP-1839) RAMB36 async control check - The RAMB36E1 design_1_i/skip_list_prefetch_0/inst/skip_list_prefetch_A_BUS_m_axi_U/bus_read/buff_rdata/mem_reg has an input control pin design_1_i/skip_list_prefetch_0/inst/skip_list_prefetch_A_BUS_m_axi_U/bus_read/buff_rdata/mem_reg/WEBWE[5] (net: design_1_i/skip_list_prefetch_0/inst/skip_list_prefetch_A_BUS_m_axi_U/bus_read/buff_rdata/m_axi_A_BUS_RVALID) which is driven by a register (design_1_i/axi_mem_intercon/s00_couplers/auto_pc/inst/gen_axi4_axi3.axi3_conv_inst/USE_WRITE.write_addr_inst/USE_BURSTS.cmd_queue/inst/fifo_gen_inst/inst_fifo_gen/gconvfifo.rf/grf.rf/gntv_or_sync_fifo.gl0.wr/gwss.wsts/ram_full_i_reg) that has an active asychronous set or reset. This may cause corruption of the memory contents and/or read values when the set/reset is asserted and is not analyzed by the default static timing analysis. It is suggested to eliminate the use of a set/reset to registers driving this RAMB pin or else use a synchronous reset in which the assertion of the reset is timed by default.
WARNING: [DRC 23-20] Rule violation (REQP-1839) RAMB36 async control check - The RAMB36E1 design_1_i/skip_list_prefetch_0/inst/skip_list_prefetch_A_BUS_m_axi_U/bus_read/buff_rdata/mem_reg has an input control pin design_1_i/skip_list_prefetch_0/inst/skip_list_prefetch_A_BUS_m_axi_U/bus_read/buff_rdata/mem_reg/WEBWE[5] (net: design_1_i/skip_list_prefetch_0/inst/skip_list_prefetch_A_BUS_m_axi_U/bus_read/buff_rdata/m_axi_A_BUS_RVALID) which is driven by a register (design_1_i/axi_mem_intercon/s00_couplers/auto_pc/inst/gen_axi4_axi3.axi3_conv_inst/USE_WRITE.write_addr_inst/USE_B_CHANNEL.cmd_b_queue/inst/fifo_gen_inst/inst_fifo_gen/gconvfifo.rf/grf.rf/gntv_or_sync_fifo.gl0.wr/gwss.wsts/ram_full_i_reg) that has an active asychronous set or reset. This may cause corruption of the memory contents and/or read values when the set/reset is asserted and is not analyzed by the default static timing analysis. It is suggested to eliminate the use of a set/reset to registers driving this RAMB pin or else use a synchronous reset in which the assertion of the reset is timed by default.
WARNING: [DRC 23-20] Rule violation (REQP-1839) RAMB36 async control check - The RAMB36E1 design_1_i/skip_list_prefetch_0/inst/skip_list_prefetch_A_BUS_m_axi_U/bus_read/buff_rdata/mem_reg has an input control pin design_1_i/skip_list_prefetch_0/inst/skip_list_prefetch_A_BUS_m_axi_U/bus_read/buff_rdata/mem_reg/WEBWE[6] (net: design_1_i/skip_list_prefetch_0/inst/skip_list_prefetch_A_BUS_m_axi_U/bus_read/buff_rdata/m_axi_A_BUS_RVALID) which is driven by a register (design_1_i/axi_mem_intercon/s00_couplers/auto_pc/inst/gen_axi4_axi3.axi3_conv_inst/USE_READ.USE_SPLIT_R.read_addr_inst/USE_R_CHANNEL.cmd_queue/inst/fifo_gen_inst/inst_fifo_gen/gconvfifo.rf/grf.rf/gntv_or_sync_fifo.gl0.rd/gr1.gr1_int.rfwft/empty_fwft_i_reg) that has an active asychronous set or reset. This may cause corruption of the memory contents and/or read values when the set/reset is asserted and is not analyzed by the default static timing analysis. It is suggested to eliminate the use of a set/reset to registers driving this RAMB pin or else use a synchronous reset in which the assertion of the reset is timed by default.
WARNING: [DRC 23-20] Rule violation (REQP-1839) RAMB36 async control check - The RAMB36E1 design_1_i/skip_list_prefetch_0/inst/skip_list_prefetch_A_BUS_m_axi_U/bus_read/buff_rdata/mem_reg has an input control pin design_1_i/skip_list_prefetch_0/inst/skip_list_prefetch_A_BUS_m_axi_U/bus_read/buff_rdata/mem_reg/WEBWE[6] (net: design_1_i/skip_list_prefetch_0/inst/skip_list_prefetch_A_BUS_m_axi_U/bus_read/buff_rdata/m_axi_A_BUS_RVALID) which is driven by a register (design_1_i/axi_mem_intercon/s00_couplers/auto_pc/inst/gen_axi4_axi3.axi3_conv_inst/USE_READ.USE_SPLIT_R.read_addr_inst/USE_R_CHANNEL.cmd_queue/inst/fifo_gen_inst/inst_fifo_gen/gconvfifo.rf/grf.rf/gntv_or_sync_fifo.gl0.wr/gwss.wsts/ram_full_i_reg) that has an active asychronous set or reset. This may cause corruption of the memory contents and/or read values when the set/reset is asserted and is not analyzed by the default static timing analysis. It is suggested to eliminate the use of a set/reset to registers driving this RAMB pin or else use a synchronous reset in which the assertion of the reset is timed by default.
WARNING: [DRC 23-20] Rule violation (REQP-1839) RAMB36 async control check - The RAMB36E1 design_1_i/skip_list_prefetch_0/inst/skip_list_prefetch_A_BUS_m_axi_U/bus_read/buff_rdata/mem_reg has an input control pin design_1_i/skip_list_prefetch_0/inst/skip_list_prefetch_A_BUS_m_axi_U/bus_read/buff_rdata/mem_reg/WEBWE[6] (net: design_1_i/skip_list_prefetch_0/inst/skip_list_prefetch_A_BUS_m_axi_U/bus_read/buff_rdata/m_axi_A_BUS_RVALID) which is driven by a register (design_1_i/axi_mem_intercon/s00_couplers/auto_pc/inst/gen_axi4_axi3.axi3_conv_inst/USE_WRITE.write_addr_inst/USE_BURSTS.cmd_queue/inst/fifo_gen_inst/inst_fifo_gen/gconvfifo.rf/grf.rf/gntv_or_sync_fifo.gl0.wr/gwss.wsts/ram_full_i_reg) that has an active asychronous set or reset. This may cause corruption of the memory contents and/or read values when the set/reset is asserted and is not analyzed by the default static timing analysis. It is suggested to eliminate the use of a set/reset to registers driving this RAMB pin or else use a synchronous reset in which the assertion of the reset is timed by default.
WARNING: [DRC 23-20] Rule violation (REQP-1839) RAMB36 async control check - The RAMB36E1 design_1_i/skip_list_prefetch_0/inst/skip_list_prefetch_A_BUS_m_axi_U/bus_read/buff_rdata/mem_reg has an input control pin design_1_i/skip_list_prefetch_0/inst/skip_list_prefetch_A_BUS_m_axi_U/bus_read/buff_rdata/mem_reg/WEBWE[6] (net: design_1_i/skip_list_prefetch_0/inst/skip_list_prefetch_A_BUS_m_axi_U/bus_read/buff_rdata/m_axi_A_BUS_RVALID) which is driven by a register (design_1_i/axi_mem_intercon/s00_couplers/auto_pc/inst/gen_axi4_axi3.axi3_conv_inst/USE_WRITE.write_addr_inst/USE_B_CHANNEL.cmd_b_queue/inst/fifo_gen_inst/inst_fifo_gen/gconvfifo.rf/grf.rf/gntv_or_sync_fifo.gl0.wr/gwss.wsts/ram_full_i_reg) that has an active asychronous set or reset. This may cause corruption of the memory contents and/or read values when the set/reset is asserted and is not analyzed by the default static timing analysis. It is suggested to eliminate the use of a set/reset to registers driving this RAMB pin or else use a synchronous reset in which the assertion of the reset is timed by default.
WARNING: [DRC 23-20] Rule violation (REQP-1839) RAMB36 async control check - The RAMB36E1 design_1_i/skip_list_prefetch_0/inst/skip_list_prefetch_A_BUS_m_axi_U/bus_read/buff_rdata/mem_reg has an input control pin design_1_i/skip_list_prefetch_0/inst/skip_list_prefetch_A_BUS_m_axi_U/bus_read/buff_rdata/mem_reg/WEBWE[7] (net: design_1_i/skip_list_prefetch_0/inst/skip_list_prefetch_A_BUS_m_axi_U/bus_read/buff_rdata/m_axi_A_BUS_RVALID) which is driven by a register (design_1_i/axi_mem_intercon/s00_couplers/auto_pc/inst/gen_axi4_axi3.axi3_conv_inst/USE_READ.USE_SPLIT_R.read_addr_inst/USE_R_CHANNEL.cmd_queue/inst/fifo_gen_inst/inst_fifo_gen/gconvfifo.rf/grf.rf/gntv_or_sync_fifo.gl0.rd/gr1.gr1_int.rfwft/empty_fwft_i_reg) that has an active asychronous set or reset. This may cause corruption of the memory contents and/or read values when the set/reset is asserted and is not analyzed by the default static timing analysis. It is suggested to eliminate the use of a set/reset to registers driving this RAMB pin or else use a synchronous reset in which the assertion of the reset is timed by default.
WARNING: [DRC 23-20] Rule violation (REQP-1839) RAMB36 async control check - The RAMB36E1 design_1_i/skip_list_prefetch_0/inst/skip_list_prefetch_A_BUS_m_axi_U/bus_read/buff_rdata/mem_reg has an input control pin design_1_i/skip_list_prefetch_0/inst/skip_list_prefetch_A_BUS_m_axi_U/bus_read/buff_rdata/mem_reg/WEBWE[7] (net: design_1_i/skip_list_prefetch_0/inst/skip_list_prefetch_A_BUS_m_axi_U/bus_read/buff_rdata/m_axi_A_BUS_RVALID) which is driven by a register (design_1_i/axi_mem_intercon/s00_couplers/auto_pc/inst/gen_axi4_axi3.axi3_conv_inst/USE_READ.USE_SPLIT_R.read_addr_inst/USE_R_CHANNEL.cmd_queue/inst/fifo_gen_inst/inst_fifo_gen/gconvfifo.rf/grf.rf/gntv_or_sync_fifo.gl0.wr/gwss.wsts/ram_full_i_reg) that has an active asychronous set or reset. This may cause corruption of the memory contents and/or read values when the set/reset is asserted and is not analyzed by the default static timing analysis. It is suggested to eliminate the use of a set/reset to registers driving this RAMB pin or else use a synchronous reset in which the assertion of the reset is timed by default.
WARNING: [DRC 23-20] Rule violation (REQP-1839) RAMB36 async control check - The RAMB36E1 design_1_i/skip_list_prefetch_0/inst/skip_list_prefetch_A_BUS_m_axi_U/bus_read/buff_rdata/mem_reg has an input control pin design_1_i/skip_list_prefetch_0/inst/skip_list_prefetch_A_BUS_m_axi_U/bus_read/buff_rdata/mem_reg/WEBWE[7] (net: design_1_i/skip_list_prefetch_0/inst/skip_list_prefetch_A_BUS_m_axi_U/bus_read/buff_rdata/m_axi_A_BUS_RVALID) which is driven by a register (design_1_i/axi_mem_intercon/s00_couplers/auto_pc/inst/gen_axi4_axi3.axi3_conv_inst/USE_WRITE.write_addr_inst/USE_BURSTS.cmd_queue/inst/fifo_gen_inst/inst_fifo_gen/gconvfifo.rf/grf.rf/gntv_or_sync_fifo.gl0.wr/gwss.wsts/ram_full_i_reg) that has an active asychronous set or reset. This may cause corruption of the memory contents and/or read values when the set/reset is asserted and is not analyzed by the default static timing analysis. It is suggested to eliminate the use of a set/reset to registers driving this RAMB pin or else use a synchronous reset in which the assertion of the reset is timed by default.
WARNING: [DRC 23-20] Rule violation (REQP-1839) RAMB36 async control check - The RAMB36E1 design_1_i/skip_list_prefetch_0/inst/skip_list_prefetch_A_BUS_m_axi_U/bus_read/buff_rdata/mem_reg has an input control pin design_1_i/skip_list_prefetch_0/inst/skip_list_prefetch_A_BUS_m_axi_U/bus_read/buff_rdata/mem_reg/WEBWE[7] (net: design_1_i/skip_list_prefetch_0/inst/skip_list_prefetch_A_BUS_m_axi_U/bus_read/buff_rdata/m_axi_A_BUS_RVALID) which is driven by a register (design_1_i/axi_mem_intercon/s00_couplers/auto_pc/inst/gen_axi4_axi3.axi3_conv_inst/USE_WRITE.write_addr_inst/USE_B_CHANNEL.cmd_b_queue/inst/fifo_gen_inst/inst_fifo_gen/gconvfifo.rf/grf.rf/gntv_or_sync_fifo.gl0.wr/gwss.wsts/ram_full_i_reg) that has an active asychronous set or reset. This may cause corruption of the memory contents and/or read values when the set/reset is asserted and is not analyzed by the default static timing analysis. It is suggested to eliminate the use of a set/reset to registers driving this RAMB pin or else use a synchronous reset in which the assertion of the reset is timed by default.
WARNING: [DRC 23-20] Rule violation (RTSTAT-10) No routable loads - 22 net(s) have no routable loads. The problem bus(es) and/or net(s) are design_1_i/axi_mem_intercon/s00_couplers/auto_pc/inst/gen_axi4_axi3.axi3_conv_inst/USE_READ.USE_SPLIT_R.read_addr_inst/USE_R_CHANNEL.cmd_queue/inst/fifo_gen_inst/inst_fifo_gen/gconvfifo.rf/grf.rf/gntv_or_sync_fifo.gl0.rd/gr1.gr1_int.rfwft/aempty_fwft_i, design_1_i/axi_mem_intercon/s00_couplers/auto_pc/inst/gen_axi4_axi3.axi3_conv_inst/USE_WRITE.write_addr_inst/USE_BURSTS.cmd_queue/inst/fifo_gen_inst/inst_fifo_gen/gconvfifo.rf/grf.rf/gntv_or_sync_fifo.gl0.rd/gr1.gr1_int.rfwft/aempty_fwft_i, design_1_i/axi_mem_intercon/s00_couplers/auto_pc/inst/gen_axi4_axi3.axi3_conv_inst/USE_WRITE.write_addr_inst/USE_B_CHANNEL.cmd_b_queue/inst/fifo_gen_inst/inst_fifo_gen/gconvfifo.rf/grf.rf/gntv_or_sync_fifo.gl0.rd/gr1.gr1_int.rfwft/aempty_fwft_i, design_1_i/axi_mem_intercon/s00_couplers/auto_pc/inst/gen_axi4_axi3.axi3_conv_inst/USE_WRITE.write_addr_inst/USE_BURSTS.cmd_queue/inst/fifo_gen_inst/inst_fifo_gen/gconvfifo.rf/grf.rf/gntv_or_sync_fifo.gl0.rd/gr1.gr1_int.rfwft/empty_fwft_i, design_1_i/axi_mem_intercon/s00_couplers/auto_pc/inst/gen_axi4_axi3.axi3_conv_inst/USE_READ.USE_SPLIT_R.read_addr_inst/USE_R_CHANNEL.cmd_queue/inst/fifo_gen_inst/inst_fifo_gen/gconvfifo.rf/grf.rf/gntv_or_sync_fifo.gl0.wr/gwss.wsts/ram_afull_fb, design_1_i/axi_mem_intercon/s00_couplers/auto_pc/inst/gen_axi4_axi3.axi3_conv_inst/USE_WRITE.write_addr_inst/USE_BURSTS.cmd_queue/inst/fifo_gen_inst/inst_fifo_gen/gconvfifo.rf/grf.rf/gntv_or_sync_fifo.gl0.wr/gwss.wsts/ram_afull_fb, design_1_i/axi_mem_intercon/s00_couplers/auto_pc/inst/gen_axi4_axi3.axi3_conv_inst/USE_WRITE.write_addr_inst/USE_B_CHANNEL.cmd_b_queue/inst/fifo_gen_inst/inst_fifo_gen/gconvfifo.rf/grf.rf/gntv_or_sync_fifo.gl0.wr/gwss.wsts/ram_afull_fb, design_1_i/axi_mem_intercon/s00_couplers/auto_pc/inst/gen_axi4_axi3.axi3_conv_inst/USE_READ.USE_SPLIT_R.read_addr_inst/USE_R_CHANNEL.cmd_queue/inst/fifo_gen_inst/inst_fifo_gen/gconvfifo.rf/grf.rf/gntv_or_sync_fifo.gl0.wr/gwss.wsts/ram_afull_i, design_1_i/axi_mem_intercon/s00_couplers/auto_pc/inst/gen_axi4_axi3.axi3_conv_inst/USE_WRITE.write_addr_inst/USE_BURSTS.cmd_queue/inst/fifo_gen_inst/inst_fifo_gen/gconvfifo.rf/grf.rf/gntv_or_sync_fifo.gl0.wr/gwss.wsts/ram_afull_i, design_1_i/axi_mem_intercon/s00_couplers/auto_pc/inst/gen_axi4_axi3.axi3_conv_inst/USE_WRITE.write_addr_inst/USE_B_CHANNEL.cmd_b_queue/inst/fifo_gen_inst/inst_fifo_gen/gconvfifo.rf/grf.rf/gntv_or_sync_fifo.gl0.wr/gwss.wsts/ram_afull_i, design_1_i/axi_mem_intercon/s00_couplers/auto_pc/inst/gen_axi4_axi3.axi3_conv_inst/USE_READ.USE_SPLIT_R.read_addr_inst/USE_R_CHANNEL.cmd_queue/inst/fifo_gen_inst/inst_fifo_gen/gconvfifo.rf/grf.rf/gntv_or_sync_fifo.gl0.rd/grss.rsts/ram_empty_i, design_1_i/axi_mem_intercon/s00_couplers/auto_pc/inst/gen_axi4_axi3.axi3_conv_inst/USE_WRITE.write_addr_inst/USE_BURSTS.cmd_queue/inst/fifo_gen_inst/inst_fifo_gen/gconvfifo.rf/grf.rf/gntv_or_sync_fifo.gl0.rd/grss.rsts/ram_empty_i, design_1_i/axi_mem_intercon/s00_couplers/auto_pc/inst/gen_axi4_axi3.axi3_conv_inst/USE_WRITE.write_addr_inst/USE_B_CHANNEL.cmd_b_queue/inst/fifo_gen_inst/inst_fifo_gen/gconvfifo.rf/grf.rf/gntv_or_sync_fifo.gl0.rd/grss.rsts/ram_empty_i, design_1_i/axi_mem_intercon/s00_couplers/auto_pc/inst/gen_axi4_axi3.axi3_conv_inst/USE_READ.USE_SPLIT_R.read_addr_inst/USE_R_CHANNEL.cmd_queue/inst/fifo_gen_inst/inst_fifo_gen/gconvfifo.rf/grf.rf/rstblk/rd_rst_reg[1], design_1_i/axi_mem_intercon/s00_couplers/auto_pc/inst/gen_axi4_axi3.axi3_conv_inst/USE_WRITE.write_addr_inst/USE_BURSTS.cmd_queue/inst/fifo_gen_inst/inst_fifo_gen/gconvfifo.rf/grf.rf/rstblk/rd_rst_reg[1] (the first 15 of 22 listed).
INFO: [Vivado 12-3199] DRC finished with 0 Errors, 22 Warnings
INFO: [Vivado 12-3200] Please refer to the DRC report (report_drc) for more information.
Loading data files...
Loading site data...
Loading route data...
Processing options...
Creating bitmap...
Creating bitstream...
Writing bitstream ./design_1_wrapper.bit...
INFO: [Vivado 12-1842] Bitgen Completed Successfully.
INFO: [Project 1-120] WebTalk data collection is mandatory when using a WebPACK part without a full Vivado license. To see the specific WebTalk data collected for your design, open the usage_statistics_webtalk.html or usage_statistics_webtalk.xml file in the implementation directory.
INFO: [Common 17-83] Releasing license: Implementation
88 Infos, 43 Warnings, 0 Critical Warnings and 0 Errors encountered.
write_bitstream completed successfully
write_bitstream: Time (s): cpu = 00:00:28 ; elapsed = 00:00:27 . Memory (MB): peak = 1599.090 ; gain = 353.074
INFO: [Common 17-206] Exiting Vivado at Wed Jun 03 13:22:05 2020...
