
*** Running vivado
    with args -log design_1_s00_data_fifo_0.vds -m64 -product Vivado -mode batch -messageDb vivado.pb -notrace -source design_1_s00_data_fifo_0.tcl


****** Vivado v2016.3 (64-bit)
  **** SW Build 1682563 on Mon Oct 10 19:07:27 MDT 2016
  **** IP Build 1681267 on Mon Oct 10 21:28:31 MDT 2016
    ** Copyright 1986-2016 Xilinx, Inc. All Rights Reserved.

source design_1_s00_data_fifo_0.tcl -notrace
Starting RTL Elaboration : Time (s): cpu = 00:00:20 ; elapsed = 00:00:25 . Memory (MB): peak = 342.656 ; gain = 132.500
INFO: [Synth 8-638] synthesizing module 'design_1_s00_data_fifo_0' [a:/COMP_ARCH/PYNQ_Projects/Vivado_prj/Prefetch_master_slave/Prefetch_master_slave.srcs/sources_1/bd/design_1/ip/design_1_s00_data_fifo_0/synth/design_1_s00_data_fifo_0.v:58]
INFO: [Synth 8-638] synthesizing module 'axi_data_fifo_v2_1_9_axi_data_fifo' [a:/COMP_ARCH/PYNQ_Projects/Vivado_prj/Prefetch_master_slave/Prefetch_master_slave.srcs/sources_1/bd/design_1/ipshared/10b8/hdl/axi_data_fifo_v2_1_vl_rfs.v:1282]
INFO: [Synth 8-256] done synthesizing module 'axi_data_fifo_v2_1_9_axi_data_fifo' (21#1) [a:/COMP_ARCH/PYNQ_Projects/Vivado_prj/Prefetch_master_slave/Prefetch_master_slave.srcs/sources_1/bd/design_1/ipshared/10b8/hdl/axi_data_fifo_v2_1_vl_rfs.v:1282]
INFO: [Synth 8-256] done synthesizing module 'design_1_s00_data_fifo_0' (22#1) [a:/COMP_ARCH/PYNQ_Projects/Vivado_prj/Prefetch_master_slave/Prefetch_master_slave.srcs/sources_1/bd/design_1/ip/design_1_s00_data_fifo_0/synth/design_1_s00_data_fifo_0.v:58]
Finished RTL Elaboration : Time (s): cpu = 00:00:35 ; elapsed = 00:00:42 . Memory (MB): peak = 458.848 ; gain = 248.691
Finished RTL Optimization Phase 1 : Time (s): cpu = 00:00:36 ; elapsed = 00:00:42 . Memory (MB): peak = 458.848 ; gain = 248.691
INFO: [Device 21-403] Loading part xc7z020clg400-1
Constraint Validation Runtime : Time (s): cpu = 00:00:00 ; elapsed = 00:00:00.072 . Memory (MB): peak = 705.461 ; gain = 0.000
Finished Constraint Validation : Time (s): cpu = 00:00:55 ; elapsed = 00:01:04 . Memory (MB): peak = 705.461 ; gain = 495.305
Finished Loading Part and Timing Information : Time (s): cpu = 00:00:55 ; elapsed = 00:01:04 . Memory (MB): peak = 705.461 ; gain = 495.305
Finished applying 'set_property' XDC Constraints : Time (s): cpu = 00:00:55 ; elapsed = 00:01:04 . Memory (MB): peak = 705.461 ; gain = 495.305
Finished RTL Optimization Phase 2 : Time (s): cpu = 00:00:57 ; elapsed = 00:01:05 . Memory (MB): peak = 705.461 ; gain = 495.305
Finished Cross Boundary and Area Optimization : Time (s): cpu = 00:00:59 ; elapsed = 00:01:08 . Memory (MB): peak = 705.461 ; gain = 495.305
---------------------------------------------------------------------------------
Start ROM, RAM, DSP and Shift Register Reporting
---------------------------------------------------------------------------------

Distributed RAM: Preliminary Mapping  Report (see note below)
+-----------------------+-----------------------------------------------------------------------------------------------------------+----------------+----------------------+---------------+
|Module Name            | RTL Object                                                                                                | Inference      | Size (Depth x Width) | Primitives    | 
+-----------------------+-----------------------------------------------------------------------------------------------------------+----------------+----------------------+---------------+
|fifo_generator_v13_1_2 | inst_fifo_gen/gaxi_full_lite.gread_ch.grdch2.axi_rdch/grf.rf/gntv_or_sync_fifo.mem/gdm.dm_gen.dm/RAM_reg  | User Attribute | 32 x 69              | RAM32M x 12   | 
|fifo_generator_v13_1_2 | inst_fifo_gen/gaxi_full_lite.gwrite_ch.gwdch2.axi_wdch/grf.rf/gntv_or_sync_fifo.mem/gdm.dm_gen.dm/RAM_reg | User Attribute | 32 x 75              | RAM32M x 13   | 
+-----------------------+-----------------------------------------------------------------------------------------------------------+----------------+----------------------+---------------+

Note: The table above is a preliminary report that shows the Distributed RAMs at the current stage of the synthesis flow. Some Distributed RAMs may be reimplemented as non Distributed RAM primitives later in the synthesis flow. Multiple instantiated RAMs are reported only once.
---------------------------------------------------------------------------------
Finished ROM, RAM, DSP and Shift Register Reporting
---------------------------------------------------------------------------------
Finished Applying XDC Timing Constraints : Time (s): cpu = 00:01:20 ; elapsed = 00:01:30 . Memory (MB): peak = 705.461 ; gain = 495.305
Finished Timing Optimization : Time (s): cpu = 00:01:21 ; elapsed = 00:01:31 . Memory (MB): peak = 705.461 ; gain = 495.305
Finished Technology Mapping : Time (s): cpu = 00:01:21 ; elapsed = 00:01:32 . Memory (MB): peak = 705.461 ; gain = 495.305
Finished IO Insertion : Time (s): cpu = 00:01:23 ; elapsed = 00:01:33 . Memory (MB): peak = 705.461 ; gain = 495.305
Finished Renaming Generated Instances : Time (s): cpu = 00:01:23 ; elapsed = 00:01:33 . Memory (MB): peak = 705.461 ; gain = 495.305
Finished Rebuilding User Hierarchy : Time (s): cpu = 00:01:23 ; elapsed = 00:01:33 . Memory (MB): peak = 705.461 ; gain = 495.305
Finished Renaming Generated Ports : Time (s): cpu = 00:01:23 ; elapsed = 00:01:33 . Memory (MB): peak = 705.461 ; gain = 495.305
Finished Handling Custom Attributes : Time (s): cpu = 00:01:23 ; elapsed = 00:01:33 . Memory (MB): peak = 705.461 ; gain = 495.305
Finished Renaming Generated Nets : Time (s): cpu = 00:01:23 ; elapsed = 00:01:33 . Memory (MB): peak = 705.461 ; gain = 495.305

Report Cell Usage: 
+------+-------+------+
|      |Cell   |Count |
+------+-------+------+
|1     |LUT1   |    13|
|2     |LUT2   |    12|
|3     |LUT3   |     6|
|4     |LUT4   |    12|
|5     |LUT5   |    16|
|6     |LUT6   |    16|
|7     |RAM32M |    25|
|8     |FDCE   |    42|
|9     |FDPE   |    52|
|10    |FDRE   |   296|
+------+-------+------+
Finished Writing Synthesis Report : Time (s): cpu = 00:01:23 ; elapsed = 00:01:33 . Memory (MB): peak = 705.461 ; gain = 495.305
synth_design: Time (s): cpu = 00:01:17 ; elapsed = 00:01:24 . Memory (MB): peak = 705.461 ; gain = 445.449
