INFO: [SIM 2] *************** CSIM start ***************
WARNING: [SIM 51] HLS only supports CLANG compiler in Linux.
INFO: [SIM 4] CSIM will launch GCC as the compiler.
   Compiling ../../../../SkipList_HeadOffs_test.cpp in debug mode
   Generating csim.exe


Old_val: 1-->Val: 11-->next_val_1: 2-->next_val_2: 30  
Old_val: 2-->Val: 2-->next_val_1: 3-->next_val_2: 11  
Old_val: 3-->Val: 3-->next_val_1: 4-->next_val_2: 11  
Old_val: 4-->Val: 4-->next_val_1: 5-->next_val_2: 11  
Old_val: 5-->Val: 5-->next_val_1: 6-->next_val_2: 11  
Old_val: 6-->Val: 6-->next_val_1: 7-->next_val_2: 11  
Old_val: 7-->Val: 7-->next_val_1: 8-->next_val_2: 11  
Old_val: 8-->Val: 8-->next_val_1: 9-->next_val_2: 11  
Old_val: 9-->Val: 9-->next_val_1: 10-->next_val_2: 11  
Old_val: 10-->Val: 10-->next_val_1: 11-->next_val_2: 11  
Old_val: 11-->Val: 11-->next_val_1: 12-->next_val_2: 11  
Old_val: 12-->Val: 12-->next_val_1: 13-->next_val_2: 11  
Old_val: 13-->Val: 13-->next_val_1: 14-->next_val_2: 11  
Old_val: 14-->Val: 14-->next_val_1: 15-->next_val_2: 11  
Old_val: 15-->Val: 15-->next_val_1: 16-->next_val_2: 11  
Old_val: 16-->Val: 16-->next_val_1: 17-->next_val_2: 11  
Old_val: 17-->Val: 17-->next_val_1: 18-->next_val_2: 11  
Old_val: 18-->Val: 18-->next_val_1: 19-->next_val_2: 11  
Old_val: 19-->Val: 19-->next_val_1: 30-->next_val_2: 11  
Old_val: 20-->Val: 30-->next_val_1: 31-->next_val_2: 50  
Old_val: 21-->Val: 31-->next_val_1: 32-->next_val_2: 11  
Old_val: 22-->Val: 32-->next_val_1: 33-->next_val_2: 11  
Old_val: 23-->Val: 33-->next_val_1: 34-->next_val_2: 11  
Old_val: 24-->Val: 34-->next_val_1: 35-->next_val_2: 11  
Old_val: 25-->Val: 35-->next_val_1: 36-->next_val_2: 11  
Old_val: 26-->Val: 36-->next_val_1: 37-->next_val_2: 11  
Old_val: 27-->Val: 37-->next_val_1: 38-->next_val_2: 11  
Old_val: 28-->Val: 38-->next_val_1: 39-->next_val_2: 11  
Old_val: 29-->Val: 39-->next_val_1: 40-->next_val_2: 11  
Old_val: 30-->Val: 40-->next_val_1: 41-->next_val_2: 11  
Old_val: 31-->Val: 41-->next_val_1: 42-->next_val_2: 11  
Old_val: 32-->Val: 42-->next_val_1: 43-->next_val_2: 11  
Old_val: 33-->Val: 43-->next_val_1: 44-->next_val_2: 11  
Old_val: 34-->Val: 44-->next_val_1: 45-->next_val_2: 11  
Old_val: 35-->Val: 45-->next_val_1: 46-->next_val_2: 11  
Old_val: 36-->Val: 46-->next_val_1: 47-->next_val_2: 11  
Old_val: 37-->Val: 47-->next_val_1: 48-->next_val_2: 11  
Old_val: 38-->Val: 48-->next_val_1: 49-->next_val_2: 11  
Old_val: 39-->Val: 49-->next_val_1: 50-->next_val_2: 11  
Old_val: 40-->Val: 50-->next_val_1: 51-->next_val_2: 70  
Old_val: 41-->Val: 51-->next_val_1: 52-->next_val_2: 11  
Old_val: 42-->Val: 52-->next_val_1: 53-->next_val_2: 11  
Old_val: 43-->Val: 53-->next_val_1: 54-->next_val_2: 11  
Old_val: 44-->Val: 54-->next_val_1: 55-->next_val_2: 11  
Old_val: 45-->Val: 55-->next_val_1: 56-->next_val_2: 11  
Old_val: 46-->Val: 56-->next_val_1: 57-->next_val_2: 11  
Old_val: 47-->Val: 57-->next_val_1: 58-->next_val_2: 11  
Old_val: 48-->Val: 58-->next_val_1: 59-->next_val_2: 11  
Old_val: 49-->Val: 59-->next_val_1: 60-->next_val_2: 11  
Old_val: 50-->Val: 60-->next_val_1: 61-->next_val_2: 11  
Old_val: 51-->Val: 61-->next_val_1: 62-->next_val_2: 11  
Old_val: 52-->Val: 62-->next_val_1: 63-->next_val_2: 11  
Old_val: 53-->Val: 63-->next_val_1: 64-->next_val_2: 11  
Old_val: 54-->Val: 64-->next_val_1: 65-->next_val_2: 11  
Old_val: 55-->Val: 65-->next_val_1: 66-->next_val_2: 11  
Old_val: 56-->Val: 66-->next_val_1: 67-->next_val_2: 11  
Old_val: 57-->Val: 67-->next_val_1: 68-->next_val_2: 11  
Old_val: 58-->Val: 68-->next_val_1: 69-->next_val_2: 11  
Old_val: 59-->Val: 69-->next_val_1: 70-->next_val_2: 11  
Old_val: 60-->Val: 70-->next_val_1: 71-->next_val_2: 90  
Old_val: 61-->Val: 71-->next_val_1: 72-->next_val_2: 11  
Old_val: 62-->Val: 72-->next_val_1: 73-->next_val_2: 11  
Old_val: 63-->Val: 73-->next_val_1: 74-->next_val_2: 11  
Old_val: 64-->Val: 74-->next_val_1: 75-->next_val_2: 11  
Old_val: 65-->Val: 75-->next_val_1: 76-->next_val_2: 11  
Old_val: 66-->Val: 76-->next_val_1: 77-->next_val_2: 11  
Old_val: 67-->Val: 77-->next_val_1: 78-->next_val_2: 11  
Old_val: 68-->Val: 78-->next_val_1: 79-->next_val_2: 11  
Old_val: 69-->Val: 79-->next_val_1: 80-->next_val_2: 11  
Old_val: 70-->Val: 80-->next_val_1: 81-->next_val_2: 11  
Old_val: 71-->Val: 81-->next_val_1: 82-->next_val_2: 11  
Old_val: 72-->Val: 82-->next_val_1: 83-->next_val_2: 11  
Old_val: 73-->Val: 83-->next_val_1: 84-->next_val_2: 11  
Old_val: 74-->Val: 84-->next_val_1: 85-->next_val_2: 11  
Old_val: 75-->Val: 85-->next_val_1: 86-->next_val_2: 11  
Old_val: 76-->Val: 86-->next_val_1: 87-->next_val_2: 11  
Old_val: 77-->Val: 87-->next_val_1: 88-->next_val_2: 11  
Old_val: 78-->Val: 88-->next_val_1: 89-->next_val_2: 11  
Old_val: 79-->Val: 89-->next_val_1: 90-->next_val_2: 11  
Old_val: 80-->Val: 90-->next_val_1: 91-->next_val_2: 110  
Old_val: 81-->Val: 91-->next_val_1: 92-->next_val_2: 11  
Old_val: 82-->Val: 92-->next_val_1: 93-->next_val_2: 11  
Old_val: 83-->Val: 93-->next_val_1: 94-->next_val_2: 11  
Old_val: 84-->Val: 94-->next_val_1: 95-->next_val_2: 11  
Old_val: 85-->Val: 95-->next_val_1: 96-->next_val_2: 11  
Old_val: 86-->Val: 96-->next_val_1: 97-->next_val_2: 11  
Old_val: 87-->Val: 97-->next_val_1: 98-->next_val_2: 11  
Old_val: 88-->Val: 98-->next_val_1: 99-->next_val_2: 11  
Old_val: 89-->Val: 99-->next_val_1: 100-->next_val_2: 11  
Old_val: 90-->Val: 100-->next_val_1: 101-->next_val_2: 11  
Old_val: 91-->Val: 101-->next_val_1: 102-->next_val_2: 11  
Old_val: 92-->Val: 102-->next_val_1: 103-->next_val_2: 11  
Old_val: 93-->Val: 103-->next_val_1: 104-->next_val_2: 11  
Old_val: 94-->Val: 104-->next_val_1: 105-->next_val_2: 11  
Old_val: 95-->Val: 105-->next_val_1: 106-->next_val_2: 11  
Old_val: 96-->Val: 106-->next_val_1: 107-->next_val_2: 11  
Old_val: 97-->Val: 107-->next_val_1: 108-->next_val_2: 11  
Old_val: 98-->Val: 108-->next_val_1: 109-->next_val_2: 11  
Old_val: 99-->Val: 109-->next_val_1: 110-->next_val_2: 11  
INFO: [SIM 1] CSim done with 0 errors.
INFO: [SIM 3] *************** CSIM finish ***************
