16:33:56 INFO  : Registering command handlers for SDK TCF services
16:33:57 INFO  : Launching XSCT server: xsct.bat -interactive A:\COMP_ARCH\PYNQ_Projects\Vivado_prj\skipList_prefetch_N_elem\skipList_prefetch_N_elem.sdk\temp_xsdb_launch_script.tcl
16:34:00 INFO  : XSCT server has started successfully.
16:34:01 INFO  : Successfully done setting XSCT server connection channel  
16:34:01 INFO  : Processing command line option -hwspec A:/COMP_ARCH/PYNQ_Projects/Vivado_prj/skipList_prefetch_N_elem/skipList_prefetch_N_elem.sdk/design_1_wrapper.hdf.
16:34:01 INFO  : Successfully done setting SDK workspace  
16:35:11 INFO  : Successfully generated A:\COMP_ARCH\PYNQ_Projects\Vivado_prj\skipList_prefetch_N_elem\skipList_prefetch_N_elem.sdk\skiplist_prefetch\src\lscript.ld.
16:35:11 INFO  : Applying linker script to all configurations of project skiplist_prefetch.
16:35:11 INFO  : Setting rebuild state to true for all configurations of project skiplist_prefetch.
16:35:26 INFO  : Connected to target on host '127.0.0.1' and port '3121'.
16:35:27 INFO  : 'targets -set -filter {jtag_cable_name =~ "Xilinx PYNQ-Z1 003017A6E019A" && level==0} -index 1' command is executed.
16:35:30 INFO  : FPGA configured successfully with bitstream "A:/COMP_ARCH/PYNQ_Projects/Vivado_prj/skipList_prefetch_N_elem/skipList_prefetch_N_elem.sdk/design_1_wrapper_hw_platform_0/design_1_wrapper.bit"
16:37:19 INFO  : ps7_init is completed.
16:37:19 INFO  : ps7_post_config is completed.
16:37:19 INFO  : Processor reset is completed for ps7_cortexa9_0
16:37:29 INFO  : Processor reset is completed for ps7_cortexa9_0
16:37:40 INFO  : Processor reset is completed for ps7_cortexa9_0
16:38:34 INFO  : Processor reset is completed for ps7_cortexa9_0
16:38:40 INFO  : Processor reset is completed for ps7_cortexa9_0
16:38:54 INFO  : Processor reset is completed for ps7_cortexa9_0
16:39:13 INFO  : Connected to target on host '127.0.0.1' and port '3121'.
16:39:13 INFO  : 'targets -set -filter {jtag_cable_name =~ "Xilinx PYNQ-Z1 003017A6E019A" && level==0} -index 1' command is executed.
16:39:16 INFO  : FPGA configured successfully with bitstream "A:/COMP_ARCH/PYNQ_Projects/Vivado_prj/skipList_prefetch_N_elem/skipList_prefetch_N_elem.sdk/design_1_wrapper_hw_platform_0/design_1_wrapper.bit"
16:39:28 INFO  : ps7_init is completed.
16:39:28 INFO  : ps7_post_config is completed.
16:39:28 INFO  : Processor reset is completed for ps7_cortexa9_0
16:39:38 INFO  : Processor reset is completed for ps7_cortexa9_0
16:39:47 INFO  : Processor reset is completed for ps7_cortexa9_0
16:39:56 INFO  : Processor reset is completed for ps7_cortexa9_0
16:40:05 INFO  : Processor reset is completed for ps7_cortexa9_0
16:40:13 INFO  : Processor reset is completed for ps7_cortexa9_0
16:41:10 ERROR : Unexpected error while parsing XMD response ?: com.google.gson.JsonSyntaxException: com.google.gson.stream.MalformedJsonException: invalid number or unquoted string near 
12:54:30 INFO  : Registering command handlers for SDK TCF services
12:54:30 INFO  : Launching XSCT server: xsct.bat -interactive A:\COMP_ARCH\PYNQ_Projects\Vivado_prj\skipList_prefetch_N_elem\prefetch_window_400\50_skipList_prefetch_N_elem.sdk\temp_xsdb_launch_script.tcl
12:54:34 INFO  : XSCT server has started successfully.
12:54:34 INFO  : Successfully done setting XSCT server connection channel  
12:54:35 INFO  : Successfully done setting SDK workspace  
12:56:26 INFO  : Connected to target on host '127.0.0.1' and port '3121'.
12:56:27 INFO  : 'targets -set -filter {jtag_cable_name =~ "Xilinx PYNQ-Z1 003017A6E019A" && level==0} -index 1' command is executed.
12:56:30 INFO  : FPGA configured successfully with bitstream "A:/COMP_ARCH/PYNQ_Projects/Vivado_prj/skipList_prefetch_N_elem/prefetch_window_400/50_skipList_prefetch_N_elem.sdk/design_1_wrapper_hw_platform_0/design_1_wrapper.bit"
12:57:13 INFO  : ps7_init is completed.
12:57:13 INFO  : ps7_post_config is completed.
12:57:13 INFO  : Processor reset is completed for ps7_cortexa9_0
12:57:34 INFO  : Processor reset is completed for ps7_cortexa9_0
12:58:24 INFO  : Processor reset is completed for ps7_cortexa9_0
12:58:32 INFO  : Processor reset is completed for ps7_cortexa9_0
12:59:07 INFO  : Processor reset is completed for ps7_cortexa9_0
12:59:33 INFO  : Processor reset is completed for ps7_cortexa9_0
12:59:41 INFO  : Processor reset is completed for ps7_cortexa9_0
12:59:46 INFO  : Processor reset is completed for ps7_cortexa9_0
13:00:23 ERROR : Unexpected error while parsing XMD response ?: com.google.gson.JsonSyntaxException: com.google.gson.stream.MalformedJsonException: invalid number or unquoted string near 
16:11:31 INFO  : Registering command handlers for SDK TCF services
16:11:31 INFO  : Launching XSCT server: xsct.bat -interactive A:\COMP_ARCH\PYNQ_Projects\Vivado_prj\skipList_prefetch_N_elem\prefetch_window_400\50_skipList_prefetch_N_elem.sdk\temp_xsdb_launch_script.tcl
16:11:35 INFO  : XSCT server has started successfully.
16:11:35 INFO  : Successfully done setting XSCT server connection channel  
16:11:36 INFO  : Successfully done setting SDK workspace  
16:11:53 INFO  : Inferring section assignments and sizes from elf file: A:\COMP_ARCH\PYNQ_Projects\Vivado_prj\skipList_prefetch_N_elem\prefetch_window_400\50_skipList_prefetch_N_elem.sdk\skiplist_prefetch\Debug\skiplist_prefetch.elf
16:12:00 INFO  : Successfully generated A:\COMP_ARCH\PYNQ_Projects\Vivado_prj\skipList_prefetch_N_elem\prefetch_window_400\50_skipList_prefetch_N_elem.sdk\skiplist_prefetch\src\lscript.ld.
16:12:00 INFO  : Applying linker script to all configurations of project skiplist_prefetch.
16:12:00 INFO  : Setting rebuild state to true for all configurations of project skiplist_prefetch.
16:12:26 INFO  : Connected to target on host '127.0.0.1' and port '3121'.
16:12:27 INFO  : 'targets -set -filter {jtag_cable_name =~ "Xilinx PYNQ-Z1 003017A6E019A" && level==0} -index 1' command is executed.
16:12:29 INFO  : FPGA configured successfully with bitstream "A:/COMP_ARCH/PYNQ_Projects/Vivado_prj/skipList_prefetch_N_elem/prefetch_window_400/50_skipList_prefetch_N_elem.sdk/design_1_wrapper_hw_platform_0/design_1_wrapper.bit"
16:12:54 INFO  : ps7_init is completed.
16:12:54 INFO  : ps7_post_config is completed.
16:12:54 INFO  : Processor reset is completed for ps7_cortexa9_0
16:13:08 INFO  : Processor reset is completed for ps7_cortexa9_0
16:13:39 INFO  : Processor reset is completed for ps7_cortexa9_0
16:13:58 INFO  : Processor reset is completed for ps7_cortexa9_0
16:17:01 ERROR : Unexpected error while parsing XMD response ?: com.google.gson.JsonSyntaxException: com.google.gson.stream.MalformedJsonException: invalid number or unquoted string near 
