Unable to capture context for thread 5404 in process 9876, can not generate back trace
Unable to capture context for thread 3692 in process 9876, can not generate back trace
Unable to capture context for thread 15668 in process 9876, can not generate back trace
Exception at PC 0x00007FF96A38A859
Unable to capture context for thread 15668 in process 9876, can not generate back trace
Exception at PC 0x00007FF8CE72BB93
Printing stacktrace...

Exception at PC 0x00007FF96A38A859
Exception at PC 0x00007FF96A38A859
Exception at PC 0x00007FF96A38A859
Exception at PC 0x00007FF96A38A859
Exception at PC 0x00007FF96A38A859
Exception at PC 0x00007FF96A38A859
Exception at PC 0x00007FF96A38A859
Exception at PC 0x00007FF96A38A859
Exception at PC 0x00007FF96A38A859
[0]  [0x00007FF8CE72BB93]
[1]  [0x00007FF8CE72BB93]
[2]  [0x00007FF8CE72B4A1]
[3]  [0x00007FF8CE72B3EF]
[4]  [0x00007FF8CE7119FE]
[5]  [0x00007FF8CE710ED1]
[6]  [0x00007FF8CE710D76]
[7]  [0x00007FF8CE6B79F6]
[8]  [0x00007FF8CE6A7AFB]
[9]  [0x00007FF8CE7CE90A]
[10]  [0x00007FF8CE7E9F87]
[11]  [0x00007FF8CE7EA05F]
[12] (BaseThreadInitThunk+0x14) [0x00007FF96BD77BD4]
[13] (RtlUserThreadStart+0x21) [0x00007FF96D42CED1]
Done
Exception at PC 0x00007FF96A38A859
Exception at PC 0x00007FF96A38A859
Exception at PC 0x00007FF96A38A859
Exception at PC 0x00007FF96A38A859
Exception at PC 0x00007FF96A38A859
Exception at PC 0x00007FF96A38A859
Exception at PC 0x00007FF96A38A859
Exception at PC 0x00007FF96A38A859
