#-----------------------------------------------------------
# Webtalk v2016.3 (64-bit)
# SW Build 1682563 on Mon Oct 10 19:07:27 MDT 2016
# 
# Start of session at: Wed Mar 18 12:29:47 2020
# Process ID: 8744
# Current directory: A:/PYNQ_Projects/start_proj/start_proj.sdk/webtalk
# Command line: wbtcv.exe -mode batch -source sdk_webtalk.tcl
# Log file: A:/PYNQ_Projects/start_proj/start_proj.sdk/webtalk/webtalk.log
# Journal file: A:/PYNQ_Projects/start_proj/start_proj.sdk/webtalk\webtalk.jou
#-----------------------------------------------------------
source sdk_webtalk.tcl
# webtalk_init -webtalk_dir A:\\PYNQ_Projects\\start_proj\\start_proj.sdk\\webtalk
# webtalk_register_client -client project
# webtalk_add_data -client project -key date_generated -value "2020-03-18 12:29:40" -context "software_version_and_target_device"
# webtalk_add_data -client project -key product_version -value "SDK v2016.3" -context "software_version_and_target_device"
# webtalk_add_data -client project -key build_version -value "2016.3" -context "software_version_and_target_device"
# webtalk_add_data -client project -key os_platform -value "amd64" -context "software_version_and_target_device"
# webtalk_add_data -client project -key registration_id -value "" -context "software_version_and_target_device"
# webtalk_add_data -client project -key tool_flow -value "SDK" -context "software_version_and_target_device"
# webtalk_add_data -client project -key beta -value "false" -context "software_version_and_target_device"
# webtalk_add_data -client project -key route_design -value "NA" -context "software_version_and_target_device"
# webtalk_add_data -client project -key target_family -value "NA" -context "software_version_and_target_device"
# webtalk_add_data -client project -key target_device -value "NA" -context "software_version_and_target_device"
# webtalk_add_data -client project -key target_package -value "NA" -context "software_version_and_target_device"
# webtalk_add_data -client project -key target_speed -value "NA" -context "software_version_and_target_device"
# webtalk_add_data -client project -key random_id -value "9eteiqqnemp8t9c62a1tb41uv5" -context "software_version_and_target_device"
# webtalk_add_data -client project -key project_id -value "2016.3_18" -context "software_version_and_target_device"
# webtalk_add_data -client project -key project_iteration -value "18" -context "software_version_and_target_device"
# webtalk_add_data -client project -key os_name -value "Microsoft Windows 8 or later , 64-bit" -context "user_environment"
# webtalk_add_data -client project -key os_release -value "major release  (build 9200)" -context "user_environment"
# webtalk_add_data -client project -key cpu_name -value "Intel(R) Core(TM) i5-5200U CPU @ 2.20GHz" -context "user_environment"
# webtalk_add_data -client project -key cpu_speed -value "2200 MHz" -context "user_environment"
# webtalk_add_data -client project -key total_processors -value "1" -context "user_environment"
# webtalk_add_data -client project -key system_ram -value "17.000 GB" -context "user_environment"
# webtalk_register_client -client sdk
# webtalk_add_data -client sdk -key uid -value "1584334701401" -context "sdk\\\\bsp/1584334701401"
# webtalk_add_data -client sdk -key hwid -value "1584331366012" -context "sdk\\\\bsp/1584334701401"
# webtalk_add_data -client sdk -key os -value "standalone" -context "sdk\\\\bsp/1584334701401"
# webtalk_add_data -client sdk -key apptemplate -value "hello_world" -context "sdk\\\\bsp/1584334701401"
# webtalk_add_data -client sdk -key RecordType -value "BSPCreation" -context "sdk\\\\bsp/1584334701401"
# webtalk_add_data -client sdk -key uid -value "1584334707406" -context "sdk\\\\application/1584334707406"
# webtalk_add_data -client sdk -key hwid -value "1584331366012" -context "sdk\\\\application/1584334707406"
# webtalk_add_data -client sdk -key bspid -value "1584334701401" -context "sdk\\\\application/1584334707406"
# webtalk_add_data -client sdk -key newbsp -value "true" -context "sdk\\\\application/1584334707406"
# webtalk_add_data -client sdk -key os -value "standalone" -context "sdk\\\\application/1584334707406"
# webtalk_add_data -client sdk -key apptemplate -value "hello_world" -context "sdk\\\\application/1584334707406"
# webtalk_add_data -client sdk -key RecordType -value "APPCreation" -context "sdk\\\\application/1584334707406"
# webtalk_add_data -client sdk -key LangUsed -value "C" -context "sdk\\\\application/1584334707406"
# webtalk_add_data -client sdk -key Procused -value "ps7_cortexa9" -context "sdk\\\\application/1584334707406"
# webtalk_add_data -client sdk -key projSize -value "172.55078125" -context "sdk\\\\application/1584334707406"
# webtalk_add_data -client sdk -key uid -value "NA" -context "sdk\\\\bsp/1584505779754"
# webtalk_add_data -client sdk -key RecordType -value "ToolUsage" -context "sdk\\\\bsp/1584505779754"
# webtalk_add_data -client sdk -key BootgenCount -value "0" -context "sdk\\\\bsp/1584505779754"
# webtalk_add_data -client sdk -key DebugCount -value "0" -context "sdk\\\\bsp/1584505779754"
# webtalk_add_data -client sdk -key PerfCount -value "0" -context "sdk\\\\bsp/1584505779754"
# webtalk_add_data -client sdk -key FlashCount -value "0" -context "sdk\\\\bsp/1584505779754"
# webtalk_add_data -client sdk -key CrossTriggCount -value "0" -context "sdk\\\\bsp/1584505779754"
# webtalk_add_data -client sdk -key QemuDebugCount -value "0" -context "sdk\\\\bsp/1584505779754"
# webtalk_transmit -clientid 2632797091 -regid "" -xml A:\\PYNQ_Projects\\start_proj\\start_proj.sdk\\webtalk\\usage_statistics_ext_sdk.xml -html A:\\PYNQ_Projects\\start_proj\\start_proj.sdk\\webtalk\\usage_statistics_ext_sdk.html -wdm A:\\PYNQ_Projects\\start_proj\\start_proj.sdk\\webtalk\\sdk_webtalk.wdm -intro "<H3>SDK Usage Report</H3><BR>"
# webtalk_terminate
INFO: [Common 17-206] Exiting Webtalk at Wed Mar 18 12:29:50 2020...
