15:02:56 INFO  : Registering command handlers for SDK TCF services
15:02:58 INFO  : Launching XSCT server: xsct.bat -interactive A:\COMP_ARCH\PYNQ_Projects\Vivado_prj\prefetch_log\prefetch_log.sdk\temp_xsdb_launch_script.tcl
15:03:02 INFO  : XSCT server has started successfully.
15:03:02 INFO  : Successfully done setting XSCT server connection channel  
15:03:06 INFO  : Processing command line option -hwspec A:/COMP_ARCH/PYNQ_Projects/Vivado_prj/prefetch_log/prefetch_log.sdk/design_1_wrapper.hdf.
15:03:06 INFO  : Successfully done setting SDK workspace  
15:34:24 INFO  : Inferring section assignments and sizes from elf file: A:\COMP_ARCH\PYNQ_Projects\Vivado_prj\prefetch_log\prefetch_log.sdk\log_after_read\Debug\log_after_read.elf
15:39:28 INFO  : Connected to target on host '127.0.0.1' and port '3121'.
15:39:29 INFO  : 'targets -set -filter {jtag_cable_name =~ "Xilinx PYNQ-Z1 003017A6E019A" && level==0} -index 1' command is executed.
15:39:32 INFO  : FPGA configured successfully with bitstream "A:/COMP_ARCH/PYNQ_Projects/Vivado_prj/prefetch_log/prefetch_log.sdk/design_1_wrapper_hw_platform_0/design_1_wrapper.bit"
15:40:23 INFO  : ps7_init is completed.
15:40:23 INFO  : ps7_post_config is completed.
15:40:23 INFO  : Processor reset is completed for ps7_cortexa9_0
15:41:57 INFO  : Processor reset is completed for ps7_cortexa9_0
15:48:34 INFO  : Processor reset is completed for ps7_cortexa9_0
15:49:12 INFO  : Processor reset is completed for ps7_cortexa9_0
15:50:05 INFO  : Processor reset is completed for ps7_cortexa9_0
15:53:42 INFO  : Inferring section assignments and sizes from elf file: A:\COMP_ARCH\PYNQ_Projects\Vivado_prj\prefetch_log\prefetch_log.sdk\log_after_read\Debug\log_after_read.elf
15:54:54 INFO  : Successfully generated A:\COMP_ARCH\PYNQ_Projects\Vivado_prj\prefetch_log\prefetch_log.sdk\log_after_read\src\lscript.ld.
15:54:54 INFO  : Applying linker script to all configurations of project log_after_read.
15:54:54 INFO  : Setting rebuild state to true for all configurations of project log_after_read.
15:55:02 INFO  : Processor reset is completed for ps7_cortexa9_0
15:58:15 INFO  : Processor reset is completed for ps7_cortexa9_0
16:41:58 INFO  : Processor reset is completed for ps7_cortexa9_0
16:46:14 INFO  : Processor reset is completed for ps7_cortexa9_0
16:50:12 INFO  : Processor reset is completed for ps7_cortexa9_0
16:50:21 INFO  : Processor reset is completed for ps7_cortexa9_0
16:50:31 INFO  : Processor reset is completed for ps7_cortexa9_0
16:51:57 INFO  : Processor reset is completed for ps7_cortexa9_0
16:52:27 INFO  : Processor reset is completed for ps7_cortexa9_0
16:54:03 INFO  : Processor reset is completed for ps7_cortexa9_0
16:54:21 INFO  : Processor reset is completed for ps7_cortexa9_0
16:54:27 INFO  : Processor reset is completed for ps7_cortexa9_0
16:54:33 INFO  : Processor reset is completed for ps7_cortexa9_0
17:01:32 INFO  : Processor reset is completed for ps7_cortexa9_0
17:02:06 INFO  : Processor reset is completed for ps7_cortexa9_0
17:02:11 INFO  : Processor reset is completed for ps7_cortexa9_0
17:02:15 INFO  : Processor reset is completed for ps7_cortexa9_0
17:02:19 INFO  : Processor reset is completed for ps7_cortexa9_0
17:07:36 INFO  : Processor reset is completed for ps7_cortexa9_0
17:09:58 INFO  : Processor reset is completed for ps7_cortexa9_0
17:10:09 INFO  : Processor reset is completed for ps7_cortexa9_0
17:10:14 INFO  : Processor reset is completed for ps7_cortexa9_0
17:10:18 INFO  : Processor reset is completed for ps7_cortexa9_0
17:10:23 INFO  : Processor reset is completed for ps7_cortexa9_0
17:10:27 INFO  : Processor reset is completed for ps7_cortexa9_0
17:10:31 INFO  : Processor reset is completed for ps7_cortexa9_0
17:16:00 INFO  : Processor reset is completed for ps7_cortexa9_0
17:16:07 INFO  : Processor reset is completed for ps7_cortexa9_0
17:16:12 INFO  : Processor reset is completed for ps7_cortexa9_0
17:32:28 INFO  : Processor reset is completed for ps7_cortexa9_0
17:38:24 INFO  : Processor reset is completed for ps7_cortexa9_0
17:41:39 INFO  : Processor reset is completed for ps7_cortexa9_0
18:03:33 INFO  : Processor reset is completed for ps7_cortexa9_0
18:04:22 INFO  : Processor reset is completed for ps7_cortexa9_0
18:04:40 INFO  : Processor reset is completed for ps7_cortexa9_0
18:04:45 INFO  : Processor reset is completed for ps7_cortexa9_0
18:07:04 INFO  : Processor reset is completed for ps7_cortexa9_0
23:58:19 ERROR : Unexpected error while parsing XMD response ?: com.google.gson.JsonSyntaxException: com.google.gson.stream.MalformedJsonException: invalid number or unquoted string near 
