13:51:26 INFO  : Registering command handlers for SDK TCF services
13:51:27 INFO  : Launching XSCT server: xsct.bat -interactive A:\COMP_ARCH\PYNQ_Projects\Vivado_prj\skipList_prefetch_N_elem\skipList_prefetch_N_elem.sdk\temp_xsdb_launch_script.tcl
13:51:30 INFO  : XSCT server has started successfully.
13:51:31 INFO  : Processing command line option -hwspec A:/COMP_ARCH/PYNQ_Projects/Vivado_prj/skipList_prefetch_N_elem/skipList_prefetch_N_elem.sdk/design_1_wrapper.hdf.
13:51:31 INFO  : Successfully done setting XSCT server connection channel  
13:51:31 INFO  : Successfully done setting SDK workspace  
15:17:36 INFO  : Connected to target on host '127.0.0.1' and port '3121'.
15:17:38 INFO  : 'targets -set -filter {jtag_cable_name =~ "Xilinx PYNQ-Z1 003017A6E019A" && level==0} -index 1' command is executed.
15:17:40 INFO  : FPGA configured successfully with bitstream "A:/COMP_ARCH/PYNQ_Projects/Vivado_prj/skipList_prefetch_N_elem/skipList_prefetch_N_elem.sdk/design_1_wrapper_hw_platform_0/design_1_wrapper.bit"
15:18:08 INFO  : Inferring section assignments and sizes from elf file: A:\COMP_ARCH\PYNQ_Projects\Vivado_prj\skipList_prefetch_N_elem\skipList_prefetch_N_elem.sdk\skiplist_prefetch\Debug\skiplist_prefetch.elf
15:18:21 INFO  : Successfully generated A:\COMP_ARCH\PYNQ_Projects\Vivado_prj\skipList_prefetch_N_elem\skipList_prefetch_N_elem.sdk\skiplist_prefetch\src\lscript.ld.
15:18:21 INFO  : Applying linker script to all configurations of project skiplist_prefetch.
15:18:21 INFO  : Setting rebuild state to true for all configurations of project skiplist_prefetch.
15:18:55 INFO  : ps7_init is completed.
15:18:55 INFO  : ps7_post_config is completed.
15:18:55 INFO  : Processor reset is completed for ps7_cortexa9_0
15:20:14 INFO  : Processor reset is completed for ps7_cortexa9_0
15:20:21 INFO  : Processor reset is completed for ps7_cortexa9_0
15:20:36 INFO  : Processor reset is completed for ps7_cortexa9_0
15:20:43 INFO  : Processor reset is completed for ps7_cortexa9_0
15:20:47 INFO  : Processor reset is completed for ps7_cortexa9_0
15:20:55 INFO  : Processor reset is completed for ps7_cortexa9_0
15:20:58 INFO  : Processor reset is completed for ps7_cortexa9_0
15:21:03 INFO  : Processor reset is completed for ps7_cortexa9_0
15:21:08 INFO  : Processor reset is completed for ps7_cortexa9_0
15:21:45 INFO  : Processor reset is completed for ps7_cortexa9_0
15:23:21 INFO  : Processor reset is completed for ps7_cortexa9_0
15:23:26 INFO  : Processor reset is completed for ps7_cortexa9_0
15:23:56 INFO  : Processor reset is completed for ps7_cortexa9_0
15:24:01 INFO  : Processor reset is completed for ps7_cortexa9_0
15:24:33 INFO  : Processor reset is completed for ps7_cortexa9_0
15:25:21 INFO  : Processor reset is completed for ps7_cortexa9_0
15:25:43 INFO  : Processor reset is completed for ps7_cortexa9_0
15:26:04 INFO  : Processor reset is completed for ps7_cortexa9_0
15:26:14 INFO  : Processor reset is completed for ps7_cortexa9_0
15:26:24 INFO  : Processor reset is completed for ps7_cortexa9_0
15:26:37 INFO  : Processor reset is completed for ps7_cortexa9_0
15:28:26 ERROR : Unexpected error while parsing XMD response ?: com.google.gson.JsonSyntaxException: com.google.gson.stream.MalformedJsonException: invalid number or unquoted string near 
17:47:36 INFO  : Registering command handlers for SDK TCF services
17:47:37 INFO  : Launching XSCT server: xsct.bat -interactive A:\COMP_ARCH\PYNQ_Projects\Vivado_prj\skipList_prefetch_N_elem\25_1k_skipList_prefetch_N_elem.sdk\temp_xsdb_launch_script.tcl
17:47:41 INFO  : XSCT server has started successfully.
17:47:41 INFO  : Successfully done setting XSCT server connection channel  
17:47:42 INFO  : Successfully done setting SDK workspace  
17:48:14 INFO  : Connected to target on host '127.0.0.1' and port '3121'.
17:48:15 INFO  : 'targets -set -filter {jtag_cable_name =~ "Xilinx PYNQ-Z1 003017A6E019A" && level==0} -index 1' command is executed.
17:48:18 INFO  : FPGA configured successfully with bitstream "A:/COMP_ARCH/PYNQ_Projects/Vivado_prj/skipList_prefetch_N_elem/25_1k_skipList_prefetch_N_elem.sdk/design_1_wrapper_hw_platform_0/design_1_wrapper.bit"
17:51:15 INFO  : ps7_init is completed.
17:51:15 INFO  : ps7_post_config is completed.
17:51:15 INFO  : Processor reset is completed for ps7_cortexa9_0
17:51:35 INFO  : Processor reset is completed for ps7_cortexa9_0
17:51:48 INFO  : Processor reset is completed for ps7_cortexa9_0
17:52:54 INFO  : Processor reset is completed for ps7_cortexa9_0
17:52:59 INFO  : Processor reset is completed for ps7_cortexa9_0
17:53:03 INFO  : Processor reset is completed for ps7_cortexa9_0
17:53:07 INFO  : Processor reset is completed for ps7_cortexa9_0
17:53:24 ERROR : Unexpected error while parsing XMD response ?: com.google.gson.JsonSyntaxException: com.google.gson.stream.MalformedJsonException: invalid number or unquoted string near 
