16:29:08 INFO  : Registering command handlers for SDK TCF services
16:29:09 INFO  : Launching XSCT server: xsct.bat -interactive A:\COMP_ARCH\PYNQ_Projects\Vivado_prj\prefetcher_ACP\prefetcher_ACP.sdk\temp_xsdb_launch_script.tcl
16:29:12 INFO  : XSCT server has started successfully.
16:29:13 INFO  : Processing command line option -hwspec A:/COMP_ARCH/PYNQ_Projects/Vivado_prj/prefetcher_ACP/prefetcher_ACP.sdk/design_1_wrapper.hdf.
16:29:13 INFO  : Successfully done setting XSCT server connection channel  
16:29:13 INFO  : Successfully done setting SDK workspace  
16:42:02 INFO  : Connected to target on host '127.0.0.1' and port '3121'.
16:42:13 INFO  : Connected to target on host '127.0.0.1' and port '3121'.
16:42:16 INFO  : 'targets -set -filter {jtag_cable_name =~ "Xilinx PYNQ-Z1 003017A6E014A" && level==0} -index 1' command is executed.
16:42:19 INFO  : FPGA configured successfully with bitstream "A:/COMP_ARCH/PYNQ_Projects/Vivado_prj/prefetcher_ACP/prefetcher_ACP.sdk/design_1_wrapper_hw_platform_0/design_1_wrapper.bit"
16:43:25 INFO  : ps7_init is completed.
16:43:25 INFO  : ps7_post_config is completed.
16:43:25 INFO  : Processor reset is completed for ps7_cortexa9_0
16:45:26 INFO  : Connected to target on host '127.0.0.1' and port '3121'.
16:45:41 INFO  : Connected to target on host '127.0.0.1' and port '3121'.
16:46:07 INFO  : Connected to target on host '127.0.0.1' and port '3121'.
16:46:21 INFO  : Connected to target on host '127.0.0.1' and port '3121'.
16:47:01 INFO  : Connected to target on host '127.0.0.1' and port '3121'.
16:47:26 INFO  : Connected to target on host '127.0.0.1' and port '3121'.
16:47:41 INFO  : Connected to target on host '127.0.0.1' and port '3121'.
16:48:46 INFO  : Connected to target on host '127.0.0.1' and port '3121'.
16:49:06 INFO  : Connected to target on host '127.0.0.1' and port '3121'.
16:49:06 INFO  : 'targets -set -filter {jtag_cable_name =~ "Xilinx PYNQ-Z1 003017A6E014A" && level==0} -index 1' command is executed.
16:49:09 INFO  : FPGA configured successfully with bitstream "A:/COMP_ARCH/PYNQ_Projects/Vivado_prj/prefetcher_ACP/prefetcher_ACP.sdk/design_1_wrapper_hw_platform_0/design_1_wrapper.bit"
16:49:39 INFO  : ps7_init is completed.
16:49:39 INFO  : ps7_post_config is completed.
16:49:39 INFO  : Processor reset is completed for ps7_cortexa9_0
16:50:30 INFO  : Processor reset is completed for ps7_cortexa9_0
16:50:53 INFO  : Processor reset is completed for ps7_cortexa9_0
16:50:58 INFO  : Processor reset is completed for ps7_cortexa9_0
16:51:02 INFO  : Processor reset is completed for ps7_cortexa9_0
16:51:07 INFO  : Processor reset is completed for ps7_cortexa9_0
16:59:08 INFO  : Processor reset is completed for ps7_cortexa9_0
17:04:08 INFO  : Processor reset is completed for ps7_cortexa9_0
17:19:06 INFO  : Processor reset is completed for ps7_cortexa9_0
17:20:42 INFO  : Processor reset is completed for ps7_cortexa9_0
17:24:34 INFO  : Processor reset is completed for ps7_cortexa9_0
17:24:47 INFO  : Processor reset is completed for ps7_cortexa9_0
17:39:41 INFO  : Processor reset is completed for ps7_cortexa9_0
17:40:46 INFO  : Processor reset is completed for ps7_cortexa9_0
17:41:12 INFO  : Processor reset is completed for ps7_cortexa9_0
17:41:37 INFO  : Processor reset is completed for ps7_cortexa9_0
17:42:24 INFO  : Processor reset is completed for ps7_cortexa9_0
17:43:50 INFO  : Processor reset is completed for ps7_cortexa9_0
17:46:09 INFO  : Processor reset is completed for ps7_cortexa9_0
17:48:19 INFO  : Processor reset is completed for ps7_cortexa9_0
17:48:38 INFO  : Processor reset is completed for ps7_cortexa9_0
17:49:21 INFO  : Processor reset is completed for ps7_cortexa9_0
17:53:05 INFO  : Processor reset is completed for ps7_cortexa9_0
17:53:50 INFO  : Processor reset is completed for ps7_cortexa9_0
17:54:10 INFO  : Processor reset is completed for ps7_cortexa9_0
17:54:23 INFO  : Processor reset is completed for ps7_cortexa9_0
17:54:31 INFO  : Processor reset is completed for ps7_cortexa9_0
17:56:57 INFO  : Processor reset is completed for ps7_cortexa9_0
17:58:29 INFO  : Processor reset is completed for ps7_cortexa9_0
17:59:09 INFO  : Processor reset is completed for ps7_cortexa9_0
17:59:23 INFO  : Processor reset is completed for ps7_cortexa9_0
17:59:29 INFO  : Processor reset is completed for ps7_cortexa9_0
17:59:46 INFO  : Processor reset is completed for ps7_cortexa9_0
18:02:24 INFO  : Processor reset is completed for ps7_cortexa9_0
18:03:23 INFO  : Processor reset is completed for ps7_cortexa9_0
18:18:25 INFO  : Processor reset is completed for ps7_cortexa9_0
18:19:10 INFO  : Processor reset is completed for ps7_cortexa9_0
18:21:23 INFO  : Processor reset is completed for ps7_cortexa9_0
18:21:33 INFO  : Processor reset is completed for ps7_cortexa9_0
18:21:37 INFO  : Processor reset is completed for ps7_cortexa9_0
18:21:55 INFO  : Processor reset is completed for ps7_cortexa9_0
18:22:32 INFO  : Processor reset is completed for ps7_cortexa9_0
15:24:15 ERROR : Unexpected error while parsing XMD response ?: com.google.gson.JsonSyntaxException: com.google.gson.stream.MalformedJsonException: invalid number or unquoted string near 
10:56:14 INFO  : Registering command handlers for SDK TCF services
10:56:14 INFO  : Launching XSCT server: xsct.bat -interactive A:\COMP_ARCH\PYNQ_Projects\Vivado_prj\prefetcher_ACP\prefetcher_ACP.sdk\temp_xsdb_launch_script.tcl
10:56:18 INFO  : XSCT server has started successfully.
10:56:18 INFO  : Successfully done setting XSCT server connection channel  
10:56:19 INFO  : Successfully done setting SDK workspace  
10:56:19 INFO  : Processing command line option -hwspec A:/COMP_ARCH/PYNQ_Projects/Vivado_prj/prefetcher_ACP/prefetcher_ACP.sdk/design_1_wrapper.hdf.
10:56:19 INFO  : Checking for hwspec changes in the project design_1_wrapper_hw_platform_0.
15:20:03 INFO  : Registering command handlers for SDK TCF services
15:20:04 INFO  : Launching XSCT server: xsct.bat -interactive A:\COMP_ARCH\PYNQ_Projects\Vivado_prj\prefetcher_ACP\prefetcher_ACP.sdk\temp_xsdb_launch_script.tcl
15:20:07 INFO  : XSCT server has started successfully.
15:20:08 INFO  : Successfully done setting XSCT server connection channel  
15:20:08 INFO  : Successfully done setting SDK workspace  
