#-----------------------------------------------------------
# Webtalk v2016.3 (64-bit)
# SW Build 1682563 on Mon Oct 10 19:07:27 MDT 2016
# 
# Start of session at: Tue Jun 09 18:29:40 2020
# Process ID: 10084
# Current directory: A:/COMP_ARCH/PYNQ_Projects/Vivado_prj/skipList_prefetch_N_elem/skipList_prefetch_N_elem.sdk/webtalk
# Command line: wbtcv.exe -mode batch -source sdk_webtalk.tcl
# Log file: A:/COMP_ARCH/PYNQ_Projects/Vivado_prj/skipList_prefetch_N_elem/skipList_prefetch_N_elem.sdk/webtalk/webtalk.log
# Journal file: A:/COMP_ARCH/PYNQ_Projects/Vivado_prj/skipList_prefetch_N_elem/skipList_prefetch_N_elem.sdk/webtalk\webtalk.jou
#-----------------------------------------------------------
source sdk_webtalk.tcl
# webtalk_init -webtalk_dir A:\\COMP_ARCH\\PYNQ_Projects\\Vivado_prj\\skipList_prefetch_N_elem\\skipList_prefetch_N_elem.sdk\\webtalk
# webtalk_register_client -client project
# webtalk_add_data -client project -key date_generated -value "2020-06-09 18:29:38" -context "software_version_and_target_device"
# webtalk_add_data -client project -key product_version -value "SDK v2016.3" -context "software_version_and_target_device"
# webtalk_add_data -client project -key build_version -value "2016.3" -context "software_version_and_target_device"
# webtalk_add_data -client project -key os_platform -value "amd64" -context "software_version_and_target_device"
# webtalk_add_data -client project -key registration_id -value "" -context "software_version_and_target_device"
# webtalk_add_data -client project -key tool_flow -value "SDK" -context "software_version_and_target_device"
# webtalk_add_data -client project -key beta -value "false" -context "software_version_and_target_device"
# webtalk_add_data -client project -key route_design -value "NA" -context "software_version_and_target_device"
# webtalk_add_data -client project -key target_family -value "NA" -context "software_version_and_target_device"
# webtalk_add_data -client project -key target_device -value "NA" -context "software_version_and_target_device"
# webtalk_add_data -client project -key target_package -value "NA" -context "software_version_and_target_device"
# webtalk_add_data -client project -key target_speed -value "NA" -context "software_version_and_target_device"
# webtalk_add_data -client project -key random_id -value "l39hmk4n3n0nic6q6s7mku66hl" -context "software_version_and_target_device"
# webtalk_add_data -client project -key project_id -value "2016.3_97" -context "software_version_and_target_device"
# webtalk_add_data -client project -key project_iteration -value "97" -context "software_version_and_target_device"
# webtalk_add_data -client project -key os_name -value "Microsoft Windows 8 or later , 64-bit" -context "user_environment"
# webtalk_add_data -client project -key os_release -value "major release  (build 9200)" -context "user_environment"
# webtalk_add_data -client project -key cpu_name -value "Intel(R) Core(TM) i5-5200U CPU @ 2.20GHz" -context "user_environment"
# webtalk_add_data -client project -key cpu_speed -value "2200 MHz" -context "user_environment"
# webtalk_add_data -client project -key total_processors -value "1" -context "user_environment"
# webtalk_add_data -client project -key system_ram -value "17.000 GB" -context "user_environment"
# webtalk_register_client -client sdk
# webtalk_add_data -client sdk -key uid -value "1591697952738" -context "sdk\\\\hardware/1591697952738"
# webtalk_add_data -client sdk -key isZynq -value "true" -context "sdk\\\\hardware/1591697952738"
# webtalk_add_data -client sdk -key isZynqMP -value "false" -context "sdk\\\\hardware/1591697952738"
# webtalk_add_data -client sdk -key Processors -value "2" -context "sdk\\\\hardware/1591697952738"
# webtalk_add_data -client sdk -key VivadoVersion -value "2016.3" -context "sdk\\\\hardware/1591697952738"
# webtalk_add_data -client sdk -key Arch -value "zynq" -context "sdk\\\\hardware/1591697952738"
# webtalk_add_data -client sdk -key Device -value "7z020" -context "sdk\\\\hardware/1591697952738"
# webtalk_add_data -client sdk -key IsHandoff -value "true" -context "sdk\\\\hardware/1591697952738"
# webtalk_add_data -client sdk -key os -value "NA" -context "sdk\\\\hardware/1591697952738"
# webtalk_add_data -client sdk -key apptemplate -value "NA" -context "sdk\\\\hardware/1591697952738"
# webtalk_add_data -client sdk -key RecordType -value "HWCreation" -context "sdk\\\\hardware/1591697952738"
# webtalk_add_data -client sdk -key uid -value "1591697986436" -context "sdk\\\\bsp/1591697986436"
# webtalk_add_data -client sdk -key hwid -value "1591697952738" -context "sdk\\\\bsp/1591697986436"
# webtalk_add_data -client sdk -key os -value "standalone" -context "sdk\\\\bsp/1591697986436"
# webtalk_add_data -client sdk -key apptemplate -value "hello_world" -context "sdk\\\\bsp/1591697986436"
# webtalk_add_data -client sdk -key RecordType -value "BSPCreation" -context "sdk\\\\bsp/1591697986436"
# webtalk_add_data -client sdk -key uid -value "1591697993989" -context "sdk\\\\application/1591697993989"
# webtalk_add_data -client sdk -key hwid -value "1591697952738" -context "sdk\\\\application/1591697993989"
# webtalk_add_data -client sdk -key bspid -value "1591697986436" -context "sdk\\\\application/1591697993989"
# webtalk_add_data -client sdk -key newbsp -value "true" -context "sdk\\\\application/1591697993989"
# webtalk_add_data -client sdk -key os -value "standalone" -context "sdk\\\\application/1591697993989"
# webtalk_add_data -client sdk -key apptemplate -value "hello_world" -context "sdk\\\\application/1591697993989"
# webtalk_add_data -client sdk -key RecordType -value "APPCreation" -context "sdk\\\\application/1591697993989"
# webtalk_add_data -client sdk -key LangUsed -value "C" -context "sdk\\\\application/1591697993989"
# webtalk_add_data -client sdk -key Procused -value "ps7_cortexa9" -context "sdk\\\\application/1591697993989"
# webtalk_add_data -client sdk -key projSize -value "558.95703125" -context "sdk\\\\application/1591697993989"
# webtalk_add_data -client sdk -key uid -value "NA" -context "sdk\\\\bsp/1591698578471"
# webtalk_add_data -client sdk -key RecordType -value "ToolUsage" -context "sdk\\\\bsp/1591698578471"
# webtalk_add_data -client sdk -key BootgenCount -value "0" -context "sdk\\\\bsp/1591698578471"
# webtalk_add_data -client sdk -key DebugCount -value "0" -context "sdk\\\\bsp/1591698578471"
# webtalk_add_data -client sdk -key PerfCount -value "0" -context "sdk\\\\bsp/1591698578471"
# webtalk_add_data -client sdk -key FlashCount -value "0" -context "sdk\\\\bsp/1591698578471"
# webtalk_add_data -client sdk -key CrossTriggCount -value "0" -context "sdk\\\\bsp/1591698578471"
# webtalk_add_data -client sdk -key QemuDebugCount -value "0" -context "sdk\\\\bsp/1591698578471"
# webtalk_transmit -clientid 990945755 -regid "" -xml A:\\COMP_ARCH\\PYNQ_Projects\\Vivado_prj\\skipList_prefetch_N_elem\\skipList_prefetch_N_elem.sdk\\webtalk\\usage_statistics_ext_sdk.xml -html A:\\COMP_ARCH\\PYNQ_Projects\\Vivado_prj\\skipList_prefetch_N_elem\\skipList_prefetch_N_elem.sdk\\webtalk\\usage_statistics_ext_sdk.html -wdm A:\\COMP_ARCH\\PYNQ_Projects\\Vivado_prj\\skipList_prefetch_N_elem\\skipList_prefetch_N_elem.sdk\\webtalk\\sdk_webtalk.wdm -intro "<H3>SDK Usage Report</H3><BR>"
# webtalk_terminate
INFO: [Common 17-206] Exiting Webtalk at Tue Jun 09 18:29:48 2020...
