
*** Running vivado
    with args -log design_1_xlconstant_1_0.vds -m64 -product Vivado -mode batch -messageDb vivado.pb -notrace -source design_1_xlconstant_1_0.tcl


****** Vivado v2016.3 (64-bit)
  **** SW Build 1682563 on Mon Oct 10 19:07:27 MDT 2016
  **** IP Build 1681267 on Mon Oct 10 21:28:31 MDT 2016
    ** Copyright 1986-2016 Xilinx, Inc. All Rights Reserved.

source design_1_xlconstant_1_0.tcl -notrace
Starting RTL Elaboration : Time (s): cpu = 00:00:12 ; elapsed = 00:00:16 . Memory (MB): peak = 336.703 ; gain = 126.938
INFO: [Synth 8-638] synthesizing module 'design_1_xlconstant_1_0' [a:/COMP_ARCH/PYNQ_Projects/Vivado_prj/project_1/project_1.srcs/sources_1/bd/design_1/ip/design_1_xlconstant_1_0/sim/design_1_xlconstant_1_0.v:56]
INFO: [Synth 8-638] synthesizing module 'xlconstant' [a:/COMP_ARCH/PYNQ_Projects/Vivado_prj/project_1/project_1.srcs/sources_1/bd/design_1/ipshared/e147/xlconstant.v:23]
INFO: [Synth 8-256] done synthesizing module 'xlconstant' (1#1) [a:/COMP_ARCH/PYNQ_Projects/Vivado_prj/project_1/project_1.srcs/sources_1/bd/design_1/ipshared/e147/xlconstant.v:23]
INFO: [Synth 8-256] done synthesizing module 'design_1_xlconstant_1_0' (2#1) [a:/COMP_ARCH/PYNQ_Projects/Vivado_prj/project_1/project_1.srcs/sources_1/bd/design_1/ip/design_1_xlconstant_1_0/sim/design_1_xlconstant_1_0.v:56]
Finished RTL Elaboration : Time (s): cpu = 00:00:14 ; elapsed = 00:00:18 . Memory (MB): peak = 374.066 ; gain = 164.301
Finished RTL Optimization Phase 1 : Time (s): cpu = 00:00:14 ; elapsed = 00:00:18 . Memory (MB): peak = 374.066 ; gain = 164.301
INFO: [Device 21-403] Loading part xc7z020clg400-1
Constraint Validation Runtime : Time (s): cpu = 00:00:00 ; elapsed = 00:00:00.017 . Memory (MB): peak = 586.254 ; gain = 0.000
Finished Constraint Validation : Time (s): cpu = 00:00:28 ; elapsed = 00:00:34 . Memory (MB): peak = 586.254 ; gain = 376.488
Finished Loading Part and Timing Information : Time (s): cpu = 00:00:28 ; elapsed = 00:00:34 . Memory (MB): peak = 586.254 ; gain = 376.488
Finished applying 'set_property' XDC Constraints : Time (s): cpu = 00:00:28 ; elapsed = 00:00:34 . Memory (MB): peak = 586.254 ; gain = 376.488
Finished RTL Optimization Phase 2 : Time (s): cpu = 00:00:28 ; elapsed = 00:00:34 . Memory (MB): peak = 586.254 ; gain = 376.488
Finished Cross Boundary and Area Optimization : Time (s): cpu = 00:00:29 ; elapsed = 00:00:34 . Memory (MB): peak = 586.254 ; gain = 376.488
Finished Applying XDC Timing Constraints : Time (s): cpu = 00:00:46 ; elapsed = 00:00:51 . Memory (MB): peak = 626.020 ; gain = 416.254
Finished Timing Optimization : Time (s): cpu = 00:00:46 ; elapsed = 00:00:51 . Memory (MB): peak = 626.020 ; gain = 416.254
Finished Technology Mapping : Time (s): cpu = 00:00:46 ; elapsed = 00:00:51 . Memory (MB): peak = 635.723 ; gain = 425.957
Finished IO Insertion : Time (s): cpu = 00:00:47 ; elapsed = 00:00:52 . Memory (MB): peak = 635.723 ; gain = 425.957
Finished Renaming Generated Instances : Time (s): cpu = 00:00:47 ; elapsed = 00:00:52 . Memory (MB): peak = 635.723 ; gain = 425.957
Finished Rebuilding User Hierarchy : Time (s): cpu = 00:00:47 ; elapsed = 00:00:52 . Memory (MB): peak = 635.723 ; gain = 425.957
Finished Renaming Generated Ports : Time (s): cpu = 00:00:47 ; elapsed = 00:00:52 . Memory (MB): peak = 635.723 ; gain = 425.957
Finished Handling Custom Attributes : Time (s): cpu = 00:00:47 ; elapsed = 00:00:52 . Memory (MB): peak = 635.723 ; gain = 425.957
Finished Renaming Generated Nets : Time (s): cpu = 00:00:47 ; elapsed = 00:00:52 . Memory (MB): peak = 635.723 ; gain = 425.957

Report Cell Usage: 
+-+-----+------+
| |Cell |Count |
+-+-----+------+
+-+-----+------+
Finished Writing Synthesis Report : Time (s): cpu = 00:00:47 ; elapsed = 00:00:52 . Memory (MB): peak = 635.723 ; gain = 425.957
synth_design: Time (s): cpu = 00:00:42 ; elapsed = 00:00:44 . Memory (MB): peak = 658.941 ; gain = 398.504
