Status value:110
Done

A:\COMP_ARCH\PYNQ_Projects\HLS_proj\proj_2_ocm\ocm_try\solution1\sim\verilog>call xelab xil_defaultlib.apatb_read_ocm_top -prj read_ocm.prj --initfile "C:/Xilinx/Vivado/2016.3/bin/../data/xsim/ip/xsim_ip.ini" --lib "ieee_proposed=./ieee_proposed" -s read_ocm  
INFO: [XSIM 43-3496] Using init file passed via -initfile option "C:/Xilinx/Vivado/2016.3/bin/../data/xsim/ip/xsim_ip.ini".
Vivado Simulator 2016.3
Copyright 1986-1999, 2001-2016 Xilinx, Inc. All Rights Reserved.
Running: C:/Xilinx/Vivado/2016.3/bin/unwrapped/win64.o/xelab.exe xil_defaultlib.apatb_read_ocm_top -prj read_ocm.prj --initfile C:/Xilinx/Vivado/2016.3/bin/../data/xsim/ip/xsim_ip.ini --lib ieee_proposed=./ieee_proposed -s read_ocm 
Multi-threading is on. Using 2 slave threads.
INFO: [VRFC 10-2263] Analyzing SystemVerilog file "A:/COMP_ARCH/PYNQ_Projects/HLS_proj/proj_2_ocm/ocm_try/solution1/sim/verilog/AESL_axi_master_SOURCE_BUS.v" into library xil_defaultlib
INFO: [VRFC 10-311] analyzing module AESL_axi_master_SOURCE_BUS
INFO: [VRFC 10-2263] Analyzing SystemVerilog file "A:/COMP_ARCH/PYNQ_Projects/HLS_proj/proj_2_ocm/ocm_try/solution1/sim/verilog/AESL_axi_slave_AXILiteS.v" into library xil_defaultlib
INFO: [VRFC 10-311] analyzing module AESL_axi_slave_AXILiteS
INFO: [VRFC 10-2263] Analyzing SystemVerilog file "A:/COMP_ARCH/PYNQ_Projects/HLS_proj/proj_2_ocm/ocm_try/solution1/sim/verilog/AESL_axi_slave_CTRL_BUS.v" into library xil_defaultlib
INFO: [VRFC 10-311] analyzing module AESL_axi_slave_CTRL_BUS
INFO: [VRFC 10-2263] Analyzing SystemVerilog file "A:/COMP_ARCH/PYNQ_Projects/HLS_proj/proj_2_ocm/ocm_try/solution1/sim/verilog/read_ocm.autotb.v" into library xil_defaultlib
INFO: [VRFC 10-311] analyzing module apatb_read_ocm_top
INFO: [VRFC 10-2263] Analyzing SystemVerilog file "A:/COMP_ARCH/PYNQ_Projects/HLS_proj/proj_2_ocm/ocm_try/solution1/sim/verilog/read_ocm.v" into library xil_defaultlib
INFO: [VRFC 10-311] analyzing module read_ocm
INFO: [VRFC 10-2263] Analyzing SystemVerilog file "A:/COMP_ARCH/PYNQ_Projects/HLS_proj/proj_2_ocm/ocm_try/solution1/sim/verilog/read_ocm_AXILiteS_s_axi.v" into library xil_defaultlib
INFO: [VRFC 10-311] analyzing module read_ocm_AXILiteS_s_axi
INFO: [VRFC 10-2263] Analyzing SystemVerilog file "A:/COMP_ARCH/PYNQ_Projects/HLS_proj/proj_2_ocm/ocm_try/solution1/sim/verilog/read_ocm_CTRL_BUS_s_axi.v" into library xil_defaultlib
INFO: [VRFC 10-311] analyzing module read_ocm_CTRL_BUS_s_axi
INFO: [VRFC 10-2263] Analyzing SystemVerilog file "A:/COMP_ARCH/PYNQ_Projects/HLS_proj/proj_2_ocm/ocm_try/solution1/sim/verilog/read_ocm_SOURCE_BUS_m_axi.v" into library xil_defaultlib
INFO: [VRFC 10-311] analyzing module read_ocm_SOURCE_BUS_m_axi
INFO: [VRFC 10-311] analyzing module read_ocm_SOURCE_BUS_m_axi_reg_slice
INFO: [VRFC 10-311] analyzing module read_ocm_SOURCE_BUS_m_axi_fifo
INFO: [VRFC 10-311] analyzing module read_ocm_SOURCE_BUS_m_axi_buffer
INFO: [VRFC 10-311] analyzing module read_ocm_SOURCE_BUS_m_axi_decoder
INFO: [VRFC 10-311] analyzing module read_ocm_SOURCE_BUS_m_axi_throttl
INFO: [VRFC 10-311] analyzing module read_ocm_SOURCE_BUS_m_axi_read
INFO: [VRFC 10-311] analyzing module read_ocm_SOURCE_BUS_m_axi_write
INFO: [VRFC 10-2458] undeclared symbol data_valid, assumed default net type wire [A:/COMP_ARCH/PYNQ_Projects/HLS_proj/proj_2_ocm/ocm_try/solution1/sim/verilog/read_ocm_SOURCE_BUS_m_axi.v:2009]
Starting static elaboration
Completed static elaboration
Starting simulation data flow analysis
Completed simulation data flow analysis
Time Resolution for simulation is 1ps
Compiling module xil_defaultlib.read_ocm_AXILiteS_s_axi(C_S_AXI_...
Compiling module xil_defaultlib.read_ocm_CTRL_BUS_s_axi(C_S_AXI_...
Compiling module xil_defaultlib.read_ocm_SOURCE_BUS_m_axi_thrott...
Compiling module xil_defaultlib.read_ocm_SOURCE_BUS_m_axi_fifo(D...
Compiling module xil_defaultlib.read_ocm_SOURCE_BUS_m_axi_buffer...
Compiling module xil_defaultlib.read_ocm_SOURCE_BUS_m_axi_fifo(D...
Compiling module xil_defaultlib.read_ocm_SOURCE_BUS_m_axi_fifo(D...
Compiling module xil_defaultlib.read_ocm_SOURCE_BUS_m_axi_fifo(D...
Compiling module xil_defaultlib.read_ocm_SOURCE_BUS_m_axi_write(...
Compiling module xil_defaultlib.read_ocm_SOURCE_BUS_m_axi_buffer...
Compiling module xil_defaultlib.read_ocm_SOURCE_BUS_m_axi_reg_sl...
Compiling module xil_defaultlib.read_ocm_SOURCE_BUS_m_axi_read(N...
Compiling module xil_defaultlib.read_ocm_SOURCE_BUS_m_axi(NUM_RE...
Compiling module xil_defaultlib.read_ocm_default
Compiling module xil_defaultlib.AESL_axi_master_SOURCE_BUS
Compiling module xil_defaultlib.AESL_axi_slave_AXILiteS
Compiling module xil_defaultlib.AESL_axi_slave_CTRL_BUS
Compiling module xil_defaultlib.apatb_read_ocm_top
Built simulation snapshot read_ocm

****** Webtalk v2016.3 (64-bit)
  **** SW Build 1682563 on Mon Oct 10 19:07:27 MDT 2016
  **** IP Build 1681267 on Mon Oct 10 21:28:31 MDT 2016
    ** Copyright 1986-2016 Xilinx, Inc. All Rights Reserved.

source A:/COMP_ARCH/PYNQ_Projects/HLS_proj/proj_2_ocm/ocm_try/solution1/sim/verilog/xsim.dir/read_ocm/webtalk/xsim_webtalk.tcl -notrace
webtalk_transmit: Time (s): cpu = 00:00:00 ; elapsed = 00:00:07 . Memory (MB): peak = 49.418 ; gain = 0.055
INFO: [Common 17-206] Exiting Webtalk at Thu Mar 26 12:08:47 2020...

****** xsim v2016.3 (64-bit)
  **** SW Build 1682563 on Mon Oct 10 19:07:27 MDT 2016
  **** IP Build 1681267 on Mon Oct 10 21:28:31 MDT 2016
    ** Copyright 1986-2016 Xilinx, Inc. All Rights Reserved.

source xsim.dir/read_ocm/xsim_script.tcl
# xsim {read_ocm} -autoloadwcfg -tclbatch {read_ocm.tcl}
Vivado Simulator 2016.3
Time resolution is 1 ps
source read_ocm.tcl
## run all
////////////////////////////////////////////////////////////////////////////////////
// Inter-Transaction Progress: Completed Transaction / Total Transaction
// Intra-Transaction Progress: Measured Latency / Latency Estimation * 100%
//
// RTL Simulation : "Inter-Transaction Progress" ["Intra-Transaction Progress"] @ "Simulation Time"
////////////////////////////////////////////////////////////////////////////////////
// RTL Simulation : 0 / 1 [0.00%] @ "125000"
// RTL Simulation : 1 / 1 [0.00%] @ "765000"
////////////////////////////////////////////////////////////////////////////////////
$finish called at time : 805 ns : File "A:/COMP_ARCH/PYNQ_Projects/HLS_proj/proj_2_ocm/ocm_try/solution1/sim/verilog/read_ocm.autotb.v" Line 528
## quit
INFO: [Common 17-206] Exiting xsim at Thu Mar 26 12:09:03 2020...
Status value:110
Done
