Unable to capture context for thread 12876 in process 17340, can not generate back trace
Unable to capture context for thread 11032 in process 17340, can not generate back trace
Unable to capture context for thread 16792 in process 17340, can not generate back trace
Exception at PC 0x00007FF87C31A859
Unable to capture context for thread 12876 in process 17340, can not generate back trace
Unable to capture context for thread 16792 in process 17340, can not generate back trace
Exception at PC 0x00007FFFFB56BB93
Printing stacktrace...

Exception at PC 0x00007FF87C31A859
Exception at PC 0x00007FF87C31A859
Exception at PC 0x00007FF87C31A859
Exception at PC 0x00007FF87C31A859
Exception at PC 0x00007FF87C31A859
Exception at PC 0x00007FF87C31A859
Exception at PC 0x00007FF87C31A859
Exception at PC 0x00007FF87C31A859
Exception at PC 0x00007FF87C31A859
Exception at PC 0x00007FF87C31A859
Exception at PC 0x00007FF87C31A859
Exception at PC 0x00007FF87C31A859
[0]  [0x00007FFFFB56BB93]
[1]  [0x00007FFFFB56BB93]
[2]  [0x00007FFFFB56B4A1]
[3]  [0x00007FFFFB56B3EF]
[4]  [0x00007FFFFB5519FE]
[5]  [0x00007FFFFB550ED1]
[6]  [0x00007FFFFB550D76]
[7]  [0x00007FFFFB4F79F6]
[8]  [0x00007FFFFB4E7AFB]
[9]  [0x00007FFFFB60E90A]
[10]  [0x00007FFFFB629F87]
[11]  [0x00007FFFFB62A05F]
[12] (BaseThreadInitThunk+0x14) [0x00007FF87F177BD4]
[13] (RtlUserThreadStart+0x21) [0x00007FF87F2CCED1]
Done
Exception at PC 0x00007FF87C31A859
Exception at PC 0x00007FF87C31A859
Exception at PC 0x00007FF87C31A859
Exception at PC 0x00007FF87C31A859
Exception at PC 0x00007FF87C31A859
