19:06:07 INFO  : Registering command handlers for SDK TCF services
19:06:08 INFO  : Launching XSCT server: xsct.bat -interactive A:\COMP_ARCH\PYNQ_Projects\Vivado_prj\skipList_prefetch_N_elem\skipList_prefetch_N_elem.sdk\temp_xsdb_launch_script.tcl
19:06:11 INFO  : XSCT server has started successfully.
19:06:12 INFO  : Processing command line option -hwspec A:/COMP_ARCH/PYNQ_Projects/Vivado_prj/skipList_prefetch_N_elem/skipList_prefetch_N_elem.sdk/design_1_wrapper.hdf.
19:06:12 INFO  : Successfully done setting XSCT server connection channel  
19:06:12 INFO  : Successfully done setting SDK workspace  
19:08:01 INFO  : Inferring section assignments and sizes from elf file: A:\COMP_ARCH\PYNQ_Projects\Vivado_prj\skipList_prefetch_N_elem\skipList_prefetch_N_elem.sdk\skiplist_prefetch\Debug\skiplist_prefetch.elf
19:08:12 INFO  : Successfully generated A:\COMP_ARCH\PYNQ_Projects\Vivado_prj\skipList_prefetch_N_elem\skipList_prefetch_N_elem.sdk\skiplist_prefetch\src\lscript.ld.
19:08:12 INFO  : Applying linker script to all configurations of project skiplist_prefetch.
19:08:12 INFO  : Setting rebuild state to true for all configurations of project skiplist_prefetch.
19:08:27 INFO  : Connected to target on host '127.0.0.1' and port '3121'.
19:08:28 INFO  : 'targets -set -filter {jtag_cable_name =~ "Xilinx PYNQ-Z1 003017A6E019A" && level==0} -index 1' command is executed.
19:08:31 INFO  : FPGA configured successfully with bitstream "A:/COMP_ARCH/PYNQ_Projects/Vivado_prj/skipList_prefetch_N_elem/skipList_prefetch_N_elem.sdk/design_1_wrapper_hw_platform_0/design_1_wrapper.bit"
19:09:32 INFO  : ps7_init is completed.
19:09:32 INFO  : ps7_post_config is completed.
19:09:32 INFO  : Processor reset is completed for ps7_cortexa9_0
19:09:44 INFO  : Processor reset is completed for ps7_cortexa9_0
19:09:58 INFO  : Processor reset is completed for ps7_cortexa9_0
19:10:25 INFO  : Processor reset is completed for ps7_cortexa9_0
19:10:57 INFO  : Processor reset is completed for ps7_cortexa9_0
19:11:34 INFO  : Processor reset is completed for ps7_cortexa9_0
19:11:48 INFO  : Processor reset is completed for ps7_cortexa9_0
19:11:59 INFO  : Processor reset is completed for ps7_cortexa9_0
19:12:09 INFO  : Processor reset is completed for ps7_cortexa9_0
19:12:19 INFO  : Processor reset is completed for ps7_cortexa9_0
19:12:28 INFO  : Processor reset is completed for ps7_cortexa9_0
19:14:28 ERROR : Unexpected error while parsing XMD response ?: com.google.gson.JsonSyntaxException: com.google.gson.stream.MalformedJsonException: invalid number or unquoted string near 
12:42:37 INFO  : Registering command handlers for SDK TCF services
12:42:37 INFO  : Launching XSCT server: xsct.bat -interactive A:\COMP_ARCH\PYNQ_Projects\Vivado_prj\skipList_prefetch_N_elem\prefetch_window_500\25_skipList_prefetch_N_elem.sdk\temp_xsdb_launch_script.tcl
12:42:42 INFO  : XSCT server has started successfully.
12:42:43 INFO  : Successfully done setting XSCT server connection channel  
12:42:43 INFO  : Successfully done setting SDK workspace  
12:42:52 INFO  : SDK has detected change in the last modified timestamps for source hardware specification file Source:1591956719501,  Project:1591700712180
12:42:52 INFO  : Project design_1_wrapper_hw_platform_0's source hardware specification located at A:/COMP_ARCH/PYNQ_Projects/Vivado_prj/skipList_prefetch_N_elem/skipList_prefetch_N_elem.sdk/design_1_wrapper.hdf is now different from the local copy.
		 The local copy will be replaced with the source specification and your workspace will be updated.
12:42:53 INFO  : Project design_1_wrapper_hw_platform_0's source hardware specification location will not be monitored anymore.
12:42:58 INFO  : Inferring section assignments and sizes from elf file: A:\COMP_ARCH\PYNQ_Projects\Vivado_prj\skipList_prefetch_N_elem\prefetch_window_500\25_skipList_prefetch_N_elem.sdk\skiplist_prefetch\Debug\skiplist_prefetch.elf
12:43:06 INFO  : Successfully generated A:\COMP_ARCH\PYNQ_Projects\Vivado_prj\skipList_prefetch_N_elem\prefetch_window_500\25_skipList_prefetch_N_elem.sdk\skiplist_prefetch\src\lscript.ld.
12:43:06 INFO  : Applying linker script to all configurations of project skiplist_prefetch.
12:43:06 INFO  : Setting rebuild state to true for all configurations of project skiplist_prefetch.
