17:19:29 INFO  : Registering command handlers for SDK TCF services
17:19:30 INFO  : Launching XSCT server: xsct.bat -interactive A:\COMP_ARCH\PYNQ_Projects\Vivado_prj\skipList_prefetch_N_elem\skipList_prefetch_N_elem.sdk\temp_xsdb_launch_script.tcl
17:19:33 INFO  : XSCT server has started successfully.
17:19:33 INFO  : Successfully done setting XSCT server connection channel  
17:19:34 INFO  : Processing command line option -hwspec A:/COMP_ARCH/PYNQ_Projects/Vivado_prj/skipList_prefetch_N_elem/skipList_prefetch_N_elem.sdk/design_1_wrapper.hdf.
17:19:34 INFO  : Successfully done setting SDK workspace  
17:21:21 INFO  : Inferring section assignments and sizes from elf file: A:\COMP_ARCH\PYNQ_Projects\Vivado_prj\skipList_prefetch_N_elem\skipList_prefetch_N_elem.sdk\skiplist_prefetch\Debug\skiplist_prefetch.elf
17:21:32 INFO  : Successfully generated A:\COMP_ARCH\PYNQ_Projects\Vivado_prj\skipList_prefetch_N_elem\skipList_prefetch_N_elem.sdk\skiplist_prefetch\src\lscript.ld.
17:21:32 INFO  : Applying linker script to all configurations of project skiplist_prefetch.
17:21:32 INFO  : Setting rebuild state to true for all configurations of project skiplist_prefetch.
17:22:23 INFO  : Connected to target on host '127.0.0.1' and port '3121'.
17:22:25 INFO  : 'targets -set -filter {jtag_cable_name =~ "Xilinx PYNQ-Z1 003017A6E019A" && level==0} -index 1' command is executed.
17:22:27 INFO  : FPGA configured successfully with bitstream "A:/COMP_ARCH/PYNQ_Projects/Vivado_prj/skipList_prefetch_N_elem/skipList_prefetch_N_elem.sdk/design_1_wrapper_hw_platform_0/design_1_wrapper.bit"
17:22:55 INFO  : ps7_init is completed.
17:22:55 INFO  : ps7_post_config is completed.
17:22:55 INFO  : Processor reset is completed for ps7_cortexa9_0
17:23:02 INFO  : Processor reset is completed for ps7_cortexa9_0
17:23:09 INFO  : Processor reset is completed for ps7_cortexa9_0
17:23:16 INFO  : Processor reset is completed for ps7_cortexa9_0
17:23:29 INFO  : Processor reset is completed for ps7_cortexa9_0
17:23:35 INFO  : Processor reset is completed for ps7_cortexa9_0
17:25:01 INFO  : Processor reset is completed for ps7_cortexa9_0
17:26:20 INFO  : Processor reset is completed for ps7_cortexa9_0
17:26:58 INFO  : Processor reset is completed for ps7_cortexa9_0
17:27:11 INFO  : Processor reset is completed for ps7_cortexa9_0
17:34:32 INFO  : Processor reset is completed for ps7_cortexa9_0
17:34:38 INFO  : Processor reset is completed for ps7_cortexa9_0
17:34:50 INFO  : Connected to target on host '127.0.0.1' and port '3121'.
17:34:56 INFO  : Connected to target on host '127.0.0.1' and port '3121'.
17:34:56 INFO  : 'targets -set -filter {jtag_cable_name =~ "Xilinx PYNQ-Z1 003017A6E019A" && level==0} -index 1' command is executed.
17:34:59 INFO  : FPGA configured successfully with bitstream "A:/COMP_ARCH/PYNQ_Projects/Vivado_prj/skipList_prefetch_N_elem/skipList_prefetch_N_elem.sdk/design_1_wrapper_hw_platform_0/design_1_wrapper.bit"
17:35:04 INFO  : ps7_init is completed.
17:35:04 INFO  : ps7_post_config is completed.
17:35:04 INFO  : Processor reset is completed for ps7_cortexa9_0
17:35:15 INFO  : Processor reset is completed for ps7_cortexa9_0
17:35:24 INFO  : Processor reset is completed for ps7_cortexa9_0
17:35:34 INFO  : Processor reset is completed for ps7_cortexa9_0
17:35:42 INFO  : Processor reset is completed for ps7_cortexa9_0
17:35:51 INFO  : Processor reset is completed for ps7_cortexa9_0
17:36:02 INFO  : Processor reset is completed for ps7_cortexa9_0
17:37:13 INFO  : Processor reset is completed for ps7_cortexa9_0
17:37:43 ERROR : Unexpected error while parsing XMD response ?: com.google.gson.JsonSyntaxException: com.google.gson.stream.MalformedJsonException: invalid number or unquoted string near 
