16:31:43 INFO  : Registering command handlers for SDK TCF services
16:31:44 INFO  : Launching XSCT server: xsct.bat -interactive A:\COMP_ARCH\PYNQ_Projects\Vivado_prj\Pureprefetch_log\Pureprefetch_log.sdk\temp_xsdb_launch_script.tcl
16:31:52 INFO  : XSCT server has started successfully.
16:32:02 INFO  : Successfully done setting XSCT server connection channel  
16:32:02 INFO  : Processing command line option -hwspec A:/COMP_ARCH/PYNQ_Projects/Vivado_prj/Pureprefetch_log/Pureprefetch_log.sdk/design_1_wrapper.hdf.
16:32:02 INFO  : Successfully done setting SDK workspace  
16:34:26 INFO  : Connected to target on host '127.0.0.1' and port '3121'.
16:34:28 INFO  : 'targets -set -filter {jtag_cable_name =~ "Xilinx PYNQ-Z1 003017A6E019A" && level==0} -index 1' command is executed.
16:34:30 INFO  : FPGA configured successfully with bitstream "A:/COMP_ARCH/PYNQ_Projects/Vivado_prj/Pureprefetch_log/Pureprefetch_log.sdk/design_1_wrapper_hw_platform_0/design_1_wrapper.bit"
16:34:52 INFO  : Inferring section assignments and sizes from elf file: A:\COMP_ARCH\PYNQ_Projects\Vivado_prj\Pureprefetch_log\Pureprefetch_log.sdk\pure_prefetch_log\Debug\pure_prefetch_log.elf
16:35:41 INFO  : Successfully generated A:\COMP_ARCH\PYNQ_Projects\Vivado_prj\Pureprefetch_log\Pureprefetch_log.sdk\pure_prefetch_log\src\lscript.ld.
16:35:41 INFO  : Applying linker script to all configurations of project pure_prefetch_log.
16:35:41 INFO  : Setting rebuild state to true for all configurations of project pure_prefetch_log.
16:36:01 INFO  : ps7_init is completed.
16:36:01 INFO  : ps7_post_config is completed.
16:36:01 INFO  : Processor reset is completed for ps7_cortexa9_0
16:36:34 INFO  : Processor reset is completed for ps7_cortexa9_0
16:36:42 INFO  : Processor reset is completed for ps7_cortexa9_0
16:36:57 INFO  : Processor reset is completed for ps7_cortexa9_0
16:37:04 INFO  : Processor reset is completed for ps7_cortexa9_0
16:37:09 INFO  : Processor reset is completed for ps7_cortexa9_0
16:37:40 INFO  : Processor reset is completed for ps7_cortexa9_0
16:37:49 INFO  : Processor reset is completed for ps7_cortexa9_0
16:37:58 INFO  : Processor reset is completed for ps7_cortexa9_0
16:38:04 INFO  : Processor reset is completed for ps7_cortexa9_0
16:38:23 INFO  : Processor reset is completed for ps7_cortexa9_0
16:38:27 INFO  : Processor reset is completed for ps7_cortexa9_0
16:39:17 INFO  : Processor reset is completed for ps7_cortexa9_0
16:39:23 INFO  : Processor reset is completed for ps7_cortexa9_0
16:39:27 INFO  : Processor reset is completed for ps7_cortexa9_0
16:39:30 INFO  : Processor reset is completed for ps7_cortexa9_0
16:39:39 INFO  : Processor reset is completed for ps7_cortexa9_0
16:39:42 INFO  : Processor reset is completed for ps7_cortexa9_0
16:39:46 INFO  : Processor reset is completed for ps7_cortexa9_0
16:39:49 INFO  : Processor reset is completed for ps7_cortexa9_0
16:40:28 ERROR : Unexpected error while parsing XMD response ?: com.google.gson.JsonSyntaxException: com.google.gson.stream.MalformedJsonException: invalid number or unquoted string near 
11:21:01 INFO  : Registering command handlers for SDK TCF services
11:21:02 INFO  : Launching XSCT server: xsct.bat -interactive A:\COMP_ARCH\PYNQ_Projects\Vivado_prj\Pureprefetch_log\Pureprefetch_log.sdk\temp_xsdb_launch_script.tcl
11:21:12 INFO  : XSCT server has started successfully.
11:21:37 INFO  : Successfully done setting XSCT server connection channel  
11:21:37 INFO  : Successfully done setting SDK workspace  
11:21:37 INFO  : Processing command line option -hwspec A:/COMP_ARCH/PYNQ_Projects/Vivado_prj/Pureprefetch_log/Pureprefetch_log.sdk/design_1_wrapper.hdf.
11:21:37 INFO  : Checking for hwspec changes in the project design_1_wrapper_hw_platform_0.
11:55:05 INFO  : Connected to target on host '127.0.0.1' and port '3121'.
11:55:07 INFO  : 'targets -set -filter {jtag_cable_name =~ "Xilinx PYNQ-Z1 003017A6E019A" && level==0} -index 1' command is executed.
11:55:10 INFO  : FPGA configured successfully with bitstream "A:/COMP_ARCH/PYNQ_Projects/Vivado_prj/Pureprefetch_log/Pureprefetch_log.sdk/design_1_wrapper_hw_platform_0/design_1_wrapper.bit"
11:55:47 INFO  : ps7_init is completed.
11:55:48 INFO  : ps7_post_config is completed.
11:55:48 INFO  : Processor reset is completed for ps7_cortexa9_0
11:56:39 INFO  : Connected to target on host '127.0.0.1' and port '3121'.
11:56:40 INFO  : 'targets -set -filter {jtag_cable_name =~ "Xilinx PYNQ-Z1 003017A6E019A" && level==0} -index 1' command is executed.
11:56:43 INFO  : FPGA configured successfully with bitstream "A:/COMP_ARCH/PYNQ_Projects/Vivado_prj/Pureprefetch_log/Pureprefetch_log.sdk/design_1_wrapper_hw_platform_0/design_1_wrapper.bit"
11:56:51 INFO  : ps7_init is completed.
11:56:51 INFO  : ps7_post_config is completed.
11:56:52 INFO  : Processor reset is completed for ps7_cortexa9_0
11:58:35 INFO  : Processor reset is completed for ps7_cortexa9_0
11:59:51 INFO  : Processor reset is completed for ps7_cortexa9_0
12:00:08 INFO  : Processor reset is completed for ps7_cortexa9_0
12:03:54 INFO  : Processor reset is completed for ps7_cortexa9_0
12:04:09 INFO  : Processor reset is completed for ps7_cortexa9_0
12:04:49 INFO  : Processor reset is completed for ps7_cortexa9_0
12:07:13 INFO  : Connected to target on host '127.0.0.1' and port '3121'.
12:07:14 INFO  : 'targets -set -filter {jtag_cable_name =~ "Xilinx PYNQ-Z1 003017A6E019A" && level==0} -index 1' command is executed.
12:07:16 INFO  : FPGA configured successfully with bitstream "A:/COMP_ARCH/PYNQ_Projects/Vivado_prj/Pureprefetch_log/Pureprefetch_log.sdk/design_1_wrapper_hw_platform_0/design_1_wrapper.bit"
12:10:18 INFO  : ps7_init is completed.
12:10:18 INFO  : ps7_post_config is completed.
12:10:18 INFO  : Processor reset is completed for ps7_cortexa9_0
12:13:59 INFO  : Processor reset is completed for ps7_cortexa9_0
12:14:19 INFO  : Processor reset is completed for ps7_cortexa9_0
12:17:04 INFO  : Processor reset is completed for ps7_cortexa9_0
12:17:39 INFO  : Processor reset is completed for ps7_cortexa9_0
12:18:07 INFO  : Processor reset is completed for ps7_cortexa9_0
12:21:12 INFO  : Processor reset is completed for ps7_cortexa9_0
12:21:47 INFO  : Processor reset is completed for ps7_cortexa9_0
12:22:06 INFO  : Processor reset is completed for ps7_cortexa9_0
12:22:25 INFO  : Processor reset is completed for ps7_cortexa9_0
12:22:46 INFO  : Processor reset is completed for ps7_cortexa9_0
12:25:04 INFO  : Processor reset is completed for ps7_cortexa9_0
12:25:36 INFO  : Processor reset is completed for ps7_cortexa9_0
12:25:55 INFO  : Processor reset is completed for ps7_cortexa9_0
12:26:41 INFO  : Processor reset is completed for ps7_cortexa9_0
12:27:03 INFO  : Processor reset is completed for ps7_cortexa9_0
12:27:51 INFO  : Processor reset is completed for ps7_cortexa9_0
12:29:03 INFO  : Processor reset is completed for ps7_cortexa9_0
12:30:25 INFO  : Processor reset is completed for ps7_cortexa9_0
12:31:01 INFO  : Processor reset is completed for ps7_cortexa9_0
12:36:58 INFO  : Processor reset is completed for ps7_cortexa9_0
12:38:52 INFO  : Processor reset is completed for ps7_cortexa9_0
12:41:33 INFO  : Processor reset is completed for ps7_cortexa9_0
12:42:08 INFO  : Processor reset is completed for ps7_cortexa9_0
12:43:21 INFO  : Processor reset is completed for ps7_cortexa9_0
12:43:39 INFO  : Processor reset is completed for ps7_cortexa9_0
12:44:31 INFO  : Processor reset is completed for ps7_cortexa9_0
12:44:58 INFO  : Processor reset is completed for ps7_cortexa9_0
12:45:15 INFO  : Processor reset is completed for ps7_cortexa9_0
12:45:38 INFO  : Processor reset is completed for ps7_cortexa9_0
12:54:36 INFO  : Processor reset is completed for ps7_cortexa9_0
12:54:48 INFO  : Processor reset is completed for ps7_cortexa9_0
12:55:04 INFO  : Processor reset is completed for ps7_cortexa9_0
12:57:39 INFO  : Processor reset is completed for ps7_cortexa9_0
12:58:04 INFO  : Processor reset is completed for ps7_cortexa9_0
13:00:52 INFO  : Processor reset is completed for ps7_cortexa9_0
13:01:00 INFO  : Processor reset is completed for ps7_cortexa9_0
13:02:05 INFO  : Processor reset is completed for ps7_cortexa9_0
13:02:30 INFO  : Processor reset is completed for ps7_cortexa9_0
13:03:01 INFO  : Processor reset is completed for ps7_cortexa9_0
13:03:17 INFO  : Processor reset is completed for ps7_cortexa9_0
13:03:42 INFO  : Processor reset is completed for ps7_cortexa9_0
13:06:24 INFO  : Processor reset is completed for ps7_cortexa9_0
13:08:00 INFO  : Processor reset is completed for ps7_cortexa9_0
13:09:01 INFO  : Processor reset is completed for ps7_cortexa9_0
13:12:14 INFO  : Processor reset is completed for ps7_cortexa9_0
13:12:46 INFO  : Processor reset is completed for ps7_cortexa9_0
13:12:50 INFO  : Processor reset is completed for ps7_cortexa9_0
13:12:54 INFO  : Processor reset is completed for ps7_cortexa9_0
13:13:10 INFO  : Processor reset is completed for ps7_cortexa9_0
13:13:18 INFO  : Processor reset is completed for ps7_cortexa9_0
13:13:40 INFO  : Processor reset is completed for ps7_cortexa9_0
13:13:47 INFO  : Processor reset is completed for ps7_cortexa9_0
13:13:52 INFO  : Processor reset is completed for ps7_cortexa9_0
13:13:57 INFO  : Processor reset is completed for ps7_cortexa9_0
13:14:00 INFO  : Processor reset is completed for ps7_cortexa9_0
13:14:31 INFO  : Processor reset is completed for ps7_cortexa9_0
13:14:37 INFO  : Processor reset is completed for ps7_cortexa9_0
13:14:41 INFO  : Processor reset is completed for ps7_cortexa9_0
13:14:47 INFO  : Processor reset is completed for ps7_cortexa9_0
13:14:51 INFO  : Processor reset is completed for ps7_cortexa9_0
13:14:53 INFO  : Processor reset is completed for ps7_cortexa9_0
13:14:57 INFO  : Processor reset is completed for ps7_cortexa9_0
13:15:00 INFO  : Processor reset is completed for ps7_cortexa9_0
13:22:28 INFO  : Processor reset is completed for ps7_cortexa9_0
13:24:17 INFO  : Processor reset is completed for ps7_cortexa9_0
13:25:23 INFO  : Processor reset is completed for ps7_cortexa9_0
13:29:23 INFO  : Processor reset is completed for ps7_cortexa9_0
13:30:21 INFO  : Processor reset is completed for ps7_cortexa9_0
13:33:39 INFO  : Processor reset is completed for ps7_cortexa9_0
13:33:57 INFO  : Processor reset is completed for ps7_cortexa9_0
13:37:12 INFO  : Processor reset is completed for ps7_cortexa9_0
13:38:48 INFO  : Processor reset is completed for ps7_cortexa9_0
13:45:04 INFO  : Processor reset is completed for ps7_cortexa9_0
13:45:22 INFO  : Processor reset is completed for ps7_cortexa9_0
13:45:29 INFO  : Processor reset is completed for ps7_cortexa9_0
13:45:33 INFO  : Processor reset is completed for ps7_cortexa9_0
13:45:40 INFO  : Processor reset is completed for ps7_cortexa9_0
13:49:04 INFO  : Processor reset is completed for ps7_cortexa9_0
13:49:26 INFO  : Processor reset is completed for ps7_cortexa9_0
13:53:01 INFO  : 'targets -set -filter {jtag_cable_name =~ "Xilinx PYNQ-Z1 003017A6E019A" && level==0} -index 1' command is executed.
13:53:01 INFO  : 'fpga -state' command is executed.
13:53:01 INFO  : Connected to target on host '127.0.0.1' and port '3121'.
13:53:02 INFO  : Jtag cable 'Xilinx PYNQ-Z1 003017A6E019A' is selected.
13:53:02 INFO  : 'jtag frequency' command is executed.
13:53:02 INFO  : Sourcing of 'A:/COMP_ARCH/PYNQ_Projects/Vivado_prj/Pureprefetch_log/Pureprefetch_log.sdk/design_1_wrapper_hw_platform_0/ps7_init.tcl' is done.
13:53:02 INFO  : Context for 'APU' is selected.
13:53:02 INFO  : Hardware design information is loaded from 'A:/COMP_ARCH/PYNQ_Projects/Vivado_prj/Pureprefetch_log/Pureprefetch_log.sdk/design_1_wrapper_hw_platform_0/system.hdf'.
13:53:02 INFO  : Context for 'APU' is selected.
13:53:02 INFO  : 'stop' command is executed.
13:53:04 INFO  : 'ps7_init' command is executed.
13:53:04 INFO  : 'ps7_post_config' command is executed.
13:53:04 INFO  : Context for processor 'ps7_cortexa9_0' is selected.
13:53:04 INFO  : Processor reset is completed for 'ps7_cortexa9_0'.
13:53:05 INFO  : Context for processor 'ps7_cortexa9_0' is selected.
13:53:05 INFO  : The application 'A:/COMP_ARCH/PYNQ_Projects/Vivado_prj/Pureprefetch_log/Pureprefetch_log.sdk/pure_prefetch_log/Debug/pure_prefetch_log.elf' is downloaded to processor 'ps7_cortexa9_0'.
13:53:05 INFO  : ----------------XSDB Script----------------
connect -url tcp:127.0.0.1:3121
source A:/COMP_ARCH/PYNQ_Projects/Vivado_prj/Pureprefetch_log/Pureprefetch_log.sdk/design_1_wrapper_hw_platform_0/ps7_init.tcl
targets -set -nocase -filter {name =~"APU*" && jtag_cable_name =~ "Xilinx PYNQ-Z1 003017A6E019A"} -index 0
loadhw A:/COMP_ARCH/PYNQ_Projects/Vivado_prj/Pureprefetch_log/Pureprefetch_log.sdk/design_1_wrapper_hw_platform_0/system.hdf
targets -set -nocase -filter {name =~"APU*" && jtag_cable_name =~ "Xilinx PYNQ-Z1 003017A6E019A"} -index 0
stop
ps7_init
ps7_post_config
targets -set -nocase -filter {name =~ "ARM*#0" && jtag_cable_name =~ "Xilinx PYNQ-Z1 003017A6E019A"} -index 0
rst -processor
targets -set -nocase -filter {name =~ "ARM*#0" && jtag_cable_name =~ "Xilinx PYNQ-Z1 003017A6E019A"} -index 0
dow A:/COMP_ARCH/PYNQ_Projects/Vivado_prj/Pureprefetch_log/Pureprefetch_log.sdk/pure_prefetch_log/Debug/pure_prefetch_log.elf
----------------End of Script----------------

13:53:05 INFO  : Memory regions updated for context APU
13:53:05 INFO  : Context for processor 'ps7_cortexa9_0' is selected.
13:53:05 INFO  : 'con' command is executed.
13:53:05 INFO  : ----------------XSDB Script (After Launch)----------------
targets -set -nocase -filter {name =~ "ARM*#0" && jtag_cable_name =~ "Xilinx PYNQ-Z1 003017A6E019A"} -index 0
con
----------------End of Script----------------

13:53:05 INFO  : Launch script is exported to file 'A:\COMP_ARCH\PYNQ_Projects\Vivado_prj\Pureprefetch_log\Pureprefetch_log.sdk\.sdk\launch_scripts\performance_analysis\performance_analysis_using_debug_pure_prefetch_log.elf_on_local.tcl'
13:53:06 INFO  : Apm configuration has been updated and stored to 'A:\COMP_ARCH\PYNQ_Projects\Vivado_prj\Pureprefetch_log\Pureprefetch_log.sdk\design_1_wrapper_hw_platform_0\apmconfigs\apm_default.json' for the project 'design_1_wrapper_hw_platform_0'
13:53:08 INFO  : Performance data for 'PS' will be exported to the file 'A:\COMP_ARCH\PYNQ_Projects\Vivado_prj\Pureprefetch_log\Pureprefetch_log.sdk\design_1_wrapper_hw_platform_0_Traces\Traces\Run_Apr-13_13-53\PS_Trace_Apr-13_13-53\trace'
13:53:08 INFO  : Created tracing project 'design_1_wrapper_hw_platform_0_Traces'
13:53:09 INFO  : Added tracing folder 'A:\COMP_ARCH\PYNQ_Projects\Vivado_prj\Pureprefetch_log\Pureprefetch_log.sdk\design_1_wrapper_hw_platform_0_Traces\Traces\Run_Apr-13_13-53\PS_Trace_Apr-13_13-53' into  'design_1_wrapper_hw_platform_0_Traces'
13:53:10 INFO  : Attempting to open tracing file 'PS_Trace_Apr-13_13-53'
13:56:06 INFO  : Performance data for 'PS' has been exported to the file 'A:\COMP_ARCH\PYNQ_Projects\Vivado_prj\Pureprefetch_log\Pureprefetch_log.sdk\design_1_wrapper_hw_platform_0_Traces\Traces\Run_Apr-13_13-53\PS_Trace_Apr-13_13-53\trace'
13:56:06 INFO  : Disconnected from the channel tcfchan#1.
13:56:07 INFO  : 'targets -set -filter {jtag_cable_name =~ "Xilinx PYNQ-Z1 003017A6E019A" && level==0} -index 1' command is executed.
13:56:07 INFO  : 'fpga -state' command is executed.
13:56:07 INFO  : Connected to target on host '127.0.0.1' and port '3121'.
13:56:08 INFO  : Jtag cable 'Xilinx PYNQ-Z1 003017A6E019A' is selected.
13:56:08 INFO  : 'jtag frequency' command is executed.
13:56:08 INFO  : Sourcing of 'A:/COMP_ARCH/PYNQ_Projects/Vivado_prj/Pureprefetch_log/Pureprefetch_log.sdk/design_1_wrapper_hw_platform_0/ps7_init.tcl' is done.
13:56:08 INFO  : Context for 'APU' is selected.
13:56:12 INFO  : Hardware design information is loaded from 'A:/COMP_ARCH/PYNQ_Projects/Vivado_prj/Pureprefetch_log/Pureprefetch_log.sdk/design_1_wrapper_hw_platform_0/system.hdf'.
13:56:12 INFO  : Context for 'APU' is selected.
13:56:12 INFO  : 'stop' command is executed.
13:56:13 INFO  : 'ps7_init' command is executed.
13:56:13 INFO  : 'ps7_post_config' command is executed.
13:56:13 INFO  : Context for processor 'ps7_cortexa9_0' is selected.
13:56:13 INFO  : Processor reset is completed for 'ps7_cortexa9_0'.
13:56:14 INFO  : Context for processor 'ps7_cortexa9_0' is selected.
13:56:14 INFO  : The application 'A:/COMP_ARCH/PYNQ_Projects/Vivado_prj/Pureprefetch_log/Pureprefetch_log.sdk/pure_prefetch_log/Debug/pure_prefetch_log.elf' is downloaded to processor 'ps7_cortexa9_0'.
13:56:14 INFO  : ----------------XSDB Script----------------
connect -url tcp:127.0.0.1:3121
source A:/COMP_ARCH/PYNQ_Projects/Vivado_prj/Pureprefetch_log/Pureprefetch_log.sdk/design_1_wrapper_hw_platform_0/ps7_init.tcl
targets -set -nocase -filter {name =~"APU*" && jtag_cable_name =~ "Xilinx PYNQ-Z1 003017A6E019A"} -index 0
loadhw A:/COMP_ARCH/PYNQ_Projects/Vivado_prj/Pureprefetch_log/Pureprefetch_log.sdk/design_1_wrapper_hw_platform_0/system.hdf
targets -set -nocase -filter {name =~"APU*" && jtag_cable_name =~ "Xilinx PYNQ-Z1 003017A6E019A"} -index 0
stop
ps7_init
ps7_post_config
targets -set -nocase -filter {name =~ "ARM*#0" && jtag_cable_name =~ "Xilinx PYNQ-Z1 003017A6E019A"} -index 0
rst -processor
targets -set -nocase -filter {name =~ "ARM*#0" && jtag_cable_name =~ "Xilinx PYNQ-Z1 003017A6E019A"} -index 0
dow A:/COMP_ARCH/PYNQ_Projects/Vivado_prj/Pureprefetch_log/Pureprefetch_log.sdk/pure_prefetch_log/Debug/pure_prefetch_log.elf
----------------End of Script----------------

13:56:14 INFO  : Memory regions updated for context APU
13:56:15 INFO  : Context for processor 'ps7_cortexa9_0' is selected.
13:56:15 INFO  : 'con' command is executed.
13:56:15 INFO  : ----------------XSDB Script (After Launch)----------------
targets -set -nocase -filter {name =~ "ARM*#0" && jtag_cable_name =~ "Xilinx PYNQ-Z1 003017A6E019A"} -index 0
con
----------------End of Script----------------

13:56:15 INFO  : Launch script is exported to file 'A:\COMP_ARCH\PYNQ_Projects\Vivado_prj\Pureprefetch_log\Pureprefetch_log.sdk\.sdk\launch_scripts\xilinx_c-c++_application_(system_debugger)\system_debugger_using_debug_pure_prefetch_log.elf_on_local.tcl'
13:56:51 INFO  : Connected to target on host '127.0.0.1' and port '3121'.
13:56:51 INFO  : 'targets -set -filter {jtag_cable_name =~ "Xilinx PYNQ-Z1 003017A6E019A" && level==0} -index 1' command is executed.
13:56:54 INFO  : FPGA configured successfully with bitstream "A:/COMP_ARCH/PYNQ_Projects/Vivado_prj/Pureprefetch_log/Pureprefetch_log.sdk/design_1_wrapper_hw_platform_0/design_1_wrapper.bit"
13:57:22 INFO  : Disconnected from the channel tcfchan#2.
13:57:23 INFO  : ps7_init is completed.
13:57:23 INFO  : ps7_post_config is completed.
13:57:23 INFO  : Processor reset is completed for ps7_cortexa9_0
14:10:12 INFO  : Processor reset is completed for ps7_cortexa9_0
14:10:44 INFO  : Processor reset is completed for ps7_cortexa9_0
14:11:09 INFO  : Processor reset is completed for ps7_cortexa9_0
14:11:14 ERROR : Unexpected error while launching program.
com.xilinx.sdk.targetmanager.TMException: 
    Cannot flush JTAG buffers

	at com.xilinx.sdk.targetmanager.internal.TM.connectToProcessor(TM.java:484)
	at com.xilinx.sdk.debug.core.XilinxAppLaunchConfigurationDelegate.runTargetSetup(XilinxAppLaunchConfigurationDelegate.java:503)
	at com.xilinx.sdk.debug.core.XilinxAppLaunchConfigurationDelegate.runApplication(XilinxAppLaunchConfigurationDelegate.java:616)
	at com.xilinx.sdk.debug.core.XilinxAppLaunchConfigurationDelegate.launch(XilinxAppLaunchConfigurationDelegate.java:309)
	at com.xilinx.sdk.debug.ui.XilinxAppLaunchDelegateWrapper.launch(XilinxAppLaunchDelegateWrapper.java:31)
	at org.eclipse.debug.internal.core.LaunchConfiguration.launch(LaunchConfiguration.java:885)
	at org.eclipse.debug.internal.core.LaunchConfiguration.launch(LaunchConfiguration.java:739)
	at org.eclipse.debug.internal.ui.DebugUIPlugin.buildAndLaunch(DebugUIPlugin.java:1039)
	at org.eclipse.debug.internal.ui.DebugUIPlugin$8.run(DebugUIPlugin.java:1256)
	at org.eclipse.core.internal.jobs.Worker.run(Worker.java:55)
14:11:40 INFO  : Connected to target on host '127.0.0.1' and port '3121'.
14:11:41 INFO  : 'targets -set -filter {jtag_cable_name =~ "Xilinx PYNQ-Z1 003017A6E019A" && level==0} -index 1' command is executed.
14:11:44 INFO  : FPGA configured successfully with bitstream "A:/COMP_ARCH/PYNQ_Projects/Vivado_prj/Pureprefetch_log/Pureprefetch_log.sdk/design_1_wrapper_hw_platform_0/design_1_wrapper.bit"
14:11:48 INFO  : ps7_init is completed.
14:11:48 INFO  : ps7_post_config is completed.
14:11:49 INFO  : Processor reset is completed for ps7_cortexa9_0
14:11:55 INFO  : Processor reset is completed for ps7_cortexa9_0
14:12:00 INFO  : Processor reset is completed for ps7_cortexa9_0
14:13:17 INFO  : Processor reset is completed for ps7_cortexa9_0
14:13:23 INFO  : Processor reset is completed for ps7_cortexa9_0
14:13:29 INFO  : Processor reset is completed for ps7_cortexa9_0
14:13:58 INFO  : Processor reset is completed for ps7_cortexa9_0
14:16:58 INFO  : Processor reset is completed for ps7_cortexa9_0
14:17:03 INFO  : Processor reset is completed for ps7_cortexa9_0
14:17:28 INFO  : Processor reset is completed for ps7_cortexa9_0
14:17:33 INFO  : Processor reset is completed for ps7_cortexa9_0
14:17:38 INFO  : Processor reset is completed for ps7_cortexa9_0
14:20:34 INFO  : Processor reset is completed for ps7_cortexa9_0
14:20:44 INFO  : Processor reset is completed for ps7_cortexa9_0
14:21:16 INFO  : Processor reset is completed for ps7_cortexa9_0
14:21:47 INFO  : Processor reset is completed for ps7_cortexa9_0
14:21:53 INFO  : Processor reset is completed for ps7_cortexa9_0
14:22:01 INFO  : Processor reset is completed for ps7_cortexa9_0
14:22:42 INFO  : Processor reset is completed for ps7_cortexa9_0
14:22:48 INFO  : Processor reset is completed for ps7_cortexa9_0
14:22:52 INFO  : Processor reset is completed for ps7_cortexa9_0
14:22:56 INFO  : Processor reset is completed for ps7_cortexa9_0
14:23:00 INFO  : Processor reset is completed for ps7_cortexa9_0
14:23:04 INFO  : Processor reset is completed for ps7_cortexa9_0
14:23:10 INFO  : Processor reset is completed for ps7_cortexa9_0
14:36:53 INFO  : Processor reset is completed for ps7_cortexa9_0
14:37:03 INFO  : Processor reset is completed for ps7_cortexa9_0
14:37:21 INFO  : Processor reset is completed for ps7_cortexa9_0
14:37:27 INFO  : Processor reset is completed for ps7_cortexa9_0
14:37:38 INFO  : Connected to target on host '127.0.0.1' and port '3121'.
14:37:42 INFO  : 'targets -set -filter {jtag_cable_name =~ "Xilinx PYNQ-Z1 003017A6E019A" && level==0} -index 1' command is executed.
14:37:44 INFO  : FPGA configured successfully with bitstream "A:/COMP_ARCH/PYNQ_Projects/Vivado_prj/Pureprefetch_log/Pureprefetch_log.sdk/design_1_wrapper_hw_platform_0/design_1_wrapper.bit"
14:37:58 INFO  : ps7_init is completed.
14:37:58 INFO  : ps7_post_config is completed.
14:37:59 INFO  : Processor reset is completed for ps7_cortexa9_0
14:38:05 INFO  : Processor reset is completed for ps7_cortexa9_0
14:38:17 INFO  : Processor reset is completed for ps7_cortexa9_0
17:32:19 INFO  : Connected to target on host '127.0.0.1' and port '3121'.
17:32:19 INFO  : 'targets -set -filter {jtag_cable_name =~ "Xilinx PYNQ-Z1 003017A6E019A" && level==0} -index 1' command is executed.
17:32:22 INFO  : FPGA configured successfully with bitstream "A:/COMP_ARCH/PYNQ_Projects/Vivado_prj/Pureprefetch_log/Pureprefetch_log.sdk/design_1_wrapper_hw_platform_0/design_1_wrapper.bit"
17:32:33 INFO  : ps7_init is completed.
17:32:33 INFO  : ps7_post_config is completed.
17:32:34 INFO  : Processor reset is completed for ps7_cortexa9_0
17:33:27 INFO  : Processor reset is completed for ps7_cortexa9_0
17:34:48 INFO  : Processor reset is completed for ps7_cortexa9_0
17:35:20 INFO  : Processor reset is completed for ps7_cortexa9_0
17:36:14 INFO  : Connected to target on host '127.0.0.1' and port '3121'.
17:36:14 INFO  : 'targets -set -filter {jtag_cable_name =~ "Xilinx PYNQ-Z1 003017A6E019A" && level==0} -index 1' command is executed.
17:36:17 INFO  : FPGA configured successfully with bitstream "A:/COMP_ARCH/PYNQ_Projects/Vivado_prj/Pureprefetch_log/Pureprefetch_log.sdk/design_1_wrapper_hw_platform_0/design_1_wrapper.bit"
17:36:22 INFO  : ps7_init is completed.
17:36:22 INFO  : ps7_post_config is completed.
17:36:22 INFO  : Processor reset is completed for ps7_cortexa9_0
17:36:28 INFO  : Processor reset is completed for ps7_cortexa9_0
17:36:32 INFO  : Processor reset is completed for ps7_cortexa9_0
17:36:35 INFO  : Processor reset is completed for ps7_cortexa9_0
17:36:39 INFO  : Processor reset is completed for ps7_cortexa9_0
17:36:42 INFO  : Processor reset is completed for ps7_cortexa9_0
17:36:48 INFO  : Processor reset is completed for ps7_cortexa9_0
17:37:01 INFO  : Processor reset is completed for ps7_cortexa9_0
17:37:45 INFO  : Processor reset is completed for ps7_cortexa9_0
17:37:51 INFO  : Processor reset is completed for ps7_cortexa9_0
17:38:02 INFO  : Processor reset is completed for ps7_cortexa9_0
17:39:28 INFO  : Processor reset is completed for ps7_cortexa9_0
17:39:43 INFO  : Processor reset is completed for ps7_cortexa9_0
17:40:03 INFO  : Processor reset is completed for ps7_cortexa9_0
17:40:07 INFO  : Processor reset is completed for ps7_cortexa9_0
17:40:14 INFO  : Processor reset is completed for ps7_cortexa9_0
17:40:46 INFO  : Processor reset is completed for ps7_cortexa9_0
17:41:16 INFO  : Processor reset is completed for ps7_cortexa9_0
17:41:45 INFO  : Processor reset is completed for ps7_cortexa9_0
17:42:05 INFO  : Processor reset is completed for ps7_cortexa9_0
17:42:20 INFO  : Processor reset is completed for ps7_cortexa9_0
17:42:52 INFO  : Processor reset is completed for ps7_cortexa9_0
17:43:24 INFO  : Processor reset is completed for ps7_cortexa9_0
17:44:25 INFO  : Processor reset is completed for ps7_cortexa9_0
17:46:03 INFO  : Processor reset is completed for ps7_cortexa9_0
17:46:09 INFO  : Processor reset is completed for ps7_cortexa9_0
17:47:30 INFO  : Processor reset is completed for ps7_cortexa9_0
17:47:36 INFO  : Processor reset is completed for ps7_cortexa9_0
17:47:39 INFO  : Processor reset is completed for ps7_cortexa9_0
17:47:43 INFO  : Processor reset is completed for ps7_cortexa9_0
17:48:04 INFO  : Processor reset is completed for ps7_cortexa9_0
17:48:09 INFO  : Processor reset is completed for ps7_cortexa9_0
17:48:12 INFO  : Processor reset is completed for ps7_cortexa9_0
17:48:34 INFO  : Connected to target on host '127.0.0.1' and port '3121'.
17:48:34 INFO  : 'targets -set -filter {jtag_cable_name =~ "Xilinx PYNQ-Z1 003017A6E019A" && level==0} -index 1' command is executed.
17:48:37 INFO  : FPGA configured successfully with bitstream "A:/COMP_ARCH/PYNQ_Projects/Vivado_prj/Pureprefetch_log/Pureprefetch_log.sdk/design_1_wrapper_hw_platform_0/design_1_wrapper.bit"
17:48:47 INFO  : ps7_init is completed.
17:48:47 INFO  : ps7_post_config is completed.
17:48:48 INFO  : Processor reset is completed for ps7_cortexa9_0
17:49:17 INFO  : Processor reset is completed for ps7_cortexa9_0
17:54:38 INFO  : Processor reset is completed for ps7_cortexa9_0
17:55:04 INFO  : Processor reset is completed for ps7_cortexa9_0
18:25:29 INFO  : Processor reset is completed for ps7_cortexa9_0
18:26:10 INFO  : Processor reset is completed for ps7_cortexa9_0
18:26:19 INFO  : Processor reset is completed for ps7_cortexa9_0
18:26:24 INFO  : Processor reset is completed for ps7_cortexa9_0
18:26:27 INFO  : Processor reset is completed for ps7_cortexa9_0
18:26:30 INFO  : Processor reset is completed for ps7_cortexa9_0
18:26:33 INFO  : Processor reset is completed for ps7_cortexa9_0
18:28:18 INFO  : Processor reset is completed for ps7_cortexa9_0
18:28:22 INFO  : Processor reset is completed for ps7_cortexa9_0
18:31:12 INFO  : Processor reset is completed for ps7_cortexa9_0
18:31:16 INFO  : Processor reset is completed for ps7_cortexa9_0
18:35:02 INFO  : Processor reset is completed for ps7_cortexa9_0
18:35:10 INFO  : Processor reset is completed for ps7_cortexa9_0
18:35:14 INFO  : Processor reset is completed for ps7_cortexa9_0
18:35:27 INFO  : Connected to target on host '127.0.0.1' and port '3121'.
18:35:28 INFO  : 'targets -set -filter {jtag_cable_name =~ "Xilinx PYNQ-Z1 003017A6E019A" && level==0} -index 1' command is executed.
18:35:30 INFO  : FPGA configured successfully with bitstream "A:/COMP_ARCH/PYNQ_Projects/Vivado_prj/Pureprefetch_log/Pureprefetch_log.sdk/design_1_wrapper_hw_platform_0/design_1_wrapper.bit"
18:35:34 INFO  : ps7_init is completed.
18:35:34 INFO  : ps7_post_config is completed.
18:35:34 INFO  : Processor reset is completed for ps7_cortexa9_0
18:47:11 INFO  : Processor reset is completed for ps7_cortexa9_0
18:47:15 INFO  : Processor reset is completed for ps7_cortexa9_0
18:53:31 INFO  : Processor reset is completed for ps7_cortexa9_0
18:53:42 INFO  : Processor reset is completed for ps7_cortexa9_0
18:54:06 INFO  : Processor reset is completed for ps7_cortexa9_0
18:54:28 INFO  : Processor reset is completed for ps7_cortexa9_0
18:54:47 INFO  : Processor reset is completed for ps7_cortexa9_0
18:54:54 INFO  : Processor reset is completed for ps7_cortexa9_0
18:55:01 INFO  : Processor reset is completed for ps7_cortexa9_0
18:55:04 INFO  : Processor reset is completed for ps7_cortexa9_0
18:55:07 INFO  : Processor reset is completed for ps7_cortexa9_0
18:55:12 INFO  : Processor reset is completed for ps7_cortexa9_0
18:55:15 INFO  : Processor reset is completed for ps7_cortexa9_0
18:55:18 INFO  : Processor reset is completed for ps7_cortexa9_0
18:55:22 INFO  : Processor reset is completed for ps7_cortexa9_0
18:55:37 INFO  : Processor reset is completed for ps7_cortexa9_0
18:55:41 INFO  : Processor reset is completed for ps7_cortexa9_0
18:55:44 INFO  : Processor reset is completed for ps7_cortexa9_0
18:55:47 INFO  : Processor reset is completed for ps7_cortexa9_0
18:55:51 INFO  : Processor reset is completed for ps7_cortexa9_0
18:55:55 INFO  : Processor reset is completed for ps7_cortexa9_0
18:56:03 INFO  : Processor reset is completed for ps7_cortexa9_0
18:56:06 INFO  : Processor reset is completed for ps7_cortexa9_0
18:56:09 INFO  : Processor reset is completed for ps7_cortexa9_0
18:56:12 INFO  : Processor reset is completed for ps7_cortexa9_0
19:16:04 INFO  : Processor reset is completed for ps7_cortexa9_0
19:16:12 INFO  : Processor reset is completed for ps7_cortexa9_0
19:16:30 INFO  : Processor reset is completed for ps7_cortexa9_0
19:16:34 INFO  : Processor reset is completed for ps7_cortexa9_0
19:16:54 INFO  : Processor reset is completed for ps7_cortexa9_0
19:18:47 INFO  : Processor reset is completed for ps7_cortexa9_0
19:18:50 INFO  : Processor reset is completed for ps7_cortexa9_0
19:18:53 INFO  : Processor reset is completed for ps7_cortexa9_0
19:18:55 INFO  : Processor reset is completed for ps7_cortexa9_0
19:18:59 INFO  : Processor reset is completed for ps7_cortexa9_0
19:19:15 INFO  : Processor reset is completed for ps7_cortexa9_0
19:19:18 INFO  : Processor reset is completed for ps7_cortexa9_0
19:19:35 INFO  : Processor reset is completed for ps7_cortexa9_0
19:19:39 INFO  : Processor reset is completed for ps7_cortexa9_0
19:19:42 INFO  : Processor reset is completed for ps7_cortexa9_0
19:20:46 INFO  : Processor reset is completed for ps7_cortexa9_0
19:20:49 INFO  : Processor reset is completed for ps7_cortexa9_0
19:21:00 ERROR : Unexpected error while parsing XMD response ?: com.google.gson.JsonSyntaxException: com.google.gson.stream.MalformedJsonException: invalid number or unquoted string near 
