
*** Running vivado
    with args -log design_1_auto_ds_0.vds -m64 -product Vivado -mode batch -messageDb vivado.pb -notrace -source design_1_auto_ds_0.tcl


****** Vivado v2016.3 (64-bit)
  **** SW Build 1682563 on Mon Oct 10 19:07:27 MDT 2016
  **** IP Build 1681267 on Mon Oct 10 21:28:31 MDT 2016
    ** Copyright 1986-2016 Xilinx, Inc. All Rights Reserved.

source design_1_auto_ds_0.tcl -notrace
Starting RTL Elaboration : Time (s): cpu = 00:00:16 ; elapsed = 00:00:23 . Memory (MB): peak = 346.805 ; gain = 137.242
INFO: [Synth 8-638] synthesizing module 'design_1_auto_ds_0' [a:/COMP_ARCH/PYNQ_Projects/Vivado_prj/skipList_prefetch_N_elem/skipList_prefetch_N_elem.srcs/sources_1/bd/design_1/ip/design_1_auto_ds_0/synth/design_1_auto_ds_0.v:58]
INFO: [Synth 8-638] synthesizing module 'axi_dwidth_converter_v2_1_10_top' [a:/COMP_ARCH/PYNQ_Projects/Vivado_prj/skipList_prefetch_N_elem/skipList_prefetch_N_elem.srcs/sources_1/bd/design_1/ipshared/4a86/hdl/axi_dwidth_converter_v2_1_vlsyn_rfs.v:14452]
INFO: [Synth 8-638] synthesizing module 'axi_protocol_converter_v2_1_10_axi_protocol_converter' [a:/COMP_ARCH/PYNQ_Projects/Vivado_prj/skipList_prefetch_N_elem/skipList_prefetch_N_elem.srcs/sources_1/bd/design_1/ipshared/4a8b/hdl/axi_protocol_converter_v2_1_vl_rfs.v:4806]
INFO: [Synth 8-638] synthesizing module 'axi_protocol_converter_v2_1_10_axi3_conv' [a:/COMP_ARCH/PYNQ_Projects/Vivado_prj/skipList_prefetch_N_elem/skipList_prefetch_N_elem.srcs/sources_1/bd/design_1/ipshared/4a8b/hdl/axi_protocol_converter_v2_1_vl_rfs.v:954]
INFO: [Synth 8-638] synthesizing module 'axi_protocol_converter_v2_1_10_b_downsizer' [a:/COMP_ARCH/PYNQ_Projects/Vivado_prj/skipList_prefetch_N_elem/skipList_prefetch_N_elem.srcs/sources_1/bd/design_1/ipshared/4a8b/hdl/axi_protocol_converter_v2_1_vl_rfs.v:2276]
INFO: [Synth 8-256] done synthesizing module 'axi_protocol_converter_v2_1_10_b_downsizer' (1#1) [a:/COMP_ARCH/PYNQ_Projects/Vivado_prj/skipList_prefetch_N_elem/skipList_prefetch_N_elem.srcs/sources_1/bd/design_1/ipshared/4a8b/hdl/axi_protocol_converter_v2_1_vl_rfs.v:2276]
INFO: [Synth 8-638] synthesizing module 'axi_protocol_converter_v2_1_10_a_axi3_conv' [a:/COMP_ARCH/PYNQ_Projects/Vivado_prj/skipList_prefetch_N_elem/skipList_prefetch_N_elem.srcs/sources_1/bd/design_1/ipshared/4a8b/hdl/axi_protocol_converter_v2_1_vl_rfs.v:62]
INFO: [Synth 8-638] synthesizing module 'axi_data_fifo_v2_1_9_axic_fifo' [a:/COMP_ARCH/PYNQ_Projects/Vivado_prj/skipList_prefetch_N_elem/skipList_prefetch_N_elem.srcs/sources_1/bd/design_1/ipshared/10b8/hdl/axi_data_fifo_v2_1_vl_rfs.v:64]
INFO: [Synth 8-638] synthesizing module 'axi_data_fifo_v2_1_9_fifo_gen' [a:/COMP_ARCH/PYNQ_Projects/Vivado_prj/skipList_prefetch_N_elem/skipList_prefetch_N_elem.srcs/sources_1/bd/design_1/ipshared/10b8/hdl/axi_data_fifo_v2_1_vl_rfs.v:168]
INFO: [Synth 8-256] done synthesizing module 'axi_data_fifo_v2_1_9_fifo_gen' (20#1) [a:/COMP_ARCH/PYNQ_Projects/Vivado_prj/skipList_prefetch_N_elem/skipList_prefetch_N_elem.srcs/sources_1/bd/design_1/ipshared/10b8/hdl/axi_data_fifo_v2_1_vl_rfs.v:168]
INFO: [Synth 8-256] done synthesizing module 'axi_data_fifo_v2_1_9_axic_fifo' (21#1) [a:/COMP_ARCH/PYNQ_Projects/Vivado_prj/skipList_prefetch_N_elem/skipList_prefetch_N_elem.srcs/sources_1/bd/design_1/ipshared/10b8/hdl/axi_data_fifo_v2_1_vl_rfs.v:64]
INFO: [Synth 8-256] done synthesizing module 'axi_protocol_converter_v2_1_10_a_axi3_conv' (22#1) [a:/COMP_ARCH/PYNQ_Projects/Vivado_prj/skipList_prefetch_N_elem/skipList_prefetch_N_elem.srcs/sources_1/bd/design_1/ipshared/4a8b/hdl/axi_protocol_converter_v2_1_vl_rfs.v:62]
INFO: [Synth 8-638] synthesizing module 'axi_protocol_converter_v2_1_10_w_axi3_conv' [a:/COMP_ARCH/PYNQ_Projects/Vivado_prj/skipList_prefetch_N_elem/skipList_prefetch_N_elem.srcs/sources_1/bd/design_1/ipshared/4a8b/hdl/axi_protocol_converter_v2_1_vl_rfs.v:2004]
INFO: [Synth 8-256] done synthesizing module 'axi_protocol_converter_v2_1_10_w_axi3_conv' (23#1) [a:/COMP_ARCH/PYNQ_Projects/Vivado_prj/skipList_prefetch_N_elem/skipList_prefetch_N_elem.srcs/sources_1/bd/design_1/ipshared/4a8b/hdl/axi_protocol_converter_v2_1_vl_rfs.v:2004]
INFO: [Synth 8-638] synthesizing module 'axi_protocol_converter_v2_1_10_a_axi3_conv__parameterized0' [a:/COMP_ARCH/PYNQ_Projects/Vivado_prj/skipList_prefetch_N_elem/skipList_prefetch_N_elem.srcs/sources_1/bd/design_1/ipshared/4a8b/hdl/axi_protocol_converter_v2_1_vl_rfs.v:62]
INFO: [Synth 8-638] synthesizing module 'axi_data_fifo_v2_1_9_axic_fifo__parameterized0' [a:/COMP_ARCH/PYNQ_Projects/Vivado_prj/skipList_prefetch_N_elem/skipList_prefetch_N_elem.srcs/sources_1/bd/design_1/ipshared/10b8/hdl/axi_data_fifo_v2_1_vl_rfs.v:64]
INFO: [Synth 8-638] synthesizing module 'axi_data_fifo_v2_1_9_fifo_gen__parameterized0' [a:/COMP_ARCH/PYNQ_Projects/Vivado_prj/skipList_prefetch_N_elem/skipList_prefetch_N_elem.srcs/sources_1/bd/design_1/ipshared/10b8/hdl/axi_data_fifo_v2_1_vl_rfs.v:168]
INFO: [Synth 8-256] done synthesizing module 'axi_data_fifo_v2_1_9_fifo_gen__parameterized0' (23#1) [a:/COMP_ARCH/PYNQ_Projects/Vivado_prj/skipList_prefetch_N_elem/skipList_prefetch_N_elem.srcs/sources_1/bd/design_1/ipshared/10b8/hdl/axi_data_fifo_v2_1_vl_rfs.v:168]
INFO: [Synth 8-256] done synthesizing module 'axi_data_fifo_v2_1_9_axic_fifo__parameterized0' (23#1) [a:/COMP_ARCH/PYNQ_Projects/Vivado_prj/skipList_prefetch_N_elem/skipList_prefetch_N_elem.srcs/sources_1/bd/design_1/ipshared/10b8/hdl/axi_data_fifo_v2_1_vl_rfs.v:64]
INFO: [Synth 8-256] done synthesizing module 'axi_protocol_converter_v2_1_10_a_axi3_conv__parameterized0' (23#1) [a:/COMP_ARCH/PYNQ_Projects/Vivado_prj/skipList_prefetch_N_elem/skipList_prefetch_N_elem.srcs/sources_1/bd/design_1/ipshared/4a8b/hdl/axi_protocol_converter_v2_1_vl_rfs.v:62]
INFO: [Synth 8-638] synthesizing module 'axi_protocol_converter_v2_1_10_r_axi3_conv' [a:/COMP_ARCH/PYNQ_Projects/Vivado_prj/skipList_prefetch_N_elem/skipList_prefetch_N_elem.srcs/sources_1/bd/design_1/ipshared/4a8b/hdl/axi_protocol_converter_v2_1_vl_rfs.v:1789]
INFO: [Synth 8-256] done synthesizing module 'axi_protocol_converter_v2_1_10_r_axi3_conv' (24#1) [a:/COMP_ARCH/PYNQ_Projects/Vivado_prj/skipList_prefetch_N_elem/skipList_prefetch_N_elem.srcs/sources_1/bd/design_1/ipshared/4a8b/hdl/axi_protocol_converter_v2_1_vl_rfs.v:1789]
INFO: [Synth 8-256] done synthesizing module 'axi_protocol_converter_v2_1_10_axi3_conv' (25#1) [a:/COMP_ARCH/PYNQ_Projects/Vivado_prj/skipList_prefetch_N_elem/skipList_prefetch_N_elem.srcs/sources_1/bd/design_1/ipshared/4a8b/hdl/axi_protocol_converter_v2_1_vl_rfs.v:954]
INFO: [Synth 8-256] done synthesizing module 'axi_protocol_converter_v2_1_10_axi_protocol_converter' (26#1) [a:/COMP_ARCH/PYNQ_Projects/Vivado_prj/skipList_prefetch_N_elem/skipList_prefetch_N_elem.srcs/sources_1/bd/design_1/ipshared/4a8b/hdl/axi_protocol_converter_v2_1_vl_rfs.v:4806]
INFO: [Synth 8-638] synthesizing module 'axi_dwidth_converter_v2_1_10_axi_downsizer' [a:/COMP_ARCH/PYNQ_Projects/Vivado_prj/skipList_prefetch_N_elem/skipList_prefetch_N_elem.srcs/sources_1/bd/design_1/ipshared/4a86/hdl/axi_dwidth_converter_v2_1_vlsyn_rfs.v:2380]
INFO: [Synth 8-638] synthesizing module 'axi_dwidth_converter_v2_1_10_b_downsizer' [a:/COMP_ARCH/PYNQ_Projects/Vivado_prj/skipList_prefetch_N_elem/skipList_prefetch_N_elem.srcs/sources_1/bd/design_1/ipshared/4a86/hdl/axi_dwidth_converter_v2_1_vlsyn_rfs.v:1251]
INFO: [Synth 8-256] done synthesizing module 'axi_dwidth_converter_v2_1_10_b_downsizer' (27#1) [a:/COMP_ARCH/PYNQ_Projects/Vivado_prj/skipList_prefetch_N_elem/skipList_prefetch_N_elem.srcs/sources_1/bd/design_1/ipshared/4a86/hdl/axi_dwidth_converter_v2_1_vlsyn_rfs.v:1251]
INFO: [Synth 8-638] synthesizing module 'axi_dwidth_converter_v2_1_10_a_downsizer' [a:/COMP_ARCH/PYNQ_Projects/Vivado_prj/skipList_prefetch_N_elem/skipList_prefetch_N_elem.srcs/sources_1/bd/design_1/ipshared/4a86/hdl/axi_dwidth_converter_v2_1_vlsyn_rfs.v:64]
INFO: [Synth 8-638] synthesizing module 'axi_data_fifo_v2_1_9_axic_fifo__parameterized1' [a:/COMP_ARCH/PYNQ_Projects/Vivado_prj/skipList_prefetch_N_elem/skipList_prefetch_N_elem.srcs/sources_1/bd/design_1/ipshared/10b8/hdl/axi_data_fifo_v2_1_vl_rfs.v:64]
INFO: [Synth 8-638] synthesizing module 'axi_data_fifo_v2_1_9_fifo_gen__parameterized1' [a:/COMP_ARCH/PYNQ_Projects/Vivado_prj/skipList_prefetch_N_elem/skipList_prefetch_N_elem.srcs/sources_1/bd/design_1/ipshared/10b8/hdl/axi_data_fifo_v2_1_vl_rfs.v:168]
INFO: [Synth 8-256] done synthesizing module 'axi_data_fifo_v2_1_9_fifo_gen__parameterized1' (27#1) [a:/COMP_ARCH/PYNQ_Projects/Vivado_prj/skipList_prefetch_N_elem/skipList_prefetch_N_elem.srcs/sources_1/bd/design_1/ipshared/10b8/hdl/axi_data_fifo_v2_1_vl_rfs.v:168]
INFO: [Synth 8-256] done synthesizing module 'axi_data_fifo_v2_1_9_axic_fifo__parameterized1' (27#1) [a:/COMP_ARCH/PYNQ_Projects/Vivado_prj/skipList_prefetch_N_elem/skipList_prefetch_N_elem.srcs/sources_1/bd/design_1/ipshared/10b8/hdl/axi_data_fifo_v2_1_vl_rfs.v:64]
INFO: [Synth 8-638] synthesizing module 'axi_data_fifo_v2_1_9_axic_fifo__parameterized2' [a:/COMP_ARCH/PYNQ_Projects/Vivado_prj/skipList_prefetch_N_elem/skipList_prefetch_N_elem.srcs/sources_1/bd/design_1/ipshared/10b8/hdl/axi_data_fifo_v2_1_vl_rfs.v:64]
INFO: [Synth 8-638] synthesizing module 'axi_data_fifo_v2_1_9_fifo_gen__parameterized2' [a:/COMP_ARCH/PYNQ_Projects/Vivado_prj/skipList_prefetch_N_elem/skipList_prefetch_N_elem.srcs/sources_1/bd/design_1/ipshared/10b8/hdl/axi_data_fifo_v2_1_vl_rfs.v:168]
INFO: [Synth 8-256] done synthesizing module 'axi_data_fifo_v2_1_9_fifo_gen__parameterized2' (27#1) [a:/COMP_ARCH/PYNQ_Projects/Vivado_prj/skipList_prefetch_N_elem/skipList_prefetch_N_elem.srcs/sources_1/bd/design_1/ipshared/10b8/hdl/axi_data_fifo_v2_1_vl_rfs.v:168]
INFO: [Synth 8-256] done synthesizing module 'axi_data_fifo_v2_1_9_axic_fifo__parameterized2' (27#1) [a:/COMP_ARCH/PYNQ_Projects/Vivado_prj/skipList_prefetch_N_elem/skipList_prefetch_N_elem.srcs/sources_1/bd/design_1/ipshared/10b8/hdl/axi_data_fifo_v2_1_vl_rfs.v:64]
INFO: [Synth 8-256] done synthesizing module 'axi_dwidth_converter_v2_1_10_a_downsizer' (28#1) [a:/COMP_ARCH/PYNQ_Projects/Vivado_prj/skipList_prefetch_N_elem/skipList_prefetch_N_elem.srcs/sources_1/bd/design_1/ipshared/4a86/hdl/axi_dwidth_converter_v2_1_vlsyn_rfs.v:64]
INFO: [Synth 8-638] synthesizing module 'axi_dwidth_converter_v2_1_10_w_downsizer' [a:/COMP_ARCH/PYNQ_Projects/Vivado_prj/skipList_prefetch_N_elem/skipList_prefetch_N_elem.srcs/sources_1/bd/design_1/ipshared/4a86/hdl/axi_dwidth_converter_v2_1_vlsyn_rfs.v:2016]
INFO: [Synth 8-256] done synthesizing module 'axi_dwidth_converter_v2_1_10_w_downsizer' (29#1) [a:/COMP_ARCH/PYNQ_Projects/Vivado_prj/skipList_prefetch_N_elem/skipList_prefetch_N_elem.srcs/sources_1/bd/design_1/ipshared/4a86/hdl/axi_dwidth_converter_v2_1_vlsyn_rfs.v:2016]
INFO: [Synth 8-638] synthesizing module 'axi_dwidth_converter_v2_1_10_a_downsizer__parameterized0' [a:/COMP_ARCH/PYNQ_Projects/Vivado_prj/skipList_prefetch_N_elem/skipList_prefetch_N_elem.srcs/sources_1/bd/design_1/ipshared/4a86/hdl/axi_dwidth_converter_v2_1_vlsyn_rfs.v:64]
INFO: [Synth 8-638] synthesizing module 'axi_data_fifo_v2_1_9_axic_fifo__parameterized3' [a:/COMP_ARCH/PYNQ_Projects/Vivado_prj/skipList_prefetch_N_elem/skipList_prefetch_N_elem.srcs/sources_1/bd/design_1/ipshared/10b8/hdl/axi_data_fifo_v2_1_vl_rfs.v:64]
INFO: [Synth 8-638] synthesizing module 'axi_data_fifo_v2_1_9_fifo_gen__parameterized3' [a:/COMP_ARCH/PYNQ_Projects/Vivado_prj/skipList_prefetch_N_elem/skipList_prefetch_N_elem.srcs/sources_1/bd/design_1/ipshared/10b8/hdl/axi_data_fifo_v2_1_vl_rfs.v:168]
INFO: [Synth 8-256] done synthesizing module 'axi_data_fifo_v2_1_9_fifo_gen__parameterized3' (29#1) [a:/COMP_ARCH/PYNQ_Projects/Vivado_prj/skipList_prefetch_N_elem/skipList_prefetch_N_elem.srcs/sources_1/bd/design_1/ipshared/10b8/hdl/axi_data_fifo_v2_1_vl_rfs.v:168]
INFO: [Synth 8-256] done synthesizing module 'axi_data_fifo_v2_1_9_axic_fifo__parameterized3' (29#1) [a:/COMP_ARCH/PYNQ_Projects/Vivado_prj/skipList_prefetch_N_elem/skipList_prefetch_N_elem.srcs/sources_1/bd/design_1/ipshared/10b8/hdl/axi_data_fifo_v2_1_vl_rfs.v:64]
INFO: [Synth 8-256] done synthesizing module 'axi_dwidth_converter_v2_1_10_a_downsizer__parameterized0' (29#1) [a:/COMP_ARCH/PYNQ_Projects/Vivado_prj/skipList_prefetch_N_elem/skipList_prefetch_N_elem.srcs/sources_1/bd/design_1/ipshared/4a86/hdl/axi_dwidth_converter_v2_1_vlsyn_rfs.v:64]
INFO: [Synth 8-638] synthesizing module 'axi_dwidth_converter_v2_1_10_r_downsizer' [a:/COMP_ARCH/PYNQ_Projects/Vivado_prj/skipList_prefetch_N_elem/skipList_prefetch_N_elem.srcs/sources_1/bd/design_1/ipshared/4a86/hdl/axi_dwidth_converter_v2_1_vlsyn_rfs.v:1533]
INFO: [Synth 8-256] done synthesizing module 'axi_dwidth_converter_v2_1_10_r_downsizer' (30#1) [a:/COMP_ARCH/PYNQ_Projects/Vivado_prj/skipList_prefetch_N_elem/skipList_prefetch_N_elem.srcs/sources_1/bd/design_1/ipshared/4a86/hdl/axi_dwidth_converter_v2_1_vlsyn_rfs.v:1533]
INFO: [Synth 8-256] done synthesizing module 'axi_dwidth_converter_v2_1_10_axi_downsizer' (31#1) [a:/COMP_ARCH/PYNQ_Projects/Vivado_prj/skipList_prefetch_N_elem/skipList_prefetch_N_elem.srcs/sources_1/bd/design_1/ipshared/4a86/hdl/axi_dwidth_converter_v2_1_vlsyn_rfs.v:2380]
INFO: [Synth 8-256] done synthesizing module 'axi_dwidth_converter_v2_1_10_top' (32#1) [a:/COMP_ARCH/PYNQ_Projects/Vivado_prj/skipList_prefetch_N_elem/skipList_prefetch_N_elem.srcs/sources_1/bd/design_1/ipshared/4a86/hdl/axi_dwidth_converter_v2_1_vlsyn_rfs.v:14452]
INFO: [Synth 8-256] done synthesizing module 'design_1_auto_ds_0' (33#1) [a:/COMP_ARCH/PYNQ_Projects/Vivado_prj/skipList_prefetch_N_elem/skipList_prefetch_N_elem.srcs/sources_1/bd/design_1/ip/design_1_auto_ds_0/synth/design_1_auto_ds_0.v:58]
Finished RTL Elaboration : Time (s): cpu = 00:02:16 ; elapsed = 00:02:26 . Memory (MB): peak = 482.453 ; gain = 272.891
Finished RTL Optimization Phase 1 : Time (s): cpu = 00:02:16 ; elapsed = 00:02:26 . Memory (MB): peak = 482.453 ; gain = 272.891
INFO: [Device 21-403] Loading part xc7z020clg400-1
Constraint Validation Runtime : Time (s): cpu = 00:00:00 ; elapsed = 00:00:00.119 . Memory (MB): peak = 728.668 ; gain = 0.105
Finished Constraint Validation : Time (s): cpu = 00:02:33 ; elapsed = 00:02:43 . Memory (MB): peak = 728.668 ; gain = 519.105
Finished Loading Part and Timing Information : Time (s): cpu = 00:02:33 ; elapsed = 00:02:43 . Memory (MB): peak = 728.668 ; gain = 519.105
Finished applying 'set_property' XDC Constraints : Time (s): cpu = 00:02:33 ; elapsed = 00:02:43 . Memory (MB): peak = 728.668 ; gain = 519.105
Finished RTL Optimization Phase 2 : Time (s): cpu = 00:02:36 ; elapsed = 00:02:47 . Memory (MB): peak = 728.668 ; gain = 519.105
Finished Cross Boundary and Area Optimization : Time (s): cpu = 00:02:46 ; elapsed = 00:02:59 . Memory (MB): peak = 728.668 ; gain = 519.105
---------------------------------------------------------------------------------
Start ROM, RAM, DSP and Shift Register Reporting
---------------------------------------------------------------------------------

Distributed RAM: Preliminary Mapping  Report (see note below)
+-----------------------+-------------------------------------------------------------------------------+----------------+----------------------+----------------+
|Module Name            | RTL Object                                                                    | Inference      | Size (Depth x Width) | Primitives     | 
+-----------------------+-------------------------------------------------------------------------------+----------------+----------------------+----------------+
|fifo_generator_v13_1_2 | inst_fifo_gen/gconvfifo.rf/grf.rf/gntv_or_sync_fifo.mem/gdm.dm_gen.dm/RAM_reg | User Attribute | 32 x 5               | RAM32M x 1     | 
|fifo_generator_v13_1_2 | inst_fifo_gen/gconvfifo.rf/grf.rf/gntv_or_sync_fifo.mem/gdm.dm_gen.dm/RAM_reg | User Attribute | 32 x 5               | RAM32M x 1     | 
|fifo_generator_v13_1_2 | inst_fifo_gen/gconvfifo.rf/grf.rf/gntv_or_sync_fifo.mem/gdm.dm_gen.dm/RAM_reg | User Attribute | 32 x 1               | RAM32X1D x 1   | 
|fifo_generator_v13_1_2 | inst_fifo_gen/gconvfifo.rf/grf.rf/gntv_or_sync_fifo.mem/gdm.dm_gen.dm/RAM_reg | User Attribute | 32 x 9               | RAM32M x 2     | 
|fifo_generator_v13_1_2 | inst_fifo_gen/gconvfifo.rf/grf.rf/gntv_or_sync_fifo.mem/gdm.dm_gen.dm/RAM_reg | User Attribute | 32 x 29              | RAM32M x 5     | 
|fifo_generator_v13_1_2 | inst_fifo_gen/gconvfifo.rf/grf.rf/gntv_or_sync_fifo.mem/gdm.dm_gen.dm/RAM_reg | User Attribute | 32 x 29              | RAM32M x 5     | 
+-----------------------+-------------------------------------------------------------------------------+----------------+----------------------+----------------+

Note: The table above is a preliminary report that shows the Distributed RAMs at the current stage of the synthesis flow. Some Distributed RAMs may be reimplemented as non Distributed RAM primitives later in the synthesis flow. Multiple instantiated RAMs are reported only once.
---------------------------------------------------------------------------------
Finished ROM, RAM, DSP and Shift Register Reporting
---------------------------------------------------------------------------------
Finished Applying XDC Timing Constraints : Time (s): cpu = 00:03:03 ; elapsed = 00:03:16 . Memory (MB): peak = 728.668 ; gain = 519.105
Finished Timing Optimization : Time (s): cpu = 00:03:09 ; elapsed = 00:03:22 . Memory (MB): peak = 783.480 ; gain = 573.918
Finished Technology Mapping : Time (s): cpu = 00:03:11 ; elapsed = 00:03:24 . Memory (MB): peak = 783.480 ; gain = 573.918
Finished IO Insertion : Time (s): cpu = 00:03:12 ; elapsed = 00:03:26 . Memory (MB): peak = 783.480 ; gain = 573.918
Finished Renaming Generated Instances : Time (s): cpu = 00:03:12 ; elapsed = 00:03:26 . Memory (MB): peak = 783.480 ; gain = 573.918
Finished Rebuilding User Hierarchy : Time (s): cpu = 00:03:13 ; elapsed = 00:03:26 . Memory (MB): peak = 783.480 ; gain = 573.918
Finished Renaming Generated Ports : Time (s): cpu = 00:03:13 ; elapsed = 00:03:26 . Memory (MB): peak = 783.480 ; gain = 573.918
Finished Handling Custom Attributes : Time (s): cpu = 00:03:13 ; elapsed = 00:03:26 . Memory (MB): peak = 783.480 ; gain = 573.918
Finished Renaming Generated Nets : Time (s): cpu = 00:03:13 ; elapsed = 00:03:27 . Memory (MB): peak = 783.480 ; gain = 573.918

Report Cell Usage: 
+------+---------+------+
|      |Cell     |Count |
+------+---------+------+
|1     |CARRY4   |    34|
|2     |LUT1     |    36|
|3     |LUT2     |    96|
|4     |LUT3     |   191|
|5     |LUT4     |   304|
|6     |LUT5     |   271|
|7     |LUT6     |   353|
|8     |RAM32M   |    14|
|9     |RAM32X1D |     1|
|10    |FDCE     |   138|
|11    |FDPE     |   126|
|12    |FDRE     |   998|
|13    |FDSE     |     5|
+------+---------+------+
Finished Writing Synthesis Report : Time (s): cpu = 00:03:13 ; elapsed = 00:03:27 . Memory (MB): peak = 783.480 ; gain = 573.918
synth_design: Time (s): cpu = 00:03:11 ; elapsed = 00:03:21 . Memory (MB): peak = 783.480 ; gain = 524.086
