
*** Running vivado
    with args -log design_1_s01_mmu_0.vds -m64 -product Vivado -mode batch -messageDb vivado.pb -notrace -source design_1_s01_mmu_0.tcl


****** Vivado v2016.3 (64-bit)
  **** SW Build 1682563 on Mon Oct 10 19:07:27 MDT 2016
  **** IP Build 1681267 on Mon Oct 10 21:28:31 MDT 2016
    ** Copyright 1986-2016 Xilinx, Inc. All Rights Reserved.

source design_1_s01_mmu_0.tcl -notrace
Starting RTL Elaboration : Time (s): cpu = 00:00:14 ; elapsed = 00:00:19 . Memory (MB): peak = 344.773 ; gain = 135.234
INFO: [Synth 8-638] synthesizing module 'design_1_s01_mmu_0' [a:/COMP_ARCH/PYNQ_Projects/Vivado_prj/prefetch_with-log/prefetch_with-log.srcs/sources_1/bd/design_1/ip/design_1_s01_mmu_0/synth/design_1_s01_mmu_0.v:58]
INFO: [Synth 8-638] synthesizing module 'axi_mmu_v2_1_8_top' [a:/COMP_ARCH/PYNQ_Projects/Vivado_prj/prefetch_with-log/prefetch_with-log.srcs/sources_1/bd/design_1/ipshared/661f/hdl/axi_mmu_v2_1_vl_rfs.v:557]
INFO: [Synth 8-638] synthesizing module 'axi_mmu_v2_1_8_addr_decoder' [a:/COMP_ARCH/PYNQ_Projects/Vivado_prj/prefetch_with-log/prefetch_with-log.srcs/sources_1/bd/design_1/ipshared/661f/hdl/axi_mmu_v2_1_vl_rfs.v:63]
INFO: [Synth 8-256] done synthesizing module 'axi_mmu_v2_1_8_addr_decoder' (1#1) [a:/COMP_ARCH/PYNQ_Projects/Vivado_prj/prefetch_with-log/prefetch_with-log.srcs/sources_1/bd/design_1/ipshared/661f/hdl/axi_mmu_v2_1_vl_rfs.v:63]
INFO: [Synth 8-638] synthesizing module 'axi_mmu_v2_1_8_decerr_slave' [a:/COMP_ARCH/PYNQ_Projects/Vivado_prj/prefetch_with-log/prefetch_with-log.srcs/sources_1/bd/design_1/ipshared/661f/hdl/axi_mmu_v2_1_vl_rfs.v:201]
INFO: [Synth 8-256] done synthesizing module 'axi_mmu_v2_1_8_decerr_slave' (2#1) [a:/COMP_ARCH/PYNQ_Projects/Vivado_prj/prefetch_with-log/prefetch_with-log.srcs/sources_1/bd/design_1/ipshared/661f/hdl/axi_mmu_v2_1_vl_rfs.v:201]
INFO: [Synth 8-638] synthesizing module 'axi_register_slice_v2_1_10_axi_register_slice' [a:/COMP_ARCH/PYNQ_Projects/Vivado_prj/prefetch_with-log/prefetch_with-log.srcs/sources_1/bd/design_1/ipshared/7efe/hdl/axi_register_slice_v2_1_vl_rfs.v:791]
INFO: [Synth 8-638] synthesizing module 'axi_infrastructure_v1_1_0_axi2vector' [a:/COMP_ARCH/PYNQ_Projects/Vivado_prj/prefetch_with-log/prefetch_with-log.srcs/sources_1/bd/design_1/ipshared/7e3a/hdl/axi_infrastructure_v1_1_vl_rfs.v:60]
INFO: [Synth 8-256] done synthesizing module 'axi_infrastructure_v1_1_0_axi2vector' (3#1) [a:/COMP_ARCH/PYNQ_Projects/Vivado_prj/prefetch_with-log/prefetch_with-log.srcs/sources_1/bd/design_1/ipshared/7e3a/hdl/axi_infrastructure_v1_1_vl_rfs.v:60]
INFO: [Synth 8-638] synthesizing module 'axi_register_slice_v2_1_10_axic_register_slice' [a:/COMP_ARCH/PYNQ_Projects/Vivado_prj/prefetch_with-log/prefetch_with-log.srcs/sources_1/bd/design_1/ipshared/7efe/hdl/axi_register_slice_v2_1_vl_rfs.v:85]
INFO: [Synth 8-256] done synthesizing module 'axi_register_slice_v2_1_10_axic_register_slice' (4#1) [a:/COMP_ARCH/PYNQ_Projects/Vivado_prj/prefetch_with-log/prefetch_with-log.srcs/sources_1/bd/design_1/ipshared/7efe/hdl/axi_register_slice_v2_1_vl_rfs.v:85]
INFO: [Synth 8-638] synthesizing module 'axi_register_slice_v2_1_10_axic_register_slice__parameterized0' [a:/COMP_ARCH/PYNQ_Projects/Vivado_prj/prefetch_with-log/prefetch_with-log.srcs/sources_1/bd/design_1/ipshared/7efe/hdl/axi_register_slice_v2_1_vl_rfs.v:85]
INFO: [Synth 8-256] done synthesizing module 'axi_register_slice_v2_1_10_axic_register_slice__parameterized0' (4#1) [a:/COMP_ARCH/PYNQ_Projects/Vivado_prj/prefetch_with-log/prefetch_with-log.srcs/sources_1/bd/design_1/ipshared/7efe/hdl/axi_register_slice_v2_1_vl_rfs.v:85]
INFO: [Synth 8-638] synthesizing module 'axi_register_slice_v2_1_10_axic_register_slice__parameterized1' [a:/COMP_ARCH/PYNQ_Projects/Vivado_prj/prefetch_with-log/prefetch_with-log.srcs/sources_1/bd/design_1/ipshared/7efe/hdl/axi_register_slice_v2_1_vl_rfs.v:85]
INFO: [Synth 8-256] done synthesizing module 'axi_register_slice_v2_1_10_axic_register_slice__parameterized1' (4#1) [a:/COMP_ARCH/PYNQ_Projects/Vivado_prj/prefetch_with-log/prefetch_with-log.srcs/sources_1/bd/design_1/ipshared/7efe/hdl/axi_register_slice_v2_1_vl_rfs.v:85]
INFO: [Synth 8-638] synthesizing module 'axi_register_slice_v2_1_10_axic_register_slice__parameterized2' [a:/COMP_ARCH/PYNQ_Projects/Vivado_prj/prefetch_with-log/prefetch_with-log.srcs/sources_1/bd/design_1/ipshared/7efe/hdl/axi_register_slice_v2_1_vl_rfs.v:85]
INFO: [Synth 8-256] done synthesizing module 'axi_register_slice_v2_1_10_axic_register_slice__parameterized2' (4#1) [a:/COMP_ARCH/PYNQ_Projects/Vivado_prj/prefetch_with-log/prefetch_with-log.srcs/sources_1/bd/design_1/ipshared/7efe/hdl/axi_register_slice_v2_1_vl_rfs.v:85]
INFO: [Synth 8-638] synthesizing module 'axi_infrastructure_v1_1_0_vector2axi' [a:/COMP_ARCH/PYNQ_Projects/Vivado_prj/prefetch_with-log/prefetch_with-log.srcs/sources_1/bd/design_1/ipshared/7e3a/hdl/axi_infrastructure_v1_1_vl_rfs.v:474]
INFO: [Synth 8-256] done synthesizing module 'axi_infrastructure_v1_1_0_vector2axi' (5#1) [a:/COMP_ARCH/PYNQ_Projects/Vivado_prj/prefetch_with-log/prefetch_with-log.srcs/sources_1/bd/design_1/ipshared/7e3a/hdl/axi_infrastructure_v1_1_vl_rfs.v:474]
INFO: [Synth 8-256] done synthesizing module 'axi_register_slice_v2_1_10_axi_register_slice' (6#1) [a:/COMP_ARCH/PYNQ_Projects/Vivado_prj/prefetch_with-log/prefetch_with-log.srcs/sources_1/bd/design_1/ipshared/7efe/hdl/axi_register_slice_v2_1_vl_rfs.v:791]
INFO: [Synth 8-256] done synthesizing module 'axi_mmu_v2_1_8_top' (7#1) [a:/COMP_ARCH/PYNQ_Projects/Vivado_prj/prefetch_with-log/prefetch_with-log.srcs/sources_1/bd/design_1/ipshared/661f/hdl/axi_mmu_v2_1_vl_rfs.v:557]
INFO: [Synth 8-256] done synthesizing module 'design_1_s01_mmu_0' (8#1) [a:/COMP_ARCH/PYNQ_Projects/Vivado_prj/prefetch_with-log/prefetch_with-log.srcs/sources_1/bd/design_1/ip/design_1_s01_mmu_0/synth/design_1_s01_mmu_0.v:58]
Finished RTL Elaboration : Time (s): cpu = 00:00:16 ; elapsed = 00:00:21 . Memory (MB): peak = 382.145 ; gain = 172.605
Finished RTL Optimization Phase 1 : Time (s): cpu = 00:00:16 ; elapsed = 00:00:21 . Memory (MB): peak = 382.145 ; gain = 172.605
INFO: [Device 21-403] Loading part xc7z020clg400-1
Constraint Validation Runtime : Time (s): cpu = 00:00:00 ; elapsed = 00:00:00.051 . Memory (MB): peak = 704.840 ; gain = 0.000
Finished Constraint Validation : Time (s): cpu = 00:00:32 ; elapsed = 00:00:39 . Memory (MB): peak = 704.840 ; gain = 495.301
Finished Loading Part and Timing Information : Time (s): cpu = 00:00:32 ; elapsed = 00:00:39 . Memory (MB): peak = 704.840 ; gain = 495.301
Finished applying 'set_property' XDC Constraints : Time (s): cpu = 00:00:32 ; elapsed = 00:00:39 . Memory (MB): peak = 704.840 ; gain = 495.301
Finished RTL Optimization Phase 2 : Time (s): cpu = 00:00:33 ; elapsed = 00:00:39 . Memory (MB): peak = 704.840 ; gain = 495.301
Finished Cross Boundary and Area Optimization : Time (s): cpu = 00:00:35 ; elapsed = 00:00:42 . Memory (MB): peak = 704.840 ; gain = 495.301
Finished Applying XDC Timing Constraints : Time (s): cpu = 00:00:56 ; elapsed = 00:01:03 . Memory (MB): peak = 704.840 ; gain = 495.301
Finished Timing Optimization : Time (s): cpu = 00:00:56 ; elapsed = 00:01:04 . Memory (MB): peak = 704.840 ; gain = 495.301
Finished Technology Mapping : Time (s): cpu = 00:00:56 ; elapsed = 00:01:04 . Memory (MB): peak = 704.840 ; gain = 495.301
Finished IO Insertion : Time (s): cpu = 00:00:58 ; elapsed = 00:01:06 . Memory (MB): peak = 704.840 ; gain = 495.301
Finished Renaming Generated Instances : Time (s): cpu = 00:00:58 ; elapsed = 00:01:06 . Memory (MB): peak = 704.840 ; gain = 495.301
Finished Rebuilding User Hierarchy : Time (s): cpu = 00:00:58 ; elapsed = 00:01:06 . Memory (MB): peak = 704.840 ; gain = 495.301
Finished Renaming Generated Ports : Time (s): cpu = 00:00:58 ; elapsed = 00:01:06 . Memory (MB): peak = 704.840 ; gain = 495.301
Finished Handling Custom Attributes : Time (s): cpu = 00:00:58 ; elapsed = 00:01:06 . Memory (MB): peak = 704.840 ; gain = 495.301
Finished Renaming Generated Nets : Time (s): cpu = 00:00:58 ; elapsed = 00:01:06 . Memory (MB): peak = 704.840 ; gain = 495.301

Report Cell Usage: 
+------+-----+------+
|      |Cell |Count |
+------+-----+------+
|1     |LUT1 |     6|
|2     |LUT2 |     6|
|3     |LUT3 |    43|
|4     |LUT4 |    32|
|5     |LUT5 |    29|
|6     |LUT6 |    27|
|7     |FDRE |   165|
+------+-----+------+
Finished Writing Synthesis Report : Time (s): cpu = 00:00:58 ; elapsed = 00:01:06 . Memory (MB): peak = 704.840 ; gain = 495.301
synth_design: Time (s): cpu = 00:00:52 ; elapsed = 00:00:56 . Memory (MB): peak = 704.840 ; gain = 443.711
