#-----------------------------------------------------------
# xsim v2016.3 (64-bit)
# SW Build 1682563 on Mon Oct 10 19:07:27 MDT 2016
# IP Build 1681267 on Mon Oct 10 21:28:31 MDT 2016
# Start of session at: Fri May 22 17:22:53 2020
# Process ID: 11708
# Current directory: A:/COMP_ARCH/PYNQ_Projects/LL_trials/HLS_proj/link_list/link_list_try/solution1/sim/verilog
# Command line: xsim.exe -mode tcl -source {xsim.dir/link_list/xsim_script.tcl}
# Log file: A:/COMP_ARCH/PYNQ_Projects/LL_trials/HLS_proj/link_list/link_list_try/solution1/sim/verilog/xsim.log
# Journal file: A:/COMP_ARCH/PYNQ_Projects/LL_trials/HLS_proj/link_list/link_list_try/solution1/sim/verilog\xsim.jou
#-----------------------------------------------------------
source xsim.dir/link_list/xsim_script.tcl
# xsim {link_list} -autoloadwcfg -tclbatch {link_list.tcl}
Vivado Simulator 2016.3
Time resolution is 1 ps
source link_list.tcl
## run all
////////////////////////////////////////////////////////////////////////////////////
// Inter-Transaction Progress: Completed Transaction / Total Transaction
// Intra-Transaction Progress: Measured Latency / Latency Estimation * 100%
//
// RTL Simulation : "Inter-Transaction Progress" ["Intra-Transaction Progress"] @ "Simulation Time"
////////////////////////////////////////////////////////////////////////////////////
// RTL Simulation : 0 / 1 [n/a] @ "125000"
A:/COMP_ARCH/PYNQ_Projects/LL_trials/HLS_proj/link_list/link_list_try/solution1/sim/verilog/AESL_axi_master_A_BUS.v: Read request address       2245 exceed AXI master A_BUS array depth:        500
$finish called at time : 13875 ns : File "A:/COMP_ARCH/PYNQ_Projects/LL_trials/HLS_proj/link_list/link_list_try/solution1/sim/verilog/AESL_axi_master_A_BUS.v" Line 685
## quit
INFO: [Common 17-206] Exiting xsim at Fri May 22 17:23:00 2020...
