13:55:05 INFO  : Registering command handlers for SDK TCF services
13:55:06 INFO  : Launching XSCT server: xsct.bat -interactive A:\COMP_ARCH\PYNQ_Projects\Vivado_prj\skipList_prefetch_N_elem\skipList_prefetch_N_elem.sdk\temp_xsdb_launch_script.tcl
13:55:17 INFO  : XSCT server has started successfully.
14:24:09 INFO  : Successfully done setting XSCT server connection channel  
14:24:09 INFO  : Successfully done setting SDK workspace  
14:24:10 INFO  : Processing command line option -hwspec A:/COMP_ARCH/PYNQ_Projects/Vivado_prj/skipList_prefetch_N_elem/skipList_prefetch_N_elem.sdk/design_1_wrapper.hdf.
14:33:13 INFO  : Inferring section assignments and sizes from elf file: A:\COMP_ARCH\PYNQ_Projects\Vivado_prj\skipList_prefetch_N_elem\skipList_prefetch_N_elem.sdk\skiplist_prefetch\Debug\skiplist_prefetch.elf
14:33:25 INFO  : Successfully generated A:\COMP_ARCH\PYNQ_Projects\Vivado_prj\skipList_prefetch_N_elem\skipList_prefetch_N_elem.sdk\skiplist_prefetch\src\lscript.ld.
14:33:25 INFO  : Applying linker script to all configurations of project skiplist_prefetch.
14:33:25 INFO  : Setting rebuild state to true for all configurations of project skiplist_prefetch.
14:35:42 INFO  : Connected to target on host '127.0.0.1' and port '3121'.
14:35:43 INFO  : 'targets -set -filter {jtag_cable_name =~ "Xilinx PYNQ-Z1 003017A6E019A" && level==0} -index 1' command is executed.
14:35:46 INFO  : FPGA configured successfully with bitstream "A:/COMP_ARCH/PYNQ_Projects/Vivado_prj/skipList_prefetch_N_elem/skipList_prefetch_N_elem.sdk/design_1_wrapper_hw_platform_0/design_1_wrapper.bit"
14:36:25 INFO  : ps7_init is completed.
14:36:25 INFO  : ps7_post_config is completed.
14:36:25 INFO  : Processor reset is completed for ps7_cortexa9_0
14:36:34 INFO  : Processor reset is completed for ps7_cortexa9_0
14:41:18 INFO  : Processor reset is completed for ps7_cortexa9_0
14:41:34 INFO  : Processor reset is completed for ps7_cortexa9_0
14:42:05 INFO  : Processor reset is completed for ps7_cortexa9_0
14:42:15 INFO  : Processor reset is completed for ps7_cortexa9_0
14:42:38 INFO  : Processor reset is completed for ps7_cortexa9_0
14:42:53 INFO  : Processor reset is completed for ps7_cortexa9_0
14:43:23 INFO  : Processor reset is completed for ps7_cortexa9_0
14:43:47 INFO  : Processor reset is completed for ps7_cortexa9_0
14:43:56 INFO  : Processor reset is completed for ps7_cortexa9_0
14:44:05 INFO  : Processor reset is completed for ps7_cortexa9_0
14:44:13 INFO  : Processor reset is completed for ps7_cortexa9_0
14:44:22 INFO  : Processor reset is completed for ps7_cortexa9_0
14:45:50 ERROR : Unexpected error while parsing XMD response ?: com.google.gson.JsonSyntaxException: com.google.gson.stream.MalformedJsonException: invalid number or unquoted string near 
