
*** Running vivado
    with args -log design_1_xlconstant_2_0.vds -m64 -product Vivado -mode batch -messageDb vivado.pb -notrace -source design_1_xlconstant_2_0.tcl


****** Vivado v2016.3 (64-bit)
  **** SW Build 1682563 on Mon Oct 10 19:07:27 MDT 2016
  **** IP Build 1681267 on Mon Oct 10 21:28:31 MDT 2016
    ** Copyright 1986-2016 Xilinx, Inc. All Rights Reserved.

source design_1_xlconstant_2_0.tcl -notrace
Starting RTL Elaboration : Time (s): cpu = 00:00:13 ; elapsed = 00:00:17 . Memory (MB): peak = 337.352 ; gain = 127.949
INFO: [Synth 8-638] synthesizing module 'design_1_xlconstant_2_0' [a:/COMP_ARCH/PYNQ_Projects/Vivado_prj/write_ACP/write_ACP.srcs/sources_1/bd/design_1/ip/design_1_xlconstant_2_0/sim/design_1_xlconstant_2_0.v:56]
INFO: [Synth 8-638] synthesizing module 'xlconstant' [a:/COMP_ARCH/PYNQ_Projects/Vivado_prj/write_ACP/write_ACP.srcs/sources_1/bd/design_1/ipshared/e147/xlconstant.v:23]
INFO: [Synth 8-256] done synthesizing module 'xlconstant' (1#1) [a:/COMP_ARCH/PYNQ_Projects/Vivado_prj/write_ACP/write_ACP.srcs/sources_1/bd/design_1/ipshared/e147/xlconstant.v:23]
INFO: [Synth 8-256] done synthesizing module 'design_1_xlconstant_2_0' (2#1) [a:/COMP_ARCH/PYNQ_Projects/Vivado_prj/write_ACP/write_ACP.srcs/sources_1/bd/design_1/ip/design_1_xlconstant_2_0/sim/design_1_xlconstant_2_0.v:56]
Finished RTL Elaboration : Time (s): cpu = 00:00:14 ; elapsed = 00:00:18 . Memory (MB): peak = 374.789 ; gain = 165.387
Finished RTL Optimization Phase 1 : Time (s): cpu = 00:00:14 ; elapsed = 00:00:19 . Memory (MB): peak = 374.789 ; gain = 165.387
INFO: [Device 21-403] Loading part xc7z020clg400-1
Constraint Validation Runtime : Time (s): cpu = 00:00:00 ; elapsed = 00:00:00.060 . Memory (MB): peak = 586.945 ; gain = 0.000
Finished Constraint Validation : Time (s): cpu = 00:00:30 ; elapsed = 00:00:39 . Memory (MB): peak = 586.945 ; gain = 377.543
Finished Loading Part and Timing Information : Time (s): cpu = 00:00:30 ; elapsed = 00:00:39 . Memory (MB): peak = 586.945 ; gain = 377.543
Finished applying 'set_property' XDC Constraints : Time (s): cpu = 00:00:30 ; elapsed = 00:00:39 . Memory (MB): peak = 586.945 ; gain = 377.543
Finished RTL Optimization Phase 2 : Time (s): cpu = 00:00:30 ; elapsed = 00:00:39 . Memory (MB): peak = 586.945 ; gain = 377.543
Finished Cross Boundary and Area Optimization : Time (s): cpu = 00:00:30 ; elapsed = 00:00:40 . Memory (MB): peak = 586.945 ; gain = 377.543
Finished Applying XDC Timing Constraints : Time (s): cpu = 00:00:49 ; elapsed = 00:01:00 . Memory (MB): peak = 625.727 ; gain = 416.324
Finished Timing Optimization : Time (s): cpu = 00:00:49 ; elapsed = 00:01:00 . Memory (MB): peak = 625.727 ; gain = 416.324
Finished Technology Mapping : Time (s): cpu = 00:00:49 ; elapsed = 00:01:00 . Memory (MB): peak = 635.402 ; gain = 426.000
Finished IO Insertion : Time (s): cpu = 00:00:50 ; elapsed = 00:01:01 . Memory (MB): peak = 635.402 ; gain = 426.000
Finished Renaming Generated Instances : Time (s): cpu = 00:00:50 ; elapsed = 00:01:01 . Memory (MB): peak = 635.402 ; gain = 426.000
Finished Rebuilding User Hierarchy : Time (s): cpu = 00:00:50 ; elapsed = 00:01:01 . Memory (MB): peak = 635.402 ; gain = 426.000
Finished Renaming Generated Ports : Time (s): cpu = 00:00:50 ; elapsed = 00:01:01 . Memory (MB): peak = 635.402 ; gain = 426.000
Finished Handling Custom Attributes : Time (s): cpu = 00:00:50 ; elapsed = 00:01:01 . Memory (MB): peak = 635.402 ; gain = 426.000
Finished Renaming Generated Nets : Time (s): cpu = 00:00:50 ; elapsed = 00:01:01 . Memory (MB): peak = 635.402 ; gain = 426.000

Report Cell Usage: 
+-+-----+------+
| |Cell |Count |
+-+-----+------+
+-+-----+------+
Finished Writing Synthesis Report : Time (s): cpu = 00:00:50 ; elapsed = 00:01:01 . Memory (MB): peak = 635.402 ; gain = 426.000
synth_design: Time (s): cpu = 00:00:45 ; elapsed = 00:00:53 . Memory (MB): peak = 659.551 ; gain = 399.480
