

================================================================
== Vivado HLS Report for 'skip_prefetch'
================================================================
* Date:           Tue Oct 20 15:46:25 2020

* Version:        2016.3 (Build 1682563 on Mon Oct 10 19:41:59 MDT 2016)
* Project:        skip_prefetch
* Solution:       solution1
* Product family: zynq
* Target device:  xc7z020clg400-1


================================================================
== Performance Estimates
================================================================
+ Timing (ns): 
    * Summary: 
    +--------+-------+----------+------------+
    |  Clock | Target| Estimated| Uncertainty|
    +--------+-------+----------+------------+
    |ap_clk  |  10.00|      9.85|        1.25|
    +--------+-------+----------+------------+

+ Latency (clock cycles): 
    * Summary: 
    +-----+-----+-----+-----+---------+
    |  Latency  |  Interval | Pipeline|
    | min | max | min | max |   Type  |
    +-----+-----+-----+-----+---------+
    |    ?|    ?|    ?|    ?|   none  |
    +-----+-----+-----+-----+---------+

    + Detail: 
        * Instance: 
        N/A

        * Loop: 
        +-------------+-----+-----+----------+-----------+-----------+------+----------+
        |             |  Latency  | Iteration|  Initiation Interval  | Trip |          |
        |  Loop Name  | min | max |  Latency |  achieved |   target  | Count| Pipelined|
        +-------------+-----+-----+----------+-----------+-----------+------+----------+
        |- Loop 1     |   55|   55|        11|          -|          -|     5|    no    |
        |- Loop 2     |    ?|    ?|        23|          -|          -|     ?|    no    |
        | + Loop 2.1  |   14|   14|        11|          1|          1|     5|    yes   |
        +-------------+-----+-----+----------+-----------+-----------+------+----------+



================================================================
== Utilization Estimates
================================================================
* Summary: 
+-----------------+---------+-------+--------+-------+
|       Name      | BRAM_18K| DSP48E|   FF   |  LUT  |
+-----------------+---------+-------+--------+-------+
|DSP              |        -|      -|       -|      -|
|Expression       |        -|      -|       0|    380|
|FIFO             |        -|      -|       -|      -|
|Instance         |        8|      4|    1244|   1700|
|Memory           |        2|      -|       0|      0|
|Multiplexer      |        -|      -|       -|    123|
|Register         |        -|      -|     545|     36|
+-----------------+---------+-------+--------+-------+
|Total            |       10|      4|    1789|   2239|
+-----------------+---------+-------+--------+-------+
|Available        |      280|    220|  106400|  53200|
+-----------------+---------+-------+--------+-------+
|Utilization (%)  |        3|      1|       1|      4|
+-----------------+---------+-------+--------+-------+

+ Detail: 
    * Instance: 
    +-----------------------------------+---------------------------------+---------+-------+-----+-----+
    |              Instance             |              Module             | BRAM_18K| DSP48E|  FF | LUT |
    +-----------------------------------+---------------------------------+---------+-------+-----+-----+
    |skip_prefetch_A_BUS_m_axi_U        |skip_prefetch_A_BUS_m_axi        |        4|      0|  566|  766|
    |skip_prefetch_CFG_s_axi_U          |skip_prefetch_CFG_s_axi          |        0|      0|  112|  168|
    |skip_prefetch_PREF_WINDOW_m_axi_U  |skip_prefetch_PREF_WINDOW_m_axi  |        4|      0|  566|  766|
    |skip_prefetch_mulbkb_U0            |skip_prefetch_mulbkb             |        0|      4|    0|    0|
    +-----------------------------------+---------------------------------+---------+-------+-----+-----+
    |Total                              |                                 |        8|      4| 1244| 1700|
    +-----------------------------------+---------------------------------+---------+-------+-----+-----+

    * DSP48: 
    N/A

    * Memory: 
    +--------+--------------------+---------+---+----+------+-----+------+-------------+
    | Memory |       Module       | BRAM_18K| FF| LUT| Words| Bits| Banks| W*Bits*Banks|
    +--------+--------------------+---------+---+----+------+-----+------+-------------+
    |buff_U  |skip_prefetch_buff  |        2|  0|   0|     5|   32|     1|          160|
    +--------+--------------------+---------+---+----+------+-----+------+-------------+
    |Total   |                    |        2|  0|   0|     5|   32|     1|          160|
    +--------+--------------------+---------+---+----+------+-----+------+-------------+

    * FIFO: 
    N/A

    * Expression: 
    +----------------------+----------+-------+---+----+------------+------------+
    |     Variable Name    | Operation| DSP48E| FF| LUT| Bitwidth P0| Bitwidth P1|
    +----------------------+----------+-------+---+----+------------+------------+
    |a2_sum5_fu_452_p2     |     +    |      0|  0|  32|          32|          32|
    |a2_sum_fu_295_p2      |     +    |      0|  0|  31|          31|          31|
    |buff_d1               |     +    |      0|  0|  32|          32|          32|
    |cum_offs_1_fu_338_p2  |     +    |      0|  0|  19|          19|          19|
    |i_1_fu_285_p2         |     +    |      0|  0|   3|           3|           1|
    |i_2_fu_429_p2         |     +    |      0|  0|  32|          32|           1|
    |j_1_fu_441_p2         |     +    |      0|  0|   3|           3|           1|
    |tmp_1_fu_314_p2       |     +    |      0|  0|  19|          19|          19|
    |tmp_5_fu_347_p2       |     +    |      0|  0|  32|          32|           4|
    |neg_mul_fu_381_p2     |     -    |      0|  0|  65|           1|          65|
    |neg_ti_fu_410_p2      |     -    |      0|  0|  32|           1|          32|
    |ap_condition_629      |    and   |      0|  0|   1|           1|           1|
    |exitcond1_fu_279_p2   |   icmp   |      0|  0|   2|           3|           3|
    |exitcond_fu_435_p2    |   icmp   |      0|  0|   2|           3|           3|
    |tmp_7_fu_423_p2       |   icmp   |      0|  0|  11|          32|          32|
    |tmp_13_fu_403_p3      |  select  |      0|  0|  32|           1|          32|
    |tmp_6_fu_416_p3       |  select  |      0|  0|  32|           1|          32|
    +----------------------+----------+-------+---+----+------------+------------+
    |Total                 |          |      0|  0| 380|         246|         340|
    +----------------------+----------+-------+---+----+------------+------------+

    * Multiplexer: 
    +------------------------------------+----+-----------+-----+-----------+
    |                Name                | LUT| Input Size| Bits| Total Bits|
    +------------------------------------+----+-----------+-----+-----------+
    |A_BUS_ARADDR                        |  32|          4|   32|        128|
    |A_BUS_blk_n_AR                      |   1|          2|    1|          2|
    |A_BUS_blk_n_R                       |   1|          2|    1|          2|
    |PREF_WINDOW_blk_n_AR                |   1|          2|    1|          2|
    |PREF_WINDOW_blk_n_R                 |   1|          2|    1|          2|
    |ap_NS_fsm                           |  24|         30|    1|         30|
    |ap_enable_reg_pp0_iter10            |   1|          2|    1|          2|
    |ap_sig_ioackin_A_BUS_ARREADY        |   1|          2|    1|          2|
    |ap_sig_ioackin_PREF_WINDOW_ARREADY  |   1|          2|    1|          2|
    |buff_address0                       |   3|          3|    3|          9|
    |cum_offs_reg_175                    |  19|          2|   19|         38|
    |i1_reg_198                          |  32|          2|   32|         64|
    |i_reg_187                           |   3|          2|    3|          6|
    |j_reg_209                           |   3|          2|    3|          6|
    +------------------------------------+----+-----------+-----+-----------+
    |Total                               | 123|         59|  100|        295|
    +------------------------------------+----+-----------+-----+-----------+

    * Register: 
    +------------------------------------+----+----+-----+-----------+
    |                Name                | FF | LUT| Bits| Const Bits|
    +------------------------------------+----+----+-----+-----------+
    |A_BUS_addr_reg_524                  |  32|   0|   32|          0|
    |N_fu_114                            |  32|   0|   32|          0|
    |a1_reg_478                          |  29|   0|   29|          0|
    |a2_sum5_reg_590                     |  32|   0|   32|          0|
    |a2_sum_reg_519                      |  31|   0|   31|          0|
    |ap_CS_fsm                           |  29|   0|   29|          0|
    |ap_enable_reg_pp0_iter0             |   1|   0|    1|          0|
    |ap_enable_reg_pp0_iter1             |   1|   0|    1|          0|
    |ap_enable_reg_pp0_iter10            |   1|   0|    1|          0|
    |ap_enable_reg_pp0_iter2             |   1|   0|    1|          0|
    |ap_enable_reg_pp0_iter3             |   1|   0|    1|          0|
    |ap_enable_reg_pp0_iter4             |   1|   0|    1|          0|
    |ap_enable_reg_pp0_iter5             |   1|   0|    1|          0|
    |ap_enable_reg_pp0_iter6             |   1|   0|    1|          0|
    |ap_enable_reg_pp0_iter7             |   1|   0|    1|          0|
    |ap_enable_reg_pp0_iter8             |   1|   0|    1|          0|
    |ap_enable_reg_pp0_iter9             |   1|   0|    1|          0|
    |ap_reg_ioackin_A_BUS_ARREADY        |   1|   0|    1|          0|
    |ap_reg_ioackin_PREF_WINDOW_ARREADY  |   1|   0|    1|          0|
    |buff_addr_1_reg_579                 |   3|   0|    3|          0|
    |buff_load_reg_585                   |  32|   0|   32|          0|
    |cum_offs_reg_175                    |  19|   0|   19|          0|
    |exitcond_reg_570                    |   1|   0|    1|          0|
    |i1_reg_198                          |  32|   0|   32|          0|
    |i_1_reg_514                         |   3|   0|    3|          0|
    |i_2_reg_565                         |  32|   0|   32|          0|
    |i_cast2_reg_506                     |   3|   0|   32|         29|
    |i_reg_187                           |   3|   0|    3|          0|
    |j_reg_209                           |   3|   0|    3|          0|
    |mul_reg_551                         |  65|   0|   65|          0|
    |n3_reg_473                          |  30|   0|   30|          0|
    |reg_230                             |  16|   0|   16|          0|
    |tmp_10_cast_reg_501                 |  29|   0|   31|          2|
    |tmp_10_reg_496                      |  29|   0|   32|          3|
    |tmp_14_reg_545                      |   1|   0|    1|          0|
    |tmp_16_reg_556                      |  30|   0|   30|          0|
    |tmp_4_reg_530                       |  16|   0|   16|          0|
    |buff_addr_1_reg_579                 |   0|   3|    3|          0|
    |buff_load_reg_585                   |   0|  32|   32|          0|
    |exitcond_reg_570                    |   0|   1|    1|          0|
    +------------------------------------+----+----+-----+-----------+
    |Total                               | 545|  36|  615|         34|
    +------------------------------------+----+----+-----+-----------+



================================================================
== Interface
================================================================
* Summary: 
+----------------------------+-----+-----+------------+---------------+--------------+
|          RTL Ports         | Dir | Bits|  Protocol  | Source Object |    C Type    |
+----------------------------+-----+-----+------------+---------------+--------------+
|s_axi_CFG_AWVALID           |  in |    1|    s_axi   |      CFG      |    scalar    |
|s_axi_CFG_AWREADY           | out |    1|    s_axi   |      CFG      |    scalar    |
|s_axi_CFG_AWADDR            |  in |    5|    s_axi   |      CFG      |    scalar    |
|s_axi_CFG_WVALID            |  in |    1|    s_axi   |      CFG      |    scalar    |
|s_axi_CFG_WREADY            | out |    1|    s_axi   |      CFG      |    scalar    |
|s_axi_CFG_WDATA             |  in |   32|    s_axi   |      CFG      |    scalar    |
|s_axi_CFG_WSTRB             |  in |    4|    s_axi   |      CFG      |    scalar    |
|s_axi_CFG_ARVALID           |  in |    1|    s_axi   |      CFG      |    scalar    |
|s_axi_CFG_ARREADY           | out |    1|    s_axi   |      CFG      |    scalar    |
|s_axi_CFG_ARADDR            |  in |    5|    s_axi   |      CFG      |    scalar    |
|s_axi_CFG_RVALID            | out |    1|    s_axi   |      CFG      |    scalar    |
|s_axi_CFG_RREADY            |  in |    1|    s_axi   |      CFG      |    scalar    |
|s_axi_CFG_RDATA             | out |   32|    s_axi   |      CFG      |    scalar    |
|s_axi_CFG_RRESP             | out |    2|    s_axi   |      CFG      |    scalar    |
|s_axi_CFG_BVALID            | out |    1|    s_axi   |      CFG      |    scalar    |
|s_axi_CFG_BREADY            |  in |    1|    s_axi   |      CFG      |    scalar    |
|s_axi_CFG_BRESP             | out |    2|    s_axi   |      CFG      |    scalar    |
|ap_clk                      |  in |    1| ap_ctrl_hs | skip_prefetch | return value |
|ap_rst_n                    |  in |    1| ap_ctrl_hs | skip_prefetch | return value |
|interrupt                   | out |    1| ap_ctrl_hs | skip_prefetch | return value |
|m_axi_A_BUS_AWVALID         | out |    1|    m_axi   |     A_BUS     |    pointer   |
|m_axi_A_BUS_AWREADY         |  in |    1|    m_axi   |     A_BUS     |    pointer   |
|m_axi_A_BUS_AWADDR          | out |   32|    m_axi   |     A_BUS     |    pointer   |
|m_axi_A_BUS_AWID            | out |    1|    m_axi   |     A_BUS     |    pointer   |
|m_axi_A_BUS_AWLEN           | out |    8|    m_axi   |     A_BUS     |    pointer   |
|m_axi_A_BUS_AWSIZE          | out |    3|    m_axi   |     A_BUS     |    pointer   |
|m_axi_A_BUS_AWBURST         | out |    2|    m_axi   |     A_BUS     |    pointer   |
|m_axi_A_BUS_AWLOCK          | out |    2|    m_axi   |     A_BUS     |    pointer   |
|m_axi_A_BUS_AWCACHE         | out |    4|    m_axi   |     A_BUS     |    pointer   |
|m_axi_A_BUS_AWPROT          | out |    3|    m_axi   |     A_BUS     |    pointer   |
|m_axi_A_BUS_AWQOS           | out |    4|    m_axi   |     A_BUS     |    pointer   |
|m_axi_A_BUS_AWREGION        | out |    4|    m_axi   |     A_BUS     |    pointer   |
|m_axi_A_BUS_AWUSER          | out |    1|    m_axi   |     A_BUS     |    pointer   |
|m_axi_A_BUS_WVALID          | out |    1|    m_axi   |     A_BUS     |    pointer   |
|m_axi_A_BUS_WREADY          |  in |    1|    m_axi   |     A_BUS     |    pointer   |
|m_axi_A_BUS_WDATA           | out |   64|    m_axi   |     A_BUS     |    pointer   |
|m_axi_A_BUS_WSTRB           | out |    8|    m_axi   |     A_BUS     |    pointer   |
|m_axi_A_BUS_WLAST           | out |    1|    m_axi   |     A_BUS     |    pointer   |
|m_axi_A_BUS_WID             | out |    1|    m_axi   |     A_BUS     |    pointer   |
|m_axi_A_BUS_WUSER           | out |    1|    m_axi   |     A_BUS     |    pointer   |
|m_axi_A_BUS_ARVALID         | out |    1|    m_axi   |     A_BUS     |    pointer   |
|m_axi_A_BUS_ARREADY         |  in |    1|    m_axi   |     A_BUS     |    pointer   |
|m_axi_A_BUS_ARADDR          | out |   32|    m_axi   |     A_BUS     |    pointer   |
|m_axi_A_BUS_ARID            | out |    1|    m_axi   |     A_BUS     |    pointer   |
|m_axi_A_BUS_ARLEN           | out |    8|    m_axi   |     A_BUS     |    pointer   |
|m_axi_A_BUS_ARSIZE          | out |    3|    m_axi   |     A_BUS     |    pointer   |
|m_axi_A_BUS_ARBURST         | out |    2|    m_axi   |     A_BUS     |    pointer   |
|m_axi_A_BUS_ARLOCK          | out |    2|    m_axi   |     A_BUS     |    pointer   |
|m_axi_A_BUS_ARCACHE         | out |    4|    m_axi   |     A_BUS     |    pointer   |
|m_axi_A_BUS_ARPROT          | out |    3|    m_axi   |     A_BUS     |    pointer   |
|m_axi_A_BUS_ARQOS           | out |    4|    m_axi   |     A_BUS     |    pointer   |
|m_axi_A_BUS_ARREGION        | out |    4|    m_axi   |     A_BUS     |    pointer   |
|m_axi_A_BUS_ARUSER          | out |    1|    m_axi   |     A_BUS     |    pointer   |
|m_axi_A_BUS_RVALID          |  in |    1|    m_axi   |     A_BUS     |    pointer   |
|m_axi_A_BUS_RREADY          | out |    1|    m_axi   |     A_BUS     |    pointer   |
|m_axi_A_BUS_RDATA           |  in |   64|    m_axi   |     A_BUS     |    pointer   |
|m_axi_A_BUS_RLAST           |  in |    1|    m_axi   |     A_BUS     |    pointer   |
|m_axi_A_BUS_RID             |  in |    1|    m_axi   |     A_BUS     |    pointer   |
|m_axi_A_BUS_RUSER           |  in |    1|    m_axi   |     A_BUS     |    pointer   |
|m_axi_A_BUS_RRESP           |  in |    2|    m_axi   |     A_BUS     |    pointer   |
|m_axi_A_BUS_BVALID          |  in |    1|    m_axi   |     A_BUS     |    pointer   |
|m_axi_A_BUS_BREADY          | out |    1|    m_axi   |     A_BUS     |    pointer   |
|m_axi_A_BUS_BRESP           |  in |    2|    m_axi   |     A_BUS     |    pointer   |
|m_axi_A_BUS_BID             |  in |    1|    m_axi   |     A_BUS     |    pointer   |
|m_axi_A_BUS_BUSER           |  in |    1|    m_axi   |     A_BUS     |    pointer   |
|m_axi_PREF_WINDOW_AWVALID   | out |    1|    m_axi   |  PREF_WINDOW  |    pointer   |
|m_axi_PREF_WINDOW_AWREADY   |  in |    1|    m_axi   |  PREF_WINDOW  |    pointer   |
|m_axi_PREF_WINDOW_AWADDR    | out |   32|    m_axi   |  PREF_WINDOW  |    pointer   |
|m_axi_PREF_WINDOW_AWID      | out |    1|    m_axi   |  PREF_WINDOW  |    pointer   |
|m_axi_PREF_WINDOW_AWLEN     | out |    8|    m_axi   |  PREF_WINDOW  |    pointer   |
|m_axi_PREF_WINDOW_AWSIZE    | out |    3|    m_axi   |  PREF_WINDOW  |    pointer   |
|m_axi_PREF_WINDOW_AWBURST   | out |    2|    m_axi   |  PREF_WINDOW  |    pointer   |
|m_axi_PREF_WINDOW_AWLOCK    | out |    2|    m_axi   |  PREF_WINDOW  |    pointer   |
|m_axi_PREF_WINDOW_AWCACHE   | out |    4|    m_axi   |  PREF_WINDOW  |    pointer   |
|m_axi_PREF_WINDOW_AWPROT    | out |    3|    m_axi   |  PREF_WINDOW  |    pointer   |
|m_axi_PREF_WINDOW_AWQOS     | out |    4|    m_axi   |  PREF_WINDOW  |    pointer   |
|m_axi_PREF_WINDOW_AWREGION  | out |    4|    m_axi   |  PREF_WINDOW  |    pointer   |
|m_axi_PREF_WINDOW_AWUSER    | out |    1|    m_axi   |  PREF_WINDOW  |    pointer   |
|m_axi_PREF_WINDOW_WVALID    | out |    1|    m_axi   |  PREF_WINDOW  |    pointer   |
|m_axi_PREF_WINDOW_WREADY    |  in |    1|    m_axi   |  PREF_WINDOW  |    pointer   |
|m_axi_PREF_WINDOW_WDATA     | out |   32|    m_axi   |  PREF_WINDOW  |    pointer   |
|m_axi_PREF_WINDOW_WSTRB     | out |    4|    m_axi   |  PREF_WINDOW  |    pointer   |
|m_axi_PREF_WINDOW_WLAST     | out |    1|    m_axi   |  PREF_WINDOW  |    pointer   |
|m_axi_PREF_WINDOW_WID       | out |    1|    m_axi   |  PREF_WINDOW  |    pointer   |
|m_axi_PREF_WINDOW_WUSER     | out |    1|    m_axi   |  PREF_WINDOW  |    pointer   |
|m_axi_PREF_WINDOW_ARVALID   | out |    1|    m_axi   |  PREF_WINDOW  |    pointer   |
|m_axi_PREF_WINDOW_ARREADY   |  in |    1|    m_axi   |  PREF_WINDOW  |    pointer   |
|m_axi_PREF_WINDOW_ARADDR    | out |   32|    m_axi   |  PREF_WINDOW  |    pointer   |
|m_axi_PREF_WINDOW_ARID      | out |    1|    m_axi   |  PREF_WINDOW  |    pointer   |
|m_axi_PREF_WINDOW_ARLEN     | out |    8|    m_axi   |  PREF_WINDOW  |    pointer   |
|m_axi_PREF_WINDOW_ARSIZE    | out |    3|    m_axi   |  PREF_WINDOW  |    pointer   |
|m_axi_PREF_WINDOW_ARBURST   | out |    2|    m_axi   |  PREF_WINDOW  |    pointer   |
|m_axi_PREF_WINDOW_ARLOCK    | out |    2|    m_axi   |  PREF_WINDOW  |    pointer   |
|m_axi_PREF_WINDOW_ARCACHE   | out |    4|    m_axi   |  PREF_WINDOW  |    pointer   |
|m_axi_PREF_WINDOW_ARPROT    | out |    3|    m_axi   |  PREF_WINDOW  |    pointer   |
|m_axi_PREF_WINDOW_ARQOS     | out |    4|    m_axi   |  PREF_WINDOW  |    pointer   |
|m_axi_PREF_WINDOW_ARREGION  | out |    4|    m_axi   |  PREF_WINDOW  |    pointer   |
|m_axi_PREF_WINDOW_ARUSER    | out |    1|    m_axi   |  PREF_WINDOW  |    pointer   |
|m_axi_PREF_WINDOW_RVALID    |  in |    1|    m_axi   |  PREF_WINDOW  |    pointer   |
|m_axi_PREF_WINDOW_RREADY    | out |    1|    m_axi   |  PREF_WINDOW  |    pointer   |
|m_axi_PREF_WINDOW_RDATA     |  in |   32|    m_axi   |  PREF_WINDOW  |    pointer   |
|m_axi_PREF_WINDOW_RLAST     |  in |    1|    m_axi   |  PREF_WINDOW  |    pointer   |
|m_axi_PREF_WINDOW_RID       |  in |    1|    m_axi   |  PREF_WINDOW  |    pointer   |
|m_axi_PREF_WINDOW_RUSER     |  in |    1|    m_axi   |  PREF_WINDOW  |    pointer   |
|m_axi_PREF_WINDOW_RRESP     |  in |    2|    m_axi   |  PREF_WINDOW  |    pointer   |
|m_axi_PREF_WINDOW_BVALID    |  in |    1|    m_axi   |  PREF_WINDOW  |    pointer   |
|m_axi_PREF_WINDOW_BREADY    | out |    1|    m_axi   |  PREF_WINDOW  |    pointer   |
|m_axi_PREF_WINDOW_BRESP     |  in |    2|    m_axi   |  PREF_WINDOW  |    pointer   |
|m_axi_PREF_WINDOW_BID       |  in |    1|    m_axi   |  PREF_WINDOW  |    pointer   |
|m_axi_PREF_WINDOW_BUSER     |  in |    1|    m_axi   |  PREF_WINDOW  |    pointer   |
+----------------------------+-----+-----+------------+---------------+--------------+

