15:24:22 INFO  : Registering command handlers for SDK TCF services
15:24:23 INFO  : Launching XSCT server: xsct.bat -interactive A:\COMP_ARCH\PYNQ_Projects\Vivado_prj\skipList_prefetch_N_elem\skipList_prefetch_N_elem.sdk\temp_xsdb_launch_script.tcl
15:24:27 INFO  : XSCT server has started successfully.
15:24:34 INFO  : Successfully done setting XSCT server connection channel  
15:24:34 INFO  : Processing command line option -hwspec A:/COMP_ARCH/PYNQ_Projects/Vivado_prj/skipList_prefetch_N_elem/skipList_prefetch_N_elem.sdk/design_1_wrapper.hdf.
15:24:34 INFO  : Successfully done setting SDK workspace  
15:26:25 INFO  : Inferring section assignments and sizes from elf file: A:\COMP_ARCH\PYNQ_Projects\Vivado_prj\skipList_prefetch_N_elem\skipList_prefetch_N_elem.sdk\skiplist_prefetch\Debug\skiplist_prefetch.elf
15:26:36 INFO  : Successfully generated A:\COMP_ARCH\PYNQ_Projects\Vivado_prj\skipList_prefetch_N_elem\skipList_prefetch_N_elem.sdk\skiplist_prefetch\src\lscript.ld.
15:26:36 INFO  : Applying linker script to all configurations of project skiplist_prefetch.
15:26:36 INFO  : Setting rebuild state to true for all configurations of project skiplist_prefetch.
15:26:51 INFO  : Connected to target on host '127.0.0.1' and port '3121'.
15:26:52 INFO  : 'targets -set -filter {jtag_cable_name =~ "Xilinx PYNQ-Z1 003017A6E019A" && level==0} -index 1' command is executed.
15:26:55 INFO  : FPGA configured successfully with bitstream "A:/COMP_ARCH/PYNQ_Projects/Vivado_prj/skipList_prefetch_N_elem/skipList_prefetch_N_elem.sdk/design_1_wrapper_hw_platform_0/design_1_wrapper.bit"
15:28:54 INFO  : ps7_init is completed.
15:28:54 INFO  : ps7_post_config is completed.
15:28:54 INFO  : Processor reset is completed for ps7_cortexa9_0
15:29:01 INFO  : Processor reset is completed for ps7_cortexa9_0
15:29:25 INFO  : Processor reset is completed for ps7_cortexa9_0
15:29:42 INFO  : Processor reset is completed for ps7_cortexa9_0
15:29:55 INFO  : Processor reset is completed for ps7_cortexa9_0
15:30:03 INFO  : Processor reset is completed for ps7_cortexa9_0
15:30:27 INFO  : Processor reset is completed for ps7_cortexa9_0
15:30:31 INFO  : Processor reset is completed for ps7_cortexa9_0
15:30:45 INFO  : Connected to target on host '127.0.0.1' and port '3121'.
15:30:49 INFO  : 'targets -set -filter {jtag_cable_name =~ "Xilinx PYNQ-Z1 003017A6E019A" && level==0} -index 1' command is executed.
15:30:51 INFO  : FPGA configured successfully with bitstream "A:/COMP_ARCH/PYNQ_Projects/Vivado_prj/skipList_prefetch_N_elem/skipList_prefetch_N_elem.sdk/design_1_wrapper_hw_platform_0/design_1_wrapper.bit"
15:30:55 INFO  : ps7_init is completed.
15:30:55 INFO  : ps7_post_config is completed.
15:30:56 INFO  : Processor reset is completed for ps7_cortexa9_0
15:31:20 INFO  : Processor reset is completed for ps7_cortexa9_0
15:31:49 INFO  : Processor reset is completed for ps7_cortexa9_0
15:31:58 INFO  : Processor reset is completed for ps7_cortexa9_0
15:32:08 INFO  : Processor reset is completed for ps7_cortexa9_0
15:32:18 INFO  : Processor reset is completed for ps7_cortexa9_0
15:32:28 INFO  : Processor reset is completed for ps7_cortexa9_0
15:32:39 INFO  : Processor reset is completed for ps7_cortexa9_0
15:33:54 INFO  : Processor reset is completed for ps7_cortexa9_0
15:34:21 ERROR : Unexpected error while parsing XMD response ?: com.google.gson.JsonSyntaxException: com.google.gson.stream.MalformedJsonException: invalid number or unquoted string near 
