
*** Running vivado
    with args -log design_1_processing_system7_0_2.vds -m64 -product Vivado -mode batch -messageDb vivado.pb -notrace -source design_1_processing_system7_0_2.tcl


****** Vivado v2016.3 (64-bit)
  **** SW Build 1682563 on Mon Oct 10 19:07:27 MDT 2016
  **** IP Build 1681267 on Mon Oct 10 21:28:31 MDT 2016
    ** Copyright 1986-2016 Xilinx, Inc. All Rights Reserved.

source design_1_processing_system7_0_2.tcl -notrace
Starting RTL Elaboration : Time (s): cpu = 00:00:16 ; elapsed = 00:00:29 . Memory (MB): peak = 350.453 ; gain = 141.184
INFO: [Synth 8-638] synthesizing module 'design_1_processing_system7_0_2' [a:/COMP_ARCH/PYNQ_Projects/Vivado_prj/prefetch_with-log/prefetch_with-log.srcs/sources_1/bd/design_1/ip/design_1_processing_system7_0_2/synth/design_1_processing_system7_0_2.v:60]
INFO: [Synth 8-638] synthesizing module 'processing_system7_v5_5_processing_system7' [a:/COMP_ARCH/PYNQ_Projects/Vivado_prj/prefetch_with-log/prefetch_with-log.srcs/sources_1/bd/design_1/ip/design_1_processing_system7_0_2/hdl/verilog/processing_system7_v5_5_processing_system7.v:161]
INFO: [Synth 8-638] synthesizing module 'BUFG' [C:/Xilinx/Vivado/2016.3/scripts/rt/data/unisim_comp.v:607]
INFO: [Synth 8-256] done synthesizing module 'BUFG' (1#1) [C:/Xilinx/Vivado/2016.3/scripts/rt/data/unisim_comp.v:607]
INFO: [Synth 8-638] synthesizing module 'BIBUF' [C:/Xilinx/Vivado/2016.3/scripts/rt/data/unisim_comp.v:268]
INFO: [Synth 8-256] done synthesizing module 'BIBUF' (2#1) [C:/Xilinx/Vivado/2016.3/scripts/rt/data/unisim_comp.v:268]
INFO: [Synth 8-638] synthesizing module 'PS7' [C:/Xilinx/Vivado/2016.3/scripts/rt/data/unisim_comp.v:33182]
INFO: [Synth 8-256] done synthesizing module 'PS7' (3#1) [C:/Xilinx/Vivado/2016.3/scripts/rt/data/unisim_comp.v:33182]
INFO: [Synth 8-256] done synthesizing module 'processing_system7_v5_5_processing_system7' (4#1) [a:/COMP_ARCH/PYNQ_Projects/Vivado_prj/prefetch_with-log/prefetch_with-log.srcs/sources_1/bd/design_1/ip/design_1_processing_system7_0_2/hdl/verilog/processing_system7_v5_5_processing_system7.v:161]
INFO: [Synth 8-256] done synthesizing module 'design_1_processing_system7_0_2' (5#1) [a:/COMP_ARCH/PYNQ_Projects/Vivado_prj/prefetch_with-log/prefetch_with-log.srcs/sources_1/bd/design_1/ip/design_1_processing_system7_0_2/synth/design_1_processing_system7_0_2.v:60]
Finished RTL Elaboration : Time (s): cpu = 00:00:18 ; elapsed = 00:00:32 . Memory (MB): peak = 388.664 ; gain = 179.395
Finished RTL Optimization Phase 1 : Time (s): cpu = 00:00:19 ; elapsed = 00:00:32 . Memory (MB): peak = 388.664 ; gain = 179.395
INFO: [Device 21-403] Loading part xc7z020clg400-1
Constraint Validation Runtime : Time (s): cpu = 00:00:00 ; elapsed = 00:00:00.272 . Memory (MB): peak = 630.008 ; gain = 0.000
Finished Constraint Validation : Time (s): cpu = 00:00:36 ; elapsed = 00:00:57 . Memory (MB): peak = 630.008 ; gain = 420.738
Finished Loading Part and Timing Information : Time (s): cpu = 00:00:36 ; elapsed = 00:00:57 . Memory (MB): peak = 630.008 ; gain = 420.738
Finished applying 'set_property' XDC Constraints : Time (s): cpu = 00:00:37 ; elapsed = 00:00:58 . Memory (MB): peak = 630.008 ; gain = 420.738
Finished RTL Optimization Phase 2 : Time (s): cpu = 00:00:38 ; elapsed = 00:00:59 . Memory (MB): peak = 630.008 ; gain = 420.738
Finished Cross Boundary and Area Optimization : Time (s): cpu = 00:00:39 ; elapsed = 00:01:00 . Memory (MB): peak = 630.008 ; gain = 420.738
Finished Applying XDC Timing Constraints : Time (s): cpu = 00:00:58 ; elapsed = 00:01:20 . Memory (MB): peak = 831.219 ; gain = 621.949
Finished Timing Optimization : Time (s): cpu = 00:00:58 ; elapsed = 00:01:20 . Memory (MB): peak = 848.273 ; gain = 639.004
Finished Technology Mapping : Time (s): cpu = 00:01:00 ; elapsed = 00:01:22 . Memory (MB): peak = 852.664 ; gain = 643.395
Finished IO Insertion : Time (s): cpu = 00:01:03 ; elapsed = 00:01:25 . Memory (MB): peak = 852.664 ; gain = 643.395
Finished Renaming Generated Instances : Time (s): cpu = 00:01:03 ; elapsed = 00:01:25 . Memory (MB): peak = 852.664 ; gain = 643.395
Finished Rebuilding User Hierarchy : Time (s): cpu = 00:01:03 ; elapsed = 00:01:25 . Memory (MB): peak = 852.664 ; gain = 643.395
Finished Renaming Generated Ports : Time (s): cpu = 00:01:03 ; elapsed = 00:01:25 . Memory (MB): peak = 852.664 ; gain = 643.395
Finished Handling Custom Attributes : Time (s): cpu = 00:01:03 ; elapsed = 00:01:25 . Memory (MB): peak = 852.664 ; gain = 643.395
Finished Renaming Generated Nets : Time (s): cpu = 00:01:03 ; elapsed = 00:01:25 . Memory (MB): peak = 852.664 ; gain = 643.395

Report Cell Usage: 
+------+------+------+
|      |Cell  |Count |
+------+------+------+
|1     |BIBUF |   130|
|2     |BUFG  |     1|
|3     |LUT1  |   112|
|4     |PS7   |     1|
+------+------+------+
Finished Writing Synthesis Report : Time (s): cpu = 00:01:03 ; elapsed = 00:01:25 . Memory (MB): peak = 852.664 ; gain = 643.395
synth_design: Time (s): cpu = 00:00:59 ; elapsed = 00:01:15 . Memory (MB): peak = 875.992 ; gain = 605.563
