INFO: [XSIM 43-3496] Using init file passed via -initfile option "C:/Xilinx/Vivado/2016.3/bin/../data/xsim/ip/xsim_ip.ini".
Vivado Simulator 2016.3
Copyright 1986-1999, 2001-2016 Xilinx, Inc. All Rights Reserved.
Running: C:/Xilinx/Vivado/2016.3/bin/unwrapped/win64.o/xelab.exe xil_defaultlib.apatb_skip_list_prefetch_top -prj skip_list_prefetch.prj --initfile C:/Xilinx/Vivado/2016.3/bin/../data/xsim/ip/xsim_ip.ini --lib ieee_proposed=./ieee_proposed -s skip_list_prefetch 
Multi-threading is on. Using 2 slave threads.
INFO: [VRFC 10-2263] Analyzing SystemVerilog file "A:/COMP_ARCH/PYNQ_Projects/HLS_proj/proj_13_skiplist_prefetch/skip_list_prefetch/solution1/sim/verilog/AESL_axi_master_A_BUS.v" into library xil_defaultlib
INFO: [VRFC 10-311] analyzing module AESL_axi_master_A_BUS
INFO: [VRFC 10-2263] Analyzing SystemVerilog file "A:/COMP_ARCH/PYNQ_Projects/HLS_proj/proj_13_skiplist_prefetch/skip_list_prefetch/solution1/sim/verilog/AESL_axi_slave_CFG.v" into library xil_defaultlib
INFO: [VRFC 10-311] analyzing module AESL_axi_slave_CFG
INFO: [VRFC 10-2263] Analyzing SystemVerilog file "A:/COMP_ARCH/PYNQ_Projects/HLS_proj/proj_13_skiplist_prefetch/skip_list_prefetch/solution1/sim/verilog/skip_list_prefetch.autotb.v" into library xil_defaultlib
INFO: [VRFC 10-311] analyzing module apatb_skip_list_prefetch_top
INFO: [VRFC 10-2263] Analyzing SystemVerilog file "A:/COMP_ARCH/PYNQ_Projects/HLS_proj/proj_13_skiplist_prefetch/skip_list_prefetch/solution1/sim/verilog/skip_list_prefetch.v" into library xil_defaultlib
INFO: [VRFC 10-311] analyzing module skip_list_prefetch
INFO: [VRFC 10-2263] Analyzing SystemVerilog file "A:/COMP_ARCH/PYNQ_Projects/HLS_proj/proj_13_skiplist_prefetch/skip_list_prefetch/solution1/sim/verilog/skip_list_prefetch_A_BUS_m_axi.v" into library xil_defaultlib
INFO: [VRFC 10-311] analyzing module skip_list_prefetch_A_BUS_m_axi
INFO: [VRFC 10-311] analyzing module skip_list_prefetch_A_BUS_m_axi_reg_slice
INFO: [VRFC 10-311] analyzing module skip_list_prefetch_A_BUS_m_axi_fifo
INFO: [VRFC 10-311] analyzing module skip_list_prefetch_A_BUS_m_axi_buffer
INFO: [VRFC 10-311] analyzing module skip_list_prefetch_A_BUS_m_axi_decoder
INFO: [VRFC 10-311] analyzing module skip_list_prefetch_A_BUS_m_axi_throttl
INFO: [VRFC 10-311] analyzing module skip_list_prefetch_A_BUS_m_axi_read
INFO: [VRFC 10-311] analyzing module skip_list_prefetch_A_BUS_m_axi_write
INFO: [VRFC 10-2458] undeclared symbol data_valid, assumed default net type wire [A:/COMP_ARCH/PYNQ_Projects/HLS_proj/proj_13_skiplist_prefetch/skip_list_prefetch/solution1/sim/verilog/skip_list_prefetch_A_BUS_m_axi.v:2009]
INFO: [VRFC 10-2263] Analyzing SystemVerilog file "A:/COMP_ARCH/PYNQ_Projects/HLS_proj/proj_13_skiplist_prefetch/skip_list_prefetch/solution1/sim/verilog/skip_list_prefetch_CFG_s_axi.v" into library xil_defaultlib
INFO: [VRFC 10-311] analyzing module skip_list_prefetch_CFG_s_axi
Starting static elaboration
Completed static elaboration
Starting simulation data flow analysis
Completed simulation data flow analysis
Time Resolution for simulation is 1ps
Compiling module xil_defaultlib.skip_list_prefetch_CFG_s_axi(C_S...
Compiling module xil_defaultlib.skip_list_prefetch_A_BUS_m_axi_t...
Compiling module xil_defaultlib.skip_list_prefetch_A_BUS_m_axi_f...
Compiling module xil_defaultlib.skip_list_prefetch_A_BUS_m_axi_b...
Compiling module xil_defaultlib.skip_list_prefetch_A_BUS_m_axi_f...
Compiling module xil_defaultlib.skip_list_prefetch_A_BUS_m_axi_f...
Compiling module xil_defaultlib.skip_list_prefetch_A_BUS_m_axi_f...
Compiling module xil_defaultlib.skip_list_prefetch_A_BUS_m_axi_w...
Compiling module xil_defaultlib.skip_list_prefetch_A_BUS_m_axi_b...
Compiling module xil_defaultlib.skip_list_prefetch_A_BUS_m_axi_r...
Compiling module xil_defaultlib.skip_list_prefetch_A_BUS_m_axi_r...
Compiling module xil_defaultlib.skip_list_prefetch_A_BUS_m_axi(N...
Compiling module xil_defaultlib.skip_list_prefetch_default
Compiling module xil_defaultlib.AESL_axi_master_A_BUS
Compiling module xil_defaultlib.AESL_axi_slave_CFG
Compiling module xil_defaultlib.apatb_skip_list_prefetch_top
Built simulation snapshot skip_list_prefetch
