17:50:52 INFO  : Registering command handlers for SDK TCF services
17:50:53 INFO  : Launching XSCT server: xsct.bat -interactive A:\COMP_ARCH\PYNQ_Projects\Vivado_prj\AXI_master_slave_try2\AXI_master_slave_try2.sdk\temp_xsdb_launch_script.tcl
17:50:56 INFO  : XSCT server has started successfully.
17:50:57 INFO  : Processing command line option -hwspec A:/COMP_ARCH/PYNQ_Projects/Vivado_prj/AXI_master_slave_try2/AXI_master_slave_try2.sdk/design_1_wrapper.hdf.
17:50:57 INFO  : Successfully done setting XSCT server connection channel  
17:50:57 INFO  : Successfully done setting SDK workspace  
17:52:41 INFO  : Connected to target on host '127.0.0.1' and port '3121'.
17:52:47 INFO  : 'targets -set -filter {jtag_cable_name =~ "Xilinx PYNQ-Z1 003017A6E019A" && level==0} -index 1' command is executed.
17:52:49 INFO  : FPGA configured successfully with bitstream "A:/COMP_ARCH/PYNQ_Projects/Vivado_prj/AXI_master_slave_try2/AXI_master_slave_try2.sdk/design_1_wrapper_hw_platform_0/design_1_wrapper.bit"
17:53:15 INFO  : ps7_init is completed.
17:53:15 INFO  : ps7_post_config is completed.
17:53:15 INFO  : Processor reset is completed for ps7_cortexa9_0
17:57:16 INFO  : Processor reset is completed for ps7_cortexa9_0
17:57:32 INFO  : Connected to target on host '127.0.0.1' and port '3121'.
17:57:35 INFO  : 'targets -set -filter {jtag_cable_name =~ "Xilinx PYNQ-Z1 003017A6E019A" && level==0} -index 1' command is executed.
17:57:38 INFO  : FPGA configured successfully with bitstream "A:/COMP_ARCH/PYNQ_Projects/Vivado_prj/AXI_master_slave_try2/AXI_master_slave_try2.sdk/design_1_wrapper_hw_platform_0/design_1_wrapper.bit"
17:57:42 INFO  : ps7_init is completed.
17:57:42 INFO  : ps7_post_config is completed.
17:57:42 INFO  : Processor reset is completed for ps7_cortexa9_0
18:38:46 INFO  : Processor reset is completed for ps7_cortexa9_0
18:38:59 INFO  : Processor reset is completed for ps7_cortexa9_0
01:47:21 ERROR : Unexpected error while parsing XMD response ?: com.google.gson.JsonSyntaxException: com.google.gson.stream.MalformedJsonException: invalid number or unquoted string near 
08:25:16 INFO  : Registering command handlers for SDK TCF services
08:25:17 INFO  : Launching XSCT server: xsct.bat -interactive A:\COMP_ARCH\PYNQ_Projects\Vivado_prj\AXI_master_slave_try2\AXI_master_slave_try2.sdk\temp_xsdb_launch_script.tcl
08:25:34 INFO  : XSCT server has started successfully.
08:26:17 INFO  : Successfully done setting XSCT server connection channel  
08:26:17 INFO  : Successfully done setting SDK workspace  
19:53:15 INFO  : Registering command handlers for SDK TCF services
19:53:15 INFO  : Launching XSCT server: xsct.bat -interactive A:\COMP_ARCH\PYNQ_Projects\Vivado_prj\AXI_master_slave_try2\AXI_master_slave_try2.sdk\temp_xsdb_launch_script.tcl
19:53:21 INFO  : XSCT server has started successfully.
19:53:22 INFO  : Successfully done setting XSCT server connection channel  
19:53:26 INFO  : Successfully done setting SDK workspace  
19:54:17 INFO  : Connected to target on host '127.0.0.1' and port '3121'.
19:54:18 INFO  : 'targets -set -filter {jtag_cable_name =~ "Xilinx PYNQ-Z1 003017A6E019A" && level==0} -index 1' command is executed.
19:54:20 INFO  : FPGA configured successfully with bitstream "A:/COMP_ARCH/PYNQ_Projects/Vivado_prj/AXI_master_slave_try2/AXI_master_slave_try2.sdk/design_1_wrapper_hw_platform_0/design_1_wrapper.bit"
19:55:23 INFO  : ps7_init is completed.
19:55:24 INFO  : ps7_post_config is completed.
19:55:24 INFO  : Processor reset is completed for ps7_cortexa9_0
19:56:03 INFO  : Processor reset is completed for ps7_cortexa9_0
19:56:16 ERROR : Unexpected error while parsing XMD response ?: com.google.gson.JsonSyntaxException: com.google.gson.stream.MalformedJsonException: invalid number or unquoted string near 
