
*** Running vivado
    with args -log design_1_auto_us_0.vds -m64 -product Vivado -mode batch -messageDb vivado.pb -notrace -source design_1_auto_us_0.tcl


****** Vivado v2016.3 (64-bit)
  **** SW Build 1682563 on Mon Oct 10 19:07:27 MDT 2016
  **** IP Build 1681267 on Mon Oct 10 21:28:31 MDT 2016
    ** Copyright 1986-2016 Xilinx, Inc. All Rights Reserved.

source design_1_auto_us_0.tcl -notrace
Starting RTL Elaboration : Time (s): cpu = 00:00:16 ; elapsed = 00:00:20 . Memory (MB): peak = 349.227 ; gain = 139.320
INFO: [Synth 8-638] synthesizing module 'design_1_auto_us_0' [a:/PYNQ_Projects/ACP_try/ACP_try.srcs/sources_1/bd/design_1/ip/design_1_auto_us_0/synth/design_1_auto_us_0.v:58]
INFO: [Synth 8-638] synthesizing module 'axi_dwidth_converter_v2_1_10_top' [a:/PYNQ_Projects/ACP_try/ACP_try.srcs/sources_1/bd/design_1/ipshared/4a86/hdl/axi_dwidth_converter_v2_1_vlsyn_rfs.v:14452]
INFO: [Synth 8-638] synthesizing module 'axi_dwidth_converter_v2_1_10_axi_upsizer' [a:/PYNQ_Projects/ACP_try/ACP_try.srcs/sources_1/bd/design_1/ipshared/4a86/hdl/axi_dwidth_converter_v2_1_vlsyn_rfs.v:7037]
INFO: [Synth 8-638] synthesizing module 'axi_dwidth_converter_v2_1_10_r_upsizer' [a:/PYNQ_Projects/ACP_try/ACP_try.srcs/sources_1/bd/design_1/ipshared/4a86/hdl/axi_dwidth_converter_v2_1_vlsyn_rfs.v:4652]
INFO: [Synth 8-256] done synthesizing module 'axi_dwidth_converter_v2_1_10_r_upsizer' (1#1) [a:/PYNQ_Projects/ACP_try/ACP_try.srcs/sources_1/bd/design_1/ipshared/4a86/hdl/axi_dwidth_converter_v2_1_vlsyn_rfs.v:4652]
INFO: [Synth 8-638] synthesizing module 'axi_register_slice_v2_1_10_axi_register_slice' [a:/PYNQ_Projects/ACP_try/ACP_try.srcs/sources_1/bd/design_1/ipshared/7efe/hdl/axi_register_slice_v2_1_vl_rfs.v:791]
INFO: [Synth 8-638] synthesizing module 'axi_infrastructure_v1_1_0_axi2vector' [a:/PYNQ_Projects/ACP_try/ACP_try.srcs/sources_1/bd/design_1/ipshared/7e3a/hdl/axi_infrastructure_v1_1_vl_rfs.v:60]
INFO: [Synth 8-256] done synthesizing module 'axi_infrastructure_v1_1_0_axi2vector' (2#1) [a:/PYNQ_Projects/ACP_try/ACP_try.srcs/sources_1/bd/design_1/ipshared/7e3a/hdl/axi_infrastructure_v1_1_vl_rfs.v:60]
INFO: [Synth 8-638] synthesizing module 'axi_register_slice_v2_1_10_axic_register_slice' [a:/PYNQ_Projects/ACP_try/ACP_try.srcs/sources_1/bd/design_1/ipshared/7efe/hdl/axi_register_slice_v2_1_vl_rfs.v:85]
INFO: [Synth 8-256] done synthesizing module 'axi_register_slice_v2_1_10_axic_register_slice' (3#1) [a:/PYNQ_Projects/ACP_try/ACP_try.srcs/sources_1/bd/design_1/ipshared/7efe/hdl/axi_register_slice_v2_1_vl_rfs.v:85]
INFO: [Synth 8-638] synthesizing module 'axi_register_slice_v2_1_10_axic_register_slice__parameterized0' [a:/PYNQ_Projects/ACP_try/ACP_try.srcs/sources_1/bd/design_1/ipshared/7efe/hdl/axi_register_slice_v2_1_vl_rfs.v:85]
INFO: [Synth 8-256] done synthesizing module 'axi_register_slice_v2_1_10_axic_register_slice__parameterized0' (3#1) [a:/PYNQ_Projects/ACP_try/ACP_try.srcs/sources_1/bd/design_1/ipshared/7efe/hdl/axi_register_slice_v2_1_vl_rfs.v:85]
INFO: [Synth 8-638] synthesizing module 'axi_register_slice_v2_1_10_axic_register_slice__parameterized1' [a:/PYNQ_Projects/ACP_try/ACP_try.srcs/sources_1/bd/design_1/ipshared/7efe/hdl/axi_register_slice_v2_1_vl_rfs.v:85]
INFO: [Synth 8-256] done synthesizing module 'axi_register_slice_v2_1_10_axic_register_slice__parameterized1' (3#1) [a:/PYNQ_Projects/ACP_try/ACP_try.srcs/sources_1/bd/design_1/ipshared/7efe/hdl/axi_register_slice_v2_1_vl_rfs.v:85]
INFO: [Synth 8-638] synthesizing module 'axi_register_slice_v2_1_10_axic_register_slice__parameterized2' [a:/PYNQ_Projects/ACP_try/ACP_try.srcs/sources_1/bd/design_1/ipshared/7efe/hdl/axi_register_slice_v2_1_vl_rfs.v:85]
INFO: [Synth 8-256] done synthesizing module 'axi_register_slice_v2_1_10_axic_register_slice__parameterized2' (3#1) [a:/PYNQ_Projects/ACP_try/ACP_try.srcs/sources_1/bd/design_1/ipshared/7efe/hdl/axi_register_slice_v2_1_vl_rfs.v:85]
INFO: [Synth 8-638] synthesizing module 'axi_infrastructure_v1_1_0_vector2axi' [a:/PYNQ_Projects/ACP_try/ACP_try.srcs/sources_1/bd/design_1/ipshared/7e3a/hdl/axi_infrastructure_v1_1_vl_rfs.v:474]
INFO: [Synth 8-256] done synthesizing module 'axi_infrastructure_v1_1_0_vector2axi' (4#1) [a:/PYNQ_Projects/ACP_try/ACP_try.srcs/sources_1/bd/design_1/ipshared/7e3a/hdl/axi_infrastructure_v1_1_vl_rfs.v:474]
INFO: [Synth 8-256] done synthesizing module 'axi_register_slice_v2_1_10_axi_register_slice' (5#1) [a:/PYNQ_Projects/ACP_try/ACP_try.srcs/sources_1/bd/design_1/ipshared/7efe/hdl/axi_register_slice_v2_1_vl_rfs.v:791]
INFO: [Synth 8-638] synthesizing module 'axi_dwidth_converter_v2_1_10_a_upsizer' [a:/PYNQ_Projects/ACP_try/ACP_try.srcs/sources_1/bd/design_1/ipshared/4a86/hdl/axi_dwidth_converter_v2_1_vlsyn_rfs.v:3603]
INFO: [Synth 8-638] synthesizing module 'generic_baseblocks_v2_1_0_command_fifo' [a:/PYNQ_Projects/ACP_try/ACP_try.srcs/sources_1/bd/design_1/ipshared/7ee0/hdl/generic_baseblocks_v2_1_vl_rfs.v:655]
INFO: [Synth 8-256] done synthesizing module 'generic_baseblocks_v2_1_0_command_fifo' (6#1) [a:/PYNQ_Projects/ACP_try/ACP_try.srcs/sources_1/bd/design_1/ipshared/7ee0/hdl/generic_baseblocks_v2_1_vl_rfs.v:655]
INFO: [Synth 8-256] done synthesizing module 'axi_dwidth_converter_v2_1_10_a_upsizer' (7#1) [a:/PYNQ_Projects/ACP_try/ACP_try.srcs/sources_1/bd/design_1/ipshared/4a86/hdl/axi_dwidth_converter_v2_1_vlsyn_rfs.v:3603]
INFO: [Synth 8-638] synthesizing module 'axi_register_slice_v2_1_10_axi_register_slice__parameterized0' [a:/PYNQ_Projects/ACP_try/ACP_try.srcs/sources_1/bd/design_1/ipshared/7efe/hdl/axi_register_slice_v2_1_vl_rfs.v:791]
INFO: [Synth 8-638] synthesizing module 'axi_infrastructure_v1_1_0_axi2vector__parameterized0' [a:/PYNQ_Projects/ACP_try/ACP_try.srcs/sources_1/bd/design_1/ipshared/7e3a/hdl/axi_infrastructure_v1_1_vl_rfs.v:60]
INFO: [Synth 8-256] done synthesizing module 'axi_infrastructure_v1_1_0_axi2vector__parameterized0' (7#1) [a:/PYNQ_Projects/ACP_try/ACP_try.srcs/sources_1/bd/design_1/ipshared/7e3a/hdl/axi_infrastructure_v1_1_vl_rfs.v:60]
INFO: [Synth 8-638] synthesizing module 'axi_register_slice_v2_1_10_axic_register_slice__parameterized3' [a:/PYNQ_Projects/ACP_try/ACP_try.srcs/sources_1/bd/design_1/ipshared/7efe/hdl/axi_register_slice_v2_1_vl_rfs.v:85]
INFO: [Synth 8-256] done synthesizing module 'axi_register_slice_v2_1_10_axic_register_slice__parameterized3' (7#1) [a:/PYNQ_Projects/ACP_try/ACP_try.srcs/sources_1/bd/design_1/ipshared/7efe/hdl/axi_register_slice_v2_1_vl_rfs.v:85]
INFO: [Synth 8-638] synthesizing module 'axi_register_slice_v2_1_10_axic_register_slice__parameterized4' [a:/PYNQ_Projects/ACP_try/ACP_try.srcs/sources_1/bd/design_1/ipshared/7efe/hdl/axi_register_slice_v2_1_vl_rfs.v:85]
INFO: [Synth 8-256] done synthesizing module 'axi_register_slice_v2_1_10_axic_register_slice__parameterized4' (7#1) [a:/PYNQ_Projects/ACP_try/ACP_try.srcs/sources_1/bd/design_1/ipshared/7efe/hdl/axi_register_slice_v2_1_vl_rfs.v:85]
INFO: [Synth 8-638] synthesizing module 'axi_register_slice_v2_1_10_axic_register_slice__parameterized5' [a:/PYNQ_Projects/ACP_try/ACP_try.srcs/sources_1/bd/design_1/ipshared/7efe/hdl/axi_register_slice_v2_1_vl_rfs.v:85]
INFO: [Synth 8-256] done synthesizing module 'axi_register_slice_v2_1_10_axic_register_slice__parameterized5' (7#1) [a:/PYNQ_Projects/ACP_try/ACP_try.srcs/sources_1/bd/design_1/ipshared/7efe/hdl/axi_register_slice_v2_1_vl_rfs.v:85]
INFO: [Synth 8-638] synthesizing module 'axi_register_slice_v2_1_10_axic_register_slice__parameterized6' [a:/PYNQ_Projects/ACP_try/ACP_try.srcs/sources_1/bd/design_1/ipshared/7efe/hdl/axi_register_slice_v2_1_vl_rfs.v:85]
INFO: [Synth 8-256] done synthesizing module 'axi_register_slice_v2_1_10_axic_register_slice__parameterized6' (7#1) [a:/PYNQ_Projects/ACP_try/ACP_try.srcs/sources_1/bd/design_1/ipshared/7efe/hdl/axi_register_slice_v2_1_vl_rfs.v:85]
INFO: [Synth 8-638] synthesizing module 'axi_infrastructure_v1_1_0_vector2axi__parameterized0' [a:/PYNQ_Projects/ACP_try/ACP_try.srcs/sources_1/bd/design_1/ipshared/7e3a/hdl/axi_infrastructure_v1_1_vl_rfs.v:474]
INFO: [Synth 8-256] done synthesizing module 'axi_infrastructure_v1_1_0_vector2axi__parameterized0' (7#1) [a:/PYNQ_Projects/ACP_try/ACP_try.srcs/sources_1/bd/design_1/ipshared/7e3a/hdl/axi_infrastructure_v1_1_vl_rfs.v:474]
INFO: [Synth 8-256] done synthesizing module 'axi_register_slice_v2_1_10_axi_register_slice__parameterized0' (7#1) [a:/PYNQ_Projects/ACP_try/ACP_try.srcs/sources_1/bd/design_1/ipshared/7efe/hdl/axi_register_slice_v2_1_vl_rfs.v:791]
INFO: [Synth 8-256] done synthesizing module 'axi_dwidth_converter_v2_1_10_axi_upsizer' (8#1) [a:/PYNQ_Projects/ACP_try/ACP_try.srcs/sources_1/bd/design_1/ipshared/4a86/hdl/axi_dwidth_converter_v2_1_vlsyn_rfs.v:7037]
INFO: [Synth 8-256] done synthesizing module 'axi_dwidth_converter_v2_1_10_top' (9#1) [a:/PYNQ_Projects/ACP_try/ACP_try.srcs/sources_1/bd/design_1/ipshared/4a86/hdl/axi_dwidth_converter_v2_1_vlsyn_rfs.v:14452]
INFO: [Synth 8-256] done synthesizing module 'design_1_auto_us_0' (10#1) [a:/PYNQ_Projects/ACP_try/ACP_try.srcs/sources_1/bd/design_1/ip/design_1_auto_us_0/synth/design_1_auto_us_0.v:58]
Finished RTL Elaboration : Time (s): cpu = 00:02:10 ; elapsed = 00:02:19 . Memory (MB): peak = 466.117 ; gain = 256.211
Finished RTL Optimization Phase 1 : Time (s): cpu = 00:02:10 ; elapsed = 00:02:20 . Memory (MB): peak = 466.117 ; gain = 256.211
INFO: [Device 21-403] Loading part xc7z020clg400-1
Constraint Validation Runtime : Time (s): cpu = 00:00:00 ; elapsed = 00:00:00.142 . Memory (MB): peak = 709.809 ; gain = 0.188
Finished Constraint Validation : Time (s): cpu = 00:02:25 ; elapsed = 00:02:36 . Memory (MB): peak = 709.809 ; gain = 499.902
Finished Loading Part and Timing Information : Time (s): cpu = 00:02:25 ; elapsed = 00:02:36 . Memory (MB): peak = 709.809 ; gain = 499.902
Finished applying 'set_property' XDC Constraints : Time (s): cpu = 00:02:25 ; elapsed = 00:02:36 . Memory (MB): peak = 709.809 ; gain = 499.902
Finished RTL Optimization Phase 2 : Time (s): cpu = 00:02:26 ; elapsed = 00:02:37 . Memory (MB): peak = 709.809 ; gain = 499.902
Finished Cross Boundary and Area Optimization : Time (s): cpu = 00:02:28 ; elapsed = 00:02:39 . Memory (MB): peak = 709.809 ; gain = 499.902
Finished Applying XDC Timing Constraints : Time (s): cpu = 00:02:43 ; elapsed = 00:02:54 . Memory (MB): peak = 709.809 ; gain = 499.902
Finished Timing Optimization : Time (s): cpu = 00:02:44 ; elapsed = 00:02:55 . Memory (MB): peak = 709.809 ; gain = 499.902
Finished Technology Mapping : Time (s): cpu = 00:02:45 ; elapsed = 00:02:56 . Memory (MB): peak = 709.809 ; gain = 499.902
Finished IO Insertion : Time (s): cpu = 00:02:46 ; elapsed = 00:02:57 . Memory (MB): peak = 709.809 ; gain = 499.902
Finished Renaming Generated Instances : Time (s): cpu = 00:02:46 ; elapsed = 00:02:57 . Memory (MB): peak = 709.809 ; gain = 499.902
Finished Rebuilding User Hierarchy : Time (s): cpu = 00:02:46 ; elapsed = 00:02:57 . Memory (MB): peak = 709.809 ; gain = 499.902
Finished Renaming Generated Ports : Time (s): cpu = 00:02:46 ; elapsed = 00:02:57 . Memory (MB): peak = 709.809 ; gain = 499.902
Finished Handling Custom Attributes : Time (s): cpu = 00:02:46 ; elapsed = 00:02:57 . Memory (MB): peak = 709.809 ; gain = 499.902
Finished Renaming Generated Nets : Time (s): cpu = 00:02:46 ; elapsed = 00:02:57 . Memory (MB): peak = 709.809 ; gain = 499.902

Report Cell Usage: 
+------+--------+------+
|      |Cell    |Count |
+------+--------+------+
|1     |LUT1    |     3|
|2     |LUT2    |    13|
|3     |LUT3    |    90|
|4     |LUT4    |    17|
|5     |LUT5    |    31|
|6     |LUT6    |   119|
|7     |SRLC32E |    28|
|8     |FDRE    |   320|
|9     |FDSE    |     2|
+------+--------+------+
Finished Writing Synthesis Report : Time (s): cpu = 00:02:46 ; elapsed = 00:02:57 . Memory (MB): peak = 709.809 ; gain = 499.902
synth_design: Time (s): cpu = 00:02:41 ; elapsed = 00:02:49 . Memory (MB): peak = 713.195 ; gain = 452.469
