18:38:46 INFO  : Registering command handlers for SDK TCF services
18:38:48 INFO  : Launching XSCT server: xsct.bat -interactive A:\COMP_ARCH\PYNQ_Projects\Vivado_prj\Prefetch_master_slave\Prefetch_master_slave.sdk\temp_xsdb_launch_script.tcl
18:38:52 INFO  : XSCT server has started successfully.
18:38:53 INFO  : Processing command line option -hwspec A:/COMP_ARCH/PYNQ_Projects/Vivado_prj/Prefetch_master_slave/Prefetch_master_slave.sdk/design_1_wrapper.hdf.
18:38:53 INFO  : Successfully done setting XSCT server connection channel  
18:38:53 INFO  : Successfully done setting SDK workspace  
18:40:44 INFO  : Inferring section assignments and sizes from elf file: A:\COMP_ARCH\PYNQ_Projects\Vivado_prj\Prefetch_master_slave\Prefetch_master_slave.sdk\test_ip\Debug\test_ip.elf
18:40:55 INFO  : Successfully generated A:\COMP_ARCH\PYNQ_Projects\Vivado_prj\Prefetch_master_slave\Prefetch_master_slave.sdk\test_ip\src\lscript.ld.
18:40:55 INFO  : Applying linker script to all configurations of project test_ip.
18:40:55 INFO  : Setting rebuild state to true for all configurations of project test_ip.
18:41:56 INFO  : Connected to target on host '127.0.0.1' and port '3121'.
18:41:57 INFO  : 'targets -set -filter {jtag_cable_name =~ "Xilinx PYNQ-Z1 003017A6E019A" && level==0} -index 1' command is executed.
18:42:00 INFO  : FPGA configured successfully with bitstream "A:/COMP_ARCH/PYNQ_Projects/Vivado_prj/Prefetch_master_slave/Prefetch_master_slave.sdk/design_1_wrapper_hw_platform_0/design_1_wrapper.bit"
18:42:32 INFO  : ps7_init is completed.
18:42:33 INFO  : ps7_post_config is completed.
18:42:33 INFO  : Processor reset is completed for ps7_cortexa9_0
18:42:47 INFO  : Processor reset is completed for ps7_cortexa9_0
18:54:53 ERROR : Unexpected error while parsing XMD response ?: com.google.gson.JsonSyntaxException: com.google.gson.stream.MalformedJsonException: invalid number or unquoted string near 
19:36:40 INFO  : Registering command handlers for SDK TCF services
19:36:41 INFO  : Launching XSCT server: xsct.bat -interactive A:\COMP_ARCH\PYNQ_Projects\Vivado_prj\Prefetch_master_slave\ARID0_3_Prefetch_master_slave.sdk\temp_xsdb_launch_script.tcl
19:36:50 INFO  : XSCT server has started successfully.
19:37:17 INFO  : Successfully done setting XSCT server connection channel  
19:37:26 INFO  : Successfully done setting SDK workspace  
19:37:26 INFO  : SDK has detected change in the last modified timestamps for source hardware specification file Source:1595994777217,  Project:1595932515928
19:37:26 INFO  : Project design_1_wrapper_hw_platform_0's source hardware specification located at A:/COMP_ARCH/PYNQ_Projects/Vivado_prj/Prefetch_master_slave/Prefetch_master_slave.sdk/design_1_wrapper.hdf is now different from the local copy.
		 The local copy will be replaced with the source specification and your workspace will be updated.
19:37:28 INFO  : Project design_1_wrapper_hw_platform_0's source hardware specification location will not be monitored anymore.
19:37:43 INFO  : Connected to target on host '127.0.0.1' and port '3121'.
19:37:45 INFO  : 'targets -set -filter {jtag_cable_name =~ "Xilinx PYNQ-Z1 003017A6E019A" && level==0} -index 1' command is executed.
19:37:47 INFO  : FPGA configured successfully with bitstream "A:/COMP_ARCH/PYNQ_Projects/Vivado_prj/Prefetch_master_slave/ARID0_3_Prefetch_master_slave.sdk/design_1_wrapper_hw_platform_0/design_1_wrapper.bit"
19:38:27 INFO  : ps7_init is completed.
19:38:27 INFO  : ps7_post_config is completed.
19:38:27 INFO  : Processor reset is completed for ps7_cortexa9_0
19:38:41 ERROR : Unexpected error while parsing XMD response ?: com.google.gson.JsonSyntaxException: com.google.gson.stream.MalformedJsonException: invalid number or unquoted string near 
