Unable to capture context for thread 17136 in process 18576, can not generate back trace
Unable to capture context for thread 19344 in process 18576, can not generate back trace
Unable to capture context for thread 19140 in process 18576, can not generate back trace
Exception at PC 0x00007FFC9CE3A799
Unable to capture context for thread 19140 in process 18576, can not generate back trace
Exception at PC 0x00007FFC292BBB93
Printing stacktrace...

Exception at PC 0x00007FFC9CE3A799
Exception at PC 0x00007FFC9CE3A799
Exception at PC 0x00007FFC9CE3A799
Exception at PC 0x00007FFC9CE3A799
Exception at PC 0x00007FFC9CE3A799
Exception at PC 0x00007FFC9CE3A799
Exception at PC 0x00007FFC9CE3A799
Exception at PC 0x00007FFC9CE3A799
Exception at PC 0x00007FFC9CE3A799
Exception at PC 0x00007FFC9CE3A799
Exception at PC 0x00007FFC9CE3A799
[0]  [0x00007FFC292BBB93]
[1]  [0x00007FFC292BBB93]
[2]  [0x00007FFC292BB4A1]
[3]  [0x00007FFC292BB3EF]
[4]  [0x00007FFC292A19FE]
[5]  [0x00007FFC292A0ED1]
[6]  [0x00007FFC292A0D76]
[7]  [0x00007FFC292479F6]
[8]  [0x00007FFC29237AFB]
[9]  [0x00007FFC2935E90A]
[10]  [0x00007FFC29379F87]
[11]  [0x00007FFC2937A05F]
[12] (BaseThreadInitThunk+0x14) [0x00007FFC9EE77BD4]
[13] (RtlUserThreadStart+0x21) [0x00007FFC9FEACE51]
Done
Exception at PC 0x00007FFC9CE3A799
Exception at PC 0x00007FFC9CE3A799
Exception at PC 0x00007FFC9CE3A799
Exception at PC 0x00007FFC9CE3A799
Exception at PC 0x00007FFC9CE3A799
Exception at PC 0x00007FFC9CE3A799
