Value: 1, Address: 17278312, Offset: -20
Value: 2, Address: 17278152, Offset: 50
Value: 3, Address: 17278552, Offset: -14
Value: 4, Address: 17278440, Offset: 8
Value: 5, Address: 17278504, Offset: -6
Value: 6, Address: 17278456, Offset: -12
Value: 7, Address: 17278360, Offset: 30
Value: 8, Address: 17278600, Offset: -48
Value: 9, Address: 17278216, Offset: 50
Value: 10, Address: 17278616, Offset: -28
Value: 11, Address: 17278392, Offset: 2
Value: 12, Address: 17278408, Offset: 8
Value: 13, Address: 17278472, Offset: -12
Value: 14, Address: 17278376, Offset: -16
Value: 15, Address: 17278248, Offset: 30
Value: 16, Address: 17278488, Offset: 20
Value: 17, Address: 17278648, Offset: -28
Value: 18, Address: 17278424, Offset: 12
Value: 19, Address: 17278520, Offset: 2
Value: 20, Address: 17278536, Offset: -46
Value: 21, Address: 17278168, Offset: 58
Value: 22, Address: 17278632, Offset: -50
Value: 23, Address: 17278232, Offset: 4
Value: 24, Address: 17278264, Offset: -10
Value: 25, Address: 17278184, Offset: 48
Value: 26, Address: 17278568, Offset: 2
Value: 27, Address: 17278584, Offset: -48
Value: 28, Address: 17278200, Offset: 10
Value: 29, Address: 17278280, Offset: 2
Value: 30, Address: 17278296, Offset: 4
Value: 31, Address: 17278328, Offset: 2
Value: 32, Address: 17278344, Offset: 2223
Value: 33, Address: 17296128, Offset: 58
Value: 34, Address: 17296592, Offset: -30
Value: 35, Address: 17296352, Offset: 6
Value: 36, Address: 17296400, Offset: -4
Value: 37, Address: 17296368, Offset: -6
Value: 38, Address: 17296320, Offset: 12
Value: 39, Address: 17296416, Offset: 12
Value: 40, Address: 17296512, Offset: -10
Value: 41, Address: 17296432, Offset: -12
Value: 42, Address: 17296336, Offset: -24
Value: 43, Address: 17296144, Offset: 38
Value: 44, Address: 17296448, Offset: 10
Value: 45, Address: 17296528, Offset: 2
Value: 46, Address: 17296544, Offset: -6
Value: 47, Address: 17296496, Offset: -38
Value: 48, Address: 17296192, Offset: 46
Value: 49, Address: 17296560, Offset: -50


val 21 :: addrs 17278312 :: offset -20
val 22 :: addrs 17278152 :: offset 50
val 23 :: addrs 17278552 :: offset -14
val 24 :: addrs 17278440 :: offset 8
val 25 :: addrs 17278504 :: offset -6
val 26 :: addrs 17278456 :: offset -12
val 27 :: addrs 17278360 :: offset 30
val 28 :: addrs 17278600 :: offset -48
val 29 :: addrs 17278216 :: offset 50
val 30 :: addrs 17278616 :: offset -28
val 31 :: addrs 17278392 :: offset 2
val 32 :: addrs 17278408 :: offset 8
val 33 :: addrs 17278472 :: offset -12
val 34 :: addrs 17278376 :: offset -16
val 35 :: addrs 17278248 :: offset 30
val 36 :: addrs 17278488 :: offset 20
val 37 :: addrs 17278648 :: offset -28
val 38 :: addrs 17278424 :: offset 12
val 39 :: addrs 17278520 :: offset 2
val 40 :: addrs 17278536 :: offset -46
val 41 :: addrs 17278168 :: offset 58
val 42 :: addrs 17278632 :: offset -50
val 43 :: addrs 17278232 :: offset 4
val 44 :: addrs 17278264 :: offset -10
val 45 :: addrs 17278184 :: offset 48
val 46 :: addrs 17278568 :: offset 2
val 47 :: addrs 17278584 :: offset -48
val 48 :: addrs 17278200 :: offset 10
val 49 :: addrs 17278280 :: offset 2
val 50 :: addrs 17278296 :: offset 4
val 51 :: addrs 17278328 :: offset 2
val 52 :: addrs 17278344 :: offset 2223
val 53 :: addrs 17296128 :: offset 58
val 54 :: addrs 17296592 :: offset -30
val 55 :: addrs 17296352 :: offset 6
val 56 :: addrs 17296400 :: offset -4
val 57 :: addrs 17296368 :: offset -6
val 58 :: addrs 17296320 :: offset 12
val 59 :: addrs 17296416 :: offset 12
val 60 :: addrs 17296512 :: offset -10
val 61 :: addrs 17296432 :: offset -12
val 62 :: addrs 17296336 :: offset -24
val 63 :: addrs 17296144 :: offset 38
val 64 :: addrs 17296448 :: offset 10
val 65 :: addrs 17296528 :: offset 2
val 66 :: addrs 17296544 :: offset -6
val 67 :: addrs 17296496 :: offset -38
val 68 :: addrs 17296192 :: offset 46
val 69 :: addrs 17296560 :: offset -50

A:\COMP_ARCH\PYNQ_Projects\LL_trials\HLS_proj\link_list\link_list_try\solution1\sim\verilog>call xelab xil_defaultlib.apatb_link_list_top -prj link_list.prj --initfile "C:/Xilinx/Vivado/2016.3/bin/../data/xsim/ip/xsim_ip.ini" --lib "ieee_proposed=./ieee_proposed" -s link_list  
INFO: [XSIM 43-3496] Using init file passed via -initfile option "C:/Xilinx/Vivado/2016.3/bin/../data/xsim/ip/xsim_ip.ini".
Vivado Simulator 2016.3
Copyright 1986-1999, 2001-2016 Xilinx, Inc. All Rights Reserved.
Running: C:/Xilinx/Vivado/2016.3/bin/unwrapped/win64.o/xelab.exe xil_defaultlib.apatb_link_list_top -prj link_list.prj --initfile C:/Xilinx/Vivado/2016.3/bin/../data/xsim/ip/xsim_ip.ini --lib ieee_proposed=./ieee_proposed -s link_list 
Multi-threading is on. Using 2 slave threads.
INFO: [VRFC 10-2263] Analyzing SystemVerilog file "A:/COMP_ARCH/PYNQ_Projects/LL_trials/HLS_proj/link_list/link_list_try/solution1/sim/verilog/AESL_axi_master_A_BUS.v" into library xil_defaultlib
INFO: [VRFC 10-311] analyzing module AESL_axi_master_A_BUS
INFO: [VRFC 10-2263] Analyzing SystemVerilog file "A:/COMP_ARCH/PYNQ_Projects/LL_trials/HLS_proj/link_list/link_list_try/solution1/sim/verilog/AESL_axi_slave_CFG.v" into library xil_defaultlib
INFO: [VRFC 10-311] analyzing module AESL_axi_slave_CFG
INFO: [VRFC 10-2263] Analyzing SystemVerilog file "A:/COMP_ARCH/PYNQ_Projects/LL_trials/HLS_proj/link_list/link_list_try/solution1/sim/verilog/link_list.autotb.v" into library xil_defaultlib
INFO: [VRFC 10-311] analyzing module apatb_link_list_top
INFO: [VRFC 10-2263] Analyzing SystemVerilog file "A:/COMP_ARCH/PYNQ_Projects/LL_trials/HLS_proj/link_list/link_list_try/solution1/sim/verilog/link_list.v" into library xil_defaultlib
INFO: [VRFC 10-311] analyzing module link_list
INFO: [VRFC 10-2263] Analyzing SystemVerilog file "A:/COMP_ARCH/PYNQ_Projects/LL_trials/HLS_proj/link_list/link_list_try/solution1/sim/verilog/link_list_A_BUS_m_axi.v" into library xil_defaultlib
INFO: [VRFC 10-311] analyzing module link_list_A_BUS_m_axi
INFO: [VRFC 10-311] analyzing module link_list_A_BUS_m_axi_reg_slice
INFO: [VRFC 10-311] analyzing module link_list_A_BUS_m_axi_fifo
INFO: [VRFC 10-311] analyzing module link_list_A_BUS_m_axi_buffer
INFO: [VRFC 10-311] analyzing module link_list_A_BUS_m_axi_decoder
INFO: [VRFC 10-311] analyzing module link_list_A_BUS_m_axi_throttl
INFO: [VRFC 10-311] analyzing module link_list_A_BUS_m_axi_read
INFO: [VRFC 10-311] analyzing module link_list_A_BUS_m_axi_write
INFO: [VRFC 10-2458] undeclared symbol data_valid, assumed default net type wire [A:/COMP_ARCH/PYNQ_Projects/LL_trials/HLS_proj/link_list/link_list_try/solution1/sim/verilog/link_list_A_BUS_m_axi.v:2009]
INFO: [VRFC 10-2263] Analyzing SystemVerilog file "A:/COMP_ARCH/PYNQ_Projects/LL_trials/HLS_proj/link_list/link_list_try/solution1/sim/verilog/link_list_CFG_s_axi.v" into library xil_defaultlib
INFO: [VRFC 10-311] analyzing module link_list_CFG_s_axi
Starting static elaboration
Completed static elaboration
Starting simulation data flow analysis
Completed simulation data flow analysis
Time Resolution for simulation is 1ps
Compiling module xil_defaultlib.link_list_CFG_s_axi(C_S_AXI_ADDR...
Compiling module xil_defaultlib.link_list_A_BUS_m_axi_throttl_de...
Compiling module xil_defaultlib.link_list_A_BUS_m_axi_fifo(DATA_...
Compiling module xil_defaultlib.link_list_A_BUS_m_axi_buffer(DAT...
Compiling module xil_defaultlib.link_list_A_BUS_m_axi_fifo(DEPTH...
Compiling module xil_defaultlib.link_list_A_BUS_m_axi_fifo(DATA_...
Compiling module xil_defaultlib.link_list_A_BUS_m_axi_fifo(DATA_...
Compiling module xil_defaultlib.link_list_A_BUS_m_axi_write(NUM_...
Compiling module xil_defaultlib.link_list_A_BUS_m_axi_buffer(DAT...
Compiling module xil_defaultlib.link_list_A_BUS_m_axi_reg_slice(...
Compiling module xil_defaultlib.link_list_A_BUS_m_axi_read(NUM_R...
Compiling module xil_defaultlib.link_list_A_BUS_m_axi(NUM_READ_O...
Compiling module xil_defaultlib.link_list_default
Compiling module xil_defaultlib.AESL_axi_master_A_BUS
Compiling module xil_defaultlib.AESL_axi_slave_CFG
Compiling module xil_defaultlib.apatb_link_list_top
Built simulation snapshot link_list

****** Webtalk v2016.3 (64-bit)
  **** SW Build 1682563 on Mon Oct 10 19:07:27 MDT 2016
  **** IP Build 1681267 on Mon Oct 10 21:28:31 MDT 2016
    ** Copyright 1986-2016 Xilinx, Inc. All Rights Reserved.

source A:/COMP_ARCH/PYNQ_Projects/LL_trials/HLS_proj/link_list/link_list_try/solution1/sim/verilog/xsim.dir/link_list/webtalk/xsim_webtalk.tcl -notrace
INFO: [Common 17-206] Exiting Webtalk at Fri May 22 16:46:28 2020...

****** xsim v2016.3 (64-bit)
  **** SW Build 1682563 on Mon Oct 10 19:07:27 MDT 2016
  **** IP Build 1681267 on Mon Oct 10 21:28:31 MDT 2016
    ** Copyright 1986-2016 Xilinx, Inc. All Rights Reserved.

source xsim.dir/link_list/xsim_script.tcl
# xsim {link_list} -autoloadwcfg -tclbatch {link_list.tcl}
Vivado Simulator 2016.3
Time resolution is 1 ps
source link_list.tcl
## run all
////////////////////////////////////////////////////////////////////////////////////
// Inter-Transaction Progress: Completed Transaction / Total Transaction
// Intra-Transaction Progress: Measured Latency / Latency Estimation * 100%
//
// RTL Simulation : "Inter-Transaction Progress" ["Intra-Transaction Progress"] @ "Simulation Time"
////////////////////////////////////////////////////////////////////////////////////
// RTL Simulation : 0 / 1 [n/a] @ "125000"
A:/COMP_ARCH/PYNQ_Projects/LL_trials/HLS_proj/link_list/link_list_try/solution1/sim/verilog/AESL_axi_master_A_BUS.v: Read request address  536870892 exceed AXI master A_BUS array depth:        200
$finish called at time : 855 ns : File "A:/COMP_ARCH/PYNQ_Projects/LL_trials/HLS_proj/link_list/link_list_try/solution1/sim/verilog/AESL_axi_master_A_BUS.v" Line 685
## quit
INFO: [Common 17-206] Exiting xsim at Fri May 22 16:46:38 2020...
Value: 1, Address: 239048, Offset: -4
Value: 2, Address: 239016, Offset: 22
Value: 3, Address: 239192, Offset: -10
Value: 4, Address: 239112, Offset: -26
Value: 5, Address: 238904, Offset: -4
Value: 6, Address: 238872, Offset: 32
Value: 7, Address: 239128, Offset: -24
Value: 8, Address: 238936, Offset: 26
Value: 9, Address: 239144, Offset: 2
Value: 10, Address: 239160, Offset: -30
Value: 11, Address: 238920, Offset: 4
Value: 12, Address: 238952, Offset: 28
Value: 13, Address: 239176, Offset: 4
Value: 14, Address: 239208, Offset: 10
Value: 15, Address: 239288, Offset: -40
Value: 16, Address: 238968, Offset: 32
Value: 17, Address: 239224, Offset: -52
Value: 18, Address: 238808, Offset: 54
Value: 19, Address: 239240, Offset: 2
Value: 20, Address: 239256, Offset: -28
Value: 21, Address: 239032, Offset: -6
Value: 22, Address: 238984, Offset: 36
Value: 23, Address: 239272, Offset: -34
Value: 24, Address: 239000, Offset: -26
Value: 25, Address: 238792, Offset: 34
Value: 26, Address: 239064, Offset: -30
Value: 27, Address: 238824, Offset: 2
Value: 28, Address: 238840, Offset: 32
Value: 29, Address: 239096, Offset: -30
Value: 30, Address: 238856, Offset: 28
Value: 31, Address: 239080, Offset: -24
Value: 32, Address: 238888, Offset: 2327
Value: 33, Address: 257504, Offset: 28
Value: 34, Address: 257728, Offset: -12
Value: 35, Address: 257632, Offset: -44
Value: 36, Address: 257280, Offset: 42
Value: 37, Address: 257616, Offset: 4
Value: 38, Address: 257648, Offset: -30
Value: 39, Address: 257408, Offset: 10
Value: 40, Address: 257488, Offset: 22
Value: 41, Address: 257664, Offset: -34
Value: 42, Address: 257392, Offset: 16
Value: 43, Address: 257520, Offset: 2
Value: 44, Address: 257536, Offset: 2
Value: 45, Address: 257552, Offset: -24
Value: 46, Address: 257360, Offset: 10
Value: 47, Address: 257440, Offset: -12
Value: 48, Address: 257344, Offset: -6
Value: 49, Address: 257296, Offset: 16


val 21 :: addrs 239048 :: offset -4
val 22 :: addrs 239016 :: offset 22
val 23 :: addrs 239192 :: offset -10
val 24 :: addrs 239112 :: offset -26
val 25 :: addrs 238904 :: offset -4
val 26 :: addrs 238872 :: offset 32
val 27 :: addrs 239128 :: offset -24
val 28 :: addrs 238936 :: offset 26
val 29 :: addrs 239144 :: offset 2
val 30 :: addrs 239160 :: offset -30
val 31 :: addrs 238920 :: offset 4
val 32 :: addrs 238952 :: offset 28
val 33 :: addrs 239176 :: offset 4
val 34 :: addrs 239208 :: offset 10
val 35 :: addrs 239288 :: offset -40
val 36 :: addrs 238968 :: offset 32
val 37 :: addrs 239224 :: offset -52
val 38 :: addrs 238808 :: offset 54
val 39 :: addrs 239240 :: offset 2
val 40 :: addrs 239256 :: offset -28
val 41 :: addrs 239032 :: offset -6
val 42 :: addrs 238984 :: offset 36
val 43 :: addrs 239272 :: offset -34
val 44 :: addrs 239000 :: offset -26
val 45 :: addrs 238792 :: offset 34
val 46 :: addrs 239064 :: offset -30
val 47 :: addrs 238824 :: offset 2
val 48 :: addrs 238840 :: offset 32
val 49 :: addrs 239096 :: offset -30
val 50 :: addrs 238856 :: offset 28
val 51 :: addrs 239080 :: offset -24
val 52 :: addrs 238888 :: offset 2327
val 53 :: addrs 257504 :: offset 28
val 54 :: addrs 257728 :: offset -12
val 55 :: addrs 257632 :: offset -44
val 56 :: addrs 257280 :: offset 42
val 57 :: addrs 257616 :: offset 4
val 58 :: addrs 257648 :: offset -30
val 59 :: addrs 257408 :: offset 10
val 60 :: addrs 257488 :: offset 22
val 61 :: addrs 257664 :: offset -34
val 62 :: addrs 257392 :: offset 16
val 63 :: addrs 257520 :: offset 2
val 64 :: addrs 257536 :: offset 2
val 65 :: addrs 257552 :: offset -24
val 66 :: addrs 257360 :: offset 10
val 67 :: addrs 257440 :: offset -12
val 68 :: addrs 257344 :: offset -6
val 69 :: addrs 257296 :: offset 16

A:\COMP_ARCH\PYNQ_Projects\LL_trials\HLS_proj\link_list\link_list_try\solution1\sim\verilog>call xelab xil_defaultlib.apatb_link_list_top -prj link_list.prj --initfile "C:/Xilinx/Vivado/2016.3/bin/../data/xsim/ip/xsim_ip.ini" --lib "ieee_proposed=./ieee_proposed" -s link_list  
INFO: [XSIM 43-3496] Using init file passed via -initfile option "C:/Xilinx/Vivado/2016.3/bin/../data/xsim/ip/xsim_ip.ini".
Vivado Simulator 2016.3
Copyright 1986-1999, 2001-2016 Xilinx, Inc. All Rights Reserved.
Running: C:/Xilinx/Vivado/2016.3/bin/unwrapped/win64.o/xelab.exe xil_defaultlib.apatb_link_list_top -prj link_list.prj --initfile C:/Xilinx/Vivado/2016.3/bin/../data/xsim/ip/xsim_ip.ini --lib ieee_proposed=./ieee_proposed -s link_list 
Multi-threading is on. Using 2 slave threads.
INFO: [VRFC 10-2263] Analyzing SystemVerilog file "A:/COMP_ARCH/PYNQ_Projects/LL_trials/HLS_proj/link_list/link_list_try/solution1/sim/verilog/AESL_axi_master_A_BUS.v" into library xil_defaultlib
INFO: [VRFC 10-311] analyzing module AESL_axi_master_A_BUS
INFO: [VRFC 10-2263] Analyzing SystemVerilog file "A:/COMP_ARCH/PYNQ_Projects/LL_trials/HLS_proj/link_list/link_list_try/solution1/sim/verilog/AESL_axi_slave_CFG.v" into library xil_defaultlib
INFO: [VRFC 10-311] analyzing module AESL_axi_slave_CFG
INFO: [VRFC 10-2263] Analyzing SystemVerilog file "A:/COMP_ARCH/PYNQ_Projects/LL_trials/HLS_proj/link_list/link_list_try/solution1/sim/verilog/link_list.autotb.v" into library xil_defaultlib
INFO: [VRFC 10-311] analyzing module apatb_link_list_top
INFO: [VRFC 10-2263] Analyzing SystemVerilog file "A:/COMP_ARCH/PYNQ_Projects/LL_trials/HLS_proj/link_list/link_list_try/solution1/sim/verilog/link_list.v" into library xil_defaultlib
INFO: [VRFC 10-311] analyzing module link_list
INFO: [VRFC 10-2263] Analyzing SystemVerilog file "A:/COMP_ARCH/PYNQ_Projects/LL_trials/HLS_proj/link_list/link_list_try/solution1/sim/verilog/link_list_A_BUS_m_axi.v" into library xil_defaultlib
INFO: [VRFC 10-311] analyzing module link_list_A_BUS_m_axi
INFO: [VRFC 10-311] analyzing module link_list_A_BUS_m_axi_reg_slice
INFO: [VRFC 10-311] analyzing module link_list_A_BUS_m_axi_fifo
INFO: [VRFC 10-311] analyzing module link_list_A_BUS_m_axi_buffer
INFO: [VRFC 10-311] analyzing module link_list_A_BUS_m_axi_decoder
INFO: [VRFC 10-311] analyzing module link_list_A_BUS_m_axi_throttl
INFO: [VRFC 10-311] analyzing module link_list_A_BUS_m_axi_read
INFO: [VRFC 10-311] analyzing module link_list_A_BUS_m_axi_write
INFO: [VRFC 10-2458] undeclared symbol data_valid, assumed default net type wire [A:/COMP_ARCH/PYNQ_Projects/LL_trials/HLS_proj/link_list/link_list_try/solution1/sim/verilog/link_list_A_BUS_m_axi.v:2009]
INFO: [VRFC 10-2263] Analyzing SystemVerilog file "A:/COMP_ARCH/PYNQ_Projects/LL_trials/HLS_proj/link_list/link_list_try/solution1/sim/verilog/link_list_CFG_s_axi.v" into library xil_defaultlib
INFO: [VRFC 10-311] analyzing module link_list_CFG_s_axi
Starting static elaboration
Completed static elaboration
Starting simulation data flow analysis
Completed simulation data flow analysis
Time Resolution for simulation is 1ps
Compiling module xil_defaultlib.link_list_CFG_s_axi(C_S_AXI_ADDR...
Compiling module xil_defaultlib.link_list_A_BUS_m_axi_throttl_de...
Compiling module xil_defaultlib.link_list_A_BUS_m_axi_fifo(DATA_...
Compiling module xil_defaultlib.link_list_A_BUS_m_axi_buffer(DAT...
Compiling module xil_defaultlib.link_list_A_BUS_m_axi_fifo(DEPTH...
Compiling module xil_defaultlib.link_list_A_BUS_m_axi_fifo(DATA_...
Compiling module xil_defaultlib.link_list_A_BUS_m_axi_fifo(DATA_...
Compiling module xil_defaultlib.link_list_A_BUS_m_axi_write(NUM_...
Compiling module xil_defaultlib.link_list_A_BUS_m_axi_buffer(DAT...
Compiling module xil_defaultlib.link_list_A_BUS_m_axi_reg_slice(...
Compiling module xil_defaultlib.link_list_A_BUS_m_axi_read(NUM_R...
Compiling module xil_defaultlib.link_list_A_BUS_m_axi(NUM_READ_O...
Compiling module xil_defaultlib.link_list_default
Compiling module xil_defaultlib.AESL_axi_master_A_BUS
Compiling module xil_defaultlib.AESL_axi_slave_CFG
Compiling module xil_defaultlib.apatb_link_list_top
Built simulation snapshot link_list

****** Webtalk v2016.3 (64-bit)
  **** SW Build 1682563 on Mon Oct 10 19:07:27 MDT 2016
  **** IP Build 1681267 on Mon Oct 10 21:28:31 MDT 2016
    ** Copyright 1986-2016 Xilinx, Inc. All Rights Reserved.

source A:/COMP_ARCH/PYNQ_Projects/LL_trials/HLS_proj/link_list/link_list_try/solution1/sim/verilog/xsim.dir/link_list/webtalk/xsim_webtalk.tcl -notrace
INFO: [Common 17-206] Exiting Webtalk at Fri May 22 16:47:43 2020...

****** xsim v2016.3 (64-bit)
  **** SW Build 1682563 on Mon Oct 10 19:07:27 MDT 2016
  **** IP Build 1681267 on Mon Oct 10 21:28:31 MDT 2016
    ** Copyright 1986-2016 Xilinx, Inc. All Rights Reserved.

source xsim.dir/link_list/xsim_script.tcl
# xsim {link_list} -autoloadwcfg -tclbatch {link_list.tcl}
Vivado Simulator 2016.3
Time resolution is 1 ps
source link_list.tcl
## run all
////////////////////////////////////////////////////////////////////////////////////
// Inter-Transaction Progress: Completed Transaction / Total Transaction
// Intra-Transaction Progress: Measured Latency / Latency Estimation * 100%
//
// RTL Simulation : "Inter-Transaction Progress" ["Intra-Transaction Progress"] @ "Simulation Time"
////////////////////////////////////////////////////////////////////////////////////
// RTL Simulation : 0 / 1 [n/a] @ "125000"
A:/COMP_ARCH/PYNQ_Projects/LL_trials/HLS_proj/link_list/link_list_try/solution1/sim/verilog/AESL_axi_master_A_BUS.v: Read request address  536870908 exceed AXI master A_BUS array depth:        200
$finish called at time : 855 ns : File "A:/COMP_ARCH/PYNQ_Projects/LL_trials/HLS_proj/link_list/link_list_try/solution1/sim/verilog/AESL_axi_master_A_BUS.v" Line 685
## quit
INFO: [Common 17-206] Exiting xsim at Fri May 22 16:47:53 2020...
Value: 1, Address: 17802488, Offset: 24
Value: 2, Address: 17802680, Offset: -14
Value: 3, Address: 17802568, Offset: 28
Value: 4, Address: 17802792, Offset: 6
Value: 5, Address: 17802840, Offset: 4
Value: 6, Address: 17802872, Offset: -6
Value: 7, Address: 17802824, Offset: -46
Value: 8, Address: 17802456, Offset: 2
Value: 9, Address: 17802472, Offset: 18
Value: 10, Address: 17802616, Offset: 12
Value: 11, Address: 17802712, Offset: -8
Value: 12, Address: 17802648, Offset: -2
Value: 13, Address: 17802632, Offset: 8
Value: 14, Address: 17802696, Offset: 10
Value: 15, Address: 17802776, Offset: -34
Value: 16, Address: 17802504, Offset: 44
Value: 17, Address: 17802856, Offset: -16
Value: 18, Address: 17802728, Offset: 20
Value: 19, Address: 17802888, Offset: -44
Value: 20, Address: 17802536, Offset: -12
Value: 21, Address: 17802440, Offset: 10
Value: 22, Address: 17802520, Offset: 52
Value: 23, Address: 17802936, Offset: -4
Value: 24, Address: 17802904, Offset: -44
Value: 25, Address: 17802552, Offset: 32
Value: 26, Address: 17802808, Offset: -28
Value: 27, Address: 17802584, Offset: 42
Value: 28, Address: 17802920, Offset: -32
Value: 29, Address: 17802664, Offset: 10
Value: 30, Address: 17802744, Offset: 2
Value: 31, Address: 17802760, Offset: -20
Value: 32, Address: 17802600, Offset: 2307
Value: 33, Address: 17821056, Offset: -2
Value: 34, Address: 17821040, Offset: 4
Value: 35, Address: 17821072, Offset: 34
Value: 36, Address: 17821344, Offset: -44
Value: 37, Address: 17820992, Offset: 42
Value: 38, Address: 17821328, Offset: -46
Value: 39, Address: 17820960, Offset: -2
Value: 40, Address: 17820944, Offset: 20
Value: 41, Address: 17821104, Offset: 20
Value: 42, Address: 17821264, Offset: -14
Value: 43, Address: 17821152, Offset: 2
Value: 44, Address: 17821168, Offset: -20
Value: 45, Address: 17821008, Offset: -4
Value: 46, Address: 17820976, Offset: 48
Value: 47, Address: 17821360, Offset: -42
Value: 48, Address: 17821024, Offset: 8
Value: 49, Address: 17821088, Offset: 12


val 21 :: addrs 17802488 :: offset 24
val 22 :: addrs 17802680 :: offset -14
val 23 :: addrs 17802568 :: offset 28
val 24 :: addrs 17802792 :: offset 6
val 25 :: addrs 17802840 :: offset 4
val 26 :: addrs 17802872 :: offset -6
val 27 :: addrs 17802824 :: offset -46
val 28 :: addrs 17802456 :: offset 2
val 29 :: addrs 17802472 :: offset 18
val 30 :: addrs 17802616 :: offset 12
val 31 :: addrs 17802712 :: offset -8
val 32 :: addrs 17802648 :: offset -2
val 33 :: addrs 17802632 :: offset 8
val 34 :: addrs 17802696 :: offset 10
val 35 :: addrs 17802776 :: offset -34
val 36 :: addrs 17802504 :: offset 44
val 37 :: addrs 17802856 :: offset -16
val 38 :: addrs 17802728 :: offset 20
val 39 :: addrs 17802888 :: offset -44
val 40 :: addrs 17802536 :: offset -12
val 41 :: addrs 17802440 :: offset 10
val 42 :: addrs 17802520 :: offset 52
val 43 :: addrs 17802936 :: offset -4
val 44 :: addrs 17802904 :: offset -44
val 45 :: addrs 17802552 :: offset 32
val 46 :: addrs 17802808 :: offset -28
val 47 :: addrs 17802584 :: offset 42
val 48 :: addrs 17802920 :: offset -32
val 49 :: addrs 17802664 :: offset 10
val 50 :: addrs 17802744 :: offset 2
val 51 :: addrs 17802760 :: offset -20
val 52 :: addrs 17802600 :: offset 2307
val 53 :: addrs 17821056 :: offset -2
val 54 :: addrs 17821040 :: offset 4
val 55 :: addrs 17821072 :: offset 34
val 56 :: addrs 17821344 :: offset -44
val 57 :: addrs 17820992 :: offset 42
val 58 :: addrs 17821328 :: offset -46
val 59 :: addrs 17820960 :: offset -2
val 60 :: addrs 17820944 :: offset 20
val 61 :: addrs 17821104 :: offset 20
val 62 :: addrs 17821264 :: offset -14
val 63 :: addrs 17821152 :: offset 2
val 64 :: addrs 17821168 :: offset -20
val 65 :: addrs 17821008 :: offset -4
val 66 :: addrs 17820976 :: offset 48
val 67 :: addrs 17821360 :: offset -42
val 68 :: addrs 17821024 :: offset 8
val 69 :: addrs 17821088 :: offset 12

A:\COMP_ARCH\PYNQ_Projects\LL_trials\HLS_proj\link_list\link_list_try\solution1\sim\verilog>call xelab xil_defaultlib.apatb_link_list_top -prj link_list.prj --initfile "C:/Xilinx/Vivado/2016.3/bin/../data/xsim/ip/xsim_ip.ini" --lib "ieee_proposed=./ieee_proposed" -s link_list  
INFO: [XSIM 43-3496] Using init file passed via -initfile option "C:/Xilinx/Vivado/2016.3/bin/../data/xsim/ip/xsim_ip.ini".
Vivado Simulator 2016.3
Copyright 1986-1999, 2001-2016 Xilinx, Inc. All Rights Reserved.
Running: C:/Xilinx/Vivado/2016.3/bin/unwrapped/win64.o/xelab.exe xil_defaultlib.apatb_link_list_top -prj link_list.prj --initfile C:/Xilinx/Vivado/2016.3/bin/../data/xsim/ip/xsim_ip.ini --lib ieee_proposed=./ieee_proposed -s link_list 
Multi-threading is on. Using 2 slave threads.
INFO: [VRFC 10-2263] Analyzing SystemVerilog file "A:/COMP_ARCH/PYNQ_Projects/LL_trials/HLS_proj/link_list/link_list_try/solution1/sim/verilog/AESL_axi_master_A_BUS.v" into library xil_defaultlib
INFO: [VRFC 10-311] analyzing module AESL_axi_master_A_BUS
INFO: [VRFC 10-2263] Analyzing SystemVerilog file "A:/COMP_ARCH/PYNQ_Projects/LL_trials/HLS_proj/link_list/link_list_try/solution1/sim/verilog/AESL_axi_slave_CFG.v" into library xil_defaultlib
INFO: [VRFC 10-311] analyzing module AESL_axi_slave_CFG
INFO: [VRFC 10-2263] Analyzing SystemVerilog file "A:/COMP_ARCH/PYNQ_Projects/LL_trials/HLS_proj/link_list/link_list_try/solution1/sim/verilog/link_list.autotb.v" into library xil_defaultlib
INFO: [VRFC 10-311] analyzing module apatb_link_list_top
INFO: [VRFC 10-2263] Analyzing SystemVerilog file "A:/COMP_ARCH/PYNQ_Projects/LL_trials/HLS_proj/link_list/link_list_try/solution1/sim/verilog/link_list.v" into library xil_defaultlib
INFO: [VRFC 10-311] analyzing module link_list
INFO: [VRFC 10-2263] Analyzing SystemVerilog file "A:/COMP_ARCH/PYNQ_Projects/LL_trials/HLS_proj/link_list/link_list_try/solution1/sim/verilog/link_list_A_BUS_m_axi.v" into library xil_defaultlib
INFO: [VRFC 10-311] analyzing module link_list_A_BUS_m_axi
INFO: [VRFC 10-311] analyzing module link_list_A_BUS_m_axi_reg_slice
INFO: [VRFC 10-311] analyzing module link_list_A_BUS_m_axi_fifo
INFO: [VRFC 10-311] analyzing module link_list_A_BUS_m_axi_buffer
INFO: [VRFC 10-311] analyzing module link_list_A_BUS_m_axi_decoder
INFO: [VRFC 10-311] analyzing module link_list_A_BUS_m_axi_throttl
INFO: [VRFC 10-311] analyzing module link_list_A_BUS_m_axi_read
INFO: [VRFC 10-311] analyzing module link_list_A_BUS_m_axi_write
INFO: [VRFC 10-2458] undeclared symbol data_valid, assumed default net type wire [A:/COMP_ARCH/PYNQ_Projects/LL_trials/HLS_proj/link_list/link_list_try/solution1/sim/verilog/link_list_A_BUS_m_axi.v:2009]
INFO: [VRFC 10-2263] Analyzing SystemVerilog file "A:/COMP_ARCH/PYNQ_Projects/LL_trials/HLS_proj/link_list/link_list_try/solution1/sim/verilog/link_list_CFG_s_axi.v" into library xil_defaultlib
INFO: [VRFC 10-311] analyzing module link_list_CFG_s_axi
Starting static elaboration
Completed static elaboration
Starting simulation data flow analysis
Completed simulation data flow analysis
Time Resolution for simulation is 1ps
Compiling module xil_defaultlib.link_list_CFG_s_axi(C_S_AXI_ADDR...
Compiling module xil_defaultlib.link_list_A_BUS_m_axi_throttl_de...
Compiling module xil_defaultlib.link_list_A_BUS_m_axi_fifo(DATA_...
Compiling module xil_defaultlib.link_list_A_BUS_m_axi_buffer(DAT...
Compiling module xil_defaultlib.link_list_A_BUS_m_axi_fifo(DEPTH...
Compiling module xil_defaultlib.link_list_A_BUS_m_axi_fifo(DATA_...
Compiling module xil_defaultlib.link_list_A_BUS_m_axi_fifo(DATA_...
Compiling module xil_defaultlib.link_list_A_BUS_m_axi_write(NUM_...
Compiling module xil_defaultlib.link_list_A_BUS_m_axi_buffer(DAT...
Compiling module xil_defaultlib.link_list_A_BUS_m_axi_reg_slice(...
Compiling module xil_defaultlib.link_list_A_BUS_m_axi_read(NUM_R...
Compiling module xil_defaultlib.link_list_A_BUS_m_axi(NUM_READ_O...
Compiling module xil_defaultlib.link_list_default
Compiling module xil_defaultlib.AESL_axi_master_A_BUS
Compiling module xil_defaultlib.AESL_axi_slave_CFG
Compiling module xil_defaultlib.apatb_link_list_top
Built simulation snapshot link_list

****** Webtalk v2016.3 (64-bit)
  **** SW Build 1682563 on Mon Oct 10 19:07:27 MDT 2016
  **** IP Build 1681267 on Mon Oct 10 21:28:31 MDT 2016
    ** Copyright 1986-2016 Xilinx, Inc. All Rights Reserved.

source A:/COMP_ARCH/PYNQ_Projects/LL_trials/HLS_proj/link_list/link_list_try/solution1/sim/verilog/xsim.dir/link_list/webtalk/xsim_webtalk.tcl -notrace
INFO: [Common 17-206] Exiting Webtalk at Fri May 22 16:49:14 2020...

****** xsim v2016.3 (64-bit)
  **** SW Build 1682563 on Mon Oct 10 19:07:27 MDT 2016
  **** IP Build 1681267 on Mon Oct 10 21:28:31 MDT 2016
    ** Copyright 1986-2016 Xilinx, Inc. All Rights Reserved.

source xsim.dir/link_list/xsim_script.tcl
# xsim {link_list} -autoloadwcfg -tclbatch {link_list.tcl}
Vivado Simulator 2016.3
Time resolution is 1 ps
source link_list.tcl
## run all
////////////////////////////////////////////////////////////////////////////////////
// Inter-Transaction Progress: Completed Transaction / Total Transaction
// Intra-Transaction Progress: Measured Latency / Latency Estimation * 100%
//
// RTL Simulation : "Inter-Transaction Progress" ["Intra-Transaction Progress"] @ "Simulation Time"
////////////////////////////////////////////////////////////////////////////////////
// RTL Simulation : 0 / 1 [n/a] @ "125000"
A:/COMP_ARCH/PYNQ_Projects/LL_trials/HLS_proj/link_list/link_list_try/solution1/sim/verilog/AESL_axi_master_A_BUS.v: Read request address  536870908 exceed AXI master A_BUS array depth:       1000
$finish called at time : 3375 ns : File "A:/COMP_ARCH/PYNQ_Projects/LL_trials/HLS_proj/link_list/link_list_try/solution1/sim/verilog/AESL_axi_master_A_BUS.v" Line 685
## quit
INFO: [Common 17-206] Exiting xsim at Fri May 22 16:49:24 2020...
Value: 1, Address: 7907000, Offset: -62
Value: 2, Address: 7906504, Offset: 28
Value: 3, Address: 7906728, Offset: 80
Value: 4, Address: 7907368, Offset: -16
Value: 5, Address: 7907240, Offset: 10
Value: 6, Address: 7907320, Offset: -18
Value: 7, Address: 7907176, Offset: 16
Value: 8, Address: 7907304, Offset: -22
Value: 9, Address: 7907128, Offset: 2
Value: 10, Address: 7907144, Offset: 38
Value: 11, Address: 7907448, Offset: -24
Value: 12, Address: 7907256, Offset: 10
Value: 13, Address: 7907336, Offset: -22
Value: 14, Address: 7907160, Offset: 4
Value: 15, Address: 7907192, Offset: 10
Value: 16, Address: 7907272, Offset: 10
Value: 17, Address: 7907352, Offset: -18
Value: 18, Address: 7907208, Offset: 28
Value: 19, Address: 7907432, Offset: -26
Value: 20, Address: 7907224, Offset: 8
Value: 21, Address: 7907288, Offset: 12
Value: 22, Address: 7907384, Offset: 2
Value: 23, Address: 7907400, Offset: -46
Value: 24, Address: 7907032, Offset: 48
Value: 25, Address: 7907416, Offset: 6
Value: 26, Address: 7907464, Offset: -48
Value: 27, Address: 7907080, Offset: -8
Value: 28, Address: 7907016, Offset: 4
Value: 29, Address: 7907048, Offset: 2
Value: 30, Address: 7907064, Offset: 4
Value: 31, Address: 7907096, Offset: 2
Value: 32, Address: 7907112, Offset: 2179
Value: 33, Address: 7924544, Offset: -2
Value: 34, Address: 7924528, Offset: 50
Value: 35, Address: 7924928, Offset: -32
Value: 36, Address: 7924672, Offset: 4
Value: 37, Address: 7924704, Offset: -18
Value: 38, Address: 7924560, Offset: 44
Value: 39, Address: 7924912, Offset: -24
Value: 40, Address: 7924720, Offset: -8
Value: 41, Address: 7924656, Offset: -8
Value: 42, Address: 7924592, Offset: 2
Value: 43, Address: 7924608, Offset: 28
Value: 44, Address: 7924832, Offset: -6
Value: 45, Address: 7924784, Offset: 8
Value: 46, Address: 7924848, Offset: -34
Value: 47, Address: 7924576, Offset: 46
Value: 48, Address: 7924944, Offset: -26
Value: 49, Address: 7924736, Offset: 16


val 21 :: addrs 7907000 :: offset -62
val 22 :: addrs 7906504 :: offset 28
val 23 :: addrs 7906728 :: offset 80
val 24 :: addrs 7907368 :: offset -16
val 25 :: addrs 7907240 :: offset 10
val 26 :: addrs 7907320 :: offset -18
val 27 :: addrs 7907176 :: offset 16
val 28 :: addrs 7907304 :: offset -22
val 29 :: addrs 7907128 :: offset 2
val 30 :: addrs 7907144 :: offset 38
val 31 :: addrs 7907448 :: offset -24
val 32 :: addrs 7907256 :: offset 10
val 33 :: addrs 7907336 :: offset -22
val 34 :: addrs 7907160 :: offset 4
val 35 :: addrs 7907192 :: offset 10
val 36 :: addrs 7907272 :: offset 10
val 37 :: addrs 7907352 :: offset -18
val 38 :: addrs 7907208 :: offset 28
val 39 :: addrs 7907432 :: offset -26
val 40 :: addrs 7907224 :: offset 8
val 41 :: addrs 7907288 :: offset 12
val 42 :: addrs 7907384 :: offset 2
val 43 :: addrs 7907400 :: offset -46
val 44 :: addrs 7907032 :: offset 48
val 45 :: addrs 7907416 :: offset 6
val 46 :: addrs 7907464 :: offset -48
val 47 :: addrs 7907080 :: offset -8
val 48 :: addrs 7907016 :: offset 4
val 49 :: addrs 7907048 :: offset 2
val 50 :: addrs 7907064 :: offset 4
val 51 :: addrs 7907096 :: offset 2
val 52 :: addrs 7907112 :: offset 2179
val 53 :: addrs 7924544 :: offset -2
val 54 :: addrs 7924528 :: offset 50
val 55 :: addrs 7924928 :: offset -32
val 56 :: addrs 7924672 :: offset 4
val 57 :: addrs 7924704 :: offset -18
val 58 :: addrs 7924560 :: offset 44
val 59 :: addrs 7924912 :: offset -24
val 60 :: addrs 7924720 :: offset -8
val 61 :: addrs 7924656 :: offset -8
val 62 :: addrs 7924592 :: offset 2
val 63 :: addrs 7924608 :: offset 28
val 64 :: addrs 7924832 :: offset -6
val 65 :: addrs 7924784 :: offset 8
val 66 :: addrs 7924848 :: offset -34
val 67 :: addrs 7924576 :: offset 46
val 68 :: addrs 7924944 :: offset -26
val 69 :: addrs 7924736 :: offset 16

A:\COMP_ARCH\PYNQ_Projects\LL_trials\HLS_proj\link_list\link_list_try\solution1\sim\verilog>call xelab xil_defaultlib.apatb_link_list_top -prj link_list.prj --initfile "C:/Xilinx/Vivado/2016.3/bin/../data/xsim/ip/xsim_ip.ini" --lib "ieee_proposed=./ieee_proposed" -s link_list  
INFO: [XSIM 43-3496] Using init file passed via -initfile option "C:/Xilinx/Vivado/2016.3/bin/../data/xsim/ip/xsim_ip.ini".
Vivado Simulator 2016.3
Copyright 1986-1999, 2001-2016 Xilinx, Inc. All Rights Reserved.
Running: C:/Xilinx/Vivado/2016.3/bin/unwrapped/win64.o/xelab.exe xil_defaultlib.apatb_link_list_top -prj link_list.prj --initfile C:/Xilinx/Vivado/2016.3/bin/../data/xsim/ip/xsim_ip.ini --lib ieee_proposed=./ieee_proposed -s link_list 
Multi-threading is on. Using 2 slave threads.
INFO: [VRFC 10-2263] Analyzing SystemVerilog file "A:/COMP_ARCH/PYNQ_Projects/LL_trials/HLS_proj/link_list/link_list_try/solution1/sim/verilog/AESL_axi_master_A_BUS.v" into library xil_defaultlib
INFO: [VRFC 10-311] analyzing module AESL_axi_master_A_BUS
INFO: [VRFC 10-2263] Analyzing SystemVerilog file "A:/COMP_ARCH/PYNQ_Projects/LL_trials/HLS_proj/link_list/link_list_try/solution1/sim/verilog/AESL_axi_slave_CFG.v" into library xil_defaultlib
INFO: [VRFC 10-311] analyzing module AESL_axi_slave_CFG
INFO: [VRFC 10-2263] Analyzing SystemVerilog file "A:/COMP_ARCH/PYNQ_Projects/LL_trials/HLS_proj/link_list/link_list_try/solution1/sim/verilog/link_list.autotb.v" into library xil_defaultlib
INFO: [VRFC 10-311] analyzing module apatb_link_list_top
INFO: [VRFC 10-2263] Analyzing SystemVerilog file "A:/COMP_ARCH/PYNQ_Projects/LL_trials/HLS_proj/link_list/link_list_try/solution1/sim/verilog/link_list.v" into library xil_defaultlib
INFO: [VRFC 10-311] analyzing module link_list
INFO: [VRFC 10-2263] Analyzing SystemVerilog file "A:/COMP_ARCH/PYNQ_Projects/LL_trials/HLS_proj/link_list/link_list_try/solution1/sim/verilog/link_list_A_BUS_m_axi.v" into library xil_defaultlib
INFO: [VRFC 10-311] analyzing module link_list_A_BUS_m_axi
INFO: [VRFC 10-311] analyzing module link_list_A_BUS_m_axi_reg_slice
INFO: [VRFC 10-311] analyzing module link_list_A_BUS_m_axi_fifo
INFO: [VRFC 10-311] analyzing module link_list_A_BUS_m_axi_buffer
INFO: [VRFC 10-311] analyzing module link_list_A_BUS_m_axi_decoder
INFO: [VRFC 10-311] analyzing module link_list_A_BUS_m_axi_throttl
INFO: [VRFC 10-311] analyzing module link_list_A_BUS_m_axi_read
INFO: [VRFC 10-311] analyzing module link_list_A_BUS_m_axi_write
INFO: [VRFC 10-2458] undeclared symbol data_valid, assumed default net type wire [A:/COMP_ARCH/PYNQ_Projects/LL_trials/HLS_proj/link_list/link_list_try/solution1/sim/verilog/link_list_A_BUS_m_axi.v:2009]
INFO: [VRFC 10-2263] Analyzing SystemVerilog file "A:/COMP_ARCH/PYNQ_Projects/LL_trials/HLS_proj/link_list/link_list_try/solution1/sim/verilog/link_list_CFG_s_axi.v" into library xil_defaultlib
INFO: [VRFC 10-311] analyzing module link_list_CFG_s_axi
Starting static elaboration
Completed static elaboration
Starting simulation data flow analysis
Completed simulation data flow analysis
Time Resolution for simulation is 1ps
Compiling module xil_defaultlib.link_list_CFG_s_axi(C_S_AXI_ADDR...
Compiling module xil_defaultlib.link_list_A_BUS_m_axi_throttl_de...
Compiling module xil_defaultlib.link_list_A_BUS_m_axi_fifo(DATA_...
Compiling module xil_defaultlib.link_list_A_BUS_m_axi_buffer(DAT...
Compiling module xil_defaultlib.link_list_A_BUS_m_axi_fifo(DEPTH...
Compiling module xil_defaultlib.link_list_A_BUS_m_axi_fifo(DATA_...
Compiling module xil_defaultlib.link_list_A_BUS_m_axi_fifo(DATA_...
Compiling module xil_defaultlib.link_list_A_BUS_m_axi_write(NUM_...
Compiling module xil_defaultlib.link_list_A_BUS_m_axi_buffer(DAT...
Compiling module xil_defaultlib.link_list_A_BUS_m_axi_reg_slice(...
Compiling module xil_defaultlib.link_list_A_BUS_m_axi_read(NUM_R...
Compiling module xil_defaultlib.link_list_A_BUS_m_axi(NUM_READ_O...
Compiling module xil_defaultlib.link_list_default
Compiling module xil_defaultlib.AESL_axi_master_A_BUS
Compiling module xil_defaultlib.AESL_axi_slave_CFG
Compiling module xil_defaultlib.apatb_link_list_top
Built simulation snapshot link_list

****** Webtalk v2016.3 (64-bit)
  **** SW Build 1682563 on Mon Oct 10 19:07:27 MDT 2016
  **** IP Build 1681267 on Mon Oct 10 21:28:31 MDT 2016
    ** Copyright 1986-2016 Xilinx, Inc. All Rights Reserved.

source A:/COMP_ARCH/PYNQ_Projects/LL_trials/HLS_proj/link_list/link_list_try/solution1/sim/verilog/xsim.dir/link_list/webtalk/xsim_webtalk.tcl -notrace
INFO: [Common 17-206] Exiting Webtalk at Fri May 22 16:50:01 2020...

****** xsim v2016.3 (64-bit)
  **** SW Build 1682563 on Mon Oct 10 19:07:27 MDT 2016
  **** IP Build 1681267 on Mon Oct 10 21:28:31 MDT 2016
    ** Copyright 1986-2016 Xilinx, Inc. All Rights Reserved.

source xsim.dir/link_list/xsim_script.tcl
# xsim {link_list} -autoloadwcfg -tclbatch {link_list.tcl}
Vivado Simulator 2016.3
Time resolution is 1 ps
source link_list.tcl
## run all
////////////////////////////////////////////////////////////////////////////////////
// Inter-Transaction Progress: Completed Transaction / Total Transaction
// Intra-Transaction Progress: Measured Latency / Latency Estimation * 100%
//
// RTL Simulation : "Inter-Transaction Progress" ["Intra-Transaction Progress"] @ "Simulation Time"
////////////////////////////////////////////////////////////////////////////////////
// RTL Simulation : 0 / 1 [n/a] @ "125000"
A:/COMP_ARCH/PYNQ_Projects/LL_trials/HLS_proj/link_list/link_list_try/solution1/sim/verilog/AESL_axi_master_A_BUS.v: Read request address  536870850 exceed AXI master A_BUS array depth:       1000
$finish called at time : 855 ns : File "A:/COMP_ARCH/PYNQ_Projects/LL_trials/HLS_proj/link_list/link_list_try/solution1/sim/verilog/AESL_axi_master_A_BUS.v" Line 685
## quit
INFO: [Common 17-206] Exiting xsim at Fri May 22 16:50:10 2020...
ERROR: System recieved a signal named SIGSEGV and the program has to stop immediately!
This signal was generated when a program tries to read or write outside the memory that is allocated for it, or to write memory that can only be read.
Possible cause of this problem may be: 1) the depth setting of pointer type argument is much larger than it needed; 2)insufficient depth of array argument; 3)null pointer etc.
Current execution stopped during CodeState = DUMP_INPUTS.
You can search CodeState variable name in apatb*.cpp file under ./sim/wrapc dir to locate the position.

Value: 1, Address: 8234584, Offset: 4
Value: 2, Address: 8234616, Offset: 2
Value: 3, Address: 8234632, Offset: 10
Value: 4, Address: 8234712, Offset: 18
Value: 5, Address: 8234856, Offset: -16
Value: 6, Address: 8234728, Offset: 14
Value: 7, Address: 8234840, Offset: -12
Value: 8, Address: 8234744, Offset: 34
Value: 9, Address: 8235016, Offset: -18
Value: 10, Address: 8234872, Offset: 30
Value: 11, Address: 8235112, Offset: -28
Value: 12, Address: 8234888, Offset: 26
Value: 13, Address: 8235096, Offset: -4
Value: 14, Address: 8235064, Offset: -16
Value: 15, Address: 8234936, Offset: -22
Value: 16, Address: 8234760, Offset: 34
Value: 17, Address: 8235032, Offset: -26
Value: 18, Address: 8234824, Offset: -6
Value: 19, Address: 8234776, Offset: 2
Value: 20, Address: 8234792, Offset: 2
Value: 21, Address: 8234808, Offset: 12
Value: 22, Address: 8234904, Offset: 6
Value: 23, Address: 8234952, Offset: 12
Value: 24, Address: 8235048, Offset: 4
Value: 25, Address: 8235080, Offset: -20
Value: 26, Address: 8234920, Offset: 6
Value: 27, Address: 8234968, Offset: 2
Value: 28, Address: 8234984, Offset: 2
Value: 29, Address: 8235000, Offset: 16
Value: 30, Address: 8235128, Offset: 2
Value: 31, Address: 8235144, Offset: -56
Value: 32, Address: 8234696, Offset: 2211
Value: 33, Address: 8252384, Offset: -18
Value: 34, Address: 8252240, Offset: 32
Value: 35, Address: 8252496, Offset: -6
Value: 36, Address: 8252448, Offset: -6
Value: 37, Address: 8252400, Offset: -4
Value: 38, Address: 8252368, Offset: -14
Value: 39, Address: 8252256, Offset: -10
Value: 40, Address: 8252176, Offset: 58
Value: 41, Address: 8252640, Offset: -20
Value: 42, Address: 8252480, Offset: -22
Value: 43, Address: 8252304, Offset: 34
Value: 44, Address: 8252576, Offset: -48
Value: 45, Address: 8252192, Offset: 50
Value: 46, Address: 8252592, Offset: -48
Value: 47, Address: 8252208, Offset: 8
Value: 48, Address: 8252272, Offset: 24
Value: 49, Address: 8252464, Offset: -30


val 21 :: addrs 8234584 :: offset 4
val 22 :: addrs 8234616 :: offset 2
val 23 :: addrs 8234632 :: offset 10
val 24 :: addrs 8234712 :: offset 18
val 25 :: addrs 8234856 :: offset -16
val 26 :: addrs 8234728 :: offset 14
val 27 :: addrs 8234840 :: offset -12
val 28 :: addrs 8234744 :: offset 34
val 29 :: addrs 8235016 :: offset -18
val 30 :: addrs 8234872 :: offset 30
val 31 :: addrs 8235112 :: offset -28
val 32 :: addrs 8234888 :: offset 26
val 33 :: addrs 8235096 :: offset -4
val 34 :: addrs 8235064 :: offset -16
val 35 :: addrs 8234936 :: offset -22
val 36 :: addrs 8234760 :: offset 34
val 37 :: addrs 8235032 :: offset -26
val 38 :: addrs 8234824 :: offset -6
val 39 :: addrs 8234776 :: offset 2
val 40 :: addrs 8234792 :: offset 2
val 41 :: addrs 8234808 :: offset 12
val 42 :: addrs 8234904 :: offset 6
val 43 :: addrs 8234952 :: offset 12
val 44 :: addrs 8235048 :: offset 4
val 45 :: addrs 8235080 :: offset -20
val 46 :: addrs 8234920 :: offset 6
val 47 :: addrs 8234968 :: offset 2
val 48 :: addrs 8234984 :: offset 2
val 49 :: addrs 8235000 :: offset 16
val 50 :: addrs 8235128 :: offset 2
val 51 :: addrs 8235144 :: offset -56
val 52 :: addrs 8234696 :: offset 2211
val 53 :: addrs 8252384 :: offset -18
val 54 :: addrs 8252240 :: offset 32
val 55 :: addrs 8252496 :: offset -6
val 56 :: addrs 8252448 :: offset -6
val 57 :: addrs 8252400 :: offset -4
val 58 :: addrs 8252368 :: offset -14
val 59 :: addrs 8252256 :: offset -10
val 60 :: addrs 8252176 :: offset 58
val 61 :: addrs 8252640 :: offset -20
val 62 :: addrs 8252480 :: offset -22
val 63 :: addrs 8252304 :: offset 34
val 64 :: addrs 8252576 :: offset -48
val 65 :: addrs 8252192 :: offset 50
val 66 :: addrs 8252592 :: offset -48
val 67 :: addrs 8252208 :: offset 8
val 68 :: addrs 8252272 :: offset 24
val 69 :: addrs 8252464 :: offset -30

A:\COMP_ARCH\PYNQ_Projects\LL_trials\HLS_proj\link_list\link_list_try\solution1\sim\verilog>call xelab xil_defaultlib.apatb_link_list_top -prj link_list.prj --initfile "C:/Xilinx/Vivado/2016.3/bin/../data/xsim/ip/xsim_ip.ini" --lib "ieee_proposed=./ieee_proposed" -s link_list  
INFO: [XSIM 43-3496] Using init file passed via -initfile option "C:/Xilinx/Vivado/2016.3/bin/../data/xsim/ip/xsim_ip.ini".
Vivado Simulator 2016.3
Copyright 1986-1999, 2001-2016 Xilinx, Inc. All Rights Reserved.
Running: C:/Xilinx/Vivado/2016.3/bin/unwrapped/win64.o/xelab.exe xil_defaultlib.apatb_link_list_top -prj link_list.prj --initfile C:/Xilinx/Vivado/2016.3/bin/../data/xsim/ip/xsim_ip.ini --lib ieee_proposed=./ieee_proposed -s link_list 
Multi-threading is on. Using 2 slave threads.
INFO: [VRFC 10-2263] Analyzing SystemVerilog file "A:/COMP_ARCH/PYNQ_Projects/LL_trials/HLS_proj/link_list/link_list_try/solution1/sim/verilog/AESL_axi_master_A_BUS.v" into library xil_defaultlib
INFO: [VRFC 10-311] analyzing module AESL_axi_master_A_BUS
INFO: [VRFC 10-2263] Analyzing SystemVerilog file "A:/COMP_ARCH/PYNQ_Projects/LL_trials/HLS_proj/link_list/link_list_try/solution1/sim/verilog/AESL_axi_slave_CFG.v" into library xil_defaultlib
INFO: [VRFC 10-311] analyzing module AESL_axi_slave_CFG
INFO: [VRFC 10-2263] Analyzing SystemVerilog file "A:/COMP_ARCH/PYNQ_Projects/LL_trials/HLS_proj/link_list/link_list_try/solution1/sim/verilog/link_list.autotb.v" into library xil_defaultlib
INFO: [VRFC 10-311] analyzing module apatb_link_list_top
INFO: [VRFC 10-2263] Analyzing SystemVerilog file "A:/COMP_ARCH/PYNQ_Projects/LL_trials/HLS_proj/link_list/link_list_try/solution1/sim/verilog/link_list.v" into library xil_defaultlib
INFO: [VRFC 10-311] analyzing module link_list
INFO: [VRFC 10-2263] Analyzing SystemVerilog file "A:/COMP_ARCH/PYNQ_Projects/LL_trials/HLS_proj/link_list/link_list_try/solution1/sim/verilog/link_list_A_BUS_m_axi.v" into library xil_defaultlib
INFO: [VRFC 10-311] analyzing module link_list_A_BUS_m_axi
INFO: [VRFC 10-311] analyzing module link_list_A_BUS_m_axi_reg_slice
INFO: [VRFC 10-311] analyzing module link_list_A_BUS_m_axi_fifo
INFO: [VRFC 10-311] analyzing module link_list_A_BUS_m_axi_buffer
INFO: [VRFC 10-311] analyzing module link_list_A_BUS_m_axi_decoder
INFO: [VRFC 10-311] analyzing module link_list_A_BUS_m_axi_throttl
INFO: [VRFC 10-311] analyzing module link_list_A_BUS_m_axi_read
INFO: [VRFC 10-311] analyzing module link_list_A_BUS_m_axi_write
INFO: [VRFC 10-2458] undeclared symbol data_valid, assumed default net type wire [A:/COMP_ARCH/PYNQ_Projects/LL_trials/HLS_proj/link_list/link_list_try/solution1/sim/verilog/link_list_A_BUS_m_axi.v:2009]
INFO: [VRFC 10-2263] Analyzing SystemVerilog file "A:/COMP_ARCH/PYNQ_Projects/LL_trials/HLS_proj/link_list/link_list_try/solution1/sim/verilog/link_list_CFG_s_axi.v" into library xil_defaultlib
INFO: [VRFC 10-311] analyzing module link_list_CFG_s_axi
Starting static elaboration
Completed static elaboration
Starting simulation data flow analysis
Completed simulation data flow analysis
Time Resolution for simulation is 1ps
Compiling module xil_defaultlib.link_list_CFG_s_axi(C_S_AXI_ADDR...
Compiling module xil_defaultlib.link_list_A_BUS_m_axi_throttl_de...
Compiling module xil_defaultlib.link_list_A_BUS_m_axi_fifo(DATA_...
Compiling module xil_defaultlib.link_list_A_BUS_m_axi_buffer(DAT...
Compiling module xil_defaultlib.link_list_A_BUS_m_axi_fifo(DEPTH...
Compiling module xil_defaultlib.link_list_A_BUS_m_axi_fifo(DATA_...
Compiling module xil_defaultlib.link_list_A_BUS_m_axi_fifo(DATA_...
Compiling module xil_defaultlib.link_list_A_BUS_m_axi_write(NUM_...
Compiling module xil_defaultlib.link_list_A_BUS_m_axi_buffer(DAT...
Compiling module xil_defaultlib.link_list_A_BUS_m_axi_reg_slice(...
Compiling module xil_defaultlib.link_list_A_BUS_m_axi_read(NUM_R...
Compiling module xil_defaultlib.link_list_A_BUS_m_axi(NUM_READ_O...
Compiling module xil_defaultlib.link_list_default
Compiling module xil_defaultlib.AESL_axi_master_A_BUS
Compiling module xil_defaultlib.AESL_axi_slave_CFG
Compiling module xil_defaultlib.apatb_link_list_top
Built simulation snapshot link_list

****** Webtalk v2016.3 (64-bit)
  **** SW Build 1682563 on Mon Oct 10 19:07:27 MDT 2016
  **** IP Build 1681267 on Mon Oct 10 21:28:31 MDT 2016
    ** Copyright 1986-2016 Xilinx, Inc. All Rights Reserved.

source A:/COMP_ARCH/PYNQ_Projects/LL_trials/HLS_proj/link_list/link_list_try/solution1/sim/verilog/xsim.dir/link_list/webtalk/xsim_webtalk.tcl -notrace
INFO: [Common 17-206] Exiting Webtalk at Fri May 22 17:12:03 2020...

****** xsim v2016.3 (64-bit)
  **** SW Build 1682563 on Mon Oct 10 19:07:27 MDT 2016
  **** IP Build 1681267 on Mon Oct 10 21:28:31 MDT 2016
    ** Copyright 1986-2016 Xilinx, Inc. All Rights Reserved.

source xsim.dir/link_list/xsim_script.tcl
# xsim {link_list} -autoloadwcfg -tclbatch {link_list.tcl}
Vivado Simulator 2016.3
Time resolution is 1 ps
source link_list.tcl
## run all
////////////////////////////////////////////////////////////////////////////////////
// Inter-Transaction Progress: Completed Transaction / Total Transaction
// Intra-Transaction Progress: Measured Latency / Latency Estimation * 100%
//
// RTL Simulation : "Inter-Transaction Progress" ["Intra-Transaction Progress"] @ "Simulation Time"
////////////////////////////////////////////////////////////////////////////////////
// RTL Simulation : 0 / 1 [n/a] @ "125000"
A:/COMP_ARCH/PYNQ_Projects/LL_trials/HLS_proj/link_list/link_list_try/solution1/sim/verilog/AESL_axi_master_A_BUS.v: Read request address          4 exceed AXI master A_BUS array depth:          1
$finish called at time : 855 ns : File "A:/COMP_ARCH/PYNQ_Projects/LL_trials/HLS_proj/link_list/link_list_try/solution1/sim/verilog/AESL_axi_master_A_BUS.v" Line 685
## quit
INFO: [Common 17-206] Exiting xsim at Fri May 22 17:12:11 2020...
Value: 1, Address: 1877272, Offset: 32
Value: 2, Address: 1877528, Offset: 8
Value: 3, Address: 1877592, Offset: -46
Value: 4, Address: 1877224, Offset: 10
Value: 5, Address: 1877304, Offset: 34
Value: 6, Address: 1877576, Offset: 4
Value: 7, Address: 1877608, Offset: -46
Value: 8, Address: 1877240, Offset: 48
Value: 9, Address: 1877624, Offset: -42
Value: 10, Address: 1877288, Offset: 46
Value: 11, Address: 1877656, Offset: -12
Value: 12, Address: 1877560, Offset: -12
Value: 13, Address: 1877464, Offset: -32
Value: 14, Address: 1877208, Offset: 20
Value: 15, Address: 1877368, Offset: -14
Value: 16, Address: 1877256, Offset: 8
Value: 17, Address: 1877320, Offset: 28
Value: 18, Address: 1877544, Offset: -12
Value: 19, Address: 1877448, Offset: 24
Value: 20, Address: 1877640, Offset: 4
Value: 21, Address: 1877672, Offset: -36
Value: 22, Address: 1877384, Offset: 38
Value: 23, Address: 1877688, Offset: -32
Value: 24, Address: 1877432, Offset: -30
Value: 25, Address: 1877192, Offset: 18
Value: 26, Address: 1877336, Offset: 2
Value: 27, Address: 1877352, Offset: 6
Value: 28, Address: 1877400, Offset: 2
Value: 29, Address: 1877416, Offset: 8
Value: 30, Address: 1877480, Offset: 4
Value: 31, Address: 1877512, Offset: -2
Value: 32, Address: 1877496, Offset: 2231
Value: 33, Address: 1895344, Offset: 12
Value: 34, Address: 1895440, Offset: 14
Value: 35, Address: 1895552, Offset: -40
Value: 36, Address: 1895232, Offset: 38
Value: 37, Address: 1895536, Offset: 8
Value: 38, Address: 1895600, Offset: -10
Value: 39, Address: 1895520, Offset: -34
Value: 40, Address: 1895248, Offset: 18
Value: 41, Address: 1895392, Offset: 32
Value: 42, Address: 1895648, Offset: -8
Value: 43, Address: 1895584, Offset: -52
Value: 44, Address: 1895168, Offset: 50
Value: 45, Address: 1895568, Offset: -36
Value: 46, Address: 1895280, Offset: 22
Value: 47, Address: 1895456, Offset: 6
Value: 48, Address: 1895504, Offset: 14
Value: 49, Address: 1895616, Offset: -38


val 21 :: addrs 1877272 :: offset 32
val 22 :: addrs 1877528 :: offset 8
val 23 :: addrs 1877592 :: offset -46
val 24 :: addrs 1877224 :: offset 10
val 25 :: addrs 1877304 :: offset 34
val 26 :: addrs 1877576 :: offset 4
val 27 :: addrs 1877608 :: offset -46
val 28 :: addrs 1877240 :: offset 48
val 29 :: addrs 1877624 :: offset -42
val 30 :: addrs 1877288 :: offset 46
val 31 :: addrs 1877656 :: offset -12
val 32 :: addrs 1877560 :: offset -12
val 33 :: addrs 1877464 :: offset -32
val 34 :: addrs 1877208 :: offset 20
val 35 :: addrs 1877368 :: offset -14
val 36 :: addrs 1877256 :: offset 8
val 37 :: addrs 1877320 :: offset 28
val 38 :: addrs 1877544 :: offset -12
val 39 :: addrs 1877448 :: offset 24
val 40 :: addrs 1877640 :: offset 4
val 41 :: addrs 1877672 :: offset -36
val 42 :: addrs 1877384 :: offset 38
val 43 :: addrs 1877688 :: offset -32
val 44 :: addrs 1877432 :: offset -30
val 45 :: addrs 1877192 :: offset 18
val 46 :: addrs 1877336 :: offset 2
val 47 :: addrs 1877352 :: offset 6
val 48 :: addrs 1877400 :: offset 2
val 49 :: addrs 1877416 :: offset 8
val 50 :: addrs 1877480 :: offset 4
val 51 :: addrs 1877512 :: offset -2
val 52 :: addrs 1877496 :: offset 2231
val 53 :: addrs 1895344 :: offset 12
val 54 :: addrs 1895440 :: offset 14
val 55 :: addrs 1895552 :: offset -40
val 56 :: addrs 1895232 :: offset 38
val 57 :: addrs 1895536 :: offset 8
val 58 :: addrs 1895600 :: offset -10
val 59 :: addrs 1895520 :: offset -34
val 60 :: addrs 1895248 :: offset 18
val 61 :: addrs 1895392 :: offset 32
val 62 :: addrs 1895648 :: offset -8
val 63 :: addrs 1895584 :: offset -52
val 64 :: addrs 1895168 :: offset 50
val 65 :: addrs 1895568 :: offset -36
val 66 :: addrs 1895280 :: offset 22
val 67 :: addrs 1895456 :: offset 6
val 68 :: addrs 1895504 :: offset 14
val 69 :: addrs 1895616 :: offset -38

A:\COMP_ARCH\PYNQ_Projects\LL_trials\HLS_proj\link_list\link_list_try\solution1\sim\verilog>call xelab xil_defaultlib.apatb_link_list_top -prj link_list.prj --initfile "C:/Xilinx/Vivado/2016.3/bin/../data/xsim/ip/xsim_ip.ini" --lib "ieee_proposed=./ieee_proposed" -s link_list  
INFO: [XSIM 43-3496] Using init file passed via -initfile option "C:/Xilinx/Vivado/2016.3/bin/../data/xsim/ip/xsim_ip.ini".
Vivado Simulator 2016.3
Copyright 1986-1999, 2001-2016 Xilinx, Inc. All Rights Reserved.
Running: C:/Xilinx/Vivado/2016.3/bin/unwrapped/win64.o/xelab.exe xil_defaultlib.apatb_link_list_top -prj link_list.prj --initfile C:/Xilinx/Vivado/2016.3/bin/../data/xsim/ip/xsim_ip.ini --lib ieee_proposed=./ieee_proposed -s link_list 
Multi-threading is on. Using 2 slave threads.
INFO: [VRFC 10-2263] Analyzing SystemVerilog file "A:/COMP_ARCH/PYNQ_Projects/LL_trials/HLS_proj/link_list/link_list_try/solution1/sim/verilog/AESL_axi_master_A_BUS.v" into library xil_defaultlib
INFO: [VRFC 10-311] analyzing module AESL_axi_master_A_BUS
INFO: [VRFC 10-2263] Analyzing SystemVerilog file "A:/COMP_ARCH/PYNQ_Projects/LL_trials/HLS_proj/link_list/link_list_try/solution1/sim/verilog/AESL_axi_slave_CFG.v" into library xil_defaultlib
INFO: [VRFC 10-311] analyzing module AESL_axi_slave_CFG
INFO: [VRFC 10-2263] Analyzing SystemVerilog file "A:/COMP_ARCH/PYNQ_Projects/LL_trials/HLS_proj/link_list/link_list_try/solution1/sim/verilog/link_list.autotb.v" into library xil_defaultlib
INFO: [VRFC 10-311] analyzing module apatb_link_list_top
INFO: [VRFC 10-2263] Analyzing SystemVerilog file "A:/COMP_ARCH/PYNQ_Projects/LL_trials/HLS_proj/link_list/link_list_try/solution1/sim/verilog/link_list.v" into library xil_defaultlib
INFO: [VRFC 10-311] analyzing module link_list
INFO: [VRFC 10-2263] Analyzing SystemVerilog file "A:/COMP_ARCH/PYNQ_Projects/LL_trials/HLS_proj/link_list/link_list_try/solution1/sim/verilog/link_list_A_BUS_m_axi.v" into library xil_defaultlib
INFO: [VRFC 10-311] analyzing module link_list_A_BUS_m_axi
INFO: [VRFC 10-311] analyzing module link_list_A_BUS_m_axi_reg_slice
INFO: [VRFC 10-311] analyzing module link_list_A_BUS_m_axi_fifo
INFO: [VRFC 10-311] analyzing module link_list_A_BUS_m_axi_buffer
INFO: [VRFC 10-311] analyzing module link_list_A_BUS_m_axi_decoder
INFO: [VRFC 10-311] analyzing module link_list_A_BUS_m_axi_throttl
INFO: [VRFC 10-311] analyzing module link_list_A_BUS_m_axi_read
INFO: [VRFC 10-311] analyzing module link_list_A_BUS_m_axi_write
INFO: [VRFC 10-2458] undeclared symbol data_valid, assumed default net type wire [A:/COMP_ARCH/PYNQ_Projects/LL_trials/HLS_proj/link_list/link_list_try/solution1/sim/verilog/link_list_A_BUS_m_axi.v:2009]
INFO: [VRFC 10-2263] Analyzing SystemVerilog file "A:/COMP_ARCH/PYNQ_Projects/LL_trials/HLS_proj/link_list/link_list_try/solution1/sim/verilog/link_list_CFG_s_axi.v" into library xil_defaultlib
INFO: [VRFC 10-311] analyzing module link_list_CFG_s_axi
Starting static elaboration
Completed static elaboration
Starting simulation data flow analysis
Completed simulation data flow analysis
Time Resolution for simulation is 1ps
Compiling module xil_defaultlib.link_list_CFG_s_axi(C_S_AXI_ADDR...
Compiling module xil_defaultlib.link_list_A_BUS_m_axi_throttl_de...
Compiling module xil_defaultlib.link_list_A_BUS_m_axi_fifo(DATA_...
Compiling module xil_defaultlib.link_list_A_BUS_m_axi_buffer(DAT...
Compiling module xil_defaultlib.link_list_A_BUS_m_axi_fifo(DEPTH...
Compiling module xil_defaultlib.link_list_A_BUS_m_axi_fifo(DATA_...
Compiling module xil_defaultlib.link_list_A_BUS_m_axi_fifo(DATA_...
Compiling module xil_defaultlib.link_list_A_BUS_m_axi_write(NUM_...
Compiling module xil_defaultlib.link_list_A_BUS_m_axi_buffer(DAT...
Compiling module xil_defaultlib.link_list_A_BUS_m_axi_reg_slice(...
Compiling module xil_defaultlib.link_list_A_BUS_m_axi_read(NUM_R...
Compiling module xil_defaultlib.link_list_A_BUS_m_axi(NUM_READ_O...
Compiling module xil_defaultlib.link_list_default
Compiling module xil_defaultlib.AESL_axi_master_A_BUS
Compiling module xil_defaultlib.AESL_axi_slave_CFG
Compiling module xil_defaultlib.apatb_link_list_top
Built simulation snapshot link_list

****** Webtalk v2016.3 (64-bit)
  **** SW Build 1682563 on Mon Oct 10 19:07:27 MDT 2016
  **** IP Build 1681267 on Mon Oct 10 21:28:31 MDT 2016
    ** Copyright 1986-2016 Xilinx, Inc. All Rights Reserved.

source A:/COMP_ARCH/PYNQ_Projects/LL_trials/HLS_proj/link_list/link_list_try/solution1/sim/verilog/xsim.dir/link_list/webtalk/xsim_webtalk.tcl -notrace
INFO: [Common 17-206] Exiting Webtalk at Fri May 22 17:12:42 2020...

****** xsim v2016.3 (64-bit)
  **** SW Build 1682563 on Mon Oct 10 19:07:27 MDT 2016
  **** IP Build 1681267 on Mon Oct 10 21:28:31 MDT 2016
    ** Copyright 1986-2016 Xilinx, Inc. All Rights Reserved.

source xsim.dir/link_list/xsim_script.tcl
# xsim {link_list} -autoloadwcfg -tclbatch {link_list.tcl}
Vivado Simulator 2016.3
Time resolution is 1 ps
source link_list.tcl
## run all
////////////////////////////////////////////////////////////////////////////////////
// Inter-Transaction Progress: Completed Transaction / Total Transaction
// Intra-Transaction Progress: Measured Latency / Latency Estimation * 100%
//
// RTL Simulation : "Inter-Transaction Progress" ["Intra-Transaction Progress"] @ "Simulation Time"
////////////////////////////////////////////////////////////////////////////////////
// RTL Simulation : 0 / 1 [n/a] @ "125000"
A:/COMP_ARCH/PYNQ_Projects/LL_trials/HLS_proj/link_list/link_list_try/solution1/sim/verilog/AESL_axi_master_A_BUS.v: Read request address         32 exceed AXI master A_BUS array depth:          1
$finish called at time : 855 ns : File "A:/COMP_ARCH/PYNQ_Projects/LL_trials/HLS_proj/link_list/link_list_try/solution1/sim/verilog/AESL_axi_master_A_BUS.v" Line 685
## quit
INFO: [Common 17-206] Exiting xsim at Fri May 22 17:12:51 2020...
ERROR: System recieved a signal named SIGSEGV and the program has to stop immediately!
This signal was generated when a program tries to read or write outside the memory that is allocated for it, or to write memory that can only be read.
Possible cause of this problem may be: 1) the depth setting of pointer type argument is much larger than it needed; 2)insufficient depth of array argument; 3)null pointer etc.
Current execution stopped during CodeState = DUMP_INPUTS.
You can search CodeState variable name in apatb*.cpp file under ./sim/wrapc dir to locate the position.

ERROR: System recieved a signal named SIGSEGV and the program has to stop immediately!
This signal was generated when a program tries to read or write outside the memory that is allocated for it, or to write memory that can only be read.
Possible cause of this problem may be: 1) the depth setting of pointer type argument is much larger than it needed; 2)insufficient depth of array argument; 3)null pointer etc.
Current execution stopped during CodeState = DUMP_INPUTS.
You can search CodeState variable name in apatb*.cpp file under ./sim/wrapc dir to locate the position.

ERROR: System recieved a signal named SIGSEGV and the program has to stop immediately!
This signal was generated when a program tries to read or write outside the memory that is allocated for it, or to write memory that can only be read.
Possible cause of this problem may be: 1) the depth setting of pointer type argument is much larger than it needed; 2)insufficient depth of array argument; 3)null pointer etc.
Current execution stopped during CodeState = DUMP_INPUTS.
You can search CodeState variable name in apatb*.cpp file under ./sim/wrapc dir to locate the position.

Value: 1, Address: 17474840, Offset: 6
Value: 2, Address: 17474888, Offset: 8
Value: 3, Address: 17474952, Offset: 82
Value: 4, Address: 17475608, Offset: 6
Value: 5, Address: 17475656, Offset: -18
Value: 6, Address: 17475512, Offset: -28
Value: 7, Address: 17475288, Offset: 44
Value: 8, Address: 17475640, Offset: -26
Value: 9, Address: 17475432, Offset: 12
Value: 10, Address: 17475528, Offset: -28
Value: 11, Address: 17475304, Offset: 24
Value: 12, Address: 17475496, Offset: -4
Value: 13, Address: 17475464, Offset: 30
Value: 14, Address: 17475704, Offset: -4
Value: 15, Address: 17475672, Offset: 6
Value: 16, Address: 17475720, Offset: -56
Value: 17, Address: 17475272, Offset: 52
Value: 18, Address: 17475688, Offset: -18
Value: 19, Address: 17475544, Offset: 10
Value: 20, Address: 17475624, Offset: -38
Value: 21, Address: 17475320, Offset: 20
Value: 22, Address: 17475480, Offset: -4
Value: 23, Address: 17475448, Offset: 16
Value: 24, Address: 17475576, Offset: -2
Value: 25, Address: 17475560, Offset: 4
Value: 26, Address: 17475592, Offset: -32
Value: 27, Address: 17475336, Offset: 2
Value: 28, Address: 17475352, Offset: 2
Value: 29, Address: 17475368, Offset: 2
Value: 30, Address: 17475384, Offset: 2
Value: 31, Address: 17475400, Offset: 2
Value: 32, Address: 17475416, Offset: 2277
Value: 33, Address: 17493632, Offset: -12
Value: 34, Address: 17493536, Offset: -8
Value: 35, Address: 17493472, Offset: 18
Value: 36, Address: 17493616, Offset: -46
Value: 37, Address: 17493248, Offset: 30
Value: 38, Address: 17493488, Offset: -6
Value: 39, Address: 17493440, Offset: 16
Value: 40, Address: 17493568, Offset: 10
Value: 41, Address: 17493648, Offset: -48
Value: 42, Address: 17493264, Offset: 30
Value: 43, Address: 17493504, Offset: -26
Value: 44, Address: 17493296, Offset: 46
Value: 45, Address: 17493664, Offset: 2
Value: 46, Address: 17493680, Offset: -20
Value: 47, Address: 17493520, Offset: -26
Value: 48, Address: 17493312, Offset: 48
Value: 49, Address: 17493696, Offset: -30


val 21 :: addrs 17474840 :: offset 6
val 22 :: addrs 17474888 :: offset 8
val 23 :: addrs 17474952 :: offset 82
val 24 :: addrs 17475608 :: offset 6
val 25 :: addrs 17475656 :: offset -18
val 26 :: addrs 17475512 :: offset -28
val 27 :: addrs 17475288 :: offset 44
val 28 :: addrs 17475640 :: offset -26
val 29 :: addrs 17475432 :: offset 12
val 30 :: addrs 17475528 :: offset -28
val 31 :: addrs 17475304 :: offset 24
val 32 :: addrs 17475496 :: offset -4
val 33 :: addrs 17475464 :: offset 30
val 34 :: addrs 17475704 :: offset -4
val 35 :: addrs 17475672 :: offset 6
val 36 :: addrs 17475720 :: offset -56
val 37 :: addrs 17475272 :: offset 52
val 38 :: addrs 17475688 :: offset -18
val 39 :: addrs 17475544 :: offset 10
val 40 :: addrs 17475624 :: offset -38
val 41 :: addrs 17475320 :: offset 20
val 42 :: addrs 17475480 :: offset -4
val 43 :: addrs 17475448 :: offset 16
val 44 :: addrs 17475576 :: offset -2
val 45 :: addrs 17475560 :: offset 4
val 46 :: addrs 17475592 :: offset -32
val 47 :: addrs 17475336 :: offset 2
val 48 :: addrs 17475352 :: offset 2
val 49 :: addrs 17475368 :: offset 2
val 50 :: addrs 17475384 :: offset 2
val 51 :: addrs 17475400 :: offset 2
val 52 :: addrs 17475416 :: offset 2277
val 53 :: addrs 17493632 :: offset -12
val 54 :: addrs 17493536 :: offset -8
val 55 :: addrs 17493472 :: offset 18
val 56 :: addrs 17493616 :: offset -46
val 57 :: addrs 17493248 :: offset 30
val 58 :: addrs 17493488 :: offset -6
val 59 :: addrs 17493440 :: offset 16
val 60 :: addrs 17493568 :: offset 10
val 61 :: addrs 17493648 :: offset -48
val 62 :: addrs 17493264 :: offset 30
val 63 :: addrs 17493504 :: offset -26
val 64 :: addrs 17493296 :: offset 46
val 65 :: addrs 17493664 :: offset 2
val 66 :: addrs 17493680 :: offset -20
val 67 :: addrs 17493520 :: offset -26
val 68 :: addrs 17493312 :: offset 48
val 69 :: addrs 17493696 :: offset -30

A:\COMP_ARCH\PYNQ_Projects\LL_trials\HLS_proj\link_list\link_list_try\solution1\sim\verilog>call xelab xil_defaultlib.apatb_link_list_top -prj link_list.prj --initfile "C:/Xilinx/Vivado/2016.3/bin/../data/xsim/ip/xsim_ip.ini" --lib "ieee_proposed=./ieee_proposed" -s link_list  
INFO: [XSIM 43-3496] Using init file passed via -initfile option "C:/Xilinx/Vivado/2016.3/bin/../data/xsim/ip/xsim_ip.ini".
Vivado Simulator 2016.3
Copyright 1986-1999, 2001-2016 Xilinx, Inc. All Rights Reserved.
Running: C:/Xilinx/Vivado/2016.3/bin/unwrapped/win64.o/xelab.exe xil_defaultlib.apatb_link_list_top -prj link_list.prj --initfile C:/Xilinx/Vivado/2016.3/bin/../data/xsim/ip/xsim_ip.ini --lib ieee_proposed=./ieee_proposed -s link_list 
Multi-threading is on. Using 2 slave threads.
INFO: [VRFC 10-2263] Analyzing SystemVerilog file "A:/COMP_ARCH/PYNQ_Projects/LL_trials/HLS_proj/link_list/link_list_try/solution1/sim/verilog/AESL_axi_master_A_BUS.v" into library xil_defaultlib
INFO: [VRFC 10-311] analyzing module AESL_axi_master_A_BUS
INFO: [VRFC 10-2263] Analyzing SystemVerilog file "A:/COMP_ARCH/PYNQ_Projects/LL_trials/HLS_proj/link_list/link_list_try/solution1/sim/verilog/AESL_axi_slave_CFG.v" into library xil_defaultlib
INFO: [VRFC 10-311] analyzing module AESL_axi_slave_CFG
INFO: [VRFC 10-2263] Analyzing SystemVerilog file "A:/COMP_ARCH/PYNQ_Projects/LL_trials/HLS_proj/link_list/link_list_try/solution1/sim/verilog/link_list.autotb.v" into library xil_defaultlib
INFO: [VRFC 10-311] analyzing module apatb_link_list_top
INFO: [VRFC 10-2263] Analyzing SystemVerilog file "A:/COMP_ARCH/PYNQ_Projects/LL_trials/HLS_proj/link_list/link_list_try/solution1/sim/verilog/link_list.v" into library xil_defaultlib
INFO: [VRFC 10-311] analyzing module link_list
INFO: [VRFC 10-2263] Analyzing SystemVerilog file "A:/COMP_ARCH/PYNQ_Projects/LL_trials/HLS_proj/link_list/link_list_try/solution1/sim/verilog/link_list_A_BUS_m_axi.v" into library xil_defaultlib
INFO: [VRFC 10-311] analyzing module link_list_A_BUS_m_axi
INFO: [VRFC 10-311] analyzing module link_list_A_BUS_m_axi_reg_slice
INFO: [VRFC 10-311] analyzing module link_list_A_BUS_m_axi_fifo
INFO: [VRFC 10-311] analyzing module link_list_A_BUS_m_axi_buffer
INFO: [VRFC 10-311] analyzing module link_list_A_BUS_m_axi_decoder
INFO: [VRFC 10-311] analyzing module link_list_A_BUS_m_axi_throttl
INFO: [VRFC 10-311] analyzing module link_list_A_BUS_m_axi_read
INFO: [VRFC 10-311] analyzing module link_list_A_BUS_m_axi_write
INFO: [VRFC 10-2458] undeclared symbol data_valid, assumed default net type wire [A:/COMP_ARCH/PYNQ_Projects/LL_trials/HLS_proj/link_list/link_list_try/solution1/sim/verilog/link_list_A_BUS_m_axi.v:2009]
INFO: [VRFC 10-2263] Analyzing SystemVerilog file "A:/COMP_ARCH/PYNQ_Projects/LL_trials/HLS_proj/link_list/link_list_try/solution1/sim/verilog/link_list_CFG_s_axi.v" into library xil_defaultlib
INFO: [VRFC 10-311] analyzing module link_list_CFG_s_axi
Starting static elaboration
Completed static elaboration
Starting simulation data flow analysis
Completed simulation data flow analysis
Time Resolution for simulation is 1ps
Compiling module xil_defaultlib.link_list_CFG_s_axi(C_S_AXI_ADDR...
Compiling module xil_defaultlib.link_list_A_BUS_m_axi_throttl_de...
Compiling module xil_defaultlib.link_list_A_BUS_m_axi_fifo(DATA_...
Compiling module xil_defaultlib.link_list_A_BUS_m_axi_buffer(DAT...
Compiling module xil_defaultlib.link_list_A_BUS_m_axi_fifo(DEPTH...
Compiling module xil_defaultlib.link_list_A_BUS_m_axi_fifo(DATA_...
Compiling module xil_defaultlib.link_list_A_BUS_m_axi_fifo(DATA_...
Compiling module xil_defaultlib.link_list_A_BUS_m_axi_write(NUM_...
Compiling module xil_defaultlib.link_list_A_BUS_m_axi_buffer(DAT...
Compiling module xil_defaultlib.link_list_A_BUS_m_axi_reg_slice(...
Compiling module xil_defaultlib.link_list_A_BUS_m_axi_read(NUM_R...
Compiling module xil_defaultlib.link_list_A_BUS_m_axi(NUM_READ_O...
Compiling module xil_defaultlib.link_list_default
Compiling module xil_defaultlib.AESL_axi_master_A_BUS
Compiling module xil_defaultlib.AESL_axi_slave_CFG
Compiling module xil_defaultlib.apatb_link_list_top
Built simulation snapshot link_list

****** Webtalk v2016.3 (64-bit)
  **** SW Build 1682563 on Mon Oct 10 19:07:27 MDT 2016
  **** IP Build 1681267 on Mon Oct 10 21:28:31 MDT 2016
    ** Copyright 1986-2016 Xilinx, Inc. All Rights Reserved.

source A:/COMP_ARCH/PYNQ_Projects/LL_trials/HLS_proj/link_list/link_list_try/solution1/sim/verilog/xsim.dir/link_list/webtalk/xsim_webtalk.tcl -notrace
INFO: [Common 17-206] Exiting Webtalk at Fri May 22 17:22:05 2020...

****** xsim v2016.3 (64-bit)
  **** SW Build 1682563 on Mon Oct 10 19:07:27 MDT 2016
  **** IP Build 1681267 on Mon Oct 10 21:28:31 MDT 2016
    ** Copyright 1986-2016 Xilinx, Inc. All Rights Reserved.

source xsim.dir/link_list/xsim_script.tcl
# xsim {link_list} -autoloadwcfg -tclbatch {link_list.tcl}
Vivado Simulator 2016.3
Time resolution is 1 ps
source link_list.tcl
## run all
////////////////////////////////////////////////////////////////////////////////////
// Inter-Transaction Progress: Completed Transaction / Total Transaction
// Intra-Transaction Progress: Measured Latency / Latency Estimation * 100%
//
// RTL Simulation : "Inter-Transaction Progress" ["Intra-Transaction Progress"] @ "Simulation Time"
////////////////////////////////////////////////////////////////////////////////////
// RTL Simulation : 0 / 1 [n/a] @ "125000"
A:/COMP_ARCH/PYNQ_Projects/LL_trials/HLS_proj/link_list/link_list_try/solution1/sim/verilog/AESL_axi_master_A_BUS.v: Read request address       2349 exceed AXI master A_BUS array depth:        500
$finish called at time : 13875 ns : File "A:/COMP_ARCH/PYNQ_Projects/LL_trials/HLS_proj/link_list/link_list_try/solution1/sim/verilog/AESL_axi_master_A_BUS.v" Line 685
## quit
INFO: [Common 17-206] Exiting xsim at Fri May 22 17:22:14 2020...
Value: 1, Address: 9086456, Offset: 2
Value: 2, Address: 9086472, Offset: 4
Value: 3, Address: 9086504, Offset: 66
Value: 4, Address: 9087032, Offset: 4
Value: 5, Address: 9087064, Offset: -50
Value: 6, Address: 9086664, Offset: 40
Value: 7, Address: 9086984, Offset: -38
Value: 8, Address: 9086680, Offset: 8
Value: 9, Address: 9086744, Offset: -2
Value: 10, Address: 9086728, Offset: 30
Value: 11, Address: 9086968, Offset: -10
Value: 12, Address: 9086888, Offset: 14
Value: 13, Address: 9087000, Offset: -20
Value: 14, Address: 9086840, Offset: 22
Value: 15, Address: 9087016, Offset: 10
Value: 16, Address: 9087096, Offset: -36
Value: 17, Address: 9086808, Offset: 34
Value: 18, Address: 9087080, Offset: 4
Value: 19, Address: 9087112, Offset: -36
Value: 20, Address: 9086824, Offset: -16
Value: 21, Address: 9086696, Offset: 2
Value: 22, Address: 9086712, Offset: 42
Value: 23, Address: 9087048, Offset: -36
Value: 24, Address: 9086760, Offset: 2
Value: 25, Address: 9086776, Offset: 18
Value: 26, Address: 9086920, Offset: -16
Value: 27, Address: 9086792, Offset: 14
Value: 28, Address: 9086904, Offset: -6
Value: 29, Address: 9086856, Offset: 10
Value: 30, Address: 9086936, Offset: 2
Value: 31, Address: 9086952, Offset: -10
Value: 32, Address: 9086872, Offset: 2193
Value: 33, Address: 9104416, Offset: 6
Value: 34, Address: 9104464, Offset: 4
Value: 35, Address: 9104496, Offset: 12
Value: 36, Address: 9104592, Offset: -10
Value: 37, Address: 9104512, Offset: 4
Value: 38, Address: 9104544, Offset: -2
Value: 39, Address: 9104528, Offset: 6
Value: 40, Address: 9104576, Offset: -32
Value: 41, Address: 9104320, Offset: 30
Value: 42, Address: 9104560, Offset: -40
Value: 43, Address: 9104240, Offset: 4
Value: 44, Address: 9104272, Offset: 8
Value: 45, Address: 9104336, Offset: -20
Value: 46, Address: 9104176, Offset: -6
Value: 47, Address: 9104128, Offset: 60
Value: 48, Address: 9104608, Offset: -16
Value: 49, Address: 9104480, Offset: 18


val 21 :: addrs 9086456 :: offset 2
val 22 :: addrs 9086472 :: offset 4
val 23 :: addrs 9086504 :: offset 66
val 24 :: addrs 9087032 :: offset 4
val 25 :: addrs 9087064 :: offset -50
val 26 :: addrs 9086664 :: offset 40
val 27 :: addrs 9086984 :: offset -38
val 28 :: addrs 9086680 :: offset 8
val 29 :: addrs 9086744 :: offset -2
val 30 :: addrs 9086728 :: offset 30
val 31 :: addrs 9086968 :: offset -10
val 32 :: addrs 9086888 :: offset 14
val 33 :: addrs 9087000 :: offset -20
val 34 :: addrs 9086840 :: offset 22
val 35 :: addrs 9087016 :: offset 10
val 36 :: addrs 9087096 :: offset -36
val 37 :: addrs 9086808 :: offset 34
val 38 :: addrs 9087080 :: offset 4
val 39 :: addrs 9087112 :: offset -36
val 40 :: addrs 9086824 :: offset -16
val 41 :: addrs 9086696 :: offset 2
val 42 :: addrs 9086712 :: offset 42
val 43 :: addrs 9087048 :: offset -36
val 44 :: addrs 9086760 :: offset 2
val 45 :: addrs 9086776 :: offset 18
val 46 :: addrs 9086920 :: offset -16
val 47 :: addrs 9086792 :: offset 14
val 48 :: addrs 9086904 :: offset -6
val 49 :: addrs 9086856 :: offset 10
val 50 :: addrs 9086936 :: offset 2
val 51 :: addrs 9086952 :: offset -10
val 52 :: addrs 9086872 :: offset 2193
val 53 :: addrs 9104416 :: offset 6
val 54 :: addrs 9104464 :: offset 4
val 55 :: addrs 9104496 :: offset 12
val 56 :: addrs 9104592 :: offset -10
val 57 :: addrs 9104512 :: offset 4
val 58 :: addrs 9104544 :: offset -2
val 59 :: addrs 9104528 :: offset 6
val 60 :: addrs 9104576 :: offset -32
val 61 :: addrs 9104320 :: offset 30
val 62 :: addrs 9104560 :: offset -40
val 63 :: addrs 9104240 :: offset 4
val 64 :: addrs 9104272 :: offset 8
val 65 :: addrs 9104336 :: offset -20
val 66 :: addrs 9104176 :: offset -6
val 67 :: addrs 9104128 :: offset 60
val 68 :: addrs 9104608 :: offset -16
val 69 :: addrs 9104480 :: offset 18

A:\COMP_ARCH\PYNQ_Projects\LL_trials\HLS_proj\link_list\link_list_try\solution1\sim\verilog>call xelab xil_defaultlib.apatb_link_list_top -prj link_list.prj --initfile "C:/Xilinx/Vivado/2016.3/bin/../data/xsim/ip/xsim_ip.ini" --lib "ieee_proposed=./ieee_proposed" -s link_list  
INFO: [XSIM 43-3496] Using init file passed via -initfile option "C:/Xilinx/Vivado/2016.3/bin/../data/xsim/ip/xsim_ip.ini".
Vivado Simulator 2016.3
Copyright 1986-1999, 2001-2016 Xilinx, Inc. All Rights Reserved.
Running: C:/Xilinx/Vivado/2016.3/bin/unwrapped/win64.o/xelab.exe xil_defaultlib.apatb_link_list_top -prj link_list.prj --initfile C:/Xilinx/Vivado/2016.3/bin/../data/xsim/ip/xsim_ip.ini --lib ieee_proposed=./ieee_proposed -s link_list 
Multi-threading is on. Using 2 slave threads.
INFO: [VRFC 10-2263] Analyzing SystemVerilog file "A:/COMP_ARCH/PYNQ_Projects/LL_trials/HLS_proj/link_list/link_list_try/solution1/sim/verilog/AESL_axi_master_A_BUS.v" into library xil_defaultlib
INFO: [VRFC 10-311] analyzing module AESL_axi_master_A_BUS
INFO: [VRFC 10-2263] Analyzing SystemVerilog file "A:/COMP_ARCH/PYNQ_Projects/LL_trials/HLS_proj/link_list/link_list_try/solution1/sim/verilog/AESL_axi_slave_CFG.v" into library xil_defaultlib
INFO: [VRFC 10-311] analyzing module AESL_axi_slave_CFG
INFO: [VRFC 10-2263] Analyzing SystemVerilog file "A:/COMP_ARCH/PYNQ_Projects/LL_trials/HLS_proj/link_list/link_list_try/solution1/sim/verilog/link_list.autotb.v" into library xil_defaultlib
INFO: [VRFC 10-311] analyzing module apatb_link_list_top
INFO: [VRFC 10-2263] Analyzing SystemVerilog file "A:/COMP_ARCH/PYNQ_Projects/LL_trials/HLS_proj/link_list/link_list_try/solution1/sim/verilog/link_list.v" into library xil_defaultlib
INFO: [VRFC 10-311] analyzing module link_list
INFO: [VRFC 10-2263] Analyzing SystemVerilog file "A:/COMP_ARCH/PYNQ_Projects/LL_trials/HLS_proj/link_list/link_list_try/solution1/sim/verilog/link_list_A_BUS_m_axi.v" into library xil_defaultlib
INFO: [VRFC 10-311] analyzing module link_list_A_BUS_m_axi
INFO: [VRFC 10-311] analyzing module link_list_A_BUS_m_axi_reg_slice
INFO: [VRFC 10-311] analyzing module link_list_A_BUS_m_axi_fifo
INFO: [VRFC 10-311] analyzing module link_list_A_BUS_m_axi_buffer
INFO: [VRFC 10-311] analyzing module link_list_A_BUS_m_axi_decoder
INFO: [VRFC 10-311] analyzing module link_list_A_BUS_m_axi_throttl
INFO: [VRFC 10-311] analyzing module link_list_A_BUS_m_axi_read
INFO: [VRFC 10-311] analyzing module link_list_A_BUS_m_axi_write
INFO: [VRFC 10-2458] undeclared symbol data_valid, assumed default net type wire [A:/COMP_ARCH/PYNQ_Projects/LL_trials/HLS_proj/link_list/link_list_try/solution1/sim/verilog/link_list_A_BUS_m_axi.v:2009]
INFO: [VRFC 10-2263] Analyzing SystemVerilog file "A:/COMP_ARCH/PYNQ_Projects/LL_trials/HLS_proj/link_list/link_list_try/solution1/sim/verilog/link_list_CFG_s_axi.v" into library xil_defaultlib
INFO: [VRFC 10-311] analyzing module link_list_CFG_s_axi
Starting static elaboration
Completed static elaboration
Starting simulation data flow analysis
Completed simulation data flow analysis
Time Resolution for simulation is 1ps
Compiling module xil_defaultlib.link_list_CFG_s_axi(C_S_AXI_ADDR...
Compiling module xil_defaultlib.link_list_A_BUS_m_axi_throttl_de...
Compiling module xil_defaultlib.link_list_A_BUS_m_axi_fifo(DATA_...
Compiling module xil_defaultlib.link_list_A_BUS_m_axi_buffer(DAT...
Compiling module xil_defaultlib.link_list_A_BUS_m_axi_fifo(DEPTH...
Compiling module xil_defaultlib.link_list_A_BUS_m_axi_fifo(DATA_...
Compiling module xil_defaultlib.link_list_A_BUS_m_axi_fifo(DATA_...
Compiling module xil_defaultlib.link_list_A_BUS_m_axi_write(NUM_...
Compiling module xil_defaultlib.link_list_A_BUS_m_axi_buffer(DAT...
Compiling module xil_defaultlib.link_list_A_BUS_m_axi_reg_slice(...
Compiling module xil_defaultlib.link_list_A_BUS_m_axi_read(NUM_R...
Compiling module xil_defaultlib.link_list_A_BUS_m_axi(NUM_READ_O...
Compiling module xil_defaultlib.link_list_default
Compiling module xil_defaultlib.AESL_axi_master_A_BUS
Compiling module xil_defaultlib.AESL_axi_slave_CFG
Compiling module xil_defaultlib.apatb_link_list_top
Built simulation snapshot link_list

****** Webtalk v2016.3 (64-bit)
  **** SW Build 1682563 on Mon Oct 10 19:07:27 MDT 2016
  **** IP Build 1681267 on Mon Oct 10 21:28:31 MDT 2016
    ** Copyright 1986-2016 Xilinx, Inc. All Rights Reserved.

source A:/COMP_ARCH/PYNQ_Projects/LL_trials/HLS_proj/link_list/link_list_try/solution1/sim/verilog/xsim.dir/link_list/webtalk/xsim_webtalk.tcl -notrace
INFO: [Common 17-206] Exiting Webtalk at Fri May 22 17:22:51 2020...

****** xsim v2016.3 (64-bit)
  **** SW Build 1682563 on Mon Oct 10 19:07:27 MDT 2016
  **** IP Build 1681267 on Mon Oct 10 21:28:31 MDT 2016
    ** Copyright 1986-2016 Xilinx, Inc. All Rights Reserved.

source xsim.dir/link_list/xsim_script.tcl
# xsim {link_list} -autoloadwcfg -tclbatch {link_list.tcl}
Vivado Simulator 2016.3
Time resolution is 1 ps
source link_list.tcl
## run all
////////////////////////////////////////////////////////////////////////////////////
// Inter-Transaction Progress: Completed Transaction / Total Transaction
// Intra-Transaction Progress: Measured Latency / Latency Estimation * 100%
//
// RTL Simulation : "Inter-Transaction Progress" ["Intra-Transaction Progress"] @ "Simulation Time"
////////////////////////////////////////////////////////////////////////////////////
// RTL Simulation : 0 / 1 [n/a] @ "125000"
A:/COMP_ARCH/PYNQ_Projects/LL_trials/HLS_proj/link_list/link_list_try/solution1/sim/verilog/AESL_axi_master_A_BUS.v: Read request address       2245 exceed AXI master A_BUS array depth:        500
$finish called at time : 13875 ns : File "A:/COMP_ARCH/PYNQ_Projects/LL_trials/HLS_proj/link_list/link_list_try/solution1/sim/verilog/AESL_axi_master_A_BUS.v" Line 685
## quit
INFO: [Common 17-206] Exiting xsim at Fri May 22 17:23:00 2020...
