INFO: [HLS 200-10] Running 'C:/Xilinx/Vivado_HLS/2016.3/bin/unwrapped/win64.o/vivado_hls.exe'
INFO: [HLS 200-10] For user 'Haresh Prasannha' on host 'desktop-u9mk50b' (Windows NT_amd64 version 6.2) on Thu Mar 26 15:32:53 +0800 2020
INFO: [HLS 200-10] In directory 'A:/COMP_ARCH/PYNQ_Projects/HLS_proj/proj_2_ocm'
INFO: [HLS 200-10] Opening project 'A:/COMP_ARCH/PYNQ_Projects/HLS_proj/proj_2_ocm/ocm_try'.
INFO: [HLS 200-10] Opening solution 'A:/COMP_ARCH/PYNQ_Projects/HLS_proj/proj_2_ocm/ocm_try/solution1'.
INFO: [SYN 201-201] Setting up clock 'default' with a period of 10ns.
INFO: [HLS 200-10] Setting target device to 'xc7z020clg400-1'
INFO: [SIM 211-2] *************** CSIM start ***************
WARNING: [SIM 211-51] HLS only supports CLANG compiler in Linux.
INFO: [SIM 211-4] CSIM will launch GCC as the compiler.
   Compiling ../../../../read_ocm_test.cpp in debug mode
   Compiling ../../../../read_ocm.cpp in debug mode
   Generating csim.exe
Status value:10
Status value:11
Status value:12
Status value:13
Status value:14
Status value:15
Status value:16
Status value:17
Status value:18
Status value:19
Done
INFO: [SIM 211-1] CSim done with 0 errors.
INFO: [SIM 211-3] *************** CSIM finish ***************
