13:11:31 INFO  : Registering command handlers for SDK TCF services
13:11:33 INFO  : Launching XSCT server: xsct.bat -interactive A:\COMP_ARCH\PYNQ_Projects\Vivado_prj\skipList_prefetch_N_elem\skipList_prefetch_N_elem.sdk\temp_xsdb_launch_script.tcl
13:11:36 INFO  : XSCT server has started successfully.
13:11:37 INFO  : Successfully done setting XSCT server connection channel  
13:11:37 INFO  : Processing command line option -hwspec A:/COMP_ARCH/PYNQ_Projects/Vivado_prj/skipList_prefetch_N_elem/skipList_prefetch_N_elem.sdk/design_1_wrapper.hdf.
13:11:37 INFO  : Successfully done setting SDK workspace  
13:19:38 INFO  : Inferring section assignments and sizes from elf file: A:\COMP_ARCH\PYNQ_Projects\Vivado_prj\skipList_prefetch_N_elem\skipList_prefetch_N_elem.sdk\skiplist_prefetch\Debug\skiplist_prefetch.elf
13:19:50 INFO  : Successfully generated A:\COMP_ARCH\PYNQ_Projects\Vivado_prj\skipList_prefetch_N_elem\skipList_prefetch_N_elem.sdk\skiplist_prefetch\src\lscript.ld.
13:19:50 INFO  : Applying linker script to all configurations of project skiplist_prefetch.
13:19:50 INFO  : Setting rebuild state to true for all configurations of project skiplist_prefetch.
13:20:20 INFO  : Connected to target on host '127.0.0.1' and port '3121'.
13:20:22 INFO  : 'targets -set -filter {jtag_cable_name =~ "Xilinx PYNQ-Z1 003017A6E019A" && level==0} -index 1' command is executed.
13:20:24 INFO  : FPGA configured successfully with bitstream "A:/COMP_ARCH/PYNQ_Projects/Vivado_prj/skipList_prefetch_N_elem/skipList_prefetch_N_elem.sdk/design_1_wrapper_hw_platform_0/design_1_wrapper.bit"
13:21:30 INFO  : ps7_init is completed.
13:21:30 INFO  : ps7_post_config is completed.
13:21:30 INFO  : Processor reset is completed for ps7_cortexa9_0
13:23:14 INFO  : Processor reset is completed for ps7_cortexa9_0
13:23:40 INFO  : Processor reset is completed for ps7_cortexa9_0
13:23:51 INFO  : Processor reset is completed for ps7_cortexa9_0
13:24:51 INFO  : Processor reset is completed for ps7_cortexa9_0
13:25:05 INFO  : Processor reset is completed for ps7_cortexa9_0
13:25:17 INFO  : Processor reset is completed for ps7_cortexa9_0
13:25:28 INFO  : Processor reset is completed for ps7_cortexa9_0
13:28:26 ERROR : Unexpected error while parsing XMD response ?: com.google.gson.JsonSyntaxException: com.google.gson.stream.MalformedJsonException: invalid number or unquoted string near 
