16:17:31 INFO  : Registering command handlers for SDK TCF services
16:17:32 INFO  : Launching XSCT server: xsct.bat -interactive A:\COMP_ARCH\PYNQ_Projects\Vivado_prj\skipList_prefetch_N_elem\skipList_prefetch_N_elem.sdk\temp_xsdb_launch_script.tcl
16:17:36 INFO  : XSCT server has started successfully.
16:17:37 INFO  : Processing command line option -hwspec A:/COMP_ARCH/PYNQ_Projects/Vivado_prj/skipList_prefetch_N_elem/skipList_prefetch_N_elem.sdk/design_1_wrapper.hdf.
16:17:37 INFO  : Successfully done setting XSCT server connection channel  
16:17:37 INFO  : Successfully done setting SDK workspace  
16:19:36 ERROR : Checking FPGA configuration failed..Connection to Board Failed


    Unknown Error Occured
    Cable is not connected to the host

16:19:36 ERROR : Unexpected error while launching program.
com.xilinx.sdk.targetmanager.TMException: Connection to Board Failed


    Unknown Error Occured
    Cable is not connected to the host

	at com.xilinx.sdk.targetmanager.internal.TM.isFPGAConfigured(TM.java:374)
	at com.xilinx.sdk.debug.core.XilinxAppLaunchConfigurationDelegate.isFpgaConfigured(XilinxAppLaunchConfigurationDelegate.java:409)
	at com.xilinx.sdk.debug.core.XilinxAppLaunchConfigurationDelegate.launch(XilinxAppLaunchConfigurationDelegate.java:303)
	at com.xilinx.sdk.debug.ui.XilinxAppLaunchDelegateWrapper.launch(XilinxAppLaunchDelegateWrapper.java:31)
	at org.eclipse.debug.internal.core.LaunchConfiguration.launch(LaunchConfiguration.java:885)
	at org.eclipse.debug.internal.core.LaunchConfiguration.launch(LaunchConfiguration.java:739)
	at org.eclipse.debug.internal.ui.DebugUIPlugin.buildAndLaunch(DebugUIPlugin.java:1039)
	at org.eclipse.debug.internal.ui.DebugUIPlugin$8.run(DebugUIPlugin.java:1256)
	at org.eclipse.core.internal.jobs.Worker.run(Worker.java:55)
16:19:47 INFO  : Connected to target on host '127.0.0.1' and port '3121'.
16:19:48 INFO  : 'targets -set -filter {jtag_cable_name =~ "Xilinx PYNQ-Z1 003017A6E019A" && level==0} -index 1' command is executed.
16:19:50 INFO  : FPGA configured successfully with bitstream "A:/COMP_ARCH/PYNQ_Projects/Vivado_prj/skipList_prefetch_N_elem/skipList_prefetch_N_elem.sdk/design_1_wrapper_hw_platform_0/design_1_wrapper.bit"
16:19:58 INFO  : Inferring section assignments and sizes from elf file: A:\COMP_ARCH\PYNQ_Projects\Vivado_prj\skipList_prefetch_N_elem\skipList_prefetch_N_elem.sdk\skiplist_prefetch\Debug\skiplist_prefetch.elf
16:20:09 INFO  : Successfully generated A:\COMP_ARCH\PYNQ_Projects\Vivado_prj\skipList_prefetch_N_elem\skipList_prefetch_N_elem.sdk\skiplist_prefetch\src\lscript.ld.
16:20:09 INFO  : Applying linker script to all configurations of project skiplist_prefetch.
16:20:09 INFO  : Setting rebuild state to true for all configurations of project skiplist_prefetch.
16:20:41 INFO  : ps7_init is completed.
16:20:41 INFO  : ps7_post_config is completed.
16:20:42 INFO  : Processor reset is completed for ps7_cortexa9_0
16:22:31 INFO  : Processor reset is completed for ps7_cortexa9_0
16:22:54 INFO  : Processor reset is completed for ps7_cortexa9_0
16:23:00 INFO  : Processor reset is completed for ps7_cortexa9_0
16:23:17 INFO  : Processor reset is completed for ps7_cortexa9_0
16:23:57 INFO  : Processor reset is completed for ps7_cortexa9_0
16:24:05 INFO  : Processor reset is completed for ps7_cortexa9_0
16:24:14 INFO  : Processor reset is completed for ps7_cortexa9_0
16:24:22 INFO  : Processor reset is completed for ps7_cortexa9_0
16:24:31 INFO  : Processor reset is completed for ps7_cortexa9_0
16:24:40 INFO  : Processor reset is completed for ps7_cortexa9_0
16:25:03 INFO  : Processor reset is completed for ps7_cortexa9_0
16:25:59 ERROR : Unexpected error while parsing XMD response ?: com.google.gson.JsonSyntaxException: com.google.gson.stream.MalformedJsonException: invalid number or unquoted string near 
12:50:35 INFO  : Registering command handlers for SDK TCF services
12:50:36 INFO  : Launching XSCT server: xsct.bat -interactive A:\COMP_ARCH\PYNQ_Projects\Vivado_prj\skipList_prefetch_N_elem\prefetch_window_400\40_skipList_prefetch_N_elem.sdk\temp_xsdb_launch_script.tcl
12:50:40 INFO  : XSCT server has started successfully.
12:50:41 INFO  : Successfully done setting XSCT server connection channel  
12:50:41 INFO  : Successfully done setting SDK workspace  
12:50:46 INFO  : SDK has detected change in the last modified timestamps for source hardware specification file Source:1591956719501,  Project:1591949756782
12:50:46 INFO  : Project design_1_wrapper_hw_platform_0's source hardware specification located at A:/COMP_ARCH/PYNQ_Projects/Vivado_prj/skipList_prefetch_N_elem/skipList_prefetch_N_elem.sdk/design_1_wrapper.hdf is now different from the local copy.
		 The local copy will be replaced with the source specification and your workspace will be updated.
12:51:02 INFO  : Project design_1_wrapper_hw_platform_0's source hardware specification location will not be monitored anymore.
12:51:15 INFO  : Inferring section assignments and sizes from elf file: A:\COMP_ARCH\PYNQ_Projects\Vivado_prj\skipList_prefetch_N_elem\prefetch_window_400\40_skipList_prefetch_N_elem.sdk\skiplist_prefetch\Debug\skiplist_prefetch.elf
12:51:23 INFO  : Successfully generated A:\COMP_ARCH\PYNQ_Projects\Vivado_prj\skipList_prefetch_N_elem\prefetch_window_400\40_skipList_prefetch_N_elem.sdk\skiplist_prefetch\src\lscript.ld.
12:51:23 INFO  : Applying linker script to all configurations of project skiplist_prefetch.
12:51:23 INFO  : Setting rebuild state to true for all configurations of project skiplist_prefetch.
12:52:57 INFO  : Connected to target on host '127.0.0.1' and port '3121'.
12:53:03 INFO  : 'targets -set -filter {jtag_cable_name =~ "Xilinx PYNQ-Z1 003017A6E019A" && level==0} -index 1' command is executed.
12:53:05 INFO  : FPGA configured successfully with bitstream "A:/COMP_ARCH/PYNQ_Projects/Vivado_prj/skipList_prefetch_N_elem/prefetch_window_400/40_skipList_prefetch_N_elem.sdk/design_1_wrapper_hw_platform_0/design_1_wrapper.bit"
12:53:28 INFO  : ps7_init is completed.
12:53:28 INFO  : ps7_post_config is completed.
12:53:28 INFO  : Processor reset is completed for ps7_cortexa9_0
12:54:10 INFO  : Processor reset is completed for ps7_cortexa9_0
12:54:21 INFO  : Processor reset is completed for ps7_cortexa9_0
12:54:36 INFO  : Processor reset is completed for ps7_cortexa9_0
12:55:10 INFO  : Processor reset is completed for ps7_cortexa9_0
12:55:22 INFO  : Processor reset is completed for ps7_cortexa9_0
12:56:05 INFO  : Processor reset is completed for ps7_cortexa9_0
12:56:16 INFO  : Processor reset is completed for ps7_cortexa9_0
12:56:27 INFO  : Processor reset is completed for ps7_cortexa9_0
12:56:38 INFO  : Processor reset is completed for ps7_cortexa9_0
12:57:59 ERROR : Unexpected error while parsing XMD response ?: com.google.gson.JsonSyntaxException: com.google.gson.stream.MalformedJsonException: invalid number or unquoted string near 
12:46:03 INFO  : Registering command handlers for SDK TCF services
12:46:04 INFO  : Launching XSCT server: xsct.bat -interactive A:\COMP_ARCH\PYNQ_Projects\Vivado_prj\skipList_prefetch_N_elem\prefetch_window_400\40_skipList_prefetch_N_elem.sdk\temp_xsdb_launch_script.tcl
12:46:09 INFO  : XSCT server has started successfully.
12:46:09 INFO  : Successfully done setting XSCT server connection channel  
12:46:09 INFO  : Successfully done setting SDK workspace  
12:47:03 INFO  : Connected to target on host '127.0.0.1' and port '3121'.
12:47:04 INFO  : 'targets -set -filter {jtag_cable_name =~ "Xilinx PYNQ-Z1 003017A6E019A" && level==0} -index 1' command is executed.
12:47:06 INFO  : FPGA configured successfully with bitstream "A:/COMP_ARCH/PYNQ_Projects/Vivado_prj/skipList_prefetch_N_elem/prefetch_window_400/40_skipList_prefetch_N_elem.sdk/design_1_wrapper_hw_platform_0/design_1_wrapper.bit"
12:47:41 INFO  : ps7_init is completed.
12:47:41 INFO  : ps7_post_config is completed.
12:47:41 INFO  : Processor reset is completed for ps7_cortexa9_0
12:47:59 INFO  : Processor reset is completed for ps7_cortexa9_0
12:48:48 INFO  : Processor reset is completed for ps7_cortexa9_0
12:48:59 INFO  : Processor reset is completed for ps7_cortexa9_0
12:49:21 INFO  : Processor reset is completed for ps7_cortexa9_0
12:49:26 INFO  : Processor reset is completed for ps7_cortexa9_0
12:49:32 INFO  : Processor reset is completed for ps7_cortexa9_0
12:49:39 INFO  : Processor reset is completed for ps7_cortexa9_0
12:49:47 INFO  : Processor reset is completed for ps7_cortexa9_0
12:50:44 INFO  : Inferring section assignments and sizes from elf file: A:\COMP_ARCH\PYNQ_Projects\Vivado_prj\skipList_prefetch_N_elem\prefetch_window_400\40_skipList_prefetch_N_elem.sdk\skiplist_prefetch\Debug\skiplist_prefetch.elf
12:50:57 INFO  : Processor reset is completed for ps7_cortexa9_0
12:51:08 INFO  : Processor reset is completed for ps7_cortexa9_0
12:51:19 INFO  : Processor reset is completed for ps7_cortexa9_0
12:52:11 INFO  : Processor reset is completed for ps7_cortexa9_0
12:52:16 INFO  : Processor reset is completed for ps7_cortexa9_0
12:52:34 INFO  : Processor reset is completed for ps7_cortexa9_0
12:53:09 INFO  : Processor reset is completed for ps7_cortexa9_0
12:53:15 INFO  : Processor reset is completed for ps7_cortexa9_0
12:53:21 INFO  : Processor reset is completed for ps7_cortexa9_0
12:53:27 INFO  : Processor reset is completed for ps7_cortexa9_0
12:53:36 ERROR : Unexpected error while parsing XMD response ?: com.google.gson.JsonSyntaxException: com.google.gson.stream.MalformedJsonException: invalid number or unquoted string near 
16:07:43 INFO  : Registering command handlers for SDK TCF services
16:07:44 INFO  : Launching XSCT server: xsct.bat -interactive A:\COMP_ARCH\PYNQ_Projects\Vivado_prj\skipList_prefetch_N_elem\prefetch_window_400\40_skipList_prefetch_N_elem.sdk\temp_xsdb_launch_script.tcl
16:07:47 INFO  : XSCT server has started successfully.
16:07:48 INFO  : Successfully done setting XSCT server connection channel  
16:07:51 INFO  : Successfully done setting SDK workspace  
16:07:56 INFO  : Inferring section assignments and sizes from elf file: A:\COMP_ARCH\PYNQ_Projects\Vivado_prj\skipList_prefetch_N_elem\prefetch_window_400\40_skipList_prefetch_N_elem.sdk\skiplist_prefetch\Debug\skiplist_prefetch.elf
16:09:07 INFO  : Connected to target on host '127.0.0.1' and port '3121'.
16:09:08 INFO  : 'targets -set -filter {jtag_cable_name =~ "Xilinx PYNQ-Z1 003017A6E019A" && level==0} -index 1' command is executed.
16:09:11 INFO  : FPGA configured successfully with bitstream "A:/COMP_ARCH/PYNQ_Projects/Vivado_prj/skipList_prefetch_N_elem/prefetch_window_400/40_skipList_prefetch_N_elem.sdk/design_1_wrapper_hw_platform_0/design_1_wrapper.bit"
16:09:42 INFO  : ps7_init is completed.
16:09:42 INFO  : ps7_post_config is completed.
16:09:43 INFO  : Processor reset is completed for ps7_cortexa9_0
16:09:59 INFO  : Processor reset is completed for ps7_cortexa9_0
16:10:38 INFO  : Processor reset is completed for ps7_cortexa9_0
16:11:09 ERROR : Unexpected error while parsing XMD response ?: com.google.gson.JsonSyntaxException: com.google.gson.stream.MalformedJsonException: invalid number or unquoted string near 
