20:02:04 INFO  : Registering command handlers for SDK TCF services
20:02:05 INFO  : Launching XSCT server: xsct.bat -interactive A:\COMP_ARCH\PYNQ_Projects\Vivado_prj\skip_list_impln_2\skip_list_impln_2.sdk\temp_xsdb_launch_script.tcl
20:02:11 INFO  : XSCT server has started successfully.
20:02:11 INFO  : Successfully done setting XSCT server connection channel  
20:02:13 INFO  : Processing command line option -hwspec A:/COMP_ARCH/PYNQ_Projects/Vivado_prj/skip_list_impln_2/skip_list_impln_2.sdk/design_1_wrapper.hdf.
20:02:13 INFO  : Successfully done setting SDK workspace  
20:31:45 INFO  : Registering command handlers for SDK TCF services
20:31:45 INFO  : Launching XSCT server: xsct.bat -interactive A:\COMP_ARCH\PYNQ_Projects\Vivado_prj\skip_list_impln_2\skip_list_impln_2.sdk\temp_xsdb_launch_script.tcl
20:31:53 INFO  : XSCT server has started successfully.
20:31:54 INFO  : Successfully done setting XSCT server connection channel  
20:32:13 INFO  : Successfully done setting SDK workspace  
20:34:30 INFO  : Connected to target on host '127.0.0.1' and port '3121'.
20:34:32 INFO  : 'targets -set -filter {jtag_cable_name =~ "Xilinx PYNQ-Z1 003017A6E019A" && level==0} -index 1' command is executed.
20:34:35 INFO  : FPGA configured successfully with bitstream "A:/COMP_ARCH/PYNQ_Projects/Vivado_prj/skip_list_impln_2/skip_list_impln_2.sdk/design_1_wrapper_hw_platform_0/design_1_wrapper.bit"
20:35:24 INFO  : Inferring section assignments and sizes from elf file: A:\COMP_ARCH\PYNQ_Projects\Vivado_prj\skip_list_impln_2\skip_list_impln_2.sdk\PL_alone\Debug\PL_alone.elf
20:35:40 INFO  : Successfully generated A:\COMP_ARCH\PYNQ_Projects\Vivado_prj\skip_list_impln_2\skip_list_impln_2.sdk\PL_alone\src\lscript.ld.
20:35:40 INFO  : Applying linker script to all configurations of project PL_alone.
20:35:40 INFO  : Setting rebuild state to true for all configurations of project PL_alone.
20:36:36 INFO  : ps7_init is completed.
20:36:36 INFO  : ps7_post_config is completed.
20:36:36 INFO  : Processor reset is completed for ps7_cortexa9_0
20:39:51 INFO  : Inferring section assignments and sizes from elf file: A:\COMP_ARCH\PYNQ_Projects\Vivado_prj\skip_list_impln_2\skip_list_impln_2.sdk\PS_PL\Debug\PS_PL.elf
20:40:01 INFO  : Successfully generated A:\COMP_ARCH\PYNQ_Projects\Vivado_prj\skip_list_impln_2\skip_list_impln_2.sdk\PS_PL\src\lscript.ld.
20:40:01 INFO  : Applying linker script to all configurations of project PS_PL.
20:40:01 INFO  : Setting rebuild state to true for all configurations of project PS_PL.
20:40:04 INFO  : Connected to target on host '127.0.0.1' and port '3121'.
20:40:04 INFO  : 'targets -set -filter {jtag_cable_name =~ "Xilinx PYNQ-Z1 003017A6E019A" && level==0} -index 1' command is executed.
20:40:07 INFO  : FPGA configured successfully with bitstream "A:/COMP_ARCH/PYNQ_Projects/Vivado_prj/skip_list_impln_2/skip_list_impln_2.sdk/design_1_wrapper_hw_platform_0/design_1_wrapper.bit"
20:40:33 INFO  : ps7_init is completed.
20:40:34 INFO  : ps7_post_config is completed.
20:40:34 INFO  : Processor reset is completed for ps7_cortexa9_0
20:42:09 INFO  : Processor reset is completed for ps7_cortexa9_0
20:42:31 INFO  : Connected to target on host '127.0.0.1' and port '3121'.
20:42:34 INFO  : 'targets -set -filter {jtag_cable_name =~ "Xilinx PYNQ-Z1 003017A6E019A" && level==0} -index 1' command is executed.
20:42:37 INFO  : FPGA configured successfully with bitstream "A:/COMP_ARCH/PYNQ_Projects/Vivado_prj/skip_list_impln_2/skip_list_impln_2.sdk/design_1_wrapper_hw_platform_0/design_1_wrapper.bit"
20:42:49 INFO  : ps7_init is completed.
20:42:49 INFO  : ps7_post_config is completed.
20:42:49 INFO  : Processor reset is completed for ps7_cortexa9_0
20:43:06 INFO  : Processor reset is completed for ps7_cortexa9_0
20:43:18 ERROR : Unexpected error while parsing XMD response ?: com.google.gson.JsonSyntaxException: com.google.gson.stream.MalformedJsonException: invalid number or unquoted string near 
11:43:17 INFO  : Registering command handlers for SDK TCF services
11:43:18 INFO  : Launching XSCT server: xsct.bat -interactive A:\COMP_ARCH\PYNQ_Projects\Vivado_prj\skip_list_impln_2\skip_list_impln_2.sdk\temp_xsdb_launch_script.tcl
11:43:24 INFO  : XSCT server has started successfully.
11:43:34 INFO  : Successfully done setting XSCT server connection channel  
11:43:35 INFO  : Successfully done setting SDK workspace  
11:47:03 INFO  : Connected to target on host '127.0.0.1' and port '3121'.
11:47:05 INFO  : 'targets -set -filter {jtag_cable_name =~ "Xilinx PYNQ-Z1 003017A6E019A" && level==0} -index 1' command is executed.
11:47:07 INFO  : FPGA configured successfully with bitstream "A:/COMP_ARCH/PYNQ_Projects/Vivado_prj/skip_list_impln_2/skip_list_impln_2.sdk/design_1_wrapper_hw_platform_0/design_1_wrapper.bit"
11:49:07 INFO  : ps7_init is completed.
11:49:08 INFO  : ps7_post_config is completed.
11:49:08 INFO  : Processor reset is completed for ps7_cortexa9_0
11:49:25 INFO  : Processor reset is completed for ps7_cortexa9_0
11:52:23 INFO  : Connected to target on host '127.0.0.1' and port '3121'.
11:52:23 INFO  : 'targets -set -filter {jtag_cable_name =~ "Xilinx PYNQ-Z1 003017A6E019A" && level==0} -index 1' command is executed.
11:52:25 INFO  : FPGA configured successfully with bitstream "A:/COMP_ARCH/PYNQ_Projects/Vivado_prj/skip_list_impln_2/skip_list_impln_2.sdk/design_1_wrapper_hw_platform_0/design_1_wrapper.bit"
11:52:42 INFO  : ps7_init is completed.
11:52:42 INFO  : ps7_post_config is completed.
11:52:42 INFO  : Processor reset is completed for ps7_cortexa9_0
11:53:37 INFO  : Processor reset is completed for ps7_cortexa9_0
11:53:50 INFO  : Processor reset is completed for ps7_cortexa9_0
11:54:01 INFO  : Processor reset is completed for ps7_cortexa9_0
11:54:10 INFO  : Processor reset is completed for ps7_cortexa9_0
11:54:22 INFO  : Processor reset is completed for ps7_cortexa9_0
13:24:10 ERROR : Unexpected error while parsing XMD response ?: com.google.gson.JsonSyntaxException: com.google.gson.stream.MalformedJsonException: invalid number or unquoted string near 
