#-----------------------------------------------------------
# Webtalk v2016.3 (64-bit)
# SW Build 1682563 on Mon Oct 10 19:07:27 MDT 2016
# 
# Start of session at: Thu Mar 26 12:25:24 2020
# Process ID: 9708
# Current directory: A:/COMP_ARCH/PYNQ_Projects/Vivado_prj/OCM_readtry/OCM_readtry.sdk/webtalk
# Command line: wbtcv.exe -mode batch -source sdk_webtalk.tcl
# Log file: A:/COMP_ARCH/PYNQ_Projects/Vivado_prj/OCM_readtry/OCM_readtry.sdk/webtalk/webtalk.log
# Journal file: A:/COMP_ARCH/PYNQ_Projects/Vivado_prj/OCM_readtry/OCM_readtry.sdk/webtalk\webtalk.jou
#-----------------------------------------------------------
source sdk_webtalk.tcl
# webtalk_init -webtalk_dir A:\\COMP_ARCH\\PYNQ_Projects\\Vivado_prj\\OCM_readtry\\OCM_readtry.sdk\\webtalk
# webtalk_register_client -client project
# webtalk_add_data -client project -key date_generated -value "2020-03-26 12:25:21" -context "software_version_and_target_device"
# webtalk_add_data -client project -key product_version -value "SDK v2016.3" -context "software_version_and_target_device"
# webtalk_add_data -client project -key build_version -value "2016.3" -context "software_version_and_target_device"
# webtalk_add_data -client project -key os_platform -value "amd64" -context "software_version_and_target_device"
# webtalk_add_data -client project -key registration_id -value "" -context "software_version_and_target_device"
# webtalk_add_data -client project -key tool_flow -value "SDK" -context "software_version_and_target_device"
# webtalk_add_data -client project -key beta -value "false" -context "software_version_and_target_device"
# webtalk_add_data -client project -key route_design -value "NA" -context "software_version_and_target_device"
# webtalk_add_data -client project -key target_family -value "NA" -context "software_version_and_target_device"
# webtalk_add_data -client project -key target_device -value "NA" -context "software_version_and_target_device"
# webtalk_add_data -client project -key target_package -value "NA" -context "software_version_and_target_device"
# webtalk_add_data -client project -key target_speed -value "NA" -context "software_version_and_target_device"
# webtalk_add_data -client project -key random_id -value "kte2f1k8beqmh388bbjpaq2t9u" -context "software_version_and_target_device"
# webtalk_add_data -client project -key project_id -value "2016.3_22" -context "software_version_and_target_device"
# webtalk_add_data -client project -key project_iteration -value "22" -context "software_version_and_target_device"
# webtalk_add_data -client project -key os_name -value "Microsoft Windows 8 or later , 64-bit" -context "user_environment"
# webtalk_add_data -client project -key os_release -value "major release  (build 9200)" -context "user_environment"
# webtalk_add_data -client project -key cpu_name -value "Intel(R) Core(TM) i5-5200U CPU @ 2.20GHz" -context "user_environment"
# webtalk_add_data -client project -key cpu_speed -value "2200 MHz" -context "user_environment"
# webtalk_add_data -client project -key total_processors -value "1" -context "user_environment"
# webtalk_add_data -client project -key system_ram -value "17.000 GB" -context "user_environment"
# webtalk_register_client -client sdk
# webtalk_add_data -client sdk -key uid -value "1585065576097" -context "sdk\\\\hardware/1585065576097"
# webtalk_add_data -client sdk -key isZynq -value "true" -context "sdk\\\\hardware/1585065576097"
# webtalk_add_data -client sdk -key isZynqMP -value "false" -context "sdk\\\\hardware/1585065576097"
# webtalk_add_data -client sdk -key Processors -value "2" -context "sdk\\\\hardware/1585065576097"
# webtalk_add_data -client sdk -key VivadoVersion -value "2016.3" -context "sdk\\\\hardware/1585065576097"
# webtalk_add_data -client sdk -key Arch -value "zynq" -context "sdk\\\\hardware/1585065576097"
# webtalk_add_data -client sdk -key Device -value "7z020" -context "sdk\\\\hardware/1585065576097"
# webtalk_add_data -client sdk -key IsHandoff -value "true" -context "sdk\\\\hardware/1585065576097"
# webtalk_add_data -client sdk -key os -value "NA" -context "sdk\\\\hardware/1585065576097"
# webtalk_add_data -client sdk -key apptemplate -value "NA" -context "sdk\\\\hardware/1585065576097"
# webtalk_add_data -client sdk -key RecordType -value "HWCreation" -context "sdk\\\\hardware/1585065576097"
# webtalk_add_data -client sdk -key uid -value "1585065627757" -context "sdk\\\\hardware/1585065627757"
# webtalk_add_data -client sdk -key isZynq -value "true" -context "sdk\\\\hardware/1585065627757"
# webtalk_add_data -client sdk -key isZynqMP -value "false" -context "sdk\\\\hardware/1585065627757"
# webtalk_add_data -client sdk -key Processors -value "2" -context "sdk\\\\hardware/1585065627757"
# webtalk_add_data -client sdk -key VivadoVersion -value "2016.3.0" -context "sdk\\\\hardware/1585065627757"
# webtalk_add_data -client sdk -key Arch -value "zynq" -context "sdk\\\\hardware/1585065627757"
# webtalk_add_data -client sdk -key Device -value "7z020" -context "sdk\\\\hardware/1585065627757"
# webtalk_add_data -client sdk -key IsHandoff -value "true" -context "sdk\\\\hardware/1585065627757"
# webtalk_add_data -client sdk -key os -value "NA" -context "sdk\\\\hardware/1585065627757"
# webtalk_add_data -client sdk -key apptemplate -value "NA" -context "sdk\\\\hardware/1585065627757"
# webtalk_add_data -client sdk -key RecordType -value "HWCreation" -context "sdk\\\\hardware/1585065627757"
# webtalk_add_data -client sdk -key uid -value "1585065628772" -context "sdk\\\\bsp/1585065628772"
# webtalk_add_data -client sdk -key hwid -value "1585065627757" -context "sdk\\\\bsp/1585065628772"
# webtalk_add_data -client sdk -key os -value "standalone" -context "sdk\\\\bsp/1585065628772"
# webtalk_add_data -client sdk -key apptemplate -value "hello_world" -context "sdk\\\\bsp/1585065628772"
# webtalk_add_data -client sdk -key RecordType -value "BSPCreation" -context "sdk\\\\bsp/1585065628772"
# webtalk_add_data -client sdk -key uid -value "1585065655628" -context "sdk\\\\application/1585065655628"
# webtalk_add_data -client sdk -key hwid -value "1585065627757" -context "sdk\\\\application/1585065655628"
# webtalk_add_data -client sdk -key bspid -value "1585065628772" -context "sdk\\\\application/1585065655628"
# webtalk_add_data -client sdk -key newbsp -value "true" -context "sdk\\\\application/1585065655628"
# webtalk_add_data -client sdk -key os -value "standalone" -context "sdk\\\\application/1585065655628"
# webtalk_add_data -client sdk -key apptemplate -value "hello_world" -context "sdk\\\\application/1585065655628"
# webtalk_add_data -client sdk -key RecordType -value "APPCreation" -context "sdk\\\\application/1585065655628"
# webtalk_add_data -client sdk -key LangUsed -value "C" -context "sdk\\\\application/1585065655628"
# webtalk_add_data -client sdk -key Procused -value "ps7_cortexa9" -context "sdk\\\\application/1585065655628"
# webtalk_add_data -client sdk -key projSize -value "174.37890625" -context "sdk\\\\application/1585065655628"
# webtalk_add_data -client sdk -key uid -value "NA" -context "sdk\\\\bsp/1585196721525"
# webtalk_add_data -client sdk -key RecordType -value "ToolUsage" -context "sdk\\\\bsp/1585196721525"
# webtalk_add_data -client sdk -key BootgenCount -value "0" -context "sdk\\\\bsp/1585196721525"
# webtalk_add_data -client sdk -key DebugCount -value "0" -context "sdk\\\\bsp/1585196721525"
# webtalk_add_data -client sdk -key PerfCount -value "0" -context "sdk\\\\bsp/1585196721525"
# webtalk_add_data -client sdk -key FlashCount -value "0" -context "sdk\\\\bsp/1585196721525"
# webtalk_add_data -client sdk -key CrossTriggCount -value "0" -context "sdk\\\\bsp/1585196721525"
# webtalk_add_data -client sdk -key QemuDebugCount -value "0" -context "sdk\\\\bsp/1585196721525"
# webtalk_transmit -clientid 679848624 -regid "" -xml A:\\COMP_ARCH\\PYNQ_Projects\\Vivado_prj\\OCM_readtry\\OCM_readtry.sdk\\webtalk\\usage_statistics_ext_sdk.xml -html A:\\COMP_ARCH\\PYNQ_Projects\\Vivado_prj\\OCM_readtry\\OCM_readtry.sdk\\webtalk\\usage_statistics_ext_sdk.html -wdm A:\\COMP_ARCH\\PYNQ_Projects\\Vivado_prj\\OCM_readtry\\OCM_readtry.sdk\\webtalk\\sdk_webtalk.wdm -intro "<H3>SDK Usage Report</H3><BR>"
# webtalk_terminate
INFO: [Common 17-206] Exiting Webtalk at Thu Mar 26 12:25:48 2020...
