

Old_val: 1-->Val: 1-->next_val_1: 2-->next_val_2: 20  
Old_val: 2-->Val: 2-->next_val_1: 3-->next_val_2: 2  
Old_val: 3-->Val: 3-->next_val_1: 4-->next_val_2: 3  
Old_val: 4-->Val: 4-->next_val_1: 5-->next_val_2: 4  
Old_val: 5-->Val: 5-->next_val_1: 6-->next_val_2: 5  
Old_val: 6-->Val: 6-->next_val_1: 7-->next_val_2: 6  
Old_val: 7-->Val: 7-->next_val_1: 8-->next_val_2: 7  
Old_val: 8-->Val: 8-->next_val_1: 9-->next_val_2: 8  
Old_val: 9-->Val: 9-->next_val_1: 10-->next_val_2: 9  
Old_val: 10-->Val: 10-->next_val_1: 11-->next_val_2: 10  
Old_val: 11-->Val: 11-->next_val_1: 12-->next_val_2: 11  
Old_val: 12-->Val: 12-->next_val_1: 13-->next_val_2: 12  
Old_val: 13-->Val: 13-->next_val_1: 14-->next_val_2: 13  
Old_val: 14-->Val: 14-->next_val_1: 15-->next_val_2: 14  
Old_val: 15-->Val: 15-->next_val_1: 16-->next_val_2: 15  
Old_val: 16-->Val: 16-->next_val_1: 17-->next_val_2: 16  
Old_val: 17-->Val: 17-->next_val_1: 18-->next_val_2: 17  
Old_val: 18-->Val: 18-->next_val_1: 19-->next_val_2: 18  
Old_val: 19-->Val: 19-->next_val_1: 20-->next_val_2: 19  
Old_val: 20-->Val: 20-->next_val_1: 21-->next_val_2: 40  
Old_val: 21-->Val: 21-->next_val_1: 22-->next_val_2: 21  
Old_val: 22-->Val: 22-->next_val_1: 23-->next_val_2: 22  
Old_val: 23-->Val: 23-->next_val_1: 24-->next_val_2: 23  
Old_val: 24-->Val: 24-->next_val_1: 25-->next_val_2: 24  
Old_val: 25-->Val: 25-->next_val_1: 26-->next_val_2: 25  
Old_val: 26-->Val: 26-->next_val_1: 27-->next_val_2: 26  
Old_val: 27-->Val: 27-->next_val_1: 28-->next_val_2: 27  
Old_val: 28-->Val: 28-->next_val_1: 29-->next_val_2: 28  
Old_val: 29-->Val: 29-->next_val_1: 30-->next_val_2: 29  
Old_val: 30-->Val: 30-->next_val_1: 31-->next_val_2: 30  
Old_val: 31-->Val: 31-->next_val_1: 32-->next_val_2: 31  
Old_val: 32-->Val: 32-->next_val_1: 33-->next_val_2: 32  
Old_val: 33-->Val: 33-->next_val_1: 34-->next_val_2: 33  
Old_val: 34-->Val: 34-->next_val_1: 35-->next_val_2: 34  
Old_val: 35-->Val: 35-->next_val_1: 36-->next_val_2: 35  
Old_val: 36-->Val: 36-->next_val_1: 37-->next_val_2: 36  
Old_val: 37-->Val: 37-->next_val_1: 38-->next_val_2: 37  
Old_val: 38-->Val: 38-->next_val_1: 39-->next_val_2: 38  
Old_val: 39-->Val: 39-->next_val_1: 40-->next_val_2: 39  
Old_val: 40-->Val: 40-->next_val_1: 41-->next_val_2: 60  
Old_val: 41-->Val: 41-->next_val_1: 42-->next_val_2: 41  
Old_val: 42-->Val: 42-->next_val_1: 43-->next_val_2: 42  
Old_val: 43-->Val: 43-->next_val_1: 44-->next_val_2: 43  
Old_val: 44-->Val: 44-->next_val_1: 45-->next_val_2: 44  
Old_val: 45-->Val: 45-->next_val_1: 46-->next_val_2: 45  
Old_val: 46-->Val: 46-->next_val_1: 47-->next_val_2: 46  
Old_val: 47-->Val: 47-->next_val_1: 48-->next_val_2: 47  
Old_val: 48-->Val: 48-->next_val_1: 49-->next_val_2: 48  
Old_val: 49-->Val: 49-->next_val_1: 50-->next_val_2: 49  
Old_val: 50-->Val: 50-->next_val_1: 51-->next_val_2: 50  
Old_val: 51-->Val: 51-->next_val_1: 52-->next_val_2: 51  
Old_val: 52-->Val: 52-->next_val_1: 53-->next_val_2: 52  
Old_val: 53-->Val: 53-->next_val_1: 54-->next_val_2: 53  
Old_val: 54-->Val: 54-->next_val_1: 55-->next_val_2: 54  
Old_val: 55-->Val: 55-->next_val_1: 56-->next_val_2: 55  
Old_val: 56-->Val: 56-->next_val_1: 57-->next_val_2: 56  
Old_val: 57-->Val: 57-->next_val_1: 58-->next_val_2: 57  
Old_val: 58-->Val: 58-->next_val_1: 59-->next_val_2: 58  
Old_val: 59-->Val: 59-->next_val_1: 60-->next_val_2: 59  
Old_val: 60-->Val: 60-->next_val_1: 61-->next_val_2: 80  
Old_val: 61-->Val: 61-->next_val_1: 62-->next_val_2: 61  
Old_val: 62-->Val: 62-->next_val_1: 63-->next_val_2: 62  
Old_val: 63-->Val: 63-->next_val_1: 64-->next_val_2: 63  
Old_val: 64-->Val: 64-->next_val_1: 65-->next_val_2: 64  
Old_val: 65-->Val: 65-->next_val_1: 66-->next_val_2: 65  
Old_val: 66-->Val: 66-->next_val_1: 67-->next_val_2: 66  
Old_val: 67-->Val: 67-->next_val_1: 68-->next_val_2: 67  
Old_val: 68-->Val: 68-->next_val_1: 69-->next_val_2: 68  
Old_val: 69-->Val: 69-->next_val_1: 70-->next_val_2: 69  
Old_val: 70-->Val: 70-->next_val_1: 71-->next_val_2: 70  
Old_val: 71-->Val: 71-->next_val_1: 72-->next_val_2: 71  
Old_val: 72-->Val: 72-->next_val_1: 73-->next_val_2: 72  
Old_val: 73-->Val: 73-->next_val_1: 74-->next_val_2: 73  
Old_val: 74-->Val: 74-->next_val_1: 75-->next_val_2: 74  
Old_val: 75-->Val: 75-->next_val_1: 76-->next_val_2: 75  
Old_val: 76-->Val: 76-->next_val_1: 77-->next_val_2: 76  
Old_val: 77-->Val: 77-->next_val_1: 78-->next_val_2: 77  
Old_val: 78-->Val: 78-->next_val_1: 79-->next_val_2: 78  
Old_val: 79-->Val: 79-->next_val_1: 80-->next_val_2: 79  
Old_val: 80-->Val: 80-->next_val_1: 81-->ERROR: System recieved a signal named SIGSEGV and the program has to stop immediately!
This signal was generated when a program tries to read or write outside the memory that is allocated for it, or to write memory that can only be read.
Possible cause of this problem may be: 1) the depth setting of pointer type argument is much larger than it needed; 2)insufficient depth of array argument; 3)null pointer etc.
Current execution stopped during CodeState = ENTER_WRAPC_PC.
You can search CodeState variable name in apatb*.cpp file under ./sim/wrapc dir to locate the position.

