19:12:51 INFO  : Registering command handlers for SDK TCF services
19:12:53 INFO  : Launching XSCT server: xsct.bat -interactive A:\COMP_ARCH\PYNQ_Projects\Vivado_prj\nonseq_array_prefetch\nonseq_array_prefetch.sdk\temp_xsdb_launch_script.tcl
19:13:00 INFO  : XSCT server has started successfully.
19:13:09 INFO  : Successfully done setting XSCT server connection channel  
19:13:09 INFO  : Processing command line option -hwspec A:/COMP_ARCH/PYNQ_Projects/Vivado_prj/nonseq_array_prefetch/nonseq_array_prefetch.sdk/design_1_wrapper.hdf.
19:13:09 INFO  : Successfully done setting SDK workspace  
19:32:04 INFO  : Inferring section assignments and sizes from elf file: A:\COMP_ARCH\PYNQ_Projects\Vivado_prj\nonseq_array_prefetch\nonseq_array_prefetch.sdk\nonseq_prefetch\Debug\nonseq_prefetch.elf
19:32:15 INFO  : Successfully generated A:\COMP_ARCH\PYNQ_Projects\Vivado_prj\nonseq_array_prefetch\nonseq_array_prefetch.sdk\nonseq_prefetch\src\lscript.ld.
19:32:15 INFO  : Applying linker script to all configurations of project nonseq_prefetch.
19:32:15 INFO  : Setting rebuild state to true for all configurations of project nonseq_prefetch.
19:33:03 INFO  : Connected to target on host '127.0.0.1' and port '3121'.
19:33:04 INFO  : 'targets -set -filter {jtag_cable_name =~ "Xilinx PYNQ-Z1 003017A6E019A" && level==0} -index 1' command is executed.
19:33:07 INFO  : FPGA configured successfully with bitstream "A:/COMP_ARCH/PYNQ_Projects/Vivado_prj/nonseq_array_prefetch/nonseq_array_prefetch.sdk/design_1_wrapper_hw_platform_0/design_1_wrapper.bit"
19:35:06 INFO  : ps7_init is completed.
19:35:06 INFO  : ps7_post_config is completed.
19:35:06 INFO  : Processor reset is completed for ps7_cortexa9_0
19:35:37 INFO  : Processor reset is completed for ps7_cortexa9_0
19:36:22 INFO  : Processor reset is completed for ps7_cortexa9_0
19:36:49 INFO  : Processor reset is completed for ps7_cortexa9_0
19:38:29 INFO  : Processor reset is completed for ps7_cortexa9_0
19:38:48 INFO  : Processor reset is completed for ps7_cortexa9_0
19:39:42 INFO  : Processor reset is completed for ps7_cortexa9_0
19:41:48 INFO  : Connected to target on host '127.0.0.1' and port '3121'.
19:41:51 INFO  : 'targets -set -filter {jtag_cable_name =~ "Xilinx PYNQ-Z1 003017A6E019A" && level==0} -index 1' command is executed.
19:41:54 INFO  : FPGA configured successfully with bitstream "A:/COMP_ARCH/PYNQ_Projects/Vivado_prj/nonseq_array_prefetch/nonseq_array_prefetch.sdk/design_1_wrapper_hw_platform_0/design_1_wrapper.bit"
19:41:58 INFO  : ps7_init is completed.
19:41:58 INFO  : ps7_post_config is completed.
19:41:58 INFO  : Processor reset is completed for ps7_cortexa9_0
19:43:33 ERROR : Unexpected error while parsing XMD response ?: com.google.gson.JsonSyntaxException: com.google.gson.stream.MalformedJsonException: invalid number or unquoted string near 
