
*** Running vivado
    with args -log design_1_auto_pc_2.vds -m64 -product Vivado -mode batch -messageDb vivado.pb -notrace -source design_1_auto_pc_2.tcl


****** Vivado v2016.3 (64-bit)
  **** SW Build 1682563 on Mon Oct 10 19:07:27 MDT 2016
  **** IP Build 1681267 on Mon Oct 10 21:28:31 MDT 2016
    ** Copyright 1986-2016 Xilinx, Inc. All Rights Reserved.

source design_1_auto_pc_2.tcl -notrace
Starting RTL Elaboration : Time (s): cpu = 00:00:17 ; elapsed = 00:00:22 . Memory (MB): peak = 344.367 ; gain = 135.109
INFO: [Synth 8-638] synthesizing module 'design_1_auto_pc_2' [a:/COMP_ARCH/PYNQ_Projects/Vivado_prj/skipList_prefetch_N_elem/skipList_prefetch_N_elem.srcs/sources_1/bd/design_1/ip/design_1_auto_pc_2/synth/design_1_auto_pc_2.v:58]
INFO: [Synth 8-638] synthesizing module 'axi_protocol_converter_v2_1_10_axi_protocol_converter' [a:/COMP_ARCH/PYNQ_Projects/Vivado_prj/skipList_prefetch_N_elem/skipList_prefetch_N_elem.srcs/sources_1/bd/design_1/ipshared/4a8b/hdl/axi_protocol_converter_v2_1_vl_rfs.v:4806]
INFO: [Synth 8-256] done synthesizing module 'axi_protocol_converter_v2_1_10_axi_protocol_converter' (1#1) [a:/COMP_ARCH/PYNQ_Projects/Vivado_prj/skipList_prefetch_N_elem/skipList_prefetch_N_elem.srcs/sources_1/bd/design_1/ipshared/4a8b/hdl/axi_protocol_converter_v2_1_vl_rfs.v:4806]
INFO: [Synth 8-256] done synthesizing module 'design_1_auto_pc_2' (2#1) [a:/COMP_ARCH/PYNQ_Projects/Vivado_prj/skipList_prefetch_N_elem/skipList_prefetch_N_elem.srcs/sources_1/bd/design_1/ip/design_1_auto_pc_2/synth/design_1_auto_pc_2.v:58]
Finished RTL Elaboration : Time (s): cpu = 00:01:05 ; elapsed = 00:01:10 . Memory (MB): peak = 461.293 ; gain = 252.035
Finished RTL Optimization Phase 1 : Time (s): cpu = 00:01:05 ; elapsed = 00:01:11 . Memory (MB): peak = 461.293 ; gain = 252.035
INFO: [Device 21-403] Loading part xc7z020clg400-1
Constraint Validation Runtime : Time (s): cpu = 00:00:00 ; elapsed = 00:00:00.054 . Memory (MB): peak = 603.527 ; gain = 0.000
Finished Constraint Validation : Time (s): cpu = 00:01:20 ; elapsed = 00:01:27 . Memory (MB): peak = 603.527 ; gain = 394.270
Finished Loading Part and Timing Information : Time (s): cpu = 00:01:20 ; elapsed = 00:01:27 . Memory (MB): peak = 603.527 ; gain = 394.270
Finished applying 'set_property' XDC Constraints : Time (s): cpu = 00:01:20 ; elapsed = 00:01:27 . Memory (MB): peak = 603.527 ; gain = 394.270
Finished RTL Optimization Phase 2 : Time (s): cpu = 00:01:20 ; elapsed = 00:01:27 . Memory (MB): peak = 603.527 ; gain = 394.270
Finished Cross Boundary and Area Optimization : Time (s): cpu = 00:01:20 ; elapsed = 00:01:27 . Memory (MB): peak = 603.527 ; gain = 394.270
Finished Applying XDC Timing Constraints : Time (s): cpu = 00:01:37 ; elapsed = 00:01:45 . Memory (MB): peak = 635.082 ; gain = 425.824
Finished Timing Optimization : Time (s): cpu = 00:01:37 ; elapsed = 00:01:45 . Memory (MB): peak = 635.082 ; gain = 425.824
Finished Technology Mapping : Time (s): cpu = 00:01:37 ; elapsed = 00:01:45 . Memory (MB): peak = 644.680 ; gain = 435.422
Finished IO Insertion : Time (s): cpu = 00:01:38 ; elapsed = 00:01:46 . Memory (MB): peak = 644.680 ; gain = 435.422
Finished Renaming Generated Instances : Time (s): cpu = 00:01:38 ; elapsed = 00:01:46 . Memory (MB): peak = 644.680 ; gain = 435.422
Finished Rebuilding User Hierarchy : Time (s): cpu = 00:01:38 ; elapsed = 00:01:46 . Memory (MB): peak = 644.680 ; gain = 435.422
Finished Renaming Generated Ports : Time (s): cpu = 00:01:38 ; elapsed = 00:01:46 . Memory (MB): peak = 644.680 ; gain = 435.422
Finished Handling Custom Attributes : Time (s): cpu = 00:01:38 ; elapsed = 00:01:46 . Memory (MB): peak = 644.680 ; gain = 435.422
Finished Renaming Generated Nets : Time (s): cpu = 00:01:38 ; elapsed = 00:01:46 . Memory (MB): peak = 644.680 ; gain = 435.422

Report Cell Usage: 
+-+-----+------+
| |Cell |Count |
+-+-----+------+
+-+-----+------+
Finished Writing Synthesis Report : Time (s): cpu = 00:01:38 ; elapsed = 00:01:46 . Memory (MB): peak = 644.680 ; gain = 435.422
synth_design: Time (s): cpu = 00:01:33 ; elapsed = 00:01:36 . Memory (MB): peak = 678.379 ; gain = 417.480
