INFO: [VRFC 10-2263] Analyzing Verilog file "A:/COMP_ARCH/PYNQ_Projects/Vivado_prj/skipList_prefetch_N_elem/skipList_prefetch_N_elem.ip_user_files/bd/design_1/ip/design_1_processing_system7_0_0/sim/design_1_processing_system7_0_0.v" into library xil_defaultlib
INFO: [VRFC 10-311] analyzing module design_1_processing_system7_0_0
INFO: [VRFC 10-2263] Analyzing Verilog file "A:/COMP_ARCH/PYNQ_Projects/Vivado_prj/skipList_prefetch_N_elem/skipList_prefetch_N_elem.ip_user_files/bd/design_1/ipshared/e147/xlconstant.v" into library xil_defaultlib
INFO: [VRFC 10-311] analyzing module xlconstant
INFO: [VRFC 10-2263] Analyzing Verilog file "A:/COMP_ARCH/PYNQ_Projects/Vivado_prj/skipList_prefetch_N_elem/skipList_prefetch_N_elem.ip_user_files/bd/design_1/ip/design_1_xlconstant_0_0/sim/design_1_xlconstant_0_0.v" into library xil_defaultlib
INFO: [VRFC 10-311] analyzing module design_1_xlconstant_0_0
INFO: [VRFC 10-2263] Analyzing Verilog file "A:/COMP_ARCH/PYNQ_Projects/Vivado_prj/skipList_prefetch_N_elem/skipList_prefetch_N_elem.ip_user_files/bd/design_1/ip/design_1_xlconstant_1_0/sim/design_1_xlconstant_1_0.v" into library xil_defaultlib
INFO: [VRFC 10-311] analyzing module design_1_xlconstant_1_0
INFO: [VRFC 10-2263] Analyzing Verilog file "A:/COMP_ARCH/PYNQ_Projects/Vivado_prj/skipList_prefetch_N_elem/skipList_prefetch_N_elem.ip_user_files/bd/design_1/hdl/design_1.v" into library xil_defaultlib
INFO: [VRFC 10-311] analyzing module design_1
INFO: [VRFC 10-311] analyzing module design_1_axi_mem_intercon_0
INFO: [VRFC 10-311] analyzing module design_1_ps7_0_axi_periph_0
INFO: [VRFC 10-311] analyzing module m00_couplers_imp_15SPJYW
INFO: [VRFC 10-311] analyzing module m00_couplers_imp_1R706YB
INFO: [VRFC 10-311] analyzing module m01_couplers_imp_XU9C55
INFO: [VRFC 10-311] analyzing module s00_couplers_imp_7HNO1D
INFO: [VRFC 10-311] analyzing module s00_couplers_imp_UYSKKA
INFO: [VRFC 10-311] analyzing module s01_couplers_imp_1W60HW0
INFO: [VRFC 10-2263] Analyzing Verilog file "A:/COMP_ARCH/PYNQ_Projects/Vivado_prj/skipList_prefetch_N_elem/skipList_prefetch_N_elem.ip_user_files/bd/design_1/ip/design_1_xbar_0/sim/design_1_xbar_0.v" into library xil_defaultlib
INFO: [VRFC 10-311] analyzing module design_1_xbar_0
INFO: [VRFC 10-2263] Analyzing Verilog file "A:/COMP_ARCH/PYNQ_Projects/Vivado_prj/skipList_prefetch_N_elem/skipList_prefetch_N_elem.ip_user_files/bd/design_1/ip/design_1_xbar_1/sim/design_1_xbar_1.v" into library xil_defaultlib
INFO: [VRFC 10-311] analyzing module design_1_xbar_1
INFO: [VRFC 10-2263] Analyzing Verilog file "A:/COMP_ARCH/PYNQ_Projects/Vivado_prj/skipList_prefetch_N_elem/skipList_prefetch_N_elem.srcs/sources_1/bd/design_1/ipshared/2f75/hdl/verilog/skipprefetch_Nelebkb.v" into library xil_defaultlib
INFO: [VRFC 10-311] analyzing module skipprefetch_Nelebkb_ram
INFO: [VRFC 10-311] analyzing module skipprefetch_Nelebkb
INFO: [VRFC 10-2263] Analyzing Verilog file "A:/COMP_ARCH/PYNQ_Projects/Vivado_prj/skipList_prefetch_N_elem/skipList_prefetch_N_elem.srcs/sources_1/bd/design_1/ipshared/2f75/hdl/verilog/skipprefetch_Nelem.v" into library xil_defaultlib
INFO: [VRFC 10-311] analyzing module skipprefetch_Nelem
INFO: [VRFC 10-2263] Analyzing Verilog file "A:/COMP_ARCH/PYNQ_Projects/Vivado_prj/skipList_prefetch_N_elem/skipList_prefetch_N_elem.srcs/sources_1/bd/design_1/ipshared/2f75/hdl/verilog/skipprefetch_Nelem_A_BUS_m_axi.v" into library xil_defaultlib
INFO: [VRFC 10-311] analyzing module skipprefetch_Nelem_A_BUS_m_axi
INFO: [VRFC 10-311] analyzing module skipprefetch_Nelem_A_BUS_m_axi_reg_slice
INFO: [VRFC 10-311] analyzing module skipprefetch_Nelem_A_BUS_m_axi_fifo
INFO: [VRFC 10-311] analyzing module skipprefetch_Nelem_A_BUS_m_axi_buffer
INFO: [VRFC 10-311] analyzing module skipprefetch_Nelem_A_BUS_m_axi_decoder
INFO: [VRFC 10-311] analyzing module skipprefetch_Nelem_A_BUS_m_axi_throttl
INFO: [VRFC 10-311] analyzing module skipprefetch_Nelem_A_BUS_m_axi_read
INFO: [VRFC 10-311] analyzing module skipprefetch_Nelem_A_BUS_m_axi_write
INFO: [VRFC 10-2458] undeclared symbol data_valid, assumed default net type wire [A:/COMP_ARCH/PYNQ_Projects/Vivado_prj/skipList_prefetch_N_elem/skipList_prefetch_N_elem.srcs/sources_1/bd/design_1/ipshared/2f75/hdl/verilog/skipprefetch_Nelem_A_BUS_m_axi.v:2009]
INFO: [VRFC 10-2263] Analyzing Verilog file "A:/COMP_ARCH/PYNQ_Projects/Vivado_prj/skipList_prefetch_N_elem/skipList_prefetch_N_elem.srcs/sources_1/bd/design_1/ipshared/2f75/hdl/verilog/skipprefetch_Nelem_CFG_s_axi.v" into library xil_defaultlib
INFO: [VRFC 10-311] analyzing module skipprefetch_Nelem_CFG_s_axi
INFO: [VRFC 10-2263] Analyzing Verilog file "A:/COMP_ARCH/PYNQ_Projects/Vivado_prj/skipList_prefetch_N_elem/skipList_prefetch_N_elem.ip_user_files/bd/design_1/ip/design_1_skipprefetch_Nelem_0_1/sim/design_1_skipprefetch_Nelem_0_1.v" into library xil_defaultlib
INFO: [VRFC 10-311] analyzing module design_1_skipprefetch_Nelem_0_1
INFO: [VRFC 10-2263] Analyzing Verilog file "A:/COMP_ARCH/PYNQ_Projects/Vivado_prj/skipList_prefetch_N_elem/skipList_prefetch_N_elem.ip_user_files/bd/design_1/ip/design_1_auto_pc_0/sim/design_1_auto_pc_0.v" into library xil_defaultlib
INFO: [VRFC 10-311] analyzing module design_1_auto_pc_0
INFO: [VRFC 10-2263] Analyzing Verilog file "A:/COMP_ARCH/PYNQ_Projects/Vivado_prj/skipList_prefetch_N_elem/skipList_prefetch_N_elem.ip_user_files/bd/design_1/ip/design_1_auto_pc_1/sim/design_1_auto_pc_1.v" into library xil_defaultlib
INFO: [VRFC 10-311] analyzing module design_1_auto_pc_1
INFO: [VRFC 10-2263] Analyzing Verilog file "A:/COMP_ARCH/PYNQ_Projects/Vivado_prj/skipList_prefetch_N_elem/skipList_prefetch_N_elem.ip_user_files/bd/design_1/ip/design_1_auto_pc_2/sim/design_1_auto_pc_2.v" into library xil_defaultlib
INFO: [VRFC 10-311] analyzing module design_1_auto_pc_2
INFO: [VRFC 10-2263] Analyzing Verilog file "A:/COMP_ARCH/PYNQ_Projects/Vivado_prj/skipList_prefetch_N_elem/skipList_prefetch_N_elem.srcs/sources_1/bd/design_1/hdl/design_1_wrapper.v" into library xil_defaultlib
INFO: [VRFC 10-311] analyzing module design_1_wrapper
INFO: [VRFC 10-2263] Analyzing Verilog file "A:/COMP_ARCH/PYNQ_Projects/Vivado_prj/skipList_prefetch_N_elem/skipList_prefetch_N_elem.sim/sim_1/behav/glbl.v" into library xil_defaultlib
INFO: [VRFC 10-311] analyzing module glbl
