12


Val: 11-->next_val_1: 12  next_val_2: 5  
Val: 12-->next_val_1: 13  next_val_2: 12  
Val: 13-->next_val_1: 14  next_val_2: 13  
Val: 14-->next_val_1: 5  next_val_2: 14  
Val: 5-->next_val_1: 6  next_val_2: 10  
Val: 6-->next_val_1: 7  next_val_2: 6  
Val: 7-->next_val_1: 8  next_val_2: 7  
Val: 8-->next_val_1: 9  next_val_2: 8  
Val: 9-->next_val_1: 10  next_val_2: 9  
Val: 10-->next_val_1: 11  next_val_2: 15  
Val: 11-->next_val_1: 12  next_val_2: 11  
Val: 12-->next_val_1: 13  next_val_2: 12  
Val: 13-->next_val_1: 14  next_val_2: 13  
Val: 14-->next_val_1: 15  next_val_2: 14  
Val: 15-->next_val_1: 16  next_val_2: 20  
Val: 16-->next_val_1: 17  next_val_2: 16  
Val: 17-->next_val_1: 18  next_val_2: 17  
Val: 18-->next_val_1: 19  next_val_2: 18  
Val: 19-->next_val_1: 20  next_val_2: 19  
Val: 20-->next_val_1: 20  next_val_2: 20  

A:\COMP_ARCH\PYNQ_Projects\HLS_proj\proj_13_skiplist_prefetch\skip_list_prefetch\solution1\sim\verilog>call xelab xil_defaultlib.apatb_skip_list_prefetch_top -prj skip_list_prefetch.prj --initfile "C:/Xilinx/Vivado/2016.3/bin/../data/xsim/ip/xsim_ip.ini" --lib "ieee_proposed=./ieee_proposed" -s skip_list_prefetch  
INFO: [XSIM 43-3496] Using init file passed via -initfile option "C:/Xilinx/Vivado/2016.3/bin/../data/xsim/ip/xsim_ip.ini".
Vivado Simulator 2016.3
Copyright 1986-1999, 2001-2016 Xilinx, Inc. All Rights Reserved.
Running: C:/Xilinx/Vivado/2016.3/bin/unwrapped/win64.o/xelab.exe xil_defaultlib.apatb_skip_list_prefetch_top -prj skip_list_prefetch.prj --initfile C:/Xilinx/Vivado/2016.3/bin/../data/xsim/ip/xsim_ip.ini --lib ieee_proposed=./ieee_proposed -s skip_list_prefetch 
Multi-threading is on. Using 2 slave threads.
INFO: [VRFC 10-2263] Analyzing SystemVerilog file "A:/COMP_ARCH/PYNQ_Projects/HLS_proj/proj_13_skiplist_prefetch/skip_list_prefetch/solution1/sim/verilog/AESL_axi_master_A_BUS.v" into library xil_defaultlib
INFO: [VRFC 10-311] analyzing module AESL_axi_master_A_BUS
INFO: [VRFC 10-2263] Analyzing SystemVerilog file "A:/COMP_ARCH/PYNQ_Projects/HLS_proj/proj_13_skiplist_prefetch/skip_list_prefetch/solution1/sim/verilog/AESL_axi_slave_CFG.v" into library xil_defaultlib
INFO: [VRFC 10-311] analyzing module AESL_axi_slave_CFG
INFO: [VRFC 10-2263] Analyzing SystemVerilog file "A:/COMP_ARCH/PYNQ_Projects/HLS_proj/proj_13_skiplist_prefetch/skip_list_prefetch/solution1/sim/verilog/skip_list_prefetch.autotb.v" into library xil_defaultlib
INFO: [VRFC 10-311] analyzing module apatb_skip_list_prefetch_top
INFO: [VRFC 10-2263] Analyzing SystemVerilog file "A:/COMP_ARCH/PYNQ_Projects/HLS_proj/proj_13_skiplist_prefetch/skip_list_prefetch/solution1/sim/verilog/skip_list_prefetch.v" into library xil_defaultlib
INFO: [VRFC 10-311] analyzing module skip_list_prefetch
INFO: [VRFC 10-2263] Analyzing SystemVerilog file "A:/COMP_ARCH/PYNQ_Projects/HLS_proj/proj_13_skiplist_prefetch/skip_list_prefetch/solution1/sim/verilog/skip_list_prefetch_A_BUS_m_axi.v" into library xil_defaultlib
INFO: [VRFC 10-311] analyzing module skip_list_prefetch_A_BUS_m_axi
INFO: [VRFC 10-311] analyzing module skip_list_prefetch_A_BUS_m_axi_reg_slice
INFO: [VRFC 10-311] analyzing module skip_list_prefetch_A_BUS_m_axi_fifo
INFO: [VRFC 10-311] analyzing module skip_list_prefetch_A_BUS_m_axi_buffer
INFO: [VRFC 10-311] analyzing module skip_list_prefetch_A_BUS_m_axi_decoder
INFO: [VRFC 10-311] analyzing module skip_list_prefetch_A_BUS_m_axi_throttl
INFO: [VRFC 10-311] analyzing module skip_list_prefetch_A_BUS_m_axi_read
INFO: [VRFC 10-311] analyzing module skip_list_prefetch_A_BUS_m_axi_write
INFO: [VRFC 10-2458] undeclared symbol data_valid, assumed default net type wire [A:/COMP_ARCH/PYNQ_Projects/HLS_proj/proj_13_skiplist_prefetch/skip_list_prefetch/solution1/sim/verilog/skip_list_prefetch_A_BUS_m_axi.v:2009]
INFO: [VRFC 10-2263] Analyzing SystemVerilog file "A:/COMP_ARCH/PYNQ_Projects/HLS_proj/proj_13_skiplist_prefetch/skip_list_prefetch/solution1/sim/verilog/skip_list_prefetch_CFG_s_axi.v" into library xil_defaultlib
INFO: [VRFC 10-311] analyzing module skip_list_prefetch_CFG_s_axi
Starting static elaboration
Completed static elaboration
Starting simulation data flow analysis
Completed simulation data flow analysis
Time Resolution for simulation is 1ps
Compiling module xil_defaultlib.skip_list_prefetch_CFG_s_axi(C_S...
Compiling module xil_defaultlib.skip_list_prefetch_A_BUS_m_axi_t...
Compiling module xil_defaultlib.skip_list_prefetch_A_BUS_m_axi_f...
Compiling module xil_defaultlib.skip_list_prefetch_A_BUS_m_axi_b...
Compiling module xil_defaultlib.skip_list_prefetch_A_BUS_m_axi_f...
Compiling module xil_defaultlib.skip_list_prefetch_A_BUS_m_axi_f...
Compiling module xil_defaultlib.skip_list_prefetch_A_BUS_m_axi_f...
Compiling module xil_defaultlib.skip_list_prefetch_A_BUS_m_axi_w...
Compiling module xil_defaultlib.skip_list_prefetch_A_BUS_m_axi_b...
Compiling module xil_defaultlib.skip_list_prefetch_A_BUS_m_axi_r...
Compiling module xil_defaultlib.skip_list_prefetch_A_BUS_m_axi_r...
Compiling module xil_defaultlib.skip_list_prefetch_A_BUS_m_axi(N...
Compiling module xil_defaultlib.skip_list_prefetch_default
Compiling module xil_defaultlib.AESL_axi_master_A_BUS
Compiling module xil_defaultlib.AESL_axi_slave_CFG
Compiling module xil_defaultlib.apatb_skip_list_prefetch_top
Built simulation snapshot skip_list_prefetch

****** Webtalk v2016.3 (64-bit)
  **** SW Build 1682563 on Mon Oct 10 19:07:27 MDT 2016
  **** IP Build 1681267 on Mon Oct 10 21:28:31 MDT 2016
    ** Copyright 1986-2016 Xilinx, Inc. All Rights Reserved.

source A:/COMP_ARCH/PYNQ_Projects/HLS_proj/proj_13_skiplist_prefetch/skip_list_prefetch/solution1/sim/verilog/xsim.dir/skip_list_prefetch/webtalk/xsim_webtalk.tcl -notrace
INFO: [Common 17-206] Exiting Webtalk at Wed May 20 14:05:01 2020...

****** xsim v2016.3 (64-bit)
  **** SW Build 1682563 on Mon Oct 10 19:07:27 MDT 2016
  **** IP Build 1681267 on Mon Oct 10 21:28:31 MDT 2016
    ** Copyright 1986-2016 Xilinx, Inc. All Rights Reserved.

source xsim.dir/skip_list_prefetch/xsim_script.tcl
# xsim {skip_list_prefetch} -autoloadwcfg -tclbatch {skip_list_prefetch.tcl}
Vivado Simulator 2016.3
Time resolution is 1 ps
source skip_list_prefetch.tcl
## run all
////////////////////////////////////////////////////////////////////////////////////
// Inter-Transaction Progress: Completed Transaction / Total Transaction
// Intra-Transaction Progress: Measured Latency / Latency Estimation * 100%
//
// RTL Simulation : "Inter-Transaction Progress" ["Intra-Transaction Progress"] @ "Simulation Time"
////////////////////////////////////////////////////////////////////////////////////
// RTL Simulation : 0 / 1 [0.00%] @ "125000"
A:/COMP_ARCH/PYNQ_Projects/HLS_proj/proj_13_skiplist_prefetch/skip_list_prefetch/solution1/sim/verilog/AESL_axi_master_A_BUS.v: Read request address       4872 exceed AXI master A_BUS array depth:          3
$finish called at time : 945 ns : File "A:/COMP_ARCH/PYNQ_Projects/HLS_proj/proj_13_skiplist_prefetch/skip_list_prefetch/solution1/sim/verilog/AESL_axi_master_A_BUS.v" Line 684
## quit
INFO: [Common 17-206] Exiting xsim at Wed May 20 14:05:10 2020...
12


Val: 11-->next_val_1: 12  next_val_2: 5  
Val: 12-->next_val_1: 13  next_val_2: 12  
Val: 13-->next_val_1: 14  next_val_2: 13  
Val: 14-->next_val_1: 5  next_val_2: 14  
Val: 5-->next_val_1: 6  next_val_2: 10  
Val: 6-->next_val_1: 7  next_val_2: 6  
Val: 7-->next_val_1: 8  next_val_2: 7  
Val: 8-->next_val_1: 9  next_val_2: 8  
Val: 9-->next_val_1: 10  next_val_2: 9  
Val: 10-->next_val_1: 11  next_val_2: 15  
Val: 11-->next_val_1: 12  next_val_2: 11  
Val: 12-->next_val_1: 13  next_val_2: 12  
Val: 13-->next_val_1: 14  next_val_2: 13  
Val: 14-->next_val_1: 15  next_val_2: 14  
Val: 15-->next_val_1: 16  next_val_2: 20  
Val: 16-->next_val_1: 17  next_val_2: 16  
Val: 17-->next_val_1: 18  next_val_2: 17  
Val: 18-->next_val_1: 19  next_val_2: 18  
Val: 19-->next_val_1: 20  next_val_2: 19  
Val: 20-->next_val_1: 20  next_val_2: 20  

A:\COMP_ARCH\PYNQ_Projects\HLS_proj\proj_13_skiplist_prefetch\skip_list_prefetch\solution1\sim\verilog>call xelab xil_defaultlib.apatb_skip_list_prefetch_top -prj skip_list_prefetch.prj --initfile "C:/Xilinx/Vivado/2016.3/bin/../data/xsim/ip/xsim_ip.ini" --lib "ieee_proposed=./ieee_proposed" -s skip_list_prefetch  
INFO: [XSIM 43-3496] Using init file passed via -initfile option "C:/Xilinx/Vivado/2016.3/bin/../data/xsim/ip/xsim_ip.ini".
Vivado Simulator 2016.3
Copyright 1986-1999, 2001-2016 Xilinx, Inc. All Rights Reserved.
Running: C:/Xilinx/Vivado/2016.3/bin/unwrapped/win64.o/xelab.exe xil_defaultlib.apatb_skip_list_prefetch_top -prj skip_list_prefetch.prj --initfile C:/Xilinx/Vivado/2016.3/bin/../data/xsim/ip/xsim_ip.ini --lib ieee_proposed=./ieee_proposed -s skip_list_prefetch 
Multi-threading is on. Using 2 slave threads.
INFO: [VRFC 10-2263] Analyzing SystemVerilog file "A:/COMP_ARCH/PYNQ_Projects/HLS_proj/proj_13_skiplist_prefetch/skip_list_prefetch/solution1/sim/verilog/AESL_axi_master_A_BUS.v" into library xil_defaultlib
INFO: [VRFC 10-311] analyzing module AESL_axi_master_A_BUS
INFO: [VRFC 10-2263] Analyzing SystemVerilog file "A:/COMP_ARCH/PYNQ_Projects/HLS_proj/proj_13_skiplist_prefetch/skip_list_prefetch/solution1/sim/verilog/AESL_axi_slave_CFG.v" into library xil_defaultlib
INFO: [VRFC 10-311] analyzing module AESL_axi_slave_CFG
INFO: [VRFC 10-2263] Analyzing SystemVerilog file "A:/COMP_ARCH/PYNQ_Projects/HLS_proj/proj_13_skiplist_prefetch/skip_list_prefetch/solution1/sim/verilog/skip_list_prefetch.autotb.v" into library xil_defaultlib
INFO: [VRFC 10-311] analyzing module apatb_skip_list_prefetch_top
INFO: [VRFC 10-2263] Analyzing SystemVerilog file "A:/COMP_ARCH/PYNQ_Projects/HLS_proj/proj_13_skiplist_prefetch/skip_list_prefetch/solution1/sim/verilog/skip_list_prefetch.v" into library xil_defaultlib
INFO: [VRFC 10-311] analyzing module skip_list_prefetch
INFO: [VRFC 10-2263] Analyzing SystemVerilog file "A:/COMP_ARCH/PYNQ_Projects/HLS_proj/proj_13_skiplist_prefetch/skip_list_prefetch/solution1/sim/verilog/skip_list_prefetch_A_BUS_m_axi.v" into library xil_defaultlib
INFO: [VRFC 10-311] analyzing module skip_list_prefetch_A_BUS_m_axi
INFO: [VRFC 10-311] analyzing module skip_list_prefetch_A_BUS_m_axi_reg_slice
INFO: [VRFC 10-311] analyzing module skip_list_prefetch_A_BUS_m_axi_fifo
INFO: [VRFC 10-311] analyzing module skip_list_prefetch_A_BUS_m_axi_buffer
INFO: [VRFC 10-311] analyzing module skip_list_prefetch_A_BUS_m_axi_decoder
INFO: [VRFC 10-311] analyzing module skip_list_prefetch_A_BUS_m_axi_throttl
INFO: [VRFC 10-311] analyzing module skip_list_prefetch_A_BUS_m_axi_read
INFO: [VRFC 10-311] analyzing module skip_list_prefetch_A_BUS_m_axi_write
INFO: [VRFC 10-2458] undeclared symbol data_valid, assumed default net type wire [A:/COMP_ARCH/PYNQ_Projects/HLS_proj/proj_13_skiplist_prefetch/skip_list_prefetch/solution1/sim/verilog/skip_list_prefetch_A_BUS_m_axi.v:2009]
INFO: [VRFC 10-2263] Analyzing SystemVerilog file "A:/COMP_ARCH/PYNQ_Projects/HLS_proj/proj_13_skiplist_prefetch/skip_list_prefetch/solution1/sim/verilog/skip_list_prefetch_CFG_s_axi.v" into library xil_defaultlib
INFO: [VRFC 10-311] analyzing module skip_list_prefetch_CFG_s_axi
Starting static elaboration
Completed static elaboration
Starting simulation data flow analysis
Completed simulation data flow analysis
Time Resolution for simulation is 1ps
Compiling module xil_defaultlib.skip_list_prefetch_CFG_s_axi(C_S...
Compiling module xil_defaultlib.skip_list_prefetch_A_BUS_m_axi_t...
Compiling module xil_defaultlib.skip_list_prefetch_A_BUS_m_axi_f...
Compiling module xil_defaultlib.skip_list_prefetch_A_BUS_m_axi_b...
Compiling module xil_defaultlib.skip_list_prefetch_A_BUS_m_axi_f...
Compiling module xil_defaultlib.skip_list_prefetch_A_BUS_m_axi_f...
Compiling module xil_defaultlib.skip_list_prefetch_A_BUS_m_axi_f...
Compiling module xil_defaultlib.skip_list_prefetch_A_BUS_m_axi_w...
Compiling module xil_defaultlib.skip_list_prefetch_A_BUS_m_axi_b...
Compiling module xil_defaultlib.skip_list_prefetch_A_BUS_m_axi_r...
Compiling module xil_defaultlib.skip_list_prefetch_A_BUS_m_axi_r...
Compiling module xil_defaultlib.skip_list_prefetch_A_BUS_m_axi(N...
Compiling module xil_defaultlib.skip_list_prefetch_default
Compiling module xil_defaultlib.AESL_axi_master_A_BUS
Compiling module xil_defaultlib.AESL_axi_slave_CFG
Compiling module xil_defaultlib.apatb_skip_list_prefetch_top
Built simulation snapshot skip_list_prefetch

****** Webtalk v2016.3 (64-bit)
  **** SW Build 1682563 on Mon Oct 10 19:07:27 MDT 2016
  **** IP Build 1681267 on Mon Oct 10 21:28:31 MDT 2016
    ** Copyright 1986-2016 Xilinx, Inc. All Rights Reserved.

source A:/COMP_ARCH/PYNQ_Projects/HLS_proj/proj_13_skiplist_prefetch/skip_list_prefetch/solution1/sim/verilog/xsim.dir/skip_list_prefetch/webtalk/xsim_webtalk.tcl -notrace
INFO: [Common 17-206] Exiting Webtalk at Wed May 20 14:08:26 2020...

****** xsim v2016.3 (64-bit)
  **** SW Build 1682563 on Mon Oct 10 19:07:27 MDT 2016
  **** IP Build 1681267 on Mon Oct 10 21:28:31 MDT 2016
    ** Copyright 1986-2016 Xilinx, Inc. All Rights Reserved.

source xsim.dir/skip_list_prefetch/xsim_script.tcl
# xsim {skip_list_prefetch} -autoloadwcfg -tclbatch {skip_list_prefetch.tcl}
Vivado Simulator 2016.3
Time resolution is 1 ps
source skip_list_prefetch.tcl
## run all
////////////////////////////////////////////////////////////////////////////////////
// Inter-Transaction Progress: Completed Transaction / Total Transaction
// Intra-Transaction Progress: Measured Latency / Latency Estimation * 100%
//
// RTL Simulation : "Inter-Transaction Progress" ["Intra-Transaction Progress"] @ "Simulation Time"
////////////////////////////////////////////////////////////////////////////////////
// RTL Simulation : 0 / 1 [0.00%] @ "125000"
A:/COMP_ARCH/PYNQ_Projects/HLS_proj/proj_13_skiplist_prefetch/skip_list_prefetch/solution1/sim/verilog/AESL_axi_master_A_BUS.v: Read request address       4872 exceed AXI master A_BUS array depth:          3
$finish called at time : 945 ns : File "A:/COMP_ARCH/PYNQ_Projects/HLS_proj/proj_13_skiplist_prefetch/skip_list_prefetch/solution1/sim/verilog/AESL_axi_master_A_BUS.v" Line 684
## quit
INFO: [Common 17-206] Exiting xsim at Wed May 20 14:08:35 2020...
12


Val: 11-->next_val_1: 12  next_val_2: 15  
Val: 12-->next_val_1: 13  next_val_2: 12  
Val: 13-->next_val_1: 14  next_val_2: 13  
Val: 14-->next_val_1: 15  next_val_2: 14  
Val: 15-->next_val_1: 16  next_val_2: 20  
Val: 16-->next_val_1: 17  next_val_2: 16  
Val: 17-->next_val_1: 18  next_val_2: 17  
Val: 18-->next_val_1: 19  next_val_2: 18  
Val: 19-->next_val_1: 20  next_val_2: 19  
Val: 20-->next_val_1: 21  next_val_2: 25  
Val: 21-->next_val_1: 22  next_val_2: 21  
Val: 22-->next_val_1: 23  next_val_2: 22  
Val: 23-->next_val_1: 24  next_val_2: 23  
Val: 24-->next_val_1: 25  next_val_2: 24  
Val: 25-->next_val_1: 26  next_val_2: 30  
Val: 26-->next_val_1: 27  next_val_2: 26  
Val: 27-->next_val_1: 28  next_val_2: 27  
Val: 28-->next_val_1: 29  next_val_2: 28  
Val: 29-->next_val_1: 30  next_val_2: 29  
Val: 30-->next_val_1: 30  next_val_2: 30  

A:\COMP_ARCH\PYNQ_Projects\HLS_proj\proj_13_skiplist_prefetch\skip_list_prefetch\solution1\sim\verilog>call xelab xil_defaultlib.apatb_skip_list_prefetch_top -prj skip_list_prefetch.prj --initfile "C:/Xilinx/Vivado/2016.3/bin/../data/xsim/ip/xsim_ip.ini" --lib "ieee_proposed=./ieee_proposed" -s skip_list_prefetch  
INFO: [XSIM 43-3496] Using init file passed via -initfile option "C:/Xilinx/Vivado/2016.3/bin/../data/xsim/ip/xsim_ip.ini".
Vivado Simulator 2016.3
Copyright 1986-1999, 2001-2016 Xilinx, Inc. All Rights Reserved.
Running: C:/Xilinx/Vivado/2016.3/bin/unwrapped/win64.o/xelab.exe xil_defaultlib.apatb_skip_list_prefetch_top -prj skip_list_prefetch.prj --initfile C:/Xilinx/Vivado/2016.3/bin/../data/xsim/ip/xsim_ip.ini --lib ieee_proposed=./ieee_proposed -s skip_list_prefetch 
Multi-threading is on. Using 2 slave threads.
INFO: [VRFC 10-2263] Analyzing SystemVerilog file "A:/COMP_ARCH/PYNQ_Projects/HLS_proj/proj_13_skiplist_prefetch/skip_list_prefetch/solution1/sim/verilog/AESL_axi_master_A_BUS.v" into library xil_defaultlib
INFO: [VRFC 10-311] analyzing module AESL_axi_master_A_BUS
INFO: [VRFC 10-2263] Analyzing SystemVerilog file "A:/COMP_ARCH/PYNQ_Projects/HLS_proj/proj_13_skiplist_prefetch/skip_list_prefetch/solution1/sim/verilog/AESL_axi_slave_CFG.v" into library xil_defaultlib
INFO: [VRFC 10-311] analyzing module AESL_axi_slave_CFG
INFO: [VRFC 10-2263] Analyzing SystemVerilog file "A:/COMP_ARCH/PYNQ_Projects/HLS_proj/proj_13_skiplist_prefetch/skip_list_prefetch/solution1/sim/verilog/skip_list_prefetch.autotb.v" into library xil_defaultlib
INFO: [VRFC 10-311] analyzing module apatb_skip_list_prefetch_top
INFO: [VRFC 10-2263] Analyzing SystemVerilog file "A:/COMP_ARCH/PYNQ_Projects/HLS_proj/proj_13_skiplist_prefetch/skip_list_prefetch/solution1/sim/verilog/skip_list_prefetch.v" into library xil_defaultlib
INFO: [VRFC 10-311] analyzing module skip_list_prefetch
INFO: [VRFC 10-2263] Analyzing SystemVerilog file "A:/COMP_ARCH/PYNQ_Projects/HLS_proj/proj_13_skiplist_prefetch/skip_list_prefetch/solution1/sim/verilog/skip_list_prefetch_A_BUS_m_axi.v" into library xil_defaultlib
INFO: [VRFC 10-311] analyzing module skip_list_prefetch_A_BUS_m_axi
INFO: [VRFC 10-311] analyzing module skip_list_prefetch_A_BUS_m_axi_reg_slice
INFO: [VRFC 10-311] analyzing module skip_list_prefetch_A_BUS_m_axi_fifo
INFO: [VRFC 10-311] analyzing module skip_list_prefetch_A_BUS_m_axi_buffer
INFO: [VRFC 10-311] analyzing module skip_list_prefetch_A_BUS_m_axi_decoder
INFO: [VRFC 10-311] analyzing module skip_list_prefetch_A_BUS_m_axi_throttl
INFO: [VRFC 10-311] analyzing module skip_list_prefetch_A_BUS_m_axi_read
INFO: [VRFC 10-311] analyzing module skip_list_prefetch_A_BUS_m_axi_write
INFO: [VRFC 10-2458] undeclared symbol data_valid, assumed default net type wire [A:/COMP_ARCH/PYNQ_Projects/HLS_proj/proj_13_skiplist_prefetch/skip_list_prefetch/solution1/sim/verilog/skip_list_prefetch_A_BUS_m_axi.v:2009]
INFO: [VRFC 10-2263] Analyzing SystemVerilog file "A:/COMP_ARCH/PYNQ_Projects/HLS_proj/proj_13_skiplist_prefetch/skip_list_prefetch/solution1/sim/verilog/skip_list_prefetch_CFG_s_axi.v" into library xil_defaultlib
INFO: [VRFC 10-311] analyzing module skip_list_prefetch_CFG_s_axi
Starting static elaboration
Completed static elaboration
Starting simulation data flow analysis
Completed simulation data flow analysis
Time Resolution for simulation is 1ps
Compiling module xil_defaultlib.skip_list_prefetch_CFG_s_axi(C_S...
Compiling module xil_defaultlib.skip_list_prefetch_A_BUS_m_axi_t...
Compiling module xil_defaultlib.skip_list_prefetch_A_BUS_m_axi_f...
Compiling module xil_defaultlib.skip_list_prefetch_A_BUS_m_axi_b...
Compiling module xil_defaultlib.skip_list_prefetch_A_BUS_m_axi_f...
Compiling module xil_defaultlib.skip_list_prefetch_A_BUS_m_axi_f...
Compiling module xil_defaultlib.skip_list_prefetch_A_BUS_m_axi_f...
Compiling module xil_defaultlib.skip_list_prefetch_A_BUS_m_axi_w...
Compiling module xil_defaultlib.skip_list_prefetch_A_BUS_m_axi_b...
Compiling module xil_defaultlib.skip_list_prefetch_A_BUS_m_axi_r...
Compiling module xil_defaultlib.skip_list_prefetch_A_BUS_m_axi_r...
Compiling module xil_defaultlib.skip_list_prefetch_A_BUS_m_axi(N...
Compiling module xil_defaultlib.skip_list_prefetch_default
Compiling module xil_defaultlib.AESL_axi_master_A_BUS
Compiling module xil_defaultlib.AESL_axi_slave_CFG
Compiling module xil_defaultlib.apatb_skip_list_prefetch_top
Built simulation snapshot skip_list_prefetch

****** Webtalk v2016.3 (64-bit)
  **** SW Build 1682563 on Mon Oct 10 19:07:27 MDT 2016
  **** IP Build 1681267 on Mon Oct 10 21:28:31 MDT 2016
    ** Copyright 1986-2016 Xilinx, Inc. All Rights Reserved.

source A:/COMP_ARCH/PYNQ_Projects/HLS_proj/proj_13_skiplist_prefetch/skip_list_prefetch/solution1/sim/verilog/xsim.dir/skip_list_prefetch/webtalk/xsim_webtalk.tcl -notrace
INFO: [Common 17-206] Exiting Webtalk at Wed May 20 15:41:16 2020...

****** xsim v2016.3 (64-bit)
  **** SW Build 1682563 on Mon Oct 10 19:07:27 MDT 2016
  **** IP Build 1681267 on Mon Oct 10 21:28:31 MDT 2016
    ** Copyright 1986-2016 Xilinx, Inc. All Rights Reserved.

source xsim.dir/skip_list_prefetch/xsim_script.tcl
# xsim {skip_list_prefetch} -autoloadwcfg -tclbatch {skip_list_prefetch.tcl}
Vivado Simulator 2016.3
Time resolution is 1 ps
source skip_list_prefetch.tcl
## run all
////////////////////////////////////////////////////////////////////////////////////
// Inter-Transaction Progress: Completed Transaction / Total Transaction
// Intra-Transaction Progress: Measured Latency / Latency Estimation * 100%
//
// RTL Simulation : "Inter-Transaction Progress" ["Intra-Transaction Progress"] @ "Simulation Time"
////////////////////////////////////////////////////////////////////////////////////
// RTL Simulation : 0 / 1 [0.00%] @ "125000"
A:/COMP_ARCH/PYNQ_Projects/HLS_proj/proj_13_skiplist_prefetch/skip_list_prefetch/solution1/sim/verilog/AESL_axi_master_A_BUS.v: Read request address       4872 exceed AXI master A_BUS array depth:          3
$finish called at time : 945 ns : File "A:/COMP_ARCH/PYNQ_Projects/HLS_proj/proj_13_skiplist_prefetch/skip_list_prefetch/solution1/sim/verilog/AESL_axi_master_A_BUS.v" Line 684
## quit
INFO: [Common 17-206] Exiting xsim at Wed May 20 15:41:25 2020...
