16:19:58 INFO  : Registering command handlers for SDK TCF services
16:19:59 INFO  : Launching XSCT server: xsct.bat -interactive A:\COMP_ARCH\PYNQ_Projects\Vivado_prj\skipList_prefetch_N_elem\skipList_prefetch_N_elem.sdk\temp_xsdb_launch_script.tcl
16:20:02 INFO  : XSCT server has started successfully.
16:20:02 INFO  : Successfully done setting XSCT server connection channel  
16:20:03 INFO  : Processing command line option -hwspec A:/COMP_ARCH/PYNQ_Projects/Vivado_prj/skipList_prefetch_N_elem/skipList_prefetch_N_elem.sdk/design_1_wrapper.hdf.
16:20:03 INFO  : Successfully done setting SDK workspace  
16:25:52 INFO  : Connected to target on host '127.0.0.1' and port '3121'.
16:25:54 INFO  : 'targets -set -filter {jtag_cable_name =~ "Xilinx PYNQ-Z1 003017A6E019A" && level==0} -index 1' command is executed.
16:25:56 INFO  : FPGA configured successfully with bitstream "A:/COMP_ARCH/PYNQ_Projects/Vivado_prj/skipList_prefetch_N_elem/skipList_prefetch_N_elem.sdk/design_1_wrapper_hw_platform_0/design_1_wrapper.bit"
16:26:27 INFO  : ps7_init is completed.
16:26:27 INFO  : ps7_post_config is completed.
16:26:27 INFO  : Processor reset is completed for ps7_cortexa9_0
16:26:47 INFO  : Inferring section assignments and sizes from elf file: A:\COMP_ARCH\PYNQ_Projects\Vivado_prj\skipList_prefetch_N_elem\skipList_prefetch_N_elem.sdk\skiplist_prefetch\Debug\skiplist_prefetch.elf
16:26:59 INFO  : Successfully generated A:\COMP_ARCH\PYNQ_Projects\Vivado_prj\skipList_prefetch_N_elem\skipList_prefetch_N_elem.sdk\skiplist_prefetch\src\lscript.ld.
16:26:59 INFO  : Applying linker script to all configurations of project skiplist_prefetch.
16:26:59 INFO  : Setting rebuild state to true for all configurations of project skiplist_prefetch.
16:27:10 INFO  : Connected to target on host '127.0.0.1' and port '3121'.
16:27:11 INFO  : 'targets -set -filter {jtag_cable_name =~ "Xilinx PYNQ-Z1 003017A6E019A" && level==0} -index 1' command is executed.
16:27:13 INFO  : FPGA configured successfully with bitstream "A:/COMP_ARCH/PYNQ_Projects/Vivado_prj/skipList_prefetch_N_elem/skipList_prefetch_N_elem.sdk/design_1_wrapper_hw_platform_0/design_1_wrapper.bit"
16:27:17 INFO  : ps7_init is completed.
16:27:17 INFO  : ps7_post_config is completed.
16:27:17 INFO  : Processor reset is completed for ps7_cortexa9_0
16:29:13 INFO  : Processor reset is completed for ps7_cortexa9_0
16:29:51 INFO  : Processor reset is completed for ps7_cortexa9_0
16:31:04 INFO  : Processor reset is completed for ps7_cortexa9_0
16:31:18 INFO  : Processor reset is completed for ps7_cortexa9_0
16:31:25 INFO  : Processor reset is completed for ps7_cortexa9_0
16:31:29 INFO  : Processor reset is completed for ps7_cortexa9_0
16:31:33 INFO  : Processor reset is completed for ps7_cortexa9_0
16:31:37 INFO  : Processor reset is completed for ps7_cortexa9_0
16:31:46 ERROR : Unexpected error while parsing XMD response ?: com.google.gson.JsonSyntaxException: com.google.gson.stream.MalformedJsonException: invalid number or unquoted string near 
17:43:40 INFO  : Registering command handlers for SDK TCF services
17:43:41 INFO  : Launching XSCT server: xsct.bat -interactive A:\COMP_ARCH\PYNQ_Projects\Vivado_prj\skipList_prefetch_N_elem\20_1k_skipList_prefetch_N_elem.sdk\temp_xsdb_launch_script.tcl
17:43:47 INFO  : XSCT server has started successfully.
17:43:49 INFO  : Successfully done setting XSCT server connection channel  
17:43:52 INFO  : Successfully done setting SDK workspace  
17:44:17 INFO  : Connected to target on host '127.0.0.1' and port '3121'.
17:44:18 INFO  : 'targets -set -filter {jtag_cable_name =~ "Xilinx PYNQ-Z1 003017A6E019A" && level==0} -index 1' command is executed.
17:44:20 INFO  : FPGA configured successfully with bitstream "A:/COMP_ARCH/PYNQ_Projects/Vivado_prj/skipList_prefetch_N_elem/20_1k_skipList_prefetch_N_elem.sdk/design_1_wrapper_hw_platform_0/design_1_wrapper.bit"
17:45:17 INFO  : ps7_init is completed.
17:45:17 INFO  : ps7_post_config is completed.
17:45:17 INFO  : Processor reset is completed for ps7_cortexa9_0
17:45:35 INFO  : Processor reset is completed for ps7_cortexa9_0
17:45:48 INFO  : Processor reset is completed for ps7_cortexa9_0
17:46:02 INFO  : Processor reset is completed for ps7_cortexa9_0
17:46:38 INFO  : Processor reset is completed for ps7_cortexa9_0
17:46:46 INFO  : Processor reset is completed for ps7_cortexa9_0
17:46:51 INFO  : Processor reset is completed for ps7_cortexa9_0
17:46:58 ERROR : Unexpected error while parsing XMD response ?: com.google.gson.JsonSyntaxException: com.google.gson.stream.MalformedJsonException: invalid number or unquoted string near 
