#-----------------------------------------------------------
# Vivado v2016.3 (64-bit)
# SW Build 1682563 on Mon Oct 10 19:07:27 MDT 2016
# IP Build 1681267 on Mon Oct 10 21:28:31 MDT 2016
# Start of session at: Wed Jul 29 19:52:13 2020
# Process ID: 5404
# Current directory: A:/COMP_ARCH/PYNQ_Projects/Vivado_prj/AXI_master_slave_try2
# Command line: vivado.exe -gui_launcher_event rodinguilauncherevent4616 A:\COMP_ARCH\PYNQ_Projects\Vivado_prj\AXI_master_slave_try2\AXI_master_slave_try2.xpr
# Log file: A:/COMP_ARCH/PYNQ_Projects/Vivado_prj/AXI_master_slave_try2/vivado.log
# Journal file: A:/COMP_ARCH/PYNQ_Projects/Vivado_prj/AXI_master_slave_try2\vivado.jou
#-----------------------------------------------------------
start_gui
open_project A:/COMP_ARCH/PYNQ_Projects/Vivado_prj/AXI_master_slave_try2/AXI_master_slave_try2.xpr
Scanning sources...
Finished scanning sources
WARNING: [filemgmt 56-3] IP Repository Path: Could not find the directory 'A:/COMP_ARCH/PYNQ_Projects/Vivado_prj/ip_repo/master_slave_AXI_try3/master_slave_IP_1.0'.
WARNING: [filemgmt 56-3] IP Repository Path: Could not find the directory 'A:/COMP_ARCH/PYNQ_Projects/Vivado_prj/ip_repo/Master_slave_prefetch1k_try2/Test_slave_1.0'.
WARNING: [filemgmt 56-3] IP Repository Path: Could not find the directory 'A:/COMP_ARCH/PYNQ_Projects/Vivado_prj/ip_repo/Master_slave_prefetch1k_try2/M_S_prefetch1k_1.0'.
INFO: [IP_Flow 19-234] Refreshing IP repositories
WARNING: [IP_Flow 19-2248] Failed to load user IP repository 'a:/COMP_ARCH/PYNQ_Projects/Vivado_prj/ip_repo/master_slave_AXI_try3/master_slave_IP_1.0'; Can't find the specified path.
If this directory should no longer be in your list of user repositories, go to the IP Settings dialog and remove it.
WARNING: [IP_Flow 19-2248] Failed to load user IP repository 'a:/COMP_ARCH/PYNQ_Projects/Vivado_prj/ip_repo/Master_slave_prefetch1k_try2/Test_slave_1.0'; Can't find the specified path.
If this directory should no longer be in your list of user repositories, go to the IP Settings dialog and remove it.
WARNING: [IP_Flow 19-2248] Failed to load user IP repository 'a:/COMP_ARCH/PYNQ_Projects/Vivado_prj/ip_repo/Master_slave_prefetch1k_try2/M_S_prefetch1k_1.0'; Can't find the specified path.
If this directory should no longer be in your list of user repositories, go to the IP Settings dialog and remove it.
INFO: [IP_Flow 19-2313] Loaded Vivado IP repository 'C:/Xilinx/Vivado/2016.3/data/ip'.
WARNING: [BD 41-1661] One or more IPs have been locked in the design 'design_1.bd'. Please run report_ip_status for more details and recommendations on how to fix this issue.
List of locked IPs:
design_1_master_slave_IP_0_0

open_project: Time (s): cpu = 00:00:19 ; elapsed = 00:00:14 . Memory (MB): peak = 850.242 ; gain = 190.184
exit
INFO: [Common 17-206] Exiting Vivado at Wed Jul 29 19:56:19 2020...
