#-----------------------------------------------------------
# xsim v2016.3 (64-bit)
# SW Build 1682563 on Mon Oct 10 19:07:27 MDT 2016
# IP Build 1681267 on Mon Oct 10 21:28:31 MDT 2016
# Start of session at: Wed Apr 01 15:54:44 2020
# Process ID: 16116
# Current directory: A:/COMP_ARCH/PYNQ_Projects/HLS_proj/proj_5_simple_ACP/simple_ACP/solution1/sim/verilog
# Command line: xsim.exe -mode tcl -source {xsim.dir/mod_data/xsim_script.tcl}
# Log file: A:/COMP_ARCH/PYNQ_Projects/HLS_proj/proj_5_simple_ACP/simple_ACP/solution1/sim/verilog/xsim.log
# Journal file: A:/COMP_ARCH/PYNQ_Projects/HLS_proj/proj_5_simple_ACP/simple_ACP/solution1/sim/verilog\xsim.jou
#-----------------------------------------------------------
source xsim.dir/mod_data/xsim_script.tcl
# xsim {mod_data} -autoloadwcfg -tclbatch {mod_data.tcl}
Vivado Simulator 2016.3
Time resolution is 1 ps
source mod_data.tcl
## run all
////////////////////////////////////////////////////////////////////////////////////
// Inter-Transaction Progress: Completed Transaction / Total Transaction
// Intra-Transaction Progress: Measured Latency / Latency Estimation * 100%
//
// RTL Simulation : "Inter-Transaction Progress" ["Intra-Transaction Progress"] @ "Simulation Time"
////////////////////////////////////////////////////////////////////////////////////
// RTL Simulation : 0 / 1 [0.00%] @ "125000"
// RTL Simulation : 1 / 1 [0.00%] @ "685000"
////////////////////////////////////////////////////////////////////////////////////
$finish called at time : 725 ns : File "A:/COMP_ARCH/PYNQ_Projects/HLS_proj/proj_5_simple_ACP/simple_ACP/solution1/sim/verilog/mod_data.autotb.v" Line 459
## quit
INFO: [Common 17-206] Exiting xsim at Wed Apr 01 15:54:51 2020...
