13:21:08 **** Build of project skiplist_prefetch_bsp ****
make -k all 
"Running Make include in ps7_cortexa9_0/libsrc/coresightps_dcc_v1_3/src"
make -C ps7_cortexa9_0/libsrc/coresightps_dcc_v1_3/src -s include  "SHELL=CMD" "COMPILER=arm-none-eabi-gcc" "ARCHIVER=arm-none-eabi-ar" "COMPILER_FLAGS=  -O2 -c" "EXTRA_COMPILER_FLAGS=-mcpu=cortex-a9 -mfpu=vfpv3 -mfloat-abi=hard -nostartfiles"
"Running Make include in ps7_cortexa9_0/libsrc/cpu_cortexa9_v2_3/src"
make -C ps7_cortexa9_0/libsrc/cpu_cortexa9_v2_3/src -s include  "SHELL=CMD" "COMPILER=arm-none-eabi-gcc" "ARCHIVER=arm-none-eabi-ar" "COMPILER_FLAGS=  -O2 -c" "EXTRA_COMPILER_FLAGS=-mcpu=cortex-a9 -mfpu=vfpv3 -mfloat-abi=hard -nostartfiles"
"Running Make include in ps7_cortexa9_0/libsrc/ddrps_v1_0/src"
make -C ps7_cortexa9_0/libsrc/ddrps_v1_0/src -s include  "SHELL=CMD" "COMPILER=arm-none-eabi-gcc" "ARCHIVER=arm-none-eabi-ar" "COMPILER_FLAGS=  -O2 -c" "EXTRA_COMPILER_FLAGS=-mcpu=cortex-a9 -mfpu=vfpv3 -mfloat-abi=hard -nostartfiles"
"Running Make include in ps7_cortexa9_0/libsrc/devcfg_v3_4/src"
make -C ps7_cortexa9_0/libsrc/devcfg_v3_4/src -s include  "SHELL=CMD" "COMPILER=arm-none-eabi-gcc" "ARCHIVER=arm-none-eabi-ar" "COMPILER_FLAGS=  -O2 -c" "EXTRA_COMPILER_FLAGS=-mcpu=cortex-a9 -mfpu=vfpv3 -mfloat-abi=hard -nostartfiles"
"Running Make include in ps7_cortexa9_0/libsrc/dmaps_v2_2/src"
make -C ps7_cortexa9_0/libsrc/dmaps_v2_2/src -s include  "SHELL=CMD" "COMPILER=arm-none-eabi-gcc" "ARCHIVER=arm-none-eabi-ar" "COMPILER_FLAGS=  -O2 -c" "EXTRA_COMPILER_FLAGS=-mcpu=cortex-a9 -mfpu=vfpv3 -mfloat-abi=hard -nostartfiles"
"Running Make include in ps7_cortexa9_0/libsrc/emacps_v3_3/src"
make -C ps7_cortexa9_0/libsrc/emacps_v3_3/src -s include  "SHELL=CMD" "COMPILER=arm-none-eabi-gcc" "ARCHIVER=arm-none-eabi-ar" "COMPILER_FLAGS=  -O2 -c" "EXTRA_COMPILER_FLAGS=-mcpu=cortex-a9 -mfpu=vfpv3 -mfloat-abi=hard -nostartfiles"
"Running Make include in ps7_cortexa9_0/libsrc/gpiops_v3_1/src"
make -C ps7_cortexa9_0/libsrc/gpiops_v3_1/src -s include  "SHELL=CMD" "COMPILER=arm-none-eabi-gcc" "ARCHIVER=arm-none-eabi-ar" "COMPILER_FLAGS=  -O2 -c" "EXTRA_COMPILER_FLAGS=-mcpu=cortex-a9 -mfpu=vfpv3 -mfloat-abi=hard -nostartfiles"
"Running Make include in ps7_cortexa9_0/libsrc/qspips_v3_3/src"
make -C ps7_cortexa9_0/libsrc/qspips_v3_3/src -s include  "SHELL=CMD" "COMPILER=arm-none-eabi-gcc" "ARCHIVER=arm-none-eabi-ar" "COMPILER_FLAGS=  -O2 -c" "EXTRA_COMPILER_FLAGS=-mcpu=cortex-a9 -mfpu=vfpv3 -mfloat-abi=hard -nostartfiles"
"Running Make include in ps7_cortexa9_0/libsrc/scugic_v3_4/src"
make -C ps7_cortexa9_0/libsrc/scugic_v3_4/src -s include  "SHELL=CMD" "COMPILER=arm-none-eabi-gcc" "ARCHIVER=arm-none-eabi-ar" "COMPILER_FLAGS=  -O2 -c" "EXTRA_COMPILER_FLAGS=-mcpu=cortex-a9 -mfpu=vfpv3 -mfloat-abi=hard -nostartfiles"
"Running Make include in ps7_cortexa9_0/libsrc/scutimer_v2_1/src"
make -C ps7_cortexa9_0/libsrc/scutimer_v2_1/src -s include  "SHELL=CMD" "COMPILER=arm-none-eabi-gcc" "ARCHIVER=arm-none-eabi-ar" "COMPILER_FLAGS=  -O2 -c" "EXTRA_COMPILER_FLAGS=-mcpu=cortex-a9 -mfpu=vfpv3 -mfloat-abi=hard -nostartfiles"
"Running Make include in ps7_cortexa9_0/libsrc/scuwdt_v2_1/src"
make -C ps7_cortexa9_0/libsrc/scuwdt_v2_1/src -s include  "SHELL=CMD" "COMPILER=arm-none-eabi-gcc" "ARCHIVER=arm-none-eabi-ar" "COMPILER_FLAGS=  -O2 -c" "EXTRA_COMPILER_FLAGS=-mcpu=cortex-a9 -mfpu=vfpv3 -mfloat-abi=hard -nostartfiles"
"Running Make include in ps7_cortexa9_0/libsrc/sdps_v3_0/src"
make -C ps7_cortexa9_0/libsrc/sdps_v3_0/src -s include  "SHELL=CMD" "COMPILER=arm-none-eabi-gcc" "ARCHIVER=arm-none-eabi-ar" "COMPILER_FLAGS=  -O2 -c" "EXTRA_COMPILER_FLAGS=-mcpu=cortex-a9 -mfpu=vfpv3 -mfloat-abi=hard -nostartfiles"
"Running Make include in ps7_cortexa9_0/libsrc/skipprefetch_Nelem_v1_0/src"
make -C ps7_cortexa9_0/libsrc/skipprefetch_Nelem_v1_0/src -s include  "SHELL=CMD" "COMPILER=arm-none-eabi-gcc" "ARCHIVER=arm-none-eabi-ar" "COMPILER_FLAGS=  -O2 -c" "EXTRA_COMPILER_FLAGS=-mcpu=cortex-a9 -mfpu=vfpv3 -mfloat-abi=hard -nostartfiles"
"Running Make include in ps7_cortexa9_0/libsrc/standalone_v6_0/src"
make -C ps7_cortexa9_0/libsrc/standalone_v6_0/src -s include  "SHELL=CMD" "COMPILER=arm-none-eabi-gcc" "ARCHIVER=arm-none-eabi-ar" "COMPILER_FLAGS=  -O2 -c" "EXTRA_COMPILER_FLAGS=-mcpu=cortex-a9 -mfpu=vfpv3 -mfloat-abi=hard -nostartfiles"
"Running Make include in ps7_cortexa9_0/libsrc/uartps_v3_2/src"
make -C ps7_cortexa9_0/libsrc/uartps_v3_2/src -s include  "SHELL=CMD" "COMPILER=arm-none-eabi-gcc" "ARCHIVER=arm-none-eabi-ar" "COMPILER_FLAGS=  -O2 -c" "EXTRA_COMPILER_FLAGS=-mcpu=cortex-a9 -mfpu=vfpv3 -mfloat-abi=hard -nostartfiles"
"Running Make include in ps7_cortexa9_0/libsrc/usbps_v2_4/src"
make -C ps7_cortexa9_0/libsrc/usbps_v2_4/src -s include  "SHELL=CMD" "COMPILER=arm-none-eabi-gcc" "ARCHIVER=arm-none-eabi-ar" "COMPILER_FLAGS=  -O2 -c" "EXTRA_COMPILER_FLAGS=-mcpu=cortex-a9 -mfpu=vfpv3 -mfloat-abi=hard -nostartfiles"
"Running Make include in ps7_cortexa9_0/libsrc/xadcps_v2_2/src"
make -C ps7_cortexa9_0/libsrc/xadcps_v2_2/src -s include  "SHELL=CMD" "COMPILER=arm-none-eabi-gcc" "ARCHIVER=arm-none-eabi-ar" "COMPILER_FLAGS=  -O2 -c" "EXTRA_COMPILER_FLAGS=-mcpu=cortex-a9 -mfpu=vfpv3 -mfloat-abi=hard -nostartfiles"
"Running Make libs in ps7_cortexa9_0/libsrc/coresightps_dcc_v1_3/src"
make -C ps7_cortexa9_0/libsrc/coresightps_dcc_v1_3/src -s libs  "SHELL=CMD" "COMPILER=arm-none-eabi-gcc" "ARCHIVER=arm-none-eabi-ar" "COMPILER_FLAGS=  -O2 -c" "EXTRA_COMPILER_FLAGS=-mcpu=cortex-a9 -mfpu=vfpv3 -mfloat-abi=hard -nostartfiles"
"Compiling coresightps_dcc"
arm-none-eabi-ar: creating ../../../lib/libxil.a
"Running Make libs in ps7_cortexa9_0/libsrc/cpu_cortexa9_v2_3/src"
make -C ps7_cortexa9_0/libsrc/cpu_cortexa9_v2_3/src -s libs  "SHELL=CMD" "COMPILER=arm-none-eabi-gcc" "ARCHIVER=arm-none-eabi-ar" "COMPILER_FLAGS=  -O2 -c" "EXTRA_COMPILER_FLAGS=-mcpu=cortex-a9 -mfpu=vfpv3 -mfloat-abi=hard -nostartfiles"
"Compiling cpu_cortexa9"
"Running Make libs in ps7_cortexa9_0/libsrc/ddrps_v1_0/src"
make -C ps7_cortexa9_0/libsrc/ddrps_v1_0/src -s libs  "SHELL=CMD" "COMPILER=arm-none-eabi-gcc" "ARCHIVER=arm-none-eabi-ar" "COMPILER_FLAGS=  -O2 -c" "EXTRA_COMPILER_FLAGS=-mcpu=cortex-a9 -mfpu=vfpv3 -mfloat-abi=hard -nostartfiles"
"Compiling ddrps"
"Running Make libs in ps7_cortexa9_0/libsrc/devcfg_v3_4/src"
make -C ps7_cortexa9_0/libsrc/devcfg_v3_4/src -s libs  "SHELL=CMD" "COMPILER=arm-none-eabi-gcc" "ARCHIVER=arm-none-eabi-ar" "COMPILER_FLAGS=  -O2 -c" "EXTRA_COMPILER_FLAGS=-mcpu=cortex-a9 -mfpu=vfpv3 -mfloat-abi=hard -nostartfiles"
"Compiling devcfg"
"Running Make libs in ps7_cortexa9_0/libsrc/dmaps_v2_2/src"
make -C ps7_cortexa9_0/libsrc/dmaps_v2_2/src -s libs  "SHELL=CMD" "COMPILER=arm-none-eabi-gcc" "ARCHIVER=arm-none-eabi-ar" "COMPILER_FLAGS=  -O2 -c" "EXTRA_COMPILER_FLAGS=-mcpu=cortex-a9 -mfpu=vfpv3 -mfloat-abi=hard -nostartfiles"
"Compiling dmaps"
"Running Make libs in ps7_cortexa9_0/libsrc/emacps_v3_3/src"
make -C ps7_cortexa9_0/libsrc/emacps_v3_3/src -s libs  "SHELL=CMD" "COMPILER=arm-none-eabi-gcc" "ARCHIVER=arm-none-eabi-ar" "COMPILER_FLAGS=  -O2 -c" "EXTRA_COMPILER_FLAGS=-mcpu=cortex-a9 -mfpu=vfpv3 -mfloat-abi=hard -nostartfiles"
"Compiling emacps"
"Running Make libs in ps7_cortexa9_0/libsrc/gpiops_v3_1/src"
make -C ps7_cortexa9_0/libsrc/gpiops_v3_1/src -s libs  "SHELL=CMD" "COMPILER=arm-none-eabi-gcc" "ARCHIVER=arm-none-eabi-ar" "COMPILER_FLAGS=  -O2 -c" "EXTRA_COMPILER_FLAGS=-mcpu=cortex-a9 -mfpu=vfpv3 -mfloat-abi=hard -nostartfiles"
"Compiling gpiops"
"Running Make libs in ps7_cortexa9_0/libsrc/qspips_v3_3/src"
make -C ps7_cortexa9_0/libsrc/qspips_v3_3/src -s libs  "SHELL=CMD" "COMPILER=arm-none-eabi-gcc" "ARCHIVER=arm-none-eabi-ar" "COMPILER_FLAGS=  -O2 -c" "EXTRA_COMPILER_FLAGS=-mcpu=cortex-a9 -mfpu=vfpv3 -mfloat-abi=hard -nostartfiles"
"Compiling qspips"
"Running Make libs in ps7_cortexa9_0/libsrc/scugic_v3_4/src"
make -C ps7_cortexa9_0/libsrc/scugic_v3_4/src -s libs  "SHELL=CMD" "COMPILER=arm-none-eabi-gcc" "ARCHIVER=arm-none-eabi-ar" "COMPILER_FLAGS=  -O2 -c" "EXTRA_COMPILER_FLAGS=-mcpu=cortex-a9 -mfpu=vfpv3 -mfloat-abi=hard -nostartfiles"
"Compiling scugic"
"Running Make libs in ps7_cortexa9_0/libsrc/scutimer_v2_1/src"
make -C ps7_cortexa9_0/libsrc/scutimer_v2_1/src -s libs  "SHELL=CMD" "COMPILER=arm-none-eabi-gcc" "ARCHIVER=arm-none-eabi-ar" "COMPILER_FLAGS=  -O2 -c" "EXTRA_COMPILER_FLAGS=-mcpu=cortex-a9 -mfpu=vfpv3 -mfloat-abi=hard -nostartfiles"
"Compiling scutimer"
"Running Make libs in ps7_cortexa9_0/libsrc/scuwdt_v2_1/src"
make -C ps7_cortexa9_0/libsrc/scuwdt_v2_1/src -s libs  "SHELL=CMD" "COMPILER=arm-none-eabi-gcc" "ARCHIVER=arm-none-eabi-ar" "COMPILER_FLAGS=  -O2 -c" "EXTRA_COMPILER_FLAGS=-mcpu=cortex-a9 -mfpu=vfpv3 -mfloat-abi=hard -nostartfiles"
"Compiling scuwdt"
"Running Make libs in ps7_cortexa9_0/libsrc/sdps_v3_0/src"
make -C ps7_cortexa9_0/libsrc/sdps_v3_0/src -s libs  "SHELL=CMD" "COMPILER=arm-none-eabi-gcc" "ARCHIVER=arm-none-eabi-ar" "COMPILER_FLAGS=  -O2 -c" "EXTRA_COMPILER_FLAGS=-mcpu=cortex-a9 -mfpu=vfpv3 -mfloat-abi=hard -nostartfiles"
"Compiling sdps"
"Running Make libs in ps7_cortexa9_0/libsrc/skipprefetch_Nelem_v1_0/src"
make -C ps7_cortexa9_0/libsrc/skipprefetch_Nelem_v1_0/src -s libs  "SHELL=CMD" "COMPILER=arm-none-eabi-gcc" "ARCHIVER=arm-none-eabi-ar" "COMPILER_FLAGS=  -O2 -c" "EXTRA_COMPILER_FLAGS=-mcpu=cortex-a9 -mfpu=vfpv3 -mfloat-abi=hard -nostartfiles"
"Compiling skipprefetch_Nelem"
"Running Make libs in ps7_cortexa9_0/libsrc/standalone_v6_0/src"
make -C ps7_cortexa9_0/libsrc/standalone_v6_0/src -s libs  "SHELL=CMD" "COMPILER=arm-none-eabi-gcc" "ARCHIVER=arm-none-eabi-ar" "COMPILER_FLAGS=  -O2 -c" "EXTRA_COMPILER_FLAGS=-mcpu=cortex-a9 -mfpu=vfpv3 -mfloat-abi=hard -nostartfiles"
"Compiling standalone"
"Running Make libs in ps7_cortexa9_0/libsrc/uartps_v3_2/src"
make -C ps7_cortexa9_0/libsrc/uartps_v3_2/src -s libs  "SHELL=CMD" "COMPILER=arm-none-eabi-gcc" "ARCHIVER=arm-none-eabi-ar" "COMPILER_FLAGS=  -O2 -c" "EXTRA_COMPILER_FLAGS=-mcpu=cortex-a9 -mfpu=vfpv3 -mfloat-abi=hard -nostartfiles"
"Compiling uartps"
"Running Make libs in ps7_cortexa9_0/libsrc/usbps_v2_4/src"
make -C ps7_cortexa9_0/libsrc/usbps_v2_4/src -s libs  "SHELL=CMD" "COMPILER=arm-none-eabi-gcc" "ARCHIVER=arm-none-eabi-ar" "COMPILER_FLAGS=  -O2 -c" "EXTRA_COMPILER_FLAGS=-mcpu=cortex-a9 -mfpu=vfpv3 -mfloat-abi=hard -nostartfiles"
"Compiling usbps"
"Running Make libs in ps7_cortexa9_0/libsrc/xadcps_v2_2/src"
make -C ps7_cortexa9_0/libsrc/xadcps_v2_2/src -s libs  "SHELL=CMD" "COMPILER=arm-none-eabi-gcc" "ARCHIVER=arm-none-eabi-ar" "COMPILER_FLAGS=  -O2 -c" "EXTRA_COMPILER_FLAGS=-mcpu=cortex-a9 -mfpu=vfpv3 -mfloat-abi=hard -nostartfiles"
"Compiling xadcps"
'Finished building libraries'
13:21:40 **** Build of configuration Debug for project skiplist_prefetch ****
make pre-build main-build 
a9-linaro-pre-build-step
' '
'Building file: ../src/helloworld.c'
'Invoking: ARM v7 gcc compiler'
arm-none-eabi-gcc -Wall -O0 -g3 -c -fmessage-length=0 -MT"src/helloworld.o" -mcpu=cortex-a9 -mfpu=vfpv3 -mfloat-abi=hard -I../../skiplist_prefetch_bsp/ps7_cortexa9_0/include -MMD -MP -MF"src/helloworld.d" -MT"src/helloworld.o" -o "src/helloworld.o" "../src/helloworld.c"
'Finished building: ../src/helloworld.c'
' '
'Building file: ../src/platform.c'
'Invoking: ARM v7 gcc compiler'
arm-none-eabi-gcc -Wall -O0 -g3 -c -fmessage-length=0 -MT"src/platform.o" -mcpu=cortex-a9 -mfpu=vfpv3 -mfloat-abi=hard -I../../skiplist_prefetch_bsp/ps7_cortexa9_0/include -MMD -MP -MF"src/platform.d" -MT"src/platform.o" -o "src/platform.o" "../src/platform.c"
'Finished building: ../src/platform.c'
' '
'Building target: skiplist_prefetch.elf'
'Invoking: ARM v7 gcc linker'
arm-none-eabi-gcc -mcpu=cortex-a9 -mfpu=vfpv3 -mfloat-abi=hard -Wl,-build-id=none -specs=Xilinx.spec -Wl,-T -Wl,../src/lscript.ld -L../../skiplist_prefetch_bsp/ps7_cortexa9_0/lib -o "skiplist_prefetch.elf"  ./src/helloworld.o ./src/platform.o   -Wl,--start-group,-lxil,-lgcc,-lc,--end-group
'Finished building target: skiplist_prefetch.elf'
' '
'Invoking: ARM v7 Print Size'
arm-none-eabi-size skiplist_prefetch.elf  |tee "skiplist_prefetch.elf.size"
   text	   data	    bss	    dec	    hex	filename
  22332	   1148	  22568	  46048	   b3e0	skiplist_prefetch.elf
'Finished building: skiplist_prefetch.elf.size'
' '
13:21:42 **** Auto Build of configuration Debug for project skiplist_prefetch ****
make pre-build main-build 
a9-linaro-pre-build-step
' '
make: Nothing to be done for `main-build'.
13:23:49 **** Clean-only build of configuration Debug for project skiplist_prefetch ****
make clean 
rm -rf  ./src/helloworld.o ./src/platform.o  ./src/helloworld.d ./src/platform.d  skiplist_prefetch.elf.size  skiplist_prefetch.elf
' '
13:23:49 **** Auto Build of configuration Debug for project skiplist_prefetch ****
make pre-build main-build 
a9-linaro-pre-build-step
' '
'Building file: ../src/helloworld.c'
'Invoking: ARM v7 gcc compiler'
arm-none-eabi-gcc -Wall -O0 -g3 -c -fmessage-length=0 -MT"src/helloworld.o" -mcpu=cortex-a9 -mfpu=vfpv3 -mfloat-abi=hard -I../../skiplist_prefetch_bsp/ps7_cortexa9_0/include -MMD -MP -MF"src/helloworld.d" -MT"src/helloworld.o" -o "src/helloworld.o" "../src/helloworld.c"
../src/helloworld.c: In function 'main':
../src/helloworld.c:148:16: warning: unused variable 'dummy_node' [-Wunused-variable]
   struct node *dummy_node = (struct node *)malloc(5*sizeof(struct node));
                ^
../src/helloworld.c:201:6: warning: unused variable 'sum' [-Wunused-variable]
  int sum = 0;
      ^
'Finished building: ../src/helloworld.c'
' '
'Building file: ../src/platform.c'
'Invoking: ARM v7 gcc compiler'
arm-none-eabi-gcc -Wall -O0 -g3 -c -fmessage-length=0 -MT"src/platform.o" -mcpu=cortex-a9 -mfpu=vfpv3 -mfloat-abi=hard -I../../skiplist_prefetch_bsp/ps7_cortexa9_0/include -MMD -MP -MF"src/platform.d" -MT"src/platform.o" -o "src/platform.o" "../src/platform.c"
'Finished building: ../src/platform.c'
' '
'Building target: skiplist_prefetch.elf'
'Invoking: ARM v7 gcc linker'
arm-none-eabi-gcc -mcpu=cortex-a9 -mfpu=vfpv3 -mfloat-abi=hard -Wl,-build-id=none -specs=Xilinx.spec -Wl,-T -Wl,../src/lscript.ld -L../../skiplist_prefetch_bsp/ps7_cortexa9_0/lib -o "skiplist_prefetch.elf"  ./src/helloworld.o ./src/platform.o   -Wl,--start-group,-lxil,-lgcc,-lc,--end-group
'Finished building target: skiplist_prefetch.elf'
' '
'Invoking: ARM v7 Print Size'
arm-none-eabi-size skiplist_prefetch.elf  |tee "skiplist_prefetch.elf.size"
   text	   data	    bss	    dec	    hex	filename
  82268	   2596	20978480	21063344	14166b0	skiplist_prefetch.elf
'Finished building: skiplist_prefetch.elf.size'
' '
13:24:32 **** Auto Build of configuration Debug for project skiplist_prefetch ****
make pre-build main-build 
a9-linaro-pre-build-step
' '
'Building file: ../src/helloworld.c'
'Invoking: ARM v7 gcc compiler'
arm-none-eabi-gcc -Wall -O0 -g3 -c -fmessage-length=0 -MT"src/helloworld.o" -mcpu=cortex-a9 -mfpu=vfpv3 -mfloat-abi=hard -I../../skiplist_prefetch_bsp/ps7_cortexa9_0/include -MMD -MP -MF"src/helloworld.d" -MT"src/helloworld.o" -o "src/helloworld.o" "../src/helloworld.c"
../src/helloworld.c: In function 'main':
../src/helloworld.c:148:16: warning: unused variable 'dummy_node' [-Wunused-variable]
   struct node *dummy_node = (struct node *)malloc(5*sizeof(struct node));
                ^
../src/helloworld.c:201:6: warning: unused variable 'sum' [-Wunused-variable]
  int sum = 0;
      ^
'Finished building: ../src/helloworld.c'
' '
'Building target: skiplist_prefetch.elf'
'Invoking: ARM v7 gcc linker'
arm-none-eabi-gcc -mcpu=cortex-a9 -mfpu=vfpv3 -mfloat-abi=hard -Wl,-build-id=none -specs=Xilinx.spec -Wl,-T -Wl,../src/lscript.ld -L../../skiplist_prefetch_bsp/ps7_cortexa9_0/lib -o "skiplist_prefetch.elf"  ./src/helloworld.o ./src/platform.o   -Wl,--start-group,-lxil,-lgcc,-lc,--end-group
'Finished building target: skiplist_prefetch.elf'
' '
'Invoking: ARM v7 Print Size'
arm-none-eabi-size skiplist_prefetch.elf  |tee "skiplist_prefetch.elf.size"
   text	   data	    bss	    dec	    hex	filename
  82268	   2596	20978480	21063344	14166b0	skiplist_prefetch.elf
'Finished building: skiplist_prefetch.elf.size'
' '
13:24:49 **** Auto Build of configuration Debug for project skiplist_prefetch ****
make pre-build main-build 
a9-linaro-pre-build-step
' '
'Building file: ../src/helloworld.c'
'Invoking: ARM v7 gcc compiler'
arm-none-eabi-gcc -Wall -O0 -g3 -c -fmessage-length=0 -MT"src/helloworld.o" -mcpu=cortex-a9 -mfpu=vfpv3 -mfloat-abi=hard -I../../skiplist_prefetch_bsp/ps7_cortexa9_0/include -MMD -MP -MF"src/helloworld.d" -MT"src/helloworld.o" -o "src/helloworld.o" "../src/helloworld.c"
../src/helloworld.c: In function 'main':
../src/helloworld.c:148:16: warning: unused variable 'dummy_node' [-Wunused-variable]
   struct node *dummy_node = (struct node *)malloc(5*sizeof(struct node));
                ^
../src/helloworld.c:201:6: warning: unused variable 'sum' [-Wunused-variable]
  int sum = 0;
      ^
'Finished building: ../src/helloworld.c'
' '
'Building target: skiplist_prefetch.elf'
'Invoking: ARM v7 gcc linker'
arm-none-eabi-gcc -mcpu=cortex-a9 -mfpu=vfpv3 -mfloat-abi=hard -Wl,-build-id=none -specs=Xilinx.spec -Wl,-T -Wl,../src/lscript.ld -L../../skiplist_prefetch_bsp/ps7_cortexa9_0/lib -o "skiplist_prefetch.elf"  ./src/helloworld.o ./src/platform.o   -Wl,--start-group,-lxil,-lgcc,-lc,--end-group
'Finished building target: skiplist_prefetch.elf'
' '
'Invoking: ARM v7 Print Size'
arm-none-eabi-size skiplist_prefetch.elf  |tee "skiplist_prefetch.elf.size"
   text	   data	    bss	    dec	    hex	filename
  82260	   2596	20978480	21063336	14166a8	skiplist_prefetch.elf
'Finished building: skiplist_prefetch.elf.size'
' '
13:25:04 **** Incremental Build of configuration Debug for project skiplist_prefetch ****
make pre-build main-build 
a9-linaro-pre-build-step
' '
make: Nothing to be done for `main-build'.
13:25:17 **** Auto Build of configuration Debug for project skiplist_prefetch ****
make pre-build main-build 
a9-linaro-pre-build-step
' '
'Building file: ../src/helloworld.c'
'Invoking: ARM v7 gcc compiler'
arm-none-eabi-gcc -Wall -O0 -g3 -c -fmessage-length=0 -MT"src/helloworld.o" -mcpu=cortex-a9 -mfpu=vfpv3 -mfloat-abi=hard -I../../skiplist_prefetch_bsp/ps7_cortexa9_0/include -MMD -MP -MF"src/helloworld.d" -MT"src/helloworld.o" -o "src/helloworld.o" "../src/helloworld.c"
../src/helloworld.c: In function 'main':
../src/helloworld.c:148:16: warning: unused variable 'dummy_node' [-Wunused-variable]
   struct node *dummy_node = (struct node *)malloc(5*sizeof(struct node));
                ^
../src/helloworld.c:201:6: warning: unused variable 'sum' [-Wunused-variable]
  int sum = 0;
      ^
'Finished building: ../src/helloworld.c'
' '
'Building target: skiplist_prefetch.elf'
'Invoking: ARM v7 gcc linker'
arm-none-eabi-gcc -mcpu=cortex-a9 -mfpu=vfpv3 -mfloat-abi=hard -Wl,-build-id=none -specs=Xilinx.spec -Wl,-T -Wl,../src/lscript.ld -L../../skiplist_prefetch_bsp/ps7_cortexa9_0/lib -o "skiplist_prefetch.elf"  ./src/helloworld.o ./src/platform.o   -Wl,--start-group,-lxil,-lgcc,-lc,--end-group
'Finished building target: skiplist_prefetch.elf'
' '
'Invoking: ARM v7 Print Size'
arm-none-eabi-size skiplist_prefetch.elf  |tee "skiplist_prefetch.elf.size"
   text	   data	    bss	    dec	    hex	filename
  83084	   2596	20978480	21064160	14169e0	skiplist_prefetch.elf
'Finished building: skiplist_prefetch.elf.size'
' '
13:25:26 **** Incremental Build of configuration Debug for project skiplist_prefetch ****
make pre-build main-build 
a9-linaro-pre-build-step
' '
make: Nothing to be done for `main-build'.
13:30:34 **** Auto Build of configuration Debug for project skiplist_prefetch ****
make pre-build main-build 
a9-linaro-pre-build-step
' '
'Building file: ../src/helloworld.c'
'Invoking: ARM v7 gcc compiler'
arm-none-eabi-gcc -Wall -O0 -g3 -c -fmessage-length=0 -MT"src/helloworld.o" -mcpu=cortex-a9 -mfpu=vfpv3 -mfloat-abi=hard -I../../skiplist_prefetch_bsp/ps7_cortexa9_0/include -MMD -MP -MF"src/helloworld.d" -MT"src/helloworld.o" -o "src/helloworld.o" "../src/helloworld.c"
../src/helloworld.c: In function 'main':
../src/helloworld.c:148:16: warning: unused variable 'dummy_node' [-Wunused-variable]
   struct node *dummy_node = (struct node *)malloc(5*sizeof(struct node));
                ^
../src/helloworld.c:151:5: error: 'debug' undeclared (first use in this function)
  if(debug == 1){
     ^
../src/helloworld.c:151:5: note: each undeclared identifier is reported only once for each function it appears in
../src/helloworld.c:203:6: warning: unused variable 'sum' [-Wunused-variable]
  int sum = 0;
      ^
make: *** [src/helloworld.o] Error 1
13:30:51 **** Auto Build of configuration Debug for project skiplist_prefetch ****
make pre-build main-build 
a9-linaro-pre-build-step
' '
'Building file: ../src/helloworld.c'
'Invoking: ARM v7 gcc compiler'
arm-none-eabi-gcc -Wall -O0 -g3 -c -fmessage-length=0 -MT"src/helloworld.o" -mcpu=cortex-a9 -mfpu=vfpv3 -mfloat-abi=hard -I../../skiplist_prefetch_bsp/ps7_cortexa9_0/include -MMD -MP -MF"src/helloworld.d" -MT"src/helloworld.o" -o "src/helloworld.o" "../src/helloworld.c"
../src/helloworld.c: In function 'main':
../src/helloworld.c:150:16: warning: unused variable 'dummy_node' [-Wunused-variable]
   struct node *dummy_node = (struct node *)malloc(5*sizeof(struct node));
                ^
../src/helloworld.c:205:6: warning: unused variable 'sum' [-Wunused-variable]
  int sum = 0;
      ^
'Finished building: ../src/helloworld.c'
' '
'Building target: skiplist_prefetch.elf'
'Invoking: ARM v7 gcc linker'
arm-none-eabi-gcc -mcpu=cortex-a9 -mfpu=vfpv3 -mfloat-abi=hard -Wl,-build-id=none -specs=Xilinx.spec -Wl,-T -Wl,../src/lscript.ld -L../../skiplist_prefetch_bsp/ps7_cortexa9_0/lib -o "skiplist_prefetch.elf"  ./src/helloworld.o ./src/platform.o   -Wl,--start-group,-lxil,-lgcc,-lc,--end-group
'Finished building target: skiplist_prefetch.elf'
' '
'Invoking: ARM v7 Print Size'
arm-none-eabi-size skiplist_prefetch.elf  |tee "skiplist_prefetch.elf.size"
   text	   data	    bss	    dec	    hex	filename
  82260	   2596	20978480	21063336	14166a8	skiplist_prefetch.elf
'Finished building: skiplist_prefetch.elf.size'
' '
13:30:57 **** Incremental Build of configuration Debug for project skiplist_prefetch ****
make pre-build main-build 
a9-linaro-pre-build-step
' '
make: Nothing to be done for `main-build'.
13:31:08 **** Incremental Build of configuration Debug for project skiplist_prefetch ****
make pre-build main-build 
a9-linaro-pre-build-step
' '
make: Nothing to be done for `main-build'.
13:31:18 **** Auto Build of configuration Debug for project skiplist_prefetch ****
make pre-build main-build 
a9-linaro-pre-build-step
' '
'Building file: ../src/helloworld.c'
'Invoking: ARM v7 gcc compiler'
arm-none-eabi-gcc -Wall -O0 -g3 -c -fmessage-length=0 -MT"src/helloworld.o" -mcpu=cortex-a9 -mfpu=vfpv3 -mfloat-abi=hard -I../../skiplist_prefetch_bsp/ps7_cortexa9_0/include -MMD -MP -MF"src/helloworld.d" -MT"src/helloworld.o" -o "src/helloworld.o" "../src/helloworld.c"
../src/helloworld.c: In function 'main':
../src/helloworld.c:150:16: warning: unused variable 'dummy_node' [-Wunused-variable]
   struct node *dummy_node = (struct node *)malloc(5*sizeof(struct node));
                ^
../src/helloworld.c:205:6: warning: unused variable 'sum' [-Wunused-variable]
  int sum = 0;
      ^
'Finished building: ../src/helloworld.c'
' '
'Building target: skiplist_prefetch.elf'
'Invoking: ARM v7 gcc linker'
arm-none-eabi-gcc -mcpu=cortex-a9 -mfpu=vfpv3 -mfloat-abi=hard -Wl,-build-id=none -specs=Xilinx.spec -Wl,-T -Wl,../src/lscript.ld -L../../skiplist_prefetch_bsp/ps7_cortexa9_0/lib -o "skiplist_prefetch.elf"  ./src/helloworld.o ./src/platform.o   -Wl,--start-group,-lxil,-lgcc,-lc,--end-group
'Finished building target: skiplist_prefetch.elf'
' '
'Invoking: ARM v7 Print Size'
arm-none-eabi-size skiplist_prefetch.elf  |tee "skiplist_prefetch.elf.size"
   text	   data	    bss	    dec	    hex	filename
  82388	   2596	20978480	21063464	1416728	skiplist_prefetch.elf
'Finished building: skiplist_prefetch.elf.size'
' '
13:31:20 **** Incremental Build of configuration Debug for project skiplist_prefetch ****
make pre-build main-build 
a9-linaro-pre-build-step
' '
make: Nothing to be done for `main-build'.
13:31:55 **** Auto Build of configuration Debug for project skiplist_prefetch ****
make pre-build main-build 
a9-linaro-pre-build-step
' '
'Building file: ../src/helloworld.c'
'Invoking: ARM v7 gcc compiler'
arm-none-eabi-gcc -Wall -O0 -g3 -c -fmessage-length=0 -MT"src/helloworld.o" -mcpu=cortex-a9 -mfpu=vfpv3 -mfloat-abi=hard -I../../skiplist_prefetch_bsp/ps7_cortexa9_0/include -MMD -MP -MF"src/helloworld.d" -MT"src/helloworld.o" -o "src/helloworld.o" "../src/helloworld.c"
../src/helloworld.c: In function 'main':
../src/helloworld.c:150:16: warning: unused variable 'dummy_node' [-Wunused-variable]
   struct node *dummy_node = (struct node *)malloc(5*sizeof(struct node));
                ^
../src/helloworld.c:205:6: warning: unused variable 'sum' [-Wunused-variable]
  int sum = 0;
      ^
'Finished building: ../src/helloworld.c'
' '
'Building target: skiplist_prefetch.elf'
'Invoking: ARM v7 gcc linker'
arm-none-eabi-gcc -mcpu=cortex-a9 -mfpu=vfpv3 -mfloat-abi=hard -Wl,-build-id=none -specs=Xilinx.spec -Wl,-T -Wl,../src/lscript.ld -L../../skiplist_prefetch_bsp/ps7_cortexa9_0/lib -o "skiplist_prefetch.elf"  ./src/helloworld.o ./src/platform.o   -Wl,--start-group,-lxil,-lgcc,-lc,--end-group
'Finished building target: skiplist_prefetch.elf'
' '
'Invoking: ARM v7 Print Size'
arm-none-eabi-size skiplist_prefetch.elf  |tee "skiplist_prefetch.elf.size"
   text	   data	    bss	    dec	    hex	filename
  82420	   2596	20978480	21063496	1416748	skiplist_prefetch.elf
'Finished building: skiplist_prefetch.elf.size'
' '
13:31:58 **** Incremental Build of configuration Debug for project skiplist_prefetch ****
make pre-build main-build 
a9-linaro-pre-build-step
' '
make: Nothing to be done for `main-build'.
13:32:13 **** Auto Build of configuration Debug for project skiplist_prefetch ****
make pre-build main-build 
a9-linaro-pre-build-step
' '
'Building file: ../src/helloworld.c'
'Invoking: ARM v7 gcc compiler'
arm-none-eabi-gcc -Wall -O0 -g3 -c -fmessage-length=0 -MT"src/helloworld.o" -mcpu=cortex-a9 -mfpu=vfpv3 -mfloat-abi=hard -I../../skiplist_prefetch_bsp/ps7_cortexa9_0/include -MMD -MP -MF"src/helloworld.d" -MT"src/helloworld.o" -o "src/helloworld.o" "../src/helloworld.c"
../src/helloworld.c: In function 'main':
../src/helloworld.c:150:16: warning: unused variable 'dummy_node' [-Wunused-variable]
   struct node *dummy_node = (struct node *)malloc(5*sizeof(struct node));
                ^
../src/helloworld.c:205:6: warning: unused variable 'sum' [-Wunused-variable]
  int sum = 0;
      ^
'Finished building: ../src/helloworld.c'
' '
'Building target: skiplist_prefetch.elf'
'Invoking: ARM v7 gcc linker'
arm-none-eabi-gcc -mcpu=cortex-a9 -mfpu=vfpv3 -mfloat-abi=hard -Wl,-build-id=none -specs=Xilinx.spec -Wl,-T -Wl,../src/lscript.ld -L../../skiplist_prefetch_bsp/ps7_cortexa9_0/lib -o "skiplist_prefetch.elf"  ./src/helloworld.o ./src/platform.o   -Wl,--start-group,-lxil,-lgcc,-lc,--end-group
'Finished building target: skiplist_prefetch.elf'
' '
'Invoking: ARM v7 Print Size'
arm-none-eabi-size skiplist_prefetch.elf  |tee "skiplist_prefetch.elf.size"
   text	   data	    bss	    dec	    hex	filename
  82388	   2596	20978480	21063464	1416728	skiplist_prefetch.elf
'Finished building: skiplist_prefetch.elf.size'
' '
13:32:26 **** Incremental Build of configuration Debug for project skiplist_prefetch ****
make pre-build main-build 
a9-linaro-pre-build-step
' '
make: Nothing to be done for `main-build'.
13:32:49 **** Incremental Build of configuration Debug for project skiplist_prefetch ****
make pre-build main-build 
a9-linaro-pre-build-step
' '
make: Nothing to be done for `main-build'.
13:33:02 **** Incremental Build of configuration Debug for project skiplist_prefetch ****
make pre-build main-build 
a9-linaro-pre-build-step
' '
make: Nothing to be done for `main-build'.
13:33:09 **** Incremental Build of configuration Debug for project skiplist_prefetch ****
make pre-build main-build 
a9-linaro-pre-build-step
' '
make: Nothing to be done for `main-build'.
13:33:13 **** Incremental Build of configuration Debug for project skiplist_prefetch ****
make pre-build main-build 
a9-linaro-pre-build-step
' '
make: Nothing to be done for `main-build'.
13:33:29 **** Incremental Build of configuration Debug for project skiplist_prefetch ****
make pre-build main-build 
a9-linaro-pre-build-step
' '
make: Nothing to be done for `main-build'.
13:33:39 **** Auto Build of configuration Debug for project skiplist_prefetch ****
make pre-build main-build 
a9-linaro-pre-build-step
' '
'Building file: ../src/helloworld.c'
'Invoking: ARM v7 gcc compiler'
arm-none-eabi-gcc -Wall -O0 -g3 -c -fmessage-length=0 -MT"src/helloworld.o" -mcpu=cortex-a9 -mfpu=vfpv3 -mfloat-abi=hard -I../../skiplist_prefetch_bsp/ps7_cortexa9_0/include -MMD -MP -MF"src/helloworld.d" -MT"src/helloworld.o" -o "src/helloworld.o" "../src/helloworld.c"
../src/helloworld.c: In function 'main':
../src/helloworld.c:150:16: warning: unused variable 'dummy_node' [-Wunused-variable]
   struct node *dummy_node = (struct node *)malloc(5*sizeof(struct node));
                ^
../src/helloworld.c:205:6: warning: unused variable 'sum' [-Wunused-variable]
  int sum = 0;
      ^
'Finished building: ../src/helloworld.c'
' '
'Building target: skiplist_prefetch.elf'
'Invoking: ARM v7 gcc linker'
arm-none-eabi-gcc -mcpu=cortex-a9 -mfpu=vfpv3 -mfloat-abi=hard -Wl,-build-id=none -specs=Xilinx.spec -Wl,-T -Wl,../src/lscript.ld -L../../skiplist_prefetch_bsp/ps7_cortexa9_0/lib -o "skiplist_prefetch.elf"  ./src/helloworld.o ./src/platform.o   -Wl,--start-group,-lxil,-lgcc,-lc,--end-group
'Finished building target: skiplist_prefetch.elf'
' '
'Invoking: ARM v7 Print Size'
arm-none-eabi-size skiplist_prefetch.elf  |tee "skiplist_prefetch.elf.size"
   text	   data	    bss	    dec	    hex	filename
  82268	   2596	20978480	21063344	14166b0	skiplist_prefetch.elf
'Finished building: skiplist_prefetch.elf.size'
' '
13:33:41 **** Incremental Build of configuration Debug for project skiplist_prefetch ****
make pre-build main-build 
a9-linaro-pre-build-step
' '
make: Nothing to be done for `main-build'.
13:34:30 **** Incremental Build of configuration Debug for project skiplist_prefetch ****
make pre-build main-build 
a9-linaro-pre-build-step
' '
make: Nothing to be done for `main-build'.
13:34:44 **** Incremental Build of configuration Debug for project skiplist_prefetch ****
make pre-build main-build 
a9-linaro-pre-build-step
' '
make: Nothing to be done for `main-build'.
13:34:54 **** Incremental Build of configuration Debug for project skiplist_prefetch ****
make pre-build main-build 
a9-linaro-pre-build-step
' '
make: Nothing to be done for `main-build'.
13:35:05 **** Incremental Build of configuration Debug for project skiplist_prefetch ****
make pre-build main-build 
a9-linaro-pre-build-step
' '
make: Nothing to be done for `main-build'.
13:35:31 **** Auto Build of configuration Debug for project skiplist_prefetch ****
make pre-build main-build 
a9-linaro-pre-build-step
' '
'Building file: ../src/helloworld.c'
'Invoking: ARM v7 gcc compiler'
arm-none-eabi-gcc -Wall -O0 -g3 -c -fmessage-length=0 -MT"src/helloworld.o" -mcpu=cortex-a9 -mfpu=vfpv3 -mfloat-abi=hard -I../../skiplist_prefetch_bsp/ps7_cortexa9_0/include -MMD -MP -MF"src/helloworld.d" -MT"src/helloworld.o" -o "src/helloworld.o" "../src/helloworld.c"
../src/helloworld.c: In function 'main':
../src/helloworld.c:150:16: warning: unused variable 'dummy_node' [-Wunused-variable]
   struct node *dummy_node = (struct node *)malloc(5*sizeof(struct node));
                ^
../src/helloworld.c:205:6: warning: unused variable 'sum' [-Wunused-variable]
  int sum = 0;
      ^
'Finished building: ../src/helloworld.c'
' '
'Building target: skiplist_prefetch.elf'
'Invoking: ARM v7 gcc linker'
arm-none-eabi-gcc -mcpu=cortex-a9 -mfpu=vfpv3 -mfloat-abi=hard -Wl,-build-id=none -specs=Xilinx.spec -Wl,-T -Wl,../src/lscript.ld -L../../skiplist_prefetch_bsp/ps7_cortexa9_0/lib -o "skiplist_prefetch.elf"  ./src/helloworld.o ./src/platform.o   -Wl,--start-group,-lxil,-lgcc,-lc,--end-group
'Finished building target: skiplist_prefetch.elf'
' '
'Invoking: ARM v7 Print Size'
arm-none-eabi-size skiplist_prefetch.elf  |tee "skiplist_prefetch.elf.size"
   text	   data	    bss	    dec	    hex	filename
  82364	   2596	20978480	21063440	1416710	skiplist_prefetch.elf
'Finished building: skiplist_prefetch.elf.size'
' '
13:35:42 **** Incremental Build of configuration Debug for project skiplist_prefetch ****
make pre-build main-build 
a9-linaro-pre-build-step
' '
make: Nothing to be done for `main-build'.
13:36:18 **** Auto Build of configuration Debug for project skiplist_prefetch ****
make pre-build main-build 
a9-linaro-pre-build-step
' '
'Building file: ../src/helloworld.c'
'Invoking: ARM v7 gcc compiler'
arm-none-eabi-gcc -Wall -O0 -g3 -c -fmessage-length=0 -MT"src/helloworld.o" -mcpu=cortex-a9 -mfpu=vfpv3 -mfloat-abi=hard -I../../skiplist_prefetch_bsp/ps7_cortexa9_0/include -MMD -MP -MF"src/helloworld.d" -MT"src/helloworld.o" -o "src/helloworld.o" "../src/helloworld.c"
../src/helloworld.c: In function 'main':
../src/helloworld.c:150:16: warning: unused variable 'dummy_node' [-Wunused-variable]
   struct node *dummy_node = (struct node *)malloc(5*sizeof(struct node));
                ^
../src/helloworld.c:205:6: warning: unused variable 'sum' [-Wunused-variable]
  int sum = 0;
      ^
'Finished building: ../src/helloworld.c'
' '
'Building target: skiplist_prefetch.elf'
'Invoking: ARM v7 gcc linker'
arm-none-eabi-gcc -mcpu=cortex-a9 -mfpu=vfpv3 -mfloat-abi=hard -Wl,-build-id=none -specs=Xilinx.spec -Wl,-T -Wl,../src/lscript.ld -L../../skiplist_prefetch_bsp/ps7_cortexa9_0/lib -o "skiplist_prefetch.elf"  ./src/helloworld.o ./src/platform.o   -Wl,--start-group,-lxil,-lgcc,-lc,--end-group
'Finished building target: skiplist_prefetch.elf'
' '
'Invoking: ARM v7 Print Size'
arm-none-eabi-size skiplist_prefetch.elf  |tee "skiplist_prefetch.elf.size"
   text	   data	    bss	    dec	    hex	filename
  82268	   2596	20978480	21063344	14166b0	skiplist_prefetch.elf
'Finished building: skiplist_prefetch.elf.size'
' '
13:36:23 **** Incremental Build of configuration Debug for project skiplist_prefetch ****
make pre-build main-build 
a9-linaro-pre-build-step
' '
make: Nothing to be done for `main-build'.
13:36:39 **** Incremental Build of configuration Debug for project skiplist_prefetch ****
make pre-build main-build 
a9-linaro-pre-build-step
' '
make: Nothing to be done for `main-build'.
13:36:48 **** Incremental Build of configuration Debug for project skiplist_prefetch ****
make pre-build main-build 
a9-linaro-pre-build-step
' '
make: Nothing to be done for `main-build'.
13:38:29 **** Incremental Build of configuration Debug for project skiplist_prefetch ****
make pre-build main-build 
a9-linaro-pre-build-step
' '
make: Nothing to be done for `main-build'.
