INFO: [XSIM 43-3496] Using init file passed via -initfile option "C:/Xilinx/Vivado/2016.3/bin/../data/xsim/ip/xsim_ip.ini".
Vivado Simulator 2016.3
Copyright 1986-1999, 2001-2016 Xilinx, Inc. All Rights Reserved.
Running: C:/Xilinx/Vivado/2016.3/bin/unwrapped/win64.o/xelab.exe xil_defaultlib.apatb_fetch_readalloc_top -prj fetch_readalloc.prj --initfile C:/Xilinx/Vivado/2016.3/bin/../data/xsim/ip/xsim_ip.ini --lib ieee_proposed=./ieee_proposed -s fetch_readalloc 
Multi-threading is on. Using 2 slave threads.
INFO: [VRFC 10-2263] Analyzing SystemVerilog file "A:/COMP_ARCH/PYNQ_Projects/HLS_proj/proj_9_fetchACP_withReadalloc/fetchACP_withReadalloc/solution1/sim/verilog/AESL_axi_master_A_BUS.v" into library xil_defaultlib
INFO: [VRFC 10-311] analyzing module AESL_axi_master_A_BUS
INFO: [VRFC 10-2263] Analyzing SystemVerilog file "A:/COMP_ARCH/PYNQ_Projects/HLS_proj/proj_9_fetchACP_withReadalloc/fetchACP_withReadalloc/solution1/sim/verilog/AESL_axi_master_LOG_BUS.v" into library xil_defaultlib
INFO: [VRFC 10-311] analyzing module AESL_axi_master_LOG_BUS
INFO: [VRFC 10-2263] Analyzing SystemVerilog file "A:/COMP_ARCH/PYNQ_Projects/HLS_proj/proj_9_fetchACP_withReadalloc/fetchACP_withReadalloc/solution1/sim/verilog/AESL_axi_slave_AXILiteS.v" into library xil_defaultlib
INFO: [VRFC 10-311] analyzing module AESL_axi_slave_AXILiteS
INFO: [VRFC 10-2263] Analyzing SystemVerilog file "A:/COMP_ARCH/PYNQ_Projects/HLS_proj/proj_9_fetchACP_withReadalloc/fetchACP_withReadalloc/solution1/sim/verilog/fetch_readalloc.autotb.v" into library xil_defaultlib
INFO: [VRFC 10-311] analyzing module apatb_fetch_readalloc_top
INFO: [VRFC 10-2263] Analyzing SystemVerilog file "A:/COMP_ARCH/PYNQ_Projects/HLS_proj/proj_9_fetchACP_withReadalloc/fetchACP_withReadalloc/solution1/sim/verilog/fetch_readalloc.v" into library xil_defaultlib
INFO: [VRFC 10-311] analyzing module fetch_readalloc
INFO: [VRFC 10-2263] Analyzing SystemVerilog file "A:/COMP_ARCH/PYNQ_Projects/HLS_proj/proj_9_fetchACP_withReadalloc/fetchACP_withReadalloc/solution1/sim/verilog/fetch_readalloc_AXILiteS_s_axi.v" into library xil_defaultlib
INFO: [VRFC 10-311] analyzing module fetch_readalloc_AXILiteS_s_axi
INFO: [VRFC 10-2263] Analyzing SystemVerilog file "A:/COMP_ARCH/PYNQ_Projects/HLS_proj/proj_9_fetchACP_withReadalloc/fetchACP_withReadalloc/solution1/sim/verilog/fetch_readalloc_A_BUS_m_axi.v" into library xil_defaultlib
INFO: [VRFC 10-311] analyzing module fetch_readalloc_A_BUS_m_axi
INFO: [VRFC 10-311] analyzing module fetch_readalloc_A_BUS_m_axi_reg_slice
INFO: [VRFC 10-311] analyzing module fetch_readalloc_A_BUS_m_axi_fifo
INFO: [VRFC 10-311] analyzing module fetch_readalloc_A_BUS_m_axi_buffer
INFO: [VRFC 10-311] analyzing module fetch_readalloc_A_BUS_m_axi_decoder
INFO: [VRFC 10-311] analyzing module fetch_readalloc_A_BUS_m_axi_throttl
INFO: [VRFC 10-311] analyzing module fetch_readalloc_A_BUS_m_axi_read
INFO: [VRFC 10-311] analyzing module fetch_readalloc_A_BUS_m_axi_write
INFO: [VRFC 10-2458] undeclared symbol data_valid, assumed default net type wire [A:/COMP_ARCH/PYNQ_Projects/HLS_proj/proj_9_fetchACP_withReadalloc/fetchACP_withReadalloc/solution1/sim/verilog/fetch_readalloc_A_BUS_m_axi.v:2009]
INFO: [VRFC 10-2263] Analyzing SystemVerilog file "A:/COMP_ARCH/PYNQ_Projects/HLS_proj/proj_9_fetchACP_withReadalloc/fetchACP_withReadalloc/solution1/sim/verilog/fetch_readalloc_LOG_BUS_m_axi.v" into library xil_defaultlib
INFO: [VRFC 10-311] analyzing module fetch_readalloc_LOG_BUS_m_axi
INFO: [VRFC 10-311] analyzing module fetch_readalloc_LOG_BUS_m_axi_reg_slice
INFO: [VRFC 10-311] analyzing module fetch_readalloc_LOG_BUS_m_axi_fifo
INFO: [VRFC 10-311] analyzing module fetch_readalloc_LOG_BUS_m_axi_buffer
INFO: [VRFC 10-311] analyzing module fetch_readalloc_LOG_BUS_m_axi_decoder
INFO: [VRFC 10-311] analyzing module fetch_readalloc_LOG_BUS_m_axi_throttl
INFO: [VRFC 10-311] analyzing module fetch_readalloc_LOG_BUS_m_axi_read
INFO: [VRFC 10-311] analyzing module fetch_readalloc_LOG_BUS_m_axi_write
INFO: [VRFC 10-2458] undeclared symbol data_valid, assumed default net type wire [A:/COMP_ARCH/PYNQ_Projects/HLS_proj/proj_9_fetchACP_withReadalloc/fetchACP_withReadalloc/solution1/sim/verilog/fetch_readalloc_LOG_BUS_m_axi.v:2009]
Starting static elaboration
Completed static elaboration
Starting simulation data flow analysis
Completed simulation data flow analysis
Time Resolution for simulation is 1ps
Compiling module xil_defaultlib.fetch_readalloc_AXILiteS_s_axi(C...
Compiling module xil_defaultlib.fetch_readalloc_A_BUS_m_axi_thro...
Compiling module xil_defaultlib.fetch_readalloc_A_BUS_m_axi_fifo...
Compiling module xil_defaultlib.fetch_readalloc_A_BUS_m_axi_buff...
Compiling module xil_defaultlib.fetch_readalloc_A_BUS_m_axi_fifo...
Compiling module xil_defaultlib.fetch_readalloc_A_BUS_m_axi_fifo...
Compiling module xil_defaultlib.fetch_readalloc_A_BUS_m_axi_fifo...
Compiling module xil_defaultlib.fetch_readalloc_A_BUS_m_axi_writ...
Compiling module xil_defaultlib.fetch_readalloc_A_BUS_m_axi_buff...
Compiling module xil_defaultlib.fetch_readalloc_A_BUS_m_axi_reg_...
Compiling module xil_defaultlib.fetch_readalloc_A_BUS_m_axi_read...
Compiling module xil_defaultlib.fetch_readalloc_A_BUS_m_axi(NUM_...
Compiling module xil_defaultlib.fetch_readalloc_LOG_BUS_m_axi_th...
Compiling module xil_defaultlib.fetch_readalloc_LOG_BUS_m_axi_fi...
Compiling module xil_defaultlib.fetch_readalloc_LOG_BUS_m_axi_bu...
Compiling module xil_defaultlib.fetch_readalloc_LOG_BUS_m_axi_fi...
Compiling module xil_defaultlib.fetch_readalloc_LOG_BUS_m_axi_fi...
Compiling module xil_defaultlib.fetch_readalloc_LOG_BUS_m_axi_fi...
Compiling module xil_defaultlib.fetch_readalloc_LOG_BUS_m_axi_wr...
Compiling module xil_defaultlib.fetch_readalloc_LOG_BUS_m_axi_bu...
Compiling module xil_defaultlib.fetch_readalloc_LOG_BUS_m_axi_re...
Compiling module xil_defaultlib.fetch_readalloc_LOG_BUS_m_axi_re...
Compiling module xil_defaultlib.fetch_readalloc_LOG_BUS_m_axi(NU...
Compiling module xil_defaultlib.fetch_readalloc_default
Compiling module xil_defaultlib.AESL_axi_master_A_BUS
Compiling module xil_defaultlib.AESL_axi_master_LOG_BUS
Compiling module xil_defaultlib.AESL_axi_slave_AXILiteS
Compiling module xil_defaultlib.apatb_fetch_readalloc_top
Built simulation snapshot fetch_readalloc
