#-----------------------------------------------------------
# xsim v2016.3 (64-bit)
# SW Build 1682563 on Mon Oct 10 19:07:27 MDT 2016
# IP Build 1681267 on Mon Oct 10 21:28:31 MDT 2016
# Start of session at: Thu Mar 26 16:07:18 2020
# Process ID: 14312
# Current directory: A:/COMP_ARCH/PYNQ_Projects/HLS_proj/proj_3_prefetcher/prefetch/solution1/sim/verilog
# Command line: xsim.exe -mode tcl -source {xsim.dir/prefetch/xsim_script.tcl}
# Log file: A:/COMP_ARCH/PYNQ_Projects/HLS_proj/proj_3_prefetcher/prefetch/solution1/sim/verilog/xsim.log
# Journal file: A:/COMP_ARCH/PYNQ_Projects/HLS_proj/proj_3_prefetcher/prefetch/solution1/sim/verilog\xsim.jou
#-----------------------------------------------------------
source xsim.dir/prefetch/xsim_script.tcl
# xsim {prefetch} -autoloadwcfg -tclbatch {prefetch.tcl}
Vivado Simulator 2016.3
Time resolution is 1 ps
source prefetch.tcl
## run all
////////////////////////////////////////////////////////////////////////////////////
// Inter-Transaction Progress: Completed Transaction / Total Transaction
// Intra-Transaction Progress: Measured Latency / Latency Estimation * 100%
//
// RTL Simulation : "Inter-Transaction Progress" ["Intra-Transaction Progress"] @ "Simulation Time"
////////////////////////////////////////////////////////////////////////////////////
// RTL Simulation : 0 / 1 [0.00%] @ "125000"
// RTL Simulation : 1 / 1 [0.00%] @ "765000"
////////////////////////////////////////////////////////////////////////////////////
$finish called at time : 805 ns : File "A:/COMP_ARCH/PYNQ_Projects/HLS_proj/proj_3_prefetcher/prefetch/solution1/sim/verilog/prefetch.autotb.v" Line 459
## quit
INFO: [Common 17-206] Exiting xsim at Thu Mar 26 16:07:25 2020...
