12:55:45 **** Build of project skip_list_prefetch_bsp ****
make -k all 
"Running Make include in ps7_cortexa9_0/libsrc/coresightps_dcc_v1_3/src"
make -C ps7_cortexa9_0/libsrc/coresightps_dcc_v1_3/src -s include  "SHELL=CMD" "COMPILER=arm-none-eabi-gcc" "ARCHIVER=arm-none-eabi-ar" "COMPILER_FLAGS=  -O2 -c" "EXTRA_COMPILER_FLAGS=-mcpu=cortex-a9 -mfpu=vfpv3 -mfloat-abi=hard -nostartfiles"
"Running Make include in ps7_cortexa9_0/libsrc/cpu_cortexa9_v2_3/src"
make -C ps7_cortexa9_0/libsrc/cpu_cortexa9_v2_3/src -s include  "SHELL=CMD" "COMPILER=arm-none-eabi-gcc" "ARCHIVER=arm-none-eabi-ar" "COMPILER_FLAGS=  -O2 -c" "EXTRA_COMPILER_FLAGS=-mcpu=cortex-a9 -mfpu=vfpv3 -mfloat-abi=hard -nostartfiles"
"Running Make include in ps7_cortexa9_0/libsrc/ddrps_v1_0/src"
make -C ps7_cortexa9_0/libsrc/ddrps_v1_0/src -s include  "SHELL=CMD" "COMPILER=arm-none-eabi-gcc" "ARCHIVER=arm-none-eabi-ar" "COMPILER_FLAGS=  -O2 -c" "EXTRA_COMPILER_FLAGS=-mcpu=cortex-a9 -mfpu=vfpv3 -mfloat-abi=hard -nostartfiles"
"Running Make include in ps7_cortexa9_0/libsrc/devcfg_v3_4/src"
make -C ps7_cortexa9_0/libsrc/devcfg_v3_4/src -s include  "SHELL=CMD" "COMPILER=arm-none-eabi-gcc" "ARCHIVER=arm-none-eabi-ar" "COMPILER_FLAGS=  -O2 -c" "EXTRA_COMPILER_FLAGS=-mcpu=cortex-a9 -mfpu=vfpv3 -mfloat-abi=hard -nostartfiles"
"Running Make include in ps7_cortexa9_0/libsrc/dmaps_v2_2/src"
make -C ps7_cortexa9_0/libsrc/dmaps_v2_2/src -s include  "SHELL=CMD" "COMPILER=arm-none-eabi-gcc" "ARCHIVER=arm-none-eabi-ar" "COMPILER_FLAGS=  -O2 -c" "EXTRA_COMPILER_FLAGS=-mcpu=cortex-a9 -mfpu=vfpv3 -mfloat-abi=hard -nostartfiles"
"Running Make include in ps7_cortexa9_0/libsrc/emacps_v3_3/src"
make -C ps7_cortexa9_0/libsrc/emacps_v3_3/src -s include  "SHELL=CMD" "COMPILER=arm-none-eabi-gcc" "ARCHIVER=arm-none-eabi-ar" "COMPILER_FLAGS=  -O2 -c" "EXTRA_COMPILER_FLAGS=-mcpu=cortex-a9 -mfpu=vfpv3 -mfloat-abi=hard -nostartfiles"
"Running Make include in ps7_cortexa9_0/libsrc/gpiops_v3_1/src"
make -C ps7_cortexa9_0/libsrc/gpiops_v3_1/src -s include  "SHELL=CMD" "COMPILER=arm-none-eabi-gcc" "ARCHIVER=arm-none-eabi-ar" "COMPILER_FLAGS=  -O2 -c" "EXTRA_COMPILER_FLAGS=-mcpu=cortex-a9 -mfpu=vfpv3 -mfloat-abi=hard -nostartfiles"
"Running Make include in ps7_cortexa9_0/libsrc/qspips_v3_3/src"
make -C ps7_cortexa9_0/libsrc/qspips_v3_3/src -s include  "SHELL=CMD" "COMPILER=arm-none-eabi-gcc" "ARCHIVER=arm-none-eabi-ar" "COMPILER_FLAGS=  -O2 -c" "EXTRA_COMPILER_FLAGS=-mcpu=cortex-a9 -mfpu=vfpv3 -mfloat-abi=hard -nostartfiles"
"Running Make include in ps7_cortexa9_0/libsrc/scugic_v3_4/src"
make -C ps7_cortexa9_0/libsrc/scugic_v3_4/src -s include  "SHELL=CMD" "COMPILER=arm-none-eabi-gcc" "ARCHIVER=arm-none-eabi-ar" "COMPILER_FLAGS=  -O2 -c" "EXTRA_COMPILER_FLAGS=-mcpu=cortex-a9 -mfpu=vfpv3 -mfloat-abi=hard -nostartfiles"
"Running Make include in ps7_cortexa9_0/libsrc/scutimer_v2_1/src"
make -C ps7_cortexa9_0/libsrc/scutimer_v2_1/src -s include  "SHELL=CMD" "COMPILER=arm-none-eabi-gcc" "ARCHIVER=arm-none-eabi-ar" "COMPILER_FLAGS=  -O2 -c" "EXTRA_COMPILER_FLAGS=-mcpu=cortex-a9 -mfpu=vfpv3 -mfloat-abi=hard -nostartfiles"
"Running Make include in ps7_cortexa9_0/libsrc/scuwdt_v2_1/src"
make -C ps7_cortexa9_0/libsrc/scuwdt_v2_1/src -s include  "SHELL=CMD" "COMPILER=arm-none-eabi-gcc" "ARCHIVER=arm-none-eabi-ar" "COMPILER_FLAGS=  -O2 -c" "EXTRA_COMPILER_FLAGS=-mcpu=cortex-a9 -mfpu=vfpv3 -mfloat-abi=hard -nostartfiles"
"Running Make include in ps7_cortexa9_0/libsrc/sdps_v3_0/src"
make -C ps7_cortexa9_0/libsrc/sdps_v3_0/src -s include  "SHELL=CMD" "COMPILER=arm-none-eabi-gcc" "ARCHIVER=arm-none-eabi-ar" "COMPILER_FLAGS=  -O2 -c" "EXTRA_COMPILER_FLAGS=-mcpu=cortex-a9 -mfpu=vfpv3 -mfloat-abi=hard -nostartfiles"
"Running Make include in ps7_cortexa9_0/libsrc/skip_list_prefetch_v1_0/src"
make -C ps7_cortexa9_0/libsrc/skip_list_prefetch_v1_0/src -s include  "SHELL=CMD" "COMPILER=arm-none-eabi-gcc" "ARCHIVER=arm-none-eabi-ar" "COMPILER_FLAGS=  -O2 -c" "EXTRA_COMPILER_FLAGS=-mcpu=cortex-a9 -mfpu=vfpv3 -mfloat-abi=hard -nostartfiles"
"Running Make include in ps7_cortexa9_0/libsrc/standalone_v6_0/src"
make -C ps7_cortexa9_0/libsrc/standalone_v6_0/src -s include  "SHELL=CMD" "COMPILER=arm-none-eabi-gcc" "ARCHIVER=arm-none-eabi-ar" "COMPILER_FLAGS=  -O2 -c" "EXTRA_COMPILER_FLAGS=-mcpu=cortex-a9 -mfpu=vfpv3 -mfloat-abi=hard -nostartfiles"
"Running Make include in ps7_cortexa9_0/libsrc/uartps_v3_2/src"
make -C ps7_cortexa9_0/libsrc/uartps_v3_2/src -s include  "SHELL=CMD" "COMPILER=arm-none-eabi-gcc" "ARCHIVER=arm-none-eabi-ar" "COMPILER_FLAGS=  -O2 -c" "EXTRA_COMPILER_FLAGS=-mcpu=cortex-a9 -mfpu=vfpv3 -mfloat-abi=hard -nostartfiles"
"Running Make include in ps7_cortexa9_0/libsrc/usbps_v2_4/src"
make -C ps7_cortexa9_0/libsrc/usbps_v2_4/src -s include  "SHELL=CMD" "COMPILER=arm-none-eabi-gcc" "ARCHIVER=arm-none-eabi-ar" "COMPILER_FLAGS=  -O2 -c" "EXTRA_COMPILER_FLAGS=-mcpu=cortex-a9 -mfpu=vfpv3 -mfloat-abi=hard -nostartfiles"
"Running Make include in ps7_cortexa9_0/libsrc/xadcps_v2_2/src"
make -C ps7_cortexa9_0/libsrc/xadcps_v2_2/src -s include  "SHELL=CMD" "COMPILER=arm-none-eabi-gcc" "ARCHIVER=arm-none-eabi-ar" "COMPILER_FLAGS=  -O2 -c" "EXTRA_COMPILER_FLAGS=-mcpu=cortex-a9 -mfpu=vfpv3 -mfloat-abi=hard -nostartfiles"
"Running Make libs in ps7_cortexa9_0/libsrc/coresightps_dcc_v1_3/src"
make -C ps7_cortexa9_0/libsrc/coresightps_dcc_v1_3/src -s libs  "SHELL=CMD" "COMPILER=arm-none-eabi-gcc" "ARCHIVER=arm-none-eabi-ar" "COMPILER_FLAGS=  -O2 -c" "EXTRA_COMPILER_FLAGS=-mcpu=cortex-a9 -mfpu=vfpv3 -mfloat-abi=hard -nostartfiles"
"Compiling coresightps_dcc"
arm-none-eabi-ar: creating ../../../lib/libxil.a
"Running Make libs in ps7_cortexa9_0/libsrc/cpu_cortexa9_v2_3/src"
make -C ps7_cortexa9_0/libsrc/cpu_cortexa9_v2_3/src -s libs  "SHELL=CMD" "COMPILER=arm-none-eabi-gcc" "ARCHIVER=arm-none-eabi-ar" "COMPILER_FLAGS=  -O2 -c" "EXTRA_COMPILER_FLAGS=-mcpu=cortex-a9 -mfpu=vfpv3 -mfloat-abi=hard -nostartfiles"
"Compiling cpu_cortexa9"
"Running Make libs in ps7_cortexa9_0/libsrc/ddrps_v1_0/src"
make -C ps7_cortexa9_0/libsrc/ddrps_v1_0/src -s libs  "SHELL=CMD" "COMPILER=arm-none-eabi-gcc" "ARCHIVER=arm-none-eabi-ar" "COMPILER_FLAGS=  -O2 -c" "EXTRA_COMPILER_FLAGS=-mcpu=cortex-a9 -mfpu=vfpv3 -mfloat-abi=hard -nostartfiles"
"Compiling ddrps"
"Running Make libs in ps7_cortexa9_0/libsrc/devcfg_v3_4/src"
make -C ps7_cortexa9_0/libsrc/devcfg_v3_4/src -s libs  "SHELL=CMD" "COMPILER=arm-none-eabi-gcc" "ARCHIVER=arm-none-eabi-ar" "COMPILER_FLAGS=  -O2 -c" "EXTRA_COMPILER_FLAGS=-mcpu=cortex-a9 -mfpu=vfpv3 -mfloat-abi=hard -nostartfiles"
"Compiling devcfg"
"Running Make libs in ps7_cortexa9_0/libsrc/dmaps_v2_2/src"
make -C ps7_cortexa9_0/libsrc/dmaps_v2_2/src -s libs  "SHELL=CMD" "COMPILER=arm-none-eabi-gcc" "ARCHIVER=arm-none-eabi-ar" "COMPILER_FLAGS=  -O2 -c" "EXTRA_COMPILER_FLAGS=-mcpu=cortex-a9 -mfpu=vfpv3 -mfloat-abi=hard -nostartfiles"
"Compiling dmaps"
"Running Make libs in ps7_cortexa9_0/libsrc/emacps_v3_3/src"
make -C ps7_cortexa9_0/libsrc/emacps_v3_3/src -s libs  "SHELL=CMD" "COMPILER=arm-none-eabi-gcc" "ARCHIVER=arm-none-eabi-ar" "COMPILER_FLAGS=  -O2 -c" "EXTRA_COMPILER_FLAGS=-mcpu=cortex-a9 -mfpu=vfpv3 -mfloat-abi=hard -nostartfiles"
"Compiling emacps"
"Running Make libs in ps7_cortexa9_0/libsrc/gpiops_v3_1/src"
make -C ps7_cortexa9_0/libsrc/gpiops_v3_1/src -s libs  "SHELL=CMD" "COMPILER=arm-none-eabi-gcc" "ARCHIVER=arm-none-eabi-ar" "COMPILER_FLAGS=  -O2 -c" "EXTRA_COMPILER_FLAGS=-mcpu=cortex-a9 -mfpu=vfpv3 -mfloat-abi=hard -nostartfiles"
"Compiling gpiops"
"Running Make libs in ps7_cortexa9_0/libsrc/qspips_v3_3/src"
make -C ps7_cortexa9_0/libsrc/qspips_v3_3/src -s libs  "SHELL=CMD" "COMPILER=arm-none-eabi-gcc" "ARCHIVER=arm-none-eabi-ar" "COMPILER_FLAGS=  -O2 -c" "EXTRA_COMPILER_FLAGS=-mcpu=cortex-a9 -mfpu=vfpv3 -mfloat-abi=hard -nostartfiles"
"Compiling qspips"
"Running Make libs in ps7_cortexa9_0/libsrc/scugic_v3_4/src"
make -C ps7_cortexa9_0/libsrc/scugic_v3_4/src -s libs  "SHELL=CMD" "COMPILER=arm-none-eabi-gcc" "ARCHIVER=arm-none-eabi-ar" "COMPILER_FLAGS=  -O2 -c" "EXTRA_COMPILER_FLAGS=-mcpu=cortex-a9 -mfpu=vfpv3 -mfloat-abi=hard -nostartfiles"
"Compiling scugic"
"Running Make libs in ps7_cortexa9_0/libsrc/scutimer_v2_1/src"
make -C ps7_cortexa9_0/libsrc/scutimer_v2_1/src -s libs  "SHELL=CMD" "COMPILER=arm-none-eabi-gcc" "ARCHIVER=arm-none-eabi-ar" "COMPILER_FLAGS=  -O2 -c" "EXTRA_COMPILER_FLAGS=-mcpu=cortex-a9 -mfpu=vfpv3 -mfloat-abi=hard -nostartfiles"
"Compiling scutimer"
"Running Make libs in ps7_cortexa9_0/libsrc/scuwdt_v2_1/src"
make -C ps7_cortexa9_0/libsrc/scuwdt_v2_1/src -s libs  "SHELL=CMD" "COMPILER=arm-none-eabi-gcc" "ARCHIVER=arm-none-eabi-ar" "COMPILER_FLAGS=  -O2 -c" "EXTRA_COMPILER_FLAGS=-mcpu=cortex-a9 -mfpu=vfpv3 -mfloat-abi=hard -nostartfiles"
"Compiling scuwdt"
"Running Make libs in ps7_cortexa9_0/libsrc/sdps_v3_0/src"
make -C ps7_cortexa9_0/libsrc/sdps_v3_0/src -s libs  "SHELL=CMD" "COMPILER=arm-none-eabi-gcc" "ARCHIVER=arm-none-eabi-ar" "COMPILER_FLAGS=  -O2 -c" "EXTRA_COMPILER_FLAGS=-mcpu=cortex-a9 -mfpu=vfpv3 -mfloat-abi=hard -nostartfiles"
"Compiling sdps"
"Running Make libs in ps7_cortexa9_0/libsrc/skip_list_prefetch_v1_0/src"
make -C ps7_cortexa9_0/libsrc/skip_list_prefetch_v1_0/src -s libs  "SHELL=CMD" "COMPILER=arm-none-eabi-gcc" "ARCHIVER=arm-none-eabi-ar" "COMPILER_FLAGS=  -O2 -c" "EXTRA_COMPILER_FLAGS=-mcpu=cortex-a9 -mfpu=vfpv3 -mfloat-abi=hard -nostartfiles"
"Compiling skip_list_prefetch"
"Running Make libs in ps7_cortexa9_0/libsrc/standalone_v6_0/src"
make -C ps7_cortexa9_0/libsrc/standalone_v6_0/src -s libs  "SHELL=CMD" "COMPILER=arm-none-eabi-gcc" "ARCHIVER=arm-none-eabi-ar" "COMPILER_FLAGS=  -O2 -c" "EXTRA_COMPILER_FLAGS=-mcpu=cortex-a9 -mfpu=vfpv3 -mfloat-abi=hard -nostartfiles"
"Compiling standalone"
"Running Make libs in ps7_cortexa9_0/libsrc/uartps_v3_2/src"
make -C ps7_cortexa9_0/libsrc/uartps_v3_2/src -s libs  "SHELL=CMD" "COMPILER=arm-none-eabi-gcc" "ARCHIVER=arm-none-eabi-ar" "COMPILER_FLAGS=  -O2 -c" "EXTRA_COMPILER_FLAGS=-mcpu=cortex-a9 -mfpu=vfpv3 -mfloat-abi=hard -nostartfiles"
"Compiling uartps"
"Running Make libs in ps7_cortexa9_0/libsrc/usbps_v2_4/src"
make -C ps7_cortexa9_0/libsrc/usbps_v2_4/src -s libs  "SHELL=CMD" "COMPILER=arm-none-eabi-gcc" "ARCHIVER=arm-none-eabi-ar" "COMPILER_FLAGS=  -O2 -c" "EXTRA_COMPILER_FLAGS=-mcpu=cortex-a9 -mfpu=vfpv3 -mfloat-abi=hard -nostartfiles"
"Compiling usbps"
"Running Make libs in ps7_cortexa9_0/libsrc/xadcps_v2_2/src"
make -C ps7_cortexa9_0/libsrc/xadcps_v2_2/src -s libs  "SHELL=CMD" "COMPILER=arm-none-eabi-gcc" "ARCHIVER=arm-none-eabi-ar" "COMPILER_FLAGS=  -O2 -c" "EXTRA_COMPILER_FLAGS=-mcpu=cortex-a9 -mfpu=vfpv3 -mfloat-abi=hard -nostartfiles"
"Compiling xadcps"
'Finished building libraries'
12:56:15 **** Build of configuration Debug for project skip_list_prefetch ****
make pre-build main-build 
a9-linaro-pre-build-step
' '
'Building file: ../src/helloworld.c'
'Invoking: ARM v7 gcc compiler'
arm-none-eabi-gcc -Wall -O0 -g3 -c -fmessage-length=0 -MT"src/helloworld.o" -mcpu=cortex-a9 -mfpu=vfpv3 -mfloat-abi=hard -I../../skip_list_prefetch_bsp/ps7_cortexa9_0/include -MMD -MP -MF"src/helloworld.d" -MT"src/helloworld.o" -o "src/helloworld.o" "../src/helloworld.c"
'Finished building: ../src/helloworld.c'
' '
'Building file: ../src/platform.c'
'Invoking: ARM v7 gcc compiler'
arm-none-eabi-gcc -Wall -O0 -g3 -c -fmessage-length=0 -MT"src/platform.o" -mcpu=cortex-a9 -mfpu=vfpv3 -mfloat-abi=hard -I../../skip_list_prefetch_bsp/ps7_cortexa9_0/include -MMD -MP -MF"src/platform.d" -MT"src/platform.o" -o "src/platform.o" "../src/platform.c"
'Finished building: ../src/platform.c'
' '
'Building target: skip_list_prefetch.elf'
'Invoking: ARM v7 gcc linker'
arm-none-eabi-gcc -mcpu=cortex-a9 -mfpu=vfpv3 -mfloat-abi=hard -Wl,-build-id=none -specs=Xilinx.spec -Wl,-T -Wl,../src/lscript.ld -L../../skip_list_prefetch_bsp/ps7_cortexa9_0/lib -o "skip_list_prefetch.elf"  ./src/helloworld.o ./src/platform.o   -Wl,--start-group,-lxil,-lgcc,-lc,--end-group
'Finished building target: skip_list_prefetch.elf'
' '
'Invoking: ARM v7 Print Size'
arm-none-eabi-size skip_list_prefetch.elf  |tee "skip_list_prefetch.elf.size"
   text	   data	    bss	    dec	    hex	filename
  22332	   1148	  22568	  46048	   b3e0	skip_list_prefetch.elf
'Finished building: skip_list_prefetch.elf.size'
' '
12:56:17 **** Auto Build of configuration Debug for project skip_list_prefetch ****
make pre-build main-build 
a9-linaro-pre-build-step
' '
make: Nothing to be done for `main-build'.
12:57:04 **** Auto Build of configuration Debug for project skip_list_prefetch ****
make pre-build main-build 
a9-linaro-pre-build-step
' '
make: Nothing to be done for `main-build'.
12:58:20 **** Auto Build of configuration Debug for project skip_list_prefetch ****
make pre-build main-build 
a9-linaro-pre-build-step
' '
'Building file: ../src/helloworld.c'
'Invoking: ARM v7 gcc compiler'
arm-none-eabi-gcc -Wall -O0 -g3 -c -fmessage-length=0 -MT"src/helloworld.o" -mcpu=cortex-a9 -mfpu=vfpv3 -mfloat-abi=hard -I../../skip_list_prefetch_bsp/ps7_cortexa9_0/include -MMD -MP -MF"src/helloworld.d" -MT"src/helloworld.o" -o "src/helloworld.o" "../src/helloworld.c"
../src/helloworld.c: In function 'main':
../src/helloworld.c:139:16: warning: unused variable 'dummy_node' [-Wunused-variable]
   struct node *dummy_node = (struct node *)malloc(5*sizeof(struct node));
                ^
../src/helloworld.c:191:15: warning: unused variable 'old_temp1' [-Wunused-variable]
  struct node *old_temp1 = NULL;
               ^
'Finished building: ../src/helloworld.c'
' '
'Building target: skip_list_prefetch.elf'
'Invoking: ARM v7 gcc linker'
arm-none-eabi-gcc -mcpu=cortex-a9 -mfpu=vfpv3 -mfloat-abi=hard -Wl,-build-id=none -specs=Xilinx.spec -Wl,-T -Wl,../src/lscript.ld -L../../skip_list_prefetch_bsp/ps7_cortexa9_0/lib -o "skip_list_prefetch.elf"  ./src/helloworld.o ./src/platform.o   -Wl,--start-group,-lxil,-lgcc,-lc,--end-group
'Finished building target: skip_list_prefetch.elf'
' '
'Invoking: ARM v7 Print Size'
arm-none-eabi-size skip_list_prefetch.elf  |tee "skip_list_prefetch.elf.size"
   text	   data	    bss	    dec	    hex	filename
  82180	   2596	  23344	 108120	  1a658	skip_list_prefetch.elf
'Finished building: skip_list_prefetch.elf.size'
' '
12:59:18 **** Auto Build of configuration Debug for project skip_list_prefetch ****
make pre-build main-build 
a9-linaro-pre-build-step
' '
'Building file: ../src/helloworld.c'
'Invoking: ARM v7 gcc compiler'
arm-none-eabi-gcc -Wall -O0 -g3 -c -fmessage-length=0 -MT"src/helloworld.o" -mcpu=cortex-a9 -mfpu=vfpv3 -mfloat-abi=hard -I../../skip_list_prefetch_bsp/ps7_cortexa9_0/include -MMD -MP -MF"src/helloworld.d" -MT"src/helloworld.o" -o "src/helloworld.o" "../src/helloworld.c"
../src/helloworld.c: In function 'main':
../src/helloworld.c:139:16: warning: unused variable 'dummy_node' [-Wunused-variable]
   struct node *dummy_node = (struct node *)malloc(5*sizeof(struct node));
                ^
../src/helloworld.c:191:15: warning: unused variable 'old_temp1' [-Wunused-variable]
  struct node *old_temp1 = NULL;
               ^
'Finished building: ../src/helloworld.c'
' '
'Building target: skip_list_prefetch.elf'
'Invoking: ARM v7 gcc linker'
arm-none-eabi-gcc -mcpu=cortex-a9 -mfpu=vfpv3 -mfloat-abi=hard -Wl,-build-id=none -specs=Xilinx.spec -Wl,-T -Wl,../src/lscript.ld -L../../skip_list_prefetch_bsp/ps7_cortexa9_0/lib -o "skip_list_prefetch.elf"  ./src/helloworld.o ./src/platform.o   -Wl,--start-group,-lxil,-lgcc,-lc,--end-group
'Finished building target: skip_list_prefetch.elf'
' '
'Invoking: ARM v7 Print Size'
arm-none-eabi-size skip_list_prefetch.elf  |tee "skip_list_prefetch.elf.size"
   text	   data	    bss	    dec	    hex	filename
  82244	   2596	  23344	 108184	  1a698	skip_list_prefetch.elf
'Finished building: skip_list_prefetch.elf.size'
' '
12:59:35 **** Auto Build of configuration Debug for project skip_list_prefetch ****
make pre-build main-build 
a9-linaro-pre-build-step
' '
'Building file: ../src/helloworld.c'
'Invoking: ARM v7 gcc compiler'
arm-none-eabi-gcc -Wall -O0 -g3 -c -fmessage-length=0 -MT"src/helloworld.o" -mcpu=cortex-a9 -mfpu=vfpv3 -mfloat-abi=hard -I../../skip_list_prefetch_bsp/ps7_cortexa9_0/include -MMD -MP -MF"src/helloworld.d" -MT"src/helloworld.o" -o "src/helloworld.o" "../src/helloworld.c"
../src/helloworld.c: In function 'main':
../src/helloworld.c:139:16: warning: unused variable 'dummy_node' [-Wunused-variable]
   struct node *dummy_node = (struct node *)malloc(5*sizeof(struct node));
                ^
../src/helloworld.c:191:15: warning: unused variable 'old_temp1' [-Wunused-variable]
  struct node *old_temp1 = NULL;
               ^
'Finished building: ../src/helloworld.c'
' '
'Building target: skip_list_prefetch.elf'
'Invoking: ARM v7 gcc linker'
arm-none-eabi-gcc -mcpu=cortex-a9 -mfpu=vfpv3 -mfloat-abi=hard -Wl,-build-id=none -specs=Xilinx.spec -Wl,-T -Wl,../src/lscript.ld -L../../skip_list_prefetch_bsp/ps7_cortexa9_0/lib -o "skip_list_prefetch.elf"  ./src/helloworld.o ./src/platform.o   -Wl,--start-group,-lxil,-lgcc,-lc,--end-group
'Finished building target: skip_list_prefetch.elf'
' '
'Invoking: ARM v7 Print Size'
arm-none-eabi-size skip_list_prefetch.elf  |tee "skip_list_prefetch.elf.size"
   text	   data	    bss	    dec	    hex	filename
  82180	   2596	  23344	 108120	  1a658	skip_list_prefetch.elf
'Finished building: skip_list_prefetch.elf.size'
' '
13:00:35 **** Clean-only build of configuration Debug for project skip_list_prefetch ****
make clean 
rm -rf  ./src/helloworld.o ./src/platform.o  ./src/helloworld.d ./src/platform.d  skip_list_prefetch.elf.size  skip_list_prefetch.elf
' '
13:00:36 **** Auto Build of configuration Debug for project skip_list_prefetch ****
make pre-build main-build 
a9-linaro-pre-build-step
' '
'Building file: ../src/helloworld.c'
'Invoking: ARM v7 gcc compiler'
arm-none-eabi-gcc -Wall -O0 -g3 -c -fmessage-length=0 -MT"src/helloworld.o" -mcpu=cortex-a9 -mfpu=vfpv3 -mfloat-abi=hard -I../../skip_list_prefetch_bsp/ps7_cortexa9_0/include -MMD -MP -MF"src/helloworld.d" -MT"src/helloworld.o" -o "src/helloworld.o" "../src/helloworld.c"
../src/helloworld.c: In function 'main':
../src/helloworld.c:139:16: warning: unused variable 'dummy_node' [-Wunused-variable]
   struct node *dummy_node = (struct node *)malloc(5*sizeof(struct node));
                ^
../src/helloworld.c:191:15: warning: unused variable 'old_temp1' [-Wunused-variable]
  struct node *old_temp1 = NULL;
               ^
'Finished building: ../src/helloworld.c'
' '
'Building file: ../src/platform.c'
'Invoking: ARM v7 gcc compiler'
arm-none-eabi-gcc -Wall -O0 -g3 -c -fmessage-length=0 -MT"src/platform.o" -mcpu=cortex-a9 -mfpu=vfpv3 -mfloat-abi=hard -I../../skip_list_prefetch_bsp/ps7_cortexa9_0/include -MMD -MP -MF"src/platform.d" -MT"src/platform.o" -o "src/platform.o" "../src/platform.c"
'Finished building: ../src/platform.c'
' '
'Building target: skip_list_prefetch.elf'
'Invoking: ARM v7 gcc linker'
arm-none-eabi-gcc -mcpu=cortex-a9 -mfpu=vfpv3 -mfloat-abi=hard -Wl,-build-id=none -specs=Xilinx.spec -Wl,-T -Wl,../src/lscript.ld -L../../skip_list_prefetch_bsp/ps7_cortexa9_0/lib -o "skip_list_prefetch.elf"  ./src/helloworld.o ./src/platform.o   -Wl,--start-group,-lxil,-lgcc,-lc,--end-group
'Finished building target: skip_list_prefetch.elf'
' '
'Invoking: ARM v7 Print Size'
arm-none-eabi-size skip_list_prefetch.elf  |tee "skip_list_prefetch.elf.size"
   text	   data	    bss	    dec	    hex	filename
  82180	   2596	20978480	21063256	1416658	skip_list_prefetch.elf
'Finished building: skip_list_prefetch.elf.size'
' '
13:02:04 **** Incremental Build of configuration Debug for project skip_list_prefetch ****
make pre-build main-build 
a9-linaro-pre-build-step
' '
make: Nothing to be done for `main-build'.
13:02:40 **** Incremental Build of configuration Debug for project skip_list_prefetch ****
make pre-build main-build 
a9-linaro-pre-build-step
' '
make: Nothing to be done for `main-build'.
13:02:48 **** Incremental Build of configuration Debug for project skip_list_prefetch ****
make pre-build main-build 
a9-linaro-pre-build-step
' '
make: Nothing to be done for `main-build'.
13:02:53 **** Incremental Build of configuration Debug for project skip_list_prefetch ****
make pre-build main-build 
a9-linaro-pre-build-step
' '
make: Nothing to be done for `main-build'.
13:03:00 **** Incremental Build of configuration Debug for project skip_list_prefetch ****
make pre-build main-build 
a9-linaro-pre-build-step
' '
make: Nothing to be done for `main-build'.
13:03:09 **** Incremental Build of configuration Debug for project skip_list_prefetch ****
make pre-build main-build 
a9-linaro-pre-build-step
' '
make: Nothing to be done for `main-build'.
13:03:19 **** Auto Build of configuration Debug for project skip_list_prefetch ****
make pre-build main-build 
a9-linaro-pre-build-step
' '
'Building file: ../src/helloworld.c'
'Invoking: ARM v7 gcc compiler'
arm-none-eabi-gcc -Wall -O0 -g3 -c -fmessage-length=0 -MT"src/helloworld.o" -mcpu=cortex-a9 -mfpu=vfpv3 -mfloat-abi=hard -I../../skip_list_prefetch_bsp/ps7_cortexa9_0/include -MMD -MP -MF"src/helloworld.d" -MT"src/helloworld.o" -o "src/helloworld.o" "../src/helloworld.c"
../src/helloworld.c: In function 'main':
../src/helloworld.c:139:16: warning: unused variable 'dummy_node' [-Wunused-variable]
   struct node *dummy_node = (struct node *)malloc(5*sizeof(struct node));
                ^
../src/helloworld.c:191:15: warning: unused variable 'old_temp1' [-Wunused-variable]
  struct node *old_temp1 = NULL;
               ^
'Finished building: ../src/helloworld.c'
' '
'Building target: skip_list_prefetch.elf'
'Invoking: ARM v7 gcc linker'
arm-none-eabi-gcc -mcpu=cortex-a9 -mfpu=vfpv3 -mfloat-abi=hard -Wl,-build-id=none -specs=Xilinx.spec -Wl,-T -Wl,../src/lscript.ld -L../../skip_list_prefetch_bsp/ps7_cortexa9_0/lib -o "skip_list_prefetch.elf"  ./src/helloworld.o ./src/platform.o   -Wl,--start-group,-lxil,-lgcc,-lc,--end-group
'Finished building target: skip_list_prefetch.elf'
' '
'Invoking: ARM v7 Print Size'
arm-none-eabi-size skip_list_prefetch.elf  |tee "skip_list_prefetch.elf.size"
   text	   data	    bss	    dec	    hex	filename
  82188	   2596	20978480	21063264	1416660	skip_list_prefetch.elf
'Finished building: skip_list_prefetch.elf.size'
' '
13:03:21 **** Incremental Build of configuration Debug for project skip_list_prefetch ****
make pre-build main-build 
a9-linaro-pre-build-step
' '
make: Nothing to be done for `main-build'.
13:03:26 **** Incremental Build of configuration Debug for project skip_list_prefetch ****
make pre-build main-build 
a9-linaro-pre-build-step
' '
make: Nothing to be done for `main-build'.
13:03:30 **** Incremental Build of configuration Debug for project skip_list_prefetch ****
make pre-build main-build 
a9-linaro-pre-build-step
' '
make: Nothing to be done for `main-build'.
13:03:34 **** Incremental Build of configuration Debug for project skip_list_prefetch ****
make pre-build main-build 
a9-linaro-pre-build-step
' '
make: Nothing to be done for `main-build'.
13:03:38 **** Incremental Build of configuration Debug for project skip_list_prefetch ****
make pre-build main-build 
a9-linaro-pre-build-step
' '
make: Nothing to be done for `main-build'.
13:03:43 **** Incremental Build of configuration Debug for project skip_list_prefetch ****
make pre-build main-build 
a9-linaro-pre-build-step
' '
make: Nothing to be done for `main-build'.
13:03:47 **** Incremental Build of configuration Debug for project skip_list_prefetch ****
make pre-build main-build 
a9-linaro-pre-build-step
' '
make: Nothing to be done for `main-build'.
13:04:13 **** Incremental Build of configuration Debug for project skip_list_prefetch ****
make pre-build main-build 
a9-linaro-pre-build-step
' '
make: Nothing to be done for `main-build'.
13:04:18 **** Incremental Build of configuration Debug for project skip_list_prefetch ****
make pre-build main-build 
a9-linaro-pre-build-step
' '
make: Nothing to be done for `main-build'.
13:04:24 **** Auto Build of configuration Debug for project skip_list_prefetch ****
make pre-build main-build 
a9-linaro-pre-build-step
' '
'Building file: ../src/helloworld.c'
'Invoking: ARM v7 gcc compiler'
arm-none-eabi-gcc -Wall -O0 -g3 -c -fmessage-length=0 -MT"src/helloworld.o" -mcpu=cortex-a9 -mfpu=vfpv3 -mfloat-abi=hard -I../../skip_list_prefetch_bsp/ps7_cortexa9_0/include -MMD -MP -MF"src/helloworld.d" -MT"src/helloworld.o" -o "src/helloworld.o" "../src/helloworld.c"
../src/helloworld.c: In function 'main':
../src/helloworld.c:139:16: warning: unused variable 'dummy_node' [-Wunused-variable]
   struct node *dummy_node = (struct node *)malloc(5*sizeof(struct node));
                ^
../src/helloworld.c:191:15: warning: unused variable 'old_temp1' [-Wunused-variable]
  struct node *old_temp1 = NULL;
               ^
'Finished building: ../src/helloworld.c'
' '
'Building target: skip_list_prefetch.elf'
'Invoking: ARM v7 gcc linker'
arm-none-eabi-gcc -mcpu=cortex-a9 -mfpu=vfpv3 -mfloat-abi=hard -Wl,-build-id=none -specs=Xilinx.spec -Wl,-T -Wl,../src/lscript.ld -L../../skip_list_prefetch_bsp/ps7_cortexa9_0/lib -o "skip_list_prefetch.elf"  ./src/helloworld.o ./src/platform.o   -Wl,--start-group,-lxil,-lgcc,-lc,--end-group
'Finished building target: skip_list_prefetch.elf'
' '
'Invoking: ARM v7 Print Size'
arm-none-eabi-size skip_list_prefetch.elf  |tee "skip_list_prefetch.elf.size"
   text	   data	    bss	    dec	    hex	filename
  82180	   2596	20978480	21063256	1416658	skip_list_prefetch.elf
'Finished building: skip_list_prefetch.elf.size'
' '
13:04:33 **** Incremental Build of configuration Debug for project skip_list_prefetch ****
make pre-build main-build 
a9-linaro-pre-build-step
' '
make: Nothing to be done for `main-build'.
13:04:38 **** Incremental Build of configuration Debug for project skip_list_prefetch ****
make pre-build main-build 
a9-linaro-pre-build-step
' '
make: Nothing to be done for `main-build'.
13:05:17 **** Incremental Build of configuration Debug for project skip_list_prefetch ****
make pre-build main-build 
a9-linaro-pre-build-step
' '
make: Nothing to be done for `main-build'.
13:05:52 **** Auto Build of configuration Debug for project skip_list_prefetch ****
make pre-build main-build 
a9-linaro-pre-build-step
' '
'Building file: ../src/helloworld.c'
'Invoking: ARM v7 gcc compiler'
arm-none-eabi-gcc -Wall -O0 -g3 -c -fmessage-length=0 -MT"src/helloworld.o" -mcpu=cortex-a9 -mfpu=vfpv3 -mfloat-abi=hard -I../../skip_list_prefetch_bsp/ps7_cortexa9_0/include -MMD -MP -MF"src/helloworld.d" -MT"src/helloworld.o" -o "src/helloworld.o" "../src/helloworld.c"
../src/helloworld.c: In function 'main':
../src/helloworld.c:139:16: warning: unused variable 'dummy_node' [-Wunused-variable]
   struct node *dummy_node = (struct node *)malloc(5*sizeof(struct node));
                ^
../src/helloworld.c:191:15: warning: unused variable 'old_temp1' [-Wunused-variable]
  struct node *old_temp1 = NULL;
               ^
'Finished building: ../src/helloworld.c'
' '
'Building target: skip_list_prefetch.elf'
'Invoking: ARM v7 gcc linker'
arm-none-eabi-gcc -mcpu=cortex-a9 -mfpu=vfpv3 -mfloat-abi=hard -Wl,-build-id=none -specs=Xilinx.spec -Wl,-T -Wl,../src/lscript.ld -L../../skip_list_prefetch_bsp/ps7_cortexa9_0/lib -o "skip_list_prefetch.elf"  ./src/helloworld.o ./src/platform.o   -Wl,--start-group,-lxil,-lgcc,-lc,--end-group
'Finished building target: skip_list_prefetch.elf'
' '
'Invoking: ARM v7 Print Size'
arm-none-eabi-size skip_list_prefetch.elf  |tee "skip_list_prefetch.elf.size"
   text	   data	    bss	    dec	    hex	filename
  82180	   2596	20978480	21063256	1416658	skip_list_prefetch.elf
'Finished building: skip_list_prefetch.elf.size'
' '
13:05:56 **** Incremental Build of configuration Debug for project skip_list_prefetch ****
make pre-build main-build 
a9-linaro-pre-build-step
' '
make: Nothing to be done for `main-build'.
13:06:37 **** Incremental Build of configuration Debug for project skip_list_prefetch ****
make pre-build main-build 
a9-linaro-pre-build-step
' '
make: Nothing to be done for `main-build'.
13:06:44 **** Incremental Build of configuration Debug for project skip_list_prefetch ****
make pre-build main-build 
a9-linaro-pre-build-step
' '
make: Nothing to be done for `main-build'.
13:06:50 **** Incremental Build of configuration Debug for project skip_list_prefetch ****
make pre-build main-build 
a9-linaro-pre-build-step
' '
make: Nothing to be done for `main-build'.
13:06:55 **** Incremental Build of configuration Debug for project skip_list_prefetch ****
make pre-build main-build 
a9-linaro-pre-build-step
' '
make: Nothing to be done for `main-build'.
13:07:01 **** Incremental Build of configuration Debug for project skip_list_prefetch ****
make pre-build main-build 
a9-linaro-pre-build-step
' '
make: Nothing to be done for `main-build'.
13:07:19 **** Incremental Build of configuration Debug for project skip_list_prefetch ****
make pre-build main-build 
a9-linaro-pre-build-step
' '
make: Nothing to be done for `main-build'.
13:07:24 **** Incremental Build of configuration Debug for project skip_list_prefetch ****
make pre-build main-build 
a9-linaro-pre-build-step
' '
make: Nothing to be done for `main-build'.
13:07:29 **** Incremental Build of configuration Debug for project skip_list_prefetch ****
make pre-build main-build 
a9-linaro-pre-build-step
' '
make: Nothing to be done for `main-build'.
13:07:34 **** Incremental Build of configuration Debug for project skip_list_prefetch ****
make pre-build main-build 
a9-linaro-pre-build-step
' '
make: Nothing to be done for `main-build'.
13:07:39 **** Incremental Build of configuration Debug for project skip_list_prefetch ****
make pre-build main-build 
a9-linaro-pre-build-step
' '
make: Nothing to be done for `main-build'.
13:07:44 **** Incremental Build of configuration Debug for project skip_list_prefetch ****
make pre-build main-build 
a9-linaro-pre-build-step
' '
make: Nothing to be done for `main-build'.
13:07:57 **** Auto Build of configuration Debug for project skip_list_prefetch ****
make pre-build main-build 
a9-linaro-pre-build-step
' '
'Building file: ../src/helloworld.c'
'Invoking: ARM v7 gcc compiler'
arm-none-eabi-gcc -Wall -O0 -g3 -c -fmessage-length=0 -MT"src/helloworld.o" -mcpu=cortex-a9 -mfpu=vfpv3 -mfloat-abi=hard -I../../skip_list_prefetch_bsp/ps7_cortexa9_0/include -MMD -MP -MF"src/helloworld.d" -MT"src/helloworld.o" -o "src/helloworld.o" "../src/helloworld.c"
../src/helloworld.c: In function 'main':
../src/helloworld.c:139:16: warning: unused variable 'dummy_node' [-Wunused-variable]
   struct node *dummy_node = (struct node *)malloc(5*sizeof(struct node));
                ^
../src/helloworld.c:191:15: warning: unused variable 'old_temp1' [-Wunused-variable]
  struct node *old_temp1 = NULL;
               ^
'Finished building: ../src/helloworld.c'
' '
'Building target: skip_list_prefetch.elf'
'Invoking: ARM v7 gcc linker'
arm-none-eabi-gcc -mcpu=cortex-a9 -mfpu=vfpv3 -mfloat-abi=hard -Wl,-build-id=none -specs=Xilinx.spec -Wl,-T -Wl,../src/lscript.ld -L../../skip_list_prefetch_bsp/ps7_cortexa9_0/lib -o "skip_list_prefetch.elf"  ./src/helloworld.o ./src/platform.o   -Wl,--start-group,-lxil,-lgcc,-lc,--end-group
'Finished building target: skip_list_prefetch.elf'
' '
'Invoking: ARM v7 Print Size'
arm-none-eabi-size skip_list_prefetch.elf  |tee "skip_list_prefetch.elf.size"
   text	   data	    bss	    dec	    hex	filename
  82188	   2596	20978480	21063264	1416660	skip_list_prefetch.elf
'Finished building: skip_list_prefetch.elf.size'
' '
13:08:01 **** Incremental Build of configuration Debug for project skip_list_prefetch ****
make pre-build main-build 
a9-linaro-pre-build-step
' '
make: Nothing to be done for `main-build'.
13:08:06 **** Incremental Build of configuration Debug for project skip_list_prefetch ****
make pre-build main-build 
a9-linaro-pre-build-step
' '
make: Nothing to be done for `main-build'.
13:08:10 **** Incremental Build of configuration Debug for project skip_list_prefetch ****
make pre-build main-build 
a9-linaro-pre-build-step
' '
make: Nothing to be done for `main-build'.
