12:19:23 INFO  : Registering command handlers for SDK TCF services
12:19:24 INFO  : Launching XSCT server: xsct.bat -interactive A:\COMP_ARCH\PYNQ_Projects\Vivado_prj\SkipList_offset_from_head\SkipList_offset_from_head.sdk\temp_xsdb_launch_script.tcl
12:19:27 INFO  : XSCT server has started successfully.
12:19:28 INFO  : Processing command line option -hwspec A:/COMP_ARCH/PYNQ_Projects/Vivado_prj/SkipList_offset_from_head/SkipList_offset_from_head.sdk/design_1_wrapper.hdf.
12:19:28 INFO  : Successfully done setting XSCT server connection channel  
12:19:28 INFO  : Successfully done setting SDK workspace  
12:22:42 INFO  : Inferring section assignments and sizes from elf file: A:\COMP_ARCH\PYNQ_Projects\Vivado_prj\SkipList_offset_from_head\SkipList_offset_from_head.sdk\skip_list_prefetch\Debug\skip_list_prefetch.elf
12:22:52 INFO  : Successfully generated A:\COMP_ARCH\PYNQ_Projects\Vivado_prj\SkipList_offset_from_head\SkipList_offset_from_head.sdk\skip_list_prefetch\src\lscript.ld.
12:22:52 INFO  : Applying linker script to all configurations of project skip_list_prefetch.
12:22:52 INFO  : Setting rebuild state to true for all configurations of project skip_list_prefetch.
12:23:34 INFO  : Connected to target on host '127.0.0.1' and port '3121'.
12:23:35 INFO  : 'targets -set -filter {jtag_cable_name =~ "Xilinx PYNQ-Z1 003017A6E019A" && level==0} -index 1' command is executed.
12:23:37 INFO  : FPGA configured successfully with bitstream "A:/COMP_ARCH/PYNQ_Projects/Vivado_prj/SkipList_offset_from_head/SkipList_offset_from_head.sdk/design_1_wrapper_hw_platform_0/design_1_wrapper.bit"
12:24:10 INFO  : ps7_init is completed.
12:24:10 INFO  : ps7_post_config is completed.
12:24:11 INFO  : Processor reset is completed for ps7_cortexa9_0
12:24:19 INFO  : Processor reset is completed for ps7_cortexa9_0
12:24:48 INFO  : Processor reset is completed for ps7_cortexa9_0
12:25:09 INFO  : Processor reset is completed for ps7_cortexa9_0
12:25:15 INFO  : Processor reset is completed for ps7_cortexa9_0
12:25:23 INFO  : Processor reset is completed for ps7_cortexa9_0
12:25:35 INFO  : Processor reset is completed for ps7_cortexa9_0
12:25:47 INFO  : Processor reset is completed for ps7_cortexa9_0
12:25:53 INFO  : Processor reset is completed for ps7_cortexa9_0
12:26:30 INFO  : Processor reset is completed for ps7_cortexa9_0
12:26:34 INFO  : Processor reset is completed for ps7_cortexa9_0
12:27:04 INFO  : Processor reset is completed for ps7_cortexa9_0
12:27:10 INFO  : Processor reset is completed for ps7_cortexa9_0
12:31:03 ERROR : Unexpected error while parsing XMD response ?: com.google.gson.JsonSyntaxException: com.google.gson.stream.MalformedJsonException: invalid number or unquoted string near 
