23:59:17 INFO  : Registering command handlers for SDK TCF services
23:59:19 INFO  : Launching XSCT server: xsct.bat -interactive A:\COMP_ARCH\PYNQ_Projects\Vivado_prj\OCM_readtry\OCM_readtry.sdk\temp_xsdb_launch_script.tcl
23:59:28 INFO  : XSCT server has started successfully.
23:59:32 INFO  : Processing command line option -hwspec A:/COMP_ARCH/PYNQ_Projects/Vivado_prj/OCM_readtry/OCM_readtry.sdk/design_1_wrapper.hdf.
23:59:32 INFO  : Successfully done setting XSCT server connection channel  
23:59:32 INFO  : Successfully done setting SDK workspace  
12:24:38 INFO  : SDK has detected change in the last modified timestamps for source hardware specification file Source:1585196659866,  Project:1585065473528
12:24:38 INFO  : Project design_1_wrapper_hw_platform_0's source hardware specification located at A:/COMP_ARCH/PYNQ_Projects/Vivado_prj/OCM_readtry/OCM_readtry.sdk/design_1_wrapper.hdf is now different from the local copy.
		 The local copy will be replaced with the source specification and your workspace will be updated.
12:24:45 INFO  : Copied contents of A:/COMP_ARCH/PYNQ_Projects/Vivado_prj/OCM_readtry/OCM_readtry.sdk/design_1_wrapper.hdf into \design_1_wrapper_hw_platform_0\system.hdf.
12:24:55 INFO  : Synchronizing projects in the workspace with the hardware platform specification changes.
12:24:56 INFO  : Clearing existing target manager status.
12:25:01 INFO  : Workspace synchronized with the new hardware specification file. Cleaning dependent projects...
12:25:01 WARN  : Linker script will not be updated automatically. Users need to update it manually.
12:25:31 ERROR : Unexpected error while parsing XMD response ?: com.google.gson.JsonSyntaxException: com.google.gson.stream.MalformedJsonException: invalid number or unquoted string near 
12:26:25 INFO  : Registering command handlers for SDK TCF services
12:26:25 INFO  : Launching XSCT server: xsct.bat -interactive A:\COMP_ARCH\PYNQ_Projects\Vivado_prj\OCM_readtry\OCM_readtry.sdk\temp_xsdb_launch_script.tcl
12:26:32 INFO  : XSCT server has started successfully.
12:26:32 INFO  : Successfully done setting XSCT server connection channel  
12:26:40 INFO  : Successfully done setting SDK workspace  
12:26:40 INFO  : Processing command line option -hwspec A:/COMP_ARCH/PYNQ_Projects/Vivado_prj/OCM_readtry/OCM_readtry.sdk/design_1_wrapper.hdf.
12:26:40 INFO  : Checking for hwspec changes in the project design_1_wrapper_hw_platform_0.
12:28:03 INFO  : Registering command handlers for SDK TCF services
12:28:04 INFO  : Launching XSCT server: xsct.bat -interactive A:\COMP_ARCH\PYNQ_Projects\Vivado_prj\OCM_readtry\OCM_readtry.sdk\temp_xsdb_launch_script.tcl
12:28:07 INFO  : XSCT server has started successfully.
12:28:08 INFO  : Processing command line option -hwspec A:/COMP_ARCH/PYNQ_Projects/Vivado_prj/OCM_readtry/OCM_readtry.sdk/design_1_wrapper.hdf.
12:28:08 INFO  : Successfully done setting XSCT server connection channel  
12:28:08 INFO  : Successfully done setting SDK workspace  
12:28:08 INFO  : Checking for hwspec changes in the project design_1_wrapper_hw_platform_0.
12:37:20 INFO  : Registering command handlers for SDK TCF services
12:37:21 INFO  : Launching XSCT server: xsct.bat -interactive A:\COMP_ARCH\PYNQ_Projects\Vivado_prj\OCM_readtry\OCM_readtry.sdk\temp_xsdb_launch_script.tcl
12:37:24 INFO  : XSCT server has started successfully.
12:37:25 INFO  : Successfully done setting XSCT server connection channel  
12:37:25 INFO  : Processing command line option -hwspec A:/COMP_ARCH/PYNQ_Projects/Vivado_prj/OCM_readtry/OCM_readtry.sdk/design_1_wrapper.hdf.
12:37:25 INFO  : Checking for hwspec changes in the project design_1_wrapper_hw_platform_0.
12:37:25 INFO  : Successfully done setting SDK workspace  
12:51:11 ERROR : (XSDB Server)ERROR: [Hsi 55-1594] Core read_ocm of version 1.0 not found in repositories

12:51:11 ERROR : (XSDB Server)ERROR: [Hsi 55-1403] A:/COMP_ARCH/PYNQ_Projects/Vivado_prj/OCM_readtry/OCM_readtry.sdk/ocm_try_bsp/system.mss line 237 - No IP instance named read_ocm_0 present in hardware design
ERROR: [Hsi 55-1452] Error: running open_sw_design.

12:51:11 ERROR :  [Common 17-39] 'hsi::open_sw_design' failed due to earlier errors.
12:51:11 ERROR : (XSDB Server)ERROR: [Hsi 55-1594] Core read_ocm of version 1.0 not found in repositories

12:51:11 ERROR : (XSDB Server)ERROR: [Hsi 55-1403] A:/COMP_ARCH/PYNQ_Projects/Vivado_prj/OCM_readtry/OCM_readtry.sdk/ocm_try_bsp/system.mss line 237 - No IP instance named read_ocm_0 present in hardware design

12:51:11 ERROR : (XSDB Server)ERROR: [Hsi 55-1452] Error: running open_sw_design.

12:51:11 INFO  : Unable to read in MSS file A:\COMP_ARCH\PYNQ_Projects\Vivado_prj\OCM_readtry\OCM_readtry.sdk\ocm_try_bsp\system.mss : null
12:51:11 ERROR : Unexpected error occurred during generating bsp sources
java.lang.reflect.InvocationTargetException
	at org.eclipse.jface.operation.ModalContext.run(ModalContext.java:420)
	at org.eclipse.jface.dialogs.ProgressMonitorDialog.run(ProgressMonitorDialog.java:500)
	at org.eclipse.ui.internal.progress.ProgressMonitorJobsDialog.run(ProgressMonitorJobsDialog.java:284)
	at org.eclipse.ui.internal.progress.ProgressManager$3.run(ProgressManager.java:997)
	at org.eclipse.swt.custom.BusyIndicator.showWhile(BusyIndicator.java:70)
	at org.eclipse.ui.internal.progress.ProgressManager.busyCursorWhile(ProgressManager.java:1032)
	at org.eclipse.ui.internal.progress.ProgressManager.busyCursorWhile(ProgressManager.java:1007)
	at org.eclipse.ui.internal.progress.ProgressManager.run(ProgressManager.java:1208)
	at com.xilinx.sdk.sw.ui.handlers.RegenBspSourcesHandler.execute(RegenBspSourcesHandler.java:124)
	at com.xilinx.sdk.sw.ui.internal.editors.MSSViewer$2.widgetSelected(MSSViewer.java:171)
	at org.eclipse.swt.widgets.TypedListener.handleEvent(TypedListener.java:248)
	at org.eclipse.swt.widgets.EventTable.sendEvent(EventTable.java:84)
	at org.eclipse.swt.widgets.Display.sendEvent(Display.java:4362)
	at org.eclipse.swt.widgets.Widget.sendEvent(Widget.java:1113)
	at org.eclipse.swt.widgets.Display.runDeferredEvents(Display.java:4180)
	at org.eclipse.swt.widgets.Display.readAndDispatch(Display.java:3769)
	at org.eclipse.e4.ui.internal.workbench.swt.PartRenderingEngine$4.run(PartRenderingEngine.java:1127)
	at org.eclipse.core.databinding.observable.Realm.runWithDefault(Realm.java:337)
	at org.eclipse.e4.ui.internal.workbench.swt.PartRenderingEngine.run(PartRenderingEngine.java:1018)
	at org.eclipse.e4.ui.internal.workbench.E4Workbench.createAndRunUI(E4Workbench.java:156)
	at org.eclipse.ui.internal.Workbench$5.run(Workbench.java:654)
	at org.eclipse.core.databinding.observable.Realm.runWithDefault(Realm.java:337)
	at org.eclipse.ui.internal.Workbench.createAndRunWorkbench(Workbench.java:598)
	at org.eclipse.ui.PlatformUI.createAndRunWorkbench(PlatformUI.java:150)
	at org.eclipse.ui.internal.ide.application.IDEApplication.start(IDEApplication.java:139)
	at org.eclipse.equinox.internal.app.EclipseAppHandle.run(EclipseAppHandle.java:196)
	at org.eclipse.core.runtime.internal.adaptor.EclipseAppLauncher.runApplication(EclipseAppLauncher.java:134)
	at org.eclipse.core.runtime.internal.adaptor.EclipseAppLauncher.start(EclipseAppLauncher.java:104)
	at org.eclipse.core.runtime.adaptor.EclipseStarter.run(EclipseStarter.java:380)
	at org.eclipse.core.runtime.adaptor.EclipseStarter.run(EclipseStarter.java:235)
	at sun.reflect.NativeMethodAccessorImpl.invoke0(Native Method)
	at sun.reflect.NativeMethodAccessorImpl.invoke(NativeMethodAccessorImpl.java:62)
	at sun.reflect.DelegatingMethodAccessorImpl.invoke(DelegatingMethodAccessorImpl.java:43)
	at java.lang.reflect.Method.invoke(Method.java:497)
	at org.eclipse.equinox.launcher.Main.invokeFramework(Main.java:669)
	at org.eclipse.equinox.launcher.Main.basicRun(Main.java:608)
	at org.eclipse.equinox.launcher.Main.run(Main.java:1515)
Caused by: java.lang.IllegalArgumentException: Path must include project and resource name: /ocm_try_bsp
	at org.eclipse.core.runtime.Assert.isLegal(Assert.java:63)
	at org.eclipse.core.internal.resources.Workspace.newResource(Workspace.java:2069)
	at org.eclipse.core.internal.resources.Container.getFolder(Container.java:196)
	at com.xilinx.sdk.sw.ui.handlers.RegenBspSourcesHandler.internalGenerateBsp(RegenBspSourcesHandler.java:169)
	at com.xilinx.sdk.sw.ui.handlers.RegenBspSourcesHandler.access$2(RegenBspSourcesHandler.java:163)
	at com.xilinx.sdk.sw.ui.handlers.RegenBspSourcesHandler$1$1.run(RegenBspSourcesHandler.java:131)
	at org.eclipse.core.internal.resources.Workspace.run(Workspace.java:2241)
	at com.xilinx.sdk.sw.ui.handlers.RegenBspSourcesHandler$1.run(RegenBspSourcesHandler.java:135)
	at org.eclipse.jface.operation.ModalContext$ModalContextThread.run(ModalContext.java:119)
12:51:34 ERROR : (XSDB Server)ERROR: [Hsi 55-1594] Core read_ocm of version 1.0 not found in repositories

12:51:34 ERROR : (XSDB Server)ERROR: [Hsi 55-1403] A:/COMP_ARCH/PYNQ_Projects/Vivado_prj/OCM_readtry/OCM_readtry.sdk/ocm_try_bsp/system.mss line 237 - No IP instance named read_ocm_0 present in hardware design
ERROR: [Hsi 55-1452] Error: running open_sw_design.

12:51:34 ERROR :  [Common 17-39] 'hsi::open_sw_design' failed due to earlier errors.
12:51:34 ERROR : (XSDB Server)ERROR: [Hsi 55-1594] Core read_ocm of version 1.0 not found in repositories

12:51:34 ERROR : (XSDB Server)ERROR: [Hsi 55-1403] A:/COMP_ARCH/PYNQ_Projects/Vivado_prj/OCM_readtry/OCM_readtry.sdk/ocm_try_bsp/system.mss line 237 - No IP instance named read_ocm_0 present in hardware design

12:51:34 ERROR : (XSDB Server)ERROR: [Hsi 55-1452] Error: running open_sw_design.

12:51:34 INFO  : Unable to read in MSS file A:\COMP_ARCH\PYNQ_Projects\Vivado_prj\OCM_readtry\OCM_readtry.sdk\ocm_try_bsp\system.mss : null
12:51:34 ERROR : Unexpected error occurred during generating bsp sources
java.lang.reflect.InvocationTargetException
	at org.eclipse.jface.operation.ModalContext.run(ModalContext.java:420)
	at org.eclipse.jface.dialogs.ProgressMonitorDialog.run(ProgressMonitorDialog.java:500)
	at org.eclipse.ui.internal.progress.ProgressMonitorJobsDialog.run(ProgressMonitorJobsDialog.java:284)
	at org.eclipse.ui.internal.progress.ProgressManager$3.run(ProgressManager.java:997)
	at org.eclipse.swt.custom.BusyIndicator.showWhile(BusyIndicator.java:70)
	at org.eclipse.ui.internal.progress.ProgressManager.busyCursorWhile(ProgressManager.java:1032)
	at org.eclipse.ui.internal.progress.ProgressManager.busyCursorWhile(ProgressManager.java:1007)
	at org.eclipse.ui.internal.progress.ProgressManager.run(ProgressManager.java:1208)
	at com.xilinx.sdk.sw.ui.handlers.RegenBspSourcesHandler.execute(RegenBspSourcesHandler.java:124)
	at com.xilinx.sdk.sw.ui.internal.editors.MSSViewer$2.widgetSelected(MSSViewer.java:171)
	at org.eclipse.swt.widgets.TypedListener.handleEvent(TypedListener.java:248)
	at org.eclipse.swt.widgets.EventTable.sendEvent(EventTable.java:84)
	at org.eclipse.swt.widgets.Display.sendEvent(Display.java:4362)
	at org.eclipse.swt.widgets.Widget.sendEvent(Widget.java:1113)
	at org.eclipse.swt.widgets.Display.runDeferredEvents(Display.java:4180)
	at org.eclipse.swt.widgets.Display.readAndDispatch(Display.java:3769)
	at org.eclipse.e4.ui.internal.workbench.swt.PartRenderingEngine$4.run(PartRenderingEngine.java:1127)
	at org.eclipse.core.databinding.observable.Realm.runWithDefault(Realm.java:337)
	at org.eclipse.e4.ui.internal.workbench.swt.PartRenderingEngine.run(PartRenderingEngine.java:1018)
	at org.eclipse.e4.ui.internal.workbench.E4Workbench.createAndRunUI(E4Workbench.java:156)
	at org.eclipse.ui.internal.Workbench$5.run(Workbench.java:654)
	at org.eclipse.core.databinding.observable.Realm.runWithDefault(Realm.java:337)
	at org.eclipse.ui.internal.Workbench.createAndRunWorkbench(Workbench.java:598)
	at org.eclipse.ui.PlatformUI.createAndRunWorkbench(PlatformUI.java:150)
	at org.eclipse.ui.internal.ide.application.IDEApplication.start(IDEApplication.java:139)
	at org.eclipse.equinox.internal.app.EclipseAppHandle.run(EclipseAppHandle.java:196)
	at org.eclipse.core.runtime.internal.adaptor.EclipseAppLauncher.runApplication(EclipseAppLauncher.java:134)
	at org.eclipse.core.runtime.internal.adaptor.EclipseAppLauncher.start(EclipseAppLauncher.java:104)
	at org.eclipse.core.runtime.adaptor.EclipseStarter.run(EclipseStarter.java:380)
	at org.eclipse.core.runtime.adaptor.EclipseStarter.run(EclipseStarter.java:235)
	at sun.reflect.NativeMethodAccessorImpl.invoke0(Native Method)
	at sun.reflect.NativeMethodAccessorImpl.invoke(NativeMethodAccessorImpl.java:62)
	at sun.reflect.DelegatingMethodAccessorImpl.invoke(DelegatingMethodAccessorImpl.java:43)
	at java.lang.reflect.Method.invoke(Method.java:497)
	at org.eclipse.equinox.launcher.Main.invokeFramework(Main.java:669)
	at org.eclipse.equinox.launcher.Main.basicRun(Main.java:608)
	at org.eclipse.equinox.launcher.Main.run(Main.java:1515)
Caused by: java.lang.IllegalArgumentException: Path must include project and resource name: /ocm_try_bsp
	at org.eclipse.core.runtime.Assert.isLegal(Assert.java:63)
	at org.eclipse.core.internal.resources.Workspace.newResource(Workspace.java:2069)
	at org.eclipse.core.internal.resources.Container.getFolder(Container.java:196)
	at com.xilinx.sdk.sw.ui.handlers.RegenBspSourcesHandler.internalGenerateBsp(RegenBspSourcesHandler.java:169)
	at com.xilinx.sdk.sw.ui.handlers.RegenBspSourcesHandler.access$2(RegenBspSourcesHandler.java:163)
	at com.xilinx.sdk.sw.ui.handlers.RegenBspSourcesHandler$1$1.run(RegenBspSourcesHandler.java:131)
	at org.eclipse.core.internal.resources.Workspace.run(Workspace.java:2241)
	at com.xilinx.sdk.sw.ui.handlers.RegenBspSourcesHandler$1.run(RegenBspSourcesHandler.java:135)
	at org.eclipse.jface.operation.ModalContext$ModalContextThread.run(ModalContext.java:119)
12:55:28 INFO  : Launching XSCT server: xsct.bat -interactive A:\COMP_ARCH\PYNQ_Projects\Vivado_prj\OCM_readtry\OCM_readtry.sdk\temp_xsdb_launch_script.tcl
12:55:31 INFO  : XSCT server has started successfully.
12:55:34 INFO  : Successfully done setting XSCT server connection channel  
12:55:34 INFO  : Successfully done setting SDK workspace  
12:55:38 ERROR : (XSDB Server)ERROR: [Hsi 55-1594] Core read_ocm of version 1.0 not found in repositories
ERROR: [Hsi 55-1403] A:/COMP_ARCH/PYNQ_Projects/Vivado_prj/OCM_readtry/OCM_readtry.sdk/ocm_try_bsp/system.mss line 105 - No IP instance named read_ocm_0 present in hardware design

12:55:38 ERROR : (XSDB Server)ERROR: [Hsi 55-1452] Error: running open_sw_design.

12:55:38 ERROR :  [Common 17-39] 'hsi::open_sw_design' failed due to earlier errors.
12:55:38 ERROR : (XSDB Server)ERROR: [Hsi 55-1594] Core read_ocm of version 1.0 not found in repositories

12:55:38 ERROR : (XSDB Server)ERROR: [Hsi 55-1403] A:/COMP_ARCH/PYNQ_Projects/Vivado_prj/OCM_readtry/OCM_readtry.sdk/ocm_try_bsp/system.mss line 105 - No IP instance named read_ocm_0 present in hardware design

12:55:38 ERROR : (XSDB Server)ERROR: [Hsi 55-1452] Error: running open_sw_design.

12:55:38 INFO  : Unable to read in MSS file A:\COMP_ARCH\PYNQ_Projects\Vivado_prj\OCM_readtry\OCM_readtry.sdk\ocm_try_bsp\system.mss : null
12:55:38 ERROR : (XSDB Server)ERROR: [Hsi 55-1594] Core read_ocm of version 1.0 not found in repositories

12:55:38 ERROR : (XSDB Server)ERROR: [Hsi 55-1403] A:/COMP_ARCH/PYNQ_Projects/Vivado_prj/OCM_readtry/OCM_readtry.sdk/ocm_try_bsp/system.mss line 105 - No IP instance named read_ocm_0 present in hardware design

12:55:38 ERROR : (XSDB Server)ERROR: [Hsi 55-1452] Error: running open_sw_design.

12:55:38 ERROR : (XSDB Server)ERROR: [Hsi 55-1594] Core read_ocm of version 1.0 not found in repositories

12:55:38 ERROR : (XSDB Server)ERROR: [Hsi 55-1403] A:/COMP_ARCH/PYNQ_Projects/Vivado_prj/OCM_readtry/OCM_readtry.sdk/ocm_try_bsp/system.mss line 105 - No IP instance named read_ocm_0 present in hardware design

12:55:38 ERROR : (XSDB Server)ERROR: [Hsi 55-1452] Error: running open_sw_design.

12:55:40 ERROR : (XSDB Server)ERROR: [Hsi 55-1594] Core read_ocm of version 1.0 not found in repositories
ERROR: [Hsi 55-1403] A:/COMP_ARCH/PYNQ_Projects/Vivado_prj/OCM_readtry/OCM_readtry.sdk/ocm_try_bsp/system.mss line 105 - No IP instance named read_ocm_0 present in hardware design

12:55:40 ERROR : (XSDB Server)ERROR: [Hsi 55-1452] Error: running open_sw_design.

12:55:40 ERROR :  [Common 17-39] 'hsi::open_sw_design' failed due to earlier errors.
12:55:40 ERROR : (XSDB Server)ERROR: [Hsi 55-1594] Core read_ocm of version 1.0 not found in repositories

12:55:40 ERROR : (XSDB Server)ERROR: [Hsi 55-1403] A:/COMP_ARCH/PYNQ_Projects/Vivado_prj/OCM_readtry/OCM_readtry.sdk/ocm_try_bsp/system.mss line 105 - No IP instance named read_ocm_0 present in hardware design

12:55:40 ERROR : (XSDB Server)ERROR: [Hsi 55-1452] Error: running open_sw_design.

12:55:40 INFO  : Unable to read in MSS file A:\COMP_ARCH\PYNQ_Projects\Vivado_prj\OCM_readtry\OCM_readtry.sdk\ocm_try_bsp\system.mss : null
12:55:40 ERROR : (XSDB Server)ERROR: [Hsi 55-1594] Core read_ocm of version 1.0 not found in repositories
ERROR: [Hsi 55-1403] A:/COMP_ARCH/PYNQ_Projects/Vivado_prj/OCM_readtry/OCM_readtry.sdk/ocm_try_bsp/system.mss line 105 - No IP instance named read_ocm_0 present in hardware design

12:55:40 ERROR : (XSDB Server)ERROR: [Hsi 55-1452] Error: running open_sw_design.

12:55:40 ERROR : Failed to closesw "A:/COMP_ARCH/PYNQ_Projects/Vivado_prj/OCM_readtry/OCM_readtry.sdk/ocm_try_bsp/system.mss"
Reason: Cannot close sw design 'A:/COMP_ARCH/PYNQ_Projects/Vivado_prj/OCM_readtry/OCM_readtry.sdk/ocm_try_bsp/system.mss'.
Design is not opened in the current session.


12:55:41 INFO  : Registering command handlers for SDK TCF services
12:55:41 INFO  : Processing command line option -hwspec A:/COMP_ARCH/PYNQ_Projects/Vivado_prj/OCM_readtry/OCM_readtry.sdk/design_1_wrapper.hdf.
12:55:43 INFO  : Checking for hwspec changes in the project design_1_wrapper_hw_platform_0.
12:56:34 ERROR : (XSDB Server)ERROR: [Hsi 55-1594] Core read_ocm of version 1.0 not found in repositories

12:56:34 ERROR : (XSDB Server)ERROR: [Hsi 55-1403] A:/COMP_ARCH/PYNQ_Projects/Vivado_prj/OCM_readtry/OCM_readtry.sdk/ocm_try_bsp/system.mss line 105 - No IP instance named read_ocm_0 present in hardware design
ERROR: [Hsi 55-1452] Error: running open_sw_design.

12:56:34 ERROR :  [Common 17-39] 'hsi::open_sw_design' failed due to earlier errors.
12:56:34 ERROR : (XSDB Server)ERROR: [Hsi 55-1594] Core read_ocm of version 1.0 not found in repositories

12:56:34 ERROR : (XSDB Server)ERROR: [Hsi 55-1403] A:/COMP_ARCH/PYNQ_Projects/Vivado_prj/OCM_readtry/OCM_readtry.sdk/ocm_try_bsp/system.mss line 105 - No IP instance named read_ocm_0 present in hardware design

12:56:34 ERROR : (XSDB Server)ERROR: [Hsi 55-1452] Error: running open_sw_design.

12:56:34 INFO  : Unable to read in MSS file A:\COMP_ARCH\PYNQ_Projects\Vivado_prj\OCM_readtry\OCM_readtry.sdk\ocm_try_bsp\system.mss : null
12:56:34 ERROR : (XSDB Server)ERROR: [Hsi 55-1594] Core read_ocm of version 1.0 not found in repositories

12:56:34 ERROR : (XSDB Server)ERROR: [Hsi 55-1403] A:/COMP_ARCH/PYNQ_Projects/Vivado_prj/OCM_readtry/OCM_readtry.sdk/ocm_try_bsp/system.mss line 105 - No IP instance named read_ocm_0 present in hardware design

12:56:34 ERROR : (XSDB Server)ERROR: [Hsi 55-1452] Error: running open_sw_design.

12:56:34 ERROR : (XSDB Server)ERROR: [Hsi 55-1594] Core read_ocm of version 1.0 not found in repositories

12:56:34 ERROR : (XSDB Server)ERROR: [Hsi 55-1403] A:/COMP_ARCH/PYNQ_Projects/Vivado_prj/OCM_readtry/OCM_readtry.sdk/ocm_try_bsp/system.mss line 105 - No IP instance named read_ocm_0 present in hardware design

12:56:34 ERROR : (XSDB Server)ERROR: [Hsi 55-1452] Error: running open_sw_design.

12:56:34 ERROR : Failed to get_connected_periphs
Reason: ERROR: [Common 17-55] 'get_property' expects at least one object.
Resolution: If [get_<value>] was used to populate the object, check to make sure this command returns at least one valid object.

12:56:36 ERROR : (XSDB Server)ERROR: [Hsi 55-1594] Core read_ocm of version 1.0 not found in repositories

12:56:36 ERROR : (XSDB Server)ERROR: [Hsi 55-1403] A:/COMP_ARCH/PYNQ_Projects/Vivado_prj/OCM_readtry/OCM_readtry.sdk/ocm_try_bsp/system.mss line 105 - No IP instance named read_ocm_0 present in hardware design
ERROR: [Hsi 55-1452] Error: running open_sw_design.

12:56:36 ERROR :  [Common 17-39] 'hsi::open_sw_design' failed due to earlier errors.
12:56:36 ERROR : (XSDB Server)ERROR: [Hsi 55-1594] Core read_ocm of version 1.0 not found in repositories

12:56:36 ERROR : (XSDB Server)ERROR: [Hsi 55-1403] A:/COMP_ARCH/PYNQ_Projects/Vivado_prj/OCM_readtry/OCM_readtry.sdk/ocm_try_bsp/system.mss line 105 - No IP instance named read_ocm_0 present in hardware design

12:56:36 ERROR : (XSDB Server)ERROR: [Hsi 55-1452] Error: running open_sw_design.

12:56:36 INFO  : Unable to read in MSS file A:\COMP_ARCH\PYNQ_Projects\Vivado_prj\OCM_readtry\OCM_readtry.sdk\ocm_try_bsp\system.mss : null
12:56:36 ERROR : (XSDB Server)ERROR: [Hsi 55-1594] Core read_ocm of version 1.0 not found in repositories

12:56:36 ERROR : (XSDB Server)ERROR: [Hsi 55-1403] A:/COMP_ARCH/PYNQ_Projects/Vivado_prj/OCM_readtry/OCM_readtry.sdk/ocm_try_bsp/system.mss line 105 - No IP instance named read_ocm_0 present in hardware design

12:56:36 ERROR : (XSDB Server)ERROR: [Hsi 55-1452] Error: running open_sw_design.

12:56:37 ERROR : (XSDB Server)ERROR: [Hsi 55-1594] Core read_ocm of version 1.0 not found in repositories

12:56:37 ERROR : (XSDB Server)ERROR: [Hsi 55-1403] A:/COMP_ARCH/PYNQ_Projects/Vivado_prj/OCM_readtry/OCM_readtry.sdk/ocm_try_bsp/system.mss line 105 - No IP instance named read_ocm_0 present in hardware design

12:56:37 ERROR : (XSDB Server)ERROR: [Hsi 55-1452] Error: running open_sw_design.

12:56:38 ERROR : (XSDB Server)ERROR: [Hsi 55-1594] Core read_ocm of version 1.0 not found in repositories

12:56:38 ERROR : (XSDB Server)ERROR: [Hsi 55-1403] A:/COMP_ARCH/PYNQ_Projects/Vivado_prj/OCM_readtry/OCM_readtry.sdk/ocm_try_bsp/system.mss line 105 - No IP instance named read_ocm_0 present in hardware design
ERROR: [Hsi 55-1452] Error: running open_sw_design.

12:56:38 ERROR :  [Common 17-39] 'hsi::open_sw_design' failed due to earlier errors.
12:56:38 ERROR : (XSDB Server)ERROR: [Hsi 55-1594] Core read_ocm of version 1.0 not found in repositories

12:56:38 ERROR : (XSDB Server)ERROR: [Hsi 55-1403] A:/COMP_ARCH/PYNQ_Projects/Vivado_prj/OCM_readtry/OCM_readtry.sdk/ocm_try_bsp/system.mss line 105 - No IP instance named read_ocm_0 present in hardware design

12:56:38 ERROR : (XSDB Server)ERROR: [Hsi 55-1452] Error: running open_sw_design.

12:56:38 INFO  : Unable to read in MSS file A:\COMP_ARCH\PYNQ_Projects\Vivado_prj\OCM_readtry\OCM_readtry.sdk\ocm_try_bsp\system.mss : null
12:56:38 ERROR : (XSDB Server)ERROR: [Hsi 55-1594] Core read_ocm of version 1.0 not found in repositories

12:56:38 ERROR : (XSDB Server)ERROR: [Hsi 55-1403] A:/COMP_ARCH/PYNQ_Projects/Vivado_prj/OCM_readtry/OCM_readtry.sdk/ocm_try_bsp/system.mss line 105 - No IP instance named read_ocm_0 present in hardware design

12:56:38 ERROR : (XSDB Server)ERROR: [Hsi 55-1452] Error: running open_sw_design.

12:56:38 ERROR : Failed to closesw "A:/COMP_ARCH/PYNQ_Projects/Vivado_prj/OCM_readtry/OCM_readtry.sdk/ocm_try_bsp/system.mss"
Reason: Cannot close sw design 'A:/COMP_ARCH/PYNQ_Projects/Vivado_prj/OCM_readtry/OCM_readtry.sdk/ocm_try_bsp/system.mss'.
Design is not opened in the current session.


