#-----------------------------------------------------------
# xsim v2016.3 (64-bit)
# SW Build 1682563 on Mon Oct 10 19:07:27 MDT 2016
# IP Build 1681267 on Mon Oct 10 21:28:31 MDT 2016
# Start of session at: Wed Apr 15 19:29:38 2020
# Process ID: 13416
# Current directory: A:/COMP_ARCH/PYNQ_Projects/HLS_proj/proj_11_voidReturn_prefetch_kernel/prefetch_RetVoid/solution1/sim/verilog
# Command line: xsim.exe -mode tcl -source {xsim.dir/fetch_Retvoid/xsim_script.tcl}
# Log file: A:/COMP_ARCH/PYNQ_Projects/HLS_proj/proj_11_voidReturn_prefetch_kernel/prefetch_RetVoid/solution1/sim/verilog/xsim.log
# Journal file: A:/COMP_ARCH/PYNQ_Projects/HLS_proj/proj_11_voidReturn_prefetch_kernel/prefetch_RetVoid/solution1/sim/verilog\xsim.jou
#-----------------------------------------------------------
source xsim.dir/fetch_Retvoid/xsim_script.tcl
# xsim {fetch_Retvoid} -autoloadwcfg -tclbatch {fetch_Retvoid.tcl}
Vivado Simulator 2016.3
Time resolution is 1 ps
source fetch_Retvoid.tcl
## run all
////////////////////////////////////////////////////////////////////////////////////
// Inter-Transaction Progress: Completed Transaction / Total Transaction
// Intra-Transaction Progress: Measured Latency / Latency Estimation * 100%
//
// RTL Simulation : "Inter-Transaction Progress" ["Intra-Transaction Progress"] @ "Simulation Time"
////////////////////////////////////////////////////////////////////////////////////
// RTL Simulation : 0 / 1 [0.00%] @ "125000"
// RTL Simulation : 1 / 1 [0.00%] @ "17921695000"
////////////////////////////////////////////////////////////////////////////////////
$finish called at time : 17921735 ns : File "A:/COMP_ARCH/PYNQ_Projects/HLS_proj/proj_11_voidReturn_prefetch_kernel/prefetch_RetVoid/solution1/sim/verilog/fetch_Retvoid.autotb.v" Line 426
run: Time (s): cpu = 00:00:00 ; elapsed = 03:25:36 . Memory (MB): peak = 207.098 ; gain = 0.000
## quit
INFO: [Common 17-206] Exiting xsim at Wed Apr 15 22:55:21 2020...
