
*** Running vivado
    with args -log design_1_auto_pc_0.vds -m64 -product Vivado -mode batch -messageDb vivado.pb -notrace -source design_1_auto_pc_0.tcl


****** Vivado v2016.3 (64-bit)
  **** SW Build 1682563 on Mon Oct 10 19:07:27 MDT 2016
  **** IP Build 1681267 on Mon Oct 10 21:28:31 MDT 2016
    ** Copyright 1986-2016 Xilinx, Inc. All Rights Reserved.

source design_1_auto_pc_0.tcl -notrace
Starting RTL Elaboration : Time (s): cpu = 00:00:18 ; elapsed = 00:00:23 . Memory (MB): peak = 344.504 ; gain = 134.992
INFO: [Synth 8-638] synthesizing module 'design_1_auto_pc_0' [a:/COMP_ARCH/PYNQ_Projects/Vivado_prj/skip_list_prefetch/skip_list_prefetch.srcs/sources_1/bd/design_1/ip/design_1_auto_pc_0/synth/design_1_auto_pc_0.v:58]
INFO: [Synth 8-638] synthesizing module 'axi_protocol_converter_v2_1_10_axi_protocol_converter' [a:/COMP_ARCH/PYNQ_Projects/Vivado_prj/skip_list_prefetch/skip_list_prefetch.srcs/sources_1/bd/design_1/ipshared/4a8b/hdl/axi_protocol_converter_v2_1_vl_rfs.v:4806]
INFO: [Synth 8-638] synthesizing module 'axi_protocol_converter_v2_1_10_axi3_conv' [a:/COMP_ARCH/PYNQ_Projects/Vivado_prj/skip_list_prefetch/skip_list_prefetch.srcs/sources_1/bd/design_1/ipshared/4a8b/hdl/axi_protocol_converter_v2_1_vl_rfs.v:954]
INFO: [Synth 8-638] synthesizing module 'axi_protocol_converter_v2_1_10_a_axi3_conv' [a:/COMP_ARCH/PYNQ_Projects/Vivado_prj/skip_list_prefetch/skip_list_prefetch.srcs/sources_1/bd/design_1/ipshared/4a8b/hdl/axi_protocol_converter_v2_1_vl_rfs.v:62]
INFO: [Synth 8-638] synthesizing module 'axi_data_fifo_v2_1_9_axic_fifo' [a:/COMP_ARCH/PYNQ_Projects/Vivado_prj/skip_list_prefetch/skip_list_prefetch.srcs/sources_1/bd/design_1/ipshared/10b8/hdl/axi_data_fifo_v2_1_vl_rfs.v:64]
INFO: [Synth 8-638] synthesizing module 'axi_data_fifo_v2_1_9_fifo_gen' [a:/COMP_ARCH/PYNQ_Projects/Vivado_prj/skip_list_prefetch/skip_list_prefetch.srcs/sources_1/bd/design_1/ipshared/10b8/hdl/axi_data_fifo_v2_1_vl_rfs.v:168]
INFO: [Synth 8-256] done synthesizing module 'axi_data_fifo_v2_1_9_fifo_gen' (19#1) [a:/COMP_ARCH/PYNQ_Projects/Vivado_prj/skip_list_prefetch/skip_list_prefetch.srcs/sources_1/bd/design_1/ipshared/10b8/hdl/axi_data_fifo_v2_1_vl_rfs.v:168]
INFO: [Synth 8-256] done synthesizing module 'axi_data_fifo_v2_1_9_axic_fifo' (20#1) [a:/COMP_ARCH/PYNQ_Projects/Vivado_prj/skip_list_prefetch/skip_list_prefetch.srcs/sources_1/bd/design_1/ipshared/10b8/hdl/axi_data_fifo_v2_1_vl_rfs.v:64]
INFO: [Synth 8-256] done synthesizing module 'axi_protocol_converter_v2_1_10_a_axi3_conv' (21#1) [a:/COMP_ARCH/PYNQ_Projects/Vivado_prj/skip_list_prefetch/skip_list_prefetch.srcs/sources_1/bd/design_1/ipshared/4a8b/hdl/axi_protocol_converter_v2_1_vl_rfs.v:62]
INFO: [Synth 8-638] synthesizing module 'axi_protocol_converter_v2_1_10_w_axi3_conv' [a:/COMP_ARCH/PYNQ_Projects/Vivado_prj/skip_list_prefetch/skip_list_prefetch.srcs/sources_1/bd/design_1/ipshared/4a8b/hdl/axi_protocol_converter_v2_1_vl_rfs.v:2004]
INFO: [Synth 8-256] done synthesizing module 'axi_protocol_converter_v2_1_10_w_axi3_conv' (22#1) [a:/COMP_ARCH/PYNQ_Projects/Vivado_prj/skip_list_prefetch/skip_list_prefetch.srcs/sources_1/bd/design_1/ipshared/4a8b/hdl/axi_protocol_converter_v2_1_vl_rfs.v:2004]
INFO: [Synth 8-256] done synthesizing module 'axi_protocol_converter_v2_1_10_axi3_conv' (23#1) [a:/COMP_ARCH/PYNQ_Projects/Vivado_prj/skip_list_prefetch/skip_list_prefetch.srcs/sources_1/bd/design_1/ipshared/4a8b/hdl/axi_protocol_converter_v2_1_vl_rfs.v:954]
INFO: [Synth 8-256] done synthesizing module 'axi_protocol_converter_v2_1_10_axi_protocol_converter' (24#1) [a:/COMP_ARCH/PYNQ_Projects/Vivado_prj/skip_list_prefetch/skip_list_prefetch.srcs/sources_1/bd/design_1/ipshared/4a8b/hdl/axi_protocol_converter_v2_1_vl_rfs.v:4806]
INFO: [Synth 8-256] done synthesizing module 'design_1_auto_pc_0' (25#1) [a:/COMP_ARCH/PYNQ_Projects/Vivado_prj/skip_list_prefetch/skip_list_prefetch.srcs/sources_1/bd/design_1/ip/design_1_auto_pc_0/synth/design_1_auto_pc_0.v:58]
Finished RTL Elaboration : Time (s): cpu = 00:01:10 ; elapsed = 00:01:18 . Memory (MB): peak = 460.758 ; gain = 251.246
Finished RTL Optimization Phase 1 : Time (s): cpu = 00:01:10 ; elapsed = 00:01:19 . Memory (MB): peak = 460.758 ; gain = 251.246
INFO: [Device 21-403] Loading part xc7z020clg400-1
Constraint Validation Runtime : Time (s): cpu = 00:00:00 ; elapsed = 00:00:00.060 . Memory (MB): peak = 705.406 ; gain = 0.023
Finished Constraint Validation : Time (s): cpu = 00:01:27 ; elapsed = 00:01:38 . Memory (MB): peak = 705.406 ; gain = 495.895
Finished Loading Part and Timing Information : Time (s): cpu = 00:01:27 ; elapsed = 00:01:38 . Memory (MB): peak = 705.406 ; gain = 495.895
Finished applying 'set_property' XDC Constraints : Time (s): cpu = 00:01:27 ; elapsed = 00:01:38 . Memory (MB): peak = 705.406 ; gain = 495.895
Finished RTL Optimization Phase 2 : Time (s): cpu = 00:01:28 ; elapsed = 00:01:40 . Memory (MB): peak = 705.406 ; gain = 495.895
Finished Cross Boundary and Area Optimization : Time (s): cpu = 00:01:30 ; elapsed = 00:01:41 . Memory (MB): peak = 705.406 ; gain = 495.895
---------------------------------------------------------------------------------
Start ROM, RAM, DSP and Shift Register Reporting
---------------------------------------------------------------------------------

Distributed RAM: Preliminary Mapping  Report (see note below)
+-----------------------+-------------------------------------------------------------------------------+----------------+----------------------+--------------+
|Module Name            | RTL Object                                                                    | Inference      | Size (Depth x Width) | Primitives   | 
+-----------------------+-------------------------------------------------------------------------------+----------------+----------------------+--------------+
|fifo_generator_v13_1_2 | inst_fifo_gen/gconvfifo.rf/grf.rf/gntv_or_sync_fifo.mem/gdm.dm_gen.dm/RAM_reg | User Attribute | 32 x 5               | RAM32M x 1   | 
+-----------------------+-------------------------------------------------------------------------------+----------------+----------------------+--------------+

Note: The table above is a preliminary report that shows the Distributed RAMs at the current stage of the synthesis flow. Some Distributed RAMs may be reimplemented as non Distributed RAM primitives later in the synthesis flow. Multiple instantiated RAMs are reported only once.
---------------------------------------------------------------------------------
Finished ROM, RAM, DSP and Shift Register Reporting
---------------------------------------------------------------------------------
Finished Applying XDC Timing Constraints : Time (s): cpu = 00:01:47 ; elapsed = 00:01:59 . Memory (MB): peak = 705.406 ; gain = 495.895
Finished Timing Optimization : Time (s): cpu = 00:01:48 ; elapsed = 00:02:00 . Memory (MB): peak = 705.406 ; gain = 495.895
Finished Technology Mapping : Time (s): cpu = 00:01:48 ; elapsed = 00:02:00 . Memory (MB): peak = 705.406 ; gain = 495.895
Finished IO Insertion : Time (s): cpu = 00:01:49 ; elapsed = 00:02:01 . Memory (MB): peak = 705.406 ; gain = 495.895
Finished Renaming Generated Instances : Time (s): cpu = 00:01:49 ; elapsed = 00:02:01 . Memory (MB): peak = 705.406 ; gain = 495.895
Finished Rebuilding User Hierarchy : Time (s): cpu = 00:01:49 ; elapsed = 00:02:01 . Memory (MB): peak = 705.406 ; gain = 495.895
Finished Renaming Generated Ports : Time (s): cpu = 00:01:49 ; elapsed = 00:02:01 . Memory (MB): peak = 705.406 ; gain = 495.895
Finished Handling Custom Attributes : Time (s): cpu = 00:01:49 ; elapsed = 00:02:01 . Memory (MB): peak = 705.406 ; gain = 495.895
Finished Renaming Generated Nets : Time (s): cpu = 00:01:49 ; elapsed = 00:02:01 . Memory (MB): peak = 705.406 ; gain = 495.895

Report Cell Usage: 
+------+-------+------+
|      |Cell   |Count |
+------+-------+------+
|1     |LUT1   |     5|
|2     |LUT2   |     7|
|3     |LUT3   |    12|
|4     |LUT4   |    11|
|5     |LUT5   |    10|
|6     |LUT6   |    16|
|7     |RAM32M |     1|
|8     |FDCE   |    23|
|9     |FDPE   |    21|
|10    |FDRE   |    83|
|11    |FDSE   |     1|
+------+-------+------+
Finished Writing Synthesis Report : Time (s): cpu = 00:01:49 ; elapsed = 00:02:01 . Memory (MB): peak = 705.406 ; gain = 495.895
synth_design: Time (s): cpu = 00:01:44 ; elapsed = 00:01:52 . Memory (MB): peak = 705.406 ; gain = 445.137
