
*** Running vivado
    with args -log design_1_auto_pc_1.vds -m64 -product Vivado -mode batch -messageDb vivado.pb -notrace -source design_1_auto_pc_1.tcl


****** Vivado v2016.3 (64-bit)
  **** SW Build 1682563 on Mon Oct 10 19:07:27 MDT 2016
  **** IP Build 1681267 on Mon Oct 10 21:28:31 MDT 2016
    ** Copyright 1986-2016 Xilinx, Inc. All Rights Reserved.

source design_1_auto_pc_1.tcl -notrace
Starting RTL Elaboration : Time (s): cpu = 00:00:16 ; elapsed = 00:00:22 . Memory (MB): peak = 344.570 ; gain = 134.383
INFO: [Synth 8-638] synthesizing module 'design_1_auto_pc_1' [a:/COMP_ARCH/PYNQ_Projects/Vivado_prj/prefetch_log/prefetch_log.srcs/sources_1/bd/design_1/ip/design_1_auto_pc_1/synth/design_1_auto_pc_1.v:58]
INFO: [Synth 8-638] synthesizing module 'axi_protocol_converter_v2_1_10_axi_protocol_converter' [a:/COMP_ARCH/PYNQ_Projects/Vivado_prj/prefetch_log/prefetch_log.srcs/sources_1/bd/design_1/ipshared/4a8b/hdl/axi_protocol_converter_v2_1_vl_rfs.v:4806]
INFO: [Synth 8-638] synthesizing module 'axi_protocol_converter_v2_1_10_axi3_conv' [a:/COMP_ARCH/PYNQ_Projects/Vivado_prj/prefetch_log/prefetch_log.srcs/sources_1/bd/design_1/ipshared/4a8b/hdl/axi_protocol_converter_v2_1_vl_rfs.v:954]
INFO: [Synth 8-638] synthesizing module 'axi_protocol_converter_v2_1_10_b_downsizer' [a:/COMP_ARCH/PYNQ_Projects/Vivado_prj/prefetch_log/prefetch_log.srcs/sources_1/bd/design_1/ipshared/4a8b/hdl/axi_protocol_converter_v2_1_vl_rfs.v:2276]
INFO: [Synth 8-256] done synthesizing module 'axi_protocol_converter_v2_1_10_b_downsizer' (1#1) [a:/COMP_ARCH/PYNQ_Projects/Vivado_prj/prefetch_log/prefetch_log.srcs/sources_1/bd/design_1/ipshared/4a8b/hdl/axi_protocol_converter_v2_1_vl_rfs.v:2276]
INFO: [Synth 8-638] synthesizing module 'axi_protocol_converter_v2_1_10_a_axi3_conv' [a:/COMP_ARCH/PYNQ_Projects/Vivado_prj/prefetch_log/prefetch_log.srcs/sources_1/bd/design_1/ipshared/4a8b/hdl/axi_protocol_converter_v2_1_vl_rfs.v:62]
INFO: [Synth 8-638] synthesizing module 'axi_data_fifo_v2_1_9_axic_fifo' [a:/COMP_ARCH/PYNQ_Projects/Vivado_prj/prefetch_log/prefetch_log.srcs/sources_1/bd/design_1/ipshared/10b8/hdl/axi_data_fifo_v2_1_vl_rfs.v:64]
INFO: [Synth 8-638] synthesizing module 'axi_data_fifo_v2_1_9_fifo_gen' [a:/COMP_ARCH/PYNQ_Projects/Vivado_prj/prefetch_log/prefetch_log.srcs/sources_1/bd/design_1/ipshared/10b8/hdl/axi_data_fifo_v2_1_vl_rfs.v:168]
INFO: [Synth 8-256] done synthesizing module 'axi_data_fifo_v2_1_9_fifo_gen' (20#1) [a:/COMP_ARCH/PYNQ_Projects/Vivado_prj/prefetch_log/prefetch_log.srcs/sources_1/bd/design_1/ipshared/10b8/hdl/axi_data_fifo_v2_1_vl_rfs.v:168]
INFO: [Synth 8-256] done synthesizing module 'axi_data_fifo_v2_1_9_axic_fifo' (21#1) [a:/COMP_ARCH/PYNQ_Projects/Vivado_prj/prefetch_log/prefetch_log.srcs/sources_1/bd/design_1/ipshared/10b8/hdl/axi_data_fifo_v2_1_vl_rfs.v:64]
INFO: [Synth 8-256] done synthesizing module 'axi_protocol_converter_v2_1_10_a_axi3_conv' (22#1) [a:/COMP_ARCH/PYNQ_Projects/Vivado_prj/prefetch_log/prefetch_log.srcs/sources_1/bd/design_1/ipshared/4a8b/hdl/axi_protocol_converter_v2_1_vl_rfs.v:62]
INFO: [Synth 8-638] synthesizing module 'axi_protocol_converter_v2_1_10_w_axi3_conv' [a:/COMP_ARCH/PYNQ_Projects/Vivado_prj/prefetch_log/prefetch_log.srcs/sources_1/bd/design_1/ipshared/4a8b/hdl/axi_protocol_converter_v2_1_vl_rfs.v:2004]
INFO: [Synth 8-256] done synthesizing module 'axi_protocol_converter_v2_1_10_w_axi3_conv' (23#1) [a:/COMP_ARCH/PYNQ_Projects/Vivado_prj/prefetch_log/prefetch_log.srcs/sources_1/bd/design_1/ipshared/4a8b/hdl/axi_protocol_converter_v2_1_vl_rfs.v:2004]
INFO: [Synth 8-638] synthesizing module 'axi_protocol_converter_v2_1_10_a_axi3_conv__parameterized0' [a:/COMP_ARCH/PYNQ_Projects/Vivado_prj/prefetch_log/prefetch_log.srcs/sources_1/bd/design_1/ipshared/4a8b/hdl/axi_protocol_converter_v2_1_vl_rfs.v:62]
INFO: [Synth 8-638] synthesizing module 'axi_data_fifo_v2_1_9_axic_fifo__parameterized0' [a:/COMP_ARCH/PYNQ_Projects/Vivado_prj/prefetch_log/prefetch_log.srcs/sources_1/bd/design_1/ipshared/10b8/hdl/axi_data_fifo_v2_1_vl_rfs.v:64]
INFO: [Synth 8-638] synthesizing module 'axi_data_fifo_v2_1_9_fifo_gen__parameterized0' [a:/COMP_ARCH/PYNQ_Projects/Vivado_prj/prefetch_log/prefetch_log.srcs/sources_1/bd/design_1/ipshared/10b8/hdl/axi_data_fifo_v2_1_vl_rfs.v:168]
INFO: [Synth 8-256] done synthesizing module 'axi_data_fifo_v2_1_9_fifo_gen__parameterized0' (23#1) [a:/COMP_ARCH/PYNQ_Projects/Vivado_prj/prefetch_log/prefetch_log.srcs/sources_1/bd/design_1/ipshared/10b8/hdl/axi_data_fifo_v2_1_vl_rfs.v:168]
INFO: [Synth 8-256] done synthesizing module 'axi_data_fifo_v2_1_9_axic_fifo__parameterized0' (23#1) [a:/COMP_ARCH/PYNQ_Projects/Vivado_prj/prefetch_log/prefetch_log.srcs/sources_1/bd/design_1/ipshared/10b8/hdl/axi_data_fifo_v2_1_vl_rfs.v:64]
INFO: [Synth 8-256] done synthesizing module 'axi_protocol_converter_v2_1_10_a_axi3_conv__parameterized0' (23#1) [a:/COMP_ARCH/PYNQ_Projects/Vivado_prj/prefetch_log/prefetch_log.srcs/sources_1/bd/design_1/ipshared/4a8b/hdl/axi_protocol_converter_v2_1_vl_rfs.v:62]
INFO: [Synth 8-638] synthesizing module 'axi_protocol_converter_v2_1_10_r_axi3_conv' [a:/COMP_ARCH/PYNQ_Projects/Vivado_prj/prefetch_log/prefetch_log.srcs/sources_1/bd/design_1/ipshared/4a8b/hdl/axi_protocol_converter_v2_1_vl_rfs.v:1789]
INFO: [Synth 8-256] done synthesizing module 'axi_protocol_converter_v2_1_10_r_axi3_conv' (24#1) [a:/COMP_ARCH/PYNQ_Projects/Vivado_prj/prefetch_log/prefetch_log.srcs/sources_1/bd/design_1/ipshared/4a8b/hdl/axi_protocol_converter_v2_1_vl_rfs.v:1789]
INFO: [Synth 8-256] done synthesizing module 'axi_protocol_converter_v2_1_10_axi3_conv' (25#1) [a:/COMP_ARCH/PYNQ_Projects/Vivado_prj/prefetch_log/prefetch_log.srcs/sources_1/bd/design_1/ipshared/4a8b/hdl/axi_protocol_converter_v2_1_vl_rfs.v:954]
INFO: [Synth 8-256] done synthesizing module 'axi_protocol_converter_v2_1_10_axi_protocol_converter' (26#1) [a:/COMP_ARCH/PYNQ_Projects/Vivado_prj/prefetch_log/prefetch_log.srcs/sources_1/bd/design_1/ipshared/4a8b/hdl/axi_protocol_converter_v2_1_vl_rfs.v:4806]
INFO: [Synth 8-256] done synthesizing module 'design_1_auto_pc_1' (27#1) [a:/COMP_ARCH/PYNQ_Projects/Vivado_prj/prefetch_log/prefetch_log.srcs/sources_1/bd/design_1/ip/design_1_auto_pc_1/synth/design_1_auto_pc_1.v:58]
Finished RTL Elaboration : Time (s): cpu = 00:01:08 ; elapsed = 00:01:15 . Memory (MB): peak = 464.137 ; gain = 253.949
Finished RTL Optimization Phase 1 : Time (s): cpu = 00:01:09 ; elapsed = 00:01:16 . Memory (MB): peak = 464.137 ; gain = 253.949
INFO: [Device 21-403] Loading part xc7z020clg400-1
Constraint Validation Runtime : Time (s): cpu = 00:00:00 ; elapsed = 00:00:00.082 . Memory (MB): peak = 712.164 ; gain = 0.008
Finished Constraint Validation : Time (s): cpu = 00:01:25 ; elapsed = 00:01:32 . Memory (MB): peak = 712.164 ; gain = 501.977
Finished Loading Part and Timing Information : Time (s): cpu = 00:01:25 ; elapsed = 00:01:32 . Memory (MB): peak = 712.164 ; gain = 501.977
Finished applying 'set_property' XDC Constraints : Time (s): cpu = 00:01:25 ; elapsed = 00:01:32 . Memory (MB): peak = 712.164 ; gain = 501.977
Finished RTL Optimization Phase 2 : Time (s): cpu = 00:01:26 ; elapsed = 00:01:34 . Memory (MB): peak = 712.164 ; gain = 501.977
Finished Cross Boundary and Area Optimization : Time (s): cpu = 00:01:30 ; elapsed = 00:01:39 . Memory (MB): peak = 712.164 ; gain = 501.977
---------------------------------------------------------------------------------
Start ROM, RAM, DSP and Shift Register Reporting
---------------------------------------------------------------------------------

Distributed RAM: Preliminary Mapping  Report (see note below)
+-----------------------+-------------------------------------------------------------------------------+----------------+----------------------+----------------+
|Module Name            | RTL Object                                                                    | Inference      | Size (Depth x Width) | Primitives     | 
+-----------------------+-------------------------------------------------------------------------------+----------------+----------------------+----------------+
|fifo_generator_v13_1_2 | inst_fifo_gen/gconvfifo.rf/grf.rf/gntv_or_sync_fifo.mem/gdm.dm_gen.dm/RAM_reg | User Attribute | 32 x 5               | RAM32M x 1     | 
|fifo_generator_v13_1_2 | inst_fifo_gen/gconvfifo.rf/grf.rf/gntv_or_sync_fifo.mem/gdm.dm_gen.dm/RAM_reg | User Attribute | 32 x 5               | RAM32M x 1     | 
|fifo_generator_v13_1_2 | inst_fifo_gen/gconvfifo.rf/grf.rf/gntv_or_sync_fifo.mem/gdm.dm_gen.dm/RAM_reg | User Attribute | 32 x 1               | RAM32X1D x 1   | 
+-----------------------+-------------------------------------------------------------------------------+----------------+----------------------+----------------+

Note: The table above is a preliminary report that shows the Distributed RAMs at the current stage of the synthesis flow. Some Distributed RAMs may be reimplemented as non Distributed RAM primitives later in the synthesis flow. Multiple instantiated RAMs are reported only once.
---------------------------------------------------------------------------------
Finished ROM, RAM, DSP and Shift Register Reporting
---------------------------------------------------------------------------------
Finished Applying XDC Timing Constraints : Time (s): cpu = 00:01:47 ; elapsed = 00:01:57 . Memory (MB): peak = 712.164 ; gain = 501.977
Finished Timing Optimization : Time (s): cpu = 00:01:48 ; elapsed = 00:01:57 . Memory (MB): peak = 712.164 ; gain = 501.977
Finished Technology Mapping : Time (s): cpu = 00:01:49 ; elapsed = 00:01:58 . Memory (MB): peak = 712.164 ; gain = 501.977
Finished IO Insertion : Time (s): cpu = 00:01:50 ; elapsed = 00:01:59 . Memory (MB): peak = 712.164 ; gain = 501.977
Finished Renaming Generated Instances : Time (s): cpu = 00:01:50 ; elapsed = 00:01:59 . Memory (MB): peak = 712.164 ; gain = 501.977
Finished Rebuilding User Hierarchy : Time (s): cpu = 00:01:50 ; elapsed = 00:01:59 . Memory (MB): peak = 712.164 ; gain = 501.977
Finished Renaming Generated Ports : Time (s): cpu = 00:01:50 ; elapsed = 00:01:59 . Memory (MB): peak = 712.164 ; gain = 501.977
Finished Handling Custom Attributes : Time (s): cpu = 00:01:50 ; elapsed = 00:01:59 . Memory (MB): peak = 712.164 ; gain = 501.977
Finished Renaming Generated Nets : Time (s): cpu = 00:01:50 ; elapsed = 00:01:59 . Memory (MB): peak = 712.164 ; gain = 501.977

Report Cell Usage: 
+------+---------+------+
|      |Cell     |Count |
+------+---------+------+
|1     |CARRY4   |    16|
|2     |LUT1     |    20|
|3     |LUT2     |    48|
|4     |LUT3     |    54|
|5     |LUT4     |    73|
|6     |LUT5     |   159|
|7     |LUT6     |    79|
|8     |RAM32M   |     2|
|9     |RAM32X1D |     1|
|10    |FDCE     |    69|
|11    |FDPE     |    63|
|12    |FDRE     |   335|
|13    |FDSE     |     5|
+------+---------+------+
Finished Writing Synthesis Report : Time (s): cpu = 00:01:50 ; elapsed = 00:01:59 . Memory (MB): peak = 712.164 ; gain = 501.977
synth_design: Time (s): cpu = 00:01:45 ; elapsed = 00:01:50 . Memory (MB): peak = 712.164 ; gain = 452.266
