18:57:17 INFO  : Registering command handlers for SDK TCF services
18:57:18 INFO  : Launching XSCT server: xsct.bat -interactive A:\COMP_ARCH\PYNQ_Projects\Vivado_prj\skip_list_impln_2\skip_list_impln_2.sdk\temp_xsdb_launch_script.tcl
18:57:23 INFO  : XSCT server has started successfully.
18:57:23 INFO  : Successfully done setting XSCT server connection channel  
18:57:29 INFO  : Successfully done setting SDK workspace  
18:57:29 INFO  : Processing command line option -hwspec A:/COMP_ARCH/PYNQ_Projects/Vivado_prj/skip_list_impln_2/skip_list_impln_2.sdk/design_1_wrapper.hdf.
18:59:01 INFO  : Successfully generated A:\COMP_ARCH\PYNQ_Projects\Vivado_prj\skip_list_impln_2\skip_list_impln_2.sdk\skip_list_prefetch\src\lscript.ld.
18:59:01 INFO  : Applying linker script to all configurations of project skip_list_prefetch.
18:59:01 INFO  : Setting rebuild state to true for all configurations of project skip_list_prefetch.
19:01:32 INFO  : Connected to target on host '127.0.0.1' and port '3121'.
19:01:54 INFO  : Connected to target on host '127.0.0.1' and port '3121'.
19:01:55 INFO  : 'targets -set -filter {jtag_cable_name =~ "Xilinx PYNQ-Z1 003017A6E019A" && level==0} -index 1' command is executed.
19:01:57 INFO  : FPGA configured successfully with bitstream "A:/COMP_ARCH/PYNQ_Projects/Vivado_prj/skip_list_impln_2/skip_list_impln_2.sdk/design_1_wrapper_hw_platform_0/design_1_wrapper.bit"
19:03:31 INFO  : ps7_init is completed.
19:03:31 INFO  : ps7_post_config is completed.
19:03:31 INFO  : Processor reset is completed for ps7_cortexa9_0
19:03:50 INFO  : Processor reset is completed for ps7_cortexa9_0
19:04:43 INFO  : Processor reset is completed for ps7_cortexa9_0
19:04:48 INFO  : Processor reset is completed for ps7_cortexa9_0
19:04:55 INFO  : Processor reset is completed for ps7_cortexa9_0
19:05:58 INFO  : Processor reset is completed for ps7_cortexa9_0
19:06:09 INFO  : Processor reset is completed for ps7_cortexa9_0
21:40:28 INFO  : Connected to target on host '127.0.0.1' and port '3121'.
21:40:29 INFO  : 'targets -set -filter {jtag_cable_name =~ "Xilinx PYNQ-Z1 003017A6E019A" && level==0} -index 1' command is executed.
21:40:31 INFO  : FPGA configured successfully with bitstream "A:/COMP_ARCH/PYNQ_Projects/Vivado_prj/skip_list_impln_2/skip_list_impln_2.sdk/design_1_wrapper_hw_platform_0/design_1_wrapper.bit"
21:40:37 INFO  : ps7_init is completed.
21:40:37 INFO  : ps7_post_config is completed.
21:40:37 INFO  : Processor reset is completed for ps7_cortexa9_0
21:41:09 INFO  : Processor reset is completed for ps7_cortexa9_0
21:41:22 INFO  : Processor reset is completed for ps7_cortexa9_0
21:41:33 INFO  : Processor reset is completed for ps7_cortexa9_0
21:41:43 INFO  : Processor reset is completed for ps7_cortexa9_0
21:41:55 INFO  : Processor reset is completed for ps7_cortexa9_0
21:42:04 INFO  : Processor reset is completed for ps7_cortexa9_0
21:42:18 INFO  : Processor reset is completed for ps7_cortexa9_0
21:42:57 INFO  : Processor reset is completed for ps7_cortexa9_0
21:46:48 INFO  : Processor reset is completed for ps7_cortexa9_0
21:47:52 INFO  : Processor reset is completed for ps7_cortexa9_0
21:48:07 INFO  : Processor reset is completed for ps7_cortexa9_0
21:48:17 INFO  : Processor reset is completed for ps7_cortexa9_0
21:48:26 INFO  : Processor reset is completed for ps7_cortexa9_0
21:48:35 INFO  : Processor reset is completed for ps7_cortexa9_0
21:49:02 INFO  : Processor reset is completed for ps7_cortexa9_0
21:49:11 INFO  : Processor reset is completed for ps7_cortexa9_0
21:49:21 INFO  : Processor reset is completed for ps7_cortexa9_0
21:49:30 INFO  : Processor reset is completed for ps7_cortexa9_0
21:55:19 INFO  : Processor reset is completed for ps7_cortexa9_0
21:55:28 INFO  : Processor reset is completed for ps7_cortexa9_0
21:55:36 INFO  : Processor reset is completed for ps7_cortexa9_0
22:00:16 ERROR : Unexpected error while parsing XMD response ?: com.google.gson.JsonSyntaxException: com.google.gson.stream.MalformedJsonException: invalid number or unquoted string near 
