
*** Running vivado
    with args -log design_1_wrapper.vdi -applog -m64 -product Vivado -messageDb vivado.pb -mode batch -source design_1_wrapper.tcl -notrace


****** Vivado v2016.3 (64-bit)
  **** SW Build 1682563 on Mon Oct 10 19:07:27 MDT 2016
  **** IP Build 1681267 on Mon Oct 10 21:28:31 MDT 2016
    ** Copyright 1986-2016 Xilinx, Inc. All Rights Reserved.

source design_1_wrapper.tcl -notrace
Design is defaulting to srcset: sources_1
Design is defaulting to constrset: constrs_1
INFO: [Project 1-454] Reading design checkpoint 'a:/COMP_ARCH/PYNQ_Projects/Vivado_prj/nonseq_array_prefetch/nonseq_array_prefetch.srcs/sources_1/bd/design_1/ip/design_1_nonseq_prefetch_0_0/design_1_nonseq_prefetch_0_0.dcp' for cell 'design_1_i/nonseq_prefetch_0'
INFO: [Project 1-454] Reading design checkpoint 'a:/COMP_ARCH/PYNQ_Projects/Vivado_prj/nonseq_array_prefetch/nonseq_array_prefetch.srcs/sources_1/bd/design_1/ip/design_1_processing_system7_0_0/design_1_processing_system7_0_0.dcp' for cell 'design_1_i/processing_system7_0'
INFO: [Project 1-454] Reading design checkpoint 'a:/COMP_ARCH/PYNQ_Projects/Vivado_prj/nonseq_array_prefetch/nonseq_array_prefetch.srcs/sources_1/bd/design_1/ip/design_1_rst_ps7_0_100M_0/design_1_rst_ps7_0_100M_0.dcp' for cell 'design_1_i/rst_ps7_0_100M'
INFO: [Project 1-454] Reading design checkpoint 'a:/COMP_ARCH/PYNQ_Projects/Vivado_prj/nonseq_array_prefetch/nonseq_array_prefetch.srcs/sources_1/bd/design_1/ip/design_1_xlconstant_0_0/design_1_xlconstant_0_0.dcp' for cell 'design_1_i/xlconstant_0'
INFO: [Project 1-454] Reading design checkpoint 'a:/COMP_ARCH/PYNQ_Projects/Vivado_prj/nonseq_array_prefetch/nonseq_array_prefetch.srcs/sources_1/bd/design_1/ip/design_1_xlconstant_1_0/design_1_xlconstant_1_0.dcp' for cell 'design_1_i/xlconstant_1'
INFO: [Project 1-454] Reading design checkpoint 'a:/COMP_ARCH/PYNQ_Projects/Vivado_prj/nonseq_array_prefetch/nonseq_array_prefetch.srcs/sources_1/bd/design_1/ip/design_1_auto_pc_0/design_1_auto_pc_0.dcp' for cell 'design_1_i/axi_mem_intercon/s00_couplers/auto_pc'
INFO: [Project 1-454] Reading design checkpoint 'a:/COMP_ARCH/PYNQ_Projects/Vivado_prj/nonseq_array_prefetch/nonseq_array_prefetch.srcs/sources_1/bd/design_1/ip/design_1_auto_us_0/design_1_auto_us_0.dcp' for cell 'design_1_i/axi_mem_intercon/s00_couplers/auto_us'
INFO: [Project 1-454] Reading design checkpoint 'a:/COMP_ARCH/PYNQ_Projects/Vivado_prj/nonseq_array_prefetch/nonseq_array_prefetch.srcs/sources_1/bd/design_1/ip/design_1_s00_data_fifo_0/design_1_s00_data_fifo_0.dcp' for cell 'design_1_i/axi_mem_intercon/s00_couplers/s00_data_fifo'
INFO: [Project 1-454] Reading design checkpoint 'a:/COMP_ARCH/PYNQ_Projects/Vivado_prj/nonseq_array_prefetch/nonseq_array_prefetch.srcs/sources_1/bd/design_1/ip/design_1_auto_pc_1/design_1_auto_pc_1.dcp' for cell 'design_1_i/ps7_0_axi_periph/s00_couplers/auto_pc'
INFO: [Netlist 29-17] Analyzing 108 Unisim elements for replacement
INFO: [Netlist 29-28] Unisim Transformation completed in 0 CPU seconds
INFO: [Project 1-479] Netlist was created with Vivado 2016.3
INFO: [Device 21-403] Loading part xc7z020clg400-1
INFO: [Project 1-570] Preparing netlist for logic optimization
Parsing XDC File [a:/COMP_ARCH/PYNQ_Projects/Vivado_prj/nonseq_array_prefetch/nonseq_array_prefetch.srcs/sources_1/bd/design_1/ip/design_1_processing_system7_0_0/design_1_processing_system7_0_0.xdc] for cell 'design_1_i/processing_system7_0/inst'
Finished Parsing XDC File [a:/COMP_ARCH/PYNQ_Projects/Vivado_prj/nonseq_array_prefetch/nonseq_array_prefetch.srcs/sources_1/bd/design_1/ip/design_1_processing_system7_0_0/design_1_processing_system7_0_0.xdc] for cell 'design_1_i/processing_system7_0/inst'
Parsing XDC File [a:/COMP_ARCH/PYNQ_Projects/Vivado_prj/nonseq_array_prefetch/nonseq_array_prefetch.srcs/sources_1/bd/design_1/ip/design_1_rst_ps7_0_100M_0/design_1_rst_ps7_0_100M_0_board.xdc] for cell 'design_1_i/rst_ps7_0_100M/U0'
Finished Parsing XDC File [a:/COMP_ARCH/PYNQ_Projects/Vivado_prj/nonseq_array_prefetch/nonseq_array_prefetch.srcs/sources_1/bd/design_1/ip/design_1_rst_ps7_0_100M_0/design_1_rst_ps7_0_100M_0_board.xdc] for cell 'design_1_i/rst_ps7_0_100M/U0'
Parsing XDC File [a:/COMP_ARCH/PYNQ_Projects/Vivado_prj/nonseq_array_prefetch/nonseq_array_prefetch.srcs/sources_1/bd/design_1/ip/design_1_rst_ps7_0_100M_0/design_1_rst_ps7_0_100M_0.xdc] for cell 'design_1_i/rst_ps7_0_100M/U0'
Finished Parsing XDC File [a:/COMP_ARCH/PYNQ_Projects/Vivado_prj/nonseq_array_prefetch/nonseq_array_prefetch.srcs/sources_1/bd/design_1/ip/design_1_rst_ps7_0_100M_0/design_1_rst_ps7_0_100M_0.xdc] for cell 'design_1_i/rst_ps7_0_100M/U0'
INFO: [Project 1-538] Using original IP XDC constraints instead of the XDC constraints in dcp 'a:/COMP_ARCH/PYNQ_Projects/Vivado_prj/nonseq_array_prefetch/nonseq_array_prefetch.srcs/sources_1/bd/design_1/ip/design_1_processing_system7_0_0/design_1_processing_system7_0_0.dcp'
INFO: [Project 1-538] Using original IP XDC constraints instead of the XDC constraints in dcp 'a:/COMP_ARCH/PYNQ_Projects/Vivado_prj/nonseq_array_prefetch/nonseq_array_prefetch.srcs/sources_1/bd/design_1/ip/design_1_nonseq_prefetch_0_0/design_1_nonseq_prefetch_0_0.dcp'
INFO: [Project 1-538] Using original IP XDC constraints instead of the XDC constraints in dcp 'a:/COMP_ARCH/PYNQ_Projects/Vivado_prj/nonseq_array_prefetch/nonseq_array_prefetch.srcs/sources_1/bd/design_1/ip/design_1_rst_ps7_0_100M_0/design_1_rst_ps7_0_100M_0.dcp'
INFO: [Project 1-538] Using original IP XDC constraints instead of the XDC constraints in dcp 'a:/COMP_ARCH/PYNQ_Projects/Vivado_prj/nonseq_array_prefetch/nonseq_array_prefetch.srcs/sources_1/bd/design_1/ip/design_1_s00_data_fifo_0/design_1_s00_data_fifo_0.dcp'
INFO: [Project 1-538] Using original IP XDC constraints instead of the XDC constraints in dcp 'a:/COMP_ARCH/PYNQ_Projects/Vivado_prj/nonseq_array_prefetch/nonseq_array_prefetch.srcs/sources_1/bd/design_1/ip/design_1_auto_pc_0/design_1_auto_pc_0.dcp'
INFO: [Project 1-538] Using original IP XDC constraints instead of the XDC constraints in dcp 'a:/COMP_ARCH/PYNQ_Projects/Vivado_prj/nonseq_array_prefetch/nonseq_array_prefetch.srcs/sources_1/bd/design_1/ip/design_1_auto_us_0/design_1_auto_us_0.dcp'
INFO: [Project 1-538] Using original IP XDC constraints instead of the XDC constraints in dcp 'a:/COMP_ARCH/PYNQ_Projects/Vivado_prj/nonseq_array_prefetch/nonseq_array_prefetch.srcs/sources_1/bd/design_1/ip/design_1_auto_pc_1/design_1_auto_pc_1.dcp'
Parsing XDC File [a:/COMP_ARCH/PYNQ_Projects/Vivado_prj/nonseq_array_prefetch/nonseq_array_prefetch.srcs/sources_1/bd/design_1/ip/design_1_auto_us_0/design_1_auto_us_0_clocks.xdc] for cell 'design_1_i/axi_mem_intercon/s00_couplers/auto_us/inst'
Finished Parsing XDC File [a:/COMP_ARCH/PYNQ_Projects/Vivado_prj/nonseq_array_prefetch/nonseq_array_prefetch.srcs/sources_1/bd/design_1/ip/design_1_auto_us_0/design_1_auto_us_0_clocks.xdc] for cell 'design_1_i/axi_mem_intercon/s00_couplers/auto_us/inst'
INFO: [Opt 31-138] Pushed 0 inverter(s) to 0 load pin(s).
INFO: [Project 1-111] Unisim Transformation Summary:
  A total of 28 instances were transformed.
  RAM32M => RAM32M (RAMD32, RAMD32, RAMD32, RAMD32, RAMD32, RAMD32, RAMS32, RAMS32): 27 instances
  RAM32X1D => RAM32X1D (RAMD32, RAMD32): 1 instances

link_design: Time (s): cpu = 00:00:12 ; elapsed = 00:00:13 . Memory (MB): peak = 553.543 ; gain = 308.879
Command: opt_design
Attempting to get a license for feature 'Implementation' and/or device 'xc7z020'
INFO: [Common 17-349] Got license for feature 'Implementation' and/or device 'xc7z020'
Running DRC as a precondition to command opt_design

Starting DRC Task
INFO: [DRC 23-27] Running DRC with 2 threads
INFO: [Project 1-461] DRC finished with 0 Errors
INFO: [Project 1-462] Please refer to the DRC report (report_drc) for more information.

Time (s): cpu = 00:00:01 ; elapsed = 00:00:00.959 . Memory (MB): peak = 566.148 ; gain = 12.566
INFO: [Timing 38-35] Done setting XDC timing constraints.

Starting Logic Optimization Task
Implement Debug Cores | Checksum: 201b529c2

Phase 1 Retarget
INFO: [Opt 31-138] Pushed 0 inverter(s) to 0 load pin(s).
INFO: [Opt 31-49] Retargeted 0 cell(s).
Phase 1 Retarget | Checksum: 1718fab3f

Time (s): cpu = 00:00:01 ; elapsed = 00:00:00.506 . Memory (MB): peak = 1068.266 ; gain = 0.000

Phase 2 Constant propagation
INFO: [Opt 31-138] Pushed 4 inverter(s) to 4 load pin(s).
INFO: [Opt 31-10] Eliminated 914 cells.
Phase 2 Constant propagation | Checksum: 13fc7842c

Time (s): cpu = 00:00:02 ; elapsed = 00:00:02 . Memory (MB): peak = 1068.266 ; gain = 0.000

Phase 3 Sweep
INFO: [Opt 31-12] Eliminated 1515 unconnected nets.
INFO: [Opt 31-11] Eliminated 949 unconnected cells.
Phase 3 Sweep | Checksum: 23b9825bf

Time (s): cpu = 00:00:03 ; elapsed = 00:00:03 . Memory (MB): peak = 1068.266 ; gain = 0.000

Phase 4 BUFG optimization
INFO: [Opt 31-12] Eliminated 0 unconnected nets.
INFO: [Opt 31-11] Eliminated 0 unconnected cells.
Phase 4 BUFG optimization | Checksum: 2654e88ef

Time (s): cpu = 00:00:04 ; elapsed = 00:00:03 . Memory (MB): peak = 1068.266 ; gain = 0.000

Starting Connectivity Check Task

Time (s): cpu = 00:00:00 ; elapsed = 00:00:00.013 . Memory (MB): peak = 1068.266 ; gain = 0.000
Ending Logic Optimization Task | Checksum: 2654e88ef

Time (s): cpu = 00:00:04 ; elapsed = 00:00:04 . Memory (MB): peak = 1068.266 ; gain = 0.000

Starting Power Optimization Task
INFO: [Pwropt 34-132] Skipping clock gating for clocks with a period < 2.00 ns.
INFO: [Pwropt 34-9] Applying IDT optimizations ...
INFO: [Pwropt 34-10] Applying ODC optimizations ...
INFO: [Timing 38-35] Done setting XDC timing constraints.
Running Vector-less Activity Propagation...

Finished Running Vector-less Activity Propagation


Starting PowerOpt Patch Enables Task
INFO: [Pwropt 34-162] WRITE_MODE attribute of 0 BRAM(s) out of a total of 1 has been updated to save power. Run report_power_opt to get a complete listing of the BRAMs updated.
INFO: [Pwropt 34-201] Structural ODC has moved 0 WE to EN ports
Number of BRAM Ports augmented: 0 newly gated: 1 Total Ports: 2
Ending PowerOpt Patch Enables Task | Checksum: 1b826426e

Time (s): cpu = 00:00:00 ; elapsed = 00:00:00.035 . Memory (MB): peak = 1172.703 ; gain = 0.000
Ending Power Optimization Task | Checksum: 1b826426e

Time (s): cpu = 00:00:03 ; elapsed = 00:00:03 . Memory (MB): peak = 1172.703 ; gain = 104.438
INFO: [Common 17-83] Releasing license: Implementation
43 Infos, 0 Warnings, 0 Critical Warnings and 0 Errors encountered.
opt_design completed successfully
opt_design: Time (s): cpu = 00:00:23 ; elapsed = 00:00:24 . Memory (MB): peak = 1172.703 ; gain = 619.160
Writing placer database...
Writing XDEF routing.
Writing XDEF routing logical nets.
Writing XDEF routing special nets.
Write XDEF Complete: Time (s): cpu = 00:00:01 ; elapsed = 00:00:00.170 . Memory (MB): peak = 1172.703 ; gain = 0.000
INFO: [Common 17-1381] The checkpoint 'A:/COMP_ARCH/PYNQ_Projects/Vivado_prj/nonseq_array_prefetch/nonseq_array_prefetch.runs/impl_1/design_1_wrapper_opt.dcp' has been generated.
INFO: [DRC 23-27] Running DRC with 2 threads
INFO: [Coretcl 2-168] The results of DRC are in file A:/COMP_ARCH/PYNQ_Projects/Vivado_prj/nonseq_array_prefetch/nonseq_array_prefetch.runs/impl_1/design_1_wrapper_drc_opted.rpt.
INFO: [Chipscope 16-241] No debug cores found in the current design.
Before running the implement_debug_core command, either use the Set Up Debug wizard (GUI mode)
or use the create_debug_core and connect_debug_core Tcl commands to insert debug cores into the design.
Command: place_design
Attempting to get a license for feature 'Implementation' and/or device 'xc7z020'
INFO: [Common 17-349] Got license for feature 'Implementation' and/or device 'xc7z020'
INFO: [DRC 23-27] Running DRC with 2 threads
INFO: [Vivado_Tcl 4-198] DRC finished with 0 Errors
INFO: [Vivado_Tcl 4-199] Please refer to the DRC report (report_drc) for more information.
Running DRC as a precondition to command place_design
INFO: [DRC 23-27] Running DRC with 2 threads
WARNING: [DRC 23-20] Rule violation (REQP-1840) RAMB18 async control check - The RAMB18E1 design_1_i/nonseq_prefetch_0/inst/nonseq_prefetch_A_BUS_m_axi_U/bus_read/buff_rdata/mem_reg has an input control pin design_1_i/nonseq_prefetch_0/inst/nonseq_prefetch_A_BUS_m_axi_U/bus_read/buff_rdata/mem_reg/ENARDEN (net: design_1_i/nonseq_prefetch_0/inst/nonseq_prefetch_A_BUS_m_axi_U/bus_read/buff_rdata/mem_reg_ENARDEN_cooolgate_en_sig_1) which is driven by a register (design_1_i/axi_mem_intercon/s00_couplers/auto_pc/inst/gen_axi4_axi3.axi3_conv_inst/USE_READ.USE_SPLIT_R.read_addr_inst/USE_R_CHANNEL.cmd_queue/inst/fifo_gen_inst/inst_fifo_gen/gconvfifo.rf/grf.rf/gntv_or_sync_fifo.gl0.rd/gr1.gr1_int.rfwft/empty_fwft_i_reg) that has an active asychronous set or reset. This may cause corruption of the memory contents and/or read values when the set/reset is asserted and is not analyzed by the default static timing analysis. It is suggested to eliminate the use of a set/reset to registers driving this RAMB pin or else use a synchronous reset in which the assertion of the reset is timed by default.
WARNING: [DRC 23-20] Rule violation (REQP-1840) RAMB18 async control check - The RAMB18E1 design_1_i/nonseq_prefetch_0/inst/nonseq_prefetch_A_BUS_m_axi_U/bus_read/buff_rdata/mem_reg has an input control pin design_1_i/nonseq_prefetch_0/inst/nonseq_prefetch_A_BUS_m_axi_U/bus_read/buff_rdata/mem_reg/WEBWE[0] (net: design_1_i/nonseq_prefetch_0/inst/nonseq_prefetch_A_BUS_m_axi_U/bus_read/buff_rdata/m_axi_A_BUS_RVALID) which is driven by a register (design_1_i/axi_mem_intercon/s00_couplers/auto_pc/inst/gen_axi4_axi3.axi3_conv_inst/USE_READ.USE_SPLIT_R.read_addr_inst/USE_R_CHANNEL.cmd_queue/inst/fifo_gen_inst/inst_fifo_gen/gconvfifo.rf/grf.rf/gntv_or_sync_fifo.gl0.rd/gr1.gr1_int.rfwft/empty_fwft_i_reg) that has an active asychronous set or reset. This may cause corruption of the memory contents and/or read values when the set/reset is asserted and is not analyzed by the default static timing analysis. It is suggested to eliminate the use of a set/reset to registers driving this RAMB pin or else use a synchronous reset in which the assertion of the reset is timed by default.
WARNING: [DRC 23-20] Rule violation (REQP-1840) RAMB18 async control check - The RAMB18E1 design_1_i/nonseq_prefetch_0/inst/nonseq_prefetch_A_BUS_m_axi_U/bus_read/buff_rdata/mem_reg has an input control pin design_1_i/nonseq_prefetch_0/inst/nonseq_prefetch_A_BUS_m_axi_U/bus_read/buff_rdata/mem_reg/WEBWE[1] (net: design_1_i/nonseq_prefetch_0/inst/nonseq_prefetch_A_BUS_m_axi_U/bus_read/buff_rdata/m_axi_A_BUS_RVALID) which is driven by a register (design_1_i/axi_mem_intercon/s00_couplers/auto_pc/inst/gen_axi4_axi3.axi3_conv_inst/USE_READ.USE_SPLIT_R.read_addr_inst/USE_R_CHANNEL.cmd_queue/inst/fifo_gen_inst/inst_fifo_gen/gconvfifo.rf/grf.rf/gntv_or_sync_fifo.gl0.rd/gr1.gr1_int.rfwft/empty_fwft_i_reg) that has an active asychronous set or reset. This may cause corruption of the memory contents and/or read values when the set/reset is asserted and is not analyzed by the default static timing analysis. It is suggested to eliminate the use of a set/reset to registers driving this RAMB pin or else use a synchronous reset in which the assertion of the reset is timed by default.
WARNING: [DRC 23-20] Rule violation (REQP-1840) RAMB18 async control check - The RAMB18E1 design_1_i/nonseq_prefetch_0/inst/nonseq_prefetch_A_BUS_m_axi_U/bus_read/buff_rdata/mem_reg has an input control pin design_1_i/nonseq_prefetch_0/inst/nonseq_prefetch_A_BUS_m_axi_U/bus_read/buff_rdata/mem_reg/WEBWE[2] (net: design_1_i/nonseq_prefetch_0/inst/nonseq_prefetch_A_BUS_m_axi_U/bus_read/buff_rdata/m_axi_A_BUS_RVALID) which is driven by a register (design_1_i/axi_mem_intercon/s00_couplers/auto_pc/inst/gen_axi4_axi3.axi3_conv_inst/USE_READ.USE_SPLIT_R.read_addr_inst/USE_R_CHANNEL.cmd_queue/inst/fifo_gen_inst/inst_fifo_gen/gconvfifo.rf/grf.rf/gntv_or_sync_fifo.gl0.rd/gr1.gr1_int.rfwft/empty_fwft_i_reg) that has an active asychronous set or reset. This may cause corruption of the memory contents and/or read values when the set/reset is asserted and is not analyzed by the default static timing analysis. It is suggested to eliminate the use of a set/reset to registers driving this RAMB pin or else use a synchronous reset in which the assertion of the reset is timed by default.
WARNING: [DRC 23-20] Rule violation (REQP-1840) RAMB18 async control check - The RAMB18E1 design_1_i/nonseq_prefetch_0/inst/nonseq_prefetch_A_BUS_m_axi_U/bus_read/buff_rdata/mem_reg has an input control pin design_1_i/nonseq_prefetch_0/inst/nonseq_prefetch_A_BUS_m_axi_U/bus_read/buff_rdata/mem_reg/WEBWE[3] (net: design_1_i/nonseq_prefetch_0/inst/nonseq_prefetch_A_BUS_m_axi_U/bus_read/buff_rdata/m_axi_A_BUS_RVALID) which is driven by a register (design_1_i/axi_mem_intercon/s00_couplers/auto_pc/inst/gen_axi4_axi3.axi3_conv_inst/USE_READ.USE_SPLIT_R.read_addr_inst/USE_R_CHANNEL.cmd_queue/inst/fifo_gen_inst/inst_fifo_gen/gconvfifo.rf/grf.rf/gntv_or_sync_fifo.gl0.rd/gr1.gr1_int.rfwft/empty_fwft_i_reg) that has an active asychronous set or reset. This may cause corruption of the memory contents and/or read values when the set/reset is asserted and is not analyzed by the default static timing analysis. It is suggested to eliminate the use of a set/reset to registers driving this RAMB pin or else use a synchronous reset in which the assertion of the reset is timed by default.
INFO: [Vivado_Tcl 4-198] DRC finished with 0 Errors, 5 Warnings
INFO: [Vivado_Tcl 4-199] Please refer to the DRC report (report_drc) for more information.

Starting Placer Task
INFO: [Place 30-611] Multithreading enabled for place_design using a maximum of 2 CPUs

Phase 1 Placer Initialization
Netlist sorting complete. Time (s): cpu = 00:00:00 ; elapsed = 00:00:00.025 . Memory (MB): peak = 1172.703 ; gain = 0.000
INFO: [Timing 38-35] Done setting XDC timing constraints.
INFO: [Opt 31-138] Pushed 0 inverter(s) to 0 load pin(s).
Netlist sorting complete. Time (s): cpu = 00:00:00 ; elapsed = 00:00:00.029 . Memory (MB): peak = 1172.703 ; gain = 0.000

Phase 1.1 IO Placement/ Clock Placement/ Build Placer Device
INFO: [Timing 38-35] Done setting XDC timing constraints.
Phase 1.1 IO Placement/ Clock Placement/ Build Placer Device | Checksum: c7172489

Time (s): cpu = 00:00:05 ; elapsed = 00:00:06 . Memory (MB): peak = 1172.703 ; gain = 0.000

Phase 1.2 Build Placer Netlist Model
Phase 1.2 Build Placer Netlist Model | Checksum: 11b40ee90

Time (s): cpu = 00:00:08 ; elapsed = 00:00:07 . Memory (MB): peak = 1172.703 ; gain = 0.000

Phase 1.3 Constrain Clocks/Macros
Phase 1.3 Constrain Clocks/Macros | Checksum: 11b40ee90

Time (s): cpu = 00:00:08 ; elapsed = 00:00:07 . Memory (MB): peak = 1172.703 ; gain = 0.000
Phase 1 Placer Initialization | Checksum: 11b40ee90

Time (s): cpu = 00:00:08 ; elapsed = 00:00:07 . Memory (MB): peak = 1172.703 ; gain = 0.000

Phase 2 Global Placement
Phase 2 Global Placement | Checksum: 23f2cade1

Time (s): cpu = 00:00:16 ; elapsed = 00:00:12 . Memory (MB): peak = 1172.703 ; gain = 0.000

Phase 3 Detail Placement

Phase 3.1 Commit Multi Column Macros
Phase 3.1 Commit Multi Column Macros | Checksum: 23f2cade1

Time (s): cpu = 00:00:16 ; elapsed = 00:00:12 . Memory (MB): peak = 1172.703 ; gain = 0.000

Phase 3.2 Commit Most Macros & LUTRAMs
Phase 3.2 Commit Most Macros & LUTRAMs | Checksum: 1a9c7373a

Time (s): cpu = 00:00:18 ; elapsed = 00:00:14 . Memory (MB): peak = 1172.703 ; gain = 0.000

Phase 3.3 Area Swap Optimization
Phase 3.3 Area Swap Optimization | Checksum: 196f1c286

Time (s): cpu = 00:00:18 ; elapsed = 00:00:14 . Memory (MB): peak = 1172.703 ; gain = 0.000

Phase 3.4 Pipeline Register Optimization
Phase 3.4 Pipeline Register Optimization | Checksum: 1915b87dc

Time (s): cpu = 00:00:18 ; elapsed = 00:00:14 . Memory (MB): peak = 1172.703 ; gain = 0.000

Phase 3.5 Timing Path Optimizer
Phase 3.5 Timing Path Optimizer | Checksum: 121a9309c

Time (s): cpu = 00:00:19 ; elapsed = 00:00:14 . Memory (MB): peak = 1172.703 ; gain = 0.000

Phase 3.6 Small Shape Detail Placement
Phase 3.6 Small Shape Detail Placement | Checksum: 1d892e010

Time (s): cpu = 00:00:21 ; elapsed = 00:00:16 . Memory (MB): peak = 1172.703 ; gain = 0.000

Phase 3.7 Re-assign LUT pins
Phase 3.7 Re-assign LUT pins | Checksum: 1df6828a2

Time (s): cpu = 00:00:21 ; elapsed = 00:00:16 . Memory (MB): peak = 1172.703 ; gain = 0.000

Phase 3.8 Pipeline Register Optimization
Phase 3.8 Pipeline Register Optimization | Checksum: 1df6828a2

Time (s): cpu = 00:00:21 ; elapsed = 00:00:16 . Memory (MB): peak = 1172.703 ; gain = 0.000
Phase 3 Detail Placement | Checksum: 1df6828a2

Time (s): cpu = 00:00:21 ; elapsed = 00:00:16 . Memory (MB): peak = 1172.703 ; gain = 0.000

Phase 4 Post Placement Optimization and Clean-Up

Phase 4.1 Post Commit Optimization
INFO: [Timing 38-35] Done setting XDC timing constraints.

Phase 4.1.1 Post Placement Optimization
INFO: [Place 30-746] Post Placement Timing Summary WNS=2.875. For the most accurate timing information please run report_timing.
Phase 4.1.1 Post Placement Optimization | Checksum: 17040d28c

Time (s): cpu = 00:00:23 ; elapsed = 00:00:18 . Memory (MB): peak = 1172.703 ; gain = 0.000
Phase 4.1 Post Commit Optimization | Checksum: 17040d28c

Time (s): cpu = 00:00:23 ; elapsed = 00:00:18 . Memory (MB): peak = 1172.703 ; gain = 0.000

Phase 4.2 Post Placement Cleanup
Phase 4.2 Post Placement Cleanup | Checksum: 17040d28c

Time (s): cpu = 00:00:23 ; elapsed = 00:00:18 . Memory (MB): peak = 1172.703 ; gain = 0.000

Phase 4.3 Placer Reporting
Phase 4.3 Placer Reporting | Checksum: 17040d28c

Time (s): cpu = 00:00:23 ; elapsed = 00:00:18 . Memory (MB): peak = 1172.703 ; gain = 0.000

Phase 4.4 Final Placement Cleanup
Phase 4.4 Final Placement Cleanup | Checksum: 14fd36494

Time (s): cpu = 00:00:23 ; elapsed = 00:00:18 . Memory (MB): peak = 1172.703 ; gain = 0.000
Phase 4 Post Placement Optimization and Clean-Up | Checksum: 14fd36494

Time (s): cpu = 00:00:23 ; elapsed = 00:00:18 . Memory (MB): peak = 1172.703 ; gain = 0.000
Ending Placer Task | Checksum: de99d0d3

Time (s): cpu = 00:00:24 ; elapsed = 00:00:18 . Memory (MB): peak = 1172.703 ; gain = 0.000
INFO: [Common 17-83] Releasing license: Implementation
61 Infos, 5 Warnings, 0 Critical Warnings and 0 Errors encountered.
place_design completed successfully
place_design: Time (s): cpu = 00:00:29 ; elapsed = 00:00:21 . Memory (MB): peak = 1172.703 ; gain = 0.000
Writing placer database...
Writing XDEF routing.
Writing XDEF routing logical nets.
Writing XDEF routing special nets.
Write XDEF Complete: Time (s): cpu = 00:00:02 ; elapsed = 00:00:00.714 . Memory (MB): peak = 1172.703 ; gain = 0.000
INFO: [Common 17-1381] The checkpoint 'A:/COMP_ARCH/PYNQ_Projects/Vivado_prj/nonseq_array_prefetch/nonseq_array_prefetch.runs/impl_1/design_1_wrapper_placed.dcp' has been generated.
report_io: Time (s): cpu = 00:00:00 ; elapsed = 00:00:00.099 . Memory (MB): peak = 1172.703 ; gain = 0.000
report_utilization: Time (s): cpu = 00:00:00 ; elapsed = 00:00:00.083 . Memory (MB): peak = 1172.703 ; gain = 0.000
report_control_sets: Time (s): cpu = 00:00:00 ; elapsed = 00:00:00.027 . Memory (MB): peak = 1172.703 ; gain = 0.000
Command: route_design
Attempting to get a license for feature 'Implementation' and/or device 'xc7z020'
INFO: [Common 17-349] Got license for feature 'Implementation' and/or device 'xc7z020'
Running DRC as a precondition to command route_design
INFO: [DRC 23-27] Running DRC with 2 threads
INFO: [Vivado_Tcl 4-198] DRC finished with 0 Errors
INFO: [Vivado_Tcl 4-199] Please refer to the DRC report (report_drc) for more information.


Starting Routing Task
INFO: [Route 35-254] Multithreading enabled for route_design using a maximum of 2 CPUs
Checksum: PlaceDB: b0f01f59 ConstDB: 0 ShapeSum: 2da9b17a RouteDB: 0

Phase 1 Build RT Design
Phase 1 Build RT Design | Checksum: 12926b4f3

Time (s): cpu = 00:01:03 ; elapsed = 00:00:59 . Memory (MB): peak = 1217.223 ; gain = 44.520

Phase 2 Router Initialization

Phase 2.1 Create Timer
Phase 2.1 Create Timer | Checksum: 12926b4f3

Time (s): cpu = 00:01:03 ; elapsed = 00:00:59 . Memory (MB): peak = 1217.223 ; gain = 44.520

Phase 2.2 Fix Topology Constraints
Phase 2.2 Fix Topology Constraints | Checksum: 12926b4f3

Time (s): cpu = 00:01:03 ; elapsed = 00:00:59 . Memory (MB): peak = 1217.223 ; gain = 44.520

Phase 2.3 Pre Route Cleanup
Phase 2.3 Pre Route Cleanup | Checksum: 12926b4f3

Time (s): cpu = 00:01:03 ; elapsed = 00:00:59 . Memory (MB): peak = 1217.223 ; gain = 44.520
 Number of Nodes with overlaps = 0

Phase 2.4 Update Timing
Phase 2.4 Update Timing | Checksum: be1202e8

Time (s): cpu = 00:01:06 ; elapsed = 00:01:02 . Memory (MB): peak = 1222.250 ; gain = 49.547
INFO: [Route 35-416] Intermediate Timing Summary | WNS=2.961  | TNS=0.000  | WHS=-0.223 | THS=-78.025|

Phase 2 Router Initialization | Checksum: e8483d07

Time (s): cpu = 00:01:08 ; elapsed = 00:01:02 . Memory (MB): peak = 1222.250 ; gain = 49.547

Phase 3 Initial Routing
Phase 3 Initial Routing | Checksum: 12a17f232

Time (s): cpu = 00:01:09 ; elapsed = 00:01:03 . Memory (MB): peak = 1222.250 ; gain = 49.547

Phase 4 Rip-up And Reroute

Phase 4.1 Global Iteration 0
 Number of Nodes with overlaps = 221
 Number of Nodes with overlaps = 4
 Number of Nodes with overlaps = 0

Phase 4.1.1 Update Timing
Phase 4.1.1 Update Timing | Checksum: 14a088e17

Time (s): cpu = 00:01:11 ; elapsed = 00:01:04 . Memory (MB): peak = 1222.250 ; gain = 49.547
INFO: [Route 35-416] Intermediate Timing Summary | WNS=2.559  | TNS=0.000  | WHS=N/A    | THS=N/A    |

Phase 4.1 Global Iteration 0 | Checksum: 1b8001408

Time (s): cpu = 00:01:11 ; elapsed = 00:01:04 . Memory (MB): peak = 1222.250 ; gain = 49.547

Phase 4.2 Global Iteration 1
 Number of Nodes with overlaps = 1
 Number of Nodes with overlaps = 0

Phase 4.2.1 Update Timing
Phase 4.2.1 Update Timing | Checksum: 1bf5f74b4

Time (s): cpu = 00:01:11 ; elapsed = 00:01:04 . Memory (MB): peak = 1222.250 ; gain = 49.547
INFO: [Route 35-416] Intermediate Timing Summary | WNS=2.559  | TNS=0.000  | WHS=N/A    | THS=N/A    |

Phase 4.2 Global Iteration 1 | Checksum: 1369dc691

Time (s): cpu = 00:01:12 ; elapsed = 00:01:04 . Memory (MB): peak = 1222.250 ; gain = 49.547
Phase 4 Rip-up And Reroute | Checksum: 1369dc691

Time (s): cpu = 00:01:12 ; elapsed = 00:01:04 . Memory (MB): peak = 1222.250 ; gain = 49.547

Phase 5 Delay and Skew Optimization

Phase 5.1 Delay CleanUp
Phase 5.1 Delay CleanUp | Checksum: 1369dc691

Time (s): cpu = 00:01:12 ; elapsed = 00:01:04 . Memory (MB): peak = 1222.250 ; gain = 49.547

Phase 5.2 Clock Skew Optimization
Phase 5.2 Clock Skew Optimization | Checksum: 1369dc691

Time (s): cpu = 00:01:12 ; elapsed = 00:01:04 . Memory (MB): peak = 1222.250 ; gain = 49.547
Phase 5 Delay and Skew Optimization | Checksum: 1369dc691

Time (s): cpu = 00:01:12 ; elapsed = 00:01:04 . Memory (MB): peak = 1222.250 ; gain = 49.547

Phase 6 Post Hold Fix

Phase 6.1 Hold Fix Iter

Phase 6.1.1 Update Timing
Phase 6.1.1 Update Timing | Checksum: 11b51cdff

Time (s): cpu = 00:01:13 ; elapsed = 00:01:05 . Memory (MB): peak = 1222.250 ; gain = 49.547
INFO: [Route 35-416] Intermediate Timing Summary | WNS=2.674  | TNS=0.000  | WHS=0.019  | THS=0.000  |

Phase 6.1 Hold Fix Iter | Checksum: 168f8e72f

Time (s): cpu = 00:01:13 ; elapsed = 00:01:05 . Memory (MB): peak = 1222.250 ; gain = 49.547
Phase 6 Post Hold Fix | Checksum: 168f8e72f

Time (s): cpu = 00:01:13 ; elapsed = 00:01:05 . Memory (MB): peak = 1222.250 ; gain = 49.547

Phase 7 Route finalize

Router Utilization Summary
  Global Vertical Routing Utilization    = 0.374651 %
  Global Horizontal Routing Utilization  = 0.539807 %
  Routable Net Status*
  *Does not include unroutable nets such as driverless and loadless.
  Run report_route_status for detailed report.
  Number of Failed Nets               = 0
  Number of Unrouted Nets             = 0
  Number of Partially Routed Nets     = 0
  Number of Node Overlaps             = 0

Phase 7 Route finalize | Checksum: 17ecfa172

Time (s): cpu = 00:01:13 ; elapsed = 00:01:05 . Memory (MB): peak = 1222.250 ; gain = 49.547

Phase 8 Verifying routed nets

 Verification completed successfully
Phase 8 Verifying routed nets | Checksum: 17ecfa172

Time (s): cpu = 00:01:13 ; elapsed = 00:01:05 . Memory (MB): peak = 1222.250 ; gain = 49.547

Phase 9 Depositing Routes
Phase 9 Depositing Routes | Checksum: 2021d2ae6

Time (s): cpu = 00:01:13 ; elapsed = 00:01:05 . Memory (MB): peak = 1222.250 ; gain = 49.547

Phase 10 Post Router Timing
INFO: [Route 35-57] Estimated Timing Summary | WNS=2.674  | TNS=0.000  | WHS=0.019  | THS=0.000  |

INFO: [Route 35-327] The final timing numbers are based on the router estimated timing analysis. For a complete and accurate timing signoff, please run report_timing_summary.
Phase 10 Post Router Timing | Checksum: 2021d2ae6

Time (s): cpu = 00:01:13 ; elapsed = 00:01:05 . Memory (MB): peak = 1222.250 ; gain = 49.547
INFO: [Route 35-16] Router Completed Successfully

Time (s): cpu = 00:01:14 ; elapsed = 00:01:06 . Memory (MB): peak = 1222.250 ; gain = 49.547

Routing Is Done.
INFO: [Common 17-83] Releasing license: Implementation
75 Infos, 5 Warnings, 0 Critical Warnings and 0 Errors encountered.
route_design completed successfully
route_design: Time (s): cpu = 00:01:19 ; elapsed = 00:01:08 . Memory (MB): peak = 1222.250 ; gain = 49.547
Writing placer database...
Writing XDEF routing.
Writing XDEF routing logical nets.
Writing XDEF routing special nets.
Write XDEF Complete: Time (s): cpu = 00:00:02 ; elapsed = 00:00:00.965 . Memory (MB): peak = 1222.250 ; gain = 0.000
INFO: [Common 17-1381] The checkpoint 'A:/COMP_ARCH/PYNQ_Projects/Vivado_prj/nonseq_array_prefetch/nonseq_array_prefetch.runs/impl_1/design_1_wrapper_routed.dcp' has been generated.
INFO: [DRC 23-27] Running DRC with 2 threads
INFO: [Coretcl 2-168] The results of DRC are in file A:/COMP_ARCH/PYNQ_Projects/Vivado_prj/nonseq_array_prefetch/nonseq_array_prefetch.runs/impl_1/design_1_wrapper_drc_routed.rpt.
INFO: [Timing 38-35] Done setting XDC timing constraints.
INFO: [DRC 23-133] Running Methodology with 2 threads
INFO: [Coretcl 2-1520] The results of Report Methodology are in file A:/COMP_ARCH/PYNQ_Projects/Vivado_prj/nonseq_array_prefetch/nonseq_array_prefetch.runs/impl_1/design_1_wrapper_methodology_drc_routed.rpt.
INFO: [Timing 38-35] Done setting XDC timing constraints.
INFO: [Timing 38-91] UpdateTimingParams: Speed grade: -1, Delay Type: min_max.
INFO: [Timing 38-191] Multithreading enabled for timing update using a maximum of 2 CPUs
INFO: [Timing 38-35] Done setting XDC timing constraints.
Command: report_power -file design_1_wrapper_power_routed.rpt -pb design_1_wrapper_power_summary_routed.pb -rpx design_1_wrapper_power_routed.rpx
Running Vector-less Activity Propagation...

Finished Running Vector-less Activity Propagation
85 Infos, 5 Warnings, 0 Critical Warnings and 0 Errors encountered.
report_power completed successfully
Command: write_bitstream -force -no_partial_bitfile design_1_wrapper.bit
Attempting to get a license for feature 'Implementation' and/or device 'xc7z020'
INFO: [Common 17-349] Got license for feature 'Implementation' and/or device 'xc7z020'
Running DRC as a precondition to command write_bitstream
INFO: [DRC 23-27] Running DRC with 2 threads
WARNING: [DRC 23-20] Rule violation (REQP-1840) RAMB18 async control check - The RAMB18E1 design_1_i/nonseq_prefetch_0/inst/nonseq_prefetch_A_BUS_m_axi_U/bus_read/buff_rdata/mem_reg has an input control pin design_1_i/nonseq_prefetch_0/inst/nonseq_prefetch_A_BUS_m_axi_U/bus_read/buff_rdata/mem_reg/ENARDEN (net: design_1_i/nonseq_prefetch_0/inst/nonseq_prefetch_A_BUS_m_axi_U/bus_read/buff_rdata/mem_reg_ENARDEN_cooolgate_en_sig_1) which is driven by a register (design_1_i/axi_mem_intercon/s00_couplers/auto_pc/inst/gen_axi4_axi3.axi3_conv_inst/USE_READ.USE_SPLIT_R.read_addr_inst/USE_R_CHANNEL.cmd_queue/inst/fifo_gen_inst/inst_fifo_gen/gconvfifo.rf/grf.rf/gntv_or_sync_fifo.gl0.rd/gr1.gr1_int.rfwft/empty_fwft_i_reg) that has an active asychronous set or reset. This may cause corruption of the memory contents and/or read values when the set/reset is asserted and is not analyzed by the default static timing analysis. It is suggested to eliminate the use of a set/reset to registers driving this RAMB pin or else use a synchronous reset in which the assertion of the reset is timed by default.
WARNING: [DRC 23-20] Rule violation (REQP-1840) RAMB18 async control check - The RAMB18E1 design_1_i/nonseq_prefetch_0/inst/nonseq_prefetch_A_BUS_m_axi_U/bus_read/buff_rdata/mem_reg has an input control pin design_1_i/nonseq_prefetch_0/inst/nonseq_prefetch_A_BUS_m_axi_U/bus_read/buff_rdata/mem_reg/WEBWE[0] (net: design_1_i/nonseq_prefetch_0/inst/nonseq_prefetch_A_BUS_m_axi_U/bus_read/buff_rdata/m_axi_A_BUS_RVALID) which is driven by a register (design_1_i/axi_mem_intercon/s00_couplers/auto_pc/inst/gen_axi4_axi3.axi3_conv_inst/USE_READ.USE_SPLIT_R.read_addr_inst/USE_R_CHANNEL.cmd_queue/inst/fifo_gen_inst/inst_fifo_gen/gconvfifo.rf/grf.rf/gntv_or_sync_fifo.gl0.rd/gr1.gr1_int.rfwft/empty_fwft_i_reg) that has an active asychronous set or reset. This may cause corruption of the memory contents and/or read values when the set/reset is asserted and is not analyzed by the default static timing analysis. It is suggested to eliminate the use of a set/reset to registers driving this RAMB pin or else use a synchronous reset in which the assertion of the reset is timed by default.
WARNING: [DRC 23-20] Rule violation (REQP-1840) RAMB18 async control check - The RAMB18E1 design_1_i/nonseq_prefetch_0/inst/nonseq_prefetch_A_BUS_m_axi_U/bus_read/buff_rdata/mem_reg has an input control pin design_1_i/nonseq_prefetch_0/inst/nonseq_prefetch_A_BUS_m_axi_U/bus_read/buff_rdata/mem_reg/WEBWE[1] (net: design_1_i/nonseq_prefetch_0/inst/nonseq_prefetch_A_BUS_m_axi_U/bus_read/buff_rdata/m_axi_A_BUS_RVALID) which is driven by a register (design_1_i/axi_mem_intercon/s00_couplers/auto_pc/inst/gen_axi4_axi3.axi3_conv_inst/USE_READ.USE_SPLIT_R.read_addr_inst/USE_R_CHANNEL.cmd_queue/inst/fifo_gen_inst/inst_fifo_gen/gconvfifo.rf/grf.rf/gntv_or_sync_fifo.gl0.rd/gr1.gr1_int.rfwft/empty_fwft_i_reg) that has an active asychronous set or reset. This may cause corruption of the memory contents and/or read values when the set/reset is asserted and is not analyzed by the default static timing analysis. It is suggested to eliminate the use of a set/reset to registers driving this RAMB pin or else use a synchronous reset in which the assertion of the reset is timed by default.
WARNING: [DRC 23-20] Rule violation (REQP-1840) RAMB18 async control check - The RAMB18E1 design_1_i/nonseq_prefetch_0/inst/nonseq_prefetch_A_BUS_m_axi_U/bus_read/buff_rdata/mem_reg has an input control pin design_1_i/nonseq_prefetch_0/inst/nonseq_prefetch_A_BUS_m_axi_U/bus_read/buff_rdata/mem_reg/WEBWE[2] (net: design_1_i/nonseq_prefetch_0/inst/nonseq_prefetch_A_BUS_m_axi_U/bus_read/buff_rdata/m_axi_A_BUS_RVALID) which is driven by a register (design_1_i/axi_mem_intercon/s00_couplers/auto_pc/inst/gen_axi4_axi3.axi3_conv_inst/USE_READ.USE_SPLIT_R.read_addr_inst/USE_R_CHANNEL.cmd_queue/inst/fifo_gen_inst/inst_fifo_gen/gconvfifo.rf/grf.rf/gntv_or_sync_fifo.gl0.rd/gr1.gr1_int.rfwft/empty_fwft_i_reg) that has an active asychronous set or reset. This may cause corruption of the memory contents and/or read values when the set/reset is asserted and is not analyzed by the default static timing analysis. It is suggested to eliminate the use of a set/reset to registers driving this RAMB pin or else use a synchronous reset in which the assertion of the reset is timed by default.
WARNING: [DRC 23-20] Rule violation (REQP-1840) RAMB18 async control check - The RAMB18E1 design_1_i/nonseq_prefetch_0/inst/nonseq_prefetch_A_BUS_m_axi_U/bus_read/buff_rdata/mem_reg has an input control pin design_1_i/nonseq_prefetch_0/inst/nonseq_prefetch_A_BUS_m_axi_U/bus_read/buff_rdata/mem_reg/WEBWE[3] (net: design_1_i/nonseq_prefetch_0/inst/nonseq_prefetch_A_BUS_m_axi_U/bus_read/buff_rdata/m_axi_A_BUS_RVALID) which is driven by a register (design_1_i/axi_mem_intercon/s00_couplers/auto_pc/inst/gen_axi4_axi3.axi3_conv_inst/USE_READ.USE_SPLIT_R.read_addr_inst/USE_R_CHANNEL.cmd_queue/inst/fifo_gen_inst/inst_fifo_gen/gconvfifo.rf/grf.rf/gntv_or_sync_fifo.gl0.rd/gr1.gr1_int.rfwft/empty_fwft_i_reg) that has an active asychronous set or reset. This may cause corruption of the memory contents and/or read values when the set/reset is asserted and is not analyzed by the default static timing analysis. It is suggested to eliminate the use of a set/reset to registers driving this RAMB pin or else use a synchronous reset in which the assertion of the reset is timed by default.
WARNING: [DRC 23-20] Rule violation (RTSTAT-10) No routable loads - 38 net(s) have no routable loads. The problem bus(es) and/or net(s) are design_1_i/axi_mem_intercon/s00_couplers/auto_pc/inst/gen_axi4_axi3.axi3_conv_inst/USE_READ.USE_SPLIT_R.read_addr_inst/USE_R_CHANNEL.cmd_queue/inst/fifo_gen_inst/inst_fifo_gen/gconvfifo.rf/grf.rf/gntv_or_sync_fifo.gl0.rd/gr1.gr1_int.rfwft/aempty_fwft_i, design_1_i/axi_mem_intercon/s00_couplers/s00_data_fifo/inst/gen_fifo.fifo_gen_inst/inst_fifo_gen/gaxi_full_lite.gread_ch.grdch2.axi_rdch/grf.rf/gntv_or_sync_fifo.gl0.rd/gr1.gr1_int.rfwft/aempty_fwft_i, design_1_i/axi_mem_intercon/s00_couplers/auto_pc/inst/gen_axi4_axi3.axi3_conv_inst/USE_WRITE.write_addr_inst/USE_B_CHANNEL.cmd_b_queue/inst/fifo_gen_inst/inst_fifo_gen/gconvfifo.rf/grf.rf/gntv_or_sync_fifo.gl0.rd/gr1.gr1_int.rfwft/aempty_fwft_i, design_1_i/axi_mem_intercon/s00_couplers/s00_data_fifo/inst/gen_fifo.fifo_gen_inst/inst_fifo_gen/gaxi_full_lite.gwrite_ch.gwdch2.axi_wdch/grf.rf/gntv_or_sync_fifo.gl0.rd/gr1.gr1_int.rfwft/aempty_fwft_i, design_1_i/axi_mem_intercon/s00_couplers/auto_pc/inst/gen_axi4_axi3.axi3_conv_inst/USE_WRITE.write_addr_inst/USE_BURSTS.cmd_queue/inst/fifo_gen_inst/inst_fifo_gen/gconvfifo.rf/grf.rf/gntv_or_sync_fifo.gl0.rd/gr1.gr1_int.rfwft/aempty_fwft_i, design_1_i/axi_mem_intercon/s00_couplers/auto_pc/inst/gen_axi4_axi3.axi3_conv_inst/USE_WRITE.write_addr_inst/USE_BURSTS.cmd_queue/inst/fifo_gen_inst/inst_fifo_gen/gconvfifo.rf/grf.rf/gntv_or_sync_fifo.gl0.rd/gr1.gr1_int.rfwft/empty_fwft_i, design_1_i/axi_mem_intercon/s00_couplers/auto_pc/inst/gen_axi4_axi3.axi3_conv_inst/USE_READ.USE_SPLIT_R.read_addr_inst/USE_R_CHANNEL.cmd_queue/inst/fifo_gen_inst/inst_fifo_gen/gconvfifo.rf/grf.rf/gntv_or_sync_fifo.gl0.wr/gwss.wsts/ram_afull_fb, design_1_i/axi_mem_intercon/s00_couplers/s00_data_fifo/inst/gen_fifo.fifo_gen_inst/inst_fifo_gen/gaxi_full_lite.gread_ch.grdch2.axi_rdch/grf.rf/gntv_or_sync_fifo.gl0.wr/gwss.wsts/ram_afull_fb, design_1_i/axi_mem_intercon/s00_couplers/auto_pc/inst/gen_axi4_axi3.axi3_conv_inst/USE_WRITE.write_addr_inst/USE_B_CHANNEL.cmd_b_queue/inst/fifo_gen_inst/inst_fifo_gen/gconvfifo.rf/grf.rf/gntv_or_sync_fifo.gl0.wr/gwss.wsts/ram_afull_fb, design_1_i/axi_mem_intercon/s00_couplers/auto_pc/inst/gen_axi4_axi3.axi3_conv_inst/USE_WRITE.write_addr_inst/USE_BURSTS.cmd_queue/inst/fifo_gen_inst/inst_fifo_gen/gconvfifo.rf/grf.rf/gntv_or_sync_fifo.gl0.wr/gwss.wsts/ram_afull_fb, design_1_i/axi_mem_intercon/s00_couplers/s00_data_fifo/inst/gen_fifo.fifo_gen_inst/inst_fifo_gen/gaxi_full_lite.gwrite_ch.gwdch2.axi_wdch/grf.rf/gntv_or_sync_fifo.gl0.wr/gwss.wsts/ram_afull_fb, design_1_i/axi_mem_intercon/s00_couplers/s00_data_fifo/inst/gen_fifo.fifo_gen_inst/inst_fifo_gen/gaxi_full_lite.gwrite_ch.gwdch2.axi_wdch/grf.rf/gntv_or_sync_fifo.gl0.wr/gwss.wsts/ram_afull_i, design_1_i/axi_mem_intercon/s00_couplers/auto_pc/inst/gen_axi4_axi3.axi3_conv_inst/USE_READ.USE_SPLIT_R.read_addr_inst/USE_R_CHANNEL.cmd_queue/inst/fifo_gen_inst/inst_fifo_gen/gconvfifo.rf/grf.rf/gntv_or_sync_fifo.gl0.wr/gwss.wsts/ram_afull_i, design_1_i/axi_mem_intercon/s00_couplers/s00_data_fifo/inst/gen_fifo.fifo_gen_inst/inst_fifo_gen/gaxi_full_lite.gread_ch.grdch2.axi_rdch/grf.rf/gntv_or_sync_fifo.gl0.wr/gwss.wsts/ram_afull_i, design_1_i/axi_mem_intercon/s00_couplers/auto_pc/inst/gen_axi4_axi3.axi3_conv_inst/USE_WRITE.write_addr_inst/USE_B_CHANNEL.cmd_b_queue/inst/fifo_gen_inst/inst_fifo_gen/gconvfifo.rf/grf.rf/gntv_or_sync_fifo.gl0.wr/gwss.wsts/ram_afull_i (the first 15 of 38 listed).
INFO: [Vivado 12-3199] DRC finished with 0 Errors, 6 Warnings
INFO: [Vivado 12-3200] Please refer to the DRC report (report_drc) for more information.
Loading data files...
Loading site data...
Loading route data...
Processing options...
Creating bitmap...
Creating bitstream...
Writing bitstream ./design_1_wrapper.bit...
INFO: [Vivado 12-1842] Bitgen Completed Successfully.
INFO: [Project 1-120] WebTalk data collection is mandatory when using a WebPACK part without a full Vivado license. To see the specific WebTalk data collected for your design, open the usage_statistics_webtalk.html or usage_statistics_webtalk.xml file in the implementation directory.
INFO: [Common 17-83] Releasing license: Implementation
92 Infos, 11 Warnings, 0 Critical Warnings and 0 Errors encountered.
write_bitstream completed successfully
write_bitstream: Time (s): cpu = 00:00:32 ; elapsed = 00:00:32 . Memory (MB): peak = 1616.348 ; gain = 360.293
INFO: [Common 17-206] Exiting Vivado at Tue Jul 07 19:10:00 2020...
