
*** Running vivado
    with args -log design_1_xbar_0.vds -m64 -product Vivado -mode batch -messageDb vivado.pb -notrace -source design_1_xbar_0.tcl


****** Vivado v2016.3 (64-bit)
  **** SW Build 1682563 on Mon Oct 10 19:07:27 MDT 2016
  **** IP Build 1681267 on Mon Oct 10 21:28:31 MDT 2016
    ** Copyright 1986-2016 Xilinx, Inc. All Rights Reserved.

source design_1_xbar_0.tcl -notrace
Starting RTL Elaboration : Time (s): cpu = 00:00:24 ; elapsed = 00:00:29 . Memory (MB): peak = 354.574 ; gain = 145.211
INFO: [Synth 8-638] synthesizing module 'design_1_xbar_0' [a:/COMP_ARCH/PYNQ_Projects/Vivado_prj/Pureprefetch_log/Pureprefetch_log.srcs/sources_1/bd/design_1/ip/design_1_xbar_0/synth/design_1_xbar_0.v:59]
INFO: [Synth 8-638] synthesizing module 'axi_crossbar_v2_1_11_axi_crossbar' [a:/COMP_ARCH/PYNQ_Projects/Vivado_prj/Pureprefetch_log/Pureprefetch_log.srcs/sources_1/bd/design_1/ipshared/d552/hdl/axi_crossbar_v2_1_vl_rfs.v:4882]
INFO: [Synth 8-638] synthesizing module 'axi_crossbar_v2_1_11_crossbar' [a:/COMP_ARCH/PYNQ_Projects/Vivado_prj/Pureprefetch_log/Pureprefetch_log.srcs/sources_1/bd/design_1/ipshared/d552/hdl/axi_crossbar_v2_1_vl_rfs.v:2239]
INFO: [Synth 8-638] synthesizing module 'axi_crossbar_v2_1_11_si_transactor' [a:/COMP_ARCH/PYNQ_Projects/Vivado_prj/Pureprefetch_log/Pureprefetch_log.srcs/sources_1/bd/design_1/ipshared/d552/hdl/axi_crossbar_v2_1_vl_rfs.v:3798]
INFO: [Synth 8-638] synthesizing module 'axi_crossbar_v2_1_11_addr_decoder' [a:/COMP_ARCH/PYNQ_Projects/Vivado_prj/Pureprefetch_log/Pureprefetch_log.srcs/sources_1/bd/design_1/ipshared/d552/hdl/axi_crossbar_v2_1_vl_rfs.v:794]
INFO: [Synth 8-638] synthesizing module 'generic_baseblocks_v2_1_0_comparator_static' [a:/COMP_ARCH/PYNQ_Projects/Vivado_prj/Pureprefetch_log/Pureprefetch_log.srcs/sources_1/bd/design_1/ipshared/7ee0/hdl/generic_baseblocks_v2_1_vl_rfs.v:2133]
INFO: [Synth 8-638] synthesizing module 'generic_baseblocks_v2_1_0_carry_and' [a:/COMP_ARCH/PYNQ_Projects/Vivado_prj/Pureprefetch_log/Pureprefetch_log.srcs/sources_1/bd/design_1/ipshared/7ee0/hdl/generic_baseblocks_v2_1_vl_rfs.v:62]
INFO: [Synth 8-256] done synthesizing module 'generic_baseblocks_v2_1_0_carry_and' (1#1) [a:/COMP_ARCH/PYNQ_Projects/Vivado_prj/Pureprefetch_log/Pureprefetch_log.srcs/sources_1/bd/design_1/ipshared/7ee0/hdl/generic_baseblocks_v2_1_vl_rfs.v:62]
INFO: [Synth 8-256] done synthesizing module 'generic_baseblocks_v2_1_0_comparator_static' (2#1) [a:/COMP_ARCH/PYNQ_Projects/Vivado_prj/Pureprefetch_log/Pureprefetch_log.srcs/sources_1/bd/design_1/ipshared/7ee0/hdl/generic_baseblocks_v2_1_vl_rfs.v:2133]
INFO: [Synth 8-638] synthesizing module 'generic_baseblocks_v2_1_0_comparator_static__parameterized0' [a:/COMP_ARCH/PYNQ_Projects/Vivado_prj/Pureprefetch_log/Pureprefetch_log.srcs/sources_1/bd/design_1/ipshared/7ee0/hdl/generic_baseblocks_v2_1_vl_rfs.v:2133]
INFO: [Synth 8-256] done synthesizing module 'generic_baseblocks_v2_1_0_comparator_static__parameterized0' (2#1) [a:/COMP_ARCH/PYNQ_Projects/Vivado_prj/Pureprefetch_log/Pureprefetch_log.srcs/sources_1/bd/design_1/ipshared/7ee0/hdl/generic_baseblocks_v2_1_vl_rfs.v:2133]
INFO: [Synth 8-638] synthesizing module 'generic_baseblocks_v2_1_0_comparator_static__parameterized1' [a:/COMP_ARCH/PYNQ_Projects/Vivado_prj/Pureprefetch_log/Pureprefetch_log.srcs/sources_1/bd/design_1/ipshared/7ee0/hdl/generic_baseblocks_v2_1_vl_rfs.v:2133]
INFO: [Synth 8-256] done synthesizing module 'generic_baseblocks_v2_1_0_comparator_static__parameterized1' (2#1) [a:/COMP_ARCH/PYNQ_Projects/Vivado_prj/Pureprefetch_log/Pureprefetch_log.srcs/sources_1/bd/design_1/ipshared/7ee0/hdl/generic_baseblocks_v2_1_vl_rfs.v:2133]
INFO: [Synth 8-638] synthesizing module 'generic_baseblocks_v2_1_0_comparator_static__parameterized2' [a:/COMP_ARCH/PYNQ_Projects/Vivado_prj/Pureprefetch_log/Pureprefetch_log.srcs/sources_1/bd/design_1/ipshared/7ee0/hdl/generic_baseblocks_v2_1_vl_rfs.v:2133]
INFO: [Synth 8-256] done synthesizing module 'generic_baseblocks_v2_1_0_comparator_static__parameterized2' (2#1) [a:/COMP_ARCH/PYNQ_Projects/Vivado_prj/Pureprefetch_log/Pureprefetch_log.srcs/sources_1/bd/design_1/ipshared/7ee0/hdl/generic_baseblocks_v2_1_vl_rfs.v:2133]
INFO: [Synth 8-256] done synthesizing module 'axi_crossbar_v2_1_11_addr_decoder' (3#1) [a:/COMP_ARCH/PYNQ_Projects/Vivado_prj/Pureprefetch_log/Pureprefetch_log.srcs/sources_1/bd/design_1/ipshared/d552/hdl/axi_crossbar_v2_1_vl_rfs.v:794]
INFO: [Synth 8-638] synthesizing module 'axi_data_fifo_v2_1_9_axic_srl_fifo' [a:/COMP_ARCH/PYNQ_Projects/Vivado_prj/Pureprefetch_log/Pureprefetch_log.srcs/sources_1/bd/design_1/ipshared/10b8/hdl/axi_data_fifo_v2_1_vl_rfs.v:698]
INFO: [Synth 8-638] synthesizing module 'axi_data_fifo_v2_1_9_ndeep_srl' [a:/COMP_ARCH/PYNQ_Projects/Vivado_prj/Pureprefetch_log/Pureprefetch_log.srcs/sources_1/bd/design_1/ipshared/10b8/hdl/axi_data_fifo_v2_1_vl_rfs.v:1134]
INFO: [Synth 8-638] synthesizing module 'SRLC32E' [C:/Xilinx/Vivado/2016.3/scripts/rt/data/unisim_comp.v:43478]
INFO: [Synth 8-256] done synthesizing module 'SRLC32E' (4#1) [C:/Xilinx/Vivado/2016.3/scripts/rt/data/unisim_comp.v:43478]
INFO: [Synth 8-256] done synthesizing module 'axi_data_fifo_v2_1_9_ndeep_srl' (5#1) [a:/COMP_ARCH/PYNQ_Projects/Vivado_prj/Pureprefetch_log/Pureprefetch_log.srcs/sources_1/bd/design_1/ipshared/10b8/hdl/axi_data_fifo_v2_1_vl_rfs.v:1134]
INFO: [Synth 8-256] done synthesizing module 'axi_data_fifo_v2_1_9_axic_srl_fifo' (6#1) [a:/COMP_ARCH/PYNQ_Projects/Vivado_prj/Pureprefetch_log/Pureprefetch_log.srcs/sources_1/bd/design_1/ipshared/10b8/hdl/axi_data_fifo_v2_1_vl_rfs.v:698]
INFO: [Synth 8-638] synthesizing module 'generic_baseblocks_v2_1_0_mux_enc' [a:/COMP_ARCH/PYNQ_Projects/Vivado_prj/Pureprefetch_log/Pureprefetch_log.srcs/sources_1/bd/design_1/ipshared/7ee0/hdl/generic_baseblocks_v2_1_vl_rfs.v:2452]
INFO: [Synth 8-256] done synthesizing module 'generic_baseblocks_v2_1_0_mux_enc' (7#1) [a:/COMP_ARCH/PYNQ_Projects/Vivado_prj/Pureprefetch_log/Pureprefetch_log.srcs/sources_1/bd/design_1/ipshared/7ee0/hdl/generic_baseblocks_v2_1_vl_rfs.v:2452]
INFO: [Synth 8-256] done synthesizing module 'axi_crossbar_v2_1_11_si_transactor' (8#1) [a:/COMP_ARCH/PYNQ_Projects/Vivado_prj/Pureprefetch_log/Pureprefetch_log.srcs/sources_1/bd/design_1/ipshared/d552/hdl/axi_crossbar_v2_1_vl_rfs.v:3798]
INFO: [Synth 8-638] synthesizing module 'axi_crossbar_v2_1_11_si_transactor__parameterized0' [a:/COMP_ARCH/PYNQ_Projects/Vivado_prj/Pureprefetch_log/Pureprefetch_log.srcs/sources_1/bd/design_1/ipshared/d552/hdl/axi_crossbar_v2_1_vl_rfs.v:3798]
INFO: [Synth 8-638] synthesizing module 'generic_baseblocks_v2_1_0_mux_enc__parameterized0' [a:/COMP_ARCH/PYNQ_Projects/Vivado_prj/Pureprefetch_log/Pureprefetch_log.srcs/sources_1/bd/design_1/ipshared/7ee0/hdl/generic_baseblocks_v2_1_vl_rfs.v:2452]
INFO: [Synth 8-256] done synthesizing module 'generic_baseblocks_v2_1_0_mux_enc__parameterized0' (8#1) [a:/COMP_ARCH/PYNQ_Projects/Vivado_prj/Pureprefetch_log/Pureprefetch_log.srcs/sources_1/bd/design_1/ipshared/7ee0/hdl/generic_baseblocks_v2_1_vl_rfs.v:2452]
INFO: [Synth 8-256] done synthesizing module 'axi_crossbar_v2_1_11_si_transactor__parameterized0' (8#1) [a:/COMP_ARCH/PYNQ_Projects/Vivado_prj/Pureprefetch_log/Pureprefetch_log.srcs/sources_1/bd/design_1/ipshared/d552/hdl/axi_crossbar_v2_1_vl_rfs.v:3798]
INFO: [Synth 8-638] synthesizing module 'axi_crossbar_v2_1_11_splitter' [a:/COMP_ARCH/PYNQ_Projects/Vivado_prj/Pureprefetch_log/Pureprefetch_log.srcs/sources_1/bd/design_1/ipshared/d552/hdl/axi_crossbar_v2_1_vl_rfs.v:4459]
INFO: [Synth 8-256] done synthesizing module 'axi_crossbar_v2_1_11_splitter' (9#1) [a:/COMP_ARCH/PYNQ_Projects/Vivado_prj/Pureprefetch_log/Pureprefetch_log.srcs/sources_1/bd/design_1/ipshared/d552/hdl/axi_crossbar_v2_1_vl_rfs.v:4459]
INFO: [Synth 8-638] synthesizing module 'axi_crossbar_v2_1_11_wdata_router' [a:/COMP_ARCH/PYNQ_Projects/Vivado_prj/Pureprefetch_log/Pureprefetch_log.srcs/sources_1/bd/design_1/ipshared/d552/hdl/axi_crossbar_v2_1_vl_rfs.v:4734]
INFO: [Synth 8-638] synthesizing module 'axi_data_fifo_v2_1_9_axic_reg_srl_fifo' [a:/COMP_ARCH/PYNQ_Projects/Vivado_prj/Pureprefetch_log/Pureprefetch_log.srcs/sources_1/bd/design_1/ipshared/10b8/hdl/axi_data_fifo_v2_1_vl_rfs.v:889]
INFO: [Synth 8-638] synthesizing module 'axi_data_fifo_v2_1_9_ndeep_srl__parameterized0' [a:/COMP_ARCH/PYNQ_Projects/Vivado_prj/Pureprefetch_log/Pureprefetch_log.srcs/sources_1/bd/design_1/ipshared/10b8/hdl/axi_data_fifo_v2_1_vl_rfs.v:1134]
INFO: [Synth 8-256] done synthesizing module 'axi_data_fifo_v2_1_9_ndeep_srl__parameterized0' (9#1) [a:/COMP_ARCH/PYNQ_Projects/Vivado_prj/Pureprefetch_log/Pureprefetch_log.srcs/sources_1/bd/design_1/ipshared/10b8/hdl/axi_data_fifo_v2_1_vl_rfs.v:1134]
INFO: [Synth 8-638] synthesizing module 'axi_data_fifo_v2_1_9_ndeep_srl__parameterized1' [a:/COMP_ARCH/PYNQ_Projects/Vivado_prj/Pureprefetch_log/Pureprefetch_log.srcs/sources_1/bd/design_1/ipshared/10b8/hdl/axi_data_fifo_v2_1_vl_rfs.v:1134]
INFO: [Synth 8-256] done synthesizing module 'axi_data_fifo_v2_1_9_ndeep_srl__parameterized1' (9#1) [a:/COMP_ARCH/PYNQ_Projects/Vivado_prj/Pureprefetch_log/Pureprefetch_log.srcs/sources_1/bd/design_1/ipshared/10b8/hdl/axi_data_fifo_v2_1_vl_rfs.v:1134]
INFO: [Synth 8-256] done synthesizing module 'axi_data_fifo_v2_1_9_axic_reg_srl_fifo' (10#1) [a:/COMP_ARCH/PYNQ_Projects/Vivado_prj/Pureprefetch_log/Pureprefetch_log.srcs/sources_1/bd/design_1/ipshared/10b8/hdl/axi_data_fifo_v2_1_vl_rfs.v:889]
INFO: [Synth 8-256] done synthesizing module 'axi_crossbar_v2_1_11_wdata_router' (11#1) [a:/COMP_ARCH/PYNQ_Projects/Vivado_prj/Pureprefetch_log/Pureprefetch_log.srcs/sources_1/bd/design_1/ipshared/d552/hdl/axi_crossbar_v2_1_vl_rfs.v:4734]
INFO: [Synth 8-638] synthesizing module 'axi_crossbar_v2_1_11_si_transactor__parameterized1' [a:/COMP_ARCH/PYNQ_Projects/Vivado_prj/Pureprefetch_log/Pureprefetch_log.srcs/sources_1/bd/design_1/ipshared/d552/hdl/axi_crossbar_v2_1_vl_rfs.v:3798]
INFO: [Synth 8-638] synthesizing module 'axi_crossbar_v2_1_11_addr_decoder__parameterized0' [a:/COMP_ARCH/PYNQ_Projects/Vivado_prj/Pureprefetch_log/Pureprefetch_log.srcs/sources_1/bd/design_1/ipshared/d552/hdl/axi_crossbar_v2_1_vl_rfs.v:794]
INFO: [Synth 8-638] synthesizing module 'generic_baseblocks_v2_1_0_comparator_static__parameterized3' [a:/COMP_ARCH/PYNQ_Projects/Vivado_prj/Pureprefetch_log/Pureprefetch_log.srcs/sources_1/bd/design_1/ipshared/7ee0/hdl/generic_baseblocks_v2_1_vl_rfs.v:2133]
INFO: [Synth 8-256] done synthesizing module 'generic_baseblocks_v2_1_0_comparator_static__parameterized3' (11#1) [a:/COMP_ARCH/PYNQ_Projects/Vivado_prj/Pureprefetch_log/Pureprefetch_log.srcs/sources_1/bd/design_1/ipshared/7ee0/hdl/generic_baseblocks_v2_1_vl_rfs.v:2133]
INFO: [Synth 8-256] done synthesizing module 'axi_crossbar_v2_1_11_addr_decoder__parameterized0' (11#1) [a:/COMP_ARCH/PYNQ_Projects/Vivado_prj/Pureprefetch_log/Pureprefetch_log.srcs/sources_1/bd/design_1/ipshared/d552/hdl/axi_crossbar_v2_1_vl_rfs.v:794]
INFO: [Synth 8-256] done synthesizing module 'axi_crossbar_v2_1_11_si_transactor__parameterized1' (11#1) [a:/COMP_ARCH/PYNQ_Projects/Vivado_prj/Pureprefetch_log/Pureprefetch_log.srcs/sources_1/bd/design_1/ipshared/d552/hdl/axi_crossbar_v2_1_vl_rfs.v:3798]
INFO: [Synth 8-638] synthesizing module 'axi_crossbar_v2_1_11_si_transactor__parameterized2' [a:/COMP_ARCH/PYNQ_Projects/Vivado_prj/Pureprefetch_log/Pureprefetch_log.srcs/sources_1/bd/design_1/ipshared/d552/hdl/axi_crossbar_v2_1_vl_rfs.v:3798]
INFO: [Synth 8-638] synthesizing module 'axi_crossbar_v2_1_11_addr_decoder__parameterized1' [a:/COMP_ARCH/PYNQ_Projects/Vivado_prj/Pureprefetch_log/Pureprefetch_log.srcs/sources_1/bd/design_1/ipshared/d552/hdl/axi_crossbar_v2_1_vl_rfs.v:794]
INFO: [Synth 8-638] synthesizing module 'generic_baseblocks_v2_1_0_comparator_static__parameterized4' [a:/COMP_ARCH/PYNQ_Projects/Vivado_prj/Pureprefetch_log/Pureprefetch_log.srcs/sources_1/bd/design_1/ipshared/7ee0/hdl/generic_baseblocks_v2_1_vl_rfs.v:2133]
INFO: [Synth 8-256] done synthesizing module 'generic_baseblocks_v2_1_0_comparator_static__parameterized4' (11#1) [a:/COMP_ARCH/PYNQ_Projects/Vivado_prj/Pureprefetch_log/Pureprefetch_log.srcs/sources_1/bd/design_1/ipshared/7ee0/hdl/generic_baseblocks_v2_1_vl_rfs.v:2133]
INFO: [Synth 8-256] done synthesizing module 'axi_crossbar_v2_1_11_addr_decoder__parameterized1' (11#1) [a:/COMP_ARCH/PYNQ_Projects/Vivado_prj/Pureprefetch_log/Pureprefetch_log.srcs/sources_1/bd/design_1/ipshared/d552/hdl/axi_crossbar_v2_1_vl_rfs.v:794]
INFO: [Synth 8-638] synthesizing module 'generic_baseblocks_v2_1_0_mux_enc__parameterized1' [a:/COMP_ARCH/PYNQ_Projects/Vivado_prj/Pureprefetch_log/Pureprefetch_log.srcs/sources_1/bd/design_1/ipshared/7ee0/hdl/generic_baseblocks_v2_1_vl_rfs.v:2452]
INFO: [Synth 8-256] done synthesizing module 'generic_baseblocks_v2_1_0_mux_enc__parameterized1' (11#1) [a:/COMP_ARCH/PYNQ_Projects/Vivado_prj/Pureprefetch_log/Pureprefetch_log.srcs/sources_1/bd/design_1/ipshared/7ee0/hdl/generic_baseblocks_v2_1_vl_rfs.v:2452]
INFO: [Synth 8-256] done synthesizing module 'axi_crossbar_v2_1_11_si_transactor__parameterized2' (11#1) [a:/COMP_ARCH/PYNQ_Projects/Vivado_prj/Pureprefetch_log/Pureprefetch_log.srcs/sources_1/bd/design_1/ipshared/d552/hdl/axi_crossbar_v2_1_vl_rfs.v:3798]
INFO: [Synth 8-638] synthesizing module 'axi_crossbar_v2_1_11_addr_decoder__parameterized2' [a:/COMP_ARCH/PYNQ_Projects/Vivado_prj/Pureprefetch_log/Pureprefetch_log.srcs/sources_1/bd/design_1/ipshared/d552/hdl/axi_crossbar_v2_1_vl_rfs.v:794]
INFO: [Synth 8-256] done synthesizing module 'axi_crossbar_v2_1_11_addr_decoder__parameterized2' (11#1) [a:/COMP_ARCH/PYNQ_Projects/Vivado_prj/Pureprefetch_log/Pureprefetch_log.srcs/sources_1/bd/design_1/ipshared/d552/hdl/axi_crossbar_v2_1_vl_rfs.v:794]
INFO: [Synth 8-638] synthesizing module 'axi_crossbar_v2_1_11_addr_decoder__parameterized3' [a:/COMP_ARCH/PYNQ_Projects/Vivado_prj/Pureprefetch_log/Pureprefetch_log.srcs/sources_1/bd/design_1/ipshared/d552/hdl/axi_crossbar_v2_1_vl_rfs.v:794]
INFO: [Synth 8-256] done synthesizing module 'axi_crossbar_v2_1_11_addr_decoder__parameterized3' (11#1) [a:/COMP_ARCH/PYNQ_Projects/Vivado_prj/Pureprefetch_log/Pureprefetch_log.srcs/sources_1/bd/design_1/ipshared/d552/hdl/axi_crossbar_v2_1_vl_rfs.v:794]
INFO: [Synth 8-638] synthesizing module 'axi_data_fifo_v2_1_9_axic_srl_fifo__parameterized0' [a:/COMP_ARCH/PYNQ_Projects/Vivado_prj/Pureprefetch_log/Pureprefetch_log.srcs/sources_1/bd/design_1/ipshared/10b8/hdl/axi_data_fifo_v2_1_vl_rfs.v:698]
INFO: [Synth 8-638] synthesizing module 'axi_data_fifo_v2_1_9_ndeep_srl__parameterized2' [a:/COMP_ARCH/PYNQ_Projects/Vivado_prj/Pureprefetch_log/Pureprefetch_log.srcs/sources_1/bd/design_1/ipshared/10b8/hdl/axi_data_fifo_v2_1_vl_rfs.v:1134]
INFO: [Synth 8-256] done synthesizing module 'axi_data_fifo_v2_1_9_ndeep_srl__parameterized2' (11#1) [a:/COMP_ARCH/PYNQ_Projects/Vivado_prj/Pureprefetch_log/Pureprefetch_log.srcs/sources_1/bd/design_1/ipshared/10b8/hdl/axi_data_fifo_v2_1_vl_rfs.v:1134]
INFO: [Synth 8-638] synthesizing module 'axi_data_fifo_v2_1_9_ndeep_srl__parameterized3' [a:/COMP_ARCH/PYNQ_Projects/Vivado_prj/Pureprefetch_log/Pureprefetch_log.srcs/sources_1/bd/design_1/ipshared/10b8/hdl/axi_data_fifo_v2_1_vl_rfs.v:1134]
INFO: [Synth 8-256] done synthesizing module 'axi_data_fifo_v2_1_9_ndeep_srl__parameterized3' (11#1) [a:/COMP_ARCH/PYNQ_Projects/Vivado_prj/Pureprefetch_log/Pureprefetch_log.srcs/sources_1/bd/design_1/ipshared/10b8/hdl/axi_data_fifo_v2_1_vl_rfs.v:1134]
INFO: [Synth 8-638] synthesizing module 'axi_data_fifo_v2_1_9_ndeep_srl__parameterized4' [a:/COMP_ARCH/PYNQ_Projects/Vivado_prj/Pureprefetch_log/Pureprefetch_log.srcs/sources_1/bd/design_1/ipshared/10b8/hdl/axi_data_fifo_v2_1_vl_rfs.v:1134]
INFO: [Synth 8-256] done synthesizing module 'axi_data_fifo_v2_1_9_ndeep_srl__parameterized4' (11#1) [a:/COMP_ARCH/PYNQ_Projects/Vivado_prj/Pureprefetch_log/Pureprefetch_log.srcs/sources_1/bd/design_1/ipshared/10b8/hdl/axi_data_fifo_v2_1_vl_rfs.v:1134]
INFO: [Synth 8-638] synthesizing module 'axi_data_fifo_v2_1_9_ndeep_srl__parameterized5' [a:/COMP_ARCH/PYNQ_Projects/Vivado_prj/Pureprefetch_log/Pureprefetch_log.srcs/sources_1/bd/design_1/ipshared/10b8/hdl/axi_data_fifo_v2_1_vl_rfs.v:1134]
INFO: [Synth 8-256] done synthesizing module 'axi_data_fifo_v2_1_9_ndeep_srl__parameterized5' (11#1) [a:/COMP_ARCH/PYNQ_Projects/Vivado_prj/Pureprefetch_log/Pureprefetch_log.srcs/sources_1/bd/design_1/ipshared/10b8/hdl/axi_data_fifo_v2_1_vl_rfs.v:1134]
INFO: [Synth 8-638] synthesizing module 'axi_data_fifo_v2_1_9_ndeep_srl__parameterized6' [a:/COMP_ARCH/PYNQ_Projects/Vivado_prj/Pureprefetch_log/Pureprefetch_log.srcs/sources_1/bd/design_1/ipshared/10b8/hdl/axi_data_fifo_v2_1_vl_rfs.v:1134]
INFO: [Synth 8-256] done synthesizing module 'axi_data_fifo_v2_1_9_ndeep_srl__parameterized6' (11#1) [a:/COMP_ARCH/PYNQ_Projects/Vivado_prj/Pureprefetch_log/Pureprefetch_log.srcs/sources_1/bd/design_1/ipshared/10b8/hdl/axi_data_fifo_v2_1_vl_rfs.v:1134]
INFO: [Synth 8-638] synthesizing module 'axi_data_fifo_v2_1_9_ndeep_srl__parameterized7' [a:/COMP_ARCH/PYNQ_Projects/Vivado_prj/Pureprefetch_log/Pureprefetch_log.srcs/sources_1/bd/design_1/ipshared/10b8/hdl/axi_data_fifo_v2_1_vl_rfs.v:1134]
INFO: [Synth 8-256] done synthesizing module 'axi_data_fifo_v2_1_9_ndeep_srl__parameterized7' (11#1) [a:/COMP_ARCH/PYNQ_Projects/Vivado_prj/Pureprefetch_log/Pureprefetch_log.srcs/sources_1/bd/design_1/ipshared/10b8/hdl/axi_data_fifo_v2_1_vl_rfs.v:1134]
INFO: [Synth 8-638] synthesizing module 'axi_data_fifo_v2_1_9_ndeep_srl__parameterized8' [a:/COMP_ARCH/PYNQ_Projects/Vivado_prj/Pureprefetch_log/Pureprefetch_log.srcs/sources_1/bd/design_1/ipshared/10b8/hdl/axi_data_fifo_v2_1_vl_rfs.v:1134]
INFO: [Synth 8-256] done synthesizing module 'axi_data_fifo_v2_1_9_ndeep_srl__parameterized8' (11#1) [a:/COMP_ARCH/PYNQ_Projects/Vivado_prj/Pureprefetch_log/Pureprefetch_log.srcs/sources_1/bd/design_1/ipshared/10b8/hdl/axi_data_fifo_v2_1_vl_rfs.v:1134]
INFO: [Synth 8-638] synthesizing module 'axi_data_fifo_v2_1_9_ndeep_srl__parameterized9' [a:/COMP_ARCH/PYNQ_Projects/Vivado_prj/Pureprefetch_log/Pureprefetch_log.srcs/sources_1/bd/design_1/ipshared/10b8/hdl/axi_data_fifo_v2_1_vl_rfs.v:1134]
INFO: [Synth 8-256] done synthesizing module 'axi_data_fifo_v2_1_9_ndeep_srl__parameterized9' (11#1) [a:/COMP_ARCH/PYNQ_Projects/Vivado_prj/Pureprefetch_log/Pureprefetch_log.srcs/sources_1/bd/design_1/ipshared/10b8/hdl/axi_data_fifo_v2_1_vl_rfs.v:1134]
INFO: [Synth 8-256] done synthesizing module 'axi_data_fifo_v2_1_9_axic_srl_fifo__parameterized0' (11#1) [a:/COMP_ARCH/PYNQ_Projects/Vivado_prj/Pureprefetch_log/Pureprefetch_log.srcs/sources_1/bd/design_1/ipshared/10b8/hdl/axi_data_fifo_v2_1_vl_rfs.v:698]
INFO: [Synth 8-638] synthesizing module 'axi_crossbar_v2_1_11_wdata_mux' [a:/COMP_ARCH/PYNQ_Projects/Vivado_prj/Pureprefetch_log/Pureprefetch_log.srcs/sources_1/bd/design_1/ipshared/d552/hdl/axi_crossbar_v2_1_vl_rfs.v:4559]
INFO: [Synth 8-638] synthesizing module 'axi_data_fifo_v2_1_9_axic_reg_srl_fifo__parameterized0' [a:/COMP_ARCH/PYNQ_Projects/Vivado_prj/Pureprefetch_log/Pureprefetch_log.srcs/sources_1/bd/design_1/ipshared/10b8/hdl/axi_data_fifo_v2_1_vl_rfs.v:889]
INFO: [Synth 8-638] synthesizing module 'axi_data_fifo_v2_1_9_ndeep_srl__parameterized10' [a:/COMP_ARCH/PYNQ_Projects/Vivado_prj/Pureprefetch_log/Pureprefetch_log.srcs/sources_1/bd/design_1/ipshared/10b8/hdl/axi_data_fifo_v2_1_vl_rfs.v:1134]
INFO: [Synth 8-256] done synthesizing module 'axi_data_fifo_v2_1_9_ndeep_srl__parameterized10' (11#1) [a:/COMP_ARCH/PYNQ_Projects/Vivado_prj/Pureprefetch_log/Pureprefetch_log.srcs/sources_1/bd/design_1/ipshared/10b8/hdl/axi_data_fifo_v2_1_vl_rfs.v:1134]
INFO: [Synth 8-256] done synthesizing module 'axi_data_fifo_v2_1_9_axic_reg_srl_fifo__parameterized0' (11#1) [a:/COMP_ARCH/PYNQ_Projects/Vivado_prj/Pureprefetch_log/Pureprefetch_log.srcs/sources_1/bd/design_1/ipshared/10b8/hdl/axi_data_fifo_v2_1_vl_rfs.v:889]
INFO: [Synth 8-638] synthesizing module 'generic_baseblocks_v2_1_0_mux_enc__parameterized2' [a:/COMP_ARCH/PYNQ_Projects/Vivado_prj/Pureprefetch_log/Pureprefetch_log.srcs/sources_1/bd/design_1/ipshared/7ee0/hdl/generic_baseblocks_v2_1_vl_rfs.v:2452]
INFO: [Synth 8-256] done synthesizing module 'generic_baseblocks_v2_1_0_mux_enc__parameterized2' (11#1) [a:/COMP_ARCH/PYNQ_Projects/Vivado_prj/Pureprefetch_log/Pureprefetch_log.srcs/sources_1/bd/design_1/ipshared/7ee0/hdl/generic_baseblocks_v2_1_vl_rfs.v:2452]
INFO: [Synth 8-256] done synthesizing module 'axi_crossbar_v2_1_11_wdata_mux' (12#1) [a:/COMP_ARCH/PYNQ_Projects/Vivado_prj/Pureprefetch_log/Pureprefetch_log.srcs/sources_1/bd/design_1/ipshared/d552/hdl/axi_crossbar_v2_1_vl_rfs.v:4559]
INFO: [Synth 8-638] synthesizing module 'axi_register_slice_v2_1_10_axi_register_slice' [a:/COMP_ARCH/PYNQ_Projects/Vivado_prj/Pureprefetch_log/Pureprefetch_log.srcs/sources_1/bd/design_1/ipshared/7efe/hdl/axi_register_slice_v2_1_vl_rfs.v:791]
INFO: [Synth 8-638] synthesizing module 'axi_infrastructure_v1_1_0_axi2vector' [a:/COMP_ARCH/PYNQ_Projects/Vivado_prj/Pureprefetch_log/Pureprefetch_log.srcs/sources_1/bd/design_1/ipshared/7e3a/hdl/axi_infrastructure_v1_1_vl_rfs.v:60]
INFO: [Synth 8-256] done synthesizing module 'axi_infrastructure_v1_1_0_axi2vector' (13#1) [a:/COMP_ARCH/PYNQ_Projects/Vivado_prj/Pureprefetch_log/Pureprefetch_log.srcs/sources_1/bd/design_1/ipshared/7e3a/hdl/axi_infrastructure_v1_1_vl_rfs.v:60]
INFO: [Synth 8-638] synthesizing module 'axi_register_slice_v2_1_10_axic_register_slice' [a:/COMP_ARCH/PYNQ_Projects/Vivado_prj/Pureprefetch_log/Pureprefetch_log.srcs/sources_1/bd/design_1/ipshared/7efe/hdl/axi_register_slice_v2_1_vl_rfs.v:85]
INFO: [Synth 8-256] done synthesizing module 'axi_register_slice_v2_1_10_axic_register_slice' (14#1) [a:/COMP_ARCH/PYNQ_Projects/Vivado_prj/Pureprefetch_log/Pureprefetch_log.srcs/sources_1/bd/design_1/ipshared/7efe/hdl/axi_register_slice_v2_1_vl_rfs.v:85]
INFO: [Synth 8-638] synthesizing module 'axi_register_slice_v2_1_10_axic_register_slice__parameterized0' [a:/COMP_ARCH/PYNQ_Projects/Vivado_prj/Pureprefetch_log/Pureprefetch_log.srcs/sources_1/bd/design_1/ipshared/7efe/hdl/axi_register_slice_v2_1_vl_rfs.v:85]
INFO: [Synth 8-256] done synthesizing module 'axi_register_slice_v2_1_10_axic_register_slice__parameterized0' (14#1) [a:/COMP_ARCH/PYNQ_Projects/Vivado_prj/Pureprefetch_log/Pureprefetch_log.srcs/sources_1/bd/design_1/ipshared/7efe/hdl/axi_register_slice_v2_1_vl_rfs.v:85]
INFO: [Synth 8-638] synthesizing module 'axi_register_slice_v2_1_10_axic_register_slice__parameterized1' [a:/COMP_ARCH/PYNQ_Projects/Vivado_prj/Pureprefetch_log/Pureprefetch_log.srcs/sources_1/bd/design_1/ipshared/7efe/hdl/axi_register_slice_v2_1_vl_rfs.v:85]
INFO: [Synth 8-256] done synthesizing module 'axi_register_slice_v2_1_10_axic_register_slice__parameterized1' (14#1) [a:/COMP_ARCH/PYNQ_Projects/Vivado_prj/Pureprefetch_log/Pureprefetch_log.srcs/sources_1/bd/design_1/ipshared/7efe/hdl/axi_register_slice_v2_1_vl_rfs.v:85]
INFO: [Synth 8-638] synthesizing module 'axi_register_slice_v2_1_10_axic_register_slice__parameterized2' [a:/COMP_ARCH/PYNQ_Projects/Vivado_prj/Pureprefetch_log/Pureprefetch_log.srcs/sources_1/bd/design_1/ipshared/7efe/hdl/axi_register_slice_v2_1_vl_rfs.v:85]
INFO: [Synth 8-256] done synthesizing module 'axi_register_slice_v2_1_10_axic_register_slice__parameterized2' (14#1) [a:/COMP_ARCH/PYNQ_Projects/Vivado_prj/Pureprefetch_log/Pureprefetch_log.srcs/sources_1/bd/design_1/ipshared/7efe/hdl/axi_register_slice_v2_1_vl_rfs.v:85]
INFO: [Synth 8-638] synthesizing module 'axi_infrastructure_v1_1_0_vector2axi' [a:/COMP_ARCH/PYNQ_Projects/Vivado_prj/Pureprefetch_log/Pureprefetch_log.srcs/sources_1/bd/design_1/ipshared/7e3a/hdl/axi_infrastructure_v1_1_vl_rfs.v:474]
INFO: [Synth 8-256] done synthesizing module 'axi_infrastructure_v1_1_0_vector2axi' (15#1) [a:/COMP_ARCH/PYNQ_Projects/Vivado_prj/Pureprefetch_log/Pureprefetch_log.srcs/sources_1/bd/design_1/ipshared/7e3a/hdl/axi_infrastructure_v1_1_vl_rfs.v:474]
INFO: [Synth 8-256] done synthesizing module 'axi_register_slice_v2_1_10_axi_register_slice' (16#1) [a:/COMP_ARCH/PYNQ_Projects/Vivado_prj/Pureprefetch_log/Pureprefetch_log.srcs/sources_1/bd/design_1/ipshared/7efe/hdl/axi_register_slice_v2_1_vl_rfs.v:791]
INFO: [Synth 8-638] synthesizing module 'axi_crossbar_v2_1_11_addr_decoder__parameterized4' [a:/COMP_ARCH/PYNQ_Projects/Vivado_prj/Pureprefetch_log/Pureprefetch_log.srcs/sources_1/bd/design_1/ipshared/d552/hdl/axi_crossbar_v2_1_vl_rfs.v:794]
INFO: [Synth 8-256] done synthesizing module 'axi_crossbar_v2_1_11_addr_decoder__parameterized4' (16#1) [a:/COMP_ARCH/PYNQ_Projects/Vivado_prj/Pureprefetch_log/Pureprefetch_log.srcs/sources_1/bd/design_1/ipshared/d552/hdl/axi_crossbar_v2_1_vl_rfs.v:794]
INFO: [Synth 8-638] synthesizing module 'axi_crossbar_v2_1_11_addr_decoder__parameterized5' [a:/COMP_ARCH/PYNQ_Projects/Vivado_prj/Pureprefetch_log/Pureprefetch_log.srcs/sources_1/bd/design_1/ipshared/d552/hdl/axi_crossbar_v2_1_vl_rfs.v:794]
INFO: [Synth 8-256] done synthesizing module 'axi_crossbar_v2_1_11_addr_decoder__parameterized5' (16#1) [a:/COMP_ARCH/PYNQ_Projects/Vivado_prj/Pureprefetch_log/Pureprefetch_log.srcs/sources_1/bd/design_1/ipshared/d552/hdl/axi_crossbar_v2_1_vl_rfs.v:794]
INFO: [Synth 8-638] synthesizing module 'axi_data_fifo_v2_1_9_axic_srl_fifo__parameterized1' [a:/COMP_ARCH/PYNQ_Projects/Vivado_prj/Pureprefetch_log/Pureprefetch_log.srcs/sources_1/bd/design_1/ipshared/10b8/hdl/axi_data_fifo_v2_1_vl_rfs.v:698]
INFO: [Synth 8-638] synthesizing module 'axi_data_fifo_v2_1_9_ndeep_srl__parameterized11' [a:/COMP_ARCH/PYNQ_Projects/Vivado_prj/Pureprefetch_log/Pureprefetch_log.srcs/sources_1/bd/design_1/ipshared/10b8/hdl/axi_data_fifo_v2_1_vl_rfs.v:1134]
INFO: [Synth 8-256] done synthesizing module 'axi_data_fifo_v2_1_9_ndeep_srl__parameterized11' (16#1) [a:/COMP_ARCH/PYNQ_Projects/Vivado_prj/Pureprefetch_log/Pureprefetch_log.srcs/sources_1/bd/design_1/ipshared/10b8/hdl/axi_data_fifo_v2_1_vl_rfs.v:1134]
INFO: [Synth 8-638] synthesizing module 'axi_data_fifo_v2_1_9_ndeep_srl__parameterized12' [a:/COMP_ARCH/PYNQ_Projects/Vivado_prj/Pureprefetch_log/Pureprefetch_log.srcs/sources_1/bd/design_1/ipshared/10b8/hdl/axi_data_fifo_v2_1_vl_rfs.v:1134]
INFO: [Synth 8-256] done synthesizing module 'axi_data_fifo_v2_1_9_ndeep_srl__parameterized12' (16#1) [a:/COMP_ARCH/PYNQ_Projects/Vivado_prj/Pureprefetch_log/Pureprefetch_log.srcs/sources_1/bd/design_1/ipshared/10b8/hdl/axi_data_fifo_v2_1_vl_rfs.v:1134]
INFO: [Synth 8-638] synthesizing module 'axi_data_fifo_v2_1_9_ndeep_srl__parameterized13' [a:/COMP_ARCH/PYNQ_Projects/Vivado_prj/Pureprefetch_log/Pureprefetch_log.srcs/sources_1/bd/design_1/ipshared/10b8/hdl/axi_data_fifo_v2_1_vl_rfs.v:1134]
INFO: [Synth 8-256] done synthesizing module 'axi_data_fifo_v2_1_9_ndeep_srl__parameterized13' (16#1) [a:/COMP_ARCH/PYNQ_Projects/Vivado_prj/Pureprefetch_log/Pureprefetch_log.srcs/sources_1/bd/design_1/ipshared/10b8/hdl/axi_data_fifo_v2_1_vl_rfs.v:1134]
INFO: [Synth 8-638] synthesizing module 'axi_data_fifo_v2_1_9_ndeep_srl__parameterized14' [a:/COMP_ARCH/PYNQ_Projects/Vivado_prj/Pureprefetch_log/Pureprefetch_log.srcs/sources_1/bd/design_1/ipshared/10b8/hdl/axi_data_fifo_v2_1_vl_rfs.v:1134]
INFO: [Synth 8-256] done synthesizing module 'axi_data_fifo_v2_1_9_ndeep_srl__parameterized14' (16#1) [a:/COMP_ARCH/PYNQ_Projects/Vivado_prj/Pureprefetch_log/Pureprefetch_log.srcs/sources_1/bd/design_1/ipshared/10b8/hdl/axi_data_fifo_v2_1_vl_rfs.v:1134]
INFO: [Synth 8-638] synthesizing module 'axi_data_fifo_v2_1_9_ndeep_srl__parameterized15' [a:/COMP_ARCH/PYNQ_Projects/Vivado_prj/Pureprefetch_log/Pureprefetch_log.srcs/sources_1/bd/design_1/ipshared/10b8/hdl/axi_data_fifo_v2_1_vl_rfs.v:1134]
INFO: [Synth 8-256] done synthesizing module 'axi_data_fifo_v2_1_9_ndeep_srl__parameterized15' (16#1) [a:/COMP_ARCH/PYNQ_Projects/Vivado_prj/Pureprefetch_log/Pureprefetch_log.srcs/sources_1/bd/design_1/ipshared/10b8/hdl/axi_data_fifo_v2_1_vl_rfs.v:1134]
INFO: [Synth 8-638] synthesizing module 'axi_data_fifo_v2_1_9_ndeep_srl__parameterized16' [a:/COMP_ARCH/PYNQ_Projects/Vivado_prj/Pureprefetch_log/Pureprefetch_log.srcs/sources_1/bd/design_1/ipshared/10b8/hdl/axi_data_fifo_v2_1_vl_rfs.v:1134]
INFO: [Synth 8-256] done synthesizing module 'axi_data_fifo_v2_1_9_ndeep_srl__parameterized16' (16#1) [a:/COMP_ARCH/PYNQ_Projects/Vivado_prj/Pureprefetch_log/Pureprefetch_log.srcs/sources_1/bd/design_1/ipshared/10b8/hdl/axi_data_fifo_v2_1_vl_rfs.v:1134]
INFO: [Synth 8-638] synthesizing module 'axi_data_fifo_v2_1_9_ndeep_srl__parameterized17' [a:/COMP_ARCH/PYNQ_Projects/Vivado_prj/Pureprefetch_log/Pureprefetch_log.srcs/sources_1/bd/design_1/ipshared/10b8/hdl/axi_data_fifo_v2_1_vl_rfs.v:1134]
INFO: [Synth 8-256] done synthesizing module 'axi_data_fifo_v2_1_9_ndeep_srl__parameterized17' (16#1) [a:/COMP_ARCH/PYNQ_Projects/Vivado_prj/Pureprefetch_log/Pureprefetch_log.srcs/sources_1/bd/design_1/ipshared/10b8/hdl/axi_data_fifo_v2_1_vl_rfs.v:1134]
INFO: [Synth 8-638] synthesizing module 'axi_data_fifo_v2_1_9_ndeep_srl__parameterized18' [a:/COMP_ARCH/PYNQ_Projects/Vivado_prj/Pureprefetch_log/Pureprefetch_log.srcs/sources_1/bd/design_1/ipshared/10b8/hdl/axi_data_fifo_v2_1_vl_rfs.v:1134]
INFO: [Synth 8-256] done synthesizing module 'axi_data_fifo_v2_1_9_ndeep_srl__parameterized18' (16#1) [a:/COMP_ARCH/PYNQ_Projects/Vivado_prj/Pureprefetch_log/Pureprefetch_log.srcs/sources_1/bd/design_1/ipshared/10b8/hdl/axi_data_fifo_v2_1_vl_rfs.v:1134]
INFO: [Synth 8-256] done synthesizing module 'axi_data_fifo_v2_1_9_axic_srl_fifo__parameterized1' (16#1) [a:/COMP_ARCH/PYNQ_Projects/Vivado_prj/Pureprefetch_log/Pureprefetch_log.srcs/sources_1/bd/design_1/ipshared/10b8/hdl/axi_data_fifo_v2_1_vl_rfs.v:698]
INFO: [Synth 8-638] synthesizing module 'axi_crossbar_v2_1_11_addr_decoder__parameterized6' [a:/COMP_ARCH/PYNQ_Projects/Vivado_prj/Pureprefetch_log/Pureprefetch_log.srcs/sources_1/bd/design_1/ipshared/d552/hdl/axi_crossbar_v2_1_vl_rfs.v:794]
INFO: [Synth 8-256] done synthesizing module 'axi_crossbar_v2_1_11_addr_decoder__parameterized6' (16#1) [a:/COMP_ARCH/PYNQ_Projects/Vivado_prj/Pureprefetch_log/Pureprefetch_log.srcs/sources_1/bd/design_1/ipshared/d552/hdl/axi_crossbar_v2_1_vl_rfs.v:794]
INFO: [Synth 8-638] synthesizing module 'axi_crossbar_v2_1_11_addr_decoder__parameterized7' [a:/COMP_ARCH/PYNQ_Projects/Vivado_prj/Pureprefetch_log/Pureprefetch_log.srcs/sources_1/bd/design_1/ipshared/d552/hdl/axi_crossbar_v2_1_vl_rfs.v:794]
INFO: [Synth 8-256] done synthesizing module 'axi_crossbar_v2_1_11_addr_decoder__parameterized7' (16#1) [a:/COMP_ARCH/PYNQ_Projects/Vivado_prj/Pureprefetch_log/Pureprefetch_log.srcs/sources_1/bd/design_1/ipshared/d552/hdl/axi_crossbar_v2_1_vl_rfs.v:794]
INFO: [Synth 8-638] synthesizing module 'axi_data_fifo_v2_1_9_axic_srl_fifo__parameterized2' [a:/COMP_ARCH/PYNQ_Projects/Vivado_prj/Pureprefetch_log/Pureprefetch_log.srcs/sources_1/bd/design_1/ipshared/10b8/hdl/axi_data_fifo_v2_1_vl_rfs.v:698]
INFO: [Synth 8-638] synthesizing module 'axi_data_fifo_v2_1_9_ndeep_srl__parameterized19' [a:/COMP_ARCH/PYNQ_Projects/Vivado_prj/Pureprefetch_log/Pureprefetch_log.srcs/sources_1/bd/design_1/ipshared/10b8/hdl/axi_data_fifo_v2_1_vl_rfs.v:1134]
INFO: [Synth 8-256] done synthesizing module 'axi_data_fifo_v2_1_9_ndeep_srl__parameterized19' (16#1) [a:/COMP_ARCH/PYNQ_Projects/Vivado_prj/Pureprefetch_log/Pureprefetch_log.srcs/sources_1/bd/design_1/ipshared/10b8/hdl/axi_data_fifo_v2_1_vl_rfs.v:1134]
INFO: [Synth 8-638] synthesizing module 'axi_data_fifo_v2_1_9_ndeep_srl__parameterized20' [a:/COMP_ARCH/PYNQ_Projects/Vivado_prj/Pureprefetch_log/Pureprefetch_log.srcs/sources_1/bd/design_1/ipshared/10b8/hdl/axi_data_fifo_v2_1_vl_rfs.v:1134]
INFO: [Synth 8-256] done synthesizing module 'axi_data_fifo_v2_1_9_ndeep_srl__parameterized20' (16#1) [a:/COMP_ARCH/PYNQ_Projects/Vivado_prj/Pureprefetch_log/Pureprefetch_log.srcs/sources_1/bd/design_1/ipshared/10b8/hdl/axi_data_fifo_v2_1_vl_rfs.v:1134]
INFO: [Synth 8-638] synthesizing module 'axi_data_fifo_v2_1_9_ndeep_srl__parameterized21' [a:/COMP_ARCH/PYNQ_Projects/Vivado_prj/Pureprefetch_log/Pureprefetch_log.srcs/sources_1/bd/design_1/ipshared/10b8/hdl/axi_data_fifo_v2_1_vl_rfs.v:1134]
INFO: [Synth 8-256] done synthesizing module 'axi_data_fifo_v2_1_9_ndeep_srl__parameterized21' (16#1) [a:/COMP_ARCH/PYNQ_Projects/Vivado_prj/Pureprefetch_log/Pureprefetch_log.srcs/sources_1/bd/design_1/ipshared/10b8/hdl/axi_data_fifo_v2_1_vl_rfs.v:1134]
INFO: [Synth 8-638] synthesizing module 'axi_data_fifo_v2_1_9_ndeep_srl__parameterized22' [a:/COMP_ARCH/PYNQ_Projects/Vivado_prj/Pureprefetch_log/Pureprefetch_log.srcs/sources_1/bd/design_1/ipshared/10b8/hdl/axi_data_fifo_v2_1_vl_rfs.v:1134]
INFO: [Synth 8-256] done synthesizing module 'axi_data_fifo_v2_1_9_ndeep_srl__parameterized22' (16#1) [a:/COMP_ARCH/PYNQ_Projects/Vivado_prj/Pureprefetch_log/Pureprefetch_log.srcs/sources_1/bd/design_1/ipshared/10b8/hdl/axi_data_fifo_v2_1_vl_rfs.v:1134]
INFO: [Synth 8-638] synthesizing module 'axi_data_fifo_v2_1_9_ndeep_srl__parameterized23' [a:/COMP_ARCH/PYNQ_Projects/Vivado_prj/Pureprefetch_log/Pureprefetch_log.srcs/sources_1/bd/design_1/ipshared/10b8/hdl/axi_data_fifo_v2_1_vl_rfs.v:1134]
INFO: [Synth 8-256] done synthesizing module 'axi_data_fifo_v2_1_9_ndeep_srl__parameterized23' (16#1) [a:/COMP_ARCH/PYNQ_Projects/Vivado_prj/Pureprefetch_log/Pureprefetch_log.srcs/sources_1/bd/design_1/ipshared/10b8/hdl/axi_data_fifo_v2_1_vl_rfs.v:1134]
INFO: [Synth 8-638] synthesizing module 'axi_data_fifo_v2_1_9_ndeep_srl__parameterized24' [a:/COMP_ARCH/PYNQ_Projects/Vivado_prj/Pureprefetch_log/Pureprefetch_log.srcs/sources_1/bd/design_1/ipshared/10b8/hdl/axi_data_fifo_v2_1_vl_rfs.v:1134]
INFO: [Synth 8-256] done synthesizing module 'axi_data_fifo_v2_1_9_ndeep_srl__parameterized24' (16#1) [a:/COMP_ARCH/PYNQ_Projects/Vivado_prj/Pureprefetch_log/Pureprefetch_log.srcs/sources_1/bd/design_1/ipshared/10b8/hdl/axi_data_fifo_v2_1_vl_rfs.v:1134]
INFO: [Synth 8-638] synthesizing module 'axi_data_fifo_v2_1_9_ndeep_srl__parameterized25' [a:/COMP_ARCH/PYNQ_Projects/Vivado_prj/Pureprefetch_log/Pureprefetch_log.srcs/sources_1/bd/design_1/ipshared/10b8/hdl/axi_data_fifo_v2_1_vl_rfs.v:1134]
INFO: [Synth 8-256] done synthesizing module 'axi_data_fifo_v2_1_9_ndeep_srl__parameterized25' (16#1) [a:/COMP_ARCH/PYNQ_Projects/Vivado_prj/Pureprefetch_log/Pureprefetch_log.srcs/sources_1/bd/design_1/ipshared/10b8/hdl/axi_data_fifo_v2_1_vl_rfs.v:1134]
INFO: [Synth 8-638] synthesizing module 'axi_data_fifo_v2_1_9_ndeep_srl__parameterized26' [a:/COMP_ARCH/PYNQ_Projects/Vivado_prj/Pureprefetch_log/Pureprefetch_log.srcs/sources_1/bd/design_1/ipshared/10b8/hdl/axi_data_fifo_v2_1_vl_rfs.v:1134]
INFO: [Synth 8-256] done synthesizing module 'axi_data_fifo_v2_1_9_ndeep_srl__parameterized26' (16#1) [a:/COMP_ARCH/PYNQ_Projects/Vivado_prj/Pureprefetch_log/Pureprefetch_log.srcs/sources_1/bd/design_1/ipshared/10b8/hdl/axi_data_fifo_v2_1_vl_rfs.v:1134]
INFO: [Synth 8-256] done synthesizing module 'axi_data_fifo_v2_1_9_axic_srl_fifo__parameterized2' (16#1) [a:/COMP_ARCH/PYNQ_Projects/Vivado_prj/Pureprefetch_log/Pureprefetch_log.srcs/sources_1/bd/design_1/ipshared/10b8/hdl/axi_data_fifo_v2_1_vl_rfs.v:698]
INFO: [Synth 8-638] synthesizing module 'axi_crossbar_v2_1_11_wdata_mux__parameterized0' [a:/COMP_ARCH/PYNQ_Projects/Vivado_prj/Pureprefetch_log/Pureprefetch_log.srcs/sources_1/bd/design_1/ipshared/d552/hdl/axi_crossbar_v2_1_vl_rfs.v:4559]
INFO: [Synth 8-638] synthesizing module 'axi_data_fifo_v2_1_9_axic_reg_srl_fifo__parameterized1' [a:/COMP_ARCH/PYNQ_Projects/Vivado_prj/Pureprefetch_log/Pureprefetch_log.srcs/sources_1/bd/design_1/ipshared/10b8/hdl/axi_data_fifo_v2_1_vl_rfs.v:889]
INFO: [Synth 8-638] synthesizing module 'axi_data_fifo_v2_1_9_ndeep_srl__parameterized27' [a:/COMP_ARCH/PYNQ_Projects/Vivado_prj/Pureprefetch_log/Pureprefetch_log.srcs/sources_1/bd/design_1/ipshared/10b8/hdl/axi_data_fifo_v2_1_vl_rfs.v:1134]
INFO: [Synth 8-256] done synthesizing module 'axi_data_fifo_v2_1_9_ndeep_srl__parameterized27' (16#1) [a:/COMP_ARCH/PYNQ_Projects/Vivado_prj/Pureprefetch_log/Pureprefetch_log.srcs/sources_1/bd/design_1/ipshared/10b8/hdl/axi_data_fifo_v2_1_vl_rfs.v:1134]
INFO: [Synth 8-256] done synthesizing module 'axi_data_fifo_v2_1_9_axic_reg_srl_fifo__parameterized1' (16#1) [a:/COMP_ARCH/PYNQ_Projects/Vivado_prj/Pureprefetch_log/Pureprefetch_log.srcs/sources_1/bd/design_1/ipshared/10b8/hdl/axi_data_fifo_v2_1_vl_rfs.v:889]
INFO: [Synth 8-638] synthesizing module 'generic_baseblocks_v2_1_0_mux_enc__parameterized3' [a:/COMP_ARCH/PYNQ_Projects/Vivado_prj/Pureprefetch_log/Pureprefetch_log.srcs/sources_1/bd/design_1/ipshared/7ee0/hdl/generic_baseblocks_v2_1_vl_rfs.v:2452]
INFO: [Synth 8-256] done synthesizing module 'generic_baseblocks_v2_1_0_mux_enc__parameterized3' (16#1) [a:/COMP_ARCH/PYNQ_Projects/Vivado_prj/Pureprefetch_log/Pureprefetch_log.srcs/sources_1/bd/design_1/ipshared/7ee0/hdl/generic_baseblocks_v2_1_vl_rfs.v:2452]
INFO: [Synth 8-256] done synthesizing module 'axi_crossbar_v2_1_11_wdata_mux__parameterized0' (16#1) [a:/COMP_ARCH/PYNQ_Projects/Vivado_prj/Pureprefetch_log/Pureprefetch_log.srcs/sources_1/bd/design_1/ipshared/d552/hdl/axi_crossbar_v2_1_vl_rfs.v:4559]
INFO: [Synth 8-638] synthesizing module 'axi_crossbar_v2_1_11_decerr_slave' [a:/COMP_ARCH/PYNQ_Projects/Vivado_prj/Pureprefetch_log/Pureprefetch_log.srcs/sources_1/bd/design_1/ipshared/d552/hdl/axi_crossbar_v2_1_vl_rfs.v:3500]
INFO: [Synth 8-256] done synthesizing module 'axi_crossbar_v2_1_11_decerr_slave' (17#1) [a:/COMP_ARCH/PYNQ_Projects/Vivado_prj/Pureprefetch_log/Pureprefetch_log.srcs/sources_1/bd/design_1/ipshared/d552/hdl/axi_crossbar_v2_1_vl_rfs.v:3500]
INFO: [Synth 8-638] synthesizing module 'axi_crossbar_v2_1_11_addr_arbiter' [a:/COMP_ARCH/PYNQ_Projects/Vivado_prj/Pureprefetch_log/Pureprefetch_log.srcs/sources_1/bd/design_1/ipshared/d552/hdl/axi_crossbar_v2_1_vl_rfs.v:423]
INFO: [Synth 8-638] synthesizing module 'generic_baseblocks_v2_1_0_mux_enc__parameterized4' [a:/COMP_ARCH/PYNQ_Projects/Vivado_prj/Pureprefetch_log/Pureprefetch_log.srcs/sources_1/bd/design_1/ipshared/7ee0/hdl/generic_baseblocks_v2_1_vl_rfs.v:2452]
INFO: [Synth 8-256] done synthesizing module 'generic_baseblocks_v2_1_0_mux_enc__parameterized4' (17#1) [a:/COMP_ARCH/PYNQ_Projects/Vivado_prj/Pureprefetch_log/Pureprefetch_log.srcs/sources_1/bd/design_1/ipshared/7ee0/hdl/generic_baseblocks_v2_1_vl_rfs.v:2452]
INFO: [Synth 8-638] synthesizing module 'generic_baseblocks_v2_1_0_mux_enc__parameterized5' [a:/COMP_ARCH/PYNQ_Projects/Vivado_prj/Pureprefetch_log/Pureprefetch_log.srcs/sources_1/bd/design_1/ipshared/7ee0/hdl/generic_baseblocks_v2_1_vl_rfs.v:2452]
INFO: [Synth 8-256] done synthesizing module 'generic_baseblocks_v2_1_0_mux_enc__parameterized5' (17#1) [a:/COMP_ARCH/PYNQ_Projects/Vivado_prj/Pureprefetch_log/Pureprefetch_log.srcs/sources_1/bd/design_1/ipshared/7ee0/hdl/generic_baseblocks_v2_1_vl_rfs.v:2452]
INFO: [Synth 8-256] done synthesizing module 'axi_crossbar_v2_1_11_addr_arbiter' (18#1) [a:/COMP_ARCH/PYNQ_Projects/Vivado_prj/Pureprefetch_log/Pureprefetch_log.srcs/sources_1/bd/design_1/ipshared/d552/hdl/axi_crossbar_v2_1_vl_rfs.v:423]
INFO: [Synth 8-256] done synthesizing module 'axi_crossbar_v2_1_11_crossbar' (19#1) [a:/COMP_ARCH/PYNQ_Projects/Vivado_prj/Pureprefetch_log/Pureprefetch_log.srcs/sources_1/bd/design_1/ipshared/d552/hdl/axi_crossbar_v2_1_vl_rfs.v:2239]
INFO: [Synth 8-256] done synthesizing module 'axi_crossbar_v2_1_11_axi_crossbar' (20#1) [a:/COMP_ARCH/PYNQ_Projects/Vivado_prj/Pureprefetch_log/Pureprefetch_log.srcs/sources_1/bd/design_1/ipshared/d552/hdl/axi_crossbar_v2_1_vl_rfs.v:4882]
INFO: [Synth 8-256] done synthesizing module 'design_1_xbar_0' (21#1) [a:/COMP_ARCH/PYNQ_Projects/Vivado_prj/Pureprefetch_log/Pureprefetch_log.srcs/sources_1/bd/design_1/ip/design_1_xbar_0/synth/design_1_xbar_0.v:59]
Finished RTL Elaboration : Time (s): cpu = 00:00:43 ; elapsed = 00:00:50 . Memory (MB): peak = 481.434 ; gain = 272.070
Finished RTL Optimization Phase 1 : Time (s): cpu = 00:00:44 ; elapsed = 00:00:51 . Memory (MB): peak = 481.434 ; gain = 272.070
INFO: [Device 21-403] Loading part xc7z020clg400-1
Constraint Validation Runtime : Time (s): cpu = 00:00:00 ; elapsed = 00:00:00.253 . Memory (MB): peak = 729.074 ; gain = 0.063
Finished Constraint Validation : Time (s): cpu = 00:01:11 ; elapsed = 00:01:18 . Memory (MB): peak = 729.074 ; gain = 519.711
Finished Loading Part and Timing Information : Time (s): cpu = 00:01:11 ; elapsed = 00:01:19 . Memory (MB): peak = 729.074 ; gain = 519.711
Finished applying 'set_property' XDC Constraints : Time (s): cpu = 00:01:11 ; elapsed = 00:01:19 . Memory (MB): peak = 729.074 ; gain = 519.711
Finished RTL Optimization Phase 2 : Time (s): cpu = 00:01:13 ; elapsed = 00:01:21 . Memory (MB): peak = 729.074 ; gain = 519.711
Finished Cross Boundary and Area Optimization : Time (s): cpu = 00:01:19 ; elapsed = 00:01:27 . Memory (MB): peak = 729.074 ; gain = 519.711
Finished Applying XDC Timing Constraints : Time (s): cpu = 00:01:39 ; elapsed = 00:01:48 . Memory (MB): peak = 729.074 ; gain = 519.711
Finished Timing Optimization : Time (s): cpu = 00:01:44 ; elapsed = 00:01:53 . Memory (MB): peak = 757.984 ; gain = 548.621
Finished Technology Mapping : Time (s): cpu = 00:01:45 ; elapsed = 00:01:54 . Memory (MB): peak = 757.984 ; gain = 548.621
Finished IO Insertion : Time (s): cpu = 00:01:47 ; elapsed = 00:01:56 . Memory (MB): peak = 757.984 ; gain = 548.621
Finished Renaming Generated Instances : Time (s): cpu = 00:01:47 ; elapsed = 00:01:56 . Memory (MB): peak = 757.984 ; gain = 548.621
Finished Rebuilding User Hierarchy : Time (s): cpu = 00:01:47 ; elapsed = 00:01:56 . Memory (MB): peak = 757.984 ; gain = 548.621
Finished Renaming Generated Ports : Time (s): cpu = 00:01:47 ; elapsed = 00:01:56 . Memory (MB): peak = 757.984 ; gain = 548.621
Finished Handling Custom Attributes : Time (s): cpu = 00:01:47 ; elapsed = 00:01:56 . Memory (MB): peak = 757.984 ; gain = 548.621
Finished Renaming Generated Nets : Time (s): cpu = 00:01:47 ; elapsed = 00:01:56 . Memory (MB): peak = 757.984 ; gain = 548.621

Report Cell Usage: 
+------+--------+------+
|      |Cell    |Count |
+------+--------+------+
|1     |LUT1    |    21|
|2     |LUT2    |   105|
|3     |LUT3    |   445|
|4     |LUT4    |   125|
|5     |LUT5    |    73|
|6     |LUT6    |   135|
|7     |SRLC32E |     7|
|8     |FDRE    |   541|
|9     |FDSE    |    21|
+------+--------+------+
Finished Writing Synthesis Report : Time (s): cpu = 00:01:47 ; elapsed = 00:01:56 . Memory (MB): peak = 757.984 ; gain = 548.621
synth_design: Time (s): cpu = 00:01:42 ; elapsed = 00:01:47 . Memory (MB): peak = 763.820 ; gain = 493.406
