Exception at PC 0x00007FF83087A859
Unable to capture context for thread 12572 in process 8996, can not generate back trace
Unable to capture context for thread 15376 in process 8996, can not generate back trace
Unable to capture context for thread 9184 in process 8996, can not generate back trace
Unable to capture context for thread 12572 in process 8996, can not generate back trace
Unable to capture context for thread 15376 in process 8996, can not generate back trace
Exception at PC 0x00007FFFB188BB93
Printing stacktrace...

Exception at PC 0x00007FF83087A859
Exception at PC 0x00007FF83087A859
Exception at PC 0x00007FF83087A859
Exception at PC 0x00007FF83087A859
Exception at PC 0x00007FF83087A859
Exception at PC 0x00007FF83087A859
Exception at PC 0x00007FF83087A859
Exception at PC 0x00007FF83087A859
Exception at PC 0x00007FF83087A859
Exception at PC 0x00007FF83087A859
Exception at PC 0x00007FF83087A859
Exception at PC 0x00007FF83087A859
[0]  [0x00007FFFB188BB93]
[1]  [0x00007FFFB188BB93]
[2]  [0x00007FFFB188B4A1]
[3]  [0x00007FFFB188B3EF]
[4]  [0x00007FFFB18719FE]
[5]  [0x00007FFFB1870ED1]
[6]  [0x00007FFFB1870D76]
[7]  [0x00007FFFB18179F6]
[8]  [0x00007FFFB1807AFB]
[9]  [0x00007FFFB192E90A]
[10]  [0x00007FFFB1949F87]
[11]  [0x00007FFFB194A05F]
[12] (BaseThreadInitThunk+0x14) [0x00007FF831F27BD4]
[13] (RtlUserThreadStart+0x21) [0x00007FF832DECED1]
Done
Exception at PC 0x00007FF83087A859
Exception at PC 0x00007FF83087A859
Exception at PC 0x00007FF83087A859
Exception at PC 0x00007FF83087A859
Exception at PC 0x00007FF83087A859
