23:59:51 INFO  : Registering command handlers for SDK TCF services
23:59:52 INFO  : Launching XSCT server: xsct.bat -interactive A:\COMP_ARCH\PYNQ_Projects\Vivado_prj\skip_list_impln_2\skip_list_impln_2.sdk\temp_xsdb_launch_script.tcl
23:59:54 INFO  : XSCT server has started successfully.
23:59:55 INFO  : Processing command line option -hwspec A:/COMP_ARCH/PYNQ_Projects/Vivado_prj/skip_list_impln_2/skip_list_impln_2.sdk/design_1_wrapper.hdf.
23:59:55 INFO  : Successfully done setting XSCT server connection channel  
23:59:55 INFO  : Successfully done setting SDK workspace  
00:01:16 INFO  : Connected to target on host '127.0.0.1' and port '3121'.
00:01:17 INFO  : 'targets -set -filter {jtag_cable_name =~ "Xilinx PYNQ-Z1 003017A6E019A" && level==0} -index 1' command is executed.
00:01:20 INFO  : FPGA configured successfully with bitstream "A:/COMP_ARCH/PYNQ_Projects/Vivado_prj/skip_list_impln_2/skip_list_impln_2.sdk/design_1_wrapper_hw_platform_0/design_1_wrapper.bit"
00:01:49 INFO  : Inferring section assignments and sizes from elf file: A:\COMP_ARCH\PYNQ_Projects\Vivado_prj\skip_list_impln_2\skip_list_impln_2.sdk\skip_list_prefetch\Debug\skip_list_prefetch.elf
00:02:01 INFO  : Successfully generated A:\COMP_ARCH\PYNQ_Projects\Vivado_prj\skip_list_impln_2\skip_list_impln_2.sdk\skip_list_prefetch\src\lscript.ld.
00:02:01 INFO  : Applying linker script to all configurations of project skip_list_prefetch.
00:02:01 INFO  : Setting rebuild state to true for all configurations of project skip_list_prefetch.
00:02:28 INFO  : ps7_init is completed.
00:02:28 INFO  : ps7_post_config is completed.
00:02:28 INFO  : Processor reset is completed for ps7_cortexa9_0
00:02:47 INFO  : Processor reset is completed for ps7_cortexa9_0
00:03:20 INFO  : Processor reset is completed for ps7_cortexa9_0
00:03:27 INFO  : Processor reset is completed for ps7_cortexa9_0
00:03:37 INFO  : Processor reset is completed for ps7_cortexa9_0
00:03:47 INFO  : Processor reset is completed for ps7_cortexa9_0
00:03:59 INFO  : Processor reset is completed for ps7_cortexa9_0
00:04:08 INFO  : Processor reset is completed for ps7_cortexa9_0
00:04:46 INFO  : Processor reset is completed for ps7_cortexa9_0
00:04:56 INFO  : Processor reset is completed for ps7_cortexa9_0
00:05:06 INFO  : Processor reset is completed for ps7_cortexa9_0
00:05:17 INFO  : Processor reset is completed for ps7_cortexa9_0
00:05:31 INFO  : Processor reset is completed for ps7_cortexa9_0
00:05:43 INFO  : Processor reset is completed for ps7_cortexa9_0
00:07:16 INFO  : Processor reset is completed for ps7_cortexa9_0
00:08:16 INFO  : Processor reset is completed for ps7_cortexa9_0
00:08:37 INFO  : Processor reset is completed for ps7_cortexa9_0
00:08:46 INFO  : Processor reset is completed for ps7_cortexa9_0
00:09:39 INFO  : Processor reset is completed for ps7_cortexa9_0
00:09:48 INFO  : Processor reset is completed for ps7_cortexa9_0
00:09:57 INFO  : Processor reset is completed for ps7_cortexa9_0
00:10:07 INFO  : Processor reset is completed for ps7_cortexa9_0
00:12:00 ERROR : Unexpected error while parsing XMD response ?: com.google.gson.JsonSyntaxException: com.google.gson.stream.MalformedJsonException: invalid number or unquoted string near 
