09:41:07 INFO  : Registering command handlers for SDK TCF services
09:41:08 INFO  : Launching XSCT server: xsct.bat -interactive A:\COMP_ARCH\PYNQ_Projects\Vivado_prj\Prefetch_master_slave\Prefetch_master_slave.sdk\temp_xsdb_launch_script.tcl
09:41:11 INFO  : XSCT server has started successfully.
09:41:12 INFO  : Processing command line option -hwspec A:/COMP_ARCH/PYNQ_Projects/Vivado_prj/Prefetch_master_slave/Prefetch_master_slave.sdk/design_1_wrapper.hdf.
09:41:12 INFO  : Successfully done setting XSCT server connection channel  
09:41:12 INFO  : Successfully done setting SDK workspace  
09:43:58 INFO  : Inferring section assignments and sizes from elf file: A:\COMP_ARCH\PYNQ_Projects\Vivado_prj\Prefetch_master_slave\Prefetch_master_slave.sdk\test_ip\Debug\test_ip.elf
09:44:12 INFO  : Successfully generated A:\COMP_ARCH\PYNQ_Projects\Vivado_prj\Prefetch_master_slave\Prefetch_master_slave.sdk\test_ip\src\lscript.ld.
09:44:12 INFO  : Applying linker script to all configurations of project test_ip.
09:44:12 INFO  : Setting rebuild state to true for all configurations of project test_ip.
09:52:38 INFO  : Connected to target on host '127.0.0.1' and port '3121'.
09:52:39 INFO  : 'targets -set -filter {jtag_cable_name =~ "Xilinx PYNQ-Z1 003017A6E019A" && level==0} -index 1' command is executed.
09:52:42 INFO  : FPGA configured successfully with bitstream "A:/COMP_ARCH/PYNQ_Projects/Vivado_prj/Prefetch_master_slave/Prefetch_master_slave.sdk/design_1_wrapper_hw_platform_0/design_1_wrapper.bit"
09:53:08 INFO  : ps7_init is completed.
09:53:08 INFO  : ps7_post_config is completed.
09:53:08 INFO  : Processor reset is completed for ps7_cortexa9_0
09:53:50 INFO  : Processor reset is completed for ps7_cortexa9_0
09:54:41 INFO  : Processor reset is completed for ps7_cortexa9_0
09:54:54 INFO  : Processor reset is completed for ps7_cortexa9_0
09:55:10 INFO  : Processor reset is completed for ps7_cortexa9_0
09:55:42 INFO  : Processor reset is completed for ps7_cortexa9_0
12:21:47 INFO  : Connected to target on host '127.0.0.1' and port '3121'.
12:21:47 INFO  : 'targets -set -filter {jtag_cable_name =~ "Xilinx PYNQ-Z1 003017A6E019A" && level==0} -index 1' command is executed.
12:21:49 INFO  : FPGA configured successfully with bitstream "A:/COMP_ARCH/PYNQ_Projects/Vivado_prj/Prefetch_master_slave/Prefetch_master_slave.sdk/design_1_wrapper_hw_platform_0/design_1_wrapper.bit"
12:21:55 INFO  : ps7_init is completed.
12:21:55 INFO  : ps7_post_config is completed.
12:21:55 INFO  : Processor reset is completed for ps7_cortexa9_0
12:49:34 ERROR : Unexpected error while parsing XMD response ?: com.google.gson.JsonSyntaxException: com.google.gson.stream.MalformedJsonException: invalid number or unquoted string near 
11:17:49 INFO  : Registering command handlers for SDK TCF services
11:17:50 INFO  : Launching XSCT server: xsct.bat -interactive A:\COMP_ARCH\PYNQ_Projects\Vivado_prj\Verilog_PL_IP_Projects\Prefetch_master_slave\Prftch_MS_NonSeqAccess_Size1M.sdk\temp_xsdb_launch_script.tcl
11:17:54 INFO  : XSCT server has started successfully.
11:17:54 INFO  : Successfully done setting XSCT server connection channel  
11:17:55 INFO  : Successfully done setting SDK workspace  
11:19:13 INFO  : Connected to target on host '127.0.0.1' and port '3121'.
11:19:14 INFO  : 'targets -set -filter {jtag_cable_name =~ "Xilinx PYNQ-Z1 003017A6E019A" && level==0} -index 1' command is executed.
11:19:16 INFO  : FPGA configured successfully with bitstream "A:/COMP_ARCH/PYNQ_Projects/Vivado_prj/Verilog_PL_IP_Projects/Prefetch_master_slave/Prftch_MS_NonSeqAccess_Size1M.sdk/design_1_wrapper_hw_platform_0/design_1_wrapper.bit"
11:19:45 WARN  : Unable to obtain port 2350 for use by XMD, java.net.SocketException: Unrecognized Windows Sockets error: 0: JVM_Bind
11:19:53 INFO  : ps7_init is completed.
11:19:53 INFO  : ps7_post_config is completed.
11:19:53 INFO  : Processor reset is completed for ps7_cortexa9_0
11:30:15 INFO  : Processor reset is completed for ps7_cortexa9_0
11:32:04 INFO  : Processor reset is completed for ps7_cortexa9_0
11:32:11 INFO  : Processor reset is completed for ps7_cortexa9_0
12:23:29 ERROR : Unexpected error while parsing XMD response ?: com.google.gson.JsonSyntaxException: com.google.gson.stream.MalformedJsonException: invalid number or unquoted string near 
