13:18:27 INFO  : Registering command handlers for SDK TCF services
13:18:29 INFO  : Launching XSCT server: xsct.bat -interactive A:\COMP_ARCH\PYNQ_Projects\Vivado_prj\skipList_prefetch_N_elem\skipList_prefetch_N_elem.sdk\temp_xsdb_launch_script.tcl
13:18:32 INFO  : XSCT server has started successfully.
13:18:33 INFO  : Processing command line option -hwspec A:/COMP_ARCH/PYNQ_Projects/Vivado_prj/skipList_prefetch_N_elem/skipList_prefetch_N_elem.sdk/design_1_wrapper.hdf.
13:18:33 INFO  : Successfully done setting XSCT server connection channel  
13:18:33 INFO  : Successfully done setting SDK workspace  
13:23:38 INFO  : Inferring section assignments and sizes from elf file: A:\COMP_ARCH\PYNQ_Projects\Vivado_prj\skipList_prefetch_N_elem\skipList_prefetch_N_elem.sdk\skiplist_prefetch\Debug\skiplist_prefetch.elf
13:23:48 INFO  : Successfully generated A:\COMP_ARCH\PYNQ_Projects\Vivado_prj\skipList_prefetch_N_elem\skipList_prefetch_N_elem.sdk\skiplist_prefetch\src\lscript.ld.
13:23:48 INFO  : Applying linker script to all configurations of project skiplist_prefetch.
13:23:48 INFO  : Setting rebuild state to true for all configurations of project skiplist_prefetch.
13:24:01 INFO  : Connected to target on host '127.0.0.1' and port '3121'.
13:24:02 INFO  : 'targets -set -filter {jtag_cable_name =~ "Xilinx PYNQ-Z1 003017A6E019A" && level==0} -index 1' command is executed.
13:24:05 INFO  : FPGA configured successfully with bitstream "A:/COMP_ARCH/PYNQ_Projects/Vivado_prj/skipList_prefetch_N_elem/skipList_prefetch_N_elem.sdk/design_1_wrapper_hw_platform_0/design_1_wrapper.bit"
13:25:12 INFO  : ps7_init is completed.
13:25:12 INFO  : ps7_post_config is completed.
13:25:12 INFO  : Processor reset is completed for ps7_cortexa9_0
13:25:27 INFO  : Processor reset is completed for ps7_cortexa9_0
13:30:58 INFO  : Processor reset is completed for ps7_cortexa9_0
13:31:09 INFO  : Processor reset is completed for ps7_cortexa9_0
13:31:22 INFO  : Processor reset is completed for ps7_cortexa9_0
13:32:00 INFO  : Processor reset is completed for ps7_cortexa9_0
13:32:27 INFO  : Processor reset is completed for ps7_cortexa9_0
13:32:51 INFO  : Processor reset is completed for ps7_cortexa9_0
13:33:04 INFO  : Processor reset is completed for ps7_cortexa9_0
13:33:10 INFO  : Processor reset is completed for ps7_cortexa9_0
13:33:14 INFO  : Processor reset is completed for ps7_cortexa9_0
13:33:31 INFO  : Processor reset is completed for ps7_cortexa9_0
13:33:43 INFO  : Processor reset is completed for ps7_cortexa9_0
13:34:22 INFO  : Connected to target on host '127.0.0.1' and port '3121'.
13:34:26 INFO  : 'targets -set -filter {jtag_cable_name =~ "Xilinx PYNQ-Z1 003017A6E019A" && level==0} -index 1' command is executed.
13:34:28 INFO  : FPGA configured successfully with bitstream "A:/COMP_ARCH/PYNQ_Projects/Vivado_prj/skipList_prefetch_N_elem/skipList_prefetch_N_elem.sdk/design_1_wrapper_hw_platform_0/design_1_wrapper.bit"
13:34:32 INFO  : ps7_init is completed.
13:34:32 INFO  : ps7_post_config is completed.
13:34:32 INFO  : Processor reset is completed for ps7_cortexa9_0
13:34:45 INFO  : Processor reset is completed for ps7_cortexa9_0
13:34:56 INFO  : Processor reset is completed for ps7_cortexa9_0
13:35:07 INFO  : Processor reset is completed for ps7_cortexa9_0
13:35:44 INFO  : Processor reset is completed for ps7_cortexa9_0
13:36:25 INFO  : Processor reset is completed for ps7_cortexa9_0
13:36:40 INFO  : Processor reset is completed for ps7_cortexa9_0
13:36:50 INFO  : Processor reset is completed for ps7_cortexa9_0
13:38:31 INFO  : Processor reset is completed for ps7_cortexa9_0
13:40:47 ERROR : Unexpected error while parsing XMD response ?: com.google.gson.JsonSyntaxException: com.google.gson.stream.MalformedJsonException: invalid number or unquoted string near 
16:46:50 INFO  : Registering command handlers for SDK TCF services
16:46:50 INFO  : Launching XSCT server: xsct.bat -interactive A:\COMP_ARCH\PYNQ_Projects\Vivado_prj\skipList_prefetch_N_elem\prefetch_window_1000\200_skipList_prefetch_N_elem.sdk\temp_xsdb_launch_script.tcl
16:46:55 INFO  : XSCT server has started successfully.
16:46:56 INFO  : Successfully done setting XSCT server connection channel  
16:46:56 INFO  : Successfully done setting SDK workspace  
16:52:36 INFO  : Connected to target on host '127.0.0.1' and port '3121'.
16:52:37 INFO  : 'targets -set -filter {jtag_cable_name =~ "Xilinx PYNQ-Z1 003017A6E019A" && level==0} -index 1' command is executed.
16:52:40 INFO  : FPGA configured successfully with bitstream "A:/COMP_ARCH/PYNQ_Projects/Vivado_prj/skipList_prefetch_N_elem/prefetch_window_1000/200_skipList_prefetch_N_elem.sdk/design_1_wrapper_hw_platform_0/design_1_wrapper.bit"
16:53:01 INFO  : ps7_init is completed.
16:53:01 INFO  : ps7_post_config is completed.
16:53:02 INFO  : Processor reset is completed for ps7_cortexa9_0
16:53:18 INFO  : Processor reset is completed for ps7_cortexa9_0
16:54:09 INFO  : Processor reset is completed for ps7_cortexa9_0
16:54:46 INFO  : Processor reset is completed for ps7_cortexa9_0
16:54:52 INFO  : Processor reset is completed for ps7_cortexa9_0
16:54:57 INFO  : Processor reset is completed for ps7_cortexa9_0
16:55:02 INFO  : Processor reset is completed for ps7_cortexa9_0
16:55:06 INFO  : Processor reset is completed for ps7_cortexa9_0
16:55:47 INFO  : Inferring section assignments and sizes from elf file: A:\COMP_ARCH\PYNQ_Projects\Vivado_prj\skipList_prefetch_N_elem\prefetch_window_1000\200_skipList_prefetch_N_elem.sdk\skiplist_prefetch\Debug\skiplist_prefetch.elf
16:55:55 INFO  : Successfully generated A:\COMP_ARCH\PYNQ_Projects\Vivado_prj\skipList_prefetch_N_elem\prefetch_window_1000\200_skipList_prefetch_N_elem.sdk\skiplist_prefetch\src\lscript.ld.
16:55:55 INFO  : Applying linker script to all configurations of project skiplist_prefetch.
16:55:55 INFO  : Setting rebuild state to true for all configurations of project skiplist_prefetch.
16:56:05 INFO  : Processor reset is completed for ps7_cortexa9_0
16:56:18 INFO  : Processor reset is completed for ps7_cortexa9_0
16:56:40 INFO  : ps7_cortexa9_0 Processor is in use. Please stop existing Run or Debug sessions before launching.
16:56:42 INFO  : Processor reset is completed for ps7_cortexa9_0
16:57:19 INFO  : Processor reset is completed for ps7_cortexa9_0
16:58:19 INFO  : Processor reset is completed for ps7_cortexa9_0
16:58:26 INFO  : Processor reset is completed for ps7_cortexa9_0
16:58:40 ERROR : Unexpected error while parsing XMD response ?: com.google.gson.JsonSyntaxException: com.google.gson.stream.MalformedJsonException: invalid number or unquoted string near 
