
*** Running vivado
    with args -log design_1_processing_system7_0_0.vds -m64 -product Vivado -mode batch -messageDb vivado.pb -notrace -source design_1_processing_system7_0_0.tcl


****** Vivado v2016.3 (64-bit)
  **** SW Build 1682563 on Mon Oct 10 19:07:27 MDT 2016
  **** IP Build 1681267 on Mon Oct 10 21:28:31 MDT 2016
    ** Copyright 1986-2016 Xilinx, Inc. All Rights Reserved.

source design_1_processing_system7_0_0.tcl -notrace
Starting RTL Elaboration : Time (s): cpu = 00:00:14 ; elapsed = 00:00:18 . Memory (MB): peak = 347.367 ; gain = 137.965
INFO: [Synth 8-638] synthesizing module 'design_1_processing_system7_0_0' [a:/PYNQ_Projects/ACP_try/ACP_try.srcs/sources_1/bd/design_1/ip/design_1_processing_system7_0_0/synth/design_1_processing_system7_0_0.v:60]
INFO: [Synth 8-638] synthesizing module 'processing_system7_v5_5_processing_system7' [a:/PYNQ_Projects/ACP_try/ACP_try.srcs/sources_1/bd/design_1/ip/design_1_processing_system7_0_0/hdl/verilog/processing_system7_v5_5_processing_system7.v:161]
INFO: [Synth 8-638] synthesizing module 'BUFG' [C:/Xilinx/Vivado/2016.3/scripts/rt/data/unisim_comp.v:607]
INFO: [Synth 8-256] done synthesizing module 'BUFG' (1#1) [C:/Xilinx/Vivado/2016.3/scripts/rt/data/unisim_comp.v:607]
INFO: [Synth 8-638] synthesizing module 'BIBUF' [C:/Xilinx/Vivado/2016.3/scripts/rt/data/unisim_comp.v:268]
INFO: [Synth 8-256] done synthesizing module 'BIBUF' (2#1) [C:/Xilinx/Vivado/2016.3/scripts/rt/data/unisim_comp.v:268]
INFO: [Synth 8-638] synthesizing module 'PS7' [C:/Xilinx/Vivado/2016.3/scripts/rt/data/unisim_comp.v:33182]
INFO: [Synth 8-256] done synthesizing module 'PS7' (3#1) [C:/Xilinx/Vivado/2016.3/scripts/rt/data/unisim_comp.v:33182]
INFO: [Synth 8-256] done synthesizing module 'processing_system7_v5_5_processing_system7' (4#1) [a:/PYNQ_Projects/ACP_try/ACP_try.srcs/sources_1/bd/design_1/ip/design_1_processing_system7_0_0/hdl/verilog/processing_system7_v5_5_processing_system7.v:161]
INFO: [Synth 8-256] done synthesizing module 'design_1_processing_system7_0_0' (5#1) [a:/PYNQ_Projects/ACP_try/ACP_try.srcs/sources_1/bd/design_1/ip/design_1_processing_system7_0_0/synth/design_1_processing_system7_0_0.v:60]
Finished RTL Elaboration : Time (s): cpu = 00:00:16 ; elapsed = 00:00:20 . Memory (MB): peak = 385.680 ; gain = 176.277
Finished RTL Optimization Phase 1 : Time (s): cpu = 00:00:16 ; elapsed = 00:00:20 . Memory (MB): peak = 385.680 ; gain = 176.277
INFO: [Device 21-403] Loading part xc7z020clg400-1
Constraint Validation Runtime : Time (s): cpu = 00:00:00 ; elapsed = 00:00:00.089 . Memory (MB): peak = 627.910 ; gain = 0.000
Finished Constraint Validation : Time (s): cpu = 00:00:32 ; elapsed = 00:00:37 . Memory (MB): peak = 627.910 ; gain = 418.508
Finished Loading Part and Timing Information : Time (s): cpu = 00:00:32 ; elapsed = 00:00:37 . Memory (MB): peak = 627.910 ; gain = 418.508
Finished applying 'set_property' XDC Constraints : Time (s): cpu = 00:00:32 ; elapsed = 00:00:38 . Memory (MB): peak = 627.910 ; gain = 418.508
Finished RTL Optimization Phase 2 : Time (s): cpu = 00:00:33 ; elapsed = 00:00:39 . Memory (MB): peak = 627.910 ; gain = 418.508
Finished Cross Boundary and Area Optimization : Time (s): cpu = 00:00:34 ; elapsed = 00:00:40 . Memory (MB): peak = 627.910 ; gain = 418.508
Finished Applying XDC Timing Constraints : Time (s): cpu = 00:00:51 ; elapsed = 00:00:58 . Memory (MB): peak = 828.309 ; gain = 618.906
Finished Timing Optimization : Time (s): cpu = 00:00:51 ; elapsed = 00:00:58 . Memory (MB): peak = 845.328 ; gain = 635.926
Finished Technology Mapping : Time (s): cpu = 00:00:53 ; elapsed = 00:01:00 . Memory (MB): peak = 849.895 ; gain = 640.492
Finished IO Insertion : Time (s): cpu = 00:00:56 ; elapsed = 00:01:02 . Memory (MB): peak = 849.895 ; gain = 640.492
Finished Renaming Generated Instances : Time (s): cpu = 00:00:56 ; elapsed = 00:01:02 . Memory (MB): peak = 849.895 ; gain = 640.492
Finished Rebuilding User Hierarchy : Time (s): cpu = 00:00:56 ; elapsed = 00:01:02 . Memory (MB): peak = 849.895 ; gain = 640.492
Finished Renaming Generated Ports : Time (s): cpu = 00:00:56 ; elapsed = 00:01:02 . Memory (MB): peak = 849.895 ; gain = 640.492
Finished Handling Custom Attributes : Time (s): cpu = 00:00:56 ; elapsed = 00:01:02 . Memory (MB): peak = 849.895 ; gain = 640.492
Finished Renaming Generated Nets : Time (s): cpu = 00:00:56 ; elapsed = 00:01:02 . Memory (MB): peak = 849.895 ; gain = 640.492

Report Cell Usage: 
+------+------+------+
|      |Cell  |Count |
+------+------+------+
|1     |BIBUF |   130|
|2     |BUFG  |     1|
|3     |LUT1  |   112|
|4     |PS7   |     1|
+------+------+------+
Finished Writing Synthesis Report : Time (s): cpu = 00:00:56 ; elapsed = 00:01:02 . Memory (MB): peak = 849.895 ; gain = 640.492
synth_design: Time (s): cpu = 00:00:52 ; elapsed = 00:00:56 . Memory (MB): peak = 872.020 ; gain = 603.699
