11:41:28 INFO  : Registering command handlers for SDK TCF services
11:41:29 INFO  : Launching XSCT server: xsct.bat -interactive A:\COMP_ARCH\PYNQ_Projects\Vivado_prj\SkipList_offset_from_head\SkipList_offset_from_head.sdk\temp_xsdb_launch_script.tcl
11:41:36 INFO  : XSCT server has started successfully.
11:41:40 INFO  : Processing command line option -hwspec A:/COMP_ARCH/PYNQ_Projects/Vivado_prj/SkipList_offset_from_head/SkipList_offset_from_head.sdk/design_1_wrapper.hdf.
11:41:40 INFO  : Successfully done setting XSCT server connection channel  
11:41:40 INFO  : Successfully done setting SDK workspace  
11:45:16 INFO  : Inferring section assignments and sizes from elf file: A:\COMP_ARCH\PYNQ_Projects\Vivado_prj\SkipList_offset_from_head\SkipList_offset_from_head.sdk\skip_list_prefetch\Debug\skip_list_prefetch.elf
11:45:28 INFO  : Successfully generated A:\COMP_ARCH\PYNQ_Projects\Vivado_prj\SkipList_offset_from_head\SkipList_offset_from_head.sdk\skip_list_prefetch\src\lscript.ld.
11:45:28 INFO  : Applying linker script to all configurations of project skip_list_prefetch.
11:45:28 INFO  : Setting rebuild state to true for all configurations of project skip_list_prefetch.
11:46:35 INFO  : Connected to target on host '127.0.0.1' and port '3121'.
11:46:37 INFO  : 'targets -set -filter {jtag_cable_name =~ "Xilinx PYNQ-Z1 003017A6E019A" && level==0} -index 1' command is executed.
11:46:39 INFO  : FPGA configured successfully with bitstream "A:/COMP_ARCH/PYNQ_Projects/Vivado_prj/SkipList_offset_from_head/SkipList_offset_from_head.sdk/design_1_wrapper_hw_platform_0/design_1_wrapper.bit"
11:47:36 INFO  : ps7_init is completed.
11:47:37 INFO  : ps7_post_config is completed.
11:47:37 INFO  : Processor reset is completed for ps7_cortexa9_0
11:48:04 INFO  : Processor reset is completed for ps7_cortexa9_0
11:49:38 INFO  : Processor reset is completed for ps7_cortexa9_0
11:50:04 INFO  : Processor reset is completed for ps7_cortexa9_0
11:50:36 INFO  : Processor reset is completed for ps7_cortexa9_0
11:50:42 INFO  : Processor reset is completed for ps7_cortexa9_0
11:50:51 INFO  : Processor reset is completed for ps7_cortexa9_0
11:51:03 INFO  : Processor reset is completed for ps7_cortexa9_0
11:51:45 INFO  : Processor reset is completed for ps7_cortexa9_0
11:51:51 INFO  : Processor reset is completed for ps7_cortexa9_0
11:52:54 INFO  : Processor reset is completed for ps7_cortexa9_0
11:52:59 INFO  : Processor reset is completed for ps7_cortexa9_0
11:53:03 INFO  : Processor reset is completed for ps7_cortexa9_0
11:53:27 INFO  : Processor reset is completed for ps7_cortexa9_0
11:54:39 INFO  : Processor reset is completed for ps7_cortexa9_0
11:54:54 INFO  : Processor reset is completed for ps7_cortexa9_0
11:55:33 INFO  : Processor reset is completed for ps7_cortexa9_0
11:55:42 INFO  : Processor reset is completed for ps7_cortexa9_0
11:56:40 INFO  : Processor reset is completed for ps7_cortexa9_0
11:56:53 INFO  : Processor reset is completed for ps7_cortexa9_0
11:56:58 INFO  : Processor reset is completed for ps7_cortexa9_0
11:57:07 INFO  : Processor reset is completed for ps7_cortexa9_0
11:57:13 INFO  : Processor reset is completed for ps7_cortexa9_0
12:00:30 ERROR : Unexpected error while parsing XMD response ?: com.google.gson.JsonSyntaxException: com.google.gson.stream.MalformedJsonException: invalid number or unquoted string near 
