23:41:07 INFO  : Registering command handlers for SDK TCF services
23:41:08 INFO  : Launching XSCT server: xsct.bat -interactive A:\COMP_ARCH\PYNQ_Projects\Vivado_prj\Verilog_PL_IP_Projects\Prefetch_master_slave\Prefetch_master_slave.sdk\temp_xsdb_launch_script.tcl
23:41:11 INFO  : XSCT server has started successfully.
23:41:12 INFO  : Processing command line option -hwspec A:/COMP_ARCH/PYNQ_Projects/Vivado_prj/Verilog_PL_IP_Projects/Prefetch_master_slave/Prefetch_master_slave.sdk/design_1_wrapper.hdf.
23:41:12 INFO  : Successfully done setting XSCT server connection channel  
23:41:12 INFO  : Successfully done setting SDK workspace  
23:42:44 INFO  : Inferring section assignments and sizes from elf file: A:\COMP_ARCH\PYNQ_Projects\Vivado_prj\Verilog_PL_IP_Projects\Prefetch_master_slave\Prefetch_master_slave.sdk\test_ip\Debug\test_ip.elf
23:42:57 INFO  : Successfully generated A:\COMP_ARCH\PYNQ_Projects\Vivado_prj\Verilog_PL_IP_Projects\Prefetch_master_slave\Prefetch_master_slave.sdk\test_ip\src\lscript.ld.
23:42:57 INFO  : Applying linker script to all configurations of project test_ip.
23:42:57 INFO  : Setting rebuild state to true for all configurations of project test_ip.
23:43:45 INFO  : Connected to target on host '127.0.0.1' and port '3121'.
23:43:47 INFO  : 'targets -set -filter {jtag_cable_name =~ "Xilinx PYNQ-Z1 003017A6E019A" && level==0} -index 1' command is executed.
23:43:49 INFO  : FPGA configured successfully with bitstream "A:/COMP_ARCH/PYNQ_Projects/Vivado_prj/Verilog_PL_IP_Projects/Prefetch_master_slave/Prefetch_master_slave.sdk/design_1_wrapper_hw_platform_0/design_1_wrapper.bit"
23:44:13 INFO  : ps7_init is completed.
23:44:13 INFO  : ps7_post_config is completed.
23:44:14 INFO  : Processor reset is completed for ps7_cortexa9_0
23:46:59 ERROR : Unexpected error while parsing XMD response ?: com.google.gson.JsonSyntaxException: com.google.gson.stream.MalformedJsonException: invalid number or unquoted string near 
12:02:26 INFO  : Registering command handlers for SDK TCF services
12:02:27 INFO  : Launching XSCT server: xsct.bat -interactive A:\COMP_ARCH\PYNQ_Projects\Vivado_prj\Verilog_PL_IP_Projects\Prefetch_master_slave\Prefetch_master_slave.sdk\temp_xsdb_launch_script.tcl
12:02:37 INFO  : XSCT server has started successfully.
12:02:37 INFO  : Successfully done setting XSCT server connection channel  
12:02:43 INFO  : Successfully done setting SDK workspace  
12:06:16 INFO  : Connected to target on host '127.0.0.1' and port '3121'.
12:06:17 INFO  : 'targets -set -filter {jtag_cable_name =~ "Xilinx PYNQ-Z1 003017A6E019A" && level==0} -index 1' command is executed.
12:06:20 INFO  : FPGA configured successfully with bitstream "A:/COMP_ARCH/PYNQ_Projects/Vivado_prj/Verilog_PL_IP_Projects/Prefetch_master_slave/Prefetch_master_slave.sdk/design_1_wrapper_hw_platform_0/design_1_wrapper.bit"
12:06:42 INFO  : ps7_init is completed.
12:06:42 INFO  : ps7_post_config is completed.
12:06:43 INFO  : Processor reset is completed for ps7_cortexa9_0
13:21:05 ERROR : Unexpected error while parsing XMD response ?: com.google.gson.JsonSyntaxException: com.google.gson.stream.MalformedJsonException: invalid number or unquoted string near 
