#-----------------------------------------------------------
# xsim v2016.3 (64-bit)
# SW Build 1682563 on Mon Oct 10 19:07:27 MDT 2016
# IP Build 1681267 on Mon Oct 10 21:28:31 MDT 2016
# Start of session at: Thu Mar 26 12:08:49 2020
# Process ID: 18736
# Current directory: A:/COMP_ARCH/PYNQ_Projects/HLS_proj/proj_2_ocm/ocm_try/solution1/sim/verilog
# Command line: xsim.exe -mode tcl -source {xsim.dir/read_ocm/xsim_script.tcl}
# Log file: A:/COMP_ARCH/PYNQ_Projects/HLS_proj/proj_2_ocm/ocm_try/solution1/sim/verilog/xsim.log
# Journal file: A:/COMP_ARCH/PYNQ_Projects/HLS_proj/proj_2_ocm/ocm_try/solution1/sim/verilog\xsim.jou
#-----------------------------------------------------------
source xsim.dir/read_ocm/xsim_script.tcl
# xsim {read_ocm} -autoloadwcfg -tclbatch {read_ocm.tcl}
Vivado Simulator 2016.3
Time resolution is 1 ps
source read_ocm.tcl
## run all
////////////////////////////////////////////////////////////////////////////////////
// Inter-Transaction Progress: Completed Transaction / Total Transaction
// Intra-Transaction Progress: Measured Latency / Latency Estimation * 100%
//
// RTL Simulation : "Inter-Transaction Progress" ["Intra-Transaction Progress"] @ "Simulation Time"
////////////////////////////////////////////////////////////////////////////////////
// RTL Simulation : 0 / 1 [0.00%] @ "125000"
// RTL Simulation : 1 / 1 [0.00%] @ "765000"
////////////////////////////////////////////////////////////////////////////////////
$finish called at time : 805 ns : File "A:/COMP_ARCH/PYNQ_Projects/HLS_proj/proj_2_ocm/ocm_try/solution1/sim/verilog/read_ocm.autotb.v" Line 528
## quit
INFO: [Common 17-206] Exiting xsim at Thu Mar 26 12:09:03 2020...
